"avg_k11-rfile"
"Iteration" "avg_k11"
("Iteration" "avg_k11")
1 0.0001000000001588565
2 0.0001000000001588565
3 0.0001000000001588565
4 0.0001000000001588565
5 0.0001000000001588565
6 0.0001000000001588565
7 0.0001000000001588565
8 0.0001000000001588565
9 0.0001000000001588565
10 0.0001000000001588565
11 0.0001000000001588565
12 0.0001000000001588565
13 0.0001000000001588565
14 0.0001000000001588565
15 0.0001000000001588565
16 0.0001000000001588565
17 0.0001000000001588565
18 0.0001000000001588565
19 0.0001000000001588565
20 0.0001000000001588565
21 0.0001000000001588565
22 0.0001000000001588565
23 0.0001000000001588565
24 0.0001000000001588565
25 0.0001000000001588565
26 0.0001000000001588565
27 0.0001000000001588565
28 0.0001000000001588565
29 0.0001000000001588565
30 0.0001000000001588565
31 0.0001000000001588565
32 0.0001000000001588565
33 0.0001000000001588565
34 0.0001000000001588565
35 0.0001000000001588565
36 0.0001000000001588565
37 0.0001000000001588565
38 0.0001000000001588565
39 0.0001000000001588565
40 0.0001000000001588565
41 0.0001000000001588565
42 0.0001000000001588565
43 0.0001000000001588565
44 0.0001000000001588565
45 0.0001000000001588565
46 0.0001000000001588565
47 0.0001000000001588565
48 0.0001000000001588565
49 0.0001000000001588565
50 0.0001000000001588565
51 0.0001000000001588565
52 0.0001000000001588565
53 0.0001000000001588565
54 0.0001000000001588565
55 0.0001000000001588565
56 0.0001000000001588565
57 0.0001000000001588565
58 0.0001000000001588565
59 0.0001000000001588565
60 0.0001000000001588565
61 0.0001000000001588565
62 0.0001000000001588565
63 0.0001000000001588565
64 0.0001000000001588565
65 0.0001000000001588565
66 0.0001000000001588565
67 0.0001000000001588565
68 0.0001000000001588565
69 0.0001000000001588565
70 0.0001000000001588565
71 0.0001000000001588565
72 0.0001000000001588565
73 0.0001000000001588565
74 0.0001000000001588565
75 0.0001000000001588565
76 0.0001000000001588565
77 0.0001000000001588565
78 0.0001000000001588565
79 0.0001000000001588565
80 0.0001000000001588565
81 0.0001000000001588565
82 0.0001000000001588565
83 0.0001000000001588565
84 0.0001000000001588565
85 0.0001000000001588565
86 0.0001000000001588565
87 0.0001000000001588565
88 0.0001000000001588565
89 0.0001000000001588565
90 0.0001000000001588565
91 0.0001000000001588565
92 0.0001000000001588565
93 0.0001000000001588565
94 0.0001000000001588565
95 0.0001000000001588565
96 0.0001000000001588565
97 0.0001000000001588565
98 0.0001000000001588565
99 0.0001000000001588565
100 0.0001000000001588565
101 0.0001000000001588565
102 0.0001000000001588565
103 0.0001000000001588565
104 0.0001000000001588565
105 0.0001000000001588565
106 0.0001000000001588565
107 0.0001000000001588565
108 0.0001000000001588565
109 0.0001000000001588565
110 0.0001000000001588565
111 0.0001000000001588565
112 0.0001000000001588565
113 0.0001000000001588565
114 0.0001000000001588565
115 0.0001000000001588565
116 0.0001000000001588565
117 0.0001000000001588565
118 0.0001000000001588565
119 0.0001000000001588565
120 0.0001000000001588565
121 0.0001000000001588565
122 0.0001000000001588565
123 0.0001000000001588565
124 0.0001000000001588565
125 0.0001000000001588565
126 0.0001000000001588565
127 0.0001000000001588565
128 0.0001000000001588565
129 0.0001000000001588565
130 0.0001000000001588565
131 0.0001000000001588565
132 0.0001000000001588565
133 0.0001000000001588565
134 0.0001000000001588565
135 0.0001000000001588565
136 0.0001000000001588565
137 0.0001000000001588565
138 0.0001000000001588565
139 0.0001000000001588565
140 0.0001000000001588565
141 0.0001000000001588565
142 0.0001000000001588565
143 0.0001000000001588565
144 0.0001000000001588565
145 0.0001000000001588565
146 0.0001000000001588565
147 0.0001000000001588565
148 0.0001000000001588565
149 0.0001000000001588565
150 0.0001000000001588565
151 0.0001000000001588565
152 0.0001000000001588565
153 0.0001000000001588565
154 0.0001000000001588565
155 0.0001000000001588565
156 0.0001000000001588565
157 0.0001000000001588565
158 0.0001000000001588565
159 0.0001000000001588565
160 0.0001000000001588565
161 0.0001000000001588565
162 0.0001000000001588565
163 0.0001000000001588565
164 0.0001000000001588565
165 0.0001000000001588565
166 0.0001000000001588565
167 0.0001000000001588565
168 0.0001000000001588565
169 0.0001000000001588565
170 0.0001000000001588565
171 0.0001000000001588565
172 0.0001000000001588565
173 0.0001000000001588565
174 0.0001000000001588565
175 0.0001000000001588565
176 0.0001000000001588565
177 0.0001000000001588565
178 0.0001000000001588565
179 0.0001000000001588565
180 0.0001000000001588565
181 0.0001000000001588565
182 0.0001000000001588565
183 0.0001000000001588565
184 0.0001000000001588565
185 0.0001000000001588565
186 0.0001000000001588565
187 0.0001000000001588565
188 0.0001000000001588565
189 0.0001000000001588565
190 0.0001000000001588565
191 0.0001000000001588565
192 0.0001000000001588565
193 0.0001000000001588565
194 0.0001000000001588565
195 0.0001000000001588565
196 0.0001000000001588565
197 0.0001000000001588565
198 0.0001000000001588565
199 0.0001000000001588565
200 0.0001000000001588565
201 0.0001000000001588565
202 0.0001000000001588565
203 0.0001000000001588565
204 0.0001000000001588565
205 0.0001000000001588565
206 0.0001000000001588565
207 0.0001000000001588565
208 0.0001000000001588565
209 0.0001000000001588565
210 0.0001000000001588565
211 0.0001000000001588565
212 0.0001000000001588565
213 0.0001000000001588565
214 0.0001000000001588565
215 0.0001000000001588565
216 0.0001000000001588565
217 0.0001000000001588565
218 0.0001000000001588565
219 0.0001000000001588565
220 0.0001000000001588565
221 0.0001000000001588565
222 0.0001000000001588565
223 0.0001000000001588565
224 0.0001000000001588565
225 0.0001000000001588565
226 0.0001000000001588565
227 0.0001000000001588565
228 0.0001000000001588565
229 0.0001000000001588565
230 0.0001000000001588565
231 0.0001000000001588565
232 0.0001000000001588565
233 0.0001000000001588565
234 0.0001000000001588565
235 0.0001000000001588565
236 0.0001000000001588565
237 0.0001000000001588565
238 0.0001000000001588565
239 0.0001000000001588565
240 0.0001000000001588565
241 0.0001000000001588565
242 0.0001000000001588565
243 0.0001000000001588565
244 0.0001000000001588565
245 0.0001000000001588565
246 0.0001000000001588565
247 0.0001000000001588565
248 0.0001000000001588565
249 0.0001000000001588565
250 0.0001000000001588565
251 0.0001000000001588565
252 0.0001000000001588565
253 0.0001000000001588565
254 0.0001000000001588565
255 0.0001000000001588565
256 0.0001000000001588565
257 0.0001000000001588565
258 0.0001000000001588565
259 0.0001000000001588565
260 0.0001000000001588565
261 0.0001000000001588565
262 0.0001000000001588565
263 0.0001000000001588565
264 0.0001000000001588565
265 0.0001000000001588565
266 0.0001000000001588565
267 0.0001000000001588565
268 0.0001000000001588565
269 0.0001000000001588565
270 0.0001000000001588565
271 0.0001000000001588565
272 0.0001000000001588565
273 0.0001000000001588565
274 0.0001000000001588565
275 0.0001000000001588565
276 0.0001000000001588565
277 0.0001000000001588565
278 0.0001000000001588565
279 0.0001000000001588565
280 0.0001000000001588565
281 0.0001000000001588565
282 0.0001000000001588565
283 0.0001000000001588565
284 0.0001000000001588565
285 0.0001000000001588565
286 0.0001000000001588565
287 0.0001000000001588565
288 0.0001000000001588565
289 0.0001000000001588565
290 0.0001000000001588565
291 0.0001000000001588565
292 0.0001000000001588565
293 0.0001000000001588565
294 0.0001000000001588565
295 0.0001000000001588565
296 0.0001000000001588565
297 0.0001000000001588565
298 0.0001000000001588565
299 0.0001000000001588565
300 0.0001000000001588565
301 0.0001000000001588565
302 0.0001000000001588565
303 0.0001000000001588565
304 0.0001000000001588565
305 0.0001000000001588565
306 0.0001000000001588565
307 0.0001000000001588565
308 0.0001000000001588565
309 0.0001000000001588565
310 0.0001000000001588565
311 0.0001000000001588565
312 0.0001000000001588565
313 0.0001000000001588565
314 0.0001000000001588565
315 0.0001000000001588565
316 0.0001000000001588565
317 0.0001000000001588565
318 0.0001000000001588565
319 0.0001000000001588565
320 0.0001000000001588565
321 0.0001000000001588565
322 0.0001000000001588565
323 0.0001000000001588565
324 0.0001000000001588565
325 0.0001000000001588565
326 0.0001000000001588565
327 0.0001000000001588565
328 0.0001000000001588565
329 0.0001000000001588565
330 0.0001000000001588565
331 0.0001000000001588565
332 0.0001000000001588565
333 0.0001000000001588565
334 0.0001000000001588565
335 0.0001000000001588565
336 0.0001000000001588565
337 0.0001000000001588565
338 0.0001000000001588565
339 0.0001000000001588565
340 0.0001000000001588565
341 0.0001000000001588565
342 0.0001000000001588565
343 0.0001000000001588565
344 0.0001000000001588565
345 0.0001000000001588565
346 0.0001000000001588565
347 0.0001000000001588565
348 0.0001000000001588565
349 0.0001000000001588565
350 0.0001000000001588565
351 0.0001000000001588565
352 0.0001000000001588565
353 0.0001000000001588565
354 0.0001000000001588565
355 0.0001000000001588565
356 0.0001000000001588565
357 0.0001000000001588565
358 0.0001000000001588565
359 0.0001000000001588565
360 0.0001000000001588565
361 0.0001000000001588565
362 0.0001000000001588565
363 0.0001000000001588565
364 0.0001000000001588565
365 0.0001000000001588565
366 0.0001000000001588565
367 0.0001000000001588565
368 0.0001000000001588565
369 0.0001000000001588565
370 0.0001000000001588565
371 0.0001000000001588565
372 0.0001000000001588565
373 0.0001000000001588565
374 0.0001000000001588565
375 0.0001000000001588565
376 0.0001000000001588565
377 0.0001000000001588565
378 0.0001000000001588565
379 0.0001000000001588565
380 0.0001000000001588565
381 0.0001000000001588565
382 0.0001000000001588565
383 0.0001000000001588565
384 0.0001000000001588565
385 0.0001000000001588565
386 0.0001000000001588565
387 0.0001000000001588565
388 0.0001000000001588565
389 0.0001000000001588565
390 0.0001000000001588565
391 0.0001000000001588565
392 0.0001000000001588565
393 0.0001000000001588565
394 0.0001000000001588565
395 0.0001000000001588565
396 0.0001000000001588565
397 0.0001000000001588565
398 0.0001000000001588565
399 0.0001000000001588565
400 0.0001000000001588565
401 0.0001000000001588565
402 0.0001000000001588565
403 0.0001000000001588565
404 0.0001000000001588565
405 0.0001000000001588565
406 0.0001000000001588565
407 0.0001000000001588565
408 0.0001000000001588565
409 0.0001000000001588565
410 0.0001000000001588565
411 0.0001000000001588565
412 0.0001000000001588565
413 0.0001000000001588565
414 0.0001000000001588565
415 0.0001000000001588565
416 0.0001000000001588565
417 0.0001000000001588565
418 0.0001000000001588565
419 0.0001000000001588565
420 0.0001000000001588565
421 0.0001000000001588565
422 0.0001000000001588565
423 0.0001000000001588565
424 0.0001000000001588565
425 0.0001000000001588565
426 0.0001000000001588565
427 0.0001000000001588565
428 0.0001000000001588565
429 0.0001000000001588565
430 0.0001000000001588565
431 0.0001000000001588565
432 0.0001000000001588565
433 0.0001000000001588565
434 0.0001000000001588565
435 0.0001000000001588565
436 0.0001000000001588565
437 0.0001000000001588565
438 0.0001000000001588565
439 0.0001000000001588565
440 0.0001000000001588565
441 0.0001000000001588565
442 0.0001000000001588565
443 0.0001000000001588565
444 0.0001000000001588565
445 0.0001000000001588565
446 0.0001000000001588565
447 0.0001000000001588565
448 0.0001000000001588565
449 0.0001000000001588565
450 0.0001000000001588565
451 0.0001000000001588565
452 0.0001000000001588565
453 0.0001000000001588565
454 0.0001000000001588565
455 0.0001000000001588565
456 0.0001000000001588565
457 0.0001000000001588565
458 0.0001000000001588565
459 0.0001000000001588565
460 0.0001000000001588565
461 0.0001000000001588565
462 0.0001000000001588565
463 0.0001000000001588565
464 0.0001000000001588565
465 0.0001000000001588565
466 0.0001000000001588565
467 0.0001000000001588565
468 0.0001000000001588565
469 0.0001000000001588565
470 0.0001000000001588565
471 0.0001000000001588565
472 0.0001000000001588565
473 0.0001000000001588565
474 0.0001000000001588565
475 0.0001000000001588565
476 0.0001000000001588565
477 0.0001000000001588565
478 0.0001000000001588565
479 0.0001000000001588565
480 0.0001000000001588565
481 0.0001000000001588565
482 0.0001000000001588565
483 0.0001000000001588565
484 0.0001000000001588565
485 0.0001000000001588565
486 0.0001000000001588565
487 0.0001000000001588565
488 0.0001000000001588565
489 0.0001000000001588565
490 0.0001000000001588565
491 0.0001000000001588565
492 0.0001000000001588565
493 0.0001000000001588565
494 0.0001000000001588565
495 0.0001000000001588565
496 0.0001000000001588565
497 0.0001000000001588565
498 0.0001000000001588565
499 0.0001000000001588565
500 0.0001000000001588565
501 0.0001000000001588565
502 0.0001000000001588565
503 0.0001000000001588565
504 0.0001000000001588565
505 0.0001000000001588565
506 0.0001000000001588565
507 0.0001000000001588565
508 0.0001000000001588565
509 0.0001000000001588565
510 0.0001000000001588565
511 0.0001000000001588565
512 0.0001000000001588565
513 0.0001000000001588565
514 0.0001000000001588565
515 0.0001000000001588565
516 0.0001000000001588565
517 0.0001000000001588565
518 0.0001000000001588565
519 0.0001000000001588565
520 0.0001000000001588565
521 0.0001000000001588565
522 0.0001000000001588565
523 0.0001000000001588565
524 0.0001000000001588565
525 0.0001000000001588565
526 0.0001000000001588565
527 0.0001000000001588565
528 0.0001000000001588565
529 0.0001000000001588565
530 0.0001000000001588565
531 0.0001000000001588565
532 0.0001000000001588565
533 0.0001000000001588565
534 0.0001000000001588565
535 0.0001000000001588565
536 0.0001000000001588565
537 0.0001000000001588565
538 0.0001000000001588565
539 0.0001000000001588565
540 0.0001000000001588565
541 0.0001000000001588565
542 0.0001000000001588565
543 0.0001000000001588565
544 0.0001000000001588565
545 0.0001000000001588565
546 0.0001000000001588565
547 0.0001000000001588565
548 0.0001000000001588565
549 0.0001000000001588565
550 0.0001000000001588565
551 0.0001000000001588565
552 0.0001000000001588565
553 0.0001000000001588565
554 0.0001000000001588565
555 0.0001000000001588565
556 0.0001000000001588565
557 0.0001000000001588565
558 0.0001000000001588565
559 0.0001000000001588565
560 0.0001000000001588565
561 0.0001000000001588565
562 0.0001000000001588565
563 0.0001000000001588565
564 0.0001000000001588565
565 0.0001000000001588565
566 0.0001000000001588565
567 0.0001000000001588565
568 0.0001000000001588565
569 0.0001000000001588565
570 0.0001000000001588565
571 0.0001000000001588565
572 0.0001000000001588565
573 0.0001000000001588565
574 0.0001000000001588565
575 0.0001000000001588565
576 0.0001000000001588565
577 0.0001000000001588565
578 0.0001000000001588565
579 0.0001000000001588565
580 0.0001000000001588565
581 0.0001000000001588565
582 0.0001000000001588565
583 0.0001000000001588565
584 0.0001000000001588565
585 0.0001000000001588565
586 0.0001000000001588565
587 0.0001000000001588565
588 0.0001000000001588565
589 0.0001000000001588565
590 0.0001000000001588565
591 0.0001000000001588565
592 0.0001000000001588565
593 0.0001000000001588565
594 0.0001000000001588565
595 0.0001000000001588565
596 0.0001000000001588565
597 0.0001000000001588565
598 0.0001000000001588565
599 0.0001000000001588565
600 0.0001000000001588565
601 0.0001000000001588565
602 0.0001000000001588565
603 0.0001000000001588565
604 0.0001000000001588565
605 0.0001000000001588565
606 0.0001000000001588565
607 0.0001000000001588565
608 0.0001000000001588565
609 0.0001000000001588565
610 0.0001000000001588565
611 0.0001000000001588565
612 0.0001000000001588565
613 0.0001000000001588565
614 0.0001000000001588565
615 0.0001000000001588565
616 0.0001000000001588565
617 0.0001000000001588565
618 0.0001000000001588565
619 0.0001000000001588565
620 0.0001000000001588565
621 0.0001000000001588565
622 0.0001000000001588565
623 0.0001000000001588565
624 0.0001000000001588565
625 0.0001000000001588565
626 0.0001000000001588565
627 0.0001000000001588565
628 0.0001000000001588565
629 0.0001000000001588565
630 0.0001000000001588565
631 0.0001000000001588565
632 0.0001000000001588565
633 0.0001000000001588565
634 0.0001000000001588565
635 0.0001000000001588565
636 0.0001000000001588565
637 0.0001000000001588565
638 0.0001000000001588565
639 0.0001000000001588565
640 0.0001000000001588565
641 0.0001000000001588565
642 0.0001000000001588565
643 0.0001000000001588565
644 0.0001000000001588565
645 0.0001000000001588565
646 0.0001000000001588565
647 0.0001000000001588565
648 0.0001000000001588565
649 0.0001000000001588565
650 0.0001000000001588565
651 0.0001000000001588565
652 0.0001000000001588565
653 0.0001000000001588565
654 0.0001000000001588565
655 0.0001000000001588565
656 0.0001000000001588565
657 0.0001000000001588565
658 0.0001000000001588565
659 0.0001000000001588565
660 0.0001000000001588565
661 0.0001000000001588565
662 0.0001000000001588565
663 0.0001000000001588565
664 0.0001000000001588565
665 0.0001000000001588565
666 0.0001000000001588565
667 0.0001000000001588565
668 0.0001000000001588565
669 0.0001000000001588565
670 0.0001000000001588565
671 0.0001000000001588565
672 0.0001000000001588565
673 0.0001000000001588565
674 0.0001000000001588565
675 0.0001000000001588565
676 0.0001000000001588565
677 0.0001000000001588565
678 0.0001000000001588565
679 0.0001000000001588565
680 0.0001000000001588565
681 0.0001000000001588565
682 0.0001000000001588565
683 0.0001000000001588565
684 0.0001000000001588565
685 0.0001000000001588565
686 0.0001000000001588565
687 0.0001000000001588565
688 0.0001000000001588565
689 0.0001000000001588565
690 0.0001000000001588565
691 0.0001000000001588565
692 0.0001000000001588565
693 0.0001000000001588565
694 0.0001000000001588565
695 0.0001000000001588565
696 0.0001000000001588565
697 0.0001000000001588565
698 0.0001000000001588565
699 0.0001000000001588565
700 0.0001000000001588565
701 0.0001000000001588565
702 0.0001000000001588565
703 0.0001000000001588565
704 0.0001000000001588565
705 0.0001000000001588565
706 0.0001000000001588565
707 0.0001000000001588565
708 0.0001000000001588565
709 0.0001000000001588565
710 0.0001000000001588565
711 0.0001000000001588565
712 0.0001000000001588565
713 0.0001000000001588565
714 0.0001000000001588565
715 0.0001000000001588565
716 0.0001000000001588565
717 0.0001000000001588565
718 0.0001000000001588565
719 0.0001000000001588565
720 0.0001000000001588565
721 0.0001000000001588565
722 0.0001000000001588565
723 0.0001000000001588565
724 0.0001000000001588565
725 0.0001000000001588565
726 0.0001000000001588565
727 0.0001000000001588565
728 0.0001000000001588565
729 0.0001000000001588565
730 0.0001000000001588565
731 0.0001000000001588565
732 0.0001000000001588565
733 0.0001000000001588565
734 0.0001000000001588565
735 0.0001000000001588565
736 0.0001000000001588565
737 0.0001000000001588565
738 0.0001000000001588565
739 0.0001000000001588565
740 0.0001000000001588565
741 0.0001000000001588565
742 0.0001000000001588565
743 0.0001000000001588565
744 0.0001000000001588565
745 0.0001000000001588565
746 0.0001000000001588565
747 0.0001000000001588565
748 0.0001000000001588565
749 0.0001000000001588565
750 0.0001000000001588565
751 0.0001000000001588565
752 0.0001000000001588565
753 0.0001000000001588565
754 0.0001000000001588565
755 0.0001000000001588565
756 0.0001000000001588565
757 0.0001000000001588565
758 0.0001000000001588565
759 0.0001000000001588565
760 0.0001000000001588565
761 0.0001000000001588565
762 0.0001000000001588565
763 0.0001000000001588565
764 0.0001000000001588565
765 0.0001000000001588565
766 0.0001000000001588565
767 0.0001000000001588565
768 0.0001000000001588565
769 0.0001000000001588565
770 0.0001000000001588565
771 0.0001000000001588565
772 0.0001000000001588565
773 0.0001000000001588565
774 0.0001000000001588565
775 0.0001000000001588565
776 0.0001000000001588565
777 0.0001000000001588565
778 0.0001000000001588565
779 0.0001000000001588565
780 0.0001000000001588565
781 0.0001000000001588565
782 0.0001000000001588565
783 0.0001000000001588565
784 0.0001000000001588565
785 0.0001000000001588565
786 0.0001000000001588565
787 0.0001000000001588565
788 0.0001000000001588565
789 0.0001000000001588565
790 0.0001000000001588565
791 0.0001000000001588565
792 0.0001000000001588565
793 0.0001000000001588565
794 0.0001000000001588565
795 0.0001000000001588565
796 0.0001000000001588565
797 0.0001000000001588565
798 0.0001000000001588565
799 0.0001000000001588565
800 0.0001000000001588565
801 0.0001000000001588565
802 0.0001000000001588565
803 0.0001000000001588565
804 0.0001000000001588565
805 0.0001000000001588565
806 0.0001000000001588565
807 0.0001000000001588565
808 0.0001000000001588565
809 0.0001000000001588565
810 0.0001000000001588565
811 0.0001000000001588565
812 0.0001000000001588565
813 0.0001000000001588565
814 0.0001000000001588565
815 0.0001000000001588565
816 0.0001000000001588565
817 0.0001000000001588565
818 0.0001000000001588565
819 0.0001000000001588565
820 0.0001000000001588565
821 0.0001000000001588565
822 0.0001000000001588565
823 0.0001000000001588565
824 0.0001000000001588565
825 0.0001000000001588565
826 0.0001000000001588565
827 0.0001000000001588565
828 0.0001000000001588565
829 0.0001000000001588565
830 0.0001000000001588565
831 0.0001000000001588565
832 0.0001000000001588565
833 0.0001000000001588565
834 0.0001000000001588565
835 0.0001000000001588565
836 0.0001000000001588565
837 0.0001000000001588565
838 0.0001000000001588565
839 0.0001000000001588565
840 0.0001000000001588565
841 0.0001000000001588565
842 0.0001000000001588565
843 0.0001000000001588565
844 0.0001000000001588565
845 0.0001000000001588565
846 0.0001000000001588565
847 0.0001000000001588565
848 0.0001000000001588565
849 0.0001000000001588565
850 0.0001000000001588565
851 0.0001000000001588565
852 0.0001000000001588565
853 0.0001000000001588565
854 0.0001000000001588565
855 0.0001000000001588565
856 0.0001000000001588565
857 0.0001000000001588565
858 0.0001000000001588565
859 0.0001000000001588565
860 0.0001000000001588565
861 0.0001000000001588565
862 0.0001000000001588565
863 0.0001000000001588565
864 0.0001000000001588565
865 0.0001000000001588565
866 0.0001000000001588565
867 0.0001000000001588565
868 0.0001000000001588565
869 0.0001000000001588565
870 0.0001000000001588565
871 0.0001000000001588565
872 0.0001000000001588565
873 0.0001000000001588565
874 0.0001000000001588565
875 0.0001000000001588565
876 0.0001000000001588565
877 0.0001000000001588565
878 0.0001000000001588565
879 0.0001000000001588565
880 0.0001000000001588565
881 0.0001000000001588565
882 0.0001000000001588565
883 0.0001000000001588565
884 0.0001000000001588565
885 0.0001000000001588565
886 0.0001000000001588565
887 0.0001000000001588565
888 0.0001000000001588565
889 0.0001000000001588565
890 0.0001000000001588565
891 0.0001000000001588565
892 0.0001000000001588565
893 0.0001000000001588565
894 0.0001000000001588565
895 0.0001000000001588565
896 0.0001000000001588565
897 0.0001000000001588565
898 0.0001000000001588565
899 0.0001000000001588565
900 0.0001000000001588565
901 0.0001000000001588565
902 0.0001000000001588565
903 0.0001000000001588565
904 0.0001000000001588565
905 0.0001000000001588565
906 0.0001000000001588565
907 0.0001000000001588565
908 0.0001000000001588565
909 0.0001000000001588565
910 0.0001000000001588565
911 0.0001000000001588565
912 0.0001000000001588565
913 0.0001000000001588565
914 0.0001000000001588565
915 0.0001000000001588565
916 0.0001000000001588565
917 0.0001000000001588565
918 0.0001000000001588565
919 0.0001000000001588565
920 0.0001000000001588565
921 0.0001000000001588565
922 0.0001000000001588565
923 0.0001000000001588565
924 0.0001000000001588565
925 0.0001000000001588565
926 0.0001000000001588565
927 0.0001000000001588565
928 0.0001000000001588565
929 0.0001000000001588565
930 0.0001000000001588565
931 0.0001000000001588565
932 0.0001000000001588565
933 0.0001000000001588565
934 0.0001000000001588565
935 0.0001000000001588565
936 0.0001000000001588565
937 0.0001000000001588565
938 0.0001000000001588565
939 0.0001000000001588565
940 0.0001000000001588565
941 0.0001000000001588565
942 0.0001000000001588565
943 0.0001000000001588565
944 0.0001000000001588565
945 0.0001000000001588565
946 0.0001000000001588565
947 0.0001000000001588565
948 0.0001000000001588565
949 0.0001000000001588565
950 0.0001000000001588565
951 0.0001000000001588565
952 0.0001000000001588565
953 0.0001000000001588565
954 0.0001000000001588565
955 0.0001000000001588565
956 0.0001000000001588565
957 0.0001000000001588565
958 0.0001000000001588565
959 0.0001000000001588565
960 0.0001000000001588565
961 0.0001000000001588565
962 0.0001000000001588565
963 0.0001000000001588565
964 0.0001000000001588565
965 0.0001000000001588565
966 0.0001000000001588565
967 0.0001000000001588565
968 0.0001000000001588565
969 0.0001000000001588565
970 0.0001000000001588565
971 0.0001000000001588565
972 0.0001000000001588565
973 0.0001000000001588565
974 0.0001000000001588565
975 0.0001000000001588565
976 0.0001000000001588565
977 0.0001000000001588565
978 0.0001000000001588565
979 0.0001000000001588565
980 0.0001000000001588565
981 0.0001000000001588565
982 0.0001000000001588565
983 0.0001000000001588565
984 0.0001000000001588565
985 0.0001000000001588565
986 0.0001000000001588565
987 0.0001000000001588565
988 0.0001000000001588565
989 0.0001000000001588565
990 0.0001000000001588565
991 0.0001000000001588565
992 0.0001000000001588565
993 0.0001000000001588565
994 0.0001000000001588565
995 0.0001000000001588565
996 0.0001000000001588565
997 0.0001000000001588565
998 0.0001000000001588565
999 0.0001000000001588565
1000 0.0001000000001588565
1001 0.0001000000001588565
1002 0.0001000000001588565
1003 0.0001000000001588565
1004 0.0001000000001588565
1005 0.0001000000001588565
1006 0.0001000000001588565
1007 0.0001000000001588565
1008 0.0001000000001588565
1009 0.0001000000001588565
1010 0.0001000000001588565
1011 0.0001000000001588565
1012 0.0001000000001588565
1013 0.0001000000001588565
1014 0.0001000000001588565
1015 0.0001000000001588565
1016 0.0001000000001588565
1017 0.0001000000001588565
1018 0.0001000000001588565
1019 0.0001000000001588565
1020 0.0001000000001588565
1021 0.0001000000001588565
1022 0.0001000000001588565
1023 0.0001000000001588565
1024 0.0001000000001588565
1025 0.0001000000001588565
1026 0.0001000000001588565
1027 0.0001000000001588565
1028 0.0001000000001588565
1029 0.0001000000001588565
1030 0.0001000000001588565
1031 0.0001000000001588565
1032 0.0001000000001588565
1033 0.0001000000001588565
1034 0.0001000000001588565
1035 0.0001000000001588565
1036 0.0001000000001588565
1037 0.0001000000001588565
1038 0.0001000000001588565
1039 0.0001000000001588565
1040 0.0001000000001588565
1041 0.0001000000001588565
1042 0.0001000000001588565
1043 0.0001000000001588565
1044 0.0001000000001588565
1045 0.0001000000001588565
1046 0.0001000000001588565
1047 0.0001000000001588565
1048 0.0001000000001588565
1049 0.0001000000001588565
1050 0.0001000000001588565
1051 0.0001000000001588565
1052 0.0001000000001588565
1053 0.0001000000001588565
1054 0.0001000000001588565
1055 0.0001000000001588565
1056 0.0001000000001588565
1057 0.0001000000001588565
1058 0.0001000000001588565
1059 0.0001000000001588565
1060 0.0001000000001588565
1061 0.0001000000001588565
1062 0.0001000000001588565
1063 0.0001000000001588565
1064 0.0001000000001588565
1065 0.0001000000001588565
1066 0.0001000000001588565
1067 0.0001000000001588565
1068 0.0001000000001588565
1069 0.0001000000001588565
1070 0.0001000000001588565
1071 0.0001000000001588565
1072 0.0001000000001588565
1073 0.0001000000001588565
1074 0.0001000000001588565
1075 0.0001000000001588565
1076 0.0001000000001588565
1077 0.0001000000001588565
1078 0.0001000000001588565
1079 0.0001000000001588565
1080 0.0001000000001588565
1081 0.0001000000001588565
1082 0.0001000000001588565
1083 0.0001000000001588565
1084 0.0001000000001588565
1085 0.0001000000001588565
1086 0.0001000000001588565
1087 0.0001000000001588565
1088 0.0001000000001588565
1089 0.0001000000001588565
1090 0.0001000000001588565
1091 0.0001000000001588565
1092 0.0001000000001588565
1093 0.0001000000001588565
1094 0.0001000000001588565
1095 0.0001000000001588565
1096 0.0001000000001588565
1097 0.0001000000001588565
1098 0.0001000000001588565
1099 0.0001000000001588565
1100 0.0001000000001588565
1101 0.0001000000001588565
1102 0.0001000000001588565
1103 0.0001000000001588565
1104 0.0001000000001588565
1105 0.0001000000001588565
1106 0.0001000000001588565
1107 0.0001000000001588565
1108 0.0001000000001588565
1109 0.0001000000001588565
1110 0.0001000000001588565
1111 0.0001000000001588565
1112 0.0001000000001588565
1113 0.0001000000001588565
1114 0.0001000000001588565
1115 0.0001000000001588565
1116 0.0001000000001588565
1117 0.0001000000001588565
1118 0.0001000000001588565
1119 0.0001000000001588565
1120 0.0001000000001588565
1121 0.0001000000001588565
1122 0.0001000000001588565
1123 0.0001000000001588565
1124 0.0001000000001588565
1125 0.0001000000001588565
1126 0.0001000000001588565
1127 0.0001000000001588565
1128 0.0001000000001588565
1129 0.0001000000001588565
1130 0.0001000000001588565
1131 0.0001000000001588565
1132 0.0001000000001588565
1133 0.0001000000001588565
1134 0.0001000000001588565
1135 0.0001000000001588565
1136 0.0001000000001588565
1137 0.0001000000001588565
1138 0.0001000000001588565
1139 0.0001000000001588565
1140 0.0001000000001588565
1141 0.0001000000001588565
1142 0.0001000000001588565
1143 0.0001000000001588565
1144 0.0001000000001588565
1145 0.0001000000001588565
1146 0.0001000000001588565
1147 0.0001000000001588565
1148 0.0001000000001588565
1149 0.0001000000001588565
1150 0.0001000000001588565
1151 0.0001000000001588565
1152 0.0001000000001588565
1153 0.0001000000001588565
1154 0.0001000000001588565
1155 0.0001000000001588565
1156 0.0001000000001588565
1157 0.0001000000001588565
1158 0.0001000000001588565
1159 0.0001000000001588565
1160 0.0001000000001588565
1161 0.0001000000001588565
1162 0.0001000000001588565
1163 0.0001000000001588565
1164 0.0001000000001588565
1165 0.0001000000001588565
1166 0.0001000000001588565
1167 0.0001000000001588565
1168 0.0001000000001588565
1169 0.0001000000001588565
1170 0.0001000000001588565
1171 0.0001000000001588565
1172 0.0001000000001588565
1173 0.0001000000001588565
1174 0.0001000000001588565
1175 0.0001000000001588565
1176 0.0001000000001588565
1177 0.0001000000001588565
1178 0.0001000000001588565
1179 0.0001000000001588565
1180 0.0001000000001588565
1181 0.0001000000001588565
1182 0.0001000000001588565
1183 0.0001000000001588565
1184 0.0001000000001588565
1185 0.0001000000001588565
1186 0.0001000000001588565
1187 0.0001000000001588565
1188 0.0001000000001588565
1189 0.0001000000001588565
1190 0.0001000000001588565
1191 0.0001000000001588565
1192 0.0001000000001588565
1193 0.0001000000001588565
1194 0.0001000000001588565
1195 0.0001000000001588565
1196 0.0001000000001588565
1197 0.0001000000001588565
1198 0.0001000000001588565
1199 0.0001000000001588565
1200 0.0001000000001588565
1201 0.0001000000001588565
1202 0.0001000000001588565
1203 0.0001000000001588565
1204 0.0001000000001588565
1205 0.0001000000001588565
1206 0.0001000000001588565
1207 0.0001000000001588565
1208 0.0001000000001588565
1209 0.0001000000001588565
1210 0.0001000000001588565
1211 0.0001000000001588565
1212 0.0001000000001588565
1213 0.0001000000001588565
1214 0.0001000000001588565
1215 0.0001000000001588565
1216 0.0001000000001588565
1217 0.0001000000001588565
1218 0.0001000000001588565
1219 0.0001000000001588565
1220 0.0001000000001588565
1221 0.0001000000001588565
1222 0.0001000000001588565
1223 0.0001000000001588565
1224 0.0001000000001588565
1225 0.0001000000001588565
1226 0.0001000000001588565
1227 0.0001000000001588565
1228 0.0001000000001588565
1229 0.0001000000001588565
1230 0.0001000000001588565
1231 0.0001000000001588565
1232 0.0001000000001588565
1233 0.0001000000001588565
1234 0.0001000000001588565
1235 0.0001000000001588565
1236 0.0001000000001588565
1237 0.0001000000001588565
1238 0.0001000000001588565
1239 0.0001000000001588565
1240 0.0001000000001588565
1241 0.0001000000001588565
1242 0.0001000000001588565
1243 0.0001000000001588565
1244 0.0001000000001588565
1245 0.0001000000001588565
1246 0.0001000000001588565
1247 0.0001000000001588565
1248 0.0001000000001588565
1249 0.0001000000001588565
1250 0.0001000000001588565
1251 0.0001000000001588565
1252 0.0001000000001588565
1253 0.0001000000001588565
1254 0.0001000000001588565
1255 0.0001000000001588565
1256 0.0001000000001588565
1257 0.0001000000001588565
1258 0.0001000000001588565
1259 0.0001000000001588565
1260 0.0001000000001588565
1261 0.0001000000001588565
1262 0.0001000000001588565
1263 0.0001000000001588565
1264 0.0001000000001588565
1265 0.0001000000001588565
1266 0.0001000000001588565
1267 0.0001000000001588565
1268 0.0001000000001588565
1269 0.0001000000001588565
1270 0.0001000000001588565
1271 0.0001000000001588565
1272 0.0001000000001588565
1273 0.0001000000001588565
1274 0.0001000000001588565
1275 0.0001000000001588565
1276 0.0001000000001588565
1277 0.0001000000001588565
1278 0.0001000000001588565
1279 0.0001000000001588565
1280 0.0001000000001588565
1281 0.0001000000001588565
1282 0.0001000000001588565
1283 0.0001000000001588565
1284 0.0001000000001588565
1285 0.0001000000001588565
1286 0.0001000000001588565
1287 0.0001000000001588565
1288 0.0001000000001588565
1289 0.0001000000001588565
1290 0.0001000000001588565
1291 0.0001000000001588565
1292 0.0001000000001588565
1293 0.0001000000001588565
1294 0.0001000000001588565
1295 0.0001000000001588565
1296 0.0001000000001588565
1297 0.0001000000001588565
1298 0.0001000000001588565
1299 0.0001000000001588565
1300 0.0001000000001588565
1301 0.0001000000001588565
1302 0.0001000000001588565
1303 0.0001000000001588565
1304 0.0001000000001588565
1305 0.0001000000001588565
1306 0.0001000000001588565
1307 0.0001000000001588565
1308 0.0001000000001588565
1309 0.0001000000001588565
1310 0.0001000000001588565
1311 0.0001000000001588565
1312 0.0001000000001588565
1313 0.0001000000001588565
1314 0.0001000000001588565
1315 0.0001000000001588565
1316 0.0001000000001588565
1317 0.0001000000001588565
1318 0.0001000000001588565
1319 0.0001000000001588565
1320 0.0001000000001588565
1321 0.0001000000001588565
1322 0.0001000000001588565
1323 0.0001000000001588565
1324 0.0001000000001588565
1325 0.0001000000001588565
1326 0.0001000000001588565
1327 0.0001000000001588565
1328 0.0001000000001588565
1329 0.0001000000001588565
1330 0.0001000000001588565
1331 0.0001000000001588565
1332 0.0001000000001588565
1333 0.0001000000001588565
1334 0.0001000000001588565
1335 0.0001000000001588565
1336 0.0001000000001588565
1337 0.0001000000001588565
1338 0.0001000000001588565
1339 0.0001000000001588565
1340 0.0001000000001588565
1341 0.0001000000001588565
1342 0.0001000000001588565
1343 0.0001000000001588565
1344 0.0001000000001588565
1345 0.0001000000001588565
1346 0.0001000000001588565
1347 0.0001000000001588565
1348 0.0001000000001588565
1349 0.0001000000001588565
1350 0.0001000000001588565
1351 0.0001000000001588565
1352 0.0001000000001588565
1353 0.0001000000001588565
1354 0.0001000000001588565
1355 0.0001000000001588565
1356 0.0001000000001588565
1357 0.0001000000001588565
1358 0.0001000000001588565
1359 0.0001000000001588565
1360 0.0001000000001588565
1361 0.0001000000001588565
1362 0.0001000000001588565
1363 0.0001000000001588565
1364 0.0001000000001588565
1365 0.0001000000001588565
1366 0.0001000000001588565
1367 0.0001000000001588565
1368 0.0001000000001588565
1369 0.0001000000001588565
1370 0.0001000000001588565
1371 0.0001000000001588565
1372 0.0001000000001588565
1373 0.0001000000001588565
1374 0.0001000000001588565
1375 0.0001000000001588565
1376 0.0001000000001588565
1377 0.0001000000001588565
1378 0.0001000000001588565
1379 0.0001000000001588565
1380 0.0001000000001588565
1381 0.0001000000001588565
1382 0.0001000000001588565
1383 0.0001000000001588565
1384 0.0001000000001588565
1385 0.0001000000001588565
1386 0.0001000000001588565
1387 0.0001000000001588565
1388 0.0001000000001588565
1389 0.0001000000001588565
1390 0.0001000000001588565
1391 0.0001000000001588565
1392 0.0001000000001588565
1393 0.0001000000001588565
1394 0.0001000000001588565
1395 0.0001000000001588565
1396 0.0001000000001588565
1397 0.0001000000001588565
1398 0.0001000000001588565
1399 0.0001000000001588565
1400 0.0001000000001588565
1401 0.0001000000001588565
1402 0.0001000000001588565
1403 0.0001000000001588565
1404 0.0001000000001588565
1405 0.0001000000001588565
1406 0.0001000000001588565
1407 0.0001000000001588565
1408 0.0001000000001588565
1409 0.0001000000001588565
1410 0.0001000000001588565
1411 0.0001000000001588565
1412 0.0001000000001588565
1413 0.0001000000001588565
1414 0.0001000000001588565
1415 0.0001000000001588565
1416 0.0001000000001588565
1417 0.0001000000001588565
1418 0.0001000000001588565
1419 0.0001000000001588565
1420 0.0001000000001588565
1421 0.0001000000001588565
1422 0.0001000000001588565
1423 0.0001000000001588565
1424 0.0001000000001588565
1425 0.0001000000001588565
1426 0.0001000000001588565
1427 0.0001000000001588565
1428 0.0001000000001588565
1429 0.0001000000001588565
1430 0.0001000000001588565
1431 0.0001000000001588565
1432 0.0001000000001588565
1433 0.0001000000001588565
1434 0.0001000000001588565
1435 0.0001000000001588565
1436 0.0001000000001588565
1437 0.0001000000001588565
1438 0.0001000000001588565
1439 0.0001000000001588565
1440 0.0001000000001588565
1441 0.0001000000001588565
1442 0.0001000000001588565
1443 0.0001000000001588565
1444 0.0001000000001588565
1445 0.0001000000001588565
1446 0.0001000000001588565
1447 0.0001000000001588565
1448 0.0001000000001588565
1449 0.0001000000001588565
1450 0.0001000000001588565
1451 0.0001000000001588565
1452 0.0001000000001588565
1453 0.0001000000001588565
1454 0.0001000000001588565
1455 0.0001000000001588565
1456 0.0001000000001588565
1457 0.0001000000001588565
1458 0.0001000000001588565
1459 0.0001000000001588565
1460 0.0001000000001588565
1461 0.0001000000001588565
1462 0.0001000000001588565
1463 0.0001000000001588565
1464 0.0001000000001588565
1465 0.0001000000001588565
1466 0.0001000000001588565
1467 0.0001000000001588565
1468 0.0001000000001588565
1469 0.0001000000001588565
1470 0.0001000000001588565
1471 0.0001000000001588565
1472 0.0001000000001588565
1473 0.0001000000001588565
1474 0.0001000000001588565
1475 0.0001000000001588565
1476 0.0001000000001588565
1477 0.0001000000001588565
1478 0.0001000000001588565
1479 0.0001000000001588565
1480 0.0001000000001588565
1481 0.0001000000001588565
1482 0.0001000000001588565
1483 0.0001000000001588565
1484 0.0001000000001588565
1485 0.0001000000001588565
1486 0.0001000000001588565
1487 0.0001000000001588565
1488 0.0001000000001588565
1489 0.0001000000001588565
1490 0.0001000000001588565
1491 0.0001000000001588565
1492 0.0001000000001588565
1493 0.0001000000001588565
1494 0.0001000000001588565
1495 0.0001000000001588565
1496 0.0001000000001588565
1497 0.0001000000001588565
1498 0.0001000000001588565
1499 0.0001000000001588565
1500 0.0001000000001588565
1501 0.0001000000001588565
1502 0.0001000000001588565
1503 0.0001000000001588565
1504 0.0001000000001588565
1505 0.0001000000001588565
1506 0.0001000000001588565
1507 0.0001000000001588565
1508 0.0001000000001588565
1509 0.0001000000001588565
1510 0.0001000000001588565
1511 0.0001000000001588565
1512 0.0001000000001588565
1513 0.0001000000001588565
1514 0.0001000000001588565
1515 0.0001000000001588565
1516 0.0001000000001588565
1517 0.0001000000001588565
1518 0.0001000000001588565
1519 0.0001000000001588565
1520 0.0001000000001588565
1521 0.0001000000001588565
1522 0.0001000000001588565
1523 0.0001000000001588565
1524 0.0001000000001588565
1525 0.0001000000001588565
1526 0.0001000000001588565
1527 0.0001000000001588565
1528 0.0001000000001588565
1529 0.0001000000001588565
1530 0.0001000000001588565
1531 0.0001000000001588565
1532 0.0001000000001588565
1533 0.0001000000001588565
1534 0.0001000000001588565
1535 0.0001000000001588565
1536 0.0001000000001588565
1537 0.0001000000001588565
1538 0.0001000000001588565
1539 0.0001000000001588565
1540 0.0001000000001588565
1541 0.0001000000001588565
1542 0.0001000000001588565
1543 0.0001000000001588565
1544 0.0001000000001588565
1545 0.0001000000001588565
1546 0.0001000000001588565
1547 0.0001000000001588565
1548 0.0001000000001588565
1549 0.0001000000001588565
1550 0.0001000000001588565
1551 0.0001000000001588565
1552 0.0001000000001588565
1553 0.0001000000001588565
1554 0.0001000000001588565
1555 0.0001000000001588565
1556 0.0001000000001588565
1557 0.0001000000001588565
1558 0.0001000000001588565
1559 0.0001000000001588565
1560 0.0001000000001588565
1561 0.0001000000001588565
1562 0.0001000000001588565
1563 0.0001000000001588565
1564 0.0001000000001588565
1565 0.0001000000001588565
1566 0.0001000000001588565
1567 0.0001000000001588565
1568 0.0001000000001588565
1569 0.0001000000001588565
1570 0.0001000000001588565
1571 0.0001000000001588565
1572 0.0001000000001588565
1573 0.0001000000001588565
1574 0.0001000000001588565
1575 0.0001000000001588565
1576 0.0001000000001588565
1577 0.0001000000001588565
1578 0.0001000000001588565
1579 0.0001000000001588565
1580 0.0001000000001588565
1581 0.0001000000001588565
1582 0.0001000000001588565
1583 0.0001000000001588565
1584 0.0001000000001588565
1585 0.0001000000001588565
1586 0.0001000000001588565
1587 0.0001000000001588565
1588 0.0001000000001588565
1589 0.0001000000001588565
1590 0.0001000000001588565
1591 0.0001000000001588565
1592 0.0001000000001588565
1593 0.0001000000001588565
1594 0.0001000000001588565
1595 0.0001000000001588565
1596 0.0001000000001588565
1597 0.0001000000001588565
1598 0.0001000000001588565
1599 0.0001000000001588565
1600 0.0001000000001588565
1601 0.0001000000001588565
1602 0.0001000000001588565
1603 0.0001000000001588565
1604 0.0001000000001588565
1605 0.0001000000001588565
1606 0.0001000000001588565
1607 0.0001000000001588565
1608 0.0001000000001588565
1609 0.0001000000001588565
1610 0.0001000000001588565
1611 0.0001000000001588565
1612 0.0001000000001588565
1613 0.0001000000001588565
1614 0.0001000000001588565
1615 0.0001000000001588565
1616 0.0001000000001588565
1617 0.0001000000001588565
1618 0.0001000000001588565
1619 0.0001000000001588565
1620 0.0001000000001588565
1621 0.0001000000001588565
1622 0.0001000000001588565
1623 0.0001000000001588565
1624 0.0001000000001588565
1625 0.0001000000001588565
1626 0.0001000000001588565
1627 0.0001000000001588565
1628 0.0001000000001588565
1629 0.0001000000001588565
1630 0.0001000000001588565
1631 0.0001000000001588565
1632 0.0001000000001588565
1633 0.0001000000001588565
1634 0.0001000000001588565
1635 0.0001000000001588565
1636 0.0001000000001588565
1637 0.0001000000001588565
1638 0.0001000000001588565
1639 0.0001000000001588565
1640 0.0001000000001588565
1641 0.0001000000001588565
1642 0.0001000000001588565
1643 0.0001000000001588565
1644 0.0001000000001588565
1645 0.0001000000001588565
1646 0.0001000000001588565
1647 0.0001000000001588565
1648 0.0001000000001588565
1649 0.0001000000001588565
1650 0.0001000000001588565
1651 0.0001000000001588565
1652 0.0001000000001588565
1653 0.0001000000001588565
1654 0.0001000000001588565
1655 0.0001000000001588565
1656 0.0001000000001588565
1657 0.0001000000001588565
1658 0.0001000000001588565
1659 0.0001000000001588565
1660 0.0001000000001588565
1661 0.0001000000001588565
1662 0.0001000000001588565
1663 0.0001000000001588565
1664 0.0001000000001588565
1665 0.0001000000001588565
1666 0.0001000000001588565
1667 0.0001000000001588565
1668 0.0001000000001588565
1669 0.0001000000001588565
1670 0.0001000000001588565
1671 0.0001000000001588565
1672 0.0001000000001588565
1673 0.0001000000001588565
1674 0.0001000000001588565
1675 0.0001000000001588565
1676 0.0001000000001588565
1677 0.0001000000001588565
1678 0.0001000000001588565
1679 0.0001000000001588565
1680 0.0001000000001588565
1681 0.0001000000001588565
1682 0.0001000000001588565
1683 0.0001000000001588565
1684 0.0001000000001588565
1685 0.0001000000001588565
1686 0.0001000000001588565
1687 0.0001000000001588565
1688 0.0001000000001588565
1689 0.0001000000001588565
1690 0.0001000000001588565
1691 0.0001000000001588565
1692 0.0001000000001588565
1693 0.0001000000001588565
1694 0.0001000000001588565
1695 0.0001000000001588565
1696 0.0001000000001588565
1697 0.0001000000001588565
1698 0.0001000000001588565
1699 0.0001000000001588565
1700 0.0001000000001588565
1701 0.0001000000001588565
1702 0.0001000000001588565
1703 0.0001000000001588565
1704 0.0001000000001588565
1705 0.0001000000001588565
1706 0.0001000000001588565
1707 0.0001000000001588565
1708 0.0001000000001588565
1709 0.0001000000001588565
1710 0.0001000000001588565
1711 0.0001000000001588565
1712 0.0001000000001588565
1713 0.0001000000001588565
1714 0.0001000000001588565
1715 0.0001000000001588565
1716 0.0001000000001588565
1717 0.0001000000001588565
1718 0.0001000000001588565
1719 0.0001000000001588565
1720 0.0001000000001588565
1721 0.0001000000001588565
1722 0.0001000000001588565
1723 0.0001000000001588565
1724 0.0001000000001588565
1725 0.0001000000001588565
1726 0.0001000000001588565
1727 0.0001000000001588565
1728 0.0001000000001588565
1729 0.0001000000001588565
1730 0.0001000000001588565
1731 0.0001000000001588565
1732 0.0001000000001588565
1733 0.0001000000001588565
1734 0.0001000000001588565
1735 0.0001000000001588565
1736 0.0001000000001588565
1737 0.0001000000001588565
1738 0.0001000000001588565
1739 0.0001000000001588565
1740 0.0001000000001588565
1741 0.0001000000001588565
1742 0.0001000000001588565
1743 0.0001000000001588565
1744 0.0001000000001588565
1745 0.0001000000001588565
1746 0.0001000000001588565
1747 0.0001000000001588565
1748 0.0001000000001588565
1749 0.0001000000001588565
1750 0.0001000000001588565
1751 0.0001000000001588565
1752 0.0001000000001588565
1753 0.0001000000001588565
1754 0.0001000000001588565
1755 0.0001000000001588565
1756 0.0001000000001588565
1757 0.0001000000001588565
1758 0.0001000000001588565
1759 0.0001000000001588565
1760 0.0001000000001588565
1761 0.0001000000001588565
1762 0.0001000000001588565
1763 0.0001000000001588565
1764 0.0001000000001588565
1765 0.0001000000001588565
1766 0.0001000000001588565
1767 0.0001000000001588565
1768 0.0001000000001588565
1769 0.0001000000001588565
1770 0.0001000000001588565
1771 0.0001000000001588565
1772 0.0001000000001588565
1773 0.0001000000001588565
1774 0.0001000000001588565
1775 0.0001000000001588565
1776 0.0001000000001588565
1777 0.0001000000001588565
1778 0.0001000000001588565
1779 0.0001000000001588565
1780 0.0001000000001588565
1781 0.0001000000001588565
1782 0.0001000000001588565
1783 0.0001000000001588565
1784 0.0001000000001588565
1785 0.0001000000001588565
1786 0.0001000000001588565
1787 0.0001000000001588565
1788 0.0001000000001588565
1789 0.0001000000001588565
1790 0.0001000000001588565
1791 0.0001000000001588565
1792 0.0001000000001588565
1793 0.0001000000001588565
1794 0.0001000000001588565
1795 0.0001000000001588565
1796 0.0001000000001588565
1797 0.0001000000001588565
1798 0.0001000000001588565
1799 0.0001000000001588565
1800 0.0001000000001588565
1801 0.0001000000001588565
1802 0.0001000000001588565
1803 0.0001000000001588565
1804 0.0001000000001588565
1805 0.0001000000001588565
1806 0.0001000000001588565
1807 0.0001000000001588565
1808 0.0001000000001588565
1809 0.0001000000001588565
1810 0.0001000000001588565
1811 0.0001000000001588565
1812 0.0001000000001588565
1813 0.0001000000001588565
1814 0.0001000000001588565
1815 0.0001000000001588565
1816 0.0001000000001588565
1817 0.0001000000001588565
1818 0.0001000000001588565
1819 0.0001000000001588565
1820 0.0001000000001588565
1821 0.0001000000001588565
1822 0.0001000000001588565
1823 0.0001000000001588565
1824 0.0001000000001588565
1825 0.0001000000001588565
1826 0.0001000000001588565
1827 0.0001000000001588565
1828 0.0001000000001588565
1829 0.0001000000001588565
1830 0.0001000000001588565
1831 0.0001000000001588565
1832 0.0001000000001588565
1833 0.0001000000001588565
1834 0.0001000000001588565
1835 0.0001000000001588565
1836 0.0001000000001588565
1837 0.0001000000001588565
1838 0.0001000000001588565
1839 0.0001000000001588565
1840 0.0001000000001588565
1841 0.0001000000001588565
1842 0.0001000000001588565
1843 0.0001000000001588565
1844 0.0001000000001588565
1845 0.0001000000001588565
1846 0.0001000000001588565
1847 0.0001000000001588565
1848 0.0001000000001588565
1849 0.0001000000001588565
1850 0.0001000000001588565
1851 0.0001000000001588565
1852 0.0001000000001588565
1853 0.0001000000001588565
1854 0.0001000000001588565
1855 0.0001000000001588565
1856 0.0001000000001588565
1857 0.0001000000001588565
1858 0.0001000000001588565
1859 0.0001000000001588565
1860 0.0001000000001588565
1861 0.0001000000001588565
1862 0.0001000000001588565
1863 0.0001000000001588565
1864 0.0001000000001588565
1865 0.0001000000001588565
1866 0.0001000000001588565
1867 0.0001000000001588565
1868 0.0001000000001588565
1869 0.0001000000001588565
1870 0.0001000000001588565
1871 0.0001000000001588565
1872 0.0001000000001588565
1873 0.0001000000001588565
1874 0.0001000000001588565
1875 0.0001000000001588565
1876 0.0001000000001588565
1877 0.0001000000001588565
1878 0.0001000000001588565
1879 0.0001000000001588565
1880 0.0001000000001588565
1881 0.0001000000001588565
1882 0.0001000000001588565
1883 0.0001000000001588565
1884 0.0001000000001588565
1885 0.0001000000001588565
1886 0.0001000000001588565
1887 0.0001000000001588565
1888 0.0001000000001588565
1889 0.0001000000001588565
1890 0.0001000000001588565
1891 0.0001000000001588565
1892 0.0001000000001588565
1893 0.0001000000001588565
1894 0.0001000000001588565
1895 0.0001000000001588565
1896 0.0001000000001588565
1897 0.0001000000001588565
1898 0.0001000000001588565
1899 0.0001000000001588565
1900 0.0001000000001588565
1901 0.0001000000001588565
1902 0.0001000000001588565
1903 0.0001000000001588565
1904 0.0001000000001588565
1905 0.0001000000001588565
1906 0.0001000000001588565
1907 0.0001000000001588565
1908 0.0001000000001588565
1909 0.0001000000001588565
1910 0.0001000000001588565
1911 0.0001000000001588565
1912 0.0001000000001588565
1913 0.0001000000001588565
1914 0.0001000000001588565
1915 0.0001000000001588565
1916 0.0001000000001588565
1917 0.0001000000001588565
1918 0.0001000000001588565
1919 0.0001000000001588565
1920 0.0001000000001588565
1921 0.0001000000001588565
1922 0.0001000000001588565
1923 0.0001000000001588565
1924 0.0001000000001588565
1925 0.0001000000001588565
1926 0.0001000000001588565
1927 0.0001000000001588565
1928 0.0001000000001588565
1929 0.0001000000001588565
1930 0.0001000000001588565
1931 0.0001000000001588565
1932 0.0001000000001588565
1933 0.0001000000001588565
1934 0.0001000000001588565
1935 0.0001000000001588565
1936 0.0001000000001588565
1937 0.0001000000001588565
1938 0.0001000000001588565
1939 0.0001000000001588565
1940 0.0001000000001588565
1941 0.0001000000001588565
1942 0.0001000000001588565
1943 0.0001000000001588565
1944 0.0001000000001588565
1945 0.0001000000001588565
1946 0.0001000000001588565
1947 0.0001000000001588565
1948 0.0001000000001588565
1949 0.0001000000001588565
1950 0.0001000000001588565
1951 0.0001000000001588565
1952 0.0001000000001588565
1953 0.0001000000001588565
1954 0.0001000000001588565
1955 0.0001000000001588565
1956 0.0001000000001588565
1957 0.0001000000001588565
1958 0.0001000000001588565
1959 0.0001000000001588565
1960 0.0001000000001588565
1961 0.0001000000001588565
1962 0.0001000000001588565
1963 0.0001000000001588565
1964 0.0001000000001588565
1965 0.0001000000001588565
1966 0.0001000000001588565
1967 0.0001000000001588565
1968 0.0001000000001588565
1969 0.0001000000001588565
1970 0.0001000000001588565
1971 0.0001000000001588565
1972 0.0001000000001588565
1973 0.0001000000001588565
1974 0.0001000000001588565
1975 0.0001000000001588565
1976 0.0001000000001588565
1977 0.0001000000001588565
1978 0.0001000000001588565
1979 0.0001000000001588565
1980 0.0001000000001588565
1981 0.0001000000001588565
1982 0.0001000000001588565
1983 0.0001000000001588565
1984 0.0001000000001588565
1985 0.0001000000001588565
1986 0.0001000000001588565
1987 0.0001000000001588565
1988 0.0001000000001588565
1989 0.0001000000001588565
1990 0.0001000000001588565
1991 0.0001000000001588565
1992 0.0001000000001588565
1993 0.0001000000001588565
1994 0.0001000000001588565
1995 0.0001000000001588565
1996 0.0001000000001588565
1997 0.0001000000001588565
1998 0.0001000000001588565
1999 0.0001000000001588565
2000 0.0001000000001588565
