"drag-rfile"
"Iteration" "drag"
("Iteration" "drag")
1 0.2634279873598918
2 0.1662206391205713
3 0.1121854911421494
4 0.08319519566268067
5 0.06697067112855876
6 0.05763951716600613
7 0.05215155340576631
8 0.04884778405898924
9 0.04680810219812745
10 0.04551097809964269
11 0.04476434458911147
12 0.04419337600932278
13 0.04383883606824362
14 0.04358629132553661
15 0.04339814463576819
16 0.04325476104460833
17 0.04314525187224401
18 0.04306100782626556
19 0.04299548483601264
20 0.04294438582359086
21 0.04290448001081874
22 0.04287344032927339
23 0.04284940854130548
24 0.0428309261115326
25 0.04281705024054258
26 0.04280660567973612
27 0.0427988525285196
28 0.04279320657195613
29 0.04278912766041231
30 0.04278632860785758
31 0.04278448189020911
32 0.04278333239707922
33 0.04278266614242511
34 0.04278233266283604
35 0.04278219847807915
36 0.04278217844275795
37 0.04278220140886524
38 0.04278225103237165
39 0.0427821593046664
40 0.04278200904782074
41 0.04278179266589049
42 0.04278149750893733
43 0.04278111475115775
44 0.04278064132885376
45 0.04278008114472427
46 0.04277944180940439
47 0.04277873237924869
48 0.04277796366954757
49 0.04277714520431784
50 0.04277628438626811
51 0.04277549868006975
52 0.04277466854327015
53 0.04277377917299657
54 0.04277284896302692
55 0.04277189244061102
56 0.04277091910070937
57 0.04277205093661982
58 0.0427710709782356
59 0.04276969372814429
60 0.04277024034360834
61 0.04276898564878447
62 0.04276743065586468
63 0.04276594837671484
64 0.04276631560353662
65 0.04276506569959458
66 0.04276354646178724
67 0.04276370539625315
68 0.04276391201069623
69 0.04276242175738867
70 0.04276213599215956
71 0.04276193126792163
72 0.04276017586263282
73 0.04275970932099202
74 0.04275801471385352
75 0.04275762315955783
76 0.04275601478635552
77 0.04275567332073855
78 0.04275413020397477
79 0.04275382272834934
80 0.042752333853142
81 0.04275205173711392
82 0.04275061042639229
83 0.04275034667864316
84 0.04274894447910613
85 0.04274869471945696
86 0.04274732941090355
87 0.04274709039622629
88 0.04274576876380097
89 0.04274554127772038
90 0.04274424885994603
91 0.04274402936518425
92 0.04274277242958501
93 0.04274256321970456
94 0.0427413424726739
95 0.0427411415124854
96 0.04273995449824861
97 0.04273975987666827
98 0.04273860506694591
99 0.04273841519109573
100 0.04273729006049976
101 0.04273710469492163
102 0.04273600788476869
103 0.04273582684459767
104 0.04273479016402337
105 0.04273462548631072
106 0.0427335971074739
107 0.0427334224814817
108 0.04273240844767568
109 0.04273223229158456
110 0.04273123495439232
111 0.04273106181498298
112 0.04273008800415496
113 0.04272901644829497
114 0.04272895494285148
115 0.04272809501310059
116 0.04272801936867673
117 0.04272714458632793
118 0.04272616125221895
119 0.04272614254373474
120 0.04272534729252166
121 0.04272529871497031
122 0.04272447914872856
123 0.04272355031306593
124 0.0427235448861483
125 0.04272279381465769
126 0.04272192773187967
127 0.04272196196327293
128 0.04272125570101514
129 0.04272043046489695
130 0.04272048317494478
131 0.0427198086371879
132 0.04271901427064249
133 0.04271907611652879
134 0.04271842655450039
135 0.04271765766524162
136 0.04271772413524074
137 0.04271709465836952
138 0.04271634643795661
139 0.0427156435387035
140 0.0427157781032878
141 0.0427152141668081
142 0.04271452233240162
143 0.04271386664474351
144 0.04271402421320642
145 0.04271349298792788
146 0.04271283254502482
147 0.04271220433392213
148 0.04271162419900223
149 0.04271183608981403
150 0.04271135825838208
151 0.04271074583425553
152 0.04271015874379407
153 0.042709613774688
154 0.04270983284066206
155 0.04270936235866657
156 0.04270876214022176
157 0.04270819154188119
158 0.04270766470148724
159 0.04270717537696833
160 0.0427067159836312
161 0.04270628036353374
162 0.04270586362028179
163 0.04270619473074328
164 0.04270582588991581
165 0.04270531071318015
166 0.04270481072264529
167 0.04270434364542364
168 0.04270390607276296
169 0.04270349225792699
170 0.04270309723297341
171 0.04270271700026984
172 0.04270234861845966
173 0.04270198990497857
174 0.04270163915059403
175 0.04270129531846482
176 0.04270095754104667
177 0.04270062506076279
178 0.04270029720967132
179 0.04269997341516778
180 0.04269965320053235
181 0.04269933617997565
182 0.04269902202079819
183 0.04269871045356147
184 0.04269840123807367
185 0.0426980941764085
186 0.04269778912804718
187 0.04269748592979855
188 0.04269718430787851
189 0.04269688406485026
190 0.04269658516624438
191 0.04269629925509395
192 0.04269601268185725
193 0.04269572648292586
194 0.04269544121954834
195 0.04269515740852531
196 0.04269487434163881
197 0.04269459157881266
198 0.04269430939027978
199 0.04269402811209225
200 0.04269374807575077
201 0.04269346950926774
202 0.04269319229976066
203 0.04269291644014236
204 0.04269264189299878
205 0.04269236857765971
206 0.04269209649141316
207 0.04269182563715662
208 0.0426915559942032
209 0.04269128755389054
210 0.04269102024460538
211 0.04269075389481686
212 0.04269048839693804
213 0.04269022372301313
214 0.04268995986363291
215 0.04268969683899024
216 0.04268943481057202
217 0.04268917400922011
218 0.04268891450139144
219 0.04268865621050806
220 0.04268839908555046
221 0.04268814311339465
222 0.04268788826838183
223 0.04268763454047695
224 0.04268738194485391
225 0.04268712590395855
226 0.04268687217091744
227 0.04268662118011776
228 0.04268637223215403
229 0.04268612482556755
230 0.04268587868374305
231 0.04268563365035347
232 0.04268538962527346
233 0.0426851465729154
234 0.04268490446370066
235 0.04268466327249228
236 0.04268442295669496
237 0.04268418349135648
238 0.04268394485079747
239 0.04268370701920255
240 0.04268346998622623
241 0.04268323373044881
242 0.04268299823327934
243 0.04268276347185453
244 0.04268252948677439
245 0.0426822962240671
246 0.04268206364861436
247 0.04268183176266291
248 0.0426816005677596
249 0.04268137008706435
250 0.04268114034880841
251 0.04268091137935948
252 0.04268068317997606
253 0.04268045573213442
254 0.04268022901293305
255 0.04268000298144758
256 0.04267977759099208
257 0.04267955282619202
258 0.04267932868876474
259 0.04267910517953368
260 0.04267888222367899
261 0.0426786774305118
262 0.04267846789876534
263 0.04267825692183777
264 0.04267804146401385
265 0.042677823870984
266 0.04267760550850499
267 0.04267738709642186
268 0.04267716895548963
269 0.04267695125380616
270 0.04267673406636032
271 0.0426765174295719
272 0.04267630136215871
273 0.04267608586756994
274 0.04267587092296477
275 0.04267565651187078
276 0.04267544262302483
277 0.04267522924585068
278 0.04267501635141855
279 0.04267480389552299
280 0.04267459185859315
281 0.04267438024296415
282 0.04267416913465076
283 0.0426739584846851
284 0.04267374827420992
285 0.0426735384649035
286 0.04267332901876743
287 0.0426731199323644
288 0.04267291121687693
289 0.04267270288353837
290 0.04267249493861747
291 0.04267228737680748
292 0.04267208020938003
293 0.04267187344867859
294 0.04267166710496278
295 0.04267146118230144
296 0.04267125568497622
297 0.042671050611156
298 0.04267084595543406
299 0.04267064171522161
300 0.04267043801087776
301 0.04267023488418065
302 0.04267003230855582
303 0.04266983023584741
304 0.04266962861841325
305 0.04266942739170063
306 0.04266922655788789
307 0.0426690261058223
308 0.04266882602249276
309 0.04266862629507852
310 0.04266842691003395
311 0.04266822785833218
312 0.04266802913964257
313 0.04266783076295245
314 0.04266763272808301
315 0.04266743501192554
316 0.04266723761292521
317 0.04266704053421794
318 0.04266684377146226
319 0.04266664735698621
320 0.04266645129920347
321 0.04266625558870825
322 0.04266606021449623
323 0.04266586516768724
324 0.0426656704383403
325 0.04266547627158018
326 0.04266528257509442
327 0.04266508904652447
328 0.0426648957144715
329 0.04266470262798819
330 0.04266450980245678
331 0.04266431725048826
332 0.04266412498734821
333 0.04266393302908116
334 0.04266374138641617
335 0.04266355006577451
336 0.04266335907341298
337 0.04266316841046074
338 0.04266297807410854
339 0.04266278865601533
340 0.04266259938678053
341 0.0426624102645325
342 0.04266222132692672
343 0.04266203261470705
344 0.04266184415911006
345 0.04266165598907912
346 0.04266146812737463
347 0.04266128059671691
348 0.04266109340584857
349 0.04266090655247159
350 0.04266072000891037
351 0.04266053375626514
352 0.0426603477840467
353 0.04266016208356077
354 0.04265997663972253
355 0.04265979148013371
356 0.0426596066155741
357 0.0426594220468861
358 0.0426592377765878
359 0.04265905381151278
360 0.04265887015213574
361 0.042658686787448
362 0.04265850373052443
363 0.04265832103194968
364 0.04265813869521298
365 0.04265795669522895
366 0.04265777501019732
367 0.04265759362685484
368 0.04265741253748876
369 0.04265723173553498
370 0.04265705121599381
371 0.04265687097093398
372 0.04265669098874586
373 0.04265651126342532
374 0.04265633179335235
375 0.04265615257799141
376 0.04265597502268142
377 0.0426557973265718
378 0.04265561947614252
379 0.04265544163452223
380 0.04265526390001422
381 0.04265508633726929
382 0.04265490897754484
383 0.0426547318250667
384 0.0426545549025392
385 0.04265437822715257
386 0.04265420184747164
387 0.0426540257927536
388 0.04265385004081764
389 0.04265367456595696
390 0.04265349932415486
391 0.04265332429658563
392 0.04265314948952346
393 0.04265297490922049
394 0.04265280058681607
395 0.04265262653909978
396 0.04265245276846914
397 0.04265227928616159
398 0.04265210621437072
399 0.04265193357595933
400 0.04265176130283944
401 0.04265158933180744
402 0.0426514176169817
403 0.04265124620188959
404 0.04265107516360143
405 0.04265090451332727
406 0.04265073424424122
407 0.04265056433589448
408 0.04265039476377582
409 0.04265022550797402
410 0.04265005655463405
411 0.04264988789088705
412 0.04264971950285568
413 0.04264955137966056
414 0.04264938350693671
415 0.04264921586210357
416 0.04264904844510991
417 0.04264888126219399
418 0.04264871431307656
419 0.04264854759646412
420 0.0426483811116689
421 0.04264821486043471
422 0.04264804884204167
423 0.04264788305487779
424 0.04264771749406401
425 0.04264755215974637
426 0.0426473870611545
427 0.04264722221194028
428 0.04264705763275383
429 0.04264689333696306
430 0.04264672931581706
431 0.04264656554181871
432 0.0426464019989227
433 0.04264623869409478
434 0.04264607562940435
435 0.04264591280672889
436 0.04264575022186917
437 0.04264558787439158
438 0.04264542575796109
439 0.04264526387925664
440 0.04264510224030547
441 0.04264494083980367
442 0.04264477967219141
443 0.0426446187364233
444 0.04264445801851623
445 0.04264429750303438
446 0.04264413717703586
447 0.04264397706505445
448 0.04264381719584995
449 0.04264365757889508
450 0.04264349820135094
451 0.04264334421903617
452 0.04264318909308298
453 0.04264303281758084
454 0.04264287584330875
455 0.04264271854644108
456 0.04264256112386058
457 0.04264240368793948
458 0.04264224631000873
459 0.04264208903845081
460 0.04264193190502617
461 0.04264177492788494
462 0.04264161811862559
463 0.04264146148673224
464 0.04264130503918351
465 0.04264114878054865
466 0.04264099271529696
467 0.04264083685544595
468 0.04264068122594461
469 0.04264052581847987
470 0.0426403706254764
471 0.04264021562510815
472 0.04264006080808968
473 0.042639906171546
474 0.04263975171965921
475 0.04263959746229552
476 0.04263944340294942
477 0.04263928954485448
478 0.04263913588008526
479 0.04263898238770426
480 0.04263882906391139
481 0.0426386759172387
482 0.04263852295972554
483 0.04263837019486452
484 0.04263821762075398
485 0.04263806523147985
486 0.04263791302409405
487 0.04263776099760149
488 0.04263760915292426
489 0.04263745749167663
490 0.04263730601342612
491 0.04263715471828001
492 0.04263700360951941
493 0.04263685268936931
494 0.04263670195803654
495 0.04263655142164035
496 0.04263640108349664
497 0.04263625094948261
498 0.04263610102196322
499 0.04263595129312057
500 0.04263580177099789
501 0.04263565247236351
502 0.04263550338917623
503 0.04263535450631102
504 0.04263520581309863
505 0.0426350573031805
506 0.04263490897413132
507 0.04263476082674664
508 0.0426346128593417
509 0.04263446507065247
510 0.04263431746062657
511 0.04263417003435024
512 0.04263402282254403
513 0.04263387583455341
514 0.04263372906979274
515 0.04263358252553453
516 0.04263343619715385
517 0.04263329008021157
518 0.04263314417210749
519 0.04263299848221904
520 0.0426328530130877
521 0.04263270776273419
522 0.04263256272860439
523 0.04263241790495014
524 0.04263227328248997
525 0.04263212886096691
526 0.04263198464380355
527 0.04263184062859599
528 0.04263169679262951
529 0.04263155317092467
530 0.04263140977683691
531 0.04263126661425352
532 0.04263112368560898
533 0.04263098098673648
534 0.042630838510839
535 0.04263069625330287
536 0.04263055421090105
537 0.04263041237985329
538 0.04263027075801432
539 0.04263012934012025
540 0.0426299881218309
541 0.04262984710105711
542 0.04262970627486637
543 0.04262956564074373
544 0.04262942519773668
545 0.04262928494667016
546 0.0426291448893731
547 0.04262900502587055
548 0.04262886535631549
549 0.04262872588385606
550 0.04262858660622864
551 0.04262844750989403
552 0.0426283085989637
553 0.04262816987405103
554 0.04262803133491688
555 0.04262789298533336
556 0.04262775481619693
557 0.04262761670108646
558 0.04262747850208575
559 0.04262734028491121
560 0.0426272021878184
561 0.04262706432895081
562 0.04262692677515675
563 0.04262678954575138
564 0.04262665262963617
565 0.04262651600213527
566 0.04262637963219083
567 0.0426262434886772
568 0.042626107545246
569 0.04262597178268018
570 0.04262583618853119
571 0.04262570075340973
572 0.04262556547306715
573 0.0426254303472348
574 0.04262529537901012
575 0.04262516228676928
576 0.04262502869133954
577 0.04262489463653772
578 0.04262476033632511
579 0.04262462593601206
580 0.04262449153272386
581 0.04262435720782073
582 0.04262422298039394
583 0.04262408879087671
584 0.0426239547119374
585 0.04262382084624521
586 0.04262368719528573
587 0.04262355372912082
588 0.04262342043056214
589 0.04262328731027223
590 0.04262315438135291
591 0.04262302165857811
592 0.0426228891587994
593 0.04262275688819117
594 0.04262262484641766
595 0.04262249303178066
596 0.04262236144181283
597 0.04262223007272921
598 0.04262209891940475
599 0.04262196796650966
600 0.04262183720220753
601 0.04262170662143393
602 0.0426215762215259
603 0.0426214460030914
604 0.04262131596749867
605 0.04262118611102749
606 0.04262105749368762
607 0.04262092851151853
608 0.04262079939027931
609 0.04262067028558701
610 0.04262054129138564
611 0.04262041245251603
612 0.04262028378972885
613 0.04262015531040164
614 0.04262002701369147
615 0.04261989890130779
616 0.04261977097461135
617 0.04261964323296655
618 0.04261951567337363
619 0.04261938828088233
620 0.04261926105670127
621 0.04261913401652955
622 0.04261900715605769
623 0.04261888047049179
624 0.04261875394623536
625 0.04261862757172533
626 0.04261850134474403
627 0.04261837529293599
628 0.04261824942120459
629 0.04261812372723084
630 0.0426179982049722
631 0.0426178728542472
632 0.04261774768152313
633 0.04261762269271746
634 0.04261749789071571
635 0.04261737327778899
636 0.04261724885134785
637 0.04261712460104786
638 0.04261700053526598
639 0.04261687664804756
640 0.04261675294515967
641 0.04261662943111751
642 0.04261650610583449
643 0.04261638296494941
644 0.04261626000059279
645 0.04261613720531476
646 0.04261601456956371
647 0.04261589208449161
648 0.04261576974313626
649 0.04261564753815676
650 0.04261552545811256
651 0.04261540351065099
652 0.04261528168308798
653 0.04261515998094405
654 0.04261503840712689
655 0.04261491698072137
656 0.04261479565923184
657 0.04261467440264056
658 0.0426145532200907
659 0.04261443212220475
660 0.04261431111626644
661 0.04261419022071514
662 0.04261406944139865
663 0.04261394879263157
664 0.04261382829989582
665 0.04261370797751324
666 0.042613587830378
667 0.04261346786557669
668 0.04261334809204251
669 0.04261322850463579
670 0.04261310909438984
671 0.04261298985503909
672 0.04261287078384897
673 0.04261275188099953
674 0.04261263314875513
675 0.04261251458722982
676 0.04261239619406122
677 0.04261227796708294
678 0.0426121599052984
679 0.04261204199320788
680 0.04261192427162474
681 0.04261180668956929
682 0.0426116891850108
683 0.04261157168290684
684 0.04261145418559105
685 0.04261133670951592
686 0.04261121927323774
687 0.04261110189219212
688 0.04261098457414646
689 0.04261086748012959
690 0.04261075056775541
691 0.04261063374414833
692 0.04261051696694167
693 0.04261040027116984
694 0.04261028371973685
695 0.04261016738558761
696 0.04261005131198853
697 0.04260993550540564
698 0.04260981994491313
699 0.04260970466672238
700 0.04260958973059435
701 0.04260947503204343
702 0.04260936051232873
703 0.04260924615492154
704 0.04260913195350087
705 0.0426090179130986
706 0.0426089040405558
707 0.04260879034069473
708 0.04260867676408295
709 0.04260856331313269
710 0.04260844998336979
711 0.04260833675959711
712 0.04260822380785823
713 0.04260811086362217
714 0.04260799789409862
715 0.04260788489797005
716 0.04260777187280298
717 0.04260765886486211
718 0.04260754591611068
719 0.04260743305883958
720 0.04260732032185213
721 0.04260720772447796
722 0.04260709527700861
723 0.04260698298344653
724 0.0426068708434504
725 0.04260675885460959
726 0.04260664701229512
727 0.04260653533439682
728 0.04260642381161008
729 0.04260631240809246
730 0.04260620113067009
731 0.04260608997872094
732 0.04260597895167179
733 0.04260586805147987
734 0.04260575728127463
735 0.04260564664560447
736 0.04260553614837973
737 0.04260542578939772
738 0.04260531556897559
739 0.04260520548894674
740 0.04260509554866986
741 0.04260498574419196
742 0.0426048760801128
743 0.04260476656152446
744 0.04260465718905435
745 0.04260454796045468
746 0.04260443888107912
747 0.04260432997679616
748 0.04260422123199779
749 0.04260411256199756
750 0.04260400393814121
751 0.04260389530611274
752 0.0426037866847061
753 0.04260367810832368
754 0.04260356960508804
755 0.04260346119281581
756 0.0426033528859428
757 0.04260324468563777
758 0.04260313663037647
759 0.04260302885047149
760 0.04260292131652359
761 0.0426028139637171
762 0.04260270676181732
763 0.04260259972589522
764 0.04260249289446842
765 0.04260238637249442
766 0.04260228024246972
767 0.04260217441276194
768 0.04260206883533271
769 0.04260196348877456
770 0.04260185835999365
771 0.04260175343570851
772 0.04260164872351326
773 0.04260154422977262
774 0.04260143993012245
775 0.04260133577936826
776 0.04260123176982945
777 0.04260112790565952
778 0.04260102438386951
779 0.04260092086740496
780 0.04260081732216542
781 0.04260071374346539
782 0.04260061012159871
783 0.04260050647590554
784 0.04260040336925213
785 0.04260030026225763
786 0.04260019719375003
787 0.04260009424241442
788 0.0425999914439715
789 0.04259988881200513
790 0.04259978634794642
791 0.04259968404764242
792 0.04259958190628242
793 0.04259947991565007
794 0.04259937806838928
795 0.04259927635791683
796 0.04259917479070076
797 0.0425990733715362
798 0.04259897206285169
799 0.04259887086896831
800 0.04259876979057145
801 0.04259866882739171
802 0.04259856798174299
803 0.04259846726014029
804 0.04259836664261983
805 0.04259826610367832
806 0.04259816566513335
807 0.04259806536235156
808 0.04259796522176066
809 0.04259786525631552
810 0.04259776546736415
811 0.04259766584974915
812 0.04259756639650474
813 0.0425974671013535
814 0.0425973679602973
815 0.04259726896758013
816 0.0425971701187258
817 0.04259707141177221
818 0.04259697284683289
819 0.04259687442418653
820 0.04259677614300914
821 0.04259667800178261
822 0.04259657999940877
823 0.04259648213533634
824 0.04259638440058629
825 0.04259628679681095
826 0.04259618932577684
827 0.04259609199267521
828 0.04259599478452003
829 0.04259589770541491
830 0.04259580075514119
831 0.04259570395069175
832 0.04259560730907883
833 0.04259551082764091
834 0.0425954144955333
835 0.04259531829754076
836 0.04259522223437686
837 0.04259512631237221
838 0.04259503053465367
839 0.04259493490359338
840 0.04259483942048415
841 0.04259474408732504
842 0.04259464890659473
843 0.04259455388360633
844 0.04259445901610102
845 0.04259436428259861
846 0.04259426968452752
847 0.04259417523706392
848 0.04259408092368853
849 0.04259398672665053
850 0.04259389262803004
851 0.04259379875101919
852 0.04259370496109047
853 0.04259361118071951
854 0.04259351741872644
855 0.04259342368070709
856 0.04259332994920002
857 0.04259323625144994
858 0.04259314265024181
859 0.04259304918494011
860 0.04259295411613396
861 0.04259286019689634
862 0.04259276704884378
863 0.04259267435765107
864 0.04259258193736847
865 0.04259248969405745
866 0.04259239758701501
867 0.04259230560054939
868 0.04259221371997468
869 0.04259212193313581
870 0.0425920302348663
871 0.0425919386225368
872 0.04259184709438416
873 0.04259175565362492
874 0.04259166431073525
875 0.04259157304554184
876 0.04259148185688552
877 0.04259139075748972
878 0.04259129998153862
879 0.04259120949956943
880 0.04259111914218346
881 0.04259102879651484
882 0.0425909384430524
883 0.04259084811210599
884 0.04259075788776857
885 0.04259066783498891
886 0.04259057797385321
887 0.04259048827866976
888 0.0425903986716356
889 0.04259030909364282
890 0.04259021951270521
891 0.04259012982886211
892 0.04259004007454083
893 0.04258995072071023
894 0.04258986219376548
895 0.04258977438051736
896 0.04258968687498357
897 0.0425896009920869
898 0.0425895158594171
899 0.04258943008551254
900 0.04258934267828923
901 0.04258925326815918
902 0.04258916200096195
903 0.04258906929557684
904 0.04258897571725094
905 0.04258888178788107
906 0.04258878790919197
907 0.04258869437463342
908 0.04258860132403552
909 0.04258850881696893
910 0.04258841684489136
911 0.04258832535626728
912 0.04258823424600302
913 0.04258814335421399
914 0.04258805259155807
915 0.04258796193099276
916 0.04258787136334535
917 0.0425877808765422
918 0.04258769046311862
919 0.04258760012084935
920 0.04258750984721388
921 0.04258741962613222
922 0.04258732943049186
923 0.04258723926110602
924 0.04258714914165062
925 0.04258705910245818
926 0.04258696914472693
927 0.04258688029509065
928 0.04258679162307898
929 0.04258670283535634
930 0.04258661399119198
931 0.0425865251452693
932 0.04258643633061863
933 0.04258634758350209
934 0.04258625885028798
935 0.04258617010281958
936 0.04258608133884371
937 0.04258599256325817
938 0.04258590379233446
939 0.04258581503194861
940 0.04258572618951517
941 0.04258563722791687
942 0.04258554811880561
943 0.04258545874117518
944 0.04258536891065163
945 0.04258527842707822
946 0.04258519064152423
947 0.04258510585920999
948 0.04258502339007015
949 0.04258494161401072
950 0.04258485922209126
951 0.04258477580403129
952 0.04258469145376619
953 0.0425846062533513
954 0.04258452043720978
955 0.04258443448535409
956 0.04258434858499434
957 0.04258426271440285
958 0.04258417681138702
959 0.04258409081394792
960 0.04258400468632136
961 0.04258391843119807
962 0.04258383209745441
963 0.04258374572341997
964 0.04258365938535678
965 0.04258357316706592
966 0.04258348711873932
967 0.04258340125617809
968 0.04258331557426801
969 0.04258323005745641
970 0.04258314468798882
971 0.04258305964997584
972 0.04258297477832049
973 0.04258288990121494
974 0.0425828050394193
975 0.04258272027122224
976 0.04258263549552666
977 0.0425825506007991
978 0.04258246560062603
979 0.04258238062265663
980 0.04258229583116568
981 0.04258221135333692
982 0.04258212724889406
983 0.04258204357063154
984 0.04258196030683337
985 0.04258187740156543
986 0.04258179480971185
987 0.04258171249972065
988 0.04258163045109808
989 0.04258154870137344
990 0.04258146728041316
991 0.04258138606341078
992 0.04258130495514392
993 0.04258122389084693
994 0.04258114272247794
995 0.04258106147794418
996 0.04258098100993503
997 0.04258090175691721
998 0.04258082305525016
999 0.04258074429237844
1000 0.04258066508982406
1001 0.04258058485208787
1002 0.04258050449560682
1003 0.04258042329510725
1004 0.04258034044048665
1005 0.04258025605586562
1006 0.04258016517703248
1007 0.04258007486296999
1008 0.04257998543637468
1009 0.04257989642926739
1010 0.04257980757586031
1011 0.04257971878199567
1012 0.0425796300068946
1013 0.04257954128580283
1014 0.04257945268664015
1015 0.04257936426738185
1016 0.04257927620269589
1017 0.0425791887539867
1018 0.04257910202874595
1019 0.04257901604225461
1020 0.04257893055393366
1021 0.04257884525360637
1022 0.0425787599707803
1023 0.04257867476933991
1024 0.04257858974169162
1025 0.04257850484492058
1026 0.04257842004795956
1027 0.04257833534001099
1028 0.04257825076702868
1029 0.04257816640011679
1030 0.04257808228586041
1031 0.04257799844559872
1032 0.04257791488386498
1033 0.04257783158984931
1034 0.04257774853788727
1035 0.04257766569550518
1036 0.04257758306149061
1037 0.04257750049033979
1038 0.04257741784929095
1039 0.04257733505020941
1040 0.04257725200823653
1041 0.04257716850323042
1042 0.04257708405317251
1043 0.04257699845217076
1044 0.0425769151746067
1045 0.04257683920700021
1046 0.04257676840210579
1047 0.04257669714352097
1048 0.04257662187802366
1049 0.04257654228451672
1050 0.04257646042241953
1051 0.04257637842368511
1052 0.04257629670516537
1053 0.04257621496442868
1054 0.04257613286402889
1055 0.04257605028106205
1056 0.04257596730033191
1057 0.04257588414132731
1058 0.04257580102470035
1059 0.04257571811307791
1060 0.04257563549571527
1061 0.04257555320217701
1062 0.04257547134879111
1063 0.04257539010179447
1064 0.04257530930472121
1065 0.042575228737908
1066 0.0425751482867329
1067 0.04257506796461425
1068 0.04257498785714216
1069 0.04257490805170553
1070 0.04257482859195082
1071 0.04257474947953474
1072 0.04257467068654985
1073 0.04257459216846634
1074 0.04257451387762549
1075 0.04257443580594102
1076 0.04257435796857624
1077 0.04257428037919006
1078 0.04257420306017527
1079 0.04257412617021008
1080 0.04257404971449804
1081 0.04257397356951272
1082 0.04257389760257718
1083 0.04257382174771913
1084 0.04257374603440275
1085 0.04257367071008863
1086 0.04257359574538378
1087 0.04257352120608607
1088 0.042573447912188
1089 0.04257337692099107
1090 0.04257330719726442
1091 0.04257323699698106
1092 0.04257316476521769
1093 0.04257309028981171
1094 0.0425730145418925
1095 0.04257293870565988
1096 0.04257286242329917
1097 0.04257278559141277
1098 0.04257270827385185
1099 0.04257263058158672
1100 0.04257255257439068
1101 0.04257247437795062
1102 0.0425723955897892
1103 0.0425723161173075
1104 0.04257223600039026
1105 0.04257215534382099
1106 0.04257207428725753
1107 0.04257199380179474
1108 0.04257191423479566
1109 0.04257183528865338
1110 0.04257175664009098
1111 0.04257167809678533
1112 0.04257159957490132
1113 0.04257152110193226
1114 0.04257144274813282
1115 0.04257136458016551
1116 0.04257128664538574
1117 0.04257120898713299
1118 0.04257113164604203
1119 0.04257105464211263
1120 0.04257097797188213
1121 0.04257090162143777
1122 0.04257082557357179
1123 0.04257074982973821
1124 0.04257067426034455
1125 0.04257059869823666
1126 0.04257052304200768
1127 0.04257044721079625
1128 0.04257037110923224
1129 0.04257029458471081
1130 0.04257021675210428
1131 0.04257013811931017
1132 0.0425700635046487
1133 0.04256999294691675
1134 0.04256992440491188
1135 0.04256985504274919
1136 0.04256978315112358
1137 0.0425697086635358
1138 0.04256963264186089
1139 0.04256955641722149
1140 0.04256948089973145
1141 0.04256940633168369
1142 0.04256933246153698
1143 0.04256925890357389
1144 0.04256918541724297
1145 0.04256911198726714
1146 0.04256903874097759
1147 0.04256896581165064
1148 0.04256889323451516
1149 0.04256882094705094
1150 0.0425687488519137
1151 0.04256867685876595
1152 0.04256860491136726
1153 0.04256853298710715
1154 0.04256846107635372
1155 0.04256838917073642
1156 0.04256831725085137
1157 0.04256824528352008
1158 0.04256817322811
1159 0.04256810100831844
1160 0.0425680293510976
1161 0.04256795854080966
1162 0.04256788824658891
1163 0.04256781796971754
1164 0.04256774740893743
1165 0.04256767653861773
1166 0.0425676055473955
1167 0.04256753467381661
1168 0.04256746410351626
1169 0.0425673939261068
1170 0.04256732413359458
1171 0.04256725469216419
1172 0.0425671854806951
1173 0.04256711638554726
1174 0.04256704732415627
1175 0.0425669782447478
1176 0.04256690912346005
1177 0.04256683995592454
1178 0.04256677074791518
1179 0.042566701509675
1180 0.04256663225216435
1181 0.04256656298626711
1182 0.04256649371646931
1183 0.0425664244569624
1184 0.04256635522079699
1185 0.04256628602005706
1186 0.04256621686476737
1187 0.04256614776043675
1188 0.04256607870959157
1189 0.04256600971371234
1190 0.04256594077539497
1191 0.04256587189805042
1192 0.04256580308512488
1193 0.04256573434217122
1194 0.04256566568595299
1195 0.04256559711564704
1196 0.04256552861982973
1197 0.04256546018975396
1198 0.04256539181702301
1199 0.04256532348585621
1200 0.04256525520406162
1201 0.04256518698888465
1202 0.04256511885453051
1203 0.0425650508034859
1204 0.04256498283188188
1205 0.0425649149347027
1206 0.04256484710633423
1207 0.0425647793422101
1208 0.04256471163930543
1209 0.04256464399417684
1210 0.04256457640455548
1211 0.04256450886820295
1212 0.04256444138359267
1213 0.04256437395037703
1214 0.04256430655932215
1215 0.04256423920934945
1216 0.04256417190288891
1217 0.04256410464091054
1218 0.04256403742448966
1219 0.04256397025621612
1220 0.04256390313692428
1221 0.04256383606657657
1222 0.04256376904518448
1223 0.04256370207329314
1224 0.04256363515187524
1225 0.0425635682799277
1226 0.0425635014576338
1227 0.04256343468645774
1228 0.04256336796783253
1229 0.04256330130284761
1230 0.04256323469203495
1231 0.04256316813605766
1232 0.04256310163449997
1233 0.04256303518711904
1234 0.04256296879395918
1235 0.04256290245391942
1236 0.04256283616825288
1237 0.04256276994472246
1238 0.04256270378304106
1239 0.0425626376854393
1240 0.04256257165373337
1241 0.0425625056816025
1242 0.04256243975874901
1243 0.04256237387908204
1244 0.04256230804292869
1245 0.04256224224820896
1246 0.04256217649560459
1247 0.04256211078702302
1248 0.04256204512676848
1249 0.04256197951405068
1250 0.04256191394963794
1251 0.04256184843512726
1252 0.04256178297223821
1253 0.04256171756253871
1254 0.04256165219552122
1255 0.04256158683564248
1256 0.04256152149238186
1257 0.04256145619044611
1258 0.04256139095432805
1259 0.04256132580592139
1260 0.04256126074668419
1261 0.04256119577405428
1262 0.0425611308831212
1263 0.04256106607030968
1264 0.0425610013400587
1265 0.04256093670449264
1266 0.04256087216968168
1267 0.04256080773786675
1268 0.04256074340799419
1269 0.04256067917648553
1270 0.0425606150428663
1271 0.04256055100422215
1272 0.04256048705429005
1273 0.04256042318631446
1274 0.04256035939457571
1275 0.042560295675069
1276 0.04256023202474981
1277 0.0425601684418845
1278 0.04256010492027729
1279 0.04256004144163474
1280 0.04255997800505863
1281 0.04255991461355944
1282 0.04255985127211698
1283 0.04255978798545799
1284 0.04255972475770807
1285 0.04255966159282296
1286 0.04255959849310725
1287 0.04255953545724812
1288 0.04255947248431798
1289 0.04255940957629432
1290 0.04255934672968414
1291 0.04255928394552021
1292 0.04255922122545776
1293 0.04255915857075426
1294 0.04255909598242152
1295 0.04255903344465292
1296 0.04255897087700702
1297 0.04255890819657623
1298 0.04255884542243155
1299 0.04255878262746857
1300 0.04255871989090858
1301 0.04255865724651871
1302 0.04255859468350183
1303 0.04255853222174313
1304 0.04255846987846826
1305 0.04255840765327314
1306 0.04255834552650439
1307 0.04255828346073058
1308 0.04255822148391922
1309 0.04255815960338794
1310 0.04255809781778225
1311 0.04255803612179672
1312 0.04255797451043843
1313 0.0425579129805297
1314 0.04255785152466741
1315 0.0425577901260055
1316 0.04255772877361657
1317 0.04255766745671954
1318 0.04255760617534554
1319 0.04255754493483626
1320 0.04255748374476325
1321 0.04255742261292587
1322 0.04255736154627084
1323 0.0425573005807784
1324 0.04255723970401989
1325 0.04255717889459903
1326 0.04255711814106664
1327 0.04255705743916504
1328 0.04255699679155986
1329 0.04255693620193295
1330 0.04255687567529849
1331 0.04255681521678139
1332 0.0425567548306114
1333 0.04255669451759028
1334 0.04255663427644977
1335 0.04255657410732766
1336 0.04255651401078882
1337 0.04255645398666836
1338 0.04255639404028254
1339 0.04255633416568585
1340 0.04255627435798228
1341 0.04255621461406978
1342 0.04255615493280379
1343 0.04255609531318778
1344 0.0425560357550319
1345 0.04255597625899529
1346 0.04255591682600031
1347 0.0425558574571868
1348 0.042555798153932
1349 0.04255573891800662
1350 0.04255567974835945
1351 0.04255562064484603
1352 0.04255556160656559
1353 0.04255550262154811
1354 0.04255544369089875
1355 0.0425553848090295
1356 0.04255532597005989
1357 0.04255526717806937
1358 0.04255520844133222
1359 0.04255514976894022
1360 0.04255509116554389
1361 0.0425550326231594
1362 0.04255497413067178
1363 0.04255491568382851
1364 0.04255485728135955
1365 0.04255479892552572
1366 0.04255474062644059
1367 0.04255468239002109
1368 0.0425546242220927
1369 0.04255456613319527
1370 0.0425545080985658
1371 0.04255445013337298
1372 0.04255439225846903
1373 0.04255433447646853
1374 0.04255427678383478
1375 0.0425542191783268
1376 0.0425541616607008
1377 0.04255410423625553
1378 0.04255404690962571
1379 0.0425539896882423
1380 0.04255393257403202
1381 0.04255387556728457
1382 0.04255381866763708
1383 0.04255376187425378
1384 0.04255370513625687
1385 0.04255364841649382
1386 0.04255359171869069
1387 0.04255353505966891
1388 0.04255347845350713
1389 0.04255342191202273
1390 0.04255336544681581
1391 0.04255330906767197
1392 0.04255325277791471
1393 0.04255319660826344
1394 0.04255314055920428
1395 0.0425530846431281
1396 0.04255302886364982
1397 0.04255297320684767
1398 0.0425529176446652
1399 0.04255286214703168
1400 0.04255280662009801
1401 0.04255275108031098
1402 0.04255269556914798
1403 0.0425526401035474
1404 0.04255258470418014
1405 0.04255252937056832
1406 0.042552474103516
1407 0.04255241891295245
1408 0.04255236380525634
1409 0.04255230877729723
1410 0.04255225381024431
1411 0.04255219887922015
1412 0.04255214396058978
1413 0.04255208903711273
1414 0.04255203409993306
1415 0.04255197914646309
1416 0.0425519241809549
1417 0.04255186921381122
1418 0.04255181425716852
1419 0.04255175932206218
1420 0.04255170441691476
1421 0.04255164954619314
1422 0.04255159471429883
1423 0.04255153993038531
1424 0.04255148520201404
1425 0.04255143053307055
1426 0.04255137592678651
1427 0.04255132138523671
1428 0.04255126690986762
1429 0.04255121250059513
1430 0.04255115815731029
1431 0.04255110387976942
1432 0.04255104966732686
1433 0.04255099551980425
1434 0.0425509414376215
1435 0.04255088742118672
1436 0.04255083347028368
1437 0.04255077958458003
1438 0.04255072576357681
1439 0.0425506720066316
1440 0.04255061831292175
1441 0.04255056468201093
1442 0.04255051111439581
1443 0.04255045760993043
1444 0.0425504041679717
1445 0.04255035078851658
1446 0.04255029747141339
1447 0.04255024421733104
1448 0.04255019102200241
1449 0.04255013786827556
1450 0.04255008475353076
1451 0.04255003168273977
1452 0.04254997866174601
1453 0.04254992566717641
1454 0.04254987269072415
1455 0.04254981974802566
1456 0.04254976685508616
1457 0.04254971402201053
1458 0.04254966125392767
1459 0.04254960855207327
1460 0.04254955591293702
1461 0.042549503339949
1462 0.04254945083505569
1463 0.04254939839962278
1464 0.04254934603558128
1465 0.0425492937450952
1466 0.0425492415315939
1467 0.04254918940806219
1468 0.04254913737121598
1469 0.0425490854139518
1470 0.04254903353030765
1471 0.04254898171568424
1472 0.04254892996713396
1473 0.04254887828136424
1474 0.04254882665620145
1475 0.04254877509022281
1476 0.04254872358081849
1477 0.04254867212988898
1478 0.04254862073854918
1479 0.0425485694070902
1480 0.04254851813445842
1481 0.04254846691961052
1482 0.04254841576148594
1483 0.04254836465964382
1484 0.04254831361381251
1485 0.04254826262401876
1486 0.04254821169066707
1487 0.04254816081425263
1488 0.04254810999531305
1489 0.04254805923330337
1490 0.04254800853079144
1491 0.04254795789371802
1492 0.04254790732366689
1493 0.04254785681897257
1494 0.04254780637830743
1495 0.04254775600056285
1496 0.04254770568456834
1497 0.04254765542938087
1498 0.0425476052340182
1499 0.04254755509758937
1500 0.04254750501937484
1501 0.04254745499888239
1502 0.04254740503561725
1503 0.04254735512934957
1504 0.04254730528037027
1505 0.04254725548899266
1506 0.0425472057551412
1507 0.04254715607867852
1508 0.04254710645952528
1509 0.0425470568976693
1510 0.04254700739292384
1511 0.04254695794280903
1512 0.04254690854924578
1513 0.04254685921461145
1514 0.04254680993913772
1515 0.04254676072231593
1516 0.04254671156326965
1517 0.04254666246158282
1518 0.04254661341587405
1519 0.04254656442660455
1520 0.04254651549326342
1521 0.04254646661555538
1522 0.04254641779353428
1523 0.04254636902707668
1524 0.04254632031634432
1525 0.04254627166148551
1526 0.04254622306221867
1527 0.04254617451822239
1528 0.04254612602917781
1529 0.04254607759470434
1530 0.04254602921416953
1531 0.04254598088723956
1532 0.04254593261342074
1533 0.04254588439278455
1534 0.0425458362252236
1535 0.0425457881104284
1536 0.04254574004814537
1537 0.04254569203828225
1538 0.04254564408065944
1539 0.04254559617540291
1540 0.04254554832373329
1541 0.04254550052793514
1542 0.04254545279063313
1543 0.04254540511257193
1544 0.04254535749367674
1545 0.04254530993311736
1546 0.04254526242957805
1547 0.04254521498154743
1548 0.04254516758814159
1549 0.04254512025315722
1550 0.04254507297784101
1551 0.04254502575688258
1552 0.04254497858708111
1553 0.04254493146732772
1554 0.04254488439755991
1555 0.04254483737836558
1556 0.04254479041071715
1557 0.04254474349529057
1558 0.04254469663256621
1559 0.04254464982284878
1560 0.0425446030662025
1561 0.0425445563624812
1562 0.0425445097117565
1563 0.04254446311437054
1564 0.04254441656930538
1565 0.04254437007540047
1566 0.0425443236316528
1567 0.04254427723709107
1568 0.04254423089108752
1569 0.04254418459325211
1570 0.04254413834320128
1571 0.04254409214061001
1572 0.04254404598437665
1573 0.04254399987502937
1574 0.04254395381277806
1575 0.04254390779616458
1576 0.04254386182166726
1577 0.04254381589040954
1578 0.04254377000462365
1579 0.04254372416548902
1580 0.0425436783732913
1581 0.04254363262808184
1582 0.04254358692998035
1583 0.04254354127903656
1584 0.0425434956752731
1585 0.04254345011870175
1586 0.04254340460891155
1587 0.04254335914605108
1588 0.04254331373029457
1589 0.04254326836163325
1590 0.04254322304005163
1591 0.04254317776547335
1592 0.04254313253780126
1593 0.0425430873568953
1594 0.04254304222314861
1595 0.04254299713635437
1596 0.04254295209621416
1597 0.04254290710278311
1598 0.04254286215576976
1599 0.0425428172549834
1600 0.0425427724003424
1601 0.04254272759176944
1602 0.04254268282916419
1603 0.04254263811216671
1604 0.0425425934403144
1605 0.04254254881325016
1606 0.04254250423083361
1607 0.0425424596929381
1608 0.0425424151993563
1609 0.0425423707499006
1610 0.0425423263445024
1611 0.04254228198308057
1612 0.04254223766556931
1613 0.04254219339182556
1614 0.0425421491616812
1615 0.04254210497506159
1616 0.04254206083196858
1617 0.04254201673248976
1618 0.04254197267580635
1619 0.04254192866097579
1620 0.04254188468673278
1621 0.04254184075549989
1622 0.04254179687047144
1623 0.04254175303409841
1624 0.04254170924598551
1625 0.04254166550501687
1626 0.04254162180988597
1627 0.04254157815925519
1628 0.04254153455250667
1629 0.04254149098921069
1630 0.04254144746923068
1631 0.04254140399264662
1632 0.04254136055952835
1633 0.04254131716984839
1634 0.04254127382351348
1635 0.04254123052046804
1636 0.04254118726074205
1637 0.04254114404404062
1638 0.04254110087010245
1639 0.04254105773940219
1640 0.0425410146524057
1641 0.04254097160941941
1642 0.04254092860986441
1643 0.04254088565282546
1644 0.0425408427373118
1645 0.04254079986251117
1646 0.0425407570282565
1647 0.04254071423409447
1648 0.04254067147955186
1649 0.04254062876456161
1650 0.04254058608937542
1651 0.04254054345425988
1652 0.04254050085934091
1653 0.04254045830460221
1654 0.04254041579006316
1655 0.04254037331574403
1656 0.04254033088166117
1657 0.04254028848773258
1658 0.04254024613389092
1659 0.04254020382018105
1660 0.04254016154606526
1661 0.04254011931141005
1662 0.04254007711620852
1663 0.04254003496045977
1664 0.04253999284414831
1665 0.04253995076723799
1666 0.04253990872982958
1667 0.04253986673228873
1668 0.04253982477439617
1669 0.04253978285608222
1670 0.04253974097777347
1671 0.04253969913940422
1672 0.04253965734075073
1673 0.04253961558171465
1674 0.0425395738623575
1675 0.04253953218273805
1676 0.04253949054288544
1677 0.04253944894289267
1678 0.04253940738260411
1679 0.04253936586157057
1680 0.04253932438010787
1681 0.04253928293850012
1682 0.04253924153686272
1683 0.04253920017538469
1684 0.04253915885415697
1685 0.04253911757338027
1686 0.04253907633273838
1687 0.04253903513234709
1688 0.04253899397257585
1689 0.04253895285370591
1690 0.04253891177565608
1691 0.04253887073734495
1692 0.04253882973798719
1693 0.04253878877746983
1694 0.04253874785592075
1695 0.04253870697369096
1696 0.04253866613239804
1697 0.04253862533324521
1698 0.04253858457515426
1699 0.04253854385639873
1700 0.04253850317586008
1701 0.04253846253334526
1702 0.0425384219287905
1703 0.04253838136228502
1704 0.04253834083391273
1705 0.04253830034340859
1706 0.04253825989232927
1707 0.04253821947772782
1708 0.04253817911664969
1709 0.04253813881487182
1710 0.04253809857110697
1711 0.04253805838062055
1712 0.04253801823926031
1713 0.04253797814406531
1714 0.04253793809139048
1715 0.04253789807776942
1716 0.04253785810066692
1717 0.04253781815810344
1718 0.04253777824859308
1719 0.04253773837119434
1720 0.04253769852525092
1721 0.04253765871035646
1722 0.04253761892622413
1723 0.04253757917261806
1724 0.04253753944930482
1725 0.0425374997560338
1726 0.04253746009275638
1727 0.0425374204577374
1728 0.04253738085042146
1729 0.04253734127090548
1730 0.04253730171942544
1731 0.04253726219603754
1732 0.04253722270062456
1733 0.0425371832331438
1734 0.04253714379324583
1735 0.04253710438048256
1736 0.04253706499441894
1737 0.04253702563464602
1738 0.0425369863006792
1739 0.0425369469923353
1740 0.04253690770938286
1741 0.04253686845112951
1742 0.04253682921721103
1743 0.04253679000729508
1744 0.04253675082077422
1745 0.04253671165690232
1746 0.042536672514875
1747 0.04253663339382087
1748 0.04253659429306799
1749 0.04253655521210509
1750 0.04253651615048362
1751 0.04253647710771559
1752 0.04253643808329582
1753 0.04253639907675334
1754 0.04253636008760538
1755 0.04253632111542037
1756 0.04253628215976987
1757 0.04253624322013539
1758 0.04253620429594834
1759 0.04253616538661532
1760 0.04253612649300111
1761 0.04253608761466605
1762 0.04253604875123991
1763 0.04253600990199725
1764 0.04253597106537622
1765 0.04253593223975239
1766 0.0425358934298584
1767 0.04253585463019611
1768 0.04253581583786588
1769 0.04253577704969212
1770 0.04253573826223691
1771 0.04253569947591052
1772 0.04253566069506223
1773 0.04253562192602239
1774 0.04253558317525481
1775 0.042535544448012
1776 0.04253550574802903
1777 0.04253546707757785
1778 0.04253542843832325
1779 0.04253538983078858
1780 0.04253535125428625
1781 0.04253531270724199
1782 0.042535274188728
1783 0.04253523570017273
1784 0.04253519724218942
1785 0.04253515881273393
1786 0.0425351203988392
1787 0.04253508192894673
1788 0.04253504346959842
1789 0.04253500506514271
1790 0.04253496673182083
1791 0.04253492848443985
1792 0.0425348903522943
1793 0.04253485236971553
1794 0.04253481456068859
1795 0.04253477694612415
1796 0.04253473952335588
1797 0.04253470229572326
1798 0.04253466519537339
1799 0.04253462817057979
1800 0.04253459117742282
1801 0.04253455418545675
1802 0.04253451718222402
1803 0.04253448017015642
1804 0.04253444316063406
1805 0.04253440616811923
1806 0.04253436920604925
1807 0.0425343322844569
1808 0.04253429540943626
1809 0.04253425858362671
1810 0.04253422180654781
1811 0.04253418507567484
1812 0.04253414838776547
1813 0.0425341117382458
1814 0.04253407512272518
1815 0.04253403853772737
1816 0.04253400197967611
1817 0.04253396545165396
1818 0.04253392896115157
1819 0.04253389250891554
1820 0.04253385609253762
1821 0.04253381970853944
1822 0.04253378335388976
1823 0.04253374702698241
1824 0.04253371072627398
1825 0.04253367444989013
1826 0.04253363819585703
1827 0.04253360196255142
1828 0.04253356574763847
1829 0.04253352954878357
1830 0.04253349336605099
1831 0.04253345719997706
1832 0.04253342106927984
1833 0.04253338497439006
1834 0.0425333489073994
1835 0.04253331286283459
1836 0.04253327683824842
1837 0.04253324083365335
1838 0.04253320485022043
1839 0.04253316889034661
1840 0.04253313295677582
1841 0.04253309705207588
1842 0.04253306117859559
1843 0.04253302533854243
1844 0.04253298953382343
1845 0.04253295376574636
1846 0.0425329180354512
1847 0.04253288241444868
1848 0.04253284683145105
1849 0.04253281124937697
1850 0.04253277568228737
1851 0.04253274014560279
1852 0.04253270464701487
1853 0.04253266918922122
1854 0.04253263377283224
1855 0.04253259839755751
1856 0.04253256306254832
1857 0.04253252776636809
1858 0.04253249250838399
1859 0.04253245728826035
1860 0.04253242210554214
1861 0.04253238695939389
1862 0.04253235184677236
1863 0.04253231676674975
1864 0.04253228172062578
1865 0.04253224670999698
1866 0.0425322117358574
1867 0.04253217679864423
1868 0.04253214189851915
1869 0.04253210703546284
1870 0.0425320722094276
1871 0.04253203742030669
1872 0.04253200266794148
1873 0.0425319679521463
1874 0.04253193327282879
1875 0.0425318986299415
1876 0.04253186402344663
1877 0.04253182945345108
1878 0.04253179491958055
1879 0.04253176042163853
1880 0.04253172595955253
1881 0.04253169153338413
1882 0.04253165714325732
1883 0.04253162278933595
1884 0.04253158847172236
1885 0.04253155419088928
1886 0.04253151994596112
1887 0.04253148573563809
1888 0.04253145156015753
1889 0.042531417419904
1890 0.04253138331548438
1891 0.0425313492469384
1892 0.04253131521416408
1893 0.0425312812170538
1894 0.04253124725554947
1895 0.04253121332956844
1896 0.0425311794391405
1897 0.04253114558434386
1898 0.0425311117652304
1899 0.04253107798181516
1900 0.04253104423572235
1901 0.04253101052688073
1902 0.04253097685513847
1903 0.04253094322084277
1904 0.04253090962640237
1905 0.04253087607173264
1906 0.04253084255691454
1907 0.04253080908240739
1908 0.04253077564866622
1909 0.0425307422547917
1910 0.04253070890009474
1911 0.04253067558406848
1912 0.04253064230672218
1913 0.04253060906814162
1914 0.04253057586764175
1915 0.0425305427047071
1916 0.04253050957895637
1917 0.04253047649032293
1918 0.04253044343870403
1919 0.0425304104236928
1920 0.04253037744436287
1921 0.0425303445001506
1922 0.04253031159086806
1923 0.04253027871810601
1924 0.04253024588600853
1925 0.04253021309640093
1926 0.04253018034780067
1927 0.04253014763845564
1928 0.04253011496687972
1929 0.04253008233195864
1930 0.04253004973285508
1931 0.04253001716893079
1932 0.04252998463970337
1933 0.0425299521447987
1934 0.04252991968387091
1935 0.04252988725666428
1936 0.04252985486301538
1937 0.04252982250288807
1938 0.04252979017637396
1939 0.04252975788352251
1940 0.04252972562431793
1941 0.04252969339876404
1942 0.04252966120689478
1943 0.04252962904875497
1944 0.04252959692445509
1945 0.04252956483406007
1946 0.0425295327775085
1947 0.04252950075475154
1948 0.04252946876575168
1949 0.04252943681034788
1950 0.04252940488834813
1951 0.04252937299882437
1952 0.04252934114253513
1953 0.04252930932006944
1954 0.04252927753164049
1955 0.04252924577717047
1956 0.04252921405632391
1957 0.04252918236869721
1958 0.04252915071431221
1959 0.04252911909279805
1960 0.04252908750388
1961 0.04252905594787579
1962 0.0425290244247272
1963 0.0425289929342343
1964 0.04252896147634171
1965 0.0425289300509577
1966 0.0425288986549693
1967 0.04252886728390581
1968 0.04252883593910958
1969 0.04252880462238432
1970 0.0425287733349706
1971 0.04252874207804102
1972 0.04252871084957737
1973 0.04252867964606403
1974 0.04252864846592534
1975 0.04252861730852552
1976 0.04252858617378638
1977 0.04252855506181506
1978 0.04252852397291519
1979 0.04252849290762908
1980 0.04252846186634555
1981 0.042528430849224
1982 0.04252839985581841
1983 0.04252836888574372
1984 0.04252833793904957
1985 0.04252830701631812
1986 0.04252827611806453
1987 0.04252824524459763
1988 0.04252821439606771
1989 0.04252818357251764
1990 0.04252815277388404
1991 0.04252812200013659
1992 0.04252809125131356
1993 0.04252806052717165
1994 0.04252802982740655
1995 0.04252799915175964
1996 0.04252796849999423
1997 0.04252793787186879
1998 0.04252790726712985
1999 0.04252787668553162
2000 0.04252784612679596
