"report-file-4"
"Iteration" "report-def-0"
("Iteration" "report-def-0")
1 733.5948379108004
2 366.8731892012069
3 183.5167163738201
4 91.84110285134136
5 46.0046668894496
6 23.08693942180685
7 11.6282103855125
8 5.898812787817906
9 3.033956745713631
10 1.601386808626349
11 0.8850421100181095
12 0.5266995600210703
13 0.3474663346333265
14 0.257750494071544
15 0.2127986785668254
16 0.1902306468565877
17 0.1788474474387607
18 0.1730491356112646
19 0.1700418051371682
20 0.1684285430631969
21 0.167514285476742
22 0.1669527995318208
23 0.166571006474517
24 0.1662827152999879
25 0.1660458120257262
26 0.165838183243572
27 0.1656490229596677
28 0.1654730222684388
29 0.1653082383951352
30 0.1651539226290885
31 0.1650099288058997
32 0.164876309856991
33 0.1647530552345461
34 0.1646401100709521
35 0.1645373360366421
36 0.1644444957776134
37 0.1643611978581204
38 0.1642869310009156
39 0.164221089022816
40 0.1641630411396496
41 0.1641120855890245
42 0.1640674639994463
43 0.1640284643771724
44 0.1639944148183265
45 0.1639646935167382
46 0.1639387111090346
47 0.1639159603625909
48 0.1638959715521461
49 0.1638783274942821
50 0.1638626742256422
51 0.1638485333361843
52 0.1638357610265442
53 0.163824141846087
54 0.1638134857334831
55 0.1638036612543935
56 0.1637945496915927
57 0.1637881163963402
58 0.1637797130494887
59 0.163772695217278
60 0.1637678602924451
61 0.1637610188876205
62 0.1637550549672353
63 0.1637490580368806
64 0.1637445406314861
65 0.1637383620756674
66 0.1637327594831336
67 0.1637281501884853
68 0.1637233981342764
69 0.1637179867361527
70 0.1637136303057483
71 0.163709082497671
72 0.1637039510321491
73 0.1636994982868578
74 0.1636940345065324
75 0.1636892220656407
76 0.1636835242587473
77 0.1636784328999536
78 0.1636725604743676
79 0.1636672795037581
80 0.1636612854826537
81 0.1636558866583686
82 0.1636498282335229
83 0.1636443887582817
84 0.1636383102040312
85 0.1636328884255306
86 0.1636268415601132
87 0.1636214568495258
88 0.1636154969903432
89 0.1636101361385933
90 0.1636042426845634
91 0.1635989412473454
92 0.1635931286670387
93 0.1635878809956915
94 0.1635821364395346
95 0.1635769353741713
96 0.163571251362654
97 0.1635661024203934
98 0.1635604852354458
99 0.1635553993534892
100 0.1635498472495847
101 0.1635448385141292
102 0.1635393452133587
103 0.1635344221375092
104 0.1635290189849854
105 0.163524186968996
106 0.1635188515602507
107 0.1635141044479967
108 0.1635088370654365
109 0.1635041694714109
110 0.163498957338579
111 0.1634943734543214
112 0.1634892230856819
113 0.1634841724021801
114 0.1634794668472896
115 0.1634742897872443
116 0.1634698007596284
117 0.1634648283387888
118 0.163459963556877
119 0.1634554573221049
120 0.1634505206061254
121 0.1634462518247561
122 0.1634415077577503
123 0.1634368430213576
124 0.1634325466009469
125 0.163427802174315
126 0.1634231709486585
127 0.1634189620956759
128 0.1634143194592956
129 0.1634097872967184
130 0.1634056828669941
131 0.1634011423928508
132 0.1633967023069949
133 0.1633926871485997
134 0.1633882450049057
135 0.1633838970495947
136 0.163379972833507
137 0.1633756359930215
138 0.1633713797983016
139 0.163366974872958
140 0.1633630846796407
141 0.1633588284862715
142 0.163354672587698
143 0.1633503791863517
144 0.1633466146840664
145 0.1633424605841963
146 0.1633383993962396
147 0.1633342042789152
148 0.1633299423912824
149 0.1633262963250276
150 0.163322266084183
151 0.1633183399698284
152 0.1633142873792359
153 0.1633101689983824
154 0.1633066844504589
155 0.1633027777465022
156 0.1632989692578835
157 0.1632950497143429
158 0.1632910769504169
159 0.1632870870260487
160 0.1632831156281642
161 0.1632791777715628
162 0.163275277121052
163 0.1632721064508888
164 0.1632684866430255
165 0.1632649246360852
166 0.1632612325474223
167 0.1632574754439159
168 0.1632536976995262
169 0.1632499407254473
170 0.1632462219977163
171 0.1632425438270608
172 0.1632389016905801
173 0.1632352892808754
174 0.1632317028877905
175 0.1632281400140052
176 0.1632245990947544
177 0.1632210800082157
178 0.1632175833332911
179 0.1632141095683768
180 0.1632106589129545
181 0.163207231237164
182 0.163203826077191
183 0.1632004427819954
184 0.1631970806138672
185 0.1631937386289759
186 0.1631904157779991
187 0.1631871106460065
188 0.1631838219989491
189 0.1631805489036527
190 0.1631772908574391
191 0.1631740545219562
192 0.1631708252235766
193 0.163167613106195
194 0.1631644211342631
195 0.1631612503190967
196 0.1631580995864837
197 0.1631549672388419
198 0.1631518524316013
199 0.1631487537426636
200 0.1631456702147862
201 0.1631426006986905
202 0.1631395438214248
203 0.1631364998754675
204 0.1631334688448843
205 0.1631304503074401
206 0.1631274440452137
207 0.1631244498163162
208 0.1631214673987613
209 0.1631184964526775
210 0.1631155366001948
211 0.1631125881419375
212 0.1631096508130445
213 0.1631067243218812
214 0.1631038084918023
215 0.163100903013677
216 0.163098008260289
217 0.1630951246960315
218 0.1630922511159168
219 0.1630893868408718
220 0.1630865313777829
221 0.1630836846560977
222 0.1630808470619325
223 0.1630780191854476
224 0.1630752014621988
225 0.1630723887204927
226 0.1630695872752861
227 0.1630667962662358
228 0.163064015020903
229 0.1630612442310469
230 0.1630584841147306
231 0.1630557347081595
232 0.1630529959803696
233 0.1630502673213155
234 0.1630475486165414
235 0.1630448398655923
236 0.1630421407142908
237 0.163039451219036
238 0.1630367715419204
239 0.1630341016996118
240 0.1630314417335899
241 0.1630287915802306
242 0.163026151113838
243 0.1630235201221396
244 0.1630208981314722
245 0.1630182852705542
246 0.1630156818624469
247 0.1630130881253562
248 0.1630105041081986
249 0.1630079299643138
250 0.1630053657571279
251 0.1630028114931149
252 0.1630002670766361
253 0.1629977324616527
254 0.1629952076112684
255 0.1629926923437534
256 0.1629901867713284
257 0.1629876911004069
258 0.1629852054293749
259 0.1629827298165896
260 0.1629802646485338
261 0.162977765196912
262 0.1629752924511597
263 0.1629728669981567
264 0.1629704606861617
265 0.1629680616267557
266 0.1629656684092538
267 0.1629632819782068
268 0.1629609031749187
269 0.1629585328333288
270 0.1629561714162028
271 0.1629538191677156
272 0.1629514763191592
273 0.162949143098129
274 0.1629468197565511
275 0.1629445065183947
276 0.1629422035100132
277 0.1629399108067822
278 0.162937628511132
279 0.1629353566793329
280 0.1629330953884603
281 0.1629308446972213
282 0.1629286048561217
283 0.1629263752184089
284 0.1629241553504745
285 0.1629219452119521
286 0.1629197449776421
287 0.162917555012536
288 0.1629153755294256
289 0.1629132065379356
290 0.1629110478570507
291 0.1629088992201636
292 0.1629067604970476
293 0.1629046316126033
294 0.1629025125102195
295 0.1629004031571708
296 0.1628983034690433
297 0.1628962133286781
298 0.1628941327204503
299 0.1628920615599515
300 0.1628900001047841
301 0.1628879484427978
302 0.1628859066671153
303 0.1628838748028445
304 0.1628818528213833
305 0.1628798407153202
306 0.1628778381673855
307 0.1628758450631373
308 0.1628738613747862
309 0.1628718870452962
310 0.162869922141543
311 0.1628679666598213
312 0.1628660205009605
313 0.1628640835853805
314 0.1628621558193126
315 0.1628602372278345
316 0.162858327788008
317 0.1628564274427053
318 0.1628545362315564
319 0.1628526539401384
320 0.1628507805152654
321 0.1628489160618071
322 0.1628470601648125
323 0.162845212865474
324 0.1628433741155981
325 0.162841544514783
326 0.1628397230168842
327 0.1628379097137798
328 0.1628361045980825
329 0.1628343075317497
330 0.1628325185208433
331 0.1628307376845498
332 0.1628289650255703
333 0.1628272003634565
334 0.1628254435670063
335 0.162823694579346
336 0.1628219533874652
337 0.1628202199523332
338 0.1628184942179994
339 0.1628167754607498
340 0.1628150631910437
341 0.1628133588113296
342 0.1628116625575623
343 0.1628099741215201
344 0.162808293157816
345 0.1628066194091982
346 0.1628049527994072
347 0.1628032933825032
348 0.1628016412425445
349 0.162799996639183
350 0.1627983595746802
351 0.1627967301198205
352 0.1627951082733101
353 0.1627934940415299
354 0.1627918874930872
355 0.1627902883024373
356 0.1627886964157137
357 0.1627871117889999
358 0.1627855342846165
359 0.162783963873441
360 0.162782400531324
361 0.1627808443856516
362 0.1627792954828803
363 0.1627777537570913
364 0.1627762190033482
365 0.1627746911215825
366 0.1627731700221818
367 0.1627716556048985
368 0.1627701478011444
369 0.1627686465159909
370 0.1627671516576981
371 0.1627656631742601
372 0.1627641810405537
373 0.1627627052324576
374 0.1627612357142084
375 0.1627597724924204
376 0.1627583169862805
377 0.1627568687122536
378 0.1627554259289979
379 0.1627539881167901
380 0.1627525556070583
381 0.1627511287312643
382 0.1627497076360009
383 0.1627482923192643
384 0.1627468827848912
385 0.1627454789691567
386 0.1627440804913022
387 0.1627426872915873
388 0.1627412994156211
389 0.1627399169011982
390 0.1627385398955559
391 0.1627371685868022
392 0.1627358030251289
393 0.1627344432164073
394 0.1627330887687881
395 0.1627317394467235
396 0.1627303950661738
397 0.1627290555471629
398 0.1627277206316665
399 0.1627263901311206
400 0.1627250641625421
401 0.1627237429964195
402 0.1627224269157466
403 0.1627211162288666
404 0.1627198110576722
405 0.1627185110622367
406 0.1627172158760018
407 0.1627159252529379
408 0.1627146392120533
409 0.1627133577970891
410 0.1627120810973642
411 0.1627108091926014
412 0.1627095421201013
413 0.1627082799024496
414 0.1627070225427218
415 0.1627057700114859
416 0.1627045222939013
417 0.1627032793823445
418 0.1627020412120873
419 0.1627008077344176
420 0.162699578897867
421 0.1626983546342945
422 0.162697134868138
423 0.1626959195609295
424 0.1626947087394529
425 0.1626935024720032
426 0.1626923006952181
427 0.1626911033313875
428 0.1626899103558415
429 0.1626887218627984
430 0.1626875377873823
431 0.1626863581184031
432 0.1626851828804498
433 0.1626840120977742
434 0.1626828458407221
435 0.1626816841177585
436 0.1626805268445535
437 0.1626793740928743
438 0.1626782258258808
439 0.1626770820427292
440 0.1626759427694004
441 0.1626748080483211
442 0.1626736779040746
443 0.1626725525843435
444 0.1626714322936128
445 0.1626703171389629
446 0.1626692071706008
447 0.1626681024372644
448 0.162667002459349
449 0.162665906904121
450 0.1626648156674387
451 0.16266372478135
452 0.1626626388336092
453 0.1626615579221177
454 0.1626604830663649
455 0.1626594134225091
456 0.1626583487257252
457 0.1626572887714018
458 0.1626562335259277
459 0.1626551829155339
460 0.1626541369097021
461 0.1626530954786422
462 0.1626520585613355
463 0.1626510260840623
464 0.1626499979751856
465 0.1626489741420569
466 0.1626479545316203
467 0.1626469390399828
468 0.162645928089339
469 0.1626449215799156
470 0.162643919294419
471 0.1626429211121027
472 0.1626419269139299
473 0.1626409365692749
474 0.1626399499509985
475 0.162638966988269
476 0.16263798764186
477 0.1626370119011136
478 0.1626360400440564
479 0.1626350723309476
480 0.1626341088716687
481 0.1626331497304709
482 0.162632194984502
483 0.1626312446654112
484 0.1626302987733021
485 0.1626293572810605
486 0.1626284201201554
487 0.1626274872171629
488 0.1626265585342788
489 0.1626256340340846
490 0.1626247136644771
491 0.162623797343725
492 0.1626228850430695
493 0.1626219767727891
494 0.1626210724599045
495 0.1626201720282907
496 0.1626192753991417
497 0.1626183825134633
498 0.1626174933677419
499 0.1626166079834772
500 0.1626157265332009
501 0.1626148491855624
502 0.1626139759075925
503 0.1626131066460791
504 0.1626122413638502
505 0.162611380063413
506 0.162610522752107
507 0.1626096694266373
508 0.1626088200982021
509 0.1626079748198325
510 0.1626071335744625
511 0.1626062962756763
512 0.1626054627326095
513 0.1626046329196203
514 0.1626038068715987
515 0.162602984593049
516 0.1626021660807671
517 0.1626013513338901
518 0.1626005402297712
519 0.1625997326555716
520 0.1625989285748428
521 0.1625981280154423
522 0.1625973310428772
523 0.1625965377439014
524 0.1625957481995648
525 0.1625949624707342
526 0.1625941805966595
527 0.1625934026761133
528 0.1625926286508637
529 0.1625918585249231
530 0.1625910924335081
531 0.1625903305117861
532 0.1625895729176877
533 0.1625888198584604
534 0.1625880714584764
535 0.1625873277668072
536 0.1625865888020602
537 0.1625858545550832
538 0.1625851250100614
539 0.1625844001572843
540 0.1625836799949097
541 0.1625829644896949
542 0.1625822536266844
543 0.1625815473793205
544 0.162580845716992
545 0.1625801486108459
546 0.1625794560262228
547 0.1625787679332153
548 0.1625780842980849
549 0.1625774050937268
550 0.1625767302938259
551 0.1625760597927352
552 0.1625753934574263
553 0.162574731175838
554 0.1625740729110981
555 0.1625734186341565
556 0.1625727689152107
557 0.1625721251467334
558 0.1625714859970578
559 0.1625708506168158
560 0.1625702188298947
561 0.1625695908098126
562 0.1625689667632664
563 0.1625683467781807
564 0.1625677308016092
565 0.162567118675168
566 0.1625665101870428
567 0.1625659051417929
568 0.1625653033737649
569 0.1625647047549251
570 0.1625641092093494
571 0.162563516694991
572 0.1625629271859633
573 0.1625623406727001
574 0.1625617571346015
575 0.1625611959049803
576 0.1625606515608544
577 0.162560111921286
578 0.162559572018362
579 0.1625590314704185
580 0.1625584908452516
581 0.1625579509019691
582 0.1625574121286332
583 0.1625568748184194
584 0.1625563395708668
585 0.1625558066900632
586 0.1625552759755877
587 0.1625547472674261
588 0.1625542206430867
589 0.1625536963158006
590 0.1625531743354106
591 0.1625526545651085
592 0.1625521369348583
593 0.1625516215417387
594 0.1625511085366106
595 0.1625505980769578
596 0.1625500903133198
597 0.1625495853877543
598 0.1625490834335305
599 0.1625485845911716
600 0.1625480889699346
601 0.1625475966437978
602 0.1625471076935499
603 0.1625466221704427
604 0.1625461400740707
605 0.1625456614715623
606 0.1625452008423497
607 0.1625447477832672
608 0.1625442939549865
609 0.1625438385282898
610 0.1625433826509869
611 0.1625429276473836
612 0.1625424744463669
613 0.1625420236686068
614 0.1625415756828251
615 0.162541130728793
616 0.1625406889751583
617 0.1625402505469042
618 0.1625398154954828
619 0.1625393836472614
620 0.1625389549972637
621 0.1625385295122751
622 0.1625381071297429
623 0.1625376879229129
624 0.1625372719781795
625 0.1625368593213685
626 0.1625364499280254
627 0.1625360437496824
628 0.1625356406332225
629 0.1625352404822398
630 0.1625348432529624
631 0.1625344489046052
632 0.1625340573943486
633 0.1625336686885434
634 0.1625332827520567
635 0.1625328995548276
636 0.1625325190539606
637 0.1625321408951678
638 0.1625317649880786
639 0.1625313913364113
640 0.1625310199759392
641 0.1625306508831923
642 0.1625302840121235
643 0.1625299193080247
644 0.1625295567406152
645 0.1625291963015251
646 0.1625288379935149
647 0.1625284818106758
648 0.1625281277420112
649 0.162527775752925
650 0.1625274257887042
651 0.1625270779232272
652 0.1625267323249067
653 0.1625263888320612
654 0.1625260473912367
655 0.1625257080052357
656 0.1625253707969467
657 0.1625250357607238
658 0.162524703141359
659 0.1625243730894412
660 0.1625240456718499
661 0.1625237209714484
662 0.1625233990446895
663 0.162523079815704
664 0.1625227633560648
665 0.1625224496902046
666 0.1625221388414481
667 0.1625218307455604
668 0.1625215254859099
669 0.1625212231610652
670 0.162520923840752
671 0.162520627577248
672 0.162520334414867
673 0.1625200443766895
674 0.162519757478898
675 0.1625194737481013
676 0.1625191931263739
677 0.1625189155688204
678 0.1625186412073434
679 0.1625183703794565
680 0.1625181030971579
681 0.1625178389206039
682 0.1625175775775697
683 0.1625173184889242
684 0.1625170617027351
685 0.1625168071536997
686 0.1625165547300683
687 0.1625163043535887
688 0.1625160558567952
689 0.1625158104750208
690 0.1625155673550202
691 0.1625153256638714
692 0.1625150851097346
693 0.162514845858979
694 0.1625146081635692
695 0.1625143723044989
696 0.1625141385288581
697 0.1625139069212068
698 0.162513677418141
699 0.1625134498160666
700 0.162513224615645
701 0.1625130012224885
702 0.1625127793209732
703 0.1625125588008851
704 0.162512339636004
705 0.162512121862897
706 0.1625119055153836
707 0.1625116906331068
708 0.1625114766387952
709 0.1625112638048918
710 0.1625110523224199
711 0.1625108422544004
712 0.1625106336273689
713 0.162510425569023
714 0.1625102194697944
715 0.1625100162968349
716 0.162509816095943
717 0.1625096184316299
718 0.1625094227642671
719 0.1625092286283682
720 0.1625090357215386
721 0.1625088439175453
722 0.1625086532336825
723 0.1625084637958122
724 0.1625082758155815
725 0.162508089560295
726 0.1625079052822408
727 0.1625077232070689
728 0.1625075434452873
729 0.1625073662306179
730 0.1625071919803269
731 0.162507020836055
732 0.1625068527657122
733 0.1625066876782943
734 0.1625065254572841
735 0.1625063660082095
736 0.1625062092679773
737 0.1625060551757312
738 0.1625059036792548
739 0.1625057547233483
740 0.162505608274172
741 0.1625054643171044
742 0.1625053227902458
743 0.1625051836424543
744 0.1625050468538723
745 0.1625049124162891
746 0.1625047803210161
747 0.1625046506568036
748 0.1625045234850407
749 0.1625043987207186
750 0.1625042763451423
751 0.1625041557964449
752 0.1625040370762778
753 0.1625039201564148
754 0.1625038049449056
755 0.1625036913251133
756 0.1625035791906811
757 0.1625034683573244
758 0.1625033586517374
759 0.1625032507803995
760 0.1625031440861225
761 0.1625030379998279
762 0.1625029324182985
763 0.16250282758091
764 0.1625027238080001
765 0.1625026214724843
766 0.1625025210106222
767 0.1625024218854834
768 0.1625023237323558
769 0.1625022263511308
770 0.1625021297626677
771 0.1625020340059463
772 0.1625019392867408
773 0.1625018457769709
774 0.1625017533195507
775 0.1625016616154726
776 0.162501570726162
777 0.1625014806188941
778 0.1625013911709013
779 0.1625013013311382
780 0.1625012129174263
781 0.1625011270482492
782 0.1625010437578224
783 0.162500962694144
784 0.1625008889348231
785 0.1625008153403419
786 0.1625007392516518
787 0.1625006613378595
788 0.1625005824092258
789 0.1625005032479351
790 0.1625004244714978
791 0.1625003465885405
792 0.1625002700477263
793 0.1625001951863559
794 0.162500122266021
795 0.1625000514736929
796 0.1624999829277779
797 0.1624999166675703
798 0.1624998527077684
799 0.1624997912596129
800 0.1624997323531795
801 0.1624996759246417
802 0.1624996218389285
803 0.1624995699421541
804 0.1624995199892067
805 0.1624994717786668
806 0.1624994253178335
807 0.1624993806304242
808 0.1624993376912473
809 0.1624992964404747
810 0.1624992568151895
811 0.1624992187641454
812 0.1624991822568801
813 0.162499147278152
814 0.1624991138333202
815 0.1624990819505779
816 0.1624990516455698
817 0.1624990229043198
818 0.1624989957144573
819 0.1624989700605232
820 0.1624989459137584
821 0.1624989232030735
822 0.1624989018904145
823 0.1624988819137571
824 0.1624988632640627
825 0.1624988458862428
826 0.1624988296983666
827 0.1624988146577618
828 0.1624988005923217
829 0.1624987875034922
830 0.16249877542226
831 0.1624987643017943
832 0.1624987541708269
833 0.1624987450331524
834 0.1624987367936522
835 0.1624987292874417
836 0.1624987224249052
837 0.1624987161103613
838 0.1624987102733359
839 0.1624987048644395
840 0.1624986998410813
841 0.1624986951564578
842 0.1624986907550439
843 0.1624986865999794
844 0.1624986825971904
845 0.1624986784887913
846 0.1624986742599629
847 0.1624986701070456
848 0.1624986661994383
849 0.1624986625534847
850 0.1624986590794688
851 0.1624986555686784
852 0.162498651330069
853 0.1624986472578523
854 0.1624986445621359
855 0.1624986436246332
856 0.1624986441363648
857 0.1624986455403358
858 0.1624986473482057
859 0.1624986491828139
860 0.1624986410154842
861 0.1624986335263887
862 0.1624986249723504
863 0.1624986157053744
864 0.1624986076283353
865 0.1624986018018082
866 0.162498598621059
867 0.16249859811919
868 0.1624986002675542
869 0.1624986049909751
870 0.1624986121881686
871 0.1624986217495602
872 0.1624986335741008
873 0.1624986475675271
874 0.1624986636316675
875 0.162498681667066
876 0.1624987016829991
877 0.1624987235141665
878 0.1624987500264358
879 0.1624987811948597
880 0.1624988155134352
881 0.1624988515913977
882 0.1624988887381374
883 0.1624989270034493
884 0.1624989669330337
885 0.1624990089951858
886 0.1624990533754329
887 0.1624991002555998
888 0.1624991495594044
889 0.1624992010086393
890 0.1624992544958663
891 0.1624993092336735
892 0.162499365394448
893 0.1624994254694507
894 0.1624994944938473
895 0.1624995708414065
896 0.1624996509324517
897 0.1624997572684832
898 0.1624998827585665
899 0.1625000132161438
900 0.1625001379028338
901 0.1625002501693607
902 0.1625003467421569
903 0.1625004263983143
904 0.1625004894477813
905 0.1625005367393916
906 0.1625005695454985
907 0.1625005895950479
908 0.1625005987269328
909 0.1625005987653469
910 0.1625005914887853
911 0.1625005785273422
912 0.162500561443519
913 0.1625005414798163
914 0.162500519612873
915 0.1625004965007814
916 0.1625004726240698
917 0.1625004482990128
918 0.162500423693501
919 0.1625003989633285
920 0.1625003742709057
921 0.1625003497521757
922 0.1625003256299255
923 0.1625003016515891
924 0.1625002775824257
925 0.1625002532369599
926 0.1625002284012076
927 0.1625002016573812
928 0.1625001738953376
929 0.1625001447988874
930 0.1625001139586721
931 0.1625000814945151
932 0.1625000476644848
933 0.1625000133002091
934 0.1624999790504873
935 0.1624999451453342
936 0.1624999114646042
937 0.1624998776603527
938 0.1624998433150941
939 0.1624998079296403
940 0.162499770774181
941 0.1624997314000001
942 0.1624996889555584
943 0.16249964143253
944 0.1624995858306974
945 0.1624995154792853
946 0.162499465750764
947 0.162499435982684
948 0.1624994170212767
949 0.1624994004946033
950 0.1624993859323214
951 0.1624993782230404
952 0.1624993826795001
953 0.1624994008756237
954 0.1624994309229849
955 0.1624994684388873
956 0.1624995092152718
957 0.1624995502572187
958 0.1624995896359654
959 0.1624996264309801
960 0.16249966060702
961 0.1624996927081335
962 0.1624997235232659
963 0.1624997536366277
964 0.1624997841184875
965 0.1624998159906144
966 0.1624998497705992
967 0.1624998856004191
968 0.1624999233873457
969 0.1624999629401482
970 0.1625000041026421
971 0.1625000461335644
972 0.1625000883322383
973 0.1625001305798094
974 0.1625001729019121
975 0.1625002199835796
976 0.1625002729900982
977 0.1625003307176448
978 0.1625003916961776
979 0.1625004551175136
980 0.1625005208496262
981 0.1625005890702342
982 0.1625006599383496
983 0.1625007333473761
984 0.1625008092332995
985 0.1625008876755515
986 0.1625009688645572
987 0.1625010530970845
988 0.1625011407418153
989 0.1625012321198313
990 0.1625013272490559
991 0.1625014261186157
992 0.1625015287822852
993 0.1625016354552175
994 0.162501745465601
995 0.1625018589467331
996 0.162501982589296
997 0.1625021186771396
998 0.1625022637057589
999 0.162502415682011
1000 0.1625025756936445
1001 0.1625027367119467
1002 0.1625029119796209
1003 0.1625030888614527
1004 0.1625032567976259
1005 0.1625034115308473
1006 0.1625035564814993
1007 0.1625036876679498
1008 0.162503803600618
1009 0.1625039045419352
1010 0.1625039910838042
1011 0.1625040641837334
1012 0.1625041254486254
1013 0.1625041762241266
1014 0.1625042178622942
1015 0.1625042516216626
1016 0.1625042782878535
1017 0.1625042989274039
1018 0.162504315223384
1019 0.1625043279683504
1020 0.1625043378603041
1021 0.1625043455612249
1022 0.162504351357879
1023 0.1625043553136429
1024 0.1625043581848784
1025 0.1625043603970227
1026 0.1625043621762271
1027 0.162504363638352
1028 0.1625043649476872
1029 0.1625043664000291
1030 0.1625043682906093
1031 0.1625043708790394
1032 0.1625043743552128
1033 0.1625043788470698
1034 0.1625043844156042
1035 0.1625043910074636
1036 0.1625043985975164
1037 0.1625044066779883
1038 0.1625044144609934
1039 0.1625044208341435
1040 0.1625044240305913
1041 0.1625044216857971
1042 0.1625044079941677
1043 0.1625043739520153
1044 0.162504352677725
1045 0.1625043812632725
1046 0.1625044419918626
1047 0.1625045087700612
1048 0.1625045647510956
1049 0.162504606748559
1050 0.1625046442713252
1051 0.162504701061707
1052 0.1625047787399588
1053 0.1625048683909186
1054 0.162504961289284
1055 0.1625050520609937
1056 0.162505138647605
1057 0.1625052212792078
1058 0.1625053005378034
1059 0.1625053767676935
1060 0.1625054500702401
1061 0.1625055204782931
1062 0.1625055882458942
1063 0.1625056599569109
1064 0.1625057373494628
1065 0.1625058191469047
1066 0.1625059038904993
1067 0.1625059909393897
1068 0.1625060804549685
1069 0.1625061729366386
1070 0.1625062688107125
1071 0.1625063682086732
1072 0.1625064710631084
1073 0.1625065773005246
1074 0.162506686980153
1075 0.162506800149815
1076 0.1625069169203741
1077 0.1625070374951159
1078 0.1625071623673345
1079 0.1625072924425315
1080 0.1625074285657658
1081 0.1625075712050078
1082 0.1625077205226212
1083 0.1625078765090176
1084 0.1625080391436334
1085 0.1625082082198789
1086 0.1625083839352761
1087 0.162508566915761
1088 0.162508765015817
1089 0.1625089861981556
1090 0.1625092266510155
1091 0.1625094748777114
1092 0.1625097192864517
1093 0.162509950631139
1094 0.162510174171781
1095 0.1625103998009688
1096 0.1625106216193027
1097 0.1625108381433411
1098 0.1625110487139481
1099 0.1625112524242464
1100 0.1625114487413472
1101 0.1625116369045588
1102 0.1625118146840187
1103 0.1625119810232377
1104 0.16251213533595
1105 0.1625122775146109
1106 0.1625124079798687
1107 0.1625125254365474
1108 0.1625126327735292
1109 0.1625127324213933
1110 0.1625128260350117
1111 0.1625129148045152
1112 0.1625129994737861
1113 0.1625130809044976
1114 0.1625131598336985
1115 0.162513236769944
1116 0.1625133120856761
1117 0.1625133861710241
1118 0.1625134592886274
1119 0.1625135317068954
1120 0.1625136037794507
1121 0.162513675861944
1122 0.1625137482553924
1123 0.1625138213671875
1124 0.1625138951403806
1125 0.1625139692322785
1126 0.1625140431436118
1127 0.1625141159250399
1128 0.1625141860449836
1129 0.1625142516906453
1130 0.1625143006072245
1131 0.16251433052684
1132 0.1625143855057923
1133 0.1625144670454096
1134 0.162514577672656
1135 0.1625147039805006
1136 0.1625148338880407
1137 0.1625149615847422
1138 0.162515087270945
1139 0.1625152141465598
1140 0.1625153447413487
1141 0.1625154788902248
1142 0.1625156142285328
1143 0.1625157480799857
1144 0.1625158790833939
1145 0.1625160076757265
1146 0.1625161355098106
1147 0.1625162644607367
1148 0.1625163957834978
1149 0.1625165300159143
1150 0.1625166673418093
1151 0.1625168077839767
1152 0.1625169514180918
1153 0.1625170984531107
1154 0.162517249179873
1155 0.1625174038553195
1156 0.1625175626669997
1157 0.1625177257366509
1158 0.162517893177596
1159 0.1625180641280719
1160 0.1625182441958682
1161 0.1625184338013043
1162 0.1625186290445706
1163 0.1625188249526307
1164 0.1625190175906351
1165 0.1625192049699676
1166 0.1625193869444402
1167 0.1625195645432651
1168 0.1625197391737948
1169 0.1625199120708692
1170 0.1625200841713844
1171 0.1625202559939087
1172 0.1625204276305556
1173 0.1625205991678624
1174 0.1625207707453863
1175 0.1625209425285485
1176 0.1625211146805678
1177 0.1625212873338991
1178 0.1625214605727325
1179 0.1625216344224306
1180 0.1625218088555952
1181 0.1625219838151848
1182 0.1625221592093485
1183 0.1625223350306164
1184 0.1625225113287099
1185 0.1625226881194719
1186 0.1625228653510566
1187 0.1625230429353506
1188 0.162523220769373
1189 0.1625233987577578
1190 0.162523576827789
1191 0.1625237549368859
1192 0.1625239330537993
1193 0.1625241111581452
1194 0.1625242892197784
1195 0.1625244672025662
1196 0.1625246450914142
1197 0.1625248228806037
1198 0.1625250005380359
1199 0.1625251779637945
1200 0.1625253550796459
1201 0.1625255317977595
1202 0.1625257080533074
1203 0.1625258838345221
1204 0.162526059167024
1205 0.1625262341222877
1206 0.1625264088072226
1207 0.1625265833163526
1208 0.162526757704418
1209 0.1625269320022355
1210 0.1625271062220446
1211 0.1625272803624702
1212 0.1625274544096126
1213 0.1625276283570685
1214 0.1625278021472831
1215 0.1625279757440591
1216 0.1625281491112441
1217 0.1625283222191218
1218 0.1625284950196482
1219 0.1625286674801364
1220 0.162528839564401
1221 0.1625290112438637
1222 0.1625291824969849
1223 0.1625293533048456
1224 0.1625295236493886
1225 0.1625296935201796
1226 0.1625298629068922
1227 0.1625300317977132
1228 0.1625302001853537
1229 0.1625303680650117
1230 0.1625305354320445
1231 0.1625307022868094
1232 0.1625308686535262
1233 0.1625310345408612
1234 0.1625311999384188
1235 0.1625313648633548
1236 0.1625315293220341
1237 0.1625316933404349
1238 0.1625318569247266
1239 0.1625320200784123
1240 0.1625321828110665
1241 0.1625323451335157
1242 0.1625325070594648
1243 0.1625326685989285
1244 0.1625328297436323
1245 0.1625329904920777
1246 0.1625331508369855
1247 0.1625333107649665
1248 0.1625334702728397
1249 0.1625336293438889
1250 0.162533787958174
1251 0.1625339461021109
1252 0.1625341037708903
1253 0.1625342609637886
1254 0.1625344177847556
1255 0.1625345744136167
1256 0.1625347307659264
1257 0.1625348867342774
1258 0.1625350422164095
1259 0.1625351971445388
1260 0.1625353515550521
1261 0.1625355055216768
1262 0.162535659123414
1263 0.162535812405526
1264 0.1625359653152707
1265 0.1625361177832402
1266 0.1625362698044988
1267 0.1625364214037797
1268 0.1625365726215714
1269 0.1625367235079425
1270 0.1625368740936721
1271 0.1625370244158278
1272 0.1625371745221197
1273 0.16253732446053
1274 0.1625374742712938
1275 0.162537623983227
1276 0.1625377736235301
1277 0.1625379232054343
1278 0.1625380729332227
1279 0.1625382229037904
1280 0.1625383731854072
1281 0.1625385238285011
1282 0.1625386748690915
1283 0.1625388263332171
1284 0.1625389782272037
1285 0.1625391305327155
1286 0.1625392832612932
1287 0.1625394364259063
1288 0.1625395900624935
1289 0.1625397441704394
1290 0.1625398987670604
1291 0.162540053839259
1292 0.1625402093666839
1293 0.1625403653296007
1294 0.1625405217110281
1295 0.1625406784976262
1296 0.1625408356672573
1297 0.1625409932266785
1298 0.162541151139621
1299 0.1625413093277358
1300 0.1625414677039399
1301 0.1625416263400444
1302 0.1625417851280503
1303 0.1625419439226395
1304 0.1625421026119236
1305 0.1625422611717985
1306 0.1625424196496778
1307 0.1625425781597445
1308 0.1625427366173697
1309 0.1625428951073626
1310 0.1625430537380939
1311 0.1625432126108483
1312 0.1625433718039041
1313 0.1625435313816785
1314 0.1625436913662726
1315 0.1625438518263334
1316 0.1625440128536521
1317 0.1625441745071448
1318 0.1625443367837598
1319 0.1625444996815461
1320 0.1625446631963179
1321 0.1625448273076274
1322 0.1625449919879368
1323 0.1625451572033136
1324 0.1625453229782808
1325 0.1625454893538731
1326 0.1625456563507697
1327 0.1625458239778725
1328 0.162545992181195
1329 0.1625461609397684
1330 0.1625463302298791
1331 0.1625465000189614
1332 0.1625466702861343
1333 0.1625468410220897
1334 0.1625470122226643
1335 0.1625471838831949
1336 0.162547356007831
1337 0.1625475286031204
1338 0.1625477016461643
1339 0.1625478751472628
1340 0.1625480491150596
1341 0.1625482235625657
1342 0.1625483985072521
1343 0.1625485739606175
1344 0.162548749925975
1345 0.1625489264038053
1346 0.1625491033950691
1347 0.1625492808984597
1348 0.1625494589012883
1349 0.1625496373817862
1350 0.1625498163040417
1351 0.1625499956381048
1352 0.1625501753353856
1353 0.1625503553211961
1354 0.1625505355964302
1355 0.1625507161628243
1356 0.1625508970321218
1357 0.1625510782123764
1358 0.1625512596595774
1359 0.1625514413223017
1360 0.1625516231666197
1361 0.1625518051762182
1362 0.1625519873495795
1363 0.162552169690003
1364 0.1625523521999564
1365 0.1625525348695242
1366 0.1625527176817919
1367 0.1625529006740944
1368 0.1625530838770519
1369 0.1625532673106283
1370 0.1625534510125801
1371 0.1625536349506245
1372 0.1625538191084588
1373 0.1625540035543016
1374 0.1625541883744577
1375 0.1625543736040265
1376 0.1625545592373704
1377 0.1625547452444199
1378 0.1625549316236408
1379 0.1625551183680233
1380 0.1625553055021002
1381 0.1625554930562035
1382 0.1625556810592257
1383 0.1625558695421534
1384 0.1625560586838003
1385 0.1625562486834947
1386 0.1625564395400844
1387 0.16255663117969
1388 0.1625568235323356
1389 0.1625570165343419
1390 0.162557210128928
1391 0.1625574042801375
1392 0.1625575989891381
1393 0.1625577943754823
1394 0.1625579904331097
1395 0.1625581871715032
1396 0.1625583846225718
1397 0.1625585828176299
1398 0.1625587817833515
1399 0.1625589815846309
1400 0.1625591822419418
1401 0.1625593835707148
1402 0.1625595854443722
1403 0.1625597878003857
1404 0.1625599905619757
1405 0.1625601937147303
1406 0.1625603972630651
1407 0.1625606012172164
1408 0.162560805611602
1409 0.1625610105194324
1410 0.1625612159879134
1411 0.162561422056772
1412 0.1625616287402046
1413 0.1625618360300491
1414 0.1625620438916425
1415 0.1625622522602286
1416 0.1625624610673542
1417 0.1625626702555313
1418 0.1625628797765347
1419 0.1625630895835932
1420 0.1625632996361761
1421 0.1625635098999289
1422 0.1625637203261937
1423 0.1625639308578385
1424 0.1625641414708767
1425 0.1625643521794798
1426 0.1625645629783938
1427 0.1625647738698049
1428 0.1625649848677378
1429 0.1625651959829414
1430 0.1625654072240181
1431 0.1625656186022419
1432 0.1625658301302838
1433 0.1625660418242975
1434 0.1625662536984391
1435 0.1625664657648221
1436 0.1625666780335037
1437 0.1625668905094342
1438 0.1625671031980128
1439 0.1625673161054892
1440 0.1625675292370488
1441 0.1625677425958609
1442 0.1625679561811149
1443 0.1625681699955243
1444 0.1625683840407944
1445 0.1625685983117514
1446 0.162568812798908
1447 0.1625690274873849
1448 0.1625692423861661
1449 0.1625694575250128
1450 0.1625696729045884
1451 0.1625698885214984
1452 0.1625701043760046
1453 0.1625703203935271
1454 0.1625705365781094
1455 0.1625707530055713
1456 0.1625709697373421
1457 0.1625711868133207
1458 0.1625714042627758
1459 0.1625716221050997
1460 0.1625718403566483
1461 0.1625720590248743
1462 0.1625722781097468
1463 0.1625724976148054
1464 0.1625727175421006
1465 0.1625729378933178
1466 0.162573158668765
1467 0.1625733797902431
1468 0.1625736012555057
1469 0.1625738230839487
1470 0.1625740452957773
1471 0.1625742679046582
1472 0.1625744909559786
1473 0.1625747144092326
1474 0.162574938241039
1475 0.1625751624442734
1476 0.1625753870057192
1477 0.1625756119210428
1478 0.162575837174638
1479 0.16257606273598
1480 0.1625762885883816
1481 0.162576514726958
1482 0.1625767411525126
1483 0.1625769678496096
1484 0.1625771948099673
1485 0.1625774220242498
1486 0.1625776494837665
1487 0.162577877178757
1488 0.1625781050998412
1489 0.1625783331958516
1490 0.1625785613648045
1491 0.1625787895501843
1492 0.1625790177635489
1493 0.1625792460445742
1494 0.1625794744339635
1495 0.1625797029664538
1496 0.1625799316729395
1497 0.1625801605767824
1498 0.1625803896949381
1499 0.1625806190396612
1500 0.162580848621126
1501 0.1625810784474629
1502 0.1625813085252199
1503 0.1625815388574534
1504 0.1625817694431883
1505 0.1625820002806965
1506 0.1625822313685221
1507 0.162582462705606
1508 0.1625826942911523
1509 0.1625829261243608
1510 0.1625831582073125
1511 0.1625833905741106
1512 0.1625836231921691
1513 0.1625838560548577
1514 0.1625840891595711
1515 0.1625843225074479
1516 0.1625845561046946
1517 0.1625847899578229
1518 0.1625850240715273
1519 0.1625852584475891
1520 0.162585493080123
1521 0.1625857279600941
1522 0.1625859630902856
1523 0.162586198483928
1524 0.1625864341384257
1525 0.1625866700484034
1526 0.162586906216604
1527 0.1625871426440907
1528 0.1625873793296466
1529 0.1625876162751424
1530 0.1625878534815414
1531 0.1625880909533926
1532 0.1625883286932716
1533 0.1625885667042573
1534 0.1625888049844837
1535 0.1625890435301862
1536 0.1625892823362324
1537 0.1625895213962298
1538 0.162589760705183
1539 0.162590000262446
1540 0.1625902400058785
1541 0.1625904798535313
1542 0.1625907197498951
1543 0.1625909596787572
1544 0.1625911996667666
1545 0.1625914397439471
1546 0.1625916799032829
1547 0.1625919201698526
1548 0.1625921605572617
1549 0.1625924010605316
1550 0.1625926416750746
1551 0.1625928823903293
1552 0.1625931231825544
1553 0.1625933640250136
1554 0.1625936048958265
1555 0.1625938457796456
1556 0.1625940866712463
1557 0.1625943275751905
1558 0.1625945684922164
1559 0.1625948094248462
1560 0.1625950503809324
1561 0.1625952913718827
1562 0.162595532406967
1563 0.1625957734908139
1564 0.1625960146336119
1565 0.1625962558412379
1566 0.162596497120942
1567 0.1625967384760087
1568 0.1625969799063905
1569 0.1625972214134715
1570 0.162597462996187
1571 0.1625977046511268
1572 0.1625979463643067
1573 0.1625981881356961
1574 0.1625984299638775
1575 0.1625986718596353
1576 0.1625989138469498
1577 0.1625991559084112
1578 0.1625993980370168
1579 0.1625996402286702
1580 0.1625998824765857
1581 0.1626001247767388
1582 0.162600367125257
1583 0.1626006095192652
1584 0.1626008519565667
1585 0.1626010944352066
1586 0.1626013369549099
1587 0.1626015795134685
1588 0.1626018221091826
1589 0.1626020647421587
1590 0.1626023074111193
1591 0.1626025501150407
1592 0.1626027928494878
1593 0.1626030356081556
1594 0.1626032783823585
1595 0.1626035211818621
1596 0.1626037640156709
1597 0.1626040068725687
1598 0.1626042497483659
1599 0.1626044926415715
1600 0.1626047355502742
1601 0.1626049784719207
1602 0.1626052214046992
1603 0.1626054643483877
1604 0.1626057073052471
1605 0.1626059502735437
1606 0.1626061932506716
1607 0.162606436234306
1608 0.1626066792226774
1609 0.1626069222123893
1610 0.1626071651998002
1611 0.1626074081815238
1612 0.1626076511542413
1613 0.1626078941160066
1614 0.1626081370649047
1615 0.1626083799983257
1616 0.1626086229090235
1617 0.1626088658339725
1618 0.1626091087548036
1619 0.1626093516536308
1620 0.1626095945314833
1621 0.1626098373899384
1622 0.1626100802408415
1623 0.1626103230871896
1624 0.1626105659300151
1625 0.1626108087620852
1626 0.1626110515723848
1627 0.1626112943565303
1628 0.1626115370889747
1629 0.1626117797597161
1630 0.1626120223638011
1631 0.1626122649003393
1632 0.1626125073707303
1633 0.1626127497785179
1634 0.1626129921281934
1635 0.1626132344261547
1636 0.1626134766835717
1637 0.1626137189104131
1638 0.1626139611048975
1639 0.1626142032589915
1640 0.1626144453733957
1641 0.1626146874575306
1642 0.1626149295205055
1643 0.1626151715706075
1644 0.1626154136117658
1645 0.1626156556445481
1646 0.1626158976698132
1647 0.1626161396851169
1648 0.1626163816867815
1649 0.1626166236711907
1650 0.1626168656348614
1651 0.1626171075742449
1652 0.1626173494863782
1653 0.1626175913689605
1654 0.1626178332196347
1655 0.1626180750363732
1656 0.1626183168171916
1657 0.1626185585608912
1658 0.1626188002662919
1659 0.1626190419309664
1660 0.1626192835563622
1661 0.1626195251429523
1662 0.1626197666899777
1663 0.1626200081947096
1664 0.1626202496531118
1665 0.1626204910576866
1666 0.1626207324001527
1667 0.1626209736721503
1668 0.1626212148884278
1669 0.1626214560511202
1670 0.1626216971439414
1671 0.1626219381653638
1672 0.1626221791118027
1673 0.1626224199792144
1674 0.1626226607648532
1675 0.1626229014668006
1676 0.1626231420856673
1677 0.1626233826223957
1678 0.1626236230776522
1679 0.1626238634539129
1680 0.1626241037520796
1681 0.1626243439685603
1682 0.1626245840966787
1683 0.1626248241323469
1684 0.1626250640731611
1685 0.162625303917065
1686 0.1626255436665825
1687 0.1626257833207521
1688 0.1626260228755014
1689 0.1626262623325401
1690 0.1626265017282152
1691 0.1626267410341297
1692 0.1626269802468416
1693 0.1626272193729804
1694 0.1626274583913119
1695 0.1626276972771802
1696 0.1626279360107459
1697 0.1626281745851515
1698 0.1626284130043549
1699 0.1626286512765297
1700 0.1626288894105486
1701 0.1626291274027559
1702 0.1626293652596189
1703 0.16262960298685
1704 0.1626298405882105
1705 0.1626300780644512
1706 0.1626303154093835
1707 0.162630552219908
1708 0.1626307881434784
1709 0.1626310231542951
1710 0.1626312573945476
1711 0.1626314910331858
1712 0.1626317242177179
1713 0.1626319570686626
1714 0.1626321896923611
1715 0.1626324221693567
1716 0.1626326545478973
1717 0.1626328868525501
1718 0.1626331190961696
1719 0.1626333512837349
1720 0.1626335834148221
1721 0.1626338154880861
1722 0.1626340475018387
1723 0.1626342794544595
1724 0.1626345113448042
1725 0.1626347431727416
1726 0.1626349749416614
1727 0.1626352066536757
1728 0.1626354383100172
1729 0.162635669912007
1730 0.1626359014621404
1731 0.1626361329632608
1732 0.1626363644170384
1733 0.1626365958268819
1734 0.1626368271986487
1735 0.1626370585382975
1736 0.1626372898510182
1737 0.1626375211389817
1738 0.1626377524014995
1739 0.1626379836346455
1740 0.1626382148411211
1741 0.162638446038794
1742 0.1626386772282445
1743 0.162638908400898
1744 0.1626391395580673
1745 0.1626393707005251
1746 0.162639601828116
1747 0.1626398329390044
1748 0.1626400640338973
1749 0.1626402951146348
1750 0.1626405261802404
1751 0.1626407572284093
1752 0.162640988257174
1753 0.1626412192653513
1754 0.1626414502515051
1755 0.1626416812130597
1756 0.1626419121475352
1757 0.1626421430509493
1758 0.1626423739214687
1759 0.1626426047819976
1760 0.1626428356670367
1761 0.1626430665921568
1762 0.1626432975798182
1763 0.1626435286422722
1764 0.1626437597579461
1765 0.1626439909303067
1766 0.1626442221245019
1767 0.162644453265319
1768 0.1626446843601911
1769 0.1626449154475422
1770 0.1626451465397907
1771 0.1626453776190955
1772 0.1626456086577993
1773 0.1626458396146878
1774 0.1626460704507072
1775 0.1626463011399424
1776 0.1626465316645528
1777 0.1626467620126482
1778 0.1626469921779282
1779 0.1626472221598034
1780 0.1626474519620536
1781 0.1626476815929195
1782 0.1626479110607719
1783 0.1626481403579736
1784 0.1626483694871814
1785 0.1626485984554047
1786 0.1626488273387773
1787 0.1626490546698257
1788 0.1626492809539501
1789 0.1626495069015686
1790 0.1626497328803793
1791 0.1626499589614611
1792 0.1626501850072027
1793 0.1626504108448309
1794 0.1626506362882698
1795 0.1626508612491414
1796 0.1626510857708445
1797 0.1626513098894215
1798 0.1626515335965915
1799 0.1626517573097538
1800 0.1626519813968083
1801 0.1626522060644723
1802 0.1626524313922605
1803 0.1626526573708501
1804 0.1626528839396783
1805 0.1626531110184592
1806 0.162653338527465
1807 0.1626535664018555
1808 0.1626537945918595
1809 0.1626540230660438
1810 0.1626542518018273
1811 0.1626544807843099
1812 0.1626547100004387
1813 0.1626549394525779
1814 0.1626551691503967
1815 0.1626553990810528
1816 0.1626556292348253
1817 0.1626558595923692
1818 0.1626560901227037
1819 0.1626563208150413
1820 0.1626565516702207
1821 0.1626567826896315
1822 0.1626570138809981
1823 0.1626572452568901
1824 0.1626574768240248
1825 0.1626577085866543
1826 0.1626579405470575
1827 0.1626581727054522
1828 0.1626584050457056
1829 0.1626586375655856
1830 0.1626588702648214
1831 0.1626591031398706
1832 0.1626593361439539
1833 0.1626595692339528
1834 0.1626598024212619
1835 0.1626600357698431
1836 0.1626602692897027
1837 0.1626605029766519
1838 0.1626607368483822
1839 0.1626609708976089
1840 0.162661205118434
1841 0.1626614395059681
1842 0.1626616740574077
1843 0.1626619087738375
1844 0.1626621436591986
1845 0.1626623787261874
1846 0.1626626139705395
1847 0.1626628484827706
1848 0.1626630828879194
1849 0.1626633176002861
1850 0.1626635526428583
1851 0.1626637879916378
1852 0.1626640236740425
1853 0.1626642597096798
1854 0.162664496101692
1855 0.1626647328434249
1856 0.1626649699190981
1857 0.1626652073085183
1858 0.1626654449926548
1859 0.1626656829565806
1860 0.1626659211899679
1861 0.1626661596915638
1862 0.1626663984521481
1863 0.1626666374696017
1864 0.162666876744244
1865 0.1626671162717036
1866 0.162667356045464
1867 0.1626675960591895
1868 0.1626678363071189
1869 0.1626680767843296
1870 0.1626683174875429
1871 0.1626685584127749
1872 0.1626687995549255
1873 0.1626690409110147
1874 0.1626692824804612
1875 0.1626695242639962
1876 0.1626697662617194
1877 0.1626700084705029
1878 0.1626702508881553
1879 0.162670493513532
1880 0.1626707363463328
1881 0.1626709793821803
1882 0.1626712226158398
1883 0.1626714660398192
1884 0.1626717096457919
1885 0.1626719534217362
1886 0.1626721973729298
1887 0.1626724415091811
1888 0.162672685819902
1889 0.1626729303032581
1890 0.1626731749542202
1891 0.1626734197727624
1892 0.1626736647588272
1893 0.162673909914155
1894 0.1626741552395863
1895 0.1626744007392299
1896 0.1626746464115713
1897 0.1626748922547789
1898 0.1626751382666535
1899 0.1626753844455161
1900 0.1626756307911248
1901 0.1626758772990839
1902 0.1626761239669743
1903 0.1626763707921556
1904 0.1626766177631618
1905 0.1626768648686601
1906 0.1626771121043965
1907 0.1626773594662016
1908 0.1626776070009338
1909 0.1626778546791225
1910 0.1626781024949081
1911 0.1626783504499278
1912 0.1626785985209425
1913 0.1626788466987954
1914 0.1626790949764192
1915 0.1626793433490703
1916 0.1626795918130042
1917 0.1626798403672721
1918 0.1626800890163782
1919 0.1626803377465246
1920 0.1626805865592082
1921 0.1626808354578793
1922 0.1626810844462643
1923 0.162681333536406
1924 0.1626815827320731
1925 0.1626818320220076
1926 0.1626820813969196
1927 0.1626823308523408
1928 0.1626825803880796
1929 0.1626828300072264
1930 0.1626830797148792
1931 0.1626833295161133
1932 0.1626835794182497
1933 0.1626838294255522
1934 0.1626840795407115
1935 0.1626843297640391
1936 0.1626845800939955
1937 0.1626848305276443
1938 0.1626850810624771
1939 0.1626853316965524
1940 0.1626855824280537
1941 0.1626858332552682
1942 0.1626860841766967
1943 0.1626863351911877
1944 0.1626865862993903
1945 0.1626868375028582
1946 0.1626870888009573
1947 0.1626873401916732
1948 0.1626875916731092
1949 0.1626878432447301
1950 0.1626880949065795
1951 0.1626883466601698
1952 0.1626885985081767
1953 0.1626888504566551
1954 0.1626891025112198
1955 0.1626893546753649
1956 0.1626896069496581
1957 0.1626898593307487
1958 0.1626901118130294
1959 0.1626903644100147
1960 0.1626906171288055
1961 0.1626908699534156
1962 0.1626911228813706
1963 0.1626913759097254
1964 0.1626916290349052
1965 0.1626918822549999
1966 0.1626921355627241
1967 0.1626923889509341
1968 0.162692642437144
1969 0.1626928960318186
1970 0.1626931497404001
1971 0.1626934035818506
1972 0.1626936575770609
1973 0.1626939117332608
1974 0.1626941660515572
1975 0.1626944205281819
1976 0.1626946751560649
1977 0.1626949299288352
1978 0.1626951848340603
1979 0.1626954398594324
1980 0.1626956950053896
1981 0.1626959502896805
1982 0.1626962056770625
1983 0.1626964611574739
1984 0.1626967167246078
1985 0.1626969723635922
1986 0.1626972280622807
1987 0.1626974838109704
1988 0.1626977396023607
1989 0.1626979954312086
1990 0.1626982512973471
1991 0.1626985071993579
1992 0.1626987631281475
1993 0.1626990190850655
1994 0.1626992750722472
1995 0.162699531092157
1996 0.1626997871471935
1997 0.1627000432393979
1998 0.1627002993706679
1999 0.1627005555426128
2000 0.1627008117574658
