"drag-rfile"
"Iteration" "drag"
("Iteration" "drag")
1 0.04108910941538649
2 0.04108894511534877
3 0.04108909448139134
4 0.04108923620554607
5 0.04108936344113934
6 0.04108945663592539
7 0.04108947569472687
8 0.04108947495720405
9 0.04108945013728375
10 0.04108940261437879
11 0.04108929402334789
12 0.04108918939106899
13 0.04108909222231679
14 0.04108901266132275
15 0.04108894945421428
16 0.04108890495180054
17 0.04108887655251539
18 0.04108886169435043
19 0.04108885639974629
20 0.04108885632665583
21 0.04108885711941912
22 0.04108885502341436
23 0.04108884729097164
24 0.04108883237349316
25 0.04108880992137412
26 0.04108878061844938
27 0.04108874592360744
28 0.04108870775306322
29 0.04108866817966148
30 0.04108862918401582
31 0.04108859241946872
32 0.04108855903307822
33 0.04108852946131655
34 0.04108850374775087
35 0.04108848124466538
36 0.04108846094052394
37 0.04108844125960436
38 0.04108842116136368
39 0.04108840010997176
40 0.04108837726904473
41 0.04108835216022759
42 0.04108832464418087
43 0.04108829489269859
44 0.04108826335508557
45 0.0410882306787225
46 0.04108819756691673
47 0.04108816488373865
48 0.04108813331889741
49 0.04108810342983452
50 0.04108807557170953
51 0.04108804930133104
52 0.04108802544722234
53 0.04108800357884641
54 0.04108798268189953
55 0.04108796244193531
56 0.04108794286849202
57 0.04108792336284635
58 0.04108790327668489
59 0.04108788261528379
60 0.04108786092131556
61 0.04108783700523959
62 0.04108781229444712
63 0.04108778665180336
64 0.04108776018854943
65 0.04108773223239409
66 0.0410877035192358
67 0.0410876745934372
68 0.04108764592787284
69 0.04108761793548117
70 0.04108759152988461
71 0.04108756653369557
72 0.0410875426609774
73 0.04108751926854293
74 0.04108749643828614
75 0.04108747411271586
76 0.04108745219059018
77 0.04108743054306234
78 0.04108740885620608
79 0.0410873869305983
80 0.04108736498555573
81 0.04108734254436407
82 0.04108732060723613
83 0.04108729892082767
84 0.04108727694293285
85 0.0410872551827258
86 0.04108723256694685
87 0.0410872101136444
88 0.04108718739060782
89 0.04108716419210161
90 0.0410871412197937
91 0.04108711802592028
92 0.04108709445566515
93 0.04108707125256848
94 0.04108704814773045
95 0.04108702489772514
96 0.04108700217151194
97 0.04108697959975036
98 0.0410869568668387
99 0.04108693445469046
100 0.04108691258141198
101 0.04108689104828147
102 0.04108686983742823
103 0.04108684887442705
104 0.04108682749711354
105 0.04108680634762007
106 0.04108678509737439
107 0.0410867639842416
108 0.04108674282825304
109 0.04108672147927335
110 0.04108670034963523
111 0.04108667908131986
112 0.04108665791901685
113 0.04108663700611623
114 0.04108661568331441
115 0.04108659453698924
116 0.04108657323970644
117 0.04108655174459937
118 0.0410865305809832
119 0.0410865095645587
120 0.04108648850931018
121 0.04108646804660952
122 0.04108644786545507
123 0.04108642790069529
124 0.0410864080271368
125 0.04108638817774399
126 0.04108636818823788
127 0.04108634814261942
128 0.04108632817601046
129 0.04108630826412167
130 0.04108628835611502
131 0.04108626844849451
132 0.04108624882626454
133 0.04108622915848759
134 0.04108620967528145
135 0.0410861901950316
136 0.04108617044727318
137 0.04108615090753144
138 0.04108613124305652
139 0.04108611068637025
140 0.04108609036557897
141 0.04108607006021705
142 0.04108604992562494
143 0.04108603001507135
144 0.0410860101216548
145 0.04108599077816246
146 0.04108597177944092
147 0.04108595301441991
148 0.0410859343556015
149 0.04108591584562088
150 0.04108589725354558
151 0.04108587885429067
152 0.0410858605563087
153 0.04108584158632824
154 0.04108582281542157
155 0.04108580404031902
156 0.04108578501779221
157 0.04108576621412718
158 0.04108574739540966
159 0.04108572853430049
160 0.04108570934262558
161 0.04108569049176409
162 0.04108567186547387
163 0.04108565339013807
164 0.04108563506314369
165 0.0410856168696933
166 0.04108559864427087
167 0.04108558010277293
168 0.04108556158931534
169 0.04108554281511917
170 0.04108552420811051
171 0.04108550565449411
172 0.04108548721458403
173 0.04108546915619835
174 0.04108545096960114
175 0.04108543289619199
176 0.04108541509078079
177 0.04108539718811754
178 0.04108537938814568
179 0.04108536172979788
180 0.04108534393673166
181 0.0410853262124936
182 0.04108530871436674
183 0.0410852915226471
184 0.04108527429519913
185 0.04108525682575952
186 0.04108523929105756
187 0.04108522159618141
188 0.04108520380828963
189 0.04108518610111894
190 0.04108516847140549
191 0.04108515092562296
192 0.04108513346672856
193 0.04108511609104634
194 0.04108509881627997
195 0.04108508162789966
196 0.04108506450424118
197 0.04108504742474913
198 0.04108503040970154
199 0.04108501341500288
200 0.04108499643762344
201 0.04108497949636281
202 0.0410849622268209
203 0.04108494508114062
204 0.04108492815095704
205 0.04108491124169696
206 0.04108489444095519
207 0.04108487757679335
208 0.04108486068176114
209 0.04108484397516482
210 0.04108482724577996
211 0.04108481048373212
212 0.04108479391877347
213 0.04108477735882488
214 0.04108476076395967
215 0.04108474436175293
216 0.04108472794391009
217 0.0410847115090625
218 0.04108469524065807
219 0.04108467893879922
220 0.0410846625966075
221 0.04108464642647233
222 0.04108463046408999
223 0.04108461448116249
224 0.04108459859369445
225 0.04108458250645569
226 0.04108456631055448
227 0.04108455022538963
228 0.04108453408659715
229 0.04108451783439785
230 0.04108450174323936
231 0.04108448572785988
232 0.04108446990083214
233 0.04108445435054652
234 0.04108443873180203
235 0.04108442292283633
236 0.04108440705067649
237 0.04108439111829425
238 0.04108437543756376
239 0.0410843599201673
240 0.04108434470396729
241 0.041084329094797
242 0.04108431325095861
243 0.04108429739559249
244 0.04108428190780931
245 0.04108426654872282
246 0.04108425123954029
247 0.04108423608283211
248 0.04108422093242984
249 0.04108420588085183
250 0.04108419045596247
251 0.04108417514079201
252 0.04108416007249899
253 0.04108414469572253
254 0.04108412918017889
255 0.04108411365228383
256 0.0410840985232961
257 0.04108408347874007
258 0.04108406869175159
259 0.04108405422129129
260 0.04108403996198821
261 0.04108402583037191
262 0.04108401160967677
263 0.04108399725922338
264 0.0410839826058814
265 0.04108396789235237
266 0.04108395309671208
267 0.04108393823043926
268 0.04108392332585217
269 0.04108390816472631
270 0.04108389267093032
271 0.04108387725257855
272 0.04108386205416824
273 0.04108384707447656
274 0.0410838325326733
275 0.04108381828538781
276 0.04108380385338627
277 0.04108378937675338
278 0.04108377507983284
279 0.04108376096847279
280 0.04108374710528168
281 0.04108373334056268
282 0.04108371958507934
283 0.04108370629989298
284 0.04108369295860771
285 0.04108367932894032
286 0.0410836654601115
287 0.04108365124094441
288 0.04108363680461119
289 0.04108362220416172
290 0.04108360768405767
291 0.04108359328274166
292 0.04108357901831704
293 0.04108356491686554
294 0.04108355104622316
295 0.04108353713018101
296 0.04108352315351133
297 0.04108350921444599
298 0.04108349540678283
299 0.04108348190035381
300 0.04108346875730989
301 0.04108345569379377
302 0.04108344297662593
303 0.04108343033413118
304 0.04108341785384553
305 0.04108340559749728
306 0.04108339334425548
307 0.04108338113195237
308 0.04108336886046041
309 0.04108335655970405
310 0.04108334413176732
311 0.04108333153196509
312 0.04108331889590023
313 0.04108330589379618
314 0.04108329150356278
315 0.04108327684148811
316 0.04108326196313482
317 0.04108324703802068
318 0.0410832321137713
319 0.04108321683253331
320 0.04108320152118877
321 0.04108318627674414
322 0.04108317135445903
323 0.04108315689825844
324 0.04108314352897779
325 0.04108313034839302
326 0.04108311741755113
327 0.04108310499279783
328 0.04108309241329459
329 0.04108307995427608
330 0.04108306780461723
331 0.04108305573600048
332 0.04108304388668218
333 0.04108303184367563
334 0.0410830195217264
335 0.04108300692303749
336 0.04108299401967865
337 0.04108298079480905
338 0.04108296740808871
339 0.04108295362014894
340 0.04108293973025672
341 0.04108292586787254
342 0.04108291203088798
343 0.0410828984227562
344 0.04108288515204416
345 0.04108287222664068
346 0.04108285975054599
347 0.04108284757548618
348 0.0410828356578738
349 0.04108282393166775
350 0.04108281235321262
351 0.04108280077125987
352 0.04108278911898756
353 0.04108277735216526
354 0.04108276543143066
355 0.04108275340955036
356 0.04108274121781837
357 0.04108272889167618
358 0.04108271646684432
359 0.04108270394811844
360 0.04108269139837113
361 0.04108267886933541
362 0.04108266643743684
363 0.04108265411807257
364 0.04108264198353826
365 0.04108262995739718
366 0.04108261803290313
367 0.04108260618627966
368 0.04108259440014564
369 0.0410825826498089
370 0.0410825708993374
371 0.04108255914656392
372 0.0410825474340673
373 0.04108253573847699
374 0.04108252403204354
375 0.04108251226097518
376 0.0410825004445497
377 0.04108248864114074
378 0.04108247680629069
379 0.04108246496571043
380 0.04108245320601905
381 0.04108244144166011
382 0.04108242973975048
383 0.04108241809454781
384 0.04108240650424189
385 0.04108239492101667
386 0.0410823833600872
387 0.04108237182447666
388 0.04108236031190489
389 0.04108234881948129
390 0.04108233734339528
391 0.04108232588245658
392 0.04108231447367376
393 0.04108230290982177
394 0.04108229134412228
395 0.0410822797855713
396 0.04108226825181623
397 0.0410822567663278
398 0.0410822454207481
399 0.04108223410761241
400 0.04108222285804981
401 0.04108221176480119
402 0.04108220076236316
403 0.0410821898172369
404 0.04108217890090071
405 0.04108216799082099
406 0.0410821570913109
407 0.041082146178017
408 0.04108213518419517
409 0.04108212412134667
410 0.04108211292891218
411 0.041082101756416
412 0.0410820906067393
413 0.04108207949676554
414 0.0410820684389314
415 0.04108205744139046
416 0.04108204650596233
417 0.04108203538092597
418 0.04108202405548707
419 0.04108201278580084
420 0.04108200164728847
421 0.04108199067606858
422 0.04108197981306968
423 0.0410819690460808
424 0.04108195836218009
425 0.04108194775029998
426 0.04108193712077811
427 0.04108192653320288
428 0.04108191596775213
429 0.0410819054096869
430 0.04108189484399372
431 0.04108188422598918
432 0.04108187358082295
433 0.04108186293054841
434 0.04108185233585047
435 0.04108184179239188
436 0.04108183129100782
437 0.04108182084787719
438 0.0410818104470115
439 0.04108180010452264
440 0.04108178977585642
441 0.04108177949602777
442 0.04108176924906962
443 0.04108175902142911
444 0.04108174880567463
445 0.04108173865105208
446 0.04108172852678108
447 0.04108171841375523
448 0.04108170829654741
449 0.04108169808481296
450 0.04108168784021377
451 0.0410816775240353
452 0.04108166716593228
453 0.0410816567898878
454 0.04108164649120541
455 0.04108163626423291
456 0.04108162607658258
457 0.04108161594627289
458 0.04108160587187588
459 0.0410815958469978
460 0.04108158584494526
461 0.04108157588551386
462 0.04108156595529745
463 0.04108155604621731
464 0.04108154614869995
465 0.04108153626074298
466 0.04108152638407454
467 0.04108151651833098
468 0.04108150666660872
469 0.041081496830065
470 0.04108148698809815
471 0.04108147714872665
472 0.04108146731630753
473 0.04108145749521151
474 0.04108144768880063
475 0.04108143788443335
476 0.04108142809246413
477 0.04108141831936273
478 0.04108140856748942
479 0.04108139884216307
480 0.04108138914890925
481 0.04108137948756575
482 0.04108136985757661
483 0.04108136025767468
484 0.04108135068617488
485 0.0410813411375163
486 0.04108133160963397
487 0.04108132205444526
488 0.04108131254289064
489 0.04108130306525849
490 0.04108129357163389
491 0.04108128412799004
492 0.04108127472209874
493 0.04108126530230768
494 0.04108125588617778
495 0.04108124648206146
496 0.04108123717169294
497 0.04108122786502042
498 0.04108121857013766
499 0.04108120934254975
500 0.04108120020293492
501 0.04108119111581834
502 0.04108118200658503
503 0.04108117287717102
504 0.04108116377433783
505 0.04108115467478917
506 0.04108114556159664
507 0.04108113642767992
508 0.04108112727301861
509 0.04108111810100001
510 0.04108110891881599
511 0.04108109973504748
512 0.04108109056055051
513 0.04108108140453536
514 0.04108107227530344
515 0.04108106313908548
516 0.04108105400831575
517 0.04108104484796177
518 0.04108103574632784
519 0.04108102670371556
520 0.04108101772520101
521 0.04108100880654478
522 0.04108099987350324
523 0.04108099100985588
524 0.04108098218830308
525 0.04108097339591504
526 0.04108096462363412
527 0.04108095586331371
528 0.04108094710840635
529 0.04108093835515234
530 0.04108092960069384
531 0.04108092084547076
532 0.04108091204561422
533 0.04108090320698275
534 0.04108089435644895
535 0.04108088553580123
536 0.04108087674983708
537 0.04108086803717061
538 0.04108085934484464
539 0.04108085068451395
540 0.04108084206296699
541 0.04108083345048245
542 0.04108082484913977
543 0.04108081624835503
544 0.04108080765059532
545 0.04108079905832027
546 0.04108079047574154
547 0.04108078190833695
548 0.04108077338280921
549 0.04108076492955467
550 0.04108075653484974
551 0.04108074818565768
552 0.04108073981061102
553 0.04108073144414177
554 0.04108072307625801
555 0.04108071470146696
556 0.0410807063178432
557 0.04108069792673873
558 0.04108068953276068
559 0.04108068114254379
560 0.04108067276335749
561 0.04108066439740722
562 0.04108065605632119
563 0.04108064773826717
564 0.04108063944663035
565 0.04108063116607244
566 0.04108062292780731
567 0.04108061476044112
568 0.04108060664371847
569 0.04108059855651824
570 0.04108059048839627
571 0.04108058242744902
572 0.0410805743654826
573 0.04108056629897838
574 0.04108055822538145
575 0.0410805501479822
576 0.04108054206197278
577 0.04108053397055767
578 0.04108052587801404
579 0.04108051779509662
580 0.04108050972370005
581 0.04108050166010756
582 0.0410804936102372
583 0.0410804855650574
584 0.0410804775329181
585 0.04108046952611708
586 0.0410804615366029
587 0.04108045356810706
588 0.04108044566433074
589 0.04108043780563442
590 0.04108042998098984
591 0.04108042218114803
592 0.04108041439634709
593 0.04108040660927494
594 0.04108039881381617
595 0.04108039101252821
596 0.04108038320788504
597 0.04108037541093479
598 0.04108036761990114
599 0.04108035983897095
600 0.04108035206902061
601 0.04108034431254157
602 0.04108033657123801
603 0.04108032884831152
604 0.04108032114266257
605 0.04108031345316807
606 0.04108030577845115
607 0.04108029811726387
608 0.04108029046841356
609 0.04108028283090708
610 0.04108027521232763
611 0.04108026760843895
612 0.04108026001359122
613 0.04108025242810928
614 0.04108024484907653
615 0.04108023727920315
616 0.04108022970098171
617 0.04108022212598422
618 0.04108021455482862
619 0.04108020699646812
620 0.04108019945721472
621 0.04108019194160326
622 0.04108018446080835
623 0.0410801770489671
624 0.04108016968543717
625 0.04108016235560594
626 0.04108015504860876
627 0.04108014775330467
628 0.0410801404607273
629 0.04108013316384277
630 0.04108012585775343
631 0.04108011853963604
632 0.04108011120945186
633 0.04108010386928331
634 0.04108009654823441
635 0.04108008923848944
636 0.04108008193777181
637 0.04108007464554191
638 0.0410800673625149
639 0.04108006007600297
640 0.04108005279442264
641 0.04108004552370233
642 0.04108003826767867
643 0.04108003101279887
644 0.04108002376949439
645 0.0410800165436548
646 0.04108000933544827
647 0.04108000214830624
648 0.04107999500214547
649 0.04107998788856582
650 0.04107998080193326
651 0.04107997373673303
652 0.04107996668762458
653 0.04107995965091603
654 0.04107995261987293
655 0.04107994559235983
656 0.04107993856687616
657 0.04107993154310939
658 0.04107992452140884
659 0.04107991750294544
660 0.04107991048931534
661 0.04107990348257508
662 0.04107989647982004
663 0.04107988948548505
664 0.04107988250277559
665 0.0410798755342386
666 0.04107986857338189
667 0.04107986162471969
668 0.04107985470353905
669 0.04107984780517544
670 0.04107984092645958
671 0.04107983406433559
672 0.04107982721613236
673 0.04107982037886181
674 0.04107981356577863
675 0.04107980673275238
676 0.04107979988934711
677 0.04107979305460319
678 0.04107978622876129
679 0.04107977941453738
680 0.04107977261481827
681 0.04107976583194477
682 0.04107975906790402
683 0.04107975233175384
684 0.04107974561999274
685 0.04107973892935735
686 0.04107973225794161
687 0.04107972560025788
688 0.04107971895199438
689 0.04107971230931775
690 0.04107970566922736
691 0.04107969902870048
692 0.0410796923875838
693 0.04107968574859027
694 0.04107967910633584
695 0.04107967246572987
696 0.04107966583074484
697 0.04107965920499826
698 0.04107965259175304
699 0.04107964599380844
700 0.04107963941321018
701 0.04107963285104207
702 0.04107962630735544
703 0.04107961978129177
704 0.04107961327177148
705 0.04107960678381011
706 0.0410796003200425
707 0.04107959387336727
708 0.04107958742906317
709 0.04107958098750605
710 0.04107957454828727
711 0.04107956809135955
712 0.0410795616272162
713 0.04107955516320511
714 0.04107954870620666
715 0.04107954226219546
716 0.04107953583583462
717 0.04107952943027512
718 0.04107952304868023
719 0.0410795166901879
720 0.0410795103536527
721 0.04107950403409966
722 0.04107949772791349
723 0.0410794914322609
724 0.04107948514420141
725 0.0410794788613866
726 0.04107947258225417
727 0.04107946630609707
728 0.04107946003306274
729 0.04107945376391044
730 0.04107944750010066
731 0.04107944124314459
732 0.04107943499622845
733 0.04107942876324083
734 0.04107942254409392
735 0.04107941633901402
736 0.0410794101478018
737 0.0410794039704198
738 0.04107939780697282
739 0.04107939165660574
740 0.04107938551843875
741 0.04107937939160296
742 0.0410793732748049
743 0.04107936716695423
744 0.0410793610669868
745 0.0410793549741451
746 0.04107934888775573
747 0.04107934280761458
748 0.04107933673375361
749 0.04107933066532861
750 0.04107932460215804
751 0.04107931855036893
752 0.04107931250896453
753 0.04107930647879321
754 0.04107930045929135
755 0.04107929445031788
756 0.0410792884451434
757 0.04107928244624234
758 0.04107927645548208
759 0.0410792704742655
760 0.04107926450363017
761 0.04107925854880082
762 0.04107925260803236
763 0.04107924667976783
764 0.04107924074993864
765 0.04107923483141598
766 0.04107922892382566
767 0.04107922302797529
768 0.04107921714431095
769 0.04107921127253647
770 0.04107920541190018
771 0.04107919955668976
772 0.04107919370263004
773 0.04107918785001981
774 0.04107918199918373
775 0.04107917616572793
776 0.0410791703480138
777 0.04107916454647911
778 0.04107915876066555
779 0.04107915298937604
780 0.04107914721441792
781 0.04107914143839243
782 0.04107913566208429
783 0.04107912988685431
784 0.04107912412530307
785 0.04107911837830713
786 0.0410791126475708
787 0.04107910693057708
788 0.0410791012176569
789 0.04107909551082616
790 0.04107908980964139
791 0.04107908411439831
792 0.0410790784259279
793 0.0410790727449696
794 0.04107906708371026
795 0.0410790614387336
796 0.04107905580842741
797 0.04107905019147803
798 0.04107904458647
799 0.04107903899132807
800 0.04107903340362543
801 0.04107902783706829
802 0.04107902228288746
803 0.04107901673721592
804 0.04107901119661835
805 0.04107900565275583
806 0.04107900010652547
807 0.04107899455884258
808 0.04107898899582784
809 0.04107898342474843
810 0.04107897785070225
811 0.04107897228009987
812 0.04107896671892299
813 0.04107896117251758
814 0.04107895564498047
815 0.04107895015281477
816 0.04107894467774381
817 0.04107893922088459
818 0.04107893378012036
819 0.04107892835253594
820 0.04107892295367817
821 0.0410789175728062
822 0.04107891218899293
823 0.04107890680081427
824 0.04107890142000083
825 0.04107889604127342
826 0.04107889066404846
827 0.04107888528318929
828 0.04107887990110373
829 0.04107887451993494
830 0.04107886914256975
831 0.04107886377143432
832 0.04107885841259994
833 0.04107885305337555
834 0.04107884769992534
835 0.04107884234513005
836 0.04107883699646976
837 0.04107883164832741
838 0.04107882630933408
839 0.04107882097745309
840 0.04107881565868015
841 0.04107881035621756
842 0.04107880507142076
843 0.04107879980403231
844 0.04107879455927865
845 0.04107878933156581
846 0.04107878411656538
847 0.04107877891060335
848 0.0410787737108181
849 0.04107876851520662
850 0.04107876332261459
851 0.04107875813253942
852 0.04107875294499817
853 0.0410787477605012
854 0.04107874257974245
855 0.04107873740280228
856 0.04107873223136153
857 0.0410787270668868
858 0.04107872191079973
859 0.04107871676403978
860 0.0410787116256822
861 0.04107870649552076
862 0.0410787013729634
863 0.04107869625786822
864 0.04107869115009582
865 0.04107868604940872
866 0.0410786809562227
867 0.04107867587035853
868 0.04107867079223371
869 0.04107866572180184
870 0.0410786606589661
871 0.0410786556030158
872 0.04107865055414863
873 0.04107864551327925
874 0.04107864049191318
875 0.04107863548885234
876 0.04107863049284994
877 0.0410786255019178
878 0.04107862051451881
879 0.04107861553003871
880 0.04107861054848765
881 0.04107860557015263
882 0.0410786005955014
883 0.04107859562230105
884 0.04107859065346672
885 0.04107858568962871
886 0.04107858073089084
887 0.04107857577747295
888 0.0410785708296878
889 0.0410785658878333
890 0.04107856095542284
891 0.0410785560262162
892 0.04107855110908178
893 0.04107854621278716
894 0.04107854133243892
895 0.04107853646013763
896 0.0410785315948734
897 0.04107852673900472
898 0.04107852188921572
899 0.04107851704322323
900 0.04107851219777197
901 0.04107850735469966
902 0.04107850251283678
903 0.04107849766947891
904 0.04107849281490154
905 0.04107848795315428
906 0.04107848308939833
907 0.04107847822857744
908 0.04107847338315641
909 0.04107846855376658
910 0.04107846374140325
911 0.04107845894194516
912 0.04107845415665558
913 0.04107844938605643
914 0.04107844462808372
915 0.0410784398792696
916 0.04107843513735703
917 0.04107843039992011
918 0.04107842566534611
919 0.04107842093262239
920 0.04107841620167592
921 0.04107841147237377
922 0.04107840674510806
923 0.0410784020210012
924 0.04107839730221605
925 0.04107839258918116
926 0.04107838788246079
927 0.04107838318153643
928 0.04107837848750179
929 0.04107837380631119
930 0.04107836913701566
931 0.04107836447900262
932 0.04107835983124151
933 0.04107835519233938
934 0.04107835056070592
935 0.04107834593520841
936 0.04107834131377559
937 0.04107833669474541
938 0.04107833207710579
939 0.04107832746035305
940 0.04107832284649438
941 0.0410783182332786
942 0.0410783136218848
943 0.0410783090135614
944 0.0410783044097183
945 0.0410782998116515
946 0.0410782952178192
947 0.0410782906294517
948 0.04107828604485688
949 0.04107828146561181
950 0.04107827689529411
951 0.04107827233381664
952 0.04107826778121792
953 0.04107826323759571
954 0.04107825870290897
955 0.04107825417696733
956 0.04107824965684522
957 0.04107824514572467
958 0.04107824064223744
959 0.04107823614533695
960 0.0410782316536086
961 0.04107822716666817
962 0.04107822268414677
963 0.04107821820571348
964 0.04107821373135057
965 0.04107820926110185
966 0.04107820479522839
967 0.04107820033418695
968 0.04107819587841486
969 0.04107819142831011
970 0.04107818698402392
971 0.04107818254552809
972 0.04107817811262557
973 0.04107817368512767
974 0.04107816926390799
975 0.04107816484842819
976 0.04107816043835085
977 0.04107815603334151
978 0.04107815163324679
979 0.04107814723819032
980 0.04107814284828506
981 0.04107813846360426
982 0.04107813408418947
983 0.0410781297097421
984 0.04107812534043153
985 0.04107812097333686
986 0.0410781166107211
987 0.04107811225604976
988 0.04107810790850369
989 0.041078103567851
990 0.04107809923421513
991 0.04107809490716851
992 0.04107809058581686
993 0.04107808627021129
994 0.04107808195755078
995 0.04107807764872987
996 0.04107807334469256
997 0.04107806904559812
998 0.0410780647523028
999 0.04107806046426502
1000 0.04107805618140997
1001 0.04107805190369559
1002 0.04107804763125838
1003 0.04107804336444001
1004 0.04107803910297377
1005 0.04107803484672504
1006 0.04107803059564379
1007 0.04107802634967034
1008 0.04107802210866254
1009 0.04107801787195122
1010 0.04107801364005365
1011 0.04107800941331285
1012 0.04107800519196028
1013 0.04107800097628149
1014 0.04107799676636698
1015 0.04107799256225451
1016 0.04107798836397794
1017 0.04107798417155769
1018 0.04107797998488275
1019 0.04107797580379791
1020 0.04107797162806996
1021 0.04107796745743616
1022 0.0410779632917166
1023 0.04107795913100092
1024 0.0410779549755046
1025 0.0410779508253695
1026 0.04107794668041839
1027 0.04107794254052993
1028 0.04107793840541473
1029 0.04107793427488698
1030 0.04107793014903315
1031 0.04107792602760605
1032 0.04107792191050035
1033 0.04107791779755641
1034 0.04107791369290962
1035 0.041077909594781
1036 0.0410779055021538
1037 0.04107790141417061
1038 0.04107789733031443
1039 0.04107789325025958
1040 0.04107788917000057
1041 0.04107788509109705
1042 0.04107788101501841
1043 0.04107787694285435
1044 0.04107787287528252
1045 0.04107786881261059
1046 0.041077864756019
1047 0.04107786070558148
1048 0.0410778566612483
1049 0.04107785262269768
1050 0.04107784858980162
1051 0.04107784456663112
1052 0.04107784054898345
1053 0.04107783653678086
1054 0.04107783252927242
1055 0.0410778285258102
1056 0.04107782452558735
1057 0.0410778205278235
1058 0.0410778165319821
1059 0.04107781253791083
1060 0.04107780854594599
1061 0.04107780455657063
1062 0.04107780057045599
1063 0.04107779658828371
1064 0.04107779261075543
1065 0.04107778863602392
1066 0.04107778466560561
1067 0.04107778070027766
1068 0.04107777674046666
1069 0.04107777278641142
1070 0.04107776883809472
1071 0.04107776489528497
1072 0.04107776095778274
1073 0.04107775702547871
1074 0.04107775309811851
1075 0.04107774917544754
1076 0.04107774525722609
1077 0.04107774134312458
1078 0.04107773743308041
1079 0.04107773352713995
1080 0.04107772962536864
1081 0.04107772572770172
1082 0.04107772183419495
1083 0.04107771794489389
1084 0.04107771406178855
1085 0.04107771018410868
1086 0.04107770630451563
1087 0.0410777024257894
1088 0.04107769855027785
1089 0.04107769467894808
1090 0.04107769081266418
1091 0.04107768695188992
1092 0.04107768309697358
1093 0.0410776792481332
1094 0.04107767540527127
1095 0.04107767156816566
1096 0.04107766773647551
1097 0.04107766390980357
1098 0.04107766008778779
1099 0.04107765626997871
1100 0.04107765245587097
1101 0.04107764864485476
1102 0.04107764483694662
1103 0.04107764103203782
1104 0.04107763723009858
1105 0.04107763343148267
1106 0.04107762963621371
1107 0.04107762584961145
1108 0.041077622067142
1109 0.04107761828935851
1110 0.04107761451616174
1111 0.04107761074734052
1112 0.04107760698243337
1113 0.04107760322126203
1114 0.04107759946559779
1115 0.04107759571420392
1116 0.04107759196633878
1117 0.04107758821926931
1118 0.04107758447342488
1119 0.04107758072856433
1120 0.0410775769854291
1121 0.04107757324450086
1122 0.04107756950619906
1123 0.04107756577107047
1124 0.04107756203986868
1125 0.04107755831357861
1126 0.04107755459288239
1127 0.04107755087807409
1128 0.04107754716902708
1129 0.04107754346541816
1130 0.04107753976685695
1131 0.04107753607303202
1132 0.04107753238360362
1133 0.04107752869832221
1134 0.04107752501691711
1135 0.0410775213390395
1136 0.04107751766437755
1137 0.04107751399266123
1138 0.04107751032382252
1139 0.04107750665783728
1140 0.04107750299468654
1141 0.04107749933439774
1142 0.04107749567706787
1143 0.0410774920228367
1144 0.04107748837189799
1145 0.04107748472600362
1146 0.04107748108482065
1147 0.04107747744836005
1148 0.04107747381629725
1149 0.04107747019014367
1150 0.04107746656911786
1151 0.04107746295097575
1152 0.04107745933543187
1153 0.04107745572366623
1154 0.04107745211519189
1155 0.04107744850994476
1156 0.041077444907597
1157 0.04107744130779614
1158 0.04107743771042281
1159 0.04107743411561377
1160 0.04107743052358933
1161 0.04107742693447397
1162 0.04107742334862042
1163 0.04107741976641067
1164 0.0410774161882693
1165 0.04107741261453197
1166 0.04107740904511836
1167 0.04107740548006912
1168 0.0410774019194993
1169 0.04107739836329087
1170 0.04107739481110158
1171 0.04107739126267845
1172 0.04107738771783839
1173 0.04107738417643993
1174 0.04107738063858935
1175 0.04107737710413052
1176 0.04107737357315157
1177 0.04107737004253813
1178 0.0410773665134461
1179 0.04107736298643672
1180 0.04107735946200395
1181 0.04107735594093212
1182 0.04107735242384667
1183 0.04107734891107537
1184 0.04107734540303948
1185 0.04107734190024866
1186 0.04107733840238844
1187 0.04107733490950639
1188 0.04107733142113078
1189 0.0410773279369084
1190 0.04107732445659636
1191 0.04107732098004135
1192 0.04107731750700669
1193 0.04107731403623855
1194 0.04107731056796052
1195 0.04107730710238373
1196 0.04107730363968926
1197 0.04107730018121973
1198 0.04107729672635559
1199 0.04107729327483954
1200 0.04107728982651458
1201 0.04107728638126334
1202 0.04107728293894328
1203 0.04107727949958935
1204 0.0410772760632477
1205 0.04107727262984075
1206 0.04107726919919972
1207 0.04107726577126065
1208 0.04107726234598093
1209 0.04107725892351034
1210 0.04107725550393651
1211 0.04107725208736325
1212 0.04107724867379384
1213 0.04107724526330799
1214 0.04107724185579621
1215 0.04107723845123489
1216 0.04107723504995044
1217 0.04107723165216702
1218 0.04107722825785562
1219 0.04107722486712637
1220 0.04107722147944617
1221 0.04107721809519607
1222 0.04107721471455769
1223 0.0410772113375595
1224 0.04107720796387448
1225 0.04107720459356787
1226 0.04107720122689722
1227 0.04107719786389516
1228 0.0410771945045799
1229 0.04107719114852725
1230 0.04107718779563534
1231 0.04107718444583804
1232 0.0410771810991421
1233 0.04107717775552311
1234 0.04107717441501104
1235 0.04107717107738609
1236 0.04107716774232049
1237 0.04107716440978623
1238 0.04107716107978106
1239 0.04107715775240165
1240 0.04107715442773315
1241 0.04107715110570279
1242 0.04107714778618192
1243 0.04107714446928548
1244 0.04107714115542382
1245 0.04107713784502885
1246 0.04107713453810496
1247 0.04107713123434859
1248 0.0410771279339309
1249 0.04107712463690123
1250 0.04107712134316407
1251 0.04107711805252221
1252 0.04107711476487128
1253 0.04107711148015639
1254 0.04107710819860138
1255 0.04107710492009272
1256 0.04107710164440347
1257 0.0410770983712687
1258 0.0410770951005648
1259 0.04107709183172382
1260 0.04107708856464983
1261 0.04107708529923645
1262 0.04107708203696531
1263 0.04107707877793877
1264 0.04107707552199917
1265 0.04107707227328711
1266 0.04107706902702242
1267 0.04107706578115183
1268 0.04107706254156895
1269 0.04107705930292431
1270 0.04107705606358354
1271 0.04107705282989376
1272 0.04107704959769377
1273 0.04107704636701793
1274 0.04107704313761717
1275 0.04107703991463224
1276 0.04107703669366413
1277 0.04107703347470961
1278 0.04107703025784207
1279 0.04107702704681994
1280 0.04107702383787056
1281 0.04107702063086612
1282 0.0410770174269223
1283 0.0410770142262176
1284 0.0410770110284608
1285 0.04107700783347015
1286 0.0410770046413819
1287 0.0410770014521218
1288 0.04107699826502384
1289 0.04107699508014305
1290 0.0410769918975246
1291 0.04107698871684237
1292 0.0410769855383433
1293 0.0410769823621285
1294 0.0410769791886005
1295 0.04107697601749338
1296 0.04107697284885483
1297 0.04107696968293003
1298 0.04107696652011339
1299 0.04107696336058411
1300 0.04107696020442014
1301 0.04107695705170311
1302 0.04107695390217025
1303 0.04107695075551038
1304 0.04107694761133288
1305 0.04107694446944472
1306 0.04107694133021342
1307 0.041076938193818
1308 0.04107693506019233
1309 0.04107693192944165
1310 0.04107692880153689
1311 0.04107692567624106
1312 0.04107692255382731
1313 0.04107691943403493
1314 0.04107691631677064
1315 0.04107691320173705
1316 0.04107691008812488
1317 0.04107690697995139
1318 0.04107690387317804
1319 0.04107690076759423
1320 0.04107689766191852
1321 0.0410768945608466
1322 0.04107689146022388
1323 0.04107688835993023
1324 0.04107688526088078
1325 0.04107688216386714
1326 0.04107687906962393
1327 0.04107687597838901
1328 0.04107687289049076
1329 0.04107686980621019
1330 0.04107686672561663
1331 0.04107686364872499
1332 0.04107686057528735
1333 0.04107685750473083
1334 0.04107685443655661
1335 0.04107685137047562
1336 0.04107684830631651
1337 0.04107684524380487
1338 0.04107684218270145
1339 0.04107683912312129
1340 0.04107683606526779
1341 0.04107683300944068
1342 0.04107682995621031
1343 0.04107682690562593
1344 0.04107682385762999
1345 0.04107682081164975
1346 0.04107681776792699
1347 0.04107681472638317
1348 0.04107681168719021
1349 0.04107680865076599
1350 0.0410768056170507
1351 0.04107680258585069
1352 0.04107679955707998
1353 0.04107679653052146
1354 0.04107679350602764
1355 0.04107679048351234
1356 0.04107678746310384
1357 0.04107678444481899
1358 0.04107678142873555
1359 0.0410767784147254
1360 0.0410767754027459
1361 0.04107677239271969
1362 0.04107676938475564
1363 0.04107676638084799
1364 0.04107676338006861
1365 0.04107676038197163
1366 0.04107675738630764
1367 0.04107675439287626
1368 0.04107675140150097
1369 0.04107674841203032
1370 0.04107674542439583
1371 0.04107674243873267
1372 0.0410767394550276
1373 0.04107673647381952
1374 0.04107673349495406
1375 0.04107673051835042
1376 0.041076727543361
1377 0.04107672457019673
1378 0.04107672159889494
1379 0.04107671862771085
1380 0.04107671565760004
1381 0.04107671268922324
1382 0.04107670972244466
1383 0.04107670675792524
1384 0.04107670379608856
1385 0.04107670083716005
1386 0.04107669788131594
1387 0.04107669492863731
1388 0.04107669197804269
1389 0.04107668903011883
1390 0.04107668608510535
1391 0.04107668314301999
1392 0.0410766802038039
1393 0.04107667726729496
1394 0.0410766743332526
1395 0.04107667140151517
1396 0.04107666847194208
1397 0.04107666554428711
1398 0.04107666261844531
1399 0.04107665969429664
1400 0.04107665677184949
1401 0.04107665385114899
1402 0.04107665093232241
1403 0.04107664801544982
1404 0.04107664510061816
1405 0.0410766421879409
1406 0.04107663927752789
1407 0.04107663637013557
1408 0.04107663346549473
1409 0.04107663056341531
1410 0.04107662766372121
1411 0.04107662476625494
1412 0.04107662187175715
1413 0.04107661897948361
1414 0.04107661608899853
1415 0.04107661319994657
1416 0.04107661031221566
1417 0.04107660742579922
1418 0.04107660454082617
1419 0.04107660165741268
1420 0.04107659877408307
1421 0.04107659589190227
1422 0.04107659301278967
1423 0.04107659013668225
1424 0.04107658726355375
1425 0.04107658439331359
1426 0.04107658152579822
1427 0.04107657866078569
1428 0.0410765757981122
1429 0.04107657293760781
1430 0.0410765700791396
1431 0.04107656722253156
1432 0.04107656436768638
1433 0.04107656151447525
1434 0.04107655866277866
1435 0.04107655581259943
1436 0.04107655296392478
1437 0.04107655011680046
1438 0.041076547270186
1439 0.04107654442785801
1440 0.04107654158659416
1441 0.04107653874568246
1442 0.04107653590881995
1443 0.04107653307283259
1444 0.04107653023761321
1445 0.04107652740298718
1446 0.04107652457284379
1447 0.04107652174395297
1448 0.04107651891625647
1449 0.04107651608985516
1450 0.04107651326819371
1451 0.04107651044821496
1452 0.04107650762977562
1453 0.04107650481283933
1454 0.0410765020005526
1455 0.04107649918962689
1456 0.04107649637915309
1457 0.04107649357271056
1458 0.04107649076712692
1459 0.04107648796136083
1460 0.0410764851594469
1461 0.04107648235820326
1462 0.04107647955681326
1463 0.04107647675934289
1464 0.0410764739625923
1465 0.04107647116659589
1466 0.04107646837155211
1467 0.04107646558088192
1468 0.04107646279158302
1469 0.04107646000318282
1470 0.04107645721905402
1471 0.04107645443621497
1472 0.04107645165404873
1473 0.04107644887600031
1474 0.04107644609896714
1475 0.04107644332221198
1476 0.04107644054935074
1477 0.04107643777734621
1478 0.04107643500550062
1479 0.04107643223820417
1480 0.0410764294722642
1481 0.04107642670691111
1482 0.04107642394546571
1483 0.04107642118498672
1484 0.04107641842442616
1485 0.04107641566757133
1486 0.04107641291153048
1487 0.04107641015537704
1488 0.04107640740287882
1489 0.04107640465127817
1490 0.04107640189968977
1491 0.04107639915184239
1492 0.04107639640498864
1493 0.04107639365934268
1494 0.04107639091753514
1495 0.04107638817698006
1496 0.04107638543684607
1497 0.0410763827003592
1498 0.0410763799649061
1499 0.04107637722962769
1500 0.04107637449786255
1501 0.0410763717670781
1502 0.04107636903640197
1503 0.04107636630827224
1504 0.04107636358023254
1505 0.04107636085177493
1506 0.04107635812698071
1507 0.0410763554032357
1508 0.04107635268010135
1509 0.04107634996094484
1510 0.04107634724302098
1511 0.04107634452620233
1512 0.04107634181344286
1513 0.04107633910199553
1514 0.04107633639249345
1515 0.04107633368709835
1516 0.04107633098217114
1517 0.04107632827728994
1518 0.04107632557591345
1519 0.04107632287507
1520 0.04107632017406478
1521 0.04107631747648212
1522 0.04107631477949447
1523 0.04107631208247282
1524 0.04107630938895514
1525 0.04107630669623887
1526 0.04107630400383645
1527 0.04107630131513915
1528 0.04107629862744736
1529 0.04107629594039832
1530 0.04107629325707339
1531 0.04107629057367754
1532 0.04107628789025571
1533 0.04107628521050345
1534 0.04107628253161055
1535 0.04107627985364061
1536 0.04107627717947573
1537 0.04107627450627245
1538 0.0410762718339464
1539 0.04107626916533523
1540 0.04107626649749643
1541 0.04107626383027328
1542 0.04107626116658145
1543 0.04107625850355313
1544 0.04107625584098502
1545 0.04107625318189835
1546 0.04107625052340514
1547 0.04107624786532511
1548 0.04107624521112749
1549 0.04107624255789049
1550 0.04107623990524887
1551 0.04107623725598595
1552 0.04107623460727983
1553 0.04107623195873922
1554 0.04107622931341437
1555 0.04107622666859938
1556 0.04107622402395332
1557 0.04107622138257198
1558 0.04107621874153888
1559 0.04107621610319315
1560 0.0410762134650218
1561 0.0410762108296302
1562 0.04107620819363
1563 0.04107620556009626
1564 0.04107620292646565
1565 0.04107620029551771
1566 0.04107619766484602
1567 0.04107619503715459
1568 0.04107619241000342
1569 0.04107618978584814
1570 0.04107618716227975
1571 0.04107618454165342
1572 0.04107618192168676
1573 0.04107617930467186
1574 0.04107617668807292
1575 0.04107617407423521
1576 0.04107617146058152
1577 0.04107616884959969
1578 0.0410761662386167
1579 0.041076163630189
1580 0.04107616102165243
1581 0.0410761584156729
1582 0.04107615580957757
1583 0.04107615320602308
1584 0.04107615060242133
1585 0.04107614800144808
1586 0.04107614540054233
1587 0.04107614280229168
1588 0.04107614020421878
1589 0.04107613760889067
1590 0.04107613501381561
1591 0.04107613242145022
1592 0.04107612982933364
1593 0.0410761272398473
1594 0.04107612465050366
1595 0.04107612206379268
1596 0.04107611947725658
1597 0.04107611689338821
1598 0.04107611430970107
1599 0.04107611172863558
1600 0.04107610914773032
1601 0.04107610656946799
1602 0.04107610399133599
1603 0.04107610141576634
1604 0.04107609884036743
1605 0.04107609626756624
1606 0.04107609369501872
1607 0.04107609112507037
1608 0.04107608855527941
1609 0.04107608598806074
1610 0.04107608342090151
1611 0.04107608085624412
1612 0.04107607829165726
1613 0.0410760757295833
1614 0.04107607316750252
1615 0.04107607060785907
1616 0.0410760680482188
1617 0.04107606549106307
1618 0.04107606293397063
1619 0.04107606037935793
1620 0.04107605782487503
1621 0.04107605527293002
1622 0.0410760527211556
1623 0.04107605017189209
1624 0.04107604762284598
1625 0.04107604507634819
1626 0.04107604253010889
1627 0.04107603998642685
1628 0.04107603744501107
1629 0.04107603490558247
1630 0.04107603236776126
1631 0.04107602983112815
1632 0.04107602729543004
1633 0.04107602476035478
1634 0.04107602222578552
1635 0.04107601969196236
1636 0.04107601715887533
1637 0.04107601462660179
1638 0.04107601209535004
1639 0.04107600956528124
1640 0.04107600703662194
1641 0.04107600450948135
1642 0.04107600198397482
1643 0.04107599946010689
1644 0.04107599693788161
1645 0.0410759944171964
1646 0.04107599189798257
1647 0.04107598938009947
1648 0.04107598686347094
1649 0.04107598434798061
1650 0.04107598183359173
1651 0.04107597932024292
1652 0.04107597680795334
1653 0.04107597429671506
1654 0.04107597178659604
1655 0.04107596927752898
1656 0.04107596676987673
1657 0.04107596426162179
1658 0.04107596175535805
1659 0.04107595925087941
1660 0.04107595674827506
1661 0.04107595424576421
1662 0.04107595174572736
1663 0.04107594924772928
1664 0.04107594675180772
1665 0.04107594425755538
1666 0.04107594176466272
1667 0.04107593927281424
1668 0.04107593678180557
1669 0.04107593429103238
1670 0.04107593180072141
1671 0.04107592931138993
1672 0.04107592682312602
1673 0.04107592433601255
1674 0.04107592185017708
1675 0.04107591936565235
1676 0.04107591688249799
1677 0.04107591440069137
1678 0.04107591192023938
1679 0.04107590944109822
1680 0.04107590696327
1681 0.04107590448668171
1682 0.04107590201132207
1683 0.04107589953711824
1684 0.04107589706405698
1685 0.04107589459207225
1686 0.04107589212115562
1687 0.0410758896512616
1688 0.04107588718242305
1689 0.04107588471462581
1690 0.04107588224799275
1691 0.04107587978066587
1692 0.04107587731514888
1693 0.04107587485119699
1694 0.04107587238888787
1695 0.04107586992657707
1696 0.04107586746650713
1697 0.04107586500668566
1698 0.04107586254888941
1699 0.04107586009298273
1700 0.04107585763892795
1701 0.0410758551865312
1702 0.0410758527355048
1703 0.04107585028563639
1704 0.04107584783662848
1705 0.0410758453883095
1706 0.04107584294052558
1707 0.0410758404932914
1708 0.04107583804664351
1709 0.04107583560075826
1710 0.04107583315578343
1711 0.04107583071193491
1712 0.04107582826933529
1713 0.04107582582813682
1714 0.04107582338836508
1715 0.04107582095006463
1716 0.04107581851316835
1717 0.04107581607763894
1718 0.04107581364335045
1719 0.04107581121029379
1720 0.041075808778299
1721 0.04107580634729067
1722 0.04107580391715304
1723 0.04107580148788152
1724 0.04107579905943581
1725 0.0410757966318718
1726 0.04107579420515099
1727 0.04107579177939458
1728 0.04107578935464748
1729 0.04107578693088448
1730 0.0410757845082024
1731 0.0410757820867098
1732 0.04107577966641853
1733 0.04107577724732783
1734 0.04107577482942316
1735 0.04107577241279235
1736 0.0410757699973482
1737 0.04107576758307433
1738 0.04107576516988742
1739 0.04107576275777135
1740 0.0410757603466566
1741 0.04107575793657166
1742 0.04107575552744361
1743 0.0410757531192753
1744 0.04107575071194269
1745 0.04107574830552017
1746 0.0410757459004614
1747 0.04107574349664423
1748 0.04107574109394166
1749 0.04107573869230193
1750 0.0410757362916289
1751 0.04107573389190504
1752 0.04107573149306364
1753 0.04107572909510587
1754 0.04107572669799733
1755 0.04107572430177345
1756 0.04107572190643494
1757 0.04107571951204884
1758 0.04107571711863305
1759 0.04107571472625272
1760 0.04107571233489751
1761 0.04107570994460874
1762 0.04107570755536284
1763 0.0410757051671845
1764 0.04107570278003485
1765 0.04107570039393234
1766 0.04107569800883412
1767 0.04107569562475363
1768 0.04107569324165723
1769 0.04107569085958756
1770 0.04107568847852064
1771 0.0410756860984736
1772 0.04107568371940084
1773 0.04107568134131174
1774 0.0410756789641582
1775 0.04107567658795541
1776 0.04107567421363139
1777 0.04107567184066748
1778 0.04107566946873595
1779 0.04107566709765221
1780 0.04107566472725494
1781 0.04107566235749426
1782 0.04107565998831682
1783 0.04107565761975689
1784 0.04107565525182744
1785 0.04107565288461219
1786 0.04107565051815607
1787 0.04107564815256252
1788 0.0410756457879226
1789 0.04107564342429234
1790 0.04107564106167138
1791 0.04107563870009564
1792 0.04107563633953995
1793 0.04107563398001993
1794 0.04107563162148598
1795 0.04107562926393649
1796 0.0410756269073167
1797 0.04107562455162668
1798 0.04107562219682389
1799 0.04107561984292218
1800 0.04107561748988682
1801 0.04107561513774866
1802 0.04107561278647333
1803 0.04107561043610394
1804 0.04107560808660982
1805 0.0410756057380414
1806 0.04107560339037378
1807 0.04107560104347946
1808 0.04107559869740612
1809 0.04107559635222742
1810 0.04107559400795768
1811 0.04107559166465832
1812 0.0410755893223336
1813 0.04107558698103087
1814 0.04107558464072898
1815 0.04107558230144867
1816 0.04107557996314075
1817 0.04107557762579901
1818 0.04107557528952249
1819 0.041075572954235
1820 0.04107557061984041
1821 0.04107556828631314
1822 0.04107556595358677
1823 0.04107556362166166
1824 0.04107556129050109
1825 0.04107555896007131
1826 0.04107555663039259
1827 0.04107555430153148
1828 0.04107555197350425
1829 0.04107554964637581
1830 0.04107554732014564
1831 0.04107554499485511
1832 0.04107554267048041
1833 0.04107554034704539
1834 0.04107553802451665
1835 0.04107553570290588
1836 0.04107553338216943
1837 0.04107553106231425
1838 0.04107552874350099
1839 0.04107552642564097
1840 0.04107552410864221
1841 0.04107552179248573
1842 0.04107551947710968
1843 0.04107551716251072
1844 0.04107551484865051
1845 0.04107551253554603
1846 0.04107551022318146
1847 0.04107550791160126
1848 0.04107550560079953
1849 0.04107550329082518
1850 0.04107550098167007
1851 0.04107549867338032
1852 0.04107549636594088
1853 0.0410754940593841
1854 0.0410754917536763
1855 0.04107548944883433
1856 0.04107548714482977
1857 0.04107548484167869
1858 0.04107548253934796
1859 0.04107548023784702
1860 0.04107547793714598
1861 0.0410754756372586
1862 0.04107547333816939
1863 0.04107547103989767
1864 0.04107546874242079
1865 0.0410754664457693
1866 0.04107546414992529
1867 0.04107546185491111
1868 0.04107545956070677
1869 0.04107545726733261
1870 0.04107545497477373
1871 0.04107545268305451
1872 0.04107545039214688
1873 0.04107544810206975
1874 0.04107544581279097
1875 0.04107544352424205
1876 0.0410754412364221
1877 0.04107543894937529
1878 0.04107543666309488
1879 0.04107543437761082
1880 0.04107543209292729
1881 0.04107542980908286
1882 0.04107542752605749
1883 0.04107542524387406
1884 0.04107542296250293
1885 0.04107542068196846
1886 0.04107541840223704
1887 0.04107541612331996
1888 0.04107541384518985
1889 0.04107541156785758
1890 0.04107540929128847
1891 0.04107540701549754
1892 0.04107540474045565
1893 0.04107540246617958
1894 0.04107540019264826
1895 0.04107539791988656
1896 0.0410753956478756
1897 0.04107539337664078
1898 0.04107539110615843
1899 0.04107538883645016
1900 0.04107538656749717
1901 0.04107538429932341
1902 0.04107538203189682
1903 0.04107537976523304
1904 0.04107537749901582
1905 0.04107537523344551
1906 0.04107537296860694
1907 0.04107537070459246
1908 0.04107536844141343
1909 0.04107536617910736
1910 0.04107536391764375
1911 0.04107536165702987
1912 0.0410753593972205
1913 0.04107535713822032
1914 0.04107535487998151
1915 0.04107535262250095
1916 0.04107535036573202
1917 0.04107534810968229
1918 0.0410753458543259
1919 0.04107534359968536
1920 0.04107534134573824
1921 0.04107533909250845
1922 0.04107533683997674
1923 0.0410753345881715
1924 0.04107533233707528
1925 0.04107533008671313
1926 0.04107532783706557
1927 0.04107532558815627
1928 0.0410753233400179
1929 0.04107532109263459
1930 0.04107531884596809
1931 0.04107531660015622
1932 0.04107531435511241
1933 0.04107531211081214
1934 0.0410753098671888
1935 0.04107530762423436
1936 0.04107530538191482
1937 0.04107530314025132
1938 0.04107530089923313
1939 0.04107529865889472
1940 0.04107529641923072
1941 0.04107529418027853
1942 0.04107529194203326
1943 0.04107528970452838
1944 0.04107528746775053
1945 0.04107528523172282
1946 0.04107528299641677
1947 0.04107528076185078
1948 0.04107527852799506
1949 0.0410752762948593
1950 0.04107527406240925
1951 0.04107527183065602
1952 0.04107526959957113
1953 0.04107526736917097
1954 0.04107526513943942
1955 0.04107526291039512
1956 0.04107526068202258
1957 0.04107525845434206
1958 0.04107525622733725
1959 0.04107525400102801
1960 0.04107525177539764
1961 0.04107524955046193
1962 0.04107524732620084
1963 0.04107524510263023
1964 0.04107524287972884
1965 0.04107524065751282
1966 0.0410752384359595
1967 0.04107523621508444
1968 0.0410752339948643
1969 0.04107523177531754
1970 0.04107522955642017
1971 0.04107522733818975
1972 0.04107522512060674
1973 0.04107522290368706
1974 0.04107522068741257
1975 0.04107521847180538
1976 0.04107521625684724
1977 0.04107521404255663
1978 0.04107521182890723
1979 0.04107520961591229
1980 0.04107520740355275
1981 0.0410752051918474
1982 0.0410752029807754
1983 0.04107520077036009
1984 0.04107519856057989
1985 0.04107519635144598
1986 0.04107519414294128
1987 0.04107519193533088
1988 0.04107518972850144
1989 0.04107518752240895
1990 0.04107518531696951
1991 0.04107518311213174
1992 0.04107518090781747
1993 0.04107517870400067
1994 0.04107517650064506
1995 0.04107517429777182
1996 0.04107517209539323
1997 0.04107516989349078
1998 0.04107516769230835
1999 0.04107516549186222
2000 0.04107516329215536
