"lift-rfile"
"Iteration" "lift"
("Iteration" "lift")
1 72.83483373073246
2 72.54514543231981
3 72.29364686114381
4 71.98068782045287
5 71.66668341799125
6 71.33443276996135
7 70.98590493426768
8 70.65775174222372
9 70.33050184360486
10 69.99933889275492
11 69.64669196562586
12 69.32197551255284
13 69.00557618823608
14 68.68085808832605
15 68.35891802684678
16 68.03534958408871
17 67.71353694046006
18 67.3928923693462
19 67.07396541079086
20 66.75670830070925
21 66.44121010912846
22 66.12744055962246
23 65.81533283396875
24 65.50482324243383
25 65.1958802834325
26 64.88848951098076
27 64.58263893914307
28 64.27830979545574
29 63.97548289064159
30 63.67414814612547
31 63.3743100572222
32 63.07599135230381
33 62.77920661868837
34 62.48395776465446
35 62.19022656010264
36 61.89799760643003
37 61.6072565782027
38 61.31788599715506
39 61.03007366732055
40 60.74380028437809
41 60.45891085554064
42 60.17542780604091
43 59.89335106065131
44 59.61268802618092
45 59.33344165206221
46 59.05561065580141
47 58.77918996961828
48 58.50418088323293
49 58.23057293122368
50 57.95835812085377
51 57.68753553193579
52 57.41805966155069
53 57.14996455424019
54 56.88321470560061
55 56.61779213326876
56 56.35370343828421
57 56.09095979296551
58 55.82953678526701
59 55.5694358311361
60 55.3106294256911
61 55.05313760229702
62 54.79695135631961
63 54.54205553465125
64 54.28844461931396
65 54.03610855066783
66 53.78503623418224
67 53.53522221703346
68 53.28666266604063
69 53.03935143406934
70 52.79328374502636
71 52.54845953791236
72 52.30486792192137
73 52.06251662976076
74 51.82136884847329
75 51.58143819104902
76 51.34271394315073
77 51.10518915537511
78 50.8633880217827
79 50.62864463077139
80 50.39992256775607
81 50.16330967776231
82 49.9368386350786
83 49.70228746523453
84 49.47239382307686
85 49.24853181763998
86 49.01711849736027
87 48.79587484665164
88 48.56730174130682
89 48.34309465822925
90 48.12470648505704
91 47.8990438829774
92 47.67838564337005
93 47.46373407378504
94 47.24162460293929
95 47.02428790285045
96 46.81282219556672
97 46.59398235437175
98 46.37987146711558
99 46.16631783151875
100 45.95961112800622
101 45.74525721707351
102 45.54028689215627
103 45.32828680967122
104 45.12029090093781
105 44.91769422241035
106 44.70834912870701
107 44.50819052088556
108 44.30140596146119
109 44.09858952817229
110 43.90103759557252
111 43.69690388843285
112 43.50170245962405
113 43.30002923339094
114 43.10220655181198
115 42.90950317315712
116 42.71040562831909
117 42.51568707545257
118 42.32624740193176
119 42.13027144376764
120 41.93847269560661
121 41.74717083575727
122 41.55744792603381
123 41.36893867302553
124 41.18128914401836
125 40.99460580990724
126 40.80883107919058
127 40.62395559584719
128 40.43998776457514
129 40.2569261118695
130 40.07477082376598
131 39.89352096780133
132 39.71756833521034
133 39.5347882576962
134 39.35991606032931
135 39.17913389663292
136 39.00175695576073
137 38.82898144340381
138 38.6505490926954
139 38.47601304045802
140 38.30620858651299
141 38.13058418017437
142 37.96250483612004
143 37.78877655279062
144 37.61835961449259
145 37.45235438465039
146 37.28089006376403
147 37.1168635236981
148 36.94742183076574
149 36.78489280525289
150 36.61710201557241
151 36.45229544186301
152 36.29179484559669
153 36.12614761124399
154 35.96769588553361
155 35.8040507094003
156 35.64350598787119
157 35.48709724367693
158 35.3255448643356
159 35.17097701687445
160 35.01131352097929
161 34.85814464103856
162 34.7000391330983
163 34.54817560544094
164 34.39155281612269
165 34.23767390915216
166 34.08784006039333
167 33.93329422337997
168 33.78543004495353
169 33.63273978804359
170 33.48624288703346
171 33.33500616429605
172 33.18974278401291
173 33.04442612133165
174 32.8927023850899
175 32.74892099510777
176 32.60611311159874
177 32.45723139372777
178 32.3159410425048
179 32.17526710458431
180 32.02847537006105
181 31.88919292025327
182 31.75054492476077
183 31.60975764091061
184 31.469022831478
185 31.32949901859759
186 31.19112750900842
187 31.05373670834781
188 30.91710698565289
189 30.78112826250138
190 30.6457737696679
191 30.51103768638468
192 30.37693939292179
193 30.24348755609472
194 30.11068793500958
195 29.97854459927013
196 29.84704815695895
197 29.71619777151725
198 29.5860186878458
199 29.45644913733969
200 29.32754798525756
201 29.19963110443192
202 29.06904346852679
203 28.94418643145764
204 28.81982204915645
205 28.6907116448177
206 28.56721352227848
207 28.44114795584532
208 28.31658642505521
209 28.19498599014039
210 28.07067618765618
211 27.94799207212273
212 27.82831499730061
213 27.70600123802697
214 27.58502619546378
215 27.46704218119604
216 27.34656597419308
217 27.2272326550076
218 27.11091047989409
219 26.99226925602347
220 26.87467111492798
221 26.76007349362488
222 26.6458428885834
223 26.52823897227429
224 26.41499046608151
225 26.29942810380143
226 26.18486039896749
227 26.07340067730213
228 25.9595713853261
229 25.84695326456631
230 25.73752016960549
231 25.62546675500755
232 25.51462976803885
233 25.40685667300786
234 25.29618237579236
235 25.18680954576812
236 25.0783448469582
237 24.97048810577933
238 24.86535348642474
239 24.76050290845357
240 24.65248940355463
241 24.54506049897291
242 24.43997545623888
243 24.33579607705659
244 24.23327292542104
245 24.13053256938323
246 24.02579691460003
247 23.92208872717496
248 23.82040051482555
249 23.71918423292692
250 23.61759418029875
251 23.51941331166645
252 23.42056521241242
253 23.31898868163192
254 23.21945358118485
255 23.1203777351366
256 23.02330560318642
257 22.92476604737637
258 22.82955106978604
259 22.733897416296
260 22.63808378121666
261 22.54153128157798
262 22.44576046416044
263 22.35057819969957
264 22.25581115917291
265 22.16179650298263
266 22.06821896285782
267 21.97509276009978
268 21.88263930375168
269 21.78832052969885
270 21.69580987898183
271 21.60619010978565
272 21.51645433046639
273 21.42661421018889
274 21.33614366735177
275 21.24572015630105
276 21.15529403128506
277 21.06622952636315
278 20.97856341887671
279 20.89156825400013
280 20.80428630883075
281 20.71764885274192
282 20.63493193175765
283 20.54829101901625
284 20.46190750900425
285 20.37477411575229
286 20.28838352434133
287 20.20346336063905
288 20.11925779168322
289 20.03562966193097
290 19.95257606375573
291 19.87007402218552
292 19.78786620296791
293 19.70664605228869
294 19.62584676923012
295 19.54035252341801
296 19.46137690619634
297 19.38084478281687
298 19.30462933778926
299 19.22941184079292
300 19.15367060238764
301 19.07946002144273
302 18.99906119056333
303 18.92158602188355
304 18.84435933413953
305 18.7670957221033
306 18.69070452985889
307 18.61439793715208
308 18.53867101049221
309 18.46232168723294
310 18.38545269510344
311 18.3084189853803
312 18.22977531596824
313 18.15127635429704
314 18.06951034957793
315 17.99513689274956
316 17.92356018693132
317 17.85044921203285
318 17.77583219155233
319 17.70152270599788
320 17.6297667465033
321 17.56130178044229
322 17.49368471993067
323 17.42502472385476
324 17.35035405367771
325 17.27651619352049
326 17.20586997506988
327 17.12837800296765
328 17.05938410129316
329 16.9920336642625
330 16.9246629313371
331 16.85714224583226
332 16.78768215343342
333 16.71846242171193
334 16.65029297454585
335 16.58253499770692
336 16.51514531214703
337 16.44805075360194
338 16.38123831249696
339 16.31558267112438
340 16.2493427227381
341 16.18373585158016
342 16.11848924285599
343 16.05377481703037
344 15.98918852530854
345 15.92504427048823
346 15.86144316960109
347 15.7987216006803
348 15.73613632535542
349 15.67331594087843
350 15.61047054015627
351 15.54787000788133
352 15.48562196020609
353 15.42374917146089
354 15.36220326692195
355 15.30099341176217
356 15.24005882522039
357 15.17942538871036
358 15.11905143868326
359 15.05895628352244
360 14.99916062503608
361 14.93963913481528
362 14.8803950559106
363 14.82143126882448
364 14.7627288953038
365 14.70433076350791
366 14.64618247451488
367 14.58837389793197
368 14.53082776215256
369 14.47343563033744
370 14.4162500384809
371 14.35939476143712
372 14.30294520980837
373 14.24664501242037
374 14.19058472664144
375 14.13480050244145
376 14.0793118170875
377 14.02407135036416
378 13.96907816029912
379 13.91434029422912
380 13.8598573607839
381 13.80563596481174
382 13.75166662235299
383 13.69796238989456
384 13.64450988455334
385 13.59133493647679
386 13.53839068580503
387 13.48566129913474
388 13.43316814373095
389 13.38089604609825
390 13.32887836677405
391 13.27712103449707
392 13.22561650449339
393 13.17436117449757
394 13.12333256694155
395 13.07253877288844
396 13.02197692353172
397 12.97155154534563
398 12.92163697542231
399 12.87196369996036
400 12.82232557107971
401 12.7727747003698
402 12.72350973189889
403 12.67451675077541
404 12.62579139774763
405 12.57730247122708
406 12.5290404428947
407 12.48099308064323
408 12.43316653659024
409 12.38555845517084
410 12.33816967367454
411 12.29100192661403
412 12.24405315815533
413 12.19731554212674
414 12.15078934006456
415 12.10447949650137
416 12.05838243973605
417 12.01250235432515
418 11.96591666131984
419 11.92132788551864
420 11.87669893392174
421 11.83155157418844
422 11.78644386841422
423 11.74160302485386
424 11.69708029225807
425 11.65284885502874
426 11.60885516602895
427 11.56506647322982
428 11.52147012183183
429 11.47806251039135
430 11.43484514375521
431 11.39182159242645
432 11.34899228797616
433 11.30635921548932
434 11.26392020415054
435 11.22167696003235
436 11.17962695551299
437 11.13776960242912
438 11.09610296880887
439 11.05462872566519
440 11.01334096669055
441 10.97224391111998
442 10.93133313189992
443 10.89060931871537
444 10.85007057259549
445 10.80971601674977
446 10.7695439169003
447 10.72955439462406
448 10.68974659508839
449 10.65011832792215
450 10.61067374425302
451 10.57140407460353
452 10.53231639900005
453 10.49340545976449
454 10.4546729732255
455 10.41611353335487
456 10.37772819321392
457 10.33951830925994
458 10.30148175381557
459 10.26361706301995
460 10.22592406270886
461 10.18840033699111
462 10.15104819932132
463 10.11386480878187
464 10.07684949800914
465 10.04000103814261
466 10.00331894771502
467 9.966800679237917
468 9.930447798784035
469 9.894259980421284
470 9.858234165244127
471 9.822372465653086
472 9.786671939866713
473 9.75113225403893
474 9.715753163248667
475 9.680531444094202
476 9.645471350126259
477 9.610567228828758
478 9.575819452208071
479 9.541227446539525
480 9.506790460974537
481 9.472508097132877
482 9.438380206893399
483 9.404405710827714
484 9.370583652557649
485 9.3369131291544
486 9.303394031156799
487 9.270024656780656
488 9.236804132823229
489 9.20373255552845
490 9.170809043920741
491 9.138032536858676
492 9.105402500208893
493 9.072918419931955
494 9.040579556766307
495 9.008385197250755
496 8.976334444246561
497 8.944427204324484
498 8.912661043167001
499 8.881036623691655
500 8.849554109871114
501 8.818211327949129
502 8.787008188899401
503 8.755943993708927
504 8.725017978426683
505 8.694229046702327
506 8.663576554397753
507 8.633060964869234
508 8.602680826813703
509 8.572435213185368
510 8.542323331980484
511 8.512345498022322
512 8.482500731397321
513 8.452787601156432
514 8.423206372921054
515 8.393755961328443
516 8.364435841514437
517 8.335246203010767
518 8.306185607136124
519 8.277253548609808
520 8.248449391684769
521 8.219772333238113
522 8.191221887577152
523 8.162797077174242
524 8.134497549954682
525 8.106323232008734
526 8.078273291774826
527 8.050346997514827
528 8.022543575572104
529 7.994862461909003
530 7.96730301106558
531 7.939864550346372
532 7.912547060196093
533 7.885349544070154
534 7.858270548347532
535 7.831310745226999
536 7.804469410605811
537 7.777745918984454
538 7.751140381601269
539 7.72465079484846
540 7.698277287913848
541 7.672018997619507
542 7.645875656821835
543 7.61984695131564
544 7.593931874327811
545 7.568130212878425
546 7.542441308105104
547 7.516864690681626
548 7.491399662062163
549 7.466046209460214
550 7.440802864752163
551 7.415669998447431
552 7.390646435473859
553 7.365731588228837
554 7.340925497315462
555 7.316227552839352
556 7.291636464259207
557 7.267152209891213
558 7.242774399650401
559 7.21850251029742
560 7.194335967691166
561 7.170274296433381
562 7.146317009638554
563 7.122462905085999
564 7.098712254574404
565 7.075064966318233
566 7.05152036207042
567 7.028077322307561
568 7.004735777604502
569 6.981495101208605
570 6.958355033292902
571 6.935315205854621
572 6.912375222081462
573 6.889534283330751
574 6.866791238633748
575 6.84414607939552
576 6.821597560046561
577 6.799146746220641
578 6.776792675672399
579 6.754535765141836
580 6.732375026982878
581 6.710308559253849
582 6.688336304044495
583 6.666457350624206
584 6.644672690320201
585 6.622981457978941
586 6.601384459751106
587 6.579879879923052
588 6.558467652439015
589 6.537145613336875
590 6.515915742254
591 6.49477712942058
592 6.47372897739613
593 6.452770873528747
594 6.431902038099859
595 6.41112211608917
596 6.390430904648891
597 6.369827953134333
598 6.349312608893913
599 6.328885016490037
600 6.308544299467105
601 6.288290154147484
602 6.268122239692503
603 6.248040247130324
604 6.228043696679563
605 6.208132048711633
606 6.188304861699311
607 6.168561924014997
608 6.148902792389028
609 6.129326929984236
610 6.109833983604909
611 6.090424199052395
612 6.071096154681834
613 6.05184981197144
614 6.032684918932819
615 6.013601176944346
616 5.994598457684963
617 5.975676031109982
618 5.956833033411896
619 5.938069592216072
620 5.919385101437777
621 5.900779025049446
622 5.882251054846433
623 5.863801138542464
624 5.845429354527844
625 5.827134912053703
626 5.808917673410599
627 5.790776221211691
628 5.772711161886514
629 5.754721934443548
630 5.736808152801664
631 5.718969432977571
632 5.701205279572339
633 5.683515536956421
634 5.665899835657967
635 5.648358093520016
636 5.63088944478084
637 5.613493771975476
638 5.596170740408055
639 5.578919924765955
640 5.561741890391134
641 5.544634926188674
642 5.527598878393947
643 5.510634016972748
644 5.493739552519376
645 5.476915715535242
646 5.460162192299941
647 5.443478151588876
648 5.426863062855356
649 5.410317397527508
650 5.393840139695365
651 5.377431050016801
652 5.361090066590315
653 5.344817018881437
654 5.328611568777463
655 5.312473126184464
656 5.296401406959398
657 5.280396117553709
658 5.264456900486085
659 5.248583387611789
660 5.232775139334198
661 5.217032292209535
662 5.201354328061641
663 5.1857409130987
664 5.170191281244571
665 5.154706096442241
666 5.139284707771022
667 5.123927010545462
668 5.108632450061251
669 5.093400758855584
670 5.078231517762953
671 5.063124870844081
672 5.048079736092741
673 5.033095976506113
674 5.018172422301655
675 5.003311633355616
676 4.988512811253178
677 4.973773486531861
678 4.959093770766827
679 4.94447382624251
680 4.929913577127145
681 4.915412845313775
682 4.900971365224387
683 4.88658874092607
684 4.872264512466643
685 4.857998591336245
686 4.843790852723203
687 4.82964055337666
688 4.815547682387207
689 4.80151206890222
690 4.787533480228501
691 4.773611664858333
692 4.759746235344769
693 4.74593685217751
694 4.732183186456313
695 4.718485146648083
696 4.704842470920568
697 4.691254935949781
698 4.677722180057691
699 4.664244016885176
700 4.65082013471597
701 4.637450314981087
702 4.624134358124908
703 4.610872262917586
704 4.597663502326742
705 4.584508060369326
706 4.571405268950491
707 4.558354945923321
708 4.545356617026289
709 4.53241065289789
710 4.51951677822559
711 4.506675039027579
712 4.493884157538707
713 4.481144903811423
714 4.468456558561633
715 4.455818985368271
716 4.443231813356832
717 4.4306949497002
718 4.418208216140682
719 4.405771349320663
720 4.393383995090256
721 4.381045820358521
722 4.368756781567422
723 4.356516857630977
724 4.344325459730558
725 4.332182412956379
726 4.320087544003651
727 4.308040626198038
728 4.296041272405141
729 4.284089496144069
730 4.272185121425319
731 4.260327877011665
732 4.248517711145016
733 4.236754276679752
734 4.22503731893598
735 4.213366680540059
736 4.201742209703521
737 4.190163662491733
738 4.178630962283133
739 4.167143636726587
740 4.155701354533162
741 4.144303838275072
742 4.132951024872836
743 4.121642699589137
744 4.110379009312694
745 4.099159696771009
746 4.087984446632411
747 4.076853032752297
748 4.06576525146037
749 4.05472076124094
750 4.04371971039833
751 4.032761219218052
752 4.021845669083541
753 4.010972697933994
754 4.000142300650184
755 3.989354112456009
756 3.978607819442701
757 3.967903319017728
758 3.957241214612041
759 3.94662008784192
760 3.936040125264518
761 3.925501238118004
762 3.915003283450585
763 3.904546014194195
764 3.894128546451745
765 3.883752027470714
766 3.873416067552425
767 3.863119876495387
768 3.852863457215512
769 3.842646590685942
770 3.832469276188804
771 3.822331571194175
772 3.812232244085007
773 3.802172574499926
774 3.792151425557025
775 3.782169357121869
776 3.772225986914443
777 3.762319590897228
778 3.752451294286674
779 3.742621208793369
780 3.732828698008926
781 3.723073621601155
782 3.713356159433467
783 3.703675959806156
784 3.694031906512383
785 3.684425028585302
786 3.67485484444521
787 3.665321531892921
788 3.655823917664822
789 3.646363124734666
790 3.636938477341875
791 3.627549836554021
792 3.618196961974166
793 3.608879593836071
794 3.599597548053967
795 3.590350732893234
796 3.581139076568603
797 3.571962596626078
798 3.562821215489125
799 3.553714025613419
800 3.544640764698091
801 3.535602124609054
802 3.52659772118938
803 3.517627063499913
804 3.508690473292381
805 3.499787765102369
806 3.490918378810393
807 3.482082621523079
808 3.473279794580125
809 3.46451039266778
810 3.455774222755119
811 3.447070951346273
812 3.43840017378347
813 3.429761665270612
814 3.421155347354056
815 3.412581235579919
816 3.404038308049487
817 3.39552762934732
818 3.387048981687361
819 3.378602110754875
820 3.370187054112928
821 3.361803072599076
822 3.353449841207353
823 3.345127951041521
824 3.336837365255862
825 3.328577186529589
826 3.320348060665411
827 3.312149139141408
828 3.303980449931931
829 3.295842306312774
830 3.287734481410712
831 3.279656851868488
832 3.271609123137206
833 3.263591144598192
834 3.255602751287469
835 3.247643809022545
836 3.239713964665936
837 3.231813464503991
838 3.223941948060414
839 3.216099858861849
840 3.208286528799117
841 3.200501803223784
842 3.192745620148233
843 3.185018002521135
844 3.17731853087037
845 3.169647308503507
846 3.162004376552996
847 3.154389581852146
848 3.146802762985033
849 3.139243722805884
850 3.13171229157577
851 3.124208327992015
852 3.116731701983977
853 3.109282348734399
854 3.101860201288026
855 3.094465212770288
856 3.087096932190808
857 3.079755415992449
858 3.072440158856186
859 3.065151700867258
860 3.057890163637588
861 3.050654991683225
862 3.043445524362122
863 3.036261954215644
864 3.029104294514449
865 3.02197261496646
866 3.014866770369188
867 3.007786520649952
868 3.000731898518425
869 2.993702657009508
870 2.986699003812764
871 2.979720809371135
872 2.972767720713466
873 2.965839431963095
874 2.958936228075378
875 2.952057579313318
876 2.945203403832672
877 2.938373960446115
878 2.931569041610099
879 2.924788319678174
880 2.918031770370122
881 2.911299219785016
882 2.90459107244726
883 2.897906675703693
884 2.891245970084933
885 2.884608702996165
886 2.877995176554902
887 2.871405129377902
888 2.864838555042855
889 2.858295131668274
890 2.851774885256165
891 2.845277640012148
892 2.838803232061602
893 2.832352079775357
894 2.825923975393267
895 2.819518539995498
896 2.813135570351809
897 2.806774876926441
898 2.800436615395005
899 2.794120776467376
900 2.787826750267572
901 2.781555088895988
902 2.775305181468973
903 2.769077519862994
904 2.762871484528239
905 2.756687252601008
906 2.7505245762446
907 2.744383454087056
908 2.738263777957186
909 2.732165305634228
910 2.726088092787062
911 2.720032123758655
912 2.713997248763876
913 2.707983384438949
914 2.701990443647999
915 2.696018537604021
916 2.690067459139602
917 2.684137130840789
918 2.678227262867499
919 2.672337963289593
920 2.666469087904067
921 2.660620515199972
922 2.654792155348771
923 2.648983924998332
924 2.643195368908471
925 2.637426924644687
926 2.631678328779981
927 2.625949556327136
928 2.620240529750685
929 2.614551138016462
930 2.608881285939839
931 2.603230975412645
932 2.597600108112684
933 2.591988640133192
934 2.586396377398678
935 2.580823333272745
936 2.57526919336455
937 2.569734031720317
938 2.56421779447078
939 2.558720419152086
940 2.55324174820869
941 2.547781754748843
942 2.542340518403564
943 2.536917713416995
944 2.531513265466854
945 2.52612717227735
946 2.520759234463495
947 2.515409761729615
948 2.510078431503505
949 2.504765190257216
950 2.499469724911548
951 2.494192066242455
952 2.488932284684972
953 2.483690395799684
954 2.478466255584883
955 2.473259763420422
956 2.468070852147059
957 2.46289939496
958 2.457745277490627
959 2.452608474810196
960 2.447488727489905
961 2.442386234814972
962 2.437300957006869
963 2.432232789884675
964 2.42718158998001
965 2.422147194024532
966 2.417129588506277
967 2.412128800879518
968 2.407144685348308
969 2.402177115329974
970 2.397225884477346
971 2.392290930117678
972 2.387372353934945
973 2.382470146523254
974 2.377584012691971
975 2.372714208539613
976 2.36786063963835
977 2.363023090436962
978 2.358201612972553
979 2.353396195544598
980 2.348606566271234
981 2.343832676081564
982 2.339074512884622
983 2.334331966160824
984 2.329604882475858
985 2.324893373500726
986 2.32019734518842
987 2.315516426002429
988 2.310850997113024
989 2.306200933133848
990 2.301566187593284
991 2.296946719812894
992 2.292342375096059
993 2.287753110923713
994 2.283178734355966
995 2.278619275642279
996 2.274074710120189
997 2.269544909155027
998 2.265029447308032
999 2.260528627683855
1000 2.256042315904258
1001 2.251570509024553
1002 2.247113221641115
1003 2.242670355597934
1004 2.238241890163937
1005 2.233827773600855
1006 2.229427904980946
1007 2.225042268462312
1008 2.220670867937175
1009 2.216313609473478
1010 2.21197037528586
1011 2.207641024501644
1012 2.203325488051081
1013 2.19902365476256
1014 2.194735536776645
1015 2.190461090901396
1016 2.186200313005225
1017 2.181953185030034
1018 2.177719630487259
1019 2.173499591607153
1020 2.169293151804499
1021 2.165100277238899
1022 2.16092080154986
1023 2.156754721472474
1024 2.152601995193547
1025 2.148462415351011
1026 2.144336055750024
1027 2.140222634542337
1028 2.136122108171566
1029 2.132034478037636
1030 2.127959737511101
1031 2.123897901727569
1032 2.119848907843297
1033 2.115812583773728
1034 2.111788951372628
1035 2.107777918641651
1036 2.103779574898518
1037 2.099793854813445
1038 2.095820723488203
1039 2.091860112490819
1040 2.087911904970397
1041 2.083976219646566
1042 2.080052884993797
1043 2.076141863992038
1044 2.072242987662953
1045 2.06835622041205
1046 2.06448156424298
1047 2.060618918128965
1048 2.056768210089311
1049 2.052929411217973
1050 2.049102534569002
1051 2.045287615211464
1052 2.041484501912211
1053 2.037693230566272
1054 2.033913776617369
1055 2.030145994692623
1056 2.026389840597875
1057 2.022645250921456
1058 2.018912169156714
1059 2.015190527664795
1060 2.011480264122855
1061 2.007781725333994
1062 2.004094646326297
1063 2.000419104085964
1064 1.996754902841965
1065 1.993102052012517
1066 1.989460187016438
1067 1.985829359945799
1068 1.982209557214737
1069 1.978600741149913
1070 1.975002950464568
1071 1.971416235109904
1072 1.967840529212892
1073 1.96427574643923
1074 1.960721789870138
1075 1.957178653047353
1076 1.953646246357743
1077 1.950124477972412
1078 1.946613273529339
1079 1.943112668332394
1080 1.939622706187136
1081 1.936143348479925
1082 1.932674579811086
1083 1.929216301254909
1084 1.925768281124001
1085 1.922330839121325
1086 1.918903991148998
1087 1.915487561120701
1088 1.912081410783049
1089 1.90868529152435
1090 1.90529931959645
1091 1.901923523158655
1092 1.898557855865709
1093 1.895202173245542
1094 1.891856497562844
1095 1.888520775736648
1096 1.885195031536177
1097 1.881879221737807
1098 1.878573350643495
1099 1.875277371293353
1100 1.871991250430111
1101 1.868714796233696
1102 1.865448030688442
1103 1.862190643566491
1104 1.858943020504005
1105 1.855704857016737
1106 1.852476803532053
1107 1.849258036053549
1108 1.846048528051422
1109 1.842848780213741
1110 1.839658572717421
1111 1.836477734432451
1112 1.833306242725906
1113 1.830144078833161
1114 1.826990901468931
1115 1.823847057091713
1116 1.820712415038335
1117 1.81758687735052
1118 1.814470501757727
1119 1.811363350747218
1120 1.808265405849212
1121 1.805176748524833
1122 1.802097326191755
1123 1.799026942369999
1124 1.795965401369339
1125 1.792912647148785
1126 1.78986858304863
1127 1.78683320064083
1128 1.783806433742843
1129 1.780788376770076
1130 1.777779028755986
1131 1.774778473974562
1132 1.771786668678494
1133 1.768803667486975
1134 1.765829417698119
1135 1.762863869411139
1136 1.759906896998611
1137 1.756958475279524
1138 1.754018459420839
1139 1.751086875103411
1140 1.74816372236427
1141 1.745249044571652
1142 1.742342819070651
1143 1.739445041682905
1144 1.73655559199474
1145 1.733674295852454
1146 1.730801293857798
1147 1.727936347812889
1148 1.725079379916752
1149 1.722230565273579
1150 1.719389616629835
1151 1.716556742694147
1152 1.713731784134898
1153 1.710915005801355
1154 1.7081062372693
1155 1.705305421939579
1156 1.702512435205913
1157 1.699727302321683
1158 1.696950023562318
1159 1.694180720812251
1160 1.691419298688186
1161 1.688665853724972
1162 1.685920243451406
1163 1.683182343930468
1164 1.68045194901022
1165 1.677729275881693
1166 1.675014136280608
1167 1.672306688198999
1168 1.669606804295066
1169 1.66691453131577
1170 1.664229780082364
1171 1.661552607969566
1172 1.658882932549207
1173 1.656220686211871
1174 1.653565860616325
1175 1.650918473610044
1176 1.648278330673791
1177 1.645645339190557
1178 1.643019466307216
1179 1.640400744901104
1180 1.637789282290731
1181 1.63518506223838
1182 1.632588082890602
1183 1.629998380982251
1184 1.627415830392205
1185 1.624840358113589
1186 1.622271966601357
1187 1.619710644266952
1188 1.617156324114151
1189 1.614609021394027
1190 1.612068663412448
1191 1.609535296220648
1192 1.607008956247059
1193 1.604490332107327
1194 1.601978057570282
1195 1.599472381097061
1196 1.596973530566993
1197 1.594481535665958
1198 1.591996373048709
1199 1.589517919702911
1200 1.587046189532032
1201 1.584581256706251
1202 1.582123038066342
1203 1.57967153657653
1204 1.577226611528665
1205 1.574788164845153
1206 1.572355643528069
1207 1.569930182384815
1208 1.567511400113031
1209 1.565099156945133
1210 1.562693405441804
1211 1.560294324662363
1212 1.557901813469927
1213 1.555515712244374
1214 1.553135954584694
1215 1.550762528465022
1216 1.548395459632303
1217 1.546034754661731
1218 1.543680402971292
1219 1.541332299923379
1220 1.538990454628034
1221 1.536654894896796
1222 1.534325580799383
1223 1.532002509923936
1224 1.52968569748034
1225 1.527375099820007
1226 1.525070655460222
1227 1.522772313130629
1228 1.52047977509847
1229 1.518193195485613
1230 1.515912466183101
1231 1.513637587037776
1232 1.511368497829595
1233 1.50910550786701
1234 1.506848555032973
1235 1.504597607366279
1236 1.502352638425079
1237 1.500113597221308
1238 1.49788053230321
1239 1.495653336610854
1240 1.493431973562943
1241 1.491216474195547
1242 1.489006857990871
1243 1.48680302122246
1244 1.484604905711365
1245 1.482412478898716
1246 1.480225914606518
1247 1.478045134393145
1248 1.475870166494266
1249 1.47370101423898
1250 1.471537540509242
1251 1.469379690709486
1252 1.467227516227339
1253 1.465080946519835
1254 1.462939859810309
1255 1.460804247198112
1256 1.458674113526063
1257 1.456549454576198
1258 1.454430234879224
1259 1.452316377609005
1260 1.450207930465724
1261 1.448104961272876
1262 1.446007516241428
1263 1.443915476374272
1264 1.441804391400495
1265 1.43974331276069
1266 1.437681180337763
1267 1.435585124065518
1268 1.433537668412452
1269 1.431489489027325
1270 1.429406903599805
1271 1.427373905584281
1272 1.425340984724014
1273 1.423301151116188
1274 1.421236563572064
1275 1.419224423405144
1276 1.417213392559083
1277 1.415195732720277
1278 1.413152956429288
1279 1.411161086099291
1280 1.409170073282586
1281 1.407172570679226
1282 1.405174921855182
1283 1.403182070372835
1284 1.401196005006954
1285 1.399216749506075
1286 1.397243614239613
1287 1.395275999642719
1288 1.393313548280275
1289 1.391356030538716
1290 1.389403325917448
1291 1.387455268443015
1292 1.385511908083618
1293 1.383573236369534
1294 1.381639335966837
1295 1.379710160484345
1296 1.377785805393676
1297 1.375866176845781
1298 1.373951319557705
1299 1.372041197425288
1300 1.370135963763201
1301 1.368235632362146
1302 1.366340218787692
1303 1.364449505894843
1304 1.362563533039258
1305 1.360682210770106
1306 1.358805574717473
1307 1.35693345059568
1308 1.355065944241895
1309 1.353202939366584
1310 1.351344464945822
1311 1.349490412521724
1312 1.347640790529657
1313 1.345795661547436
1314 1.34395514070623
1315 1.342119077313124
1316 1.340267236995644
1317 1.338457094483718
1318 1.336645794561625
1319 1.334828982889384
1320 1.332990352423058
1321 1.331195467544069
1322 1.329400890924343
1323 1.327600796747457
1324 1.325800781228791
1325 1.324004934056254
1326 1.322214954302229
1327 1.320430768215648
1328 1.318652015668957
1329 1.31687807264509
1330 1.315108634057274
1331 1.313343414600689
1332 1.311582394847475
1333 1.309825422044261
1334 1.308072548961644
1335 1.30632372656707
1336 1.304579062769142
1337 1.302838575270903
1338 1.301102231439609
1339 1.299369960941904
1340 1.297641909329871
1341 1.295917989487761
1342 1.294198252527838
1343 1.292482668166256
1344 1.290771241212256
1345 1.289063926702308
1346 1.287360702966572
1347 1.285661476215531
1348 1.283966292714458
1349 1.282275038399903
1350 1.280587804273863
1351 1.278904532190152
1352 1.277225252752787
1353 1.275549924394164
1354 1.273878579016971
1355 1.272211139469208
1356 1.270547672303115
1357 1.268888215692524
1358 1.26723271810829
1359 1.265581121054763
1360 1.263933303235979
1361 1.262289401962312
1362 1.260649369597718
1363 1.259013185091604
1364 1.257380852584879
1365 1.255752426101381
1366 1.254127857858965
1367 1.252507075983039
1368 1.25089007636241
1369 1.249276874512913
1370 1.247667462552601
1371 1.24606182510338
1372 1.244459929350346
1373 1.242861638572139
1374 1.241267131140882
1375 1.239676300085538
1376 1.238089160358458
1377 1.236505596804153
1378 1.234925698017475
1379 1.233349474618078
1380 1.231776914805316
1381 1.230207922026983
1382 1.228642635856131
1383 1.227080952819261
1384 1.225522968912988
1385 1.223968541327781
1386 1.222417719660652
1387 1.220870384244679
1388 1.219326629251832
1389 1.217786346323031
1390 1.216249658180612
1391 1.214716507810215
1392 1.213186924866063
1393 1.211660833123463
1394 1.210138256137696
1395 1.208619131630083
1396 1.207103505892086
1397 1.20559127311042
1398 1.204082503568902
1399 1.202577141747482
1400 1.201075226838076
1401 1.199576676162681
1402 1.19808155091588
1403 1.196589815323169
1404 1.195101528936423
1405 1.19361656060897
1406 1.192134954208436
1407 1.190656752404314
1408 1.189181938813565
1409 1.187710403462392
1410 1.186242158434313
1411 1.184777132922368
1412 1.183315256380802
1413 1.18185681945065
1414 1.180401730242212
1415 1.178949862446816
1416 1.17750128595903
1417 1.17605589862898
1418 1.174613776150023
1419 1.173174832980335
1420 1.171739158590146
1421 1.170306625905278
1422 1.168877280041803
1423 1.167451050641086
1424 1.166028044020179
1425 1.164608192873784
1426 1.163191568026376
1427 1.16177804699826
1428 1.160367702081966
1429 1.158960449228139
1430 1.157556413317668
1431 1.156155432842838
1432 1.154757574520328
1433 1.153362746669354
1434 1.151971374652003
1435 1.15058286783156
1436 1.149197274230987
1437 1.147814702371373
1438 1.14642104911254
1439 1.145055806077647
1440 1.143690269464565
1441 1.142306038915818
1442 1.140948509267832
1443 1.139590611378934
1444 1.13822915753794
1445 1.136853350197266
1446 1.135507105645206
1447 1.134161696650271
1448 1.132812916875615
1449 1.13144958142309
1450 1.130115144795624
1451 1.128781471184119
1452 1.127444425658218
1453 1.126093020751595
1454 1.124770115977461
1455 1.123448006963211
1456 1.122107787955509
1457 1.120793423354379
1458 1.119479233065083
1459 1.118146899878244
1460 1.116840682640738
1461 1.115534876170876
1462 1.114211068279402
1463 1.112913229859049
1464 1.11161580667298
1465 1.110314981095578
1466 1.109000634891719
1467 1.107714127827064
1468 1.106428351055013
1469 1.105125380263601
1470 1.103847281867379
1471 1.102569256167729
1472 1.101273908257824
1473 1.100003659657524
1474 1.098733680697252
1475 1.097446544984762
1476 1.096184345315469
1477 1.094922451781689
1478 1.09364366809523
1479 1.092389550003266
1480 1.091135748505128
1481 1.0898650700916
1482 1.088618800177345
1483 1.087372837088582
1484 1.086110299750027
1485 1.084872002953293
1486 1.083633998647317
1487 1.082379484383959
1488 1.081148955731393
1489 1.079918774200133
1490 1.078672273824439
1491 1.077449542662261
1492 1.076227107715405
1493 1.074988408776981
1494 1.073773282206829
1495 1.072558417386987
1496 1.071327571498913
1497 1.070120054894254
1498 1.068912772828351
1499 1.067689570747858
1500 1.066489522252299
1501 1.065289723982265
1502 1.064074218640259
1503 1.062881667752008
1504 1.061689366473112
1505 1.060481515854387
1506 1.059296367114829
1507 1.058111405159885
1508 1.056911106230123
1509 1.055733285636834
1510 1.054555683841523
1511 1.053362807153628
1512 1.052192223223477
1513 1.051021846993232
1514 1.049836431736778
1515 1.048673052871785
1516 1.047509934039342
1517 1.046331849225492
1518 1.045175610933973
1519 1.04401961814556
1520 1.042848841692697
1521 1.041699737983742
1522 1.040550865427842
1523 1.039387278315512
1524 1.038245189236058
1525 1.037103332902555
1526 1.035946966216601
1527 1.034811866714575
1528 1.033677001671109
1529 1.032527676369247
1530 1.031399474432317
1531 1.030271495512026
1532 1.029129258387953
1533 1.028007918743992
1534 1.026886781186837
1535 1.025751448730763
1536 1.024636944578912
1537 1.023522587362726
1538 1.022394232755431
1539 1.02128653142524
1540 1.020178938336959
1541 1.019057354159692
1542 1.017956313810108
1543 1.016855362022161
1544 1.015740634373552
1545 1.01464626102176
1546 1.013551954223714
1547 1.012443902020774
1548 1.011356072199522
1549 1.010268295803515
1550 1.009167001119873
1551 1.008085740980025
1552 1.007004520878505
1553 1.005909808670354
1554 1.004834955725529
1555 1.003760145854059
1556 1.00267206564223
1557 1.00160364853521
1558 1.000524468013141
1559 0.9994607618031485
1560 0.9983855637526996
1561 0.9973259288133794
1562 0.9962548041842065
1563 0.9951993419879817
1564 0.9941325421604165
1565 0.9930813253310375
1566 0.9920187620746822
1567 0.9909716263522026
1568 0.989913314223036
1569 0.9888703337922659
1570 0.9878161926683852
1571 0.9867772765204779
1572 0.985727344575861
1573 0.9846925422725638
1574 0.9836467231285423
1575 0.982615928649494
1576 0.9815742593937936
1577 0.9805475262138657
1578 0.9795099420077963
1579 0.978487204305597
1580 0.9774537477032468
1581 0.9764350370278276
1582 0.9754056129368188
1583 0.9743908260722025
1584 0.9733654560429351
1585 0.9723546652752075
1586 0.9713332946360882
1587 0.9703263747353978
1588 0.9693089973469257
1589 0.9683060197818091
1590 0.9672926036541278
1591 0.9662934643476159
1592 0.9652839997013016
1593 0.9642887545534188
1594 0.963283201379954
1595 0.9622917472829204
1596 0.9612900988283656
1597 0.9603025020786549
1598 0.9593047082186905
1599 0.9583208665495132
1600 0.957326938707395
1601 0.9563469054677125
1602 0.9553568146864654
1603 0.9543804855979232
1604 0.9533942339581951
1605 0.952421692551787
1606 0.9514392196514888
1607 0.9504703946018954
1608 0.9494916744462994
1609 0.9485265842747886
1610 0.9475516186184985
1611 0.9465901479988879
1612 0.945618917589332
1613 0.9446611504965841
1614 0.943693627434687
1615 0.9427394370738985
1616 0.9417756099606092
1617 0.9408251080486502
1618 0.939864969883157
1619 0.9389180026291909
1620 0.9379614995889713
1621 0.937018171749561
1622 0.9360653187736739
1623 0.9351254930497563
1624 0.9341762546098803
1625 0.9332400341906515
1626 0.9322943987133331
1627 0.931353931486591
1628 0.9304157085736193
1629 0.9294806296162762
1630 0.9285477979379756
1631 0.9276166931283666
1632 0.926687375528007
1633 0.9257597081886781
1634 0.9248337871109211
1635 0.9239095548891401
1636 0.9229870825005659
1637 0.9220663023382054
1638 0.9211472803657481
1639 0.9202299561015433
1640 0.9193143605660704
1641 0.9184004672904115
1642 0.9174882819901681
1643 0.9165777935458777
1644 0.9156690022170721
1645 0.9147619031773145
1646 0.9138564944990348
1647 0.9129527692554231
1648 0.9120507259276265
1649 0.9111503582661931
1650 0.9102516618374926
1651 0.9093546323306503
1652 0.9084592632755041
1653 0.9075655529505762
1654 0.9066734956185479
1655 0.9057830948835471
1656 0.9049011649287116
1657 0.9040096276373571
1658 0.9031229329846944
1659 0.9022379834178632
1660 0.9013621365807986
1661 0.900477185891941
1662 0.8995971003975187
1663 0.8987187385560026
1664 0.8978427408384194
1665 0.8969686451387628
1666 0.896096147075822
1667 0.8952252489058475
1668 0.8943559204253968
1669 0.8934881563280708
1670 0.8926219684138853
1671 0.8917573590560448
1672 0.890894333793801
1673 0.8900328869921703
1674 0.889173002797395
1675 0.8883146746449201
1676 0.8874579086836395
1677 0.8866027230603921
1678 0.8857490898666546
1679 0.8848970031746737
1680 0.8840464598528889
1681 0.8831974625701414
1682 0.8823500013858948
1683 0.8815040843997527
1684 0.880659693102712
1685 0.8798168359795299
1686 0.8789754922746968
1687 0.878135668901238
1688 0.8772973614692599
1689 0.8764605601043297
1690 0.8756314359701746
1691 0.8747936482134868
1692 0.8739602653817028
1693 0.8731284974306541
1694 0.8723049468734467
1695 0.8714732120744771
1696 0.8706521641307846
1697 0.8698229392411008
1698 0.8689980494190945
1699 0.8681748715661934
1700 0.8673541846617863
1701 0.866535290163592
1702 0.8657178654207843
1703 0.8649018955591591
1704 0.8640873506222102
1705 0.8632742318401833
1706 0.8624625557626635
1707 0.8616523217682611
1708 0.8608435330419706
1709 0.8600361813343091
1710 0.8592302667065937
1711 0.8584257812412495
1712 0.8576227270968979
1713 0.8568210940967516
1714 0.8560208853549146
1715 0.8552220909626189
1716 0.854424712025402
1717 0.8536287391702823
1718 0.8528341740765129
1719 0.8520410135179108
1720 0.8512492480804702
1721 0.8504588749926423
1722 0.8496698891752356
1723 0.8488822888386378
1724 0.8480960685508004
1725 0.8473112332410492
1726 0.8465277821512724
1727 0.8457457002932841
1728 0.8449649982150754
1729 0.8441856524105782
1730 0.8434076812761772
1731 0.8426310602770286
1732 0.8418558113383727
1733 0.8410819052542023
1734 0.8403093660987829
1735 0.8395381615419087
1736 0.8387683110292737
1737 0.8379997893833496
1738 0.8372326180152665
1739 0.8364667685150798
1740 0.8357022641124653
1741 0.8349390775519079
1742 0.8341772289175596
1743 0.8334166880263604
1744 0.8326574802898361
1745 0.8318995706615112
1746 0.8311429851906261
1747 0.8303876998742796
1748 0.8296337375553113
1749 0.8288810639518284
1750 0.8281297056049548
1751 0.8273796248283382
1752 0.826630859171132
1753 0.8258833587802256
1754 0.8251371690131001
1755 0.824392235550069
1756 0.8236486073887496
1757 0.8229062288720086
1758 0.8221651487050693
1759 0.821425314500981
1760 0.8206867706968239
1761 0.8199494692138117
1762 0.8192134532676157
1763 0.8184786724215951
1764 0.8177451678131934
1765 0.8170128876371715
1766 0.8162818771024305
1767 0.8155520929627793
1768 0.8148235783014278
1769 0.814096280056663
1770 0.8133702391302052
1771 0.812645413897719
1772 0.8119218345416355
1773 0.8111994712272248
1774 0.8104783477416291
1775 0.8097584332243805
1776 0.809039763684998
1777 0.8083222908319843
1778 0.8076060461829813
1779 0.8068909939226353
1780 0.8061771671302742
1781 0.8054645295206111
1782 0.8047531126606889
1783 0.8040428786936846
1784 0.8033338579473648
1785 0.8026260221834016
1786 0.8019193837990924
1787 0.8012139230652905
1788 0.8005096525771149
1789 0.7998065620898219
1790 0.7991046551733451
1791 0.7984039269409969
1792 0.7977043711960895
1793 0.797005987527184
1794 0.7963087770900257
1795 0.7956127347386388
1796 0.7949178601604019
1797 0.7942241458199774
1798 0.793531595085149
1799 0.7928401978717875
1800 0.7921499580498739
1801 0.7914608621874785
1802 0.7907729230783539
1803 0.7900861234771529
1804 0.7894004765400023
1805 0.78871596223341
1806 0.7880325973890846
1807 0.7873503495288748
1808 0.7866692466287734
1809 0.7859892678058175
1810 0.7853104291445546
1811 0.7846327038891353
1812 0.7839561120035738
1813 0.7832806298622608
1814 0.7826062744420532
1815 0.7819330222214916
1816 0.7812608921897435
1817 0.7805898601308686
1818 0.7799199414163708
1819 0.7792511203210887
1820 0.7785834136897841
1821 0.7779167981879818
1822 0.7772512894368943
1823 0.7765868635218584
1824 0.7759235382045576
1825 0.7752612950339847
1826 0.7746001429746542
1827 0.7739400636694806
1828 0.7732810719708486
1829 0.7726231504149425
1830 0.7719663123146618
1831 0.7713105386533179
1832 0.7706558420694454
1833 0.7700022063387688
1834 0.769349634522123
1835 0.7686981240590729
1836 0.76804768372537
1837 0.7673982910292299
1838 0.766749961282291
1839 0.7661026772817127
1840 0.7654564577568883
1841 0.7648112727356591
1842 0.7641671496661212
1843 0.763524059176953
1844 0.7628820208875043
1845 0.7622410110623472
1846 0.7616010473152817
1847 0.7609621085969595
1848 0.7603242094833443
1849 0.7596873317214924
1850 0.7590514889616948
1851 0.758416663694966
1852 0.7577828697922698
1853 0.7571500871493095
1854 0.7565183417749313
1855 0.7558875911524223
1856 0.7552578615589468
1857 0.7546291354587586
1858 0.7540014302928794
1859 0.7533747228591211
1860 0.7527490307385279
1861 0.7521243322708606
1862 0.7515006390413556
1863 0.7508779350210736
1864 0.7502562371875029
1865 0.7496355251649792
1866 0.7490158130015281
1867 0.7483970813691427
1868 0.7477793455328513
1869 0.7471625876572585
1870 0.7465468214674934
1871 0.7459320378110378
1872 0.7453182215248821
1873 0.7447053895110606
1874 0.7440935203235067
1875 0.7434826308302647
1876 0.7428727015236837
1877 0.7422637598449957
1878 0.7416557699457987
1879 0.7410487627726282
1880 0.7404427005038295
1881 0.7398376033822504
1882 0.7392334480515177
1883 0.7386302604295713
1884 0.7380280180127846
1885 0.7374267305648274
1886 0.7368263926831632
1887 0.736226998190156
1888 0.7356285550553141
1889 0.7350310489931942
1890 0.734434490068931
1891 0.7338388633085146
1892 0.7332441805779366
1893 0.7326504248793831
1894 0.7320576104965303
1895 0.7314657166422356
1896 0.7308747581646826
1897 0.7302847171820868
1898 0.7296956063911242
1899 0.7291074098920072
1900 0.7285201420639862
1901 0.7279337833846877
1902 0.7273483495867796
1903 0.7267638196778573
1904 0.7261802089267482
1905 0.7255974994790185
1906 0.7250157067150119
1907 0.7244348106132913
1908 0.7238548272945061
1909 0.7232757364379162
1910 0.7226975556806874
1911 0.72212026305781
1912 0.7215438771287205
1913 0.7209683747372625
1914 0.7203937734780308
1915 0.7198200523249069
1916 0.7192472307062211
1917 0.7186752839413422
1918 0.7181042347683816
1919 0.7175340552421131
1920 0.7169647707606973
1921 0.7163963516268446
1922 0.7158288222082836
1923 0.7152621562278587
1924 0.7146963746913018
1925 0.7141314533652694
1926 0.7135674121768835
1927 0.7130042276648578
1928 0.7124419287316092
1929 0.7118804745150201
1930 0.7113198975289988
1931 0.7107601704872321
1932 0.7102013129595629
1933 0.7096432970961105
1934 0.709086147720867
1935 0.7085298350936576
1936 0.7079743853751836
1937 0.7074197696183062
1938 0.706866014278365
1939 0.7063130904121626
1940 0.7057610207232162
1941 0.7052097805680304
1942 0.7046593916653554
1943 0.7041098292793555
1944 0.7035611130614303
1945 0.703013220793211
1946 0.7024661695526654
1947 0.7019199375946361
1948 0.7013745433378573
1949 0.7008299682393485
1950 0.700286228212067
1951 0.6997433029839013
1952 0.6992012089568137
1953 0.698659925995173
1954 0.6981194709355465
1955 0.69757982439449
1956 0.6970410018880255
1957 0.696502983681904
1958 0.6959657859185445
1959 0.6954293887721187
1960 0.694893809123029
1961 0.6943590266320435
1962 0.6938250585977834
1963 0.6932918843510433
1964 0.6927595213547481
1965 0.6922279482695963
1966 0.6916971835510018
1967 0.6911672048307512
1968 0.6906380311500516
1969 0.6901096412421688
1970 0.6895820535452304
1971 0.6890552454493124
1972 0.6885292361262062
1973 0.6880040022222785
1974 0.6874795631989328
1975 0.6869558946743409
1976 0.6864330201144451
1977 0.6859109061423512
1978 0.6853895864994294
1979 0.6848690348490648
1980 0.6843492722233594
1981 0.6838302698041164
1982 0.6833120498688376
1983 0.6827945861947412
1984 0.6822779027629621
1985 0.6817619714841134
1986 0.6812468174264444
1987 0.6807324144054602
1988 0.6802187862187156
1989 0.6797059063686144
1990 0.6791937990875933
1991 0.6786824372453828
1992 0.678171843818698
1993 0.6776619923259073
1994 0.6771529014183897
1995 0.6766445565981503
1996 0.6761369708953604
1997 0.6756301187665594
1998 0.6751240188627905
1999 0.6746186664611408
2000 0.6741140640517469
