"report-file-4"
"Iteration" "report-def-0"
("Iteration" "report-def-0")
1 145.6690083092025
2 145.0896343340444
3 144.5866394677442
4 143.9607242186288
5 143.3327182554326
6 142.6682199662275
7 141.9711674490028
8 141.3148640346878
9 140.6603671990483
10 139.9980442943596
11 139.2927536315417
12 138.6433236640663
13 138.0105278788336
14 137.3610946176991
15 136.7172174082849
16 136.07008345105
17 135.4264610761839
18 134.7851748357764
19 134.1473238049417
20 133.5128124559423
21 132.8818189280264
22 132.254282668616
23 131.6300700418707
24 131.0090536689
25 130.3911705468184
26 129.7763917837889
27 129.1646934080486
28 128.5560378748402
29 127.950386805783
30 127.3477200438179
31 126.7480465795338
32 126.151411869469
33 125.5578450881278
34 124.9673500520501
35 124.3798903012018
36 123.7954350385166
37 123.2139556132564
38 122.635217069953
39 122.0595950149738
40 121.4870508398513
41 120.917274560414
42 120.3503110269245
43 119.7861600889284
44 119.2248365599765
45 118.6663463389074
46 118.1106868607449
47 117.5578479899745
48 117.0078323060248
49 116.4606188781471
50 115.9161917209401
51 115.3745489940375
52 114.8355996920129
53 114.2994119036416
54 113.7659146204377
55 113.2350718778374
56 112.7068968778602
57 112.181411965042
58 111.6585683155125
59 111.1383687611537
60 110.620758292451
61 110.1057769759533
62 109.5934068024736
63 109.0836174659336
64 108.5763979304274
65 108.0717280767662
66 107.5695857159892
67 107.0699599424983
68 106.5728430899664
69 106.0782228641803
70 105.5860897129969
71 105.0964435144179
72 104.6092624869301
73 104.1245620958782
74 103.6422687156808
75 103.1624095721948
76 102.6849632368429
77 102.2099158108813
78 101.7263157319868
79 101.2568310743823
80 100.7993890182769
81 100.3261653796264
82 99.87322534381263
83 99.40412512680298
84 98.94433992301568
85 98.49661793808389
86 98.03379339180555
87 97.59130809263425
88 97.13416395052187
89 96.68575181343165
90 96.24897744349126
91 95.79765428156927
92 95.3563397993026
93 94.9270386027205
94 94.48282167111061
95 94.04815023782118
96 93.6252207370097
97 93.18754303511137
98 92.75932319829379
99 92.33221785975178
100 91.91880632341392
101 91.49010044144262
102 91.08016164658117
103 90.65616340020316
104 90.24017346509079
105 89.8349819415275
106 89.41629364868535
107 89.01597824446966
108 88.60241099701271
109 88.19677996591533
110 87.80167788855269
111 87.39341232167504
112 87.00301123062238
113 86.5996666032906
114 86.20402303041985
115 85.81861801706781
116 85.42042472921636
117 85.03098938567825
118 84.65211175305792
119 84.26016161030408
120 83.87656584975284
121 83.49396386132815
122 83.1145197588658
123 82.73750295885027
124 82.36220559905648
125 81.98884062031077
126 81.61729284013116
127 81.24754354655991
128 80.87960954891716
129 80.51348790020633
130 80.1491789724972
131 79.78668090087167
132 79.43477722805382
133 79.06921872717774
134 78.71947591503019
135 78.35791322370858
136 78.00316094721825
137 77.65761148611573
138 77.30074839950437
139 76.95167787457375
140 76.61207050340704
141 76.26082328012349
142 75.92466611312599
143 75.57721111870102
144 75.23637878437127
145 74.90436982702739
146 74.56144273699977
147 74.23339114130137
148 73.89450928887703
149 73.56945270873234
150 73.23387264787117
151 72.90426099194512
152 72.58326125193629
153 72.25196828233159
154 71.93506626489244
155 71.60777739360798
156 71.28668940347292
157 70.97387333057712
158 70.65077003393687
159 70.34163573784727
160 70.02231019100503
161 69.71597381729566
162 69.39976423226352
163 69.0960385513075
164 68.78279439010083
165 68.47503796875759
166 68.17537162723012
167 67.86628135183689
168 67.57055433314878
169 67.26517520116947
170 66.97218272494015
171 66.66971064815149
172 66.37918520221287
173 66.08855319196019
174 65.78510709257029
175 65.4975456138217
176 65.21193113920914
177 64.91416905084066
178 64.6315896270666
179 64.350243024319
180 64.05666088373167
181 63.77809724461657
182 63.50080250839025
183 63.21922921480909
184 62.93776086958814
185 62.6587145065121
186 62.38197273959026
187 62.10719238165017
188 61.83393417275372
189 61.56197795705257
190 61.29127019633823
191 61.02179924912783
192 60.75360387578612
193 60.48670140986562
194 60.22110336952647
195 59.95681789393935
196 59.69382619935441
197 59.43212661266165
198 59.17176962343412
199 58.91263169502102
200 58.65483055740691
201 58.39899795339817
202 58.13782386340066
203 57.88811091921344
204 57.63938328010362
205 57.38116363986999
206 57.1341685124445
207 56.8820385204664
208 56.63291658616292
209 56.38971681681225
210 56.14109833684245
211 55.89573121606177
212 55.65637814949015
213 55.4117517378774
214 55.16980274757019
215 54.9338357867852
216 54.69288446308402
217 54.45421890467471
218 54.22157560715861
219 53.98429423311558
220 53.74909901518297
221 53.51990480968055
222 53.29144463337988
223 53.0562378650723
224 52.82974187758107
225 52.59861819885556
226 52.36948382602072
227 52.14656539139592
228 51.9189078375943
229 51.69367261526408
230 51.47480741570748
231 51.25070160059042
232 51.02902862972321
233 50.81348341500331
234 50.59213582217017
235 50.37339115194133
236 50.15646273592258
237 49.94075022966392
238 49.73048194241876
239 49.52078173536984
240 49.30475570308975
241 49.0898988661535
242 48.87972973170077
243 48.67137191615531
244 48.46632654071453
245 48.26084675843494
246 48.05137639672192
247 47.84396096042662
248 47.64058545600196
249 47.43815380820791
250 47.23497462233738
251 47.03861377360562
252 46.84091846966881
253 46.63776632737126
254 46.4386970272657
255 46.24054623180155
256 46.0464028464
257 45.84932462655885
258 45.65889553306985
259 45.4675890917514
260 45.27596268870222
261 45.08285856322101
262 44.8913177951079
263 44.70095412758176
264 44.51142090416627
265 44.32339244261451
266 44.13623820923778
267 43.94998664651004
268 43.76508057051383
269 43.57644387598921
270 43.39142341177278
271 43.21218468443565
272 43.03271393790225
273 42.85303451039666
274 42.67209424347714
275 42.49124803970476
276 42.31039660802551
277 42.13226840421182
278 41.95693698261361
279 41.78294744016314
280 41.60838433972241
281 41.43511021161018
282 41.26967711822638
283 41.0963960768403
284 40.92362983858352
285 40.74936384063324
286 40.57658343964264
287 40.40674388076209
288 40.23833350490737
289 40.07107800223402
290 39.90497155751521
291 39.73996822101488
292 39.57555332655706
293 39.41311376023766
294 39.25151592535072
295 39.08052820744592
296 38.92257768772868
297 38.76151416978215
298 38.6090839694736
299 38.45864965619619
300 38.30716786484074
301 38.15874737455364
302 37.99795044040096
303 37.84300080418851
304 37.68854812759882
305 37.53402160275888
306 37.38123990960724
307 37.22862741476514
308 37.077174246771
309 36.92447629121069
310 36.77073900261293
311 36.61667228031857
312 36.45938565321643
313 36.30238844028642
314 36.13885717082721
315 35.99011093024721
316 35.84695816637697
317 35.70073687823137
318 35.55150351255131
319 35.40288521394021
320 35.25937394433954
321 35.12244463182267
322 34.98721112273104
323 34.84989175194938
324 34.70055108736178
325 34.55287603527695
326 34.41158423772113
327 34.25660099481583
328 34.11861381585884
329 33.98391355131622
330 33.84917269516779
331 33.71413193521754
332 33.57521237903085
333 33.43677354202362
334 33.30043526462216
335 33.16491992415121
336 33.03014116290533
337 32.89595265301816
338 32.76232837545806
339 32.63101768689376
340 32.49853838959002
341 32.36732524101363
342 32.23683261404445
343 32.10740434805609
344 31.97823234911574
345 31.84994441997799
346 31.72274279379107
347 31.59730022357713
348 31.47213023932155
349 31.34649003888946
350 31.22079980619346
351 31.09559930817583
352 30.97110377616763
353 30.84735875862343
354 30.72426750653347
355 30.60184835016058
356 30.47997972853253
357 30.3587134042426
358 30.23796605057017
359 30.11777628410723
360 29.99818550828276
361 29.87914306650822
362 29.76065544485535
363 29.64272840430297
364 29.52532418851568
365 29.4085284534246
366 29.29223240167818
367 29.1766157716776
368 29.06152402090896
369 28.94674027667516
370 28.83236961048934
371 28.71865957093972
372 28.60576097854835
373 28.49316109328682
374 28.38104102907225
375 28.26947308551722
376 28.15849621697965
377 28.04801578345693
378 27.93802990101296
379 27.82855466424841
380 27.7195892904263
381 27.61114698918339
382 27.50320879268622
383 27.39580081379047
384 27.28889628685101
385 27.18254687192902
386 27.07665884972879
387 26.97120055358699
388 26.86621471784033
389 26.76167099563527
390 26.65763610774474
391 26.55412191159252
392 26.45111331769904
393 26.34860312156604
394 26.24654636826082
395 26.14495923983635
396 26.04383599870557
397 25.94298569868099
398 25.84315701055917
399 25.74381090917638
400 25.64453510063812
401 25.54543380765165
402 25.44690431655578
403 25.34891879769328
404 25.25146853260017
405 25.15449111838188
406 25.0579674984865
407 24.96187320881022
408 24.86622055353251
409 24.7710048215449
410 24.67622768741882
411 24.58189262016399
412 24.48799550813101
413 24.39452069904733
414 24.3014687159832
415 24.20884944795901
416 24.11665575160486
417 24.02489599599594
418 23.93172503158394
419 23.84254788350813
420 23.75329038420451
421 23.66299607331967
422 23.57278106999412
423 23.4830997886812
424 23.39405472641853
425 23.30559225225256
426 23.21760527239406
427 23.13002828308169
428 23.0428359748309
429 22.95602114478705
430 22.86958680263016
431 22.78354008933402
432 22.69788186803689
433 22.61261610889076
434 22.52773847028452
435 22.44325236434778
436 22.35915273585987
437 22.27543840849946
438 22.19210551834029
439 22.10915740739314
440 22.02658226309638
441 21.94438852388191
442 21.86256733568266
443 21.7811200778624
444 21.70004295249663
445 21.61933420601229
446 21.53899036986919
447 21.45901168722026
448 21.37939644840787
449 21.3001402727096
450 21.2212514623432
451 21.14271247843311
452 21.06453748096803
453 20.9867159546393
454 20.90925133208875
455 20.83213280130884
456 20.7553624684127
457 20.67894304630262
458 20.60287027964315
459 20.5271412407258
460 20.45175558122373
461 20.37670846937641
462 20.30200453207215
463 20.22763808750141
464 20.15360780094301
465 20.079911214687
466 20.00654736580323
467 19.93351115933786
468 19.86080572742217
469 19.78843041819495
470 19.71637911387279
471 19.64465603923761
472 19.57325531075317
473 19.5021762607303
474 19.4314183993291
475 19.36097527977528
476 19.29085540913181
477 19.22104748241768
478 19.15155224364226
479 19.0823685453614
480 19.01349488588474
481 18.9449304684554
482 18.87667499683246
483 18.80872631216889
484 18.741082501717
485 18.67374175962736
486 18.60670386697862
487 18.5399654202178
488 18.47352467294733
489 18.40738181765419
490 18.34153509239521
491 18.27598237489713
492 18.21072259689806
493 18.14575473032378
494 18.08107729665787
495 18.0166888689844
496 17.95258765303401
497 17.88877346194907
498 17.82524142711656
499 17.76199287436557
500 17.69902813163995
501 17.63634285144687
502 17.57393685573455
503 17.51180874648329
504 17.44995699579798
505 17.38837941098784
506 17.32707470378249
507 17.26604380089029
508 17.20528379971823
509 17.14479284618313
510 17.08456935628465
511 17.0246139596665
512 16.96492469651041
513 16.90549870493124
514 16.84633651616939
515 16.78743595950919
516 16.72879598522706
517 16.67041697238475
518 16.61229604363267
519 16.55443218841398
520 16.49682413524035
521 16.43947027787324
522 16.38236964493168
523 16.32552028136923
524 16.26892148303967
525 16.2125731021242
526 16.15647347550719
527 16.10062113971901
528 16.0450145474534
529 15.98965257064014
530 15.9345339183652
531 15.87965724524373
532 15.82502251216533
533 15.77062772604986
534 15.71646997966842
535 15.66255061741247
536 15.60886819108307
537 15.55542144968686
538 15.50221061569952
539 15.44923168192357
540 15.39648490673351
541 15.34396856378128
542 15.2916821187821
543 15.23962494332843
544 15.18779502388315
545 15.13619193448836
546 15.08481435742526
547 15.03366135404564
548 14.98273152726418
549 14.93202485150799
550 14.88153839054312
551 14.83127288538507
552 14.78122598590015
553 14.73139651688845
554 14.68178455955581
555 14.63238889411897
556 14.58320693950703
557 14.53423865235254
558 14.4854832524891
559 14.43693969344274
560 14.38860682693646
561 14.34048370217802
562 14.29256934540084
563 14.24486135217439
564 14.19736026609362
565 14.15006590358827
566 14.10297690817035
567 14.05609104080318
568 14.00940816263708
569 13.96292702017246
570 13.91664709375772
571 13.87056764739065
572 13.82468788745025
573 13.77900621665839
574 13.733520333088
575 13.68823021954931
576 13.64313338491457
577 13.59823196044168
578 13.55352402164861
579 13.50901040201162
580 13.46468912624747
581 13.42055639049005
582 13.37661207891935
583 13.3328543700824
584 13.28928524662468
585 13.24590297824692
586 13.2027091772432
587 13.15970021220266
588 13.11687595101437
589 13.07423206577367
590 13.03177251573738
591 12.98949548137412
592 12.94739936781013
593 12.90548334974535
594 12.86374586774968
595 12.82218621178574
596 12.7808039761598
597 12.73959825958656
598 12.69856775676874
599 12.65771275682986
600 12.61703150686665
601 12.5765233995266
602 12.53618775313544
603 12.49602394975229
604 12.45603102981873
605 12.41620791408247
606 12.37655371949305
607 12.3370680227972
608 12.2977499374596
609 12.25859838981077
610 12.21961267346248
611 12.18079328001521
612 12.1421373661921
613 12.10364485494993
614 12.06531524231418
615 12.02714793104432
616 11.98914266449938
617 11.95129798259661
618 11.91361215772879
619 11.87608544514552
620 11.83871663268281
621 11.80150464829037
622 11.76444887556172
623 11.72754920992477
624 11.69080580815942
625 11.65421708877509
626 11.61778277635415
627 11.58150003613573
628 11.54537008097342
629 11.50939178888926
630 11.47356438772449
631 11.43788710951598
632 11.40235896347038
633 11.36697963832999
634 11.33174839515446
635 11.2966650696306
636 11.26172793024281
637 11.22693674206221
638 11.19229083570009
639 11.15778936053507
640 11.12343344724593
641 11.08921967365834
642 11.05514773224442
643 11.02121816293332
644 10.98742938692079
645 10.95378186520755
646 10.92027497035565
647 10.88690703992341
648 10.85367701282224
649 10.82058583190414
650 10.78763146535836
651 10.75481343450282
652 10.72213161553508
653 10.68958566738774
654 10.65717491383845
655 10.6248981747047
656 10.59275488170297
657 10.5607444477388
658 10.52886615785282
659 10.49711927575887
660 10.46550292226768
661 10.43401737049048
662 10.40266158407963
663 10.37143489545451
664 10.34033577246978
665 10.30936554300541
666 10.27852290522591
667 10.24780764976132
668 10.21721866720804
669 10.18675542264289
670 10.15641707773864
671 10.12620392061543
672 10.09611378727061
673 10.06614640369976
674 10.0362994303484
675 10.00657798694585
676 9.976980476669709
677 9.947501960617361
678 9.91814266193812
679 9.888902905199386
680 9.859782538738314
681 9.830781206342602
682 9.801898376858629
683 9.773133258424156
684 9.744484931138983
685 9.71595321798419
686 9.687537869337557
687 9.659237398704102
688 9.6310517842651
689 9.602980684316853
690 9.575023633475071
691 9.547180128726593
692 9.519449395181036
693 9.491830753820869
694 9.464323546848586
695 9.436927591198826
696 9.409642363209452
697 9.382467416234514
698 9.355402026921219
699 9.328445822553014
700 9.301598179700187
701 9.274858661226741
702 9.248226868023249
703 9.221702797630023
704 9.195285395987076
705 9.168974631128457
706 9.142769166870512
707 9.116668638921061
708 9.09067209876134
709 9.064780287664988
710 9.038992655009427
711 9.013309292830618
712 8.987727645609827
713 8.962249253444982
714 8.936872677774408
715 8.911597645757205
716 8.88642341564772
717 8.861349801792556
718 8.836376447677948
719 8.811502826591045
720 8.786728230235278
721 8.762051992431786
722 8.737474026064884
723 8.712994288962806
724 8.688611603493619
725 8.664325619839337
726 8.640135991391951
727 8.616042264804836
728 8.592043665812703
729 8.568140221453644
730 8.544331579750249
731 8.520617198230518
732 8.496996973378737
733 8.473470210906809
734 8.450036401457252
735 8.42669523028421
736 8.403446393812118
737 8.38028940417392
738 8.357224108127186
739 8.33424956097392
740 8.311365100139254
741 8.28857017077013
742 8.265864646708156
743 8.243248098480638
744 8.220720819863686
745 8.198282296314636
746 8.175931897172996
747 8.153669170151607
748 8.131493707911719
749 8.109404827425045
750 8.087402825298884
751 8.065485942112224
752 8.043654940628485
753 8.021909096729333
754 8.000248400176366
755 7.978672121420678
756 7.957179632647572
757 7.935770728672917
758 7.914446616353152
759 7.893204458933672
760 7.872044629527096
761 7.850966950610565
762 7.829971136281787
763 7.809056692406866
764 7.788221851199622
765 7.767468907144632
766 7.746797080848067
767 7.726204791914098
768 7.705692046174524
769 7.685258405577606
770 7.66490386868761
771 7.644628550444168
772 7.624429987624328
773 7.604310739493763
774 7.584268532298949
775 7.564304485765947
776 7.544417835338189
777 7.524605132956238
778 7.50486862904281
779 7.48520854701807
780 7.465623614071007
781 7.446113549538506
782 7.426678713145765
783 7.407318401496554
784 7.388030382187294
785 7.368816713274984
786 7.349676431604574
787 7.330609892776086
788 7.311614750272907
789 7.292693250032383
790 7.273844040539474
791 7.255066843930582
792 7.236361179414003
793 7.217726527459614
794 7.19916251989754
795 7.180668973259371
796 7.162245743975223
797 7.143892867136941
798 7.12561018759216
799 7.107395890260442
800 7.089249450542426
801 7.071172252163674
802 7.053163526813809
803 7.035222292618959
804 7.017349193079672
805 6.999543857268791
806 6.981805164952422
807 6.964133730341036
808 6.946528156120352
809 6.92898943165839
810 6.911517170895047
811 6.894110706841605
812 6.876769230186181
813 6.859492291338613
814 6.842279733392326
815 6.825131587439413
816 6.808045809691693
817 6.791024529308652
818 6.774067310720149
819 6.757173645299013
820 6.740343608171036
821 6.723575721018022
822 6.706869333830976
823 6.69022562881208
824 6.673644532270223
825 6.657124249571956
826 6.640666072316852
827 6.62426830346875
828 6.607930998976099
829 6.591654785387651
830 6.57543920895901
831 6.559284022976779
832 6.54318863834583
833 6.52715275383018
834 6.511176039503367
835 6.495258227001621
836 6.479398610053168
837 6.463597681228481
838 6.447854719578229
839 6.432170612151686
840 6.416544022736537
841 6.400974642037319
842 6.385462346079357
843 6.370007180759783
844 6.354608307138158
845 6.339265931828679
846 6.323980137095879
847 6.308750616607758
848 6.293577047533933
849 6.27845903558464
850 6.263396241283556
851 6.248388382026609
852 6.233435197673691
853 6.218536558590877
854 6.203692330868262
855 6.188902420757128
856 6.174165926280807
857 6.15948296032451
858 6.144852512254761
859 6.130275662237151
860 6.115752653494426
861 6.101282375063708
862 6.086863505666887
863 6.072496430384947
864 6.058181175759083
865 6.043917881204514
866 6.029706256317573
867 6.015545820955071
868 6.001436640536057
869 5.987378221132572
870 5.973370978121858
871 5.959414652390975
872 5.945508538000804
873 5.931652023200791
874 5.917845677899069
875 5.904088442626439
876 5.890380153695154
877 5.876721328728225
878 5.863111552640428
879 5.849550170141834
880 5.836037132672224
881 5.82257209243132
882 5.809155858464267
883 5.795787125470651
884 5.782465774512242
885 5.769191300401703
886 5.755964307371318
887 5.742784272656977
888 5.72965118341411
889 5.716564395882663
890 5.703523962066407
891 5.690529530378178
892 5.677580773070213
893 5.664678526880386
894 5.651822376290286
895 5.639011563463677
896 5.626245681941913
897 5.613524352655192
898 5.600847886953327
899 5.588216266256152
900 5.575628270817226
901 5.563085004832335
902 5.550585246539711
903 5.538129979687836
904 5.525717965182691
905 5.513349557295276
906 5.501024260354428
907 5.488742071616243
908 5.476502774739322
909 5.464305885284332
910 5.452151514588526
911 5.440039631337984
912 5.427969935963798
913 5.41594226173917
914 5.403956434393137
915 5.392012676350688
916 5.380110573278865
917 5.368249970350467
918 5.356430287887952
919 5.344651742030059
920 5.33291404437209
921 5.321216951893242
922 5.309560284937258
923 5.297943876800626
924 5.286366817007101
925 5.274829980683716
926 5.263332840978862
927 5.251875347918328
928 5.240457346431883
929 5.2290786144522
930 5.217738961610881
931 5.206438391691573
932 5.19517670805077
933 5.183953822875342
934 5.172769348016061
935 5.161623310200018
936 5.150515080648365
937 5.139444807452885
938 5.128412382875533
939 5.117417681989166
940 5.106460389684123
941 5.095540452177145
942 5.084658028729554
943 5.073812467832579
944 5.06300362084233
945 5.052231483207243
946 5.041495656159151
947 5.030796759103901
948 5.0201341469
949 5.009507712492038
950 4.998916829724447
951 4.988361560148855
952 4.977842044634697
953 4.967358314303001
954 4.956910081151654
955 4.946497143941272
956 4.936119368353981
957 4.92577650078134
958 4.915468312487145
959 4.905194753614137
960 4.894955305307059
961 4.884750366134543
962 4.874579856539893
963 4.864443568162209
964 4.854341214066032
965 4.844272467716153
966 4.834237302088766
967 4.824235772092172
968 4.814267586135795
969 4.804332491055431
970 4.794430074158611
971 4.784560210100412
972 4.774723102247856
973 4.764918731789251
974 4.755146508345997
975 4.745406944112809
976 4.735699850234882
977 4.72602479561173
978 4.716381884317085
979 4.706771092950005
980 4.697191877749226
981 4.687644140573398
982 4.678127857240695
983 4.668642806712952
984 4.659188682122934
985 4.649765706811634
986 4.640373692685886
987 4.63101189667603
988 4.621681081119162
989 4.612380995243696
990 4.603111546106827
991 4.593872652352041
992 4.584664004587502
993 4.575485517775464
994 4.56633680603789
995 4.55721792987343
996 4.548128839957381
997 4.539069279021571
998 4.530038396192325
999 4.521036797676206
1000 4.51206421471795
1001 4.503120641428208
1002 4.4942061069996
1003 4.485320415120995
1004 4.47646352433043
1005 4.467635331151841
1006 4.458835633730653
1007 4.450064400383217
1008 4.441321638893938
1009 4.432607161399556
1010 4.423920732330411
1011 4.415262069942426
1012 4.406631036096729
1013 4.3980274084511
1014 4.389451211286564
1015 4.380902358219625
1016 4.372380840987149
1017 4.363886623473102
1018 4.355419552701047
1019 4.346979513132014
1020 4.338566671594814
1021 4.330180960408956
1022 4.321822046854962
1023 4.313489924403044
1024 4.305184509427193
1025 4.296905387205149
1026 4.288652705346562
1027 4.280425900157479
1028 4.272224884525533
1029 4.264049661250559
1030 4.255900217073724
1031 4.247776582266107
1032 4.239678631140793
1033 4.231606019530222
1034 4.223558791141731
1035 4.215536761979458
1036 4.207540110678041
1037 4.199568706578497
1038 4.191622479884689
1039 4.183701293733288
1040 4.17580491442356
1041 4.167933579393689
1042 4.16008694559417
1043 4.152264938985231
1044 4.144467221611733
1045 4.136693722285012
1046 4.128944445012351
1047 4.121219187741111
1048 4.113517806510552
1049 4.105840243508849
1050 4.098186524843983
1051 4.090556720653771
1052 4.082950528473285
1053 4.075368020092257
1054 4.067809146398354
1055 4.060273616647134
1056 4.052761342450681
1057 4.045272196986224
1058 4.037806067240978
1059 4.030362817937842
1060 4.022942324431697
1061 4.0155452803256
1062 4.008171155678119
1063 4.00082010446096
1064 3.993491735133832
1065 3.986186066533087
1066 3.978902369499659
1067 3.971640748217217
1068 3.964401175514159
1069 3.957183576044148
1070 3.949988027233318
1071 3.942814628983616
1072 3.935663249549584
1073 3.928533716263399
1074 3.921425835288376
1075 3.914339593708048
1076 3.907274812296964
1077 3.900231307398162
1078 3.893208930288273
1079 3.886207751574717
1080 3.879227858868215
1081 3.872269174941838
1082 3.865331668996374
1083 3.858415143181299
1084 3.851519134123925
1085 3.844644281227282
1086 3.837790616295462
1087 3.830957787157419
1088 3.824145517307637
1089 3.817353309524979
1090 3.810581396312087
1091 3.803829833987316
1092 3.797098529860574
1093 3.790387194989031
1094 3.783695873901862
1095 3.777024460437616
1096 3.770373002134523
1097 3.763741412545726
1098 3.757129700275099
1099 3.750537771403295
1100 3.743965559416069
1101 3.737412680675016
1102 3.730879179148603
1103 3.72436443438392
1104 3.717869217649803
1105 3.711392919980515
1106 3.704936842224898
1107 3.698499336397605
1108 3.692080349439267
1109 3.685680882721492
1110 3.679300496600098
1111 3.672938848816615
1112 3.666595894105395
1113 3.660271594937359
1114 3.653965268745025
1115 3.647677608442251
1116 3.641408352703878
1117 3.635157305614235
1118 3.628924582631722
1119 3.622710308730293
1120 3.616514446970556
1121 3.610337160274019
1122 3.60417834347651
1123 3.598037603619846
1124 3.591914549325346
1125 3.585809068511538
1126 3.579720967859883
1127 3.573650230514371
1128 3.567596724110512
1129 3.561560637478272
1130 3.555541968684568
1131 3.549540886276617
1132 3.543557302760198
1133 3.537591327373198
1134 3.531642854712325
1135 3.525711784976454
1136 3.519797866911878
1137 3.513901050156799
1138 3.508021045046453
1139 3.502157902942315
1140 3.496311623918446
1141 3.490482294710925
1142 3.484669870010145
1143 3.478874341459418
1144 3.473095468232489
1145 3.46733290202353
1146 3.461586924034768
1147 3.455857057872595
1148 3.450143147935763
1149 3.444445544431074
1150 3.438763672854054
1151 3.433097950620071
1152 3.427448059067332
1153 3.421814527891976
1154 3.416197016247105
1155 3.410595410934927
1156 3.40500946274401
1157 3.399439222180889
1158 3.393884689796419
1159 3.388346109358361
1160 3.382823290100988
1161 3.377316425093125
1162 3.371825229393653
1163 3.366349455129654
1164 3.360888689999121
1165 3.355443368382147
1166 3.35001311375188
1167 3.344598242090955
1168 3.33919849871693
1169 3.333813977123298
1170 3.328444498953374
1171 3.323090178956077
1172 3.317750852275811
1173 3.31242638369436
1174 3.307116756529331
1175 3.301822006475513
1176 3.296541744496192
1177 3.29127578535819
1178 3.286024063355549
1179 3.280786644242646
1180 3.275563742655531
1181 3.270355326118914
1182 3.265161390925914
1183 3.259982010545907
1184 3.254816932737793
1185 3.249666011488479
1186 3.244529251707855
1187 3.239406630218906
1188 3.234298013029796
1189 3.229203430642534
1190 3.224122737669511
1191 3.219056026212781
1192 3.214003369128875
1193 3.208966143642856
1194 3.203941617304748
1195 3.198930287034577
1196 3.193932608588935
1197 3.188948641339318
1198 3.183978338595439
1199 3.179021454333745
1200 3.174078016361043
1201 3.169148173017022
1202 3.164231757983983
1203 3.159328777190347
1204 3.154438949221088
1205 3.149562077921908
1206 3.144697057301956
1207 3.139846156965774
1208 3.135008614312087
1209 3.130184149806992
1210 3.125372668572287
1211 3.120574528724986
1212 3.115789527992244
1213 3.111017347135256
1214 3.106257853352605
1215 3.101511022592671
1216 3.096776906349108
1217 3.092055517772248
1218 3.087346835698157
1219 3.082650650852567
1220 3.077966981455479
1221 3.073295883129723
1222 3.068637276015095
1223 3.063991155287897
1224 3.059357551367764
1225 3.054736376957911
1226 3.050127509093468
1227 3.045530845234187
1228 3.040945789917245
1229 3.036372651384982
1230 3.031811213420465
1231 3.027261475717377
1232 3.02272331783618
1233 3.018197358390976
1234 3.013683473148233
1235 3.009181598185829
1236 3.004691680620306
1237 3.000213618475996
1238 2.995747508848946
1239 2.991293137620263
1240 2.986850431627686
1241 2.982419452943072
1242 2.978000240530657
1243 2.973592586938467
1244 2.969196375809133
1245 2.964811542025207
1246 2.960438433229128
1247 2.956076892538354
1248 2.951726976423968
1249 2.947388691544133
1250 2.943061763664006
1251 2.938746083592946
1252 2.934441754105744
1253 2.930148634117104
1254 2.925866480074799
1255 2.92159527417761
1256 2.917335026111136
1257 2.913085727439483
1258 2.908847307224385
1259 2.90461961181427
1260 2.900402736609069
1261 2.896196817255156
1262 2.892001946174052
1263 2.887817885372616
1264 2.883595734530294
1265 2.879473595903362
1266 2.875349349719721
1267 2.871157256144455
1268 2.867062363367713
1269 2.862966023133398
1270 2.858800871125671
1271 2.854734893493172
1272 2.850669070170489
1273 2.846589421415247
1274 2.842460265011431
1275 2.838436002887377
1276 2.834413959395003
1277 2.83037865797713
1278 2.826293123882194
1279 2.822309401248544
1280 2.818327393633718
1281 2.814332406504315
1282 2.810337126934868
1283 2.806351442005398
1284 2.802379329247447
1285 2.79842083615787
1286 2.794474583481739
1287 2.790539372094783
1288 2.78661448713
1289 2.782699469362335
1290 2.778794077791697
1291 2.77489798047267
1292 2.771011277341209
1293 2.76713395145794
1294 2.763266168154266
1295 2.759407834648241
1296 2.755559141882237
1297 2.751719902159008
1298 2.747890204912236
1299 2.744069977933928
1300 2.740259527852042
1301 2.736458882247853
1302 2.73266807225236
1303 2.728886663577536
1304 2.725114734934344
1305 2.721352107421929
1306 2.717598852300142
1307 2.713854620999204
1308 2.710119625192488
1309 2.706393632301984
1310 2.702676700279579
1311 2.69896861221048
1312 2.695269384965349
1313 2.691579143699249
1314 2.687898118673477
1315 2.684226008503562
1316 2.680522344627682
1317 2.676902075985544
1318 2.673279492533549
1319 2.669645885631139
1320 2.665968641338016
1321 2.662378887823674
1322 2.658789750825066
1323 2.655189578762073
1324 2.651589564014807
1325 2.647997885922076
1326 2.64441794261327
1327 2.640849586586919
1328 2.637292097591175
1329 2.633744227597553
1330 2.630205366435268
1331 2.626674943497261
1332 2.62315291992799
1333 2.619638990222095
1334 2.61613325992029
1335 2.612635630957912
1336 2.609146319151192
1337 2.605665359906055
1338 2.602192687957307
1339 2.598728162638875
1340 2.595272075053606
1341 2.59182425097079
1342 2.588384792614493
1343 2.584953639417297
1344 2.581530800997641
1345 2.578116187428871
1346 2.574709755371504
1347 2.571311317247354
1348 2.56792096558655
1349 2.564538472263223
1350 2.561164019280542
1351 2.557797490346664
1352 2.554438946669343
1353 2.55108830511375
1354 2.547745629484972
1355 2.544410765479705
1356 2.541083846201829
1357 2.537764947998661
1358 2.534453967812378
1359 2.531150788652211
1360 2.527855167927326
1361 2.524567380257232
1362 2.521287330370269
1363 2.518014976165443
1364 2.514750325924535
1365 2.511493487694732
1366 2.508244365912176
1367 2.505002816828335
1368 2.501768832220857
1369 2.498542443121274
1370 2.495323633765763
1371 2.492112373398273
1372 2.488908596389296
1373 2.485712029297349
1374 2.48252302886506
1375 2.479341381151329
1376 2.476167116060719
1377 2.473000003283293
1378 2.469840220007957
1379 2.466687787473921
1380 2.463542682079999
1381 2.460404710722653
1382 2.457274152546724
1383 2.454150800606153
1384 2.451034846893297
1385 2.447926005790388
1386 2.444824376491004
1387 2.44172971966238
1388 2.438642223647604
1389 2.4355616717295
1390 2.432488309351626
1391 2.429422022485781
1392 2.426362870440141
1393 2.423310700766008
1394 2.420265560573733
1395 2.417227325306521
1396 2.414196087546878
1397 2.411171635669191
1398 2.408154110240457
1399 2.405143400221081
1400 2.402139583994537
1401 2.399142496205569
1402 2.39615225924279
1403 2.393168801557514
1404 2.390192242252953
1405 2.387222319036949
1406 2.384259119644358
1407 2.381302729413779
1408 2.378353115579285
1409 2.375410058194272
1410 2.372473581425674
1411 2.369543543660202
1412 2.366619803806994
1413 2.363702943145484
1414 2.360792777897107
1415 2.357889055445658
1416 2.354991915579644
1417 2.35210115400024
1418 2.349216922093477
1419 2.346339048776476
1420 2.343467712988892
1421 2.34060266058352
1422 2.337743981792091
1423 2.334891535897976
1424 2.332045535534312
1425 2.329205846091117
1426 2.326372609216698
1427 2.323545579952773
1428 2.32072490288375
1429 2.317910409911675
1430 2.315102350797202
1431 2.312300402526357
1432 2.309504698531898
1433 2.306715055453084
1434 2.303932324010243
1435 2.301155322935287
1436 2.298384148273705
1437 2.295619017066697
1438 2.292831723161536
1439 2.290101249447142
1440 2.287370188579028
1441 2.284601740008765
1442 2.28188669299838
1443 2.279170909509506
1444 2.276448014148618
1445 2.27369641191827
1446 2.271003934997609
1447 2.268313129183635
1448 2.265615581840724
1449 2.262888923273804
1450 2.260220062095469
1451 2.257552726942152
1452 2.254878647990556
1453 2.25217585040747
1454 2.249530052831435
1455 2.246885846767968
1456 2.244205420881491
1457 2.241576703574176
1458 2.238948334888952
1459 2.236283680572836
1460 2.233671257919035
1461 2.231059656796808
1462 2.228412052994266
1463 2.225816387898945
1464 2.223221553268434
1465 2.220619913886048
1466 2.217991233373109
1467 2.215418230886636
1468 2.212846688978762
1469 2.21024075918777
1470 2.207684573962064
1471 2.205128534128843
1472 2.202537850031879
1473 2.199997364326976
1474 2.19745741789969
1475 2.194883158123236
1476 2.192358770207506
1477 2.189834994560031
1478 2.187277438760052
1479 2.184769213925842
1480 2.182261622276417
1481 2.179720276948949
1482 2.177227748399131
1483 2.17473583349752
1484 2.172210770246321
1485 2.169734187859388
1486 2.167258190451324
1487 2.164749173277911
1488 2.162288127109013
1489 2.159827775179586
1490 2.157334785708975
1491 2.154889334450287
1492 2.15244447561956
1493 2.149967088952886
1494 2.147536846809428
1495 2.145107128164222
1496 2.142645447527179
1497 2.140230425245837
1498 2.137815872039883
1499 2.135369478948827
1500 2.132969392818099
1501 2.130569807136155
1502 2.128138807452417
1503 2.125753716468452
1504 2.123369124700937
1505 2.120953434394487
1506 2.118583147640917
1507 2.116213234454885
1508 2.113812647458018
1509 2.111457016930669
1510 2.109101823997295
1511 2.10671608141699
1512 2.104374924150424
1513 2.102034182281792
1514 2.099663362496843
1515 2.097336615295388
1516 2.09501038815668
1517 2.0926542291906
1518 2.09034176307147
1519 2.088029787956331
1520 2.085688245646085
1521 2.083390048627517
1522 2.081092313912966
1523 2.078765150218723
1524 2.076480982395673
1525 2.07419728006242
1526 2.071884557155584
1527 2.069614368424134
1528 2.067344648607686
1529 2.065046008405308
1530 2.06278961474163
1531 2.06053366710921
1532 2.058249203198264
1533 2.056006534058419
1534 2.053764269090359
1535 2.051493614452922
1536 2.049264616235438
1537 2.047035911887952
1538 2.044779212884926
1539 2.042563820249196
1540 2.040348644096306
1541 2.038105485892063
1542 2.035903415157263
1543 2.033701521544939
1544 2.031472076335961
1545 2.029283339536411
1546 2.027094735843751
1547 2.024878641465698
1548 2.022702991668009
1549 2.020527448720327
1550 2.018324869319714
1551 2.016162358825378
1552 2.013999928407337
1553 2.011810513898134
1554 2.009660817735859
1555 2.007511207719906
1556 2.005335057143329
1557 2.00319823259842
1558 2.001039881320821
1559 1.998912478527334
1560 1.996762092156934
1561 1.994642831867947
1562 1.992500592303235
1563 1.990389677462675
1564 1.988256087462039
1565 1.986153663316751
1566 1.984028546420194
1567 1.98193428445177
1568 1.979817669771118
1569 1.977731718348508
1570 1.975623445640681
1571 1.973545622747015
1572 1.971445768359622
1573 1.969376173117946
1574 1.967284544294524
1575 1.965222964665075
1576 1.963139635580738
1577 1.961086178512776
1578 1.959011019490732
1579 1.956965553342067
1580 1.954898649490107
1581 1.952861237358558
1582 1.950802398492786
1583 1.948772833947334
1584 1.946722103168355
1585 1.944700530780515
1586 1.942657798745639
1587 1.940643968056842
1588 1.938609222487122
1589 1.936603276433794
1590 1.934576453349806
1591 1.932578183778952
1592 1.930559263621938
1593 1.928568782333099
1594 1.926557685086385
1595 1.924574785864937
1596 1.922571498020705
1597 1.920596313458993
1598 1.918600734769058
1599 1.91663306033443
1600 1.9146452136452
1601 1.912685156035096
1602 1.910704983432883
1603 1.908752334091537
1604 1.906779839737617
1605 1.904834765726261
1606 1.902869828817004
1607 1.900932187485644
1608 1.89897475603183
1609 1.897044584422835
1610 1.895094661933654
1611 1.893171729395702
1612 1.891229277366186
1613 1.889313751848443
1614 1.887378714480693
1615 1.8854703423945
1616 1.883542696890517
1617 1.881641701668602
1618 1.879721434026827
1619 1.87782750808891
1620 1.875914510664784
1621 1.874027863523042
1622 1.872122166194548
1623 1.870242523252097
1624 1.868344054962914
1625 1.866471622597213
1626 1.864580360200538
1627 1.862699434258244
1628 1.86082299692318
1629 1.85895284747092
1630 1.857087192556407
1631 1.855224991363649
1632 1.853366364573216
1633 1.85151103828991
1634 1.849659204513944
1635 1.847810748434646
1636 1.845965812005834
1637 1.844124260014136
1638 1.842286224386333
1639 1.84045158415967
1640 1.838620401374827
1641 1.836792623094205
1642 1.834968260748958
1643 1.833147292100261
1644 1.831329717667174
1645 1.829515527796868
1646 1.82770471863422
1647 1.825897276325673
1648 1.824093197833535
1649 1.822292470658958
1650 1.820495085934723
1651 1.818701035039119
1652 1.81691030503188
1653 1.815122892470066
1654 1.813338785879092
1655 1.81155799246718
1656 1.809794140538939
1657 1.808011074024606
1658 1.806237692743831
1659 1.804467801618926
1660 1.802716115871175
1661 1.800946222502227
1662 1.79918605947812
1663 1.797429343744227
1664 1.795677356236804
1665 1.793929172748021
1666 1.792184184518211
1667 1.790442396059855
1668 1.78870374696634
1669 1.786968226624918
1670 1.785235858635512
1671 1.783506647744511
1672 1.781780605030366
1673 1.780057719223163
1674 1.778337958615529
1675 1.776621310078414
1676 1.77490778590955
1677 1.77319742240245
1678 1.77149016374032
1679 1.769785998067708
1680 1.768084919121521
1681 1.766386932239416
1682 1.764692017540412
1683 1.763000191223642
1684 1.761311416271267
1685 1.759625709652725
1686 1.757943029857185
1687 1.756263390710635
1688 1.754586783433327
1689 1.752913188276484
1690 1.751254947511714
1691 1.749579379580283
1692 1.747912621458795
1693 1.746249093084164
1694 1.744601999422848
1695 1.742938537352075
1696 1.74129644889514
1697 1.739638006620223
1698 1.73798823444143
1699 1.736341886185354
1700 1.734700519803722
1701 1.733062738218295
1702 1.73142789613034
1703 1.729795963791584
1704 1.728166881289285
1705 1.726540651083922
1706 1.724917306274518
1707 1.723296845618298
1708 1.721679275485221
1709 1.720064579376398
1710 1.718452757414462
1711 1.716843793764334
1712 1.715237692743238
1713 1.713634433997691
1714 1.712034023755874
1715 1.710436442200339
1716 1.708841691542152
1717 1.707249753035434
1718 1.705660630038677
1719 1.704074316099543
1720 1.702490792390107
1721 1.700910053367295
1722 1.699332088872771
1723 1.697756895327326
1724 1.696184461866913
1725 1.694614798350138
1726 1.693047903260784
1727 1.691483746622616
1728 1.689922349531521
1729 1.688363664975574
1730 1.686807729747379
1731 1.68525449477747
1732 1.68370400391613
1733 1.682156198751607
1734 1.680611127432216
1735 1.679068725297837
1736 1.677529031239683
1737 1.675991994902924
1738 1.674457659109627
1739 1.672925967040161
1740 1.671396965153665
1741 1.669870598939357
1742 1.66834690856536
1743 1.666825833665825
1744 1.665307425063576
1745 1.663791612665977
1746 1.662278448571274
1747 1.660767884773882
1748 1.659259966959274
1749 1.657754626563973
1750 1.656251916669988
1751 1.654751761904955
1752 1.653254237366842
1753 1.651759243349877
1754 1.650266870568613
1755 1.648777010384168
1756 1.647289760791333
1757 1.645805010476347
1758 1.644322856849213
1759 1.642843195136506
1760 1.641366114211983
1761 1.639891517918507
1762 1.638419492687029
1763 1.636949937644724
1764 1.635482935066107
1765 1.634018381341169
1766 1.632556366887303
1767 1.631096805212517
1768 1.629639782482842
1769 1.628185192575331
1770 1.626733117293056
1771 1.625283473387723
1772 1.623836321223919
1773 1.622391601132456
1774 1.620949360687403
1775 1.619509538168102
1776 1.618072205593267
1777 1.61663726638034
1778 1.615204783564319
1779 1.61377468551482
1780 1.612347038390201
1781 1.610921769620216
1782 1.609498942338666
1783 1.608078480832245
1784 1.606660445756214
1785 1.605244780634173
1786 1.603831510260603
1787 1.60242059517739
1788 1.601012060574657
1789 1.599605885963012
1790 1.598202078482287
1791 1.596800628359152
1792 1.595401523200288
1793 1.594004762182821
1794 1.59261034761823
1795 1.591218269214611
1796 1.589828526346724
1797 1.588441103943961
1798 1.58705600874186
1799 1.585673220572254
1800 1.584292747175069
1801 1.582914561686567
1802 1.581538689694139
1803 1.580165096707245
1804 1.57879380903802
1805 1.577424786619662
1806 1.576058063115435
1807 1.574693573569331
1808 1.573331373933081
1809 1.57197142244095
1810 1.570613751261887
1811 1.569258306884434
1812 1.56790512923644
1813 1.566554171066899
1814 1.565205466329373
1815 1.563858967981155
1816 1.562514714000408
1817 1.561172655955471
1818 1.559832824589212
1819 1.558495188451451
1820 1.55715978123156
1821 1.555826556260798
1822 1.55449554478145
1823 1.553166698964406
1824 1.551840054332871
1825 1.550515573984999
1826 1.549193275849737
1827 1.54787312321308
1828 1.546555145779664
1829 1.545239308622015
1830 1.543925638365812
1831 1.542614096977849
1832 1.541304709735081
1833 1.539997444189104
1834 1.538692306461561
1835 1.537389291431604
1836 1.536088416650656
1837 1.534789637135353
1838 1.533492983508833
1839 1.53219842136557
1840 1.530905988164182
1841 1.529615623960621
1842 1.528327383650833
1843 1.527041208492439
1844 1.525757137723962
1845 1.52447512387476
1846 1.523195202172275
1847 1.521917330518
1848 1.520641538063731
1849 1.519367788303744
1850 1.5180961085385
1851 1.516826463750185
1852 1.515558881680602
1853 1.514293322121338
1854 1.513029837089851
1855 1.511768341553101
1856 1.510508888065177
1857 1.509251441554746
1858 1.507996036903693
1859 1.506742627707853
1860 1.505491249129155
1861 1.504241857847316
1862 1.502994477032704
1863 1.501749074627586
1864 1.500505684586785
1865 1.499264266159156
1866 1.498024847440623
1867 1.496787389775348
1868 1.49555192369325
1869 1.494318413523698
1870 1.493086886716826
1871 1.491857324967682
1872 1.490629697950383
1873 1.489404039468844
1874 1.488180306631128
1875 1.486958533173168
1876 1.485738680079842
1877 1.484520802233363
1878 1.483304827937253
1879 1.482090819084302
1880 1.480878700031543
1881 1.479668511264489
1882 1.478460206070604
1883 1.477253836285535
1884 1.476049356902231
1885 1.474846787447943
1886 1.473646117117648
1887 1.472447333556129
1888 1.471250452702331
1889 1.470055445985497
1890 1.468862333535804
1891 1.467671085405369
1892 1.466481725326068
1893 1.465294219302425
1894 1.464108595901666
1895 1.462924813549692
1896 1.461742901942735
1897 1.460562825317391
1898 1.459384609066894
1899 1.458208221391814
1900 1.457033691050522
1901 1.455860978998447
1902 1.454690116700783
1903 1.45352106217291
1904 1.452353845952345
1905 1.451188432330382
1906 1.45002485206757
1907 1.448863065121214
1908 1.447703103732469
1909 1.446544927260038
1910 1.445388570978093
1911 1.444233990956812
1912 1.443081224314902
1913 1.44193022474026
1914 1.440781027421914
1915 1.439633590307819
1916 1.43848795225446
1917 1.437344063900797
1918 1.436201970722847
1919 1.435061616830412
1920 1.433923053019581
1921 1.432786219896046
1922 1.431651166195042
1923 1.430517839362496
1924 1.429386281409682
1925 1.428256443870132
1926 1.42712836659791
1927 1.426002002670655
1928 1.42487740989294
1929 1.4237545065409
1930 1.422633357642056
1931 1.421513908624029
1932 1.420396198626328
1933 1.419280171949445
1934 1.418165878241136
1935 1.417053258021324
1936 1.415942363611173
1937 1.414833137116668
1938 1.413725631448249
1939 1.412619788719783
1940 1.411515654338098
1941 1.410413179016427
1942 1.409312406192074
1943 1.408213286393592
1944 1.407115858923601
1945 1.406020079345565
1946 1.404925981815265
1947 1.403833522842583
1948 1.402742739264821
1949 1.401653593996186
1950 1.400566118862448
1951 1.399480273319567
1952 1.398396090171321
1953 1.397313529146628
1954 1.396232623918471
1955 1.395153335720137
1956 1.39407569558353
1957 1.39299966404033
1958 1.391925273375229
1959 1.390852483936749
1960 1.389781329485544
1961 1.388711769343332
1962 1.387643838107201
1963 1.386577494438926
1964 1.385512773264199
1965 1.38444963190461
1966 1.38338810727082
1967 1.382328154626604
1968 1.381269812054205
1969 1.380213037020346
1970 1.379157866401117
1971 1.378104254976873
1972 1.377052241091023
1973 1.376001778036513
1974 1.374952904735973
1975 1.373905572425968
1976 1.37285982803817
1977 1.371815604819092
1978 1.37077297025117
1979 1.369731871661412
1980 1.368692351113832
1981 1.367654350972296
1982 1.366617915791608
1983 1.36558299312644
1984 1.364549630938846
1985 1.363517773050305
1986 1.36248746959709
1987 1.361458668210448
1988 1.360431416485273
1989 1.359405661426612
1990 1.35838145149912
1991 1.357358732442503
1992 1.356337550209983
1993 1.355317851838536
1994 1.354299674630753
1995 1.353282989590774
1996 1.352267822778824
1997 1.351254123108213
1998 1.350241927880859
1999 1.349231227650978
2000 1.348222027398821
