"drag-rfile"
"Iteration" "drag"
("Iteration" "drag")
1 0.263828240007033
2 0.1663682472633281
3 0.1119607732695733
4 0.08258441500922563
5 0.06587096862992566
6 0.05599237513973475
7 0.05020511715953949
8 0.04663079776682026
9 0.04435324207315958
10 0.04289987126928233
11 0.04192785899817861
12 0.0412664765478522
13 0.04088111167255331
14 0.04054561526157402
15 0.04033431998129194
16 0.04017995279165201
17 0.04006476105842677
18 0.03995782104704731
19 0.03988077341138553
20 0.03982062925574702
21 0.03977545406208077
22 0.03974637668896384
23 0.03972132439902189
24 0.03971180124764002
25 0.0396994506113101
26 0.03969400916211017
27 0.0396928901103257
28 0.03969482224815468
29 0.03969845649962447
30 0.03970351595334455
31 0.03970940931142899
32 0.03971589830384251
33 0.03972277426218691
34 0.03973014614604395
35 0.0397374810336328
36 0.03974454638254598
37 0.03975143745936551
38 0.03975780765385531
39 0.03976367060246194
40 0.03976905521612121
41 0.03977394154591449
42 0.0397783181315555
43 0.03978268203396711
44 0.03978641714437595
45 0.03978954770991815
46 0.03979215510626579
47 0.03979430405465434
48 0.03979604681743619
49 0.03979742802209357
50 0.03979848775955288
51 0.03979926299113363
52 0.03979978740748637
53 0.03980009120992634
54 0.03980020154293237
55 0.03980014279090406
56 0.03979993697007583
57 0.03979960407670454
58 0.03979916224884622
59 0.0397986277389235
60 0.03979801490827878
61 0.03979733620063219
62 0.03979660256836396
63 0.03979582378956778
64 0.03979500834852001
65 0.03979416340147494
66 0.03979329541122501
67 0.03979241009082646
68 0.03979151239719381
69 0.0397906062815027
70 0.03978969523875518
71 0.03978878202281051
72 0.0397878690794461
73 0.03978695850804961
74 0.03978605199959164
75 0.03978515098661786
76 0.03978425673204231
77 0.03978337015086639
78 0.03978249202437847
79 0.03978230860065796
80 0.03978151232106209
81 0.03978056103582091
82 0.0397795981322177
83 0.03977865966137269
84 0.03977774780684414
85 0.03977657452803954
86 0.03977549840505352
87 0.03977520448281763
88 0.03977434509888681
89 0.03977337905775875
90 0.03977307630819929
91 0.03977221673901433
92 0.03977124911957165
93 0.03977092267919881
94 0.03977007005423527
95 0.039769113581234
96 0.03976876858423691
97 0.03976792248743225
98 0.03976698003744326
99 0.03976663404556713
100 0.03976580297148436
101 0.03976488021500591
102 0.0397639774157305
103 0.03976311753456255
104 0.03976287101232871
105 0.03976212897071068
106 0.03976129008819864
107 0.03976046324824731
108 0.03975967109793607
109 0.03975891224611635
110 0.0397587499439899
111 0.03975809539765868
112 0.03975733713841897
113 0.03975658232774059
114 0.03975639326826377
115 0.03975573275048588
116 0.03975497710598779
117 0.03975422910814889
118 0.03975402653064335
119 0.03975337680489375
120 0.03975263683251557
121 0.0397519051227927
122 0.03975169862785647
123 0.0397510644175581
124 0.03975034297309993
125 0.03975010429461153
126 0.03974946014995288
127 0.03974873475541777
128 0.03974847941284964
129 0.0397478370724523
130 0.03974711833885149
131 0.03974685838193118
132 0.03974622511233177
133 0.0397455184021378
134 0.03974525956873282
135 0.03974463816055641
136 0.03974394532447476
137 0.03974369021192983
138 0.0397430819972546
139 0.03974240374847914
140 0.0397417393618425
141 0.03974152685341114
142 0.03974096055587676
143 0.03974032180536381
144 0.03973969317323715
145 0.03973950475325044
146 0.03973896593553534
147 0.03973835370236274
148 0.03973774943794294
149 0.0397375739319183
150 0.03973705422838992
151 0.03973646167460052
152 0.03973587619154646
153 0.03973570916255308
154 0.03973520253166943
155 0.03973462475149651
156 0.03973405429056648
157 0.03973350771855151
158 0.03973337344012427
159 0.0397329023122863
160 0.03973235809997137
161 0.03973181786396648
162 0.0397312981540154
163 0.03973079858289383
164 0.03973069846325697
165 0.03973026218510986
166 0.03972975093183833
167 0.03972924069816988
168 0.0397287480404731
169 0.03972827299995491
170 0.03972781379817145
171 0.03972773969164341
172 0.0397273332919181
173 0.03972685178558049
174 0.03972636920593597
175 0.03972590197460052
176 0.0397254505060007
177 0.03972501339568787
178 0.0397245886330217
179 0.03972417427036275
180 0.0397237686395915
181 0.0397233704019513
182 0.03972297850544145
183 0.0397225921329344
184 0.03972221063822248
185 0.0397218335083947
186 0.03972146032747252
187 0.039721090766724
188 0.03972072454619021
189 0.0397203614463797
190 0.03972000132638933
191 0.03971964402859723
192 0.03971928939385409
193 0.03971893726350709
194 0.03971858753918862
195 0.03971824015246059
196 0.0397178950651236
197 0.03971755223192708
198 0.03971721162125001
199 0.03971687318646371
200 0.03971653688819051
201 0.03971620268991804
202 0.03971587055292605
203 0.03971554045361819
204 0.03971520456642217
205 0.03971487243608954
206 0.03971454430015653
207 0.03971421943595103
208 0.03971389742398909
209 0.03971357797896086
210 0.03971326089693886
211 0.03971294601371592
212 0.03971263322154183
213 0.03971232244348149
214 0.03971201364653547
215 0.03971170679674337
216 0.039711401809138
217 0.03971109859904829
218 0.03971079711087289
219 0.03971049727976778
220 0.03971019905679087
221 0.03970990240290354
222 0.03970960729919387
223 0.03970931376635329
224 0.03970902179191407
225 0.03970873136512614
226 0.03970844249156213
227 0.039708155169503
228 0.03970786942012663
229 0.03970758525950031
230 0.03970730268020024
231 0.039707021682429
232 0.03970673940987842
233 0.03970645965827716
234 0.03970618247236401
235 0.03970590743391511
236 0.03970563425284698
237 0.03970536275351898
238 0.03970509282698659
239 0.03970482442533414
240 0.03970455752727495
241 0.03970429212701573
242 0.03970402819357088
243 0.0397037656883127
244 0.03970350460080312
245 0.03970324492607844
246 0.03970298665975896
247 0.03970272979003665
248 0.03970247432595071
249 0.039702220277
250 0.03970196765076062
251 0.0397017164685565
252 0.03970146672426016
253 0.03970121837930962
254 0.03970097141533505
255 0.03970072580631825
256 0.03970048153353978
257 0.03970023857837906
258 0.03969999692468375
259 0.03969975655938428
260 0.03969951747254028
261 0.03969927965415659
262 0.0396990430943173
263 0.03969880778877099
264 0.03969857373188366
265 0.03969834091903991
266 0.03969810907797756
267 0.03969787830908238
268 0.0396976488624264
269 0.03969742070988037
270 0.03969719381671041
271 0.03969696804488166
272 0.03969674340318758
273 0.03969652689218971
274 0.03969631007974075
275 0.03969609339640494
276 0.03969587706014297
277 0.0396956613121761
278 0.03969544624189401
279 0.03969523190686268
280 0.03969501836166787
281 0.03969480564264315
282 0.03969459376631097
283 0.03969438273724121
284 0.03969417255940102
285 0.03969396325343442
286 0.03969375483867075
287 0.03969354732888065
288 0.03969334073934642
289 0.03969313508471884
290 0.03969293036904488
291 0.03969272659979588
292 0.03969252377789811
293 0.03969232191619212
294 0.03969212103378295
295 0.03969192114854923
296 0.03969172227439446
297 0.03969152442298432
298 0.03969132758039654
299 0.0396911317545776
300 0.03969093695212119
301 0.03969074318441256
302 0.03969055045418422
303 0.03969035875200191
304 0.03969016806709173
305 0.03968997838545759
306 0.03968978969061869
307 0.03968960196039509
308 0.03968941518408929
309 0.03968922935448565
310 0.03968904446466089
311 0.03968886051068174
312 0.03968867749057604
313 0.03968849540474547
314 0.03968831425195638
315 0.03968813402902963
316 0.03968795473160126
317 0.03968777636233008
318 0.03968759891328331
319 0.03968742238185165
320 0.03968724676286072
321 0.03968707204304052
322 0.03968689821253585
323 0.0396867252739824
324 0.03968655321144737
325 0.03968638201028903
326 0.0396862117176682
327 0.03968604235883971
328 0.03968587393150062
329 0.03968570641790194
330 0.03968553979623061
331 0.03968537404120297
332 0.03968520913223664
333 0.03968504505577434
334 0.03968488180462837
335 0.03968471936987466
336 0.03968455774621566
337 0.03968439692792129
338 0.03968423690665834
339 0.03968407768098938
340 0.03968391925235616
341 0.03968376161244604
342 0.03968360475425314
343 0.03968344867476494
344 0.03968329336833526
345 0.03968313882666075
346 0.03968298504447165
347 0.03968283201763113
348 0.03968267974030268
349 0.03968252821360205
350 0.03968237741854446
351 0.03968222733501607
352 0.03968207795098415
353 0.0396819292597814
354 0.03968178125820006
355 0.03968163394481497
356 0.03968148732401663
357 0.03968134139094055
358 0.03968119614620538
359 0.03968105159421894
360 0.03968090772988287
361 0.03968076454242261
362 0.03968062202786452
363 0.03968048018387971
364 0.03968033900904801
365 0.0396801984934004
366 0.03968005863220895
367 0.03967991942239479
368 0.03967978086037861
369 0.03967964294492491
370 0.03967950569318987
371 0.03967936911557695
372 0.03967923321025875
373 0.03967909795386359
374 0.03967896332513948
375 0.03967882930957126
376 0.0396786958983693
377 0.03967856308202742
378 0.03967843085007101
379 0.03967829919811722
380 0.03967816812667806
381 0.03967803763342801
382 0.03967790771448224
383 0.0396777783681963
384 0.03967764959218735
385 0.03967752138331088
386 0.03967739374000058
387 0.0396772666619938
388 0.03967714014589563
389 0.03967701418926971
390 0.03967688879236427
391 0.03967676395315789
392 0.03967663966652565
393 0.03967651592542014
394 0.0396763927254066
395 0.03967627006421346
396 0.03967614793178378
397 0.03967602633030756
398 0.03967590526383451
399 0.0396757847328649
400 0.0396756647333291
401 0.03967554525837039
402 0.03967542630261612
403 0.03967530786137452
404 0.03967518992839309
405 0.03967507249631664
406 0.0396749555572861
407 0.03967483910541228
408 0.03967472315247091
409 0.03967460768096631
410 0.0396744926881635
411 0.0396743781745368
412 0.03967426413627021
413 0.03967415057165409
414 0.03967403747955348
415 0.03967392486273418
416 0.03967381272397109
417 0.03967370106573399
418 0.03967358988446253
419 0.03967347917606939
420 0.03967336894026412
421 0.03967325917135704
422 0.03967314985238488
423 0.03967304098031416
424 0.0396729325515311
425 0.03967282456774453
426 0.0396727170320967
427 0.03967260994443626
428 0.0396725033034043
429 0.03967239709823101
430 0.03967229132147043
431 0.03967218597142437
432 0.03967208104729134
433 0.03967197654782237
434 0.03967187247080548
435 0.03967176881467058
436 0.03967166559267047
437 0.03967156281424952
438 0.03967146046602237
439 0.03967135853301493
440 0.03967125700106224
441 0.03967115586436068
442 0.03967105512353374
443 0.03967095477627555
444 0.03967085481949555
445 0.03967075525243299
446 0.03967065607568276
447 0.03967055728877018
448 0.03967045889038857
449 0.03967036087993651
450 0.03967026325845312
451 0.0396701660248818
452 0.0396700691775281
453 0.03966997272337867
454 0.03966987668308387
455 0.03966978105569432
456 0.03966968582495507
457 0.03966959097744559
458 0.03966949650388889
459 0.0396694023999771
460 0.03966930866282425
461 0.03966921529099973
462 0.03966912228517556
463 0.03966902964582348
464 0.03966893737322041
465 0.03966884546652141
466 0.03966875391329908
467 0.03966866271283856
468 0.03966857186319004
469 0.03966848135933691
470 0.039668391195403
471 0.03966830136849357
472 0.03966821187482523
473 0.0396681227145143
474 0.03966803388976639
475 0.03966794539617448
476 0.03966785722900169
477 0.03966776938495847
478 0.03966768185277566
479 0.0396675946255449
480 0.03966750769850913
481 0.03966742106855629
482 0.0396673347341467
483 0.03966724869403516
484 0.03966716295002855
485 0.03966707750298972
486 0.03966699235512473
487 0.03966690750878061
488 0.0396668229647715
489 0.03966673872451371
490 0.03966665479366259
491 0.03966657117776445
492 0.03966648787761683
493 0.03966640489600332
494 0.03966632223530406
495 0.0396662398928047
496 0.03966615786605045
497 0.03966607615358066
498 0.0396659947534977
499 0.03966591366273302
500 0.03966583288202892
501 0.03966575241478341
502 0.03966567225578128
503 0.0396655924043989
504 0.03966551285666991
505 0.039665433610433
506 0.03966535466451715
507 0.03966527601621274
508 0.03966519766317628
509 0.03966511960327423
510 0.03966504183359063
511 0.03966496447558648
512 0.03966488734515793
513 0.03966481041528618
514 0.03966473372378982
515 0.03966465731200275
516 0.03966458119455273
517 0.03966450537518814
518 0.03966442985307764
519 0.03966435462570731
520 0.03966427969256051
521 0.03966420505328536
522 0.03966413070702715
523 0.03966405665287254
524 0.03966398289602002
525 0.03966390943866797
526 0.03966383628033823
527 0.0396637634173882
528 0.03966369084720969
529 0.03966361856676003
530 0.03966354657350183
531 0.03966347486407761
532 0.03966340343433283
533 0.03966333053641625
534 0.03966325847405368
535 0.03966318724832783
536 0.03966311661005197
537 0.03966304640467199
538 0.03966297654465791
539 0.03966290698429794
540 0.0396628376989376
541 0.03966276867401208
542 0.03966269990060956
543 0.03966263137206397
544 0.03966256308305294
545 0.03966249502879416
546 0.03966242719051617
547 0.03966235955540831
548 0.03966229212191733
549 0.03966222489102907
550 0.03966215786521344
551 0.03966209104770881
552 0.03966202444214015
553 0.03966195805459796
554 0.03966189188384277
555 0.0396618259352151
556 0.03966176019682095
557 0.0396616946524941
558 0.03966162929277131
559 0.03966156411661384
560 0.03966149912951258
561 0.0396614343726456
562 0.03966136985117671
563 0.03966130557229475
564 0.03966124153343015
565 0.03966117772616493
566 0.03966111414259442
567 0.03966105077498625
568 0.03966098761575367
569 0.03966092465885174
570 0.03966086189820257
571 0.03966079932764558
572 0.03966073694325355
573 0.03966067478438243
574 0.03966061286896501
575 0.03966055120842201
576 0.03966048983198777
577 0.03966042870807666
578 0.03966036781572607
579 0.03966030714951134
580 0.03966024672568964
581 0.0396601865825166
582 0.03966012670285066
583 0.03966006705959585
584 0.0396600076429318
585 0.03965994845850652
586 0.03965988952293049
587 0.03965983085182408
588 0.03965977245149273
589 0.03965971431944453
590 0.03965965644802235
591 0.03965959882944516
592 0.03965954145846768
593 0.03965948432942651
594 0.03965942744381364
595 0.039659370827923
596 0.03965931439867865
597 0.03965925812848343
598 0.03965920201150286
599 0.03965914604784424
600 0.03965909024828596
601 0.03965903465925635
602 0.03965897928377183
603 0.03965892409747274
604 0.03965886908212795
605 0.03965881424326374
606 0.03965875954503887
607 0.03965870492928366
608 0.03965865035656719
609 0.03965859581251244
610 0.0396585413027158
611 0.03965848686542399
612 0.03965843255676429
613 0.03965837839172238
614 0.03965832438538911
615 0.03965827054990551
616 0.03965821689316877
617 0.03965816342317582
618 0.03965811013600778
619 0.03965805702473482
620 0.03965800408523116
621 0.03965795131437642
622 0.03965789870965827
623 0.03965784626938679
624 0.03965779399394061
625 0.03965774188593348
626 0.03965768994388492
627 0.03965763816205068
628 0.03965758653742611
629 0.03965753511296258
630 0.03965748393889957
631 0.03965743297006403
632 0.03965738219810489
633 0.03965733162056349
634 0.03965728123353053
635 0.03965723103319099
636 0.03965718101637532
637 0.03965713117725024
638 0.03965708152180909
639 0.03965703205995427
640 0.03965698278350546
641 0.03965693367525393
642 0.03965688472730519
643 0.03965683594794098
644 0.03965678734223555
645 0.03965673890381557
646 0.03965669062753414
647 0.03965664251239108
648 0.0396565945592934
649 0.03965654678010663
650 0.0396564991986522
651 0.03965645181814161
652 0.03965640463955018
653 0.03965635766354177
654 0.03965631088350743
655 0.03965626480997014
656 0.03965621874180594
657 0.03965617264003855
658 0.03965612656517548
659 0.03965608056262278
660 0.03965603463945869
661 0.03965598875587108
662 0.03965594291695779
663 0.03965589713116716
664 0.03965585141125089
665 0.03965580577107818
666 0.03965576021940732
667 0.03965571476380144
668 0.03965566941018656
669 0.03965562416218878
670 0.0396555790253569
671 0.03965553403766593
672 0.03965548924720598
673 0.03965544463792959
674 0.03965540019634031
675 0.03965535591701091
676 0.03965531179234529
677 0.03965526781895472
678 0.03965522399345361
679 0.03965518031004873
680 0.03965513677035991
681 0.03965509340417366
682 0.03965505022476849
683 0.03965500719400245
684 0.03965496427953354
685 0.03965492149416625
686 0.03965487887288933
687 0.03965483642920788
688 0.03965479415376675
689 0.03965475203794739
690 0.03965471007728012
691 0.03965466826873613
692 0.03965462660970871
693 0.03965458511831024
694 0.03965454380294758
695 0.03965450266394198
696 0.03965446170365859
697 0.03965442093455087
698 0.03965438030996838
699 0.03965433982770895
700 0.03965429949416355
701 0.03965425929738917
702 0.03965421920570587
703 0.03965417915837438
704 0.03965413911046418
705 0.03965409905981838
706 0.03965405901640143
707 0.03965401899665232
708 0.03965397901355348
709 0.03965393907860761
710 0.03965389920083072
711 0.0396538593868813
712 0.03965381964187082
713 0.0396537800153457
714 0.03965374058451279
715 0.03965370128958221
716 0.03965366211946999
717 0.03965362307788658
718 0.03965358417002871
719 0.03965354539384815
720 0.03965350675006303
721 0.03965346825139138
722 0.03965342992807021
723 0.03965339178559166
724 0.03965335379250127
725 0.03965331590764168
726 0.0396532781342657
727 0.03965324051318036
728 0.03965320306493533
729 0.03965316577869579
730 0.03965312864300206
731 0.03965309165065504
732 0.03965305479767362
733 0.03965301808091429
734 0.03965298149606711
735 0.03965294503766033
736 0.03965290870146216
737 0.03965287247668012
738 0.03965283643597583
739 0.03965280061507432
740 0.03965276491604927
741 0.03965272931150692
742 0.03965269378787602
743 0.0396526583173516
744 0.03965262288090234
745 0.03965258742410776
746 0.03965255194676068
747 0.03965251646780391
748 0.0396524810012186
749 0.03965244556094333
750 0.03965241015565663
751 0.03965237479607143
752 0.03965233949236077
753 0.03965230425361204
754 0.03965226922891115
755 0.03965223434951226
756 0.0396521995907958
757 0.03965216495443383
758 0.03965213044074873
759 0.0396520960484492
760 0.03965206177722602
761 0.0396520276321227
762 0.03965199364161374
763 0.03965195982516892
764 0.03965192614354044
765 0.03965189256026436
766 0.0396518590730803
767 0.03965182572463256
768 0.03965179254519297
769 0.03965175951859429
770 0.03965172662874727
771 0.03965169386700653
772 0.03965166122621469
773 0.03965162870004275
774 0.03965159628241769
775 0.03965156396751593
776 0.03965153176399475
777 0.03965149966337513
778 0.03965146769942525
779 0.03965143595754482
780 0.03965140430227015
781 0.03965137269457646
782 0.03965134112862516
783 0.03965130958726422
784 0.03965127805281932
785 0.03965124651247848
786 0.0396512149539209
787 0.0396511833467417
788 0.03965115171706082
789 0.03965112009340947
790 0.03965108850206146
791 0.03965105696243575
792 0.03965102548660199
793 0.03965099407764259
794 0.03965096274093396
795 0.0396509316025098
796 0.03965090064285091
797 0.03965086980460261
798 0.03965083907382292
799 0.03965080844935226
800 0.03965077792848679
801 0.03965074749101263
802 0.03965071715313712
803 0.03965068695762802
804 0.03965065692050189
805 0.0396506270041288
806 0.03965059718741021
807 0.03965056747309956
808 0.03965053789274593
809 0.03965050846299272
810 0.03965047915950071
811 0.03965044995926121
812 0.03965042084550723
813 0.03965039180631946
814 0.03965036285303671
815 0.03965033400547424
816 0.03965030527598085
817 0.03965027664355173
818 0.03965024808573026
819 0.03965021968039353
820 0.03965019145609821
821 0.03965016328565608
822 0.0396501351500323
823 0.03965010704676106
824 0.03965007895336146
825 0.03965005084964307
826 0.03965002272188235
827 0.03964999456691737
828 0.03964996637414777
829 0.03964993813507992
830 0.03964990161220674
831 0.03964986738371938
832 0.03964983545315746
833 0.03964980493947112
834 0.03964977528850943
835 0.03964974618629487
836 0.03964971745558407
837 0.03964968909944545
838 0.03964966104468737
839 0.03964963317661403
840 0.03964960545523662
841 0.03964957789390731
842 0.03964955047987074
843 0.03964952319448539
844 0.03964949606010588
845 0.03964946910188513
846 0.03964944228955204
847 0.03964941558183958
848 0.039649388976122
849 0.03964936248791322
850 0.03964933615094904
851 0.03964930997610024
852 0.0396492839279631
853 0.03964925797570148
854 0.03964923209874855
855 0.03964920628710387
856 0.03964918056174665
857 0.03964915494270543
858 0.03964912941980306
859 0.03964910398099968
860 0.03964907858811402
861 0.03964905347877567
862 0.03964902846852285
863 0.03964900347893609
864 0.03964897850242197
865 0.03964895353288698
866 0.03964892853939118
867 0.03964890350441071
868 0.03964887842333759
869 0.03964885324096479
870 0.03964882798638708
871 0.03964880269477515
872 0.0396487774055275
873 0.03964875216250256
874 0.03964872696139453
875 0.0396487017883228
876 0.03964867663087734
877 0.03964865148304191
878 0.03964862649578421
879 0.03964860162716027
880 0.03964857683523222
881 0.03964855211668096
882 0.03964852747815401
883 0.03964850291616251
884 0.03964847845478284
885 0.0396484541407544
886 0.03964842995067654
887 0.03964840582091396
888 0.0396483817297552
889 0.03964835858206681
890 0.03964833533189507
891 0.03964831183300466
892 0.03964828825266938
893 0.03964826467400616
894 0.03964824114783954
895 0.03964821770099159
896 0.03964819433815417
897 0.03964817105786622
898 0.03964814786309002
899 0.03964812473037947
900 0.03964810162915789
901 0.03964807879854658
902 0.03964805609477305
903 0.03964803343964816
904 0.03964801081132887
905 0.03964798820092292
906 0.03964796557103083
907 0.03964794291027213
908 0.03964792017973862
909 0.03964789736242977
910 0.03964787447868767
911 0.03964785155363646
912 0.03964782861707383
913 0.03964780568987676
914 0.03964778278399703
915 0.03964775990555287
916 0.03964773705792163
917 0.03964771437700012
918 0.03964769181998423
919 0.03964766935141563
920 0.03964764696953223
921 0.0396476246803414
922 0.03964760248706871
923 0.03964758038791145
924 0.03964755839102893
925 0.03964753652650394
926 0.03964751479334061
927 0.03964749315313782
928 0.03964747155862354
929 0.03964745002275429
930 0.03964742860532491
931 0.03964740734344892
932 0.03964738621803224
933 0.03964736521065373
934 0.03964734431177358
935 0.03964732351803008
936 0.03964730282704483
937 0.03964728223550077
938 0.03964726174483001
939 0.03964724133312726
940 0.03964722097730563
941 0.03964720071169878
942 0.0396471806548644
943 0.03964716068812266
944 0.03964714077497661
945 0.03964712090013486
946 0.03964710103114499
947 0.03964708114795338
948 0.03964706120975611
949 0.03964704120600978
950 0.03964702114883386
951 0.03964700105555583
952 0.03964698094649335
953 0.03964696084054068
954 0.03964694075042838
955 0.03964692077836524
956 0.03964690092403591
957 0.03964688114704142
958 0.0396468614429936
959 0.03964684181787784
960 0.03964682227500475
961 0.03964680280925779
962 0.03964678341890162
963 0.03964676412729845
964 0.03964674496346276
965 0.03964672591411599
966 0.03964670694121215
967 0.03964668802819585
968 0.03964666917052592
969 0.03964665041758141
970 0.03964663178737969
971 0.03964661325707683
972 0.03964659480906309
973 0.03964657643867785
974 0.03964655815302473
975 0.03964653995385905
976 0.03964652183360263
977 0.03964650378537964
978 0.03964648580435141
979 0.0396464678742834
980 0.03964644997707424
981 0.03964643222498164
982 0.03964641455481686
983 0.03964639689271908
984 0.0396463792129936
985 0.0396463615031087
986 0.03964634375625137
987 0.03964632596488429
988 0.03964630808559796
989 0.03964629012852677
990 0.03964627211371839
991 0.03964625406666678
992 0.03964623601218738
993 0.0396462179994195
994 0.03964620011708315
995 0.03964618230646527
996 0.03964616455489645
997 0.03964614686795587
998 0.03964612925335158
999 0.03964611171537592
1000 0.03964609425169027
1001 0.03964607688210088
1002 0.03964605963371626
1003 0.03964604249403427
1004 0.03964602542778341
1005 0.03964600839947046
1006 0.03964599142267831
1007 0.03964597453810097
1008 0.0396459577742786
1009 0.03964594112823469
1010 0.03964592457269205
1011 0.03964590808635934
1012 0.03964589165562588
1013 0.03964587527099377
1014 0.03964585892421064
1015 0.03964584260671698
1016 0.03964582634336525
1017 0.03964581017293232
1018 0.03964579406043208
1019 0.03964577796681715
1020 0.03964576187015512
1021 0.03964574586917684
1022 0.03964572991151374
1023 0.03964571391200361
1024 0.03964569785228939
1025 0.03964568173823458
1026 0.0396456655705547
1027 0.0396456493430376
1028 0.03964563302442733
1029 0.03964561662290245
1030 0.03964560015888428
1031 0.03964558365736316
1032 0.03964556718023002
1033 0.03964555079651261
1034 0.03964553446022454
1035 0.0396455181829321
1036 0.03964550197754409
1037 0.03964548581231268
1038 0.03964546967769336
1039 0.03964545358009169
1040 0.03964543754363012
1041 0.03964542161470069
1042 0.03964540580550144
1043 0.03964539008497207
1044 0.03964537443459456
1045 0.03964535886177208
1046 0.03964534339272081
1047 0.03964532807900643
1048 0.03964531293988802
1049 0.03964529794728056
1050 0.03964528308396278
1051 0.0396452683529421
1052 0.03964525372160337
1053 0.03964523914452532
1054 0.03964522460155454
1055 0.03964521006808991
1056 0.03964519551177316
1057 0.03964518097458759
1058 0.03964516647781298
1059 0.03964515200140788
1060 0.03964513753922669
1061 0.03964512309729087
1062 0.03964510871304726
1063 0.03964509431054844
1064 0.039645079820467
1065 0.03964506526058569
1066 0.03964505061036651
1067 0.03964503585226135
1068 0.03964502098537991
1069 0.03964500605997523
1070 0.03964499114735846
1071 0.03964497630836747
1072 0.03964496150293752
1073 0.03964494672198303
1074 0.03964493196823651
1075 0.03964491724823368
1076 0.03964490257001723
1077 0.03964488796572622
1078 0.0396448734855353
1079 0.03964485913100009
1080 0.03964484486343687
1081 0.03964483066333915
1082 0.03964481654129126
1083 0.0396448025224717
1084 0.03964478864976133
1085 0.03964477495618107
1086 0.0396447614266195
1087 0.03964474803746423
1088 0.03964473477983178
1089 0.0396447216111066
1090 0.03964470848379412
1091 0.03964469537715611
1092 0.03964468227592379
1093 0.03964466914794915
1094 0.03964465599429667
1095 0.0396446428655667
1096 0.03964462977420747
1097 0.03964461669595055
1098 0.03964460362185786
1099 0.0396445905228174
1100 0.03964457738942353
1101 0.03964456423757796
1102 0.03964455103852097
1103 0.03964453775223272
1104 0.03964452437864427
1105 0.0396445109391659
1106 0.03964449746372514
1107 0.03964448398447654
1108 0.0396444705547544
1109 0.03964445713464173
1110 0.03964444372434593
1111 0.03964443032978741
1112 0.03964441696031504
1113 0.03964440362777628
1114 0.03964439038231309
1115 0.03964437726477527
1116 0.03964436425226545
1117 0.03964435131088409
1118 0.039644338433506
1119 0.03964432563718032
1120 0.03964431294574694
1121 0.0396443004003076
1122 0.03964428802282306
1123 0.0396442757882503
1124 0.03964426366266972
1125 0.03964425162087026
1126 0.03964423966120803
1127 0.03964422775927613
1128 0.03964421587910372
1129 0.03964420400666883
1130 0.03964419215341208
1131 0.03964418031096904
1132 0.03964416846389757
1133 0.03964415660852665
1134 0.0396441447489389
1135 0.03964413288144712
1136 0.03964412098762923
1137 0.03964410905891648
1138 0.03964409709873574
1139 0.039644085106131
1140 0.03964407303954947
1141 0.03964406089658066
1142 0.03964404869660378
1143 0.03964403646675733
1144 0.03964402424956516
1145 0.03964401204702658
1146 0.03964399984538158
1147 0.03964398764875491
1148 0.03964397546554894
1149 0.03964396330648768
1150 0.03964395118391804
1151 0.03964393914678153
1152 0.0396439272319572
1153 0.03964391541502364
1154 0.03964390366465045
1155 0.03964389197533048
1156 0.03964388036376647
1157 0.03964386885138635
1158 0.03964385677347419
1159 0.03964384501359074
1160 0.0396438336298518
1161 0.03964382248664004
1162 0.0396438114908676
1163 0.03964380058918835
1164 0.03964378975181664
1165 0.03964377895874602
1166 0.03964376819591689
1167 0.03964375745197321
1168 0.03964374671862846
1169 0.0396437359871395
1170 0.03964372524469429
1171 0.03964371448801492
1172 0.03964370370933342
1173 0.03964369290227791
1174 0.03964368206159248
1175 0.03964367118329821
1176 0.03964366027560245
1177 0.03964364931479863
1178 0.03964363828165624
1179 0.03964362718511013
1180 0.03964361604774736
1181 0.03964360490854495
1182 0.03964359377115784
1183 0.0396435826266385
1184 0.03964357147903871
1185 0.03964356033744942
1186 0.03964354921339275
1187 0.03964353811986546
1188 0.03964352708788716
1189 0.03964351616332052
1190 0.03964350535316395
1191 0.03964349462793317
1192 0.03964348396929725
1193 0.03964347338093858
1194 0.03964346287796533
1195 0.03964345248615946
1196 0.03964344223941885
1197 0.03964343213585118
1198 0.03964342209995195
1199 0.03964341212732933
1200 0.03964340221555571
1201 0.03964339235774866
1202 0.03964338254415691
1203 0.03964337276364557
1204 0.03964336300478609
1205 0.0396433532558217
1206 0.03964334350638982
1207 0.0396433337473545
1208 0.03964332397096045
1209 0.03964331417032172
1210 0.03964330433969887
1211 0.03964329447443787
1212 0.03964328457093205
1213 0.03964327462680339
1214 0.03964326465074321
1215 0.03964325462085352
1216 0.0396432445266172
1217 0.03964323437978597
1218 0.03964322420836196
1219 0.03964321403758882
1220 0.03964320385676214
1221 0.03964319367082854
1222 0.03964318348823669
1223 0.03964317331937371
1224 0.03964316317589096
1225 0.03964315307046148
1226 0.03964314303343904
1227 0.03964313310305544
1228 0.0396431232797427
1229 0.03964311353718664
1230 0.03964310386177734
1231 0.03964309425830836
1232 0.03964308473933297
1233 0.03964307533905533
1234 0.03964306607273702
1235 0.03964305691494516
1236 0.03964304784060483
1237 0.0396430388312499
1238 0.0396430298733244
1239 0.03964302095576948
1240 0.03964301206860046
1241 0.03964300320241374
1242 0.03964299434825447
1243 0.03964298549720491
1244 0.03964297664059915
1245 0.03964296777021325
1246 0.03964295887844804
1247 0.03964294995858542
1248 0.03964294100473989
1249 0.03964293201203766
1250 0.03964292297666981
1251 0.03964291390198044
1252 0.03964290478149236
1253 0.03964289559083829
1254 0.03964288633379258
1255 0.03964287702928875
1256 0.03964286771104535
1257 0.03964285839314458
1258 0.03964284906732544
1259 0.03964283973910104
1260 0.0396428304172077
1261 0.03964282111214965
1262 0.03964281183568546
1263 0.03964280260018654
1264 0.03964279342883565
1265 0.03964278435862429
1266 0.03964277539700369
1267 0.03964276651876135
1268 0.03964275770791597
1269 0.03964274896639046
1270 0.03964274031051149
1271 0.0396427317718958
1272 0.03964272335818874
1273 0.03964271504518006
1274 0.03964270681044243
1275 0.03964269863723101
1276 0.039642690512662
1277 0.03964268242551637
1278 0.03964267436532783
1279 0.03964266632212065
1280 0.03964265828630373
1281 0.0396426502486731
1282 0.03964264220047416
1283 0.03964263413449596
1284 0.03964262604326706
1285 0.0396426179195891
1286 0.03964260975723318
1287 0.03964260155111225
1288 0.03964259329724273
1289 0.03964258500755138
1290 0.03964257664660638
1291 0.03964256820464004
1292 0.03964255969460437
1293 0.03964255113960785
1294 0.03964254257410154
1295 0.03964253401316477
1296 0.03964252544556882
1297 0.03964251687618316
1298 0.03964250831365462
1299 0.03964249976841489
1300 0.03964249125198354
1301 0.03964248277672008
1302 0.03964247435708022
1303 0.03964246603130759
1304 0.0396424578187914
1305 0.03964244969465486
1306 0.03964244163838856
1307 0.03964243364951422
1308 0.03964242574332457
1309 0.03964241794991859
1310 0.03964241027596929
1311 0.0396424027012101
1312 0.03964239520333519
1313 0.03964238776487559
1314 0.0396423803722389
1315 0.03964237301401805
1316 0.03964236568185486
1317 0.03964235836683388
1318 0.03964235105952706
1319 0.03964234375183715
1320 0.0396423364337407
1321 0.03964232909540018
1322 0.0396423217278952
1323 0.03964231432340301
1324 0.03964230687530759
1325 0.03964229937830872
1326 0.03964229182927727
1327 0.03964228424035605
1328 0.03964227656804341
1329 0.03964226880587549
1330 0.03964226096911305
1331 0.03964225308246359
1332 0.03964224517882949
1333 0.0396422372821024
1334 0.03964222937749067
1335 0.03964222147094532
1336 0.03964221357114469
1337 0.03964220568830343
1338 0.03964219783380935
1339 0.03964219001973025
1340 0.03964218225825772
1341 0.03964217458047346
1342 0.03964216701146262
1343 0.03964215953901928
1344 0.03964215214163543
1345 0.0396421448102369
1346 0.03964213755409084
1347 0.03964213040348516
1348 0.03964212336915186
1349 0.03964211643066087
1350 0.03964210956857741
1351 0.03964210276822393
1352 0.03964209601663917
1353 0.03964208930200422
1354 0.0396420826132288
1355 0.03964207594046965
1356 0.03964206927351267
1357 0.03964206260271549
1358 0.03964205591910142
1359 0.03964204921410155
1360 0.03964204248047043
1361 0.03964203571198001
1362 0.03964202890091328
1363 0.0396420220406893
1364 0.03964201512634748
1365 0.03964200817214694
1366 0.03964200113537595
1367 0.03964199400555164
1368 0.03964198679620616
1369 0.03964197953207371
1370 0.03964197224309731
1371 0.03964196496547705
1372 0.03964195767922223
1373 0.03964195038794621
1374 0.03964194309992624
1375 0.03964193582554364
1376 0.03964192857648727
1377 0.039641921365149
1378 0.03964191420403357
1379 0.0396419071139968
1380 0.03964190012673242
1381 0.03964189324575985
1382 0.03964188644736563
1383 0.03964187971596844
1384 0.03964187305263306
1385 0.03964186648855596
1386 0.03964186004181943
1387 0.03964185369461963
1388 0.03964184742746433
1389 0.03964184122411406
1390 0.03964183507105824
1391 0.03964182895631232
1392 0.03964182286870159
1393 0.03964181679810625
1394 0.03964181073305147
1395 0.03964180466365404
1396 0.03964179857833684
1397 0.03964179246743333
1398 0.0396417863226235
1399 0.0396417801368509
1400 0.03964177390436262
1401 0.03964176762157749
1402 0.0396417612881178
1403 0.03964175491128991
1404 0.03964174846969774
1405 0.03964174194036758
1406 0.03964173532945889
1407 0.03964172865827116
1408 0.03964172195358494
1409 0.03964171525961661
1410 0.03964170855418152
1411 0.03964170184020991
1412 0.03964169512606255
1413 0.03964168842204571
1414 0.0396416817396003
1415 0.03964167509081645
1416 0.03964166848892978
1417 0.03964166194654237
1418 0.03964165549127435
1419 0.03964164914066085
1420 0.03964164287797199
1421 0.03964163668356839
1422 0.03964163055166331
1423 0.03964162451085781
1424 0.03964161858198189
1425 0.03964161275066706
1426 0.03964160699983287
1427 0.03964160131578396
1428 0.03964159567612226
1429 0.03964159006437765
1430 0.03964158446713673
1431 0.03964157887203815
1432 0.03964157326773322
1433 0.03964156764450222
1434 0.03964156199492493
1435 0.03964155631419759
1436 0.03964155060002265
1437 0.03964154485220062
1438 0.03964153907261175
1439 0.03964153325396275
1440 0.03964152739264717
1441 0.03964152149284731
1442 0.03964151555437634
1443 0.03964150954518856
1444 0.03964150346363661
1445 0.03964149732527656
1446 0.03964149115285213
1447 0.03964148498891711
1448 0.03964147881191011
1449 0.03964147262807659
1450 0.03964146644208186
1451 0.03964146026090142
1452 0.03964145409415766
1453 0.03964144795289552
1454 0.03964144184908064
1455 0.03964143579531119
1456 0.03964142980945912
1457 0.03964142391421262
1458 0.03964141811106165
1459 0.03964141238173974
1460 0.0396414067186278
1461 0.03964140114547385
1462 0.03964139567788828
1463 0.03964139029303572
1464 0.03964138496960641
1465 0.0396413796906603
1466 0.039641374440696
1467 0.03964136920486611
1468 0.03964136396935405
1469 0.03964135872211849
1470 0.03964135345359122
1471 0.03964134815679199
1472 0.03964134282708133
1473 0.0396413374647059
1474 0.03964133207327968
1475 0.03964132665510245
1476 0.03964132120974396
1477 0.03964131573396493
1478 0.03964131022647781
1479 0.03964130469017538
1480 0.03964129914389904
1481 0.03964129354868005
1482 0.03964128789539634
1483 0.03964128219895773
1484 0.03964127648233791
1485 0.03964127078139921
1486 0.03964126507374128
1487 0.03964125935743865
1488 0.03964125363549776
1489 0.03964124791426182
1490 0.03964124220277029
1491 0.0396412365118842
1492 0.03964123085336795
1493 0.03964122523901185
1494 0.03964121967999896
1495 0.03964121419781583
1496 0.03964120880416486
1497 0.03964120348649924
1498 0.03964119822797307
1499 0.03964119303500144
1500 0.03964118791671779
1501 0.03964118286087944
1502 0.03964117785126983
1503 0.03964117287135375
1504 0.03964116790566587
1505 0.03964116294060756
1506 0.03964115796346646
1507 0.03964115296741318
1508 0.03964114795495891
1509 0.03964114293157721
1510 0.03964113790023158
1511 0.03964113286003798
1512 0.03964112780706882
1513 0.03964112273543817
1514 0.03964111763833149
1515 0.03964111250891536
1516 0.03964110734099165
1517 0.03964110212969199
1518 0.03964109688086873
1519 0.03964109156930538
1520 0.03964108619240607
1521 0.03964108076911006
1522 0.03964107532745428
1523 0.03964106991008917
1524 0.03964106449848705
1525 0.03964105909165568
1526 0.03964105369502795
1527 0.03964104831494811
1528 0.03964104295801134
1529 0.03964103763118766
1530 0.03964103234209775
1531 0.03964102709938866
1532 0.03964102190555827
1533 0.03964101676790612
1534 0.03964101169488862
1535 0.03964100667808204
1536 0.03964100170360554
1537 0.03964099677568186
1538 0.03964099189728481
1539 0.03964098705762716
1540 0.03964098224416954
1541 0.03964097744338817
1542 0.03964097264709695
1543 0.0396409678577402
1544 0.03964096308186805
1545 0.03964095832318028
1546 0.03964095358072667
1547 0.0396409488494503
1548 0.03964094412157942
1549 0.03964093938793829
1550 0.03964093463897462
1551 0.03964092986542033
1552 0.03964092505872868
1553 0.03964092021138345
1554 0.03964091531705699
1555 0.03964091037082251
1556 0.03964090537689622
1557 0.03964090031855853
1558 0.03964089517964633
1559 0.03964088996683185
1560 0.03964088470094163
1561 0.0396408794262379
1562 0.03964087413478773
1563 0.0396408688354951
1564 0.03964086353854125
1565 0.0396408582535264
1566 0.03964085298930554
1567 0.0396408477539927
1568 0.03964084255484753
1569 0.03964083739813359
1570 0.03964083228903802
1571 0.03964082723136655
1572 0.03964082222718461
1573 0.03964081727587868
1574 0.03964081237485789
1575 0.03964080752628578
1576 0.03964080273688041
1577 0.03964079801164774
1578 0.03964079335088629
1579 0.03964078875029862
1580 0.039640784202058
1581 0.03964077969572173
1582 0.03964077522005726
1583 0.03964077076344334
1584 0.03964076631435758
1585 0.03964076186171143
1586 0.03964075739509008
1587 0.03964075290489313
1588 0.03964074838244148
1589 0.03964074382006622
1590 0.03964073921118813
1591 0.03964073455036223
1592 0.03964072983341486
1593 0.03964072505736587
1594 0.039640720221646
1595 0.03964071533137682
1596 0.03964071036261906
1597 0.03964070531793868
1598 0.03964070021635092
1599 0.03964069509123293
1600 0.03964068993324792
1601 0.03964068477343266
1602 0.039640679632186
1603 0.03964067451462047
1604 0.03964066941674098
1605 0.03964066433996345
1606 0.03964065928798208
1607 0.03964065426514398
1608 0.03964064927602467
1609 0.03964064432493876
1610 0.0396406394154331
1611 0.03964063455347516
1612 0.03964062976023407
1613 0.03964062504827396
1614 0.03964062041830763
1615 0.03964061586509295
1616 0.03964061138055024
1617 0.03964060695517243
1618 0.03964060257861338
1619 0.03964059824001544
1620 0.03964059392820516
1621 0.03964058963190795
1622 0.03964058534013785
1623 0.03964058104223826
1624 0.0396405767280451
1625 0.03964057238810342
1626 0.03964056801382882
1627 0.03964056359761817
1628 0.03964055913295182
1629 0.03964055461449251
1630 0.0396405500381572
1631 0.03964054540119338
1632 0.03964054070221604
1633 0.03964053594545183
1634 0.03964053112214681
1635 0.03964052625971756
1636 0.03964052139976551
1637 0.03964051655863889
1638 0.0396405117290549
1639 0.03964050690816796
1640 0.03964050209527591
1641 0.03964049729150274
1642 0.03964049249918031
1643 0.03964048771919577
1644 0.03964048295397572
1645 0.03964047820833777
1646 0.03964047348757522
1647 0.03964046879671759
1648 0.03964046414010085
1649 0.03964045952105592
1650 0.03964045494168954
1651 0.03964045040275251
1652 0.03964044590360703
1653 0.03964044144217474
1654 0.03964043702621252
1655 0.03964043266676689
1656 0.03964042836386813
1657 0.03964042410889169
1658 0.03964041989014242
1659 0.03964041569542771
1660 0.03964041151298429
1661 0.03964040733067897
1662 0.0396404031420375
1663 0.03964039893990266
1664 0.03964039471566502
1665 0.03964039046059001
1666 0.03964038616660056
1667 0.03964038182689548
1668 0.03964037743587707
1669 0.03964037301226447
1670 0.03964036857656449
1671 0.03964036413741193
1672 0.0396403596924798
1673 0.03964035523160294
1674 0.03964035076838285
1675 0.03964034629739831
1676 0.03964034181830919
1677 0.03964033733234645
1678 0.0396403328417048
1679 0.03964032834934707
1680 0.03964032385896134
1681 0.03964031937493766
1682 0.03964031490226666
1683 0.03964031044631175
1684 0.03964030601261901
1685 0.03964030160649044
1686 0.03964029723253629
1687 0.03964029289436064
1688 0.03964028859429319
1689 0.03964028433324274
1690 0.039640280110684
1691 0.03964027592477604
1692 0.03964027177258687
1693 0.03964026765037875
1694 0.03964026355391522
1695 0.03964025947875945
1696 0.03964025542050962
1697 0.03964025137520372
1698 0.03964024733910093
1699 0.03964024330869135
1700 0.0396402392807552
1701 0.03964023525235863
1702 0.03964023122084435
1703 0.03964022718381453
1704 0.03964022313913816
1705 0.03964021908498347
1706 0.03964021501986988
1707 0.03964021094255887
1708 0.03964020685244049
1709 0.03964020275444056
1710 0.03964019862796468
1711 0.03964019447352909
1712 0.03964019031074487
1713 0.03964018614413676
1714 0.03964018196792165
1715 0.03964017778249851
1716 0.03964017359002504
1717 0.03964016939380545
1718 0.03964016519806749
1719 0.03964016100786254
1720 0.0396401568289236
1721 0.03964015266727174
1722 0.03964014852893027
1723 0.03964014441938205
1724 0.0396401403432471
1725 0.03964013630395423
1726 0.03964013230351549
1727 0.03964012834243392
1728 0.0396401244197521
1729 0.03964012053322908
1730 0.03964011667960371
1731 0.0396401128548368
1732 0.03964010905454006
1733 0.0396401052742126
1734 0.0396401015094503
1735 0.03964009775612901
1736 0.03964009401043347
1737 0.03964009026885189
1738 0.03964008652822697
1739 0.03964008278569857
1740 0.03964007903864569
1741 0.03964007528465507
1742 0.03964007152154157
1743 0.03964006774747845
1744 0.03964006396106493
1745 0.0396400601675486
1746 0.03964005635701463
1747 0.03964005251010191
1748 0.03964004862888056
1749 0.03964004472624534
1750 0.03964004082903676
1751 0.03964003693478439
1752 0.03964003303408488
1753 0.03964002912661847
1754 0.039640025214431
1755 0.03964002130087618
1756 0.0396400173902951
1757 0.03964001348779916
1758 0.03964000959903244
1759 0.03964000572985281
1760 0.03964000188711077
1761 0.0396399980786071
1762 0.03963999430167439
1763 0.03963999055741706
1764 0.03963998685339543
1765 0.03963998318949208
1766 0.03963997956341467
1767 0.03963997597188976
1768 0.03963997241106029
1769 0.03963996887670604
1770 0.03963996536443556
1771 0.03963996186991508
1772 0.03963995838930541
1773 0.03963995491970114
1774 0.03963995145756061
1775 0.0396399479994106
1776 0.03963994454195561
1777 0.03963994108227057
1778 0.03963993761779588
1779 0.03963993414629743
1780 0.03963993066581446
1781 0.0396399271746572
1782 0.03963992367974607
1783 0.03963992016518535
1784 0.0396399166090373
1785 0.03963991301290295
1786 0.03963990939022629
1787 0.03963990575792808
1788 0.03963990214902968
1789 0.03963989853893411
1790 0.03963989492375834
1791 0.03963989130419129
1792 0.03963988768267895
1793 0.03963988406284939
1794 0.03963988044912575
1795 0.03963987684658997
1796 0.03963987326076675
1797 0.03963986969727563
1798 0.0396398661678428
1799 0.03963986267406634
1800 0.03963985920632856
1801 0.03963985577126228
1802 0.03963985237803039
1803 0.03963984902501643
1804 0.03963984570838595
1805 0.03963984242380754
1806 0.03963983916679043
1807 0.03963983593284762
1808 0.03963983271731928
1809 0.03963982951445915
1810 0.03963982631803457
1811 0.03963982312447618
1812 0.03963981993117348
1813 0.03963981673571003
1814 0.03963981353559089
1815 0.03963981032835553
1816 0.03963980711191047
1817 0.03963980388401922
1818 0.03963980064243162
1819 0.03963979739345135
1820 0.03963979412277654
1821 0.03963979080476707
1822 0.03963978743940723
1823 0.03963978403999888
1824 0.03963978062396466
1825 0.03963977721536367
1826 0.03963977382059525
1827 0.03963977042196074
1828 0.03963976701732878
1829 0.03963976360807691
1830 0.03963976019711946
1831 0.03963975678841929
1832 0.03963975338673727
1833 0.03963974999737579
1834 0.0396397466258914
1835 0.03963974328328314
1836 0.03963973997486598
1837 0.03963973669091906
1838 0.03963973343438829
1839 0.03963973021716519
1840 0.03963972704004514
1841 0.03963972389889823
1842 0.03963972078981542
1843 0.03963971770974552
1844 0.03963971465565375
1845 0.03963971162393295
1846 0.03963970861037421
1847 0.03963970561048196
1848 0.03963970261984976
1849 0.03963969963443039
1850 0.03963969665063324
1851 0.03963969366531712
1852 0.03963969067570603
1853 0.03963968767930538
1854 0.03963968467385662
1855 0.03963968165731629
1856 0.03963967863485277
1857 0.03963967559806975
1858 0.03963967251522176
1859 0.03963966938260959
1860 0.03963966621180053
1861 0.03963966301980947
1862 0.03963965982344034
1863 0.03963965665449928
1864 0.03963965348499489
1865 0.03963965031026773
1866 0.03963964713074873
1867 0.03963964394873504
1868 0.03963964076768717
1869 0.03963963759198669
1870 0.03963963442664232
1871 0.03963963127704326
1872 0.03963962815196735
1873 0.03963962506025176
1874 0.03963962199751012
1875 0.03963961895855529
1876 0.03963961595337891
1877 0.03963961298960141
1878 0.03963961006505111
1879 0.03963960717583456
1880 0.03963960431783677
1881 0.03963960148693621
1882 0.0396395986790035
1883 0.03963959588992638
1884 0.03963959311568593
1885 0.0396395903528402
1886 0.03963958759858268
1887 0.03963958484849184
1888 0.03963958209863003
1889 0.03963957934541545
1890 0.0396395765856225
1891 0.03963957381639055
1892 0.03963957103523909
1893 0.03963956824494698
1894 0.03963956544507564
1895 0.03963956259806586
1896 0.03963955969685402
1897 0.03963955675169206
1898 0.03963955377946393
1899 0.03963955079753337
1900 0.03963954783111663
1901 0.03963954487690417
1902 0.03963954191941714
1903 0.03963953895689153
1904 0.0396395359908028
1905 0.03963953302412413
1906 0.03963953006082315
1907 0.0396395271056377
1908 0.039639524163826
1909 0.03963952124121745
1910 0.03963951834997657
1911 0.03963951549193791
1912 0.03963951265568874
1913 0.03963950984850333
1914 0.0396395070822758
1915 0.03963950435596593
1916 0.03963950166612418
1917 0.03963949900888707
1918 0.03963949638029553
1919 0.03963949377674367
1920 0.03963949119427868
1921 0.03963948862855755
1922 0.03963948607533629
1923 0.03963948353030976
1924 0.03963948098960588
1925 0.03963947844990613
1926 0.03963947590816125
1927 0.03963947336144669
1928 0.03963947080694007
1929 0.03963946824199405
1930 0.03963946566711959
1931 0.03963946308909064
1932 0.03963946046482365
1933 0.03963945778389785
1934 0.03963945505504141
1935 0.03963945229482765
1936 0.03963944952084489
1937 0.03963944675227959
1938 0.03963944400703895
1939 0.03963944126017574
1940 0.03963943850802286
1941 0.03963943575135872
1942 0.03963943299272548
1943 0.03963943023579353
1944 0.03963942748499993
1945 0.03963942474550985
1946 0.03963942202285034
1947 0.03963941932859134
1948 0.03963941666757854
1949 0.03963941402938002
1950 0.03963941141778055
1951 0.03963940884538898
1952 0.03963940631362813
1953 0.03963940381959969
1954 0.03963940135963284
1955 0.03963939892989793
1956 0.03963939652645371
1957 0.0396393941452257
1958 0.03963939178207692
1959 0.03963938943290531
1960 0.03963938709371172
1961 0.03963938476064215
1962 0.03963938243000672
1963 0.03963938009828626
1964 0.0396393777621377
1965 0.03963937541842023
1966 0.03963937306423125
1967 0.03963937069736983
1968 0.03963936833338693
1969 0.03963936592376732
1970 0.03963936345482889
1971 0.0396393609339405
1972 0.03963935837755216
1973 0.03963935580360655
1974 0.03963935322804002
1975 0.03963935068026948
1976 0.03963934813409035
1977 0.03963934558281566
1978 0.03963934302643349
1979 0.03963934046710393
1980 0.03963933790823956
1981 0.03963933535416509
1982 0.0396393328098868
1983 0.03963933028081287
1984 0.03963932777784082
1985 0.03963932530772345
1986 0.03963932286234538
1987 0.03963932044060559
1988 0.03963931805458241
1989 0.03963931571002214
1990 0.0396393134044564
1991 0.03963931113406977
1992 0.03963930889487364
1993 0.03963930668284659
1994 0.03963930449390492
1995 0.03963930232391168
1996 0.03963930016873783
1997 0.03963929802432145
1998 0.03963929588671413
1999 0.03963929375210816
2000 0.0396392916168544
