"report-file-4"
"Iteration" "report-def-0"
("Iteration" "report-def-0")
1 733.6420863531104
2 366.9399389410872
3 183.5923946368438
4 91.92127439603975
5 46.08722295093065
6 23.17070811979185
7 11.71242910439969
8 5.983026744951464
9 3.117999442755433
10 1.685193382329008
11 0.9685537018656252
12 0.6099787740624762
13 0.4305367976377656
14 0.340513094064367
15 0.2953178904101152
16 0.2725322320393382
17 0.2609413334467051
18 0.2548263619378033
19 0.2515584526416041
20 0.2496123876165672
21 0.2484237866120763
22 0.2475253594137728
23 0.2468619340312289
24 0.2462391008576539
25 0.2457213331983574
26 0.2452765601683423
27 0.2448626014822852
28 0.24447243600011
29 0.2441071286833962
30 0.2437624719883514
31 0.243435330731218
32 0.2431255338405149
33 0.2428338453228678
34 0.2425609505268565
35 0.2423070405396806
36 0.2420737038503962
37 0.2418611026734328
38 0.2416690027695158
39 0.2414968326878852
40 0.241343709146676
41 0.2412086060421875
42 0.2410903539503456
43 0.2409877315237043
44 0.2408995089225176
45 0.2408241560488109
46 0.2407603068337194
47 0.2407067490052922
48 0.240662315292218
49 0.2406259169752439
50 0.2405965471045076
51 0.2405732871606582
52 0.2405553086027117
53 0.2405418748138834
54 0.2405323358068696
55 0.2405261149956102
56 0.2405227073051306
57 0.2405216749365951
58 0.2405226383082404
59 0.2405252690800807
60 0.2405292810951989
61 0.2405344250471897
62 0.240540487984394
63 0.2405472874276621
64 0.2405546658506584
65 0.2405624854747951
66 0.2405706372580873
67 0.2405790284219257
68 0.240587580337457
69 0.2405962263213456
70 0.2406049141889454
71 0.2406135993463165
72 0.2406222430617923
73 0.2406308195518335
74 0.2406393111820796
75 0.2406477026369858
76 0.2406559831591123
77 0.2406641478855576
78 0.2406721927059386
79 0.2406817064036787
80 0.2406900018921974
81 0.2406977921939646
82 0.2407055634147564
83 0.2407132012578451
84 0.2407206406950117
85 0.2407279250037059
86 0.240734790578864
87 0.240742797149727
88 0.2407498149375395
89 0.2407563946108963
90 0.2407643277168013
91 0.2407712741298552
92 0.240777751774716
93 0.2407854617839532
94 0.2407921492941129
95 0.240798343451958
96 0.2408056837112466
97 0.240811985057912
98 0.2408178283157448
99 0.2408248131524105
100 0.2408307686352091
101 0.240836312200799
102 0.2408418289733235
103 0.2408472389190339
104 0.2408536714478783
105 0.2408589929080077
106 0.240863998818737
107 0.2408690635115277
108 0.2408740931283891
109 0.2408790321303038
110 0.240885104864821
111 0.240890016139237
112 0.2408946877508892
113 0.2408994635811857
114 0.2409055160324804
115 0.2409103593711118
116 0.2409149740815295
117 0.2409196761630702
118 0.2409256192156856
119 0.2409303317992589
120 0.2409348140481358
121 0.240939377421036
122 0.2409451478667521
123 0.2409497077327629
124 0.2409540459820946
125 0.2409596820834404
126 0.2409641748847291
127 0.2409684600427447
128 0.2409740040935505
129 0.2409783954214177
130 0.2409825715227988
131 0.2409879728509748
132 0.2409922292366228
133 0.2409962761761049
134 0.2410015272499113
135 0.2410056484964279
136 0.2410095698687349
137 0.2410146791181127
138 0.2410186725457628
139 0.2410224770161261
140 0.2410263412921756
141 0.2410312701672938
142 0.2410350601712535
143 0.2410386710942504
144 0.2410423648051845
145 0.2410471311088391
146 0.2410507905956127
147 0.2410542885333797
148 0.2410578764080727
149 0.2410625311374931
150 0.2410660910721102
151 0.2410694941391432
152 0.2410729861916253
153 0.2410775355792117
154 0.241081011583462
155 0.2410843383031862
156 0.2410877529676206
157 0.241091158828455
158 0.2410955411234535
159 0.2410988573016255
160 0.2411020398254161
161 0.2411053244942328
162 0.2411086144585333
163 0.241111857293926
164 0.2411160551804417
165 0.2411192283760536
166 0.2411222872502243
167 0.2411254576120418
168 0.2411286403047052
169 0.2411317806488412
170 0.2411348660720256
171 0.2411388986544224
172 0.2411419439107343
173 0.2411448875224038
174 0.2411479446791457
175 0.2411510182924891
176 0.2411540540692966
177 0.2411570383257533
178 0.2411599781614995
179 0.2411628834049644
180 0.2411657639542125
181 0.2411686275469981
182 0.2411714795558998
183 0.2411743234739717
184 0.2411771611485805
185 0.2411799933331061
186 0.2411828199895631
187 0.241185639994633
188 0.2411884527353476
189 0.2411912579685918
190 0.2411940554404439
191 0.2411968444616285
192 0.2411996245646745
193 0.2412023959892512
194 0.2412051581430074
195 0.2412079106313774
196 0.2412106529231015
197 0.2412133842301616
198 0.2412161042984908
199 0.2412188129558442
200 0.2412215100729657
201 0.2412241953923214
202 0.2412268687390396
203 0.2412295298556225
204 0.2412321839784826
205 0.2412348156344093
206 0.2412374342735051
207 0.2412400401957537
208 0.2412426318974409
209 0.241245208647854
210 0.2412477702124681
211 0.2412503165625427
212 0.241252847760026
213 0.2412553639205375
214 0.2412578651208591
215 0.2412603516414588
216 0.241262823919845
217 0.2412652820058981
218 0.2412677259834407
219 0.241270155984163
220 0.2412725721012191
221 0.2412749743534689
222 0.2412773628303914
223 0.2412797377085341
224 0.2412820990163827
225 0.2412844468354083
226 0.2412867811632145
227 0.2412891020425017
228 0.2412914093633333
229 0.2412937029490364
230 0.2412959825611368
231 0.2412982480689838
232 0.2413004987663506
233 0.2413027372028139
234 0.2413049616373684
235 0.2413071717358538
236 0.2413093679557308
237 0.2413115509119672
238 0.2413137209631493
239 0.241315878250825
240 0.2413180228364497
241 0.2413201547515634
242 0.2413222739757193
243 0.2413243805382317
244 0.2413264747606617
245 0.2413285567067557
246 0.2413306265414314
247 0.2413326845431656
248 0.2413347305492159
249 0.2413367647466129
250 0.2413387873776857
251 0.2413407985259011
252 0.2413427980980944
253 0.2413447860730011
254 0.2413467624463923
255 0.2413487272785502
256 0.241350680682324
257 0.2413526227798491
258 0.2413545536380787
259 0.2413564733445014
260 0.2413583820168009
261 0.2413602797476487
262 0.2413621666168213
263 0.2413640427058153
264 0.2413659080005159
265 0.2413677624306773
266 0.2413696050261255
267 0.2413714376902222
268 0.2413732605403354
269 0.2413750733652424
270 0.24137687604762
271 0.2413786680492921
272 0.2413804493283441
273 0.2413822218471453
274 0.2413839806186099
275 0.241385723969701
276 0.241387456278524
277 0.2413891780595604
278 0.2413908903354297
279 0.2413925940399222
280 0.2413942899237971
281 0.2413959785835363
282 0.2413976604170477
283 0.2413993356102613
284 0.2414010042125072
285 0.2414026661967804
286 0.2414043214005426
287 0.2414059696488544
288 0.24140761071248
289 0.2414092442508761
290 0.2414108699490253
291 0.2414124875529358
292 0.241414096867278
293 0.2414156977102019
294 0.2414172899426279
295 0.2414188732929974
296 0.2414204476191382
297 0.2414220127864539
298 0.2414235685786343
299 0.2414251150297434
300 0.2414266521677164
301 0.2414281801340455
302 0.2414296990535743
303 0.2414312091604955
304 0.2414327107705843
305 0.2414342039697412
306 0.2414356887381947
307 0.2414371651624445
308 0.2414386333696405
309 0.2414400934373993
310 0.2414415455206452
311 0.2414429897730075
312 0.2414444262763686
313 0.2414458550796995
314 0.2414472762932465
315 0.2414486900442875
316 0.2414500964521148
317 0.2414514956385069
318 0.2414528877195761
319 0.2414542727660465
320 0.2414556508280468
321 0.2414570218726977
322 0.2414583859840844
323 0.2414597432432132
324 0.2414610936103886
325 0.2414624368850988
326 0.2414637726784972
327 0.2414651012323905
328 0.2414664228097839
329 0.241467737596791
330 0.2414690456970706
331 0.2414703471980889
332 0.2414716422021758
333 0.2414729307892441
334 0.2414742129922801
335 0.2414754888144291
336 0.2414767582760496
337 0.2414780214249105
338 0.2414792783280594
339 0.2414805290137573
340 0.241481773519946
341 0.2414830118144594
342 0.2414842439820954
343 0.2414854701076357
344 0.2414866903054597
345 0.2414879046271393
346 0.2414891130892116
347 0.2414903156920745
348 0.2414915124944536
349 0.2414927036172983
350 0.2414938890080524
351 0.2414950686332679
352 0.2414962424831162
353 0.2414974105525419
354 0.2414985728942855
355 0.2414997295455688
356 0.2415008805417252
357 0.241502025956932
358 0.2415031658223701
359 0.2415043001150413
360 0.2415054287972323
361 0.2415065518842578
362 0.24150766938834
363 0.2415087813672188
364 0.2415098878941534
365 0.2415109891012852
366 0.2415120850330861
367 0.2415131757150915
368 0.2415142611757667
369 0.2415153413665786
370 0.2415164161445463
371 0.2415174858257582
372 0.2415185505413849
373 0.2415196104306502
374 0.2415206655813351
375 0.2415217159498392
376 0.24152276151023
377 0.2415238022725621
378 0.2415248382557713
379 0.2415258694440172
380 0.2415268958565849
381 0.2415279174833485
382 0.2415289342687161
383 0.2415299461696689
384 0.2415309531633521
385 0.2415319552161118
386 0.2415329523383587
387 0.2415339445679458
388 0.2415349319515621
389 0.2415359145343118
390 0.2415368923214125
391 0.2415378653385986
392 0.2415388335923453
393 0.2415397971084712
394 0.2415407559123844
395 0.241541710042133
396 0.2415426597088707
397 0.2415436048285517
398 0.2415445453749535
399 0.2415454813704373
400 0.2415464128945152
401 0.2415473400189556
402 0.2415482628096002
403 0.2415491813086051
404 0.2415500955359489
405 0.2415510054599289
406 0.2415519110773924
407 0.2415528124194957
408 0.2415537093536381
409 0.2415546020234792
410 0.2415554905070044
411 0.2415563748616533
412 0.2415572550975817
413 0.241558131204582
414 0.2415590031461576
415 0.2415598708911211
416 0.2415607344315931
417 0.2415615937547591
418 0.2415624489087982
419 0.2415632999604
420 0.2415641469561229
421 0.2415649899545821
422 0.2415658290829953
423 0.2415666643788109
424 0.2415674958647702
425 0.2415683235461797
426 0.2415691474283788
427 0.2415699675645496
428 0.2415707841070835
429 0.2415715970587072
430 0.241572406376138
431 0.2415732120412597
432 0.2415740140892941
433 0.2415748125749808
434 0.2415756075596376
435 0.241576399090966
436 0.241577187087787
437 0.2415779715006811
438 0.2415787524534559
439 0.2415795300557302
440 0.2415803044077516
441 0.2415810755644496
442 0.2415818435546198
443 0.2415826083903201
444 0.241583370072588
445 0.2415841286100963
446 0.2415848839813741
447 0.241585636164421
448 0.24158638514047
449 0.2415871309038695
450 0.2415878734497541
451 0.2415886127874458
452 0.2415893489259074
453 0.2415900818777274
454 0.2415908116375985
455 0.2415915382058215
456 0.2415922616274111
457 0.2415929819522152
458 0.2415936992266258
459 0.241594413492235
460 0.2415951247753374
461 0.2415958331086373
462 0.2415965385238098
463 0.2415972410368389
464 0.241597940660823
465 0.2415986373848923
466 0.2415993314388631
467 0.2416000226481046
468 0.2416007110065281
469 0.2416013965657917
470 0.241602079358296
471 0.2416027594018658
472 0.2416034366662612
473 0.2416041111763752
474 0.2416047829717776
475 0.2416054520384932
476 0.2416061183540945
477 0.2416067819024579
478 0.241607442658655
479 0.2416081006179642
480 0.241608755782057
481 0.241609408167312
482 0.2416100577913066
483 0.2416107046621678
484 0.2416113487966917
485 0.2416119902222146
486 0.2416126289463159
487 0.2416132649742087
488 0.2416138983322829
489 0.2416145290494875
490 0.2416151571681527
491 0.241615782723583
492 0.2416164057676744
493 0.2416170263176546
494 0.2416176443535763
495 0.241618259867002
496 0.2416188728997859
497 0.2416194835253976
498 0.2416200918271773
499 0.2416206978786752
500 0.2416213017285359
501 0.2416219033647387
502 0.241622502653188
503 0.2416230996125054
504 0.2416236942977836
505 0.2416242867548558
506 0.2416248770042403
507 0.2416254650365351
508 0.2416260508406379
509 0.2416266343958682
510 0.2416272156896102
511 0.2416277939674351
512 0.2416283685144011
513 0.2416289405475749
514 0.241629510835174
515 0.2416300792598366
516 0.2416306457453707
517 0.2416312102462219
518 0.2416317727055569
519 0.2416323330694109
520 0.2416328913108296
521 0.2416334474153352
522 0.2416340013681071
523 0.2416345531586729
524 0.241635102791328
525 0.2416356502935559
526 0.2416361956860984
527 0.2416367389893112
528 0.2416372802327197
529 0.2416378194421162
530 0.241638356633744
531 0.2416388918280567
532 0.2416394250470731
533 0.2416399561191237
534 0.2416404862943438
535 0.241641014100553
536 0.2416415396445691
537 0.2416420630345483
538 0.2416425843590454
539 0.2416431036160354
540 0.2416436207840913
541 0.2416441358547766
542 0.2416446488207446
543 0.2416451597071298
544 0.2416456685477349
545 0.2416461753572944
546 0.2416466802669217
547 0.2416471833370534
548 0.2416476845434655
549 0.2416481838654716
550 0.241648681281761
551 0.2416491767450965
552 0.2416496701249422
553 0.2416501613180387
554 0.2416506502893472
555 0.2416511370568302
556 0.2416516217329142
557 0.2416521044280435
558 0.2416525852159921
559 0.2416530641379571
560 0.2416535412095191
561 0.2416540163600947
562 0.2416544895152629
563 0.2416549606883456
564 0.2416554299578199
565 0.241655897404412
566 0.2416563630871637
567 0.2416568270617466
568 0.2416572893697123
569 0.2416577500344764
570 0.2416582090653691
571 0.2416586664499183
572 0.2416591221687914
573 0.2416595761080678
574 0.2416600281327431
575 0.2416604781960433
576 0.2416609262629745
577 0.2416613723664291
578 0.2416618166353016
579 0.241662259182781
580 0.2416627000452904
581 0.2416631390999514
582 0.2416635761202769
583 0.2416640110517672
584 0.2416644438717807
585 0.2416648745371701
586 0.2416653030581628
587 0.2416657295381963
588 0.2416661541501811
589 0.2416665770908852
590 0.2416669985517236
591 0.2416674186980093
592 0.2416678376611162
593 0.2416682555762514
594 0.2416686725449043
595 0.2416690885743332
596 0.2416695037988454
597 0.241669918473543
598 0.241670332760647
599 0.2416707466881793
600 0.2416711601576514
601 0.2416715729167354
602 0.2416719845602471
603 0.2416723948743182
604 0.2416728036909788
605 0.2416732109111767
606 0.2416736167094418
607 0.2416740213138587
608 0.241674424865462
609 0.2416748274070504
610 0.2416752288634736
611 0.2416756290293095
612 0.2416760275972998
613 0.2416764243415888
614 0.2416768191718023
615 0.2416772120567685
616 0.2416776030010115
617 0.2416779920385219
618 0.2416783792535361
619 0.2416787647379564
620 0.2416791485584757
621 0.2416795307760771
622 0.2416799114451752
623 0.2416802906100076
624 0.2416806682917713
625 0.2416810445476766
626 0.2416814194893568
627 0.2416817931867269
628 0.2416821656062975
629 0.241682536549125
630 0.2416829057251543
631 0.2416832730624031
632 0.2416836387254343
633 0.2416840028841861
634 0.2416843656252743
635 0.2416847269364841
636 0.2416850867563264
637 0.2416854450448707
638 0.241685801718415
639 0.2416861566086949
640 0.2416865096474846
641 0.2416868609016445
642 0.2416872104681109
643 0.2416875584120888
644 0.2416879047620075
645 0.2416882496164191
646 0.2416885929986858
647 0.2416889349145609
648 0.2416892753827302
649 0.2416896144089465
650 0.2416899519757743
651 0.2416902881217867
652 0.2416906229515095
653 0.2416909566006312
654 0.241691289266102
655 0.2416916202601223
656 0.2416919498955463
657 0.2416922792075266
658 0.2416926085937872
659 0.2416929381010264
660 0.2416932676870663
661 0.2416935973002285
662 0.2416939270246388
663 0.2416942566976091
664 0.2416945860766888
665 0.2416949149282722
666 0.2416952430649321
667 0.2416955703520405
668 0.2416958966863689
669 0.2416962219884458
670 0.2416965461785337
671 0.2416968691189627
672 0.2416971906127731
673 0.2416975105576326
674 0.2416978289926891
675 0.2416981459950064
676 0.2416984616609714
677 0.2416987760108792
678 0.2416990890101643
679 0.2416994006060589
680 0.2416997107027549
681 0.2417000191709445
682 0.2417003257541028
683 0.2417006304348143
684 0.2417009334006888
685 0.2417012348539874
686 0.2417015347867371
687 0.241701833133767
688 0.2417021299675077
689 0.2417024253917008
690 0.2417027195147036
691 0.2417030124429705
692 0.2417033042943777
693 0.241703595157861
694 0.241703885114607
695 0.2417041742855354
696 0.2417044628373882
697 0.2417047509570937
698 0.2417050387763915
699 0.2417053264308123
700 0.2417056140748483
701 0.2417059019699961
702 0.2417061903102831
703 0.241706479165207
704 0.241706768608257
705 0.2417070586027603
706 0.2417073488763893
707 0.2417076391086672
708 0.2417079290062988
709 0.2417082183415585
710 0.241708506945412
711 0.2417087946919766
712 0.2417090814768159
713 0.2417093671185785
714 0.2417096513023956
715 0.2417099339355421
716 0.2417102151659579
717 0.2417104951245813
718 0.2417107738267299
719 0.2417110512280015
720 0.2417113272292633
721 0.2417116017114897
722 0.241711874503451
723 0.2417121453555688
724 0.2417124142877219
725 0.2417126814648611
726 0.2417129471593613
727 0.2417132114816781
728 0.2417134743747675
729 0.2417137359236094
730 0.241713996249867
731 0.2417142554704307
732 0.2417145136996003
733 0.2417147710588715
734 0.2417150276785255
735 0.2417152836917276
736 0.2417155392401059
737 0.2417157944933473
738 0.2417160494607125
739 0.2417163039442194
740 0.2417165580943615
741 0.2417168122682921
742 0.2417170667395813
743 0.2417173216603482
744 0.2417175770473183
745 0.2417178328240476
746 0.2417180890275426
747 0.2417183455379417
748 0.241718602129754
749 0.2417188585726402
750 0.2417191146700755
751 0.2417193702635906
752 0.2417196252195626
753 0.2417198794222093
754 0.2417201324887794
755 0.2417203841815244
756 0.2417206346259877
757 0.241720883963766
758 0.2417211322692631
759 0.2417213794979181
760 0.2417216255465343
761 0.2417218702900495
762 0.2417221135928846
763 0.24172235522056
764 0.2417225951002124
765 0.2417228334170114
766 0.2417230703961365
767 0.2417233061233181
768 0.2417235404524434
769 0.2417237734651086
770 0.2417240052841733
771 0.2417242360337298
772 0.2417244658270087
773 0.2417246947791074
774 0.2417249230075865
775 0.2417251506377726
776 0.2417253777186574
777 0.2417256043636009
778 0.2417258306370312
779 0.2417260563569429
780 0.241726281603766
781 0.2417265067448661
782 0.2417267320692036
783 0.2417269577370085
784 0.2417271837800809
785 0.2417274101320191
786 0.2417276366719771
787 0.2417278632985224
788 0.2417280901042044
789 0.2417283169713695
790 0.2417285437238045
791 0.2417287702100702
792 0.2417289963152012
793 0.2417292219649906
794 0.2417294471008661
795 0.2417296713631697
796 0.2417298944734188
797 0.241730116512742
798 0.2417303376519718
799 0.2417305579750308
800 0.2417307774771254
801 0.2417309960643597
802 0.2417312137188586
803 0.2417314302138762
804 0.241731645105958
805 0.2417318582782175
806 0.2417320697559916
807 0.241732279686324
808 0.2417324882478541
809 0.2417326953592037
810 0.2417329011678099
811 0.2417331058808026
812 0.2417333096760753
813 0.2417335126913186
814 0.2417337149127254
815 0.2417339163684881
816 0.2417341170728539
817 0.2417343171290533
818 0.2417345167142861
819 0.2417347158176666
820 0.2417349142550728
821 0.2417351122268129
822 0.2417353104100178
823 0.2417355092894995
824 0.2417357089741332
825 0.2417359093875804
826 0.2417361103635148
827 0.2417363116987486
828 0.2417365132026932
829 0.241736714816143
830 0.2417369022923402
831 0.241737085262525
832 0.2417372705593065
833 0.2417374598564878
834 0.2417376523340488
835 0.2417378469667134
836 0.2417380429099341
837 0.2417382392879532
838 0.2417384354310315
839 0.2417386311451251
840 0.2417388265388969
841 0.2417390215708877
842 0.2417392161141489
843 0.2417394100271973
844 0.2417396030567367
845 0.2417397946950564
846 0.2417399846693016
847 0.2417401730022488
848 0.2417403597563304
849 0.2417405451177063
850 0.2417407292854575
851 0.241740912172865
852 0.2417410939446284
853 0.2417412748261424
854 0.2417414550090511
855 0.2417416346188891
856 0.2417418136065306
857 0.2417419920563963
858 0.2417421701221893
859 0.2417423479787056
860 0.241742525879267
861 0.2417427035088263
862 0.2417428807829854
863 0.2417430581976135
864 0.2417432362012677
865 0.2417434150712927
866 0.2417435949478429
867 0.2417437757909245
868 0.2417439574423697
869 0.2417441397185179
870 0.2417443227446214
871 0.2417445063639811
872 0.241744690301343
873 0.2417448742358743
874 0.2417450580215117
875 0.2417452415894695
876 0.2417454248573689
877 0.2417456077363367
878 0.2417457898315689
879 0.2417459708075886
880 0.2417461507433181
881 0.2417463298091555
882 0.2417465080821543
883 0.2417466855838279
884 0.2417468621591234
885 0.2417470373703449
886 0.2417472108109859
887 0.241747382507193
888 0.241747552681055
889 0.2417477232736822
890 0.2417478925865358
891 0.2417480607928334
892 0.2417482272382674
893 0.2417483921060888
894 0.2417485556561262
895 0.2417487181764645
896 0.2417488799070933
897 0.2417490410600909
898 0.2417492018515924
899 0.2417493625844593
900 0.2417495235748951
901 0.2417496844789434
902 0.241749845129863
903 0.2417500059949111
904 0.2417501675302747
905 0.2417503300162735
906 0.2417504936246843
907 0.2417506582666259
908 0.2417508237543364
909 0.2417509900569395
910 0.2417511570847094
911 0.2417513245570748
912 0.2417514921412461
913 0.241751659610858
914 0.2417518268203942
915 0.2417519936461467
916 0.2417521599853983
917 0.2417523255041573
918 0.2417524899345117
919 0.2417526533767886
920 0.2417528159998766
921 0.2417529778759692
922 0.2417531389791504
923 0.2417532992464457
924 0.2417534585746849
925 0.2417536166922527
926 0.2417537732752734
927 0.2417539283071536
928 0.241754081953575
929 0.2417542345395106
930 0.2417543861969442
931 0.2417545367441103
932 0.2417546862616054
933 0.2417548349037151
934 0.2417549828204031
935 0.2417551301497444
936 0.2417552770319387
937 0.2417554236145792
938 0.2417555700753145
939 0.241755716673622
940 0.241755863647757
941 0.2417560110761953
942 0.2417561586644804
943 0.2417563063842816
944 0.2417564545718102
945 0.2417566035561999
946 0.2417567535423769
947 0.2417569045318881
948 0.2417570563489789
949 0.2417572089790844
950 0.2417573622781812
951 0.2417575159516287
952 0.2417576697009805
953 0.2417578232830205
954 0.2417579765121382
955 0.2417581290880516
956 0.2417582807395094
957 0.2417584314864127
958 0.241758581468622
959 0.241758730750376
960 0.2417588793176533
961 0.2417590271113364
962 0.2417591740054931
963 0.2417593198391823
964 0.2417594643240446
965 0.2417596072201195
966 0.241759748566997
967 0.2417598885344513
968 0.2417600272775198
969 0.2417601650051095
970 0.2417603017235445
971 0.2417604375604381
972 0.241760572679111
973 0.2417607071837457
974 0.2417608411470685
975 0.2417609746795042
976 0.2417611079173196
977 0.2417612410200317
978 0.2417613741712983
979 0.241761507537578
980 0.2417616412525596
981 0.2417617751489039
982 0.2417619090655361
983 0.2417620432114034
984 0.2417621779153828
985 0.2417623133680548
986 0.2417624495754889
987 0.2417625864193369
988 0.2417627237312663
989 0.2417628615090985
990 0.2417629995744958
991 0.2417631376801403
992 0.2417632756107368
993 0.2417634131543278
994 0.2417635500092901
995 0.2417636860852077
996 0.2417638215324366
997 0.2417639564683539
998 0.2417640909228054
999 0.2417642248572434
1000 0.2417643582182337
1001 0.2417644907938753
1002 0.2417646224078957
1003 0.2417647527274036
1004 0.2417648817341362
1005 0.2417650095018146
1006 0.241765136029009
1007 0.2417652614648166
1008 0.2417653858584287
1009 0.2417655092265316
1010 0.2417656317631935
1011 0.2417657536750364
1012 0.2417658751395827
1013 0.2417659963014874
1014 0.2417661172840403
1015 0.2417662382018711
1016 0.2417663590057753
1017 0.2417664796595121
1018 0.241766600330242
1019 0.2417667211586284
1020 0.2417668421914346
1021 0.2417669632122219
1022 0.2417670841141835
1023 0.2417672052119363
1024 0.2417673268468832
1025 0.2417674491474363
1026 0.2417675720635135
1027 0.2417676954422278
1028 0.2417678190922871
1029 0.241767942934581
1030 0.2417680667732102
1031 0.2417681903643989
1032 0.2417683134310592
1033 0.2417684356538295
1034 0.2417685569365008
1035 0.2417686773007959
1036 0.2417687968994445
1037 0.241768915832033
1038 0.241769034213506
1039 0.2417691520512416
1040 0.2417692692562582
1041 0.241769385617436
1042 0.2417695007999279
1043 0.2417696147684502
1044 0.241769727662258
1045 0.2417698396552952
1046 0.2417699509090487
1047 0.2417700615172833
1048 0.2417701713976418
1049 0.2417702806729237
1050 0.2417703894615842
1051 0.2417704977978928
1052 0.241770605905967
1053 0.2417707139898484
1054 0.241770822226558
1055 0.2417709308409299
1056 0.2417710400543584
1057 0.2417711496644652
1058 0.2417712596077256
1059 0.2417713698016136
1060 0.2417714800979155
1061 0.2417715904322853
1062 0.2417717007819342
1063 0.2417718111898491
1064 0.2417719218738252
1065 0.2417720329180985
1066 0.2417721444275763
1067 0.24177225642914
1068 0.2417723687968121
1069 0.2417724812277526
1070 0.2417725933040287
1071 0.2417727046347665
1072 0.2417728151100536
1073 0.2417729248653528
1074 0.2417730340624467
1075 0.2417731427956884
1076 0.2417732510731869
1077 0.2417733588191395
1078 0.2417734657299588
1079 0.2417735714449458
1080 0.2417736759243536
1081 0.2417737793062594
1082 0.2417738817669837
1083 0.2417739834847446
1084 0.241774084626725
1085 0.2417741852026517
1086 0.2417742852692231
1087 0.2417743849205105
1088 0.2417744842336688
1089 0.2417745834471652
1090 0.241774682751829
1091 0.2417747822918653
1092 0.2417748822410318
1093 0.2417749828027559
1094 0.2417750839856348
1095 0.2417751854956704
1096 0.24177528721037
1097 0.241775389029598
1098 0.2417754908798004
1099 0.2417755927852601
1100 0.2417756947512156
1101 0.2417757967180788
1102 0.2417758986569012
1103 0.2417760006668218
1104 0.241776102838632
1105 0.2417762051331152
1106 0.2417763073979415
1107 0.2417764094278315
1108 0.2417765109586925
1109 0.241776611879002
1110 0.2417767122482046
1111 0.2417768121082355
1112 0.2417769114679448
1113 0.2417770103037971
1114 0.2417771085253566
1115 0.2417772057417505
1116 0.2417773017549911
1117 0.2417773966324129
1118 0.2417774905401839
1119 0.2417775836534651
1120 0.2417776761482368
1121 0.2417777681850903
1122 0.2417778597431182
1123 0.2417779509151715
1124 0.241778041872412
1125 0.2417781327666734
1126 0.2417782236053479
1127 0.2417783145458121
1128 0.2417784057296848
1129 0.2417784972540307
1130 0.2417785890870326
1131 0.2417786813016809
1132 0.2417787738946654
1133 0.2417788667714131
1134 0.2417789598080176
1135 0.2417790529449716
1136 0.2417791461916553
1137 0.2417792395441677
1138 0.2417793329624046
1139 0.2417794263810293
1140 0.2417795198259076
1141 0.241779613358367
1142 0.2417797069411604
1143 0.241779800451237
1144 0.2417798936862614
1145 0.2417799864735293
1146 0.2417800787752538
1147 0.2417801706147765
1148 0.241780261997854
1149 0.2417803529053543
1150 0.2417804432982948
1151 0.2417805330824211
1152 0.2417806218836615
1153 0.2417807095419138
1154 0.2417807961402957
1155 0.2417808818467352
1156 0.2417809668288715
1157 0.2417810512564115
1158 0.2417811358710431
1159 0.2417812193892903
1160 0.2417813020621566
1161 0.241781384631313
1162 0.2417814673660013
1163 0.2417815503658342
1164 0.2417816336465497
1165 0.2417817172030694
1166 0.2417818010335069
1167 0.2417818851417521
1168 0.2417819695242896
1169 0.2417820541860236
1170 0.2417821391282813
1171 0.2417822243208758
1172 0.2417823097351179
1173 0.2417823953350956
1174 0.2417824810796395
1175 0.2417825669245675
1176 0.2417826527922252
1177 0.2417827386406579
1178 0.2417828245030228
1179 0.2417829103869853
1180 0.2417829962150509
1181 0.2417830818087318
1182 0.2417831670051882
1183 0.2417832517548897
1184 0.2417833360582755
1185 0.2417834199038655
1186 0.2417835032645821
1187 0.2417835861022828
1188 0.2417836683508822
1189 0.24178374978505
1190 0.2417838301484848
1191 0.2417839094477107
1192 0.2417839878271019
1193 0.2417840654568873
1194 0.2417841425058904
1195 0.2417842191344566
1196 0.2417842940922879
1197 0.2417843692648973
1198 0.241784444869581
1199 0.241784520702098
1200 0.2417845965635967
1201 0.2417846724055228
1202 0.2417847482875641
1203 0.2417848243059386
1204 0.2417849005489119
1205 0.2417849770728292
1206 0.2417850539089204
1207 0.2417851310664895
1208 0.2417852085358688
1209 0.2417852862918986
1210 0.2417853642975971
1211 0.2417854425083688
1212 0.2417855208758459
1213 0.2417855993497355
1214 0.2417856778541429
1215 0.2417857563520914
1216 0.2417858348577853
1217 0.2417859133507411
1218 0.2417859917251891
1219 0.2417860698193449
1220 0.2417861475405524
1221 0.2417862248683609
1222 0.2417863017835005
1223 0.2417863782562839
1224 0.2417864542492467
1225 0.241786529720608
1226 0.2417866046043699
1227 0.241786678689973
1228 0.2417867517874492
1229 0.2417868239389048
1230 0.2417868952972004
1231 0.2417869660312106
1232 0.2417870363055706
1233 0.241787106256606
1234 0.2417871758391819
1235 0.2417872451719554
1236 0.2417873144031523
1237 0.2417873836481028
1238 0.2417874529868968
1239 0.2417875224783292
1240 0.2417875921696859
1241 0.2417876620979255
1242 0.2417877322909673
1243 0.2417878027683294
1244 0.2417878735393526
1245 0.2417879446017116
1246 0.2417880159415472
1247 0.2417880875346622
1248 0.2417881593480058
1249 0.2417882313415064
1250 0.2417883034719857
1251 0.241788375677345
1252 0.241788447898654
1253 0.2417885201387781
1254 0.2417885924065869
1255 0.2417886646393929
1256 0.2417887366891845
1257 0.2417888083944856
1258 0.2417888796857878
1259 0.2417889505537613
1260 0.241789020987048
1261 0.2417890909633076
1262 0.2417891604514952
1263 0.2417892294155361
1264 0.2417892978035912
1265 0.2417893654645227
1266 0.2417894321986218
1267 0.2417894980361268
1268 0.2417895631300668
1269 0.2417896276535592
1270 0.2417896917646655
1271 0.2417897555518997
1272 0.2417898189951302
1273 0.2417898822183948
1274 0.241789945362262
1275 0.2417900085358923
1276 0.2417900718166922
1277 0.2417901352628844
1278 0.2417901989222907
1279 0.2417902628347294
1280 0.241790327030989
1281 0.2417903915311642
1282 0.2417904563435327
1283 0.2417905214624121
1284 0.2417905868684223
1285 0.2417906525364237
1286 0.2417907184349057
1287 0.2417907845240092
1288 0.2417908507602179
1289 0.2417909170560381
1290 0.2417909833823461
1291 0.241791049774298
1292 0.241791116208253
1293 0.2417911825801447
1294 0.2417912487176565
1295 0.2417913144515828
1296 0.2417913797200994
1297 0.2417914445312131
1298 0.2417915088880034
1299 0.2417915727790118
1300 0.2417916361815041
1301 0.2417916990652048
1302 0.2417917613949923
1303 0.2417918230937877
1304 0.2417918839217265
1305 0.241791943880992
1306 0.2417920031214388
1307 0.2417920618240139
1308 0.241792120141714
1309 0.2417921781461199
1310 0.2417922358229175
1311 0.2417922932854076
1312 0.2417923506682547
1313 0.2417924080800177
1314 0.2417924656032474
1315 0.2417925233039797
1316 0.2417925812335565
1317 0.2417926394285875
1318 0.2417926979219219
1319 0.2417927567405724
1320 0.241792815894788
1321 0.2417928753857525
1322 0.2417929352026905
1323 0.2417929953226636
1324 0.2417930557120992
1325 0.2417931163278141
1326 0.2417931771198601
1327 0.2417932379918538
1328 0.2417932989243429
1329 0.2417933599612618
1330 0.2417934210687244
1331 0.2417934821255363
1332 0.2417935429512325
1333 0.2417936033569894
1334 0.2417936632653019
1335 0.2417937226845394
1336 0.2417937816197821
1337 0.2417938400664476
1338 0.2417938980095228
1339 0.2417939554267596
1340 0.2417940122930581
1341 0.2417940685626475
1342 0.2417941240459828
1343 0.2417941786903714
1344 0.2417942326130542
1345 0.241794285986245
1346 0.2417943389746206
1347 0.2417943916676362
1348 0.241794444039075
1349 0.2417944962026288
1350 0.241794548292337
1351 0.2417946004130483
1352 0.2417946526434786
1353 0.241794705050955
1354 0.2417947576941304
1355 0.2417948106234277
1356 0.2417948638712785
1357 0.2417949174633112
1358 0.2417949714174632
1359 0.2417950257379371
1360 0.2417950804188468
1361 0.2417951354404158
1362 0.2417951907632975
1363 0.2417952463418735
1364 0.2417953021262054
1365 0.2417953580151335
1366 0.2417954139778781
1367 0.2417954700593291
1368 0.2417955262346963
1369 0.2417955823868259
1370 0.2417956383429027
1371 0.2417956938948158
1372 0.2417957489440341
1373 0.2417958035036495
1374 0.2417958575869925
1375 0.2417959111903943
1376 0.2417959642962839
1377 0.2417960168789081
1378 0.2417960689097836
1379 0.2417961203533135
1380 0.2417961710998716
1381 0.241796221014826
1382 0.2417962701640217
1383 0.2417963187147345
1384 0.2417963668445615
1385 0.2417964146761334
1386 0.2417964621578051
1387 0.2417965093917722
1388 0.2417965565146846
1389 0.2417966036444961
1390 0.2417966508744047
1391 0.2417966982802291
1392 0.2417967459255504
1393 0.2417967938632377
1394 0.2417968421339598
1395 0.2417968907750349
1396 0.2417969397957054
1397 0.2417969891954255
1398 0.2417970389601967
1399 0.2417970890651478
1400 0.2417971394754928
1401 0.2417971901451605
1402 0.2417972410502817
1403 0.2417972921276374
1404 0.2417973433349263
1405 0.241797394689802
1406 0.241797446180344
1407 0.2417974977070566
1408 0.2417975491100207
1409 0.2417976001687578
1410 0.2417976507678848
1411 0.2417977009173102
1412 0.2417977506259869
1413 0.2417977998870536
1414 0.2417978486813173
1415 0.2417978969821846
1416 0.2417979447607812
1417 0.2417979919913607
1418 0.2417980386293823
1419 0.2417980845140499
1420 0.2417981296447197
1421 0.2417981741608589
1422 0.2417982182392251
1423 0.2417982620146107
1424 0.2417983054300999
1425 0.2417983485784484
1426 0.2417983915914277
1427 0.241798434577278
1428 0.2417984775926635
1429 0.2417985207007792
1430 0.2417985639477919
1431 0.2417986073734583
1432 0.2417986510111432
1433 0.2417986948861064
1434 0.2417987390148939
1435 0.2417987834069356
1436 0.241798828067671
1437 0.2417988730023115
1438 0.2417989182211854
1439 0.2417989636908766
1440 0.2417990093816333
1441 0.2417990552546591
1442 0.2417991012607856
1443 0.2417991474179408
1444 0.2417991937659604
1445 0.2417992402626639
1446 0.2417992867885272
1447 0.2417993331413167
1448 0.2417993791992914
1449 0.2417994249516013
1450 0.2417994703873578
1451 0.2417995154849796
1452 0.24179956021387
1453 0.2417996045370562
1454 0.2417996484132599
1455 0.2417996918020911
1456 0.2417997346621366
1457 0.2417997769078748
1458 0.241799818457197
1459 0.2417998593931109
1460 0.2417998998737143
1461 0.2417999400188774
1462 0.2417999797930547
1463 0.2418000192271183
1464 0.2418000583954702
1465 0.2418000973702758
1466 0.2418001362117417
1467 0.2418001749704435
1468 0.2418002136877775
1469 0.2418002523959472
1470 0.2418002911182108
1471 0.241800329875601
1472 0.241800368706595
1473 0.241800407639651
1474 0.2418004466812819
1475 0.2418004858217015
1476 0.2418005250488943
1477 0.241800564383983
1478 0.2418006038658471
1479 0.2418006435352912
1480 0.2418006833947556
1481 0.2418007234603839
1482 0.2418007637945573
1483 0.2418008043987973
1484 0.2418008451871204
1485 0.241800885989262
1486 0.241800926699452
1487 0.2418009673044991
1488 0.2418010077862384
1489 0.2418010481070862
1490 0.2418010882143668
1491 0.2418011280475588
1492 0.2418011675447967
1493 0.2418012066490117
1494 0.2418012453128393
1495 0.2418012834863914
1496 0.2418013210544012
1497 0.2418013580412663
1498 0.2418013945399568
1499 0.2418014305981651
1500 0.2418014661556225
1501 0.241801501239104
1502 0.2418015359094932
1503 0.2418015702277883
1504 0.2418016042450122
1505 0.2418016380023914
1506 0.2418016715794191
1507 0.241801705074996
1508 0.2418017385652338
1509 0.2418017720908805
1510 0.2418018056689985
1511 0.241801839305974
1512 0.2418018730023039
1513 0.2418019067613162
1514 0.2418019405850161
1515 0.2418019744735756
1516 0.2418020084249697
1517 0.2418020424415866
1518 0.2418020765397023
1519 0.241802110791919
1520 0.2418021453093249
1521 0.2418021801386019
1522 0.2418022152332374
1523 0.2418022504501875
1524 0.2418022856781604
1525 0.2418023208888638
1526 0.2418023560631491
1527 0.2418023911654453
1528 0.2418024261481905
1529 0.2418024609551838
1530 0.2418024955262731
1531 0.241802529803184
1532 0.2418025637050958
1533 0.2418025971525512
1534 0.2418026300442134
1535 0.2418026623142897
1536 0.2418026940085926
1537 0.2418027251577508
1538 0.2418027557097019
1539 0.2418027856689332
1540 0.2418028150649072
1541 0.2418028439891237
1542 0.2418028725740106
1543 0.2418029009373217
1544 0.2418029291596913
1545 0.2418029572956649
1546 0.241802985387841
1547 0.2418030134749641
1548 0.2418030415931453
1549 0.2418030697749617
1550 0.2418030980484353
1551 0.2418031264365562
1552 0.241803154957154
1553 0.2418031836224532
1554 0.2418032124386976
1555 0.24180324140554
1556 0.2418032704947443
1557 0.2418032996930111
1558 0.2418033290335057
1559 0.2418033585483517
1560 0.2418033882100256
1561 0.2418034178848503
1562 0.2418034474686955
1563 0.241803476931067
1564 0.2418035062354404
1565 0.2418035353283395
1566 0.2418035641426917
1567 0.2418035926022722
1568 0.241803620626958
1569 0.2418036481386636
1570 0.2418036750648082
1571 0.2418037013427274
1572 0.2418037269228665
1573 0.2418037517915179
1574 0.2418037760067767
1575 0.2418037996519107
1576 0.2418038228074785
1577 0.2418038455454552
1578 0.2418038679394346
1579 0.2418038900684584
1580 0.2418039120172508
1581 0.2418039338748049
1582 0.2418039557244835
1583 0.2418039776464904
1584 0.2418039997135603
1585 0.2418040219882208
1586 0.241804044520719
1587 0.2418040673476839
1588 0.241804090491631
1589 0.2418041139613764
1590 0.241804137753061
1591 0.2418041618515996
1592 0.2418041862330493
1593 0.2418042108655611
1594 0.2418042357072868
1595 0.241804260693281
1596 0.2418042858049533
1597 0.2418043110464486
1598 0.2418043363519535
1599 0.2418043615648183
1600 0.2418043865610158
1601 0.2418044111560779
1602 0.2418044353509526
1603 0.2418044591869394
1604 0.2418044826971991
1605 0.2418045058849111
1606 0.2418045287256891
1607 0.2418045511805981
1608 0.2418045732075652
1609 0.2418045947691696
1610 0.2418046158380657
1611 0.2418046363816466
1612 0.2418046563114206
1613 0.241804675662382
1614 0.2418046945191651
1615 0.2418047129791875
1616 0.241804731141098
1617 0.2418047491022429
1618 0.241804766957254
1619 0.2418047847965915
1620 0.2418048027050871
1621 0.2418048207603921
1622 0.2418048390298783
1623 0.2418048575688102
1624 0.2418048764191565
1625 0.2418048956084925
1626 0.2418049151499604
1627 0.2418049350431733
1628 0.2418049552757618
1629 0.2418049758252456
1630 0.2418049966607538
1631 0.2418050177449256
1632 0.2418050390352411
1633 0.2418050604737237
1634 0.2418050820167567
1635 0.2418051034860371
1636 0.2418051248420639
1637 0.2418051460802382
1638 0.2418051672187186
1639 0.241805188284129
1640 0.2418052092855141
1641 0.2418052302137129
1642 0.2418052510454512
1643 0.2418052717527023
1644 0.2418052923034315
1645 0.2418053126566017
1646 0.2418053327676564
1647 0.2418053525938343
1648 0.2418053720972624
1649 0.2418053912474977
1650 0.2418054100239324
1651 0.2418054284170778
1652 0.2418054464292254
1653 0.2418054640807977
1654 0.2418054813372513
1655 0.2418054982016109
1656 0.2418055147610014
1657 0.241805531121123
1658 0.2418055473800866
1659 0.2418055636225009
1660 0.2418055799188999
1661 0.241805596361392
1662 0.2418056130062783
1663 0.2418056298898869
1664 0.2418056470353705
1665 0.2418056644578222
1666 0.241805682165211
1667 0.2418057001567754
1668 0.2418057184204788
1669 0.2418057368196048
1670 0.2418057553133076
1671 0.2418057739346573
1672 0.2418057927289859
1673 0.2418058117533597
1674 0.2418058310207282
1675 0.2418058505189425
1676 0.241805870245227
1677 0.2418058901892514
1678 0.2418059103299895
1679 0.2418059306355449
1680 0.2418059510633452
1681 0.2418059715612675
1682 0.2418059920692385
1683 0.2418060125219532
1684 0.2418060328516104
1685 0.2418060529927034
1686 0.2418060728861304
1687 0.2418060924821716
1688 0.2418061117435552
1689 0.2418061306474312
1690 0.2418061491861756
1691 0.2418061673670148
1692 0.2418061852106559
1693 0.2418062027491001
1694 0.2418062200227752
1695 0.2418062370775313
1696 0.2418062539617612
1697 0.2418062707245992
1698 0.2418062874128996
1699 0.2418063040690997
1700 0.2418063207308901
1701 0.2418063374315713
1702 0.2418063542007983
1703 0.2418063710655813
1704 0.241806388051441
1705 0.241806405183499
1706 0.2418064224877123
1707 0.2418064399909528
1708 0.2418064577195477
1709 0.2418064756836569
1710 0.2418064939324023
1711 0.2418065125330394
1712 0.2418065314779392
1713 0.2418065507169426
1714 0.2418065702272953
1715 0.2418065900029497
1716 0.2418066100267904
1717 0.2418066302654024
1718 0.2418066506696914
1719 0.2418066711768473
1720 0.2418066917137324
1721 0.241806712201279
1722 0.2418067325602407
1723 0.2418067527157557
1724 0.2418067726018812
1725 0.2418067921652143
1726 0.2418068113675019
1727 0.2418068301870319
1728 0.2418068486188471
1729 0.2418068666737752
1730 0.2418068843764768
1731 0.241806901763084
1732 0.2418069188779757
1733 0.241806935770517
1734 0.2418069524919214
1735 0.2418069690925248
1736 0.2418069856198237
1737 0.2418070021170527
1738 0.2418070186227343
1739 0.2418070351714434
1740 0.2418070517941474
1741 0.2418070685186395
1742 0.241807085371706
1743 0.2418071023794839
1744 0.2418071195650651
1745 0.2418071369318986
1746 0.2418071545032318
1747 0.2418071723615068
1748 0.2418071905831679
1749 0.2418072091763866
1750 0.2418072280619213
1751 0.2418072471574044
1752 0.2418072664485336
1753 0.2418072859463817
1754 0.2418073056469557
1755 0.2418073255249674
1756 0.2418073455351266
1757 0.2418073656158978
1758 0.241807385694671
1759 0.2418074056935073
1760 0.241807425533349
1761 0.2418074451295364
1762 0.2418074644098079
1763 0.2418074833791297
1764 0.241807501982896
1765 0.2418075202005252
1766 0.2418075380366235
1767 0.2418075555118112
1768 0.2418075726580915
1769 0.2418075895162181
1770 0.2418076061332745
1771 0.241807622560564
1772 0.2418076388643347
1773 0.2418076551647047
1774 0.2418076714871438
1775 0.2418076878382761
1776 0.2418077042296239
1777 0.2418077206813384
1778 0.2418077372196615
1779 0.2418077538737522
1780 0.2418077706733689
1781 0.2418077876477142
1782 0.2418078048030183
1783 0.2418078221670823
1784 0.2418078398301651
1785 0.2418078578712088
1786 0.2418078762936278
1787 0.2418078950371819
1788 0.2418079139688286
1789 0.2418079330233022
1790 0.2418079522283881
1791 0.2418079716067703
1792 0.241807991155794
1793 0.2418080108470293
1794 0.2418080306304948
1795 0.2418080504399027
1796 0.2418080701991245
1797 0.2418080898287178
1798 0.2418081092435987
1799 0.2418081283271794
1800 0.2418081470742322
1801 0.2418081654911071
1802 0.2418081835151957
1803 0.2418082011334214
1804 0.2418082183617632
1805 0.2418082352300692
1806 0.2418082517761737
1807 0.2418082680451026
1808 0.2418082840818089
1809 0.2418082998578139
1810 0.2418083152925322
1811 0.2418083305172574
1812 0.2418083456816692
1813 0.2418083608968077
1814 0.2418083762298338
1815 0.2418083917214327
1816 0.241808407403456
1817 0.2418084232843863
1818 0.2418084393634035
1819 0.2418084556114812
1820 0.2418084720468499
1821 0.2418084887703133
1822 0.2418085058810908
1823 0.2418085233954381
1824 0.2418085412554284
1825 0.2418085593490012
1826 0.241808577567438
1827 0.2418085958927148
1828 0.2418086143597147
1829 0.2418086329864854
1830 0.2418086517627291
1831 0.2418086706524786
1832 0.2418086895996123
1833 0.2418087085344717
1834 0.24180872738056
1835 0.2418087460539159
1836 0.2418087644398274
1837 0.241808782501791
1838 0.2418088002651518
1839 0.2418088176686493
1840 0.2418088346863808
1841 0.2418088513339555
1842 0.2418088676408383
1843 0.2418088836414799
1844 0.2418088993734574
1845 0.2418089148782289
1846 0.2418089302015666
1847 0.2418089453925464
1848 0.2418089605014015
1849 0.2418089755769737
1850 0.2418089906645925
1851 0.2418090058047971
1852 0.2418090210330735
1853 0.2418090363804655
1854 0.2418090518746448
1855 0.2418090675411892
1856 0.2418090833860502
1857 0.2418090994179192
1858 0.2418091157223646
1859 0.2418091324012318
1860 0.2418091494778983
1861 0.2418091668983632
1862 0.2418091845686439
1863 0.2418092023456911
1864 0.2418092201741562
1865 0.2418092380987782
1866 0.241809256155673
1867 0.2418092743513217
1868 0.2418092926632482
1869 0.2418093110453534
1870 0.2418093294335944
1871 0.24180934775391
1872 0.2418093659253568
1873 0.2418093838431108
1874 0.2418094014302345
1875 0.2418094186997524
1876 0.2418094356384543
1877 0.2418094521920771
1878 0.2418094683571068
1879 0.2418094841564339
1880 0.2418094996244852
1881 0.241809514802489
1882 0.2418095297370803
1883 0.2418095444787653
1884 0.2418095590798255
1885 0.2418095735906959
1886 0.2418095880567924
1887 0.2418096025227703
1888 0.2418096170286803
1889 0.2418096316106159
1890 0.2418096463009583
1891 0.2418096611289127
1892 0.2418096761211578
1893 0.2418096912895494
1894 0.2418097066306562
1895 0.2418097222206999
1896 0.2418097381727413
1897 0.2418097545225094
1898 0.2418097712201075
1899 0.2418097881681726
1900 0.2418098052354928
1901 0.2418098223296669
1902 0.2418098394586771
1903 0.2418098566687926
1904 0.2418098739833034
1905 0.2418098913943744
1906 0.2418099088671916
1907 0.2418099263463294
1908 0.2418099437633555
1909 0.2418099610439027
1910 0.2418099781034377
1911 0.2418099948260097
1912 0.2418100112095656
1913 0.2418100272774953
1914 0.2418100429600498
1915 0.2418100582437931
1916 0.2418100731471964
1917 0.2418100877026532
1918 0.2418101019501595
1919 0.2418101159335206
1920 0.2418101297029614
1921 0.2418101433136007
1922 0.241810156820869
1923 0.2418101702809301
1924 0.2418101837414052
1925 0.2418101972421906
1926 0.2418102108194695
1927 0.2418102245061604
1928 0.2418102383318725
1929 0.2418102523233601
1930 0.2418102664973658
1931 0.2418102808390798
1932 0.2418102954160442
1933 0.2418103103520531
1934 0.2418103256951497
1935 0.2418103414028658
1936 0.2418103573790424
1937 0.2418103735054921
1938 0.2418103896590416
1939 0.2418104058163678
1940 0.2418104220320962
1941 0.2418104383436034
1942 0.2418104547555622
1943 0.2418104712427484
1944 0.2418104877569758
1945 0.2418105042334761
1946 0.2418105205998454
1947 0.2418105367750639
1948 0.2418105526433226
1949 0.2418105681783528
1950 0.2418105834096562
1951 0.2418105982773294
1952 0.2418106127560913
1953 0.241810626858301
1954 0.241810640613805
1955 0.2418106540613688
1956 0.2418106672461673
1957 0.2418106802181779
1958 0.2418106930303515
1959 0.2418107057363937
1960 0.2418107183885462
1961 0.2418107310357382
1962 0.2418107437224122
1963 0.2418107564879768
1964 0.2418107693668448
1965 0.2418107823890135
1966 0.241810795580861
1967 0.2418108089649653
1968 0.2418108225134949
1969 0.241810836282352
1970 0.2418108504053501
1971 0.2418108649430596
1972 0.2418108798586951
1973 0.2418108950563885
1974 0.2418109104237116
1975 0.2418109258195744
1976 0.2418109411943188
1977 0.2418109566004032
1978 0.2418109720850417
1979 0.2418109876632032
1980 0.2418110033181689
1981 0.2418110190073827
1982 0.241811034670367
1983 0.2418110502374256
1984 0.2418110656293752
1985 0.2418110807320792
1986 0.241811095498474
1987 0.241811109952858
1988 0.241811124065007
1989 0.2418111377919098
1990 0.241811151139035
1991 0.2418111641348942
1992 0.2418111768179989
1993 0.2418111892332698
1994 0.2418112014303372
1995 0.2418112134619606
1996 0.2418112253819495
1997 0.241811237242983
1998 0.2418112490947575
1999 0.2418112609826358
2000 0.241811272946894
