"drag-rfile"
"Iteration" "drag"
("Iteration" "drag")
1 0.04108911391473706
2 0.04108893555150869
3 0.04108899054714794
4 0.04108907162720004
5 0.04108918115229693
6 0.04108928072093932
7 0.04108936173052587
8 0.04108941886358454
9 0.04108943858762865
10 0.04108942129886398
11 0.04108936926560987
12 0.04108930249511083
13 0.04108922760499468
14 0.04108915139206987
15 0.04108907950816482
16 0.04108901566399399
17 0.04108896136385824
18 0.0410889172032984
19 0.04108888222728115
20 0.0410888545484786
21 0.04108883272447063
22 0.04108881438358067
23 0.04108879730029217
24 0.04108877966936221
25 0.04108876011444602
26 0.04108873783488064
27 0.04108871257177135
28 0.04108868454365116
29 0.04108865443461609
30 0.04108862320076222
31 0.04108859194403246
32 0.04108856157682481
33 0.04108853289990531
34 0.04108850642462613
35 0.04108848235839584
36 0.04108846002045181
37 0.04108843923065209
38 0.04108841951379227
39 0.0410883999372695
40 0.0410883795406038
41 0.04108835730849995
42 0.04108833283751436
43 0.04108830596410741
44 0.04108827670820406
45 0.04108824542178354
46 0.04108821255073467
47 0.04108817867717959
48 0.04108814453187894
49 0.0410881109152979
50 0.04108807833701275
51 0.04108804734370865
52 0.04108801839410709
53 0.04108799174570561
54 0.04108796729523396
55 0.0410879444245621
56 0.04108792306560401
57 0.04108790341907087
58 0.0410878847781812
59 0.04108786645206528
60 0.04108784823534853
61 0.04108782864129566
62 0.04108780856973483
63 0.04108778752269475
64 0.04108776423273578
65 0.04108773913142209
66 0.04108771348546708
67 0.04108768623633519
68 0.04108765801029702
69 0.041087629218213
70 0.0410876003436849
71 0.0410875717626034
72 0.04108754430892806
73 0.04108751740170319
74 0.04108749126795357
75 0.04108746607332336
76 0.04108744188593114
77 0.0410874187106458
78 0.04108739677591593
79 0.04108737538374792
80 0.04108735440045255
81 0.04108733358794951
82 0.0410873134932468
83 0.04108729376293174
84 0.04108727404921908
85 0.04108725371108837
86 0.04108723233766678
87 0.04108721074293622
88 0.04108718868126372
89 0.04108716616241304
90 0.04108714327311504
91 0.04108712021786242
92 0.04108709709943159
93 0.04108707403198412
94 0.04108705090837603
95 0.04108702763777063
96 0.04108700413048631
97 0.04108698031333806
98 0.04108695605820599
99 0.04108693257766267
100 0.04108690976891432
101 0.04108688721784323
102 0.04108686521030949
103 0.04108684359027166
104 0.04108682256977823
105 0.04108680150745177
106 0.04108678056310572
107 0.04108675970392715
108 0.04108673877288867
109 0.04108671774578412
110 0.04108669691897418
111 0.04108667614136699
112 0.04108665514907063
113 0.04108663392149439
114 0.04108661258107538
115 0.04108659158332979
116 0.04108657118025889
117 0.04108655039087029
118 0.04108652933900836
119 0.04108650810471571
120 0.04108648743525004
121 0.04108646710280452
122 0.04108644710281465
123 0.04108642710959021
124 0.04108640719598638
125 0.04108638716163073
126 0.04108636672503828
127 0.04108634601293173
128 0.04108632511975181
129 0.0410863042853334
130 0.041086283539683
131 0.04108626299093273
132 0.04108624272393777
133 0.04108622259605559
134 0.04108620276710842
135 0.04108618311410198
136 0.04108616377436981
137 0.04108614456637661
138 0.04108612505227181
139 0.04108610568730128
140 0.04108608636876971
141 0.04108606698992631
142 0.04108604754063876
143 0.04108602792107959
144 0.04108600848681622
145 0.04108598900695293
146 0.04108596955069167
147 0.04108595009514077
148 0.04108593069384917
149 0.04108591137791887
150 0.04108589215385256
151 0.04108587353595197
152 0.04108585524164077
153 0.04108583685619882
154 0.0410858184033794
155 0.04108579983158173
156 0.04108578114239918
157 0.04108576239122274
158 0.04108574366739621
159 0.04108572463693491
160 0.0410857051502091
161 0.04108568574647452
162 0.04108566634783106
163 0.04108564759574465
164 0.04108562905041415
165 0.04108561072395261
166 0.04108559232298031
167 0.0410855738671308
168 0.04108555537056196
169 0.04108553671917776
170 0.04108551811079218
171 0.04108549951557565
172 0.04108548100085807
173 0.0410854625565871
174 0.04108544419177371
175 0.04108542602230023
176 0.04108540816851514
177 0.04108539044611185
178 0.04108537266375552
179 0.04108535485787363
180 0.04108533708125522
181 0.04108531939441216
182 0.04108530178634087
183 0.04108528436432065
184 0.04108526709348877
185 0.04108524975679547
186 0.04108523243639803
187 0.04108521510039718
188 0.04108519771043511
189 0.04108518047772249
190 0.0410851632836732
191 0.04108514619098298
192 0.04108512907822934
193 0.04108511200211608
194 0.04108509496766773
195 0.04108507817852231
196 0.04108506132969741
197 0.0410850443227607
198 0.0410850275316049
199 0.04108501056523385
200 0.04108499376741352
201 0.04108497678089619
202 0.04108495994640968
203 0.0410849429545256
204 0.04108492607312263
205 0.04108490907046519
206 0.04108489217107995
207 0.0410848752365956
208 0.04108485832031365
209 0.04108484146770057
210 0.04108482512359291
211 0.04108480940760244
212 0.04108479323610404
213 0.04108477702189892
214 0.04108476072770641
215 0.04108474455848123
216 0.04108472821489801
217 0.04108471203632789
218 0.04108469572665323
219 0.04108467916438673
220 0.04108466242723411
221 0.04108464557670093
222 0.04108462848032238
223 0.04108461154821933
224 0.04108459515087411
225 0.04108457928060837
226 0.04108456306126736
227 0.04108454704422333
228 0.04108453140353201
229 0.04108451590870348
230 0.04108450037342834
231 0.04108448437221347
232 0.04108446842054894
233 0.04108445244591324
234 0.04108443700392692
235 0.04108442171827565
236 0.04108440613269076
237 0.04108438999337896
238 0.04108437380973352
239 0.04108435754719584
240 0.04108434114726356
241 0.04108432501483831
242 0.04108430862656518
243 0.04108429215354746
244 0.04108427597191079
245 0.04108426004721713
246 0.04108424412892971
247 0.0410842287173834
248 0.04108421360038682
249 0.04108419827288553
250 0.04108418322758937
251 0.04108416819813154
252 0.0410841533665972
253 0.04108413834291959
254 0.04108412254338638
255 0.04108410642276673
256 0.04108409041113636
257 0.04108407471099235
258 0.0410840593383334
259 0.0410840442923059
260 0.04108402937845704
261 0.04108401468845826
262 0.04108400003814961
263 0.04108398556916831
264 0.04108397113812736
265 0.04108395694013215
266 0.04108394296008893
267 0.04108392928717944
268 0.04108391581040147
269 0.04108390174313162
270 0.04108388727075966
271 0.04108387238015491
272 0.04108385745462155
273 0.04108384247795484
274 0.04108382782297944
275 0.04108381332081477
276 0.04108379893341461
277 0.04108378478432855
278 0.0410837706381524
279 0.0410837564087588
280 0.0410837421816582
281 0.04108372787228397
282 0.04108371352938094
283 0.04108369929192644
284 0.04108368506624714
285 0.041083667114931
286 0.041083649650384
287 0.04108363222025808
288 0.04108361500131948
289 0.04108359854913998
290 0.04108358271321508
291 0.04108356768237544
292 0.04108355360823345
293 0.04108354006275718
294 0.04108352728901667
295 0.04108351669440616
296 0.04108350590191559
297 0.04108349508434323
298 0.04108348410260949
299 0.04108347299870394
300 0.04108346179907011
301 0.04108345073866156
302 0.04108343558310561
303 0.04108342025839348
304 0.0410834047346345
305 0.04108338941371548
306 0.04108337420512007
307 0.04108335905617866
308 0.04108334426694723
309 0.041083329864727
310 0.04108331586584818
311 0.04108330224066111
312 0.04108328887614762
313 0.04108327572534394
314 0.04108326271324601
315 0.04108324977913122
316 0.04108323678767679
317 0.04108322384826478
318 0.04108321086766447
319 0.04108319781307817
320 0.04108318474121291
321 0.04108317161881929
322 0.04108315849453789
323 0.04108314543421823
324 0.04108313222667464
325 0.04108311890944819
326 0.04108310554295734
327 0.04108309217441686
328 0.04108307887326933
329 0.04108306581104579
330 0.04108305296858938
331 0.04108304030188484
332 0.04108302758883916
333 0.04108301512139182
334 0.04108300278349379
335 0.0410829905031366
336 0.0410829782735078
337 0.04108296602207972
338 0.04108295373181351
339 0.0410829410927912
340 0.04108292751164042
341 0.04108291379288949
342 0.04108290000050583
343 0.04108288635871522
344 0.04108287243647148
345 0.04108285870705803
346 0.04108284523096876
347 0.04108283209991392
348 0.04108281945529278
349 0.04108280720432329
350 0.04108279534541687
351 0.04108278356031914
352 0.04108277195699116
353 0.04108276026517335
354 0.04108274863530659
355 0.04108273696483077
356 0.04108272518543807
357 0.04108271322985165
358 0.04108270078481559
359 0.04108268838334348
360 0.04108267588304456
361 0.04108266336477229
362 0.04108265102102877
363 0.04108263880161905
364 0.04108262660526751
365 0.0410826144801759
366 0.04108260238700105
367 0.04108259037887968
368 0.04108257847756543
369 0.04108256663388511
370 0.04108255475358771
371 0.04108254280966277
372 0.04108253090352671
373 0.04108251903563395
374 0.04108250720606152
375 0.04108249534695876
376 0.04108248350136417
377 0.04108247161480971
378 0.04108245972334074
379 0.04108244757057661
380 0.04108243556391988
381 0.04108242368370782
382 0.0410824119313772
383 0.04108240030698929
384 0.04108238882442158
385 0.04108237749134385
386 0.04108236622914301
387 0.04108235499864601
388 0.04108234372838051
389 0.04108233240688791
390 0.04108232102473177
391 0.04108230957672666
392 0.04108229822395848
393 0.04108228681566441
394 0.04108227517023389
395 0.04108226346555947
396 0.04108225173096177
397 0.04108224011622011
398 0.04108222859731451
399 0.04108221708157529
400 0.04108220561252611
401 0.04108219440858857
402 0.0410821833926863
403 0.04108217251106656
404 0.04108216170984727
405 0.04108215093794466
406 0.04108214005834866
407 0.04108212888717353
408 0.04108211751379776
409 0.04108210600414179
410 0.04108209457619846
411 0.04108208320814914
412 0.04108207192466717
413 0.04108206073811877
414 0.0410820496572744
415 0.04108203869962967
416 0.04108202784600619
417 0.04108201699460409
418 0.041082005970353
419 0.04108199498307378
420 0.04108198389767535
421 0.04108197277077671
422 0.04108196177181438
423 0.04108195085630428
424 0.04108193999762608
425 0.04108192914434944
426 0.04108191837757788
427 0.04108190767792187
428 0.04108189700995854
429 0.04108188627777559
430 0.04108187551494846
431 0.04108186474130665
432 0.04108185399049024
433 0.04108184338790032
434 0.04108183289722128
435 0.04108182249618118
436 0.04108181216472452
437 0.04108180187576908
438 0.04108179160653963
439 0.04108178133540716
440 0.04108177104028714
441 0.04108176072628282
442 0.0410817503855509
443 0.04108174001800791
444 0.0410817296816743
445 0.04108171936198186
446 0.04108170900229222
447 0.04108169862329916
448 0.04108168823398822
449 0.04108167784600639
450 0.04108166746801589
451 0.04108165710948451
452 0.04108164677823883
453 0.04108163644961804
454 0.04108162620890769
455 0.04108161605178307
456 0.04108160595516707
457 0.04108159587930316
458 0.04108158582644632
459 0.04108157578187379
460 0.0410815657558164
461 0.04108155573529789
462 0.04108154571537796
463 0.04108153569530851
464 0.04108152567855118
465 0.04108151567150688
466 0.0410815056832888
467 0.04108149571909035
468 0.04108148576689475
469 0.04108147583334953
470 0.04108146592419882
471 0.04108145606232153
472 0.04108144623889268
473 0.04108143644807143
474 0.04108142665999756
475 0.04108141684104619
476 0.04108140700821408
477 0.04108139716659712
478 0.04108138732646192
479 0.04108137749891563
480 0.04108136771344269
481 0.04108135796920336
482 0.0410813482689742
483 0.04108133861306926
484 0.04108132899995241
485 0.04108131942412412
486 0.04108130988132029
487 0.04108130036264927
488 0.04108129081714629
489 0.04108128130857758
490 0.04108127182329684
491 0.04108126235772482
492 0.04108125290879522
493 0.04108124341463572
494 0.04108123395098107
495 0.04108122450997907
496 0.0410812150903057
497 0.04108120565873018
498 0.04108119625130714
499 0.04108118686868552
500 0.04108117756760696
501 0.04108116832126951
502 0.04108115916013762
503 0.04108115005286646
504 0.04108114093053052
505 0.04108113183691908
506 0.04108112274816304
507 0.04108111364969564
508 0.04108110453187953
509 0.0410810953903476
510 0.04108108622683617
511 0.04108107699871629
512 0.04108106773142568
513 0.04108105844688363
514 0.04108104916249387
515 0.04108103993585141
516 0.04108103076792673
517 0.04108102159700198
518 0.04108101242233091
519 0.0410810032725554
520 0.04108099416831289
521 0.04108098511609042
522 0.0410809761144297
523 0.04108096714358508
524 0.04108095824389254
525 0.04108094939421958
526 0.04108094057997947
527 0.04108093178816728
528 0.04108092303869279
529 0.04108091430843497
530 0.04108090558694388
531 0.04108089687072219
532 0.0410808881525794
533 0.0410808793550215
534 0.04108087051666226
535 0.04108086166133479
536 0.0410808528042931
537 0.04108084395768621
538 0.04108083513078101
539 0.04108082633495556
540 0.04108081757435941
541 0.04108080884902984
542 0.04108080013892158
543 0.04108079149628698
544 0.0410807828842303
545 0.0410807743008985
546 0.04108076571691357
547 0.04108075722823058
548 0.04108074878772929
549 0.0410807403910386
550 0.04108073201550668
551 0.04108072361762569
552 0.04108071517247702
553 0.04108070669098132
554 0.04108069819233048
555 0.04108068967419824
556 0.04108068114752292
557 0.04108067262418082
558 0.04108066410980833
559 0.04108065561830815
560 0.04108064716579169
561 0.04108063877309607
562 0.0410806304086859
563 0.04108062207751626
564 0.0410806137766943
565 0.04108060550253508
566 0.04108059724948238
567 0.04108058901226253
568 0.04108058081820447
569 0.04108057265265513
570 0.04108056451631795
571 0.04108055639823036
572 0.04108054830149475
573 0.04108054021456865
574 0.04108053209072007
575 0.04108052399678461
576 0.04108051590573417
577 0.04108050781519891
578 0.04108049967374302
579 0.04108049156452973
580 0.04108048346232988
581 0.04108047537452318
582 0.04108046726463089
583 0.04108045919041229
584 0.04108045113634505
585 0.0410804430821619
586 0.04108043505930661
587 0.04108042704655837
588 0.04108041907507566
589 0.04108041115380972
590 0.04108040325795752
591 0.04108039536225332
592 0.04108038749653218
593 0.04108037963177815
594 0.04108037174204986
595 0.04108036388119423
596 0.04108035602657863
597 0.04108034816241209
598 0.04108034033504709
599 0.04108033252119683
600 0.04108032472542138
601 0.04108031694919203
602 0.04108030918374156
603 0.0410803014057365
604 0.04108029361600445
605 0.04108028584540202
606 0.04108027809413611
607 0.04108027037239674
608 0.04108026267630108
609 0.04108025500302964
610 0.0410802473434714
611 0.04108023970688481
612 0.04108023208673672
613 0.04108022448238464
614 0.04108021688086608
615 0.04108020928136304
616 0.04108020168354121
617 0.04108019409037213
618 0.04108018650194017
619 0.04108017889077652
620 0.04108017131234421
621 0.04108016375181161
622 0.04108015619552428
623 0.04108014870417234
624 0.0410801412545314
625 0.0410801338259382
626 0.041080126438959
627 0.04108011907180428
628 0.04108011169206755
629 0.04108010433759219
630 0.04108009698550864
631 0.04108008959952092
632 0.04108008223194443
633 0.04108007486320649
634 0.041080067462417
635 0.04108006008533449
636 0.04108005271626513
637 0.04108004533339538
638 0.04108003798239694
639 0.04108003064919004
640 0.04108002333793859
641 0.04108001603173275
642 0.04108000876390459
643 0.04108000150142385
644 0.0410799942524056
645 0.04107998698758002
646 0.0410799797630292
647 0.04107997256395756
648 0.0410799653938879
649 0.04107995824834931
650 0.0410799511026979
651 0.04107994397430397
652 0.04107993685474281
653 0.04107992974230172
654 0.04107992263614894
655 0.04107991553617946
656 0.04107990844321067
657 0.0410799013573322
658 0.04107989427992807
659 0.04107988717935226
660 0.04107988006953552
661 0.04107987296042769
662 0.04107986589240401
663 0.04107985885848529
664 0.04107985184913875
665 0.04107984486429368
666 0.04107983790161485
667 0.0410798309500081
668 0.04107982402054881
669 0.04107981710523743
670 0.04107981020079984
671 0.0410798032848008
672 0.0410797963615449
673 0.04107978943434076
674 0.04107978248348868
675 0.04107977552553015
676 0.04107976861171309
677 0.04107976173214693
678 0.04107975486084201
679 0.04107974803210943
680 0.04107974123140678
681 0.04107973443301293
682 0.04107972766854374
683 0.04107972092056615
684 0.04107971415931667
685 0.04107970742594048
686 0.04107970070215392
687 0.04107969396575516
688 0.04107968725360926
689 0.04107968054553497
690 0.04107967384168701
691 0.04107966710771581
692 0.04107966039980223
693 0.04107965369620346
694 0.04107964700243365
695 0.04107964031839848
696 0.04107963364411753
697 0.0410796269803776
698 0.04107962032834615
699 0.04107961368970447
700 0.0410796070659123
701 0.04107960045773344
702 0.04107959386534101
703 0.04107958728824579
704 0.04107958072651179
705 0.04107957417893152
706 0.04107956764909206
707 0.04107956113334427
708 0.04107955462880526
709 0.0410795481332102
710 0.04107954164475234
711 0.04107953514162492
712 0.04107952863305806
713 0.04107952212583533
714 0.0410795156263471
715 0.04107950914004227
716 0.04107950267094155
717 0.04107949622156176
718 0.04107948979215027
719 0.04107948338292142
720 0.04107947699188769
721 0.04107947061645661
722 0.04107946425365709
723 0.04107945790086875
724 0.04107945155567348
725 0.04107944521699623
726 0.04107943888309424
727 0.04107943255324505
728 0.04107942622722793
729 0.04107941990581629
730 0.04107941358877416
731 0.04107940727904223
732 0.04107940098082022
733 0.04107939469478336
734 0.04107938842183869
735 0.04107938216264238
736 0.04107937591736015
737 0.04107936968574524
738 0.04107936346748164
739 0.04107935726240132
740 0.04107935106971256
741 0.04107934488828036
742 0.04107933871695918
743 0.04107933255425956
744 0.04107932639999398
745 0.04107932025354995
746 0.04107931411437656
747 0.04107930798160482
748 0.04107930185519766
749 0.04107929573556401
750 0.04107928962295043
751 0.04107928352491679
752 0.04107927743810014
753 0.04107927136191398
754 0.041079265295697
755 0.04107925923887454
756 0.04107925318914055
757 0.04107924713846173
758 0.04107924109064623
759 0.04107923504806114
760 0.04107922901297279
761 0.04107922297795886
762 0.04107921696182693
763 0.04107921096294944
764 0.04107920498163562
765 0.04107919901757105
766 0.04107919306986971
767 0.04107918714525838
768 0.04107918123818958
769 0.0410791753445084
770 0.04107916946017048
771 0.04107916358169218
772 0.04107915770619819
773 0.04107915183145527
774 0.04107914594706201
775 0.04107914004510925
776 0.04107913413203723
777 0.04107912821417057
778 0.04107912231049379
779 0.04107911642212543
780 0.04107911055344294
781 0.04107910470842215
782 0.0410790988882123
783 0.04107909308956285
784 0.04107908730898652
785 0.04107908153342549
786 0.04107907576167261
787 0.04107906999165054
788 0.04107906421988188
789 0.04107905844846881
790 0.0410790526807032
791 0.04107904691989434
792 0.04107904116923871
793 0.04107903543157523
794 0.04107902970376636
795 0.04107902398829088
796 0.04107901828677688
797 0.04107901259935382
798 0.04107900693660885
799 0.0410790012919237
800 0.04107899567486169
801 0.041078990076482
802 0.041078984489753
803 0.04107897889327366
804 0.04107897328767338
805 0.041078967687376
806 0.04107896208184648
807 0.04107895647474854
808 0.04107895083535067
809 0.04107894521991106
810 0.04107893961677355
811 0.04107893400739913
812 0.04107892842664138
813 0.04107892286169328
814 0.04107891731175839
815 0.04107891177520221
816 0.04107890621419896
817 0.04107890067794767
818 0.04107889515132165
819 0.0410788896338085
820 0.04107888411431449
821 0.04107887862576068
822 0.04107887315909346
823 0.04107886771162973
824 0.04107886226824631
825 0.04107885684957039
826 0.04107885142702253
827 0.04107884599946567
828 0.04107884056621285
829 0.04107883512803983
830 0.04107882968719664
831 0.04107882424755135
832 0.04107881881409564
833 0.04107881339181364
834 0.04107880799722265
835 0.04107880260839497
836 0.04107879723186893
837 0.04107879185706977
838 0.04107878648977167
839 0.04107878113088079
840 0.04107877578083702
841 0.04107877043972271
842 0.04107876510713519
843 0.04107875978295376
844 0.04107875446189997
845 0.04107874916821673
846 0.04107874388500254
847 0.04107873860271187
848 0.04107873334497178
849 0.04107872809170034
850 0.04107872283725875
851 0.04107871757978459
852 0.04107871230458739
853 0.04107870705330513
854 0.04107870181074662
855 0.04107869657349465
856 0.0410786913302508
857 0.04107868611607296
858 0.04107868091439185
859 0.04107867571870309
860 0.04107867052332857
861 0.04107866535497023
862 0.04107866019540453
863 0.04107865502902596
864 0.04107864988414281
865 0.04107864474083034
866 0.04107863958299544
867 0.04107863444537051
868 0.04107862930945104
869 0.04107862416263452
870 0.04107861903811821
871 0.04107861391938406
872 0.04107860879702565
873 0.04107860369913416
874 0.04107859860896994
875 0.04107859351414254
876 0.04107858845407104
877 0.04107858340456496
878 0.04107857835043548
879 0.04107857331995145
880 0.04107856829407624
881 0.04107856326902742
882 0.04107855822593205
883 0.04107855320401507
884 0.0410785481880348
885 0.04107854317388249
886 0.04107853816196769
887 0.0410785331540244
888 0.04107852815084407
889 0.04107852314969922
890 0.04107851815311409
891 0.04107851316947718
892 0.04107850819074282
893 0.04107850322210148
894 0.04107849826385175
895 0.04107849331894405
896 0.0410784883839801
897 0.04107848346682452
898 0.04107847856256684
899 0.04107847366784633
900 0.0410784687825683
901 0.0410784639014612
902 0.04107845902166818
903 0.04107845414144071
904 0.0410784492593323
905 0.04107844437437159
906 0.04107843948088333
907 0.04107843458180335
908 0.04107842967989434
909 0.04107842477855018
910 0.04107841988157098
911 0.0410784149928962
912 0.04107841011584126
913 0.04107840524532973
914 0.04107840038623851
915 0.04107839554112531
916 0.04107839071114435
917 0.04107838590323616
918 0.04107838111354543
919 0.04107837633876456
920 0.04107837157544469
921 0.04107836682025582
922 0.04107836207029633
923 0.04107835732214577
924 0.04107835257422823
925 0.04107834782523827
926 0.0410783430746551
927 0.04107833832270062
928 0.04107833357024834
929 0.04107832881832842
930 0.04107832406870964
931 0.0410783193233524
932 0.0410783145840064
933 0.04107830985343836
934 0.04107830513460983
935 0.04107830042734215
936 0.04107829573166327
937 0.04107829104633166
938 0.04107828636940666
939 0.04107828169925067
940 0.04107827703427766
941 0.04107827237333019
942 0.04107826771587874
943 0.04107826306220549
944 0.0410782584125316
945 0.04107825376714593
946 0.04107824912579736
947 0.0410782444889278
948 0.04107823985605964
949 0.04107823522788032
950 0.04107823060075098
951 0.04107822597678072
952 0.04107822135593234
953 0.04107821673973069
954 0.04107821212944378
955 0.0410782075280059
956 0.04107820293560936
957 0.0410781983524519
958 0.04107819377829049
959 0.04107818921295085
960 0.04107818465579893
961 0.04107818010630956
962 0.04107817556327806
963 0.04107817102560327
964 0.04107816649255436
965 0.04107816196508581
966 0.04107815744218311
967 0.04107815292231677
968 0.04107814840626861
969 0.0410781438943968
970 0.04107813938726856
971 0.04107813488538907
972 0.04107813038911204
973 0.0410781258988643
974 0.04107812141485096
975 0.04107811693725264
976 0.04107811246603128
977 0.04107810800229578
978 0.04107810354455226
979 0.04107809909244881
980 0.04107809464524972
981 0.04107809020252691
982 0.0410780857650288
983 0.04107808133292969
984 0.0410780769058481
985 0.04107807248369868
986 0.0410780680628327
987 0.04107806364371518
988 0.0410780592315196
989 0.04107805481650086
990 0.0410780504173064
991 0.04107804602545311
992 0.04107804163270354
993 0.04107803725579724
994 0.04107803288470688
995 0.04107802850834677
996 0.04107802414430682
997 0.04107801978355579
998 0.04107801541599933
999 0.04107801106259515
1000 0.04107800671495331
1001 0.04107800236426324
1002 0.0410779980288099
1003 0.04107799370183877
1004 0.04107798937123194
1005 0.04107798505495741
1006 0.04107798074429819
1007 0.04107797643096936
1008 0.04107797213161834
1009 0.04107796784268678
1010 0.04107796355471381
1011 0.04107795928076255
1012 0.0410779550121995
1013 0.04107795073749808
1014 0.04107794647143263
1015 0.04107794220594419
1016 0.04107793792916248
1017 0.04107793366466068
1018 0.04107792940413774
1019 0.04107792513983809
1020 0.04107792089024954
1021 0.04107791664728641
1022 0.04107791240493553
1023 0.04107790817850109
1024 0.04107790395996543
1025 0.04107789975048165
1026 0.04107789555171529
1027 0.04107789135688933
1028 0.04107788715536447
1029 0.04107788296601498
1030 0.04107787878450803
1031 0.04107787459418751
1032 0.04107787041486833
1033 0.04107786623797357
1034 0.04107786206003229
1035 0.04107785789150318
1036 0.04107785372538204
1037 0.04107784956027329
1038 0.04107784540898415
1039 0.04107784126410854
1040 0.04107783711727721
1041 0.04107783298356631
1042 0.04107782885508007
1043 0.04107782472196881
1044 0.04107782060102635
1045 0.04107781648032279
1046 0.04107781235033388
1047 0.04107780823221936
1048 0.0410778041181269
1049 0.04107780000102335
1050 0.04107779589720142
1051 0.04107779179900834
1052 0.04107778770036404
1053 0.04107778361567177
1054 0.04107777953769783
1055 0.04107777546033775
1056 0.04107777139548897
1057 0.04107776733784484
1058 0.04107776327972214
1059 0.04107775923302293
1060 0.0410777551898685
1061 0.04107775114046952
1062 0.04107774710112649
1063 0.04107774306457318
1064 0.04107773902215905
1065 0.04107773499019447
1066 0.0410777309617228
1067 0.04107772692925397
1068 0.04107772290787532
1069 0.0410777188911344
1070 0.04107771487224687
1071 0.04107771086481526
1072 0.04107770686221572
1073 0.04107770285820838
1074 0.04107769886577375
1075 0.0410776948779271
1076 0.04107769088838455
1077 0.0410776869082909
1078 0.0410776829304095
1079 0.04107767895173622
1080 0.04107767498420687
1081 0.04107767102122035
1082 0.04107766705698005
1083 0.04107766310378091
1084 0.0410776591504884
1085 0.04107765520722591
1086 0.04107765125386141
1087 0.04107764730863
1088 0.04107764336041492
1089 0.04107763942205702
1090 0.0410776354871388
1091 0.04107763155196772
1092 0.04107762762875697
1093 0.04107762371105057
1094 0.04107761979493464
1095 0.04107761589101032
1096 0.04107761199266727
1097 0.04107760809478349
1098 0.0410776042080798
1099 0.04107760032533424
1100 0.04107759644025602
1101 0.04107759256494038
1102 0.04107758869236158
1103 0.04107758481572687
1104 0.04107758094869329
1105 0.04107757708428725
1106 0.04107757321624032
1107 0.04107756936145153
1108 0.04107756551045507
1109 0.0410775616581644
1110 0.04107755781694731
1111 0.041077553979886
1112 0.04107755014175712
1113 0.04107754631374332
1114 0.04107754248864714
1115 0.04107753865941242
1116 0.0410775348398378
1117 0.04107753102284806
1118 0.04107752720139513
1119 0.04107752338965679
1120 0.04107751958096233
1121 0.04107751576969761
1122 0.04107751196882762
1123 0.0410775081721762
1124 0.04107750437466862
1125 0.04107750058780715
1126 0.04107749680538712
1127 0.0410774930219472
1128 0.04107748924912018
1129 0.0410774854803052
1130 0.04107748170940027
1131 0.0410774779487643
1132 0.04107747419162871
1133 0.04107747043134783
1134 0.04107746668137779
1135 0.04107746293057289
1136 0.04107745918889445
1137 0.04107745544494222
1138 0.04107745170975058
1139 0.04107744797157348
1140 0.04107744424187507
1141 0.04107744051018977
1142 0.0410774367869861
1143 0.04107743306211466
1144 0.04107742934574134
1145 0.04107742562774423
1146 0.04107742191834305
1147 0.04107741820767824
1148 0.04107741450568696
1149 0.04107741080327534
1150 0.0410774071121694
1151 0.04107740342681547
1152 0.04107739974055886
1153 0.04107739606264692
1154 0.0410773923872001
1155 0.04107738870638609
1156 0.04107738503394169
1157 0.04107738136552425
1158 0.04107737769348162
1159 0.04107737403044088
1160 0.04107737037112257
1161 0.0410773667061155
1162 0.04107736304985222
1163 0.04107735939815876
1164 0.04107735574464623
1165 0.04107735210031138
1166 0.04107734846054939
1167 0.04107734481972179
1168 0.04107734118814762
1169 0.04107733756111907
1170 0.04107733393224039
1171 0.04107733031302015
1172 0.04107732669374826
1173 0.04107732308335127
1174 0.04107731947194792
1175 0.04107731586863647
1176 0.04107731226278883
1177 0.0410773086647058
1178 0.04107730506113904
1179 0.04107730146483649
1180 0.04107729786572552
1181 0.04107729427474516
1182 0.04107729068289714
1183 0.04107728709928658
1184 0.04107728351554382
1185 0.04107727994063703
1186 0.04107727636637412
1187 0.04107727280086414
1188 0.04107726923544284
1189 0.04107726567832205
1190 0.04107726212080109
1191 0.04107725857110033
1192 0.04107725501986505
1193 0.04107725147629188
1194 0.04107724793054635
1195 0.04107724439228871
1196 0.0410772408522246
1197 0.04107723731935029
1198 0.04107723378447423
1199 0.041077230256735
1200 0.04107722672772191
1201 0.04107722320621761
1202 0.04107721968462964
1203 0.04107721617080815
1204 0.04107721265782253
1205 0.04107720915245181
1206 0.0410772056474428
1207 0.0410772021497088
1208 0.04107719864942661
1209 0.04107719515698365
1210 0.04107719166452519
1211 0.04107718817921263
1212 0.0410771846933466
1213 0.04107718121449034
1214 0.04107717773454788
1215 0.04107717426124817
1216 0.04107717078676153
1217 0.04107716731911715
1218 0.04107716385015253
1219 0.04107716038811464
1220 0.04107715692543804
1221 0.04107715346982217
1222 0.04107715001361522
1223 0.04107714656452555
1224 0.04107714311472659
1225 0.04107713967210405
1226 0.041077136228582
1227 0.04107713279215146
1228 0.04107712935331773
1229 0.04107712592138062
1230 0.04107712248800605
1231 0.04107711906160019
1232 0.04107711563405394
1233 0.04107711221363119
1234 0.04107710879220008
1235 0.04107710537785395
1236 0.0410771019624865
1237 0.04107709855408297
1238 0.04107709514446101
1239 0.04107709174158574
1240 0.04107708833758403
1241 0.04107708494039203
1242 0.04107708154235179
1243 0.04107707815093985
1244 0.04107707475949376
1245 0.04107707137451745
1246 0.0410770679895063
1247 0.04107706461114358
1248 0.04107706123264512
1249 0.04107705786072646
1250 0.04107705448818139
1251 0.04107705112249103
1252 0.04107704775597468
1253 0.04107704439610471
1254 0.04107704103544762
1255 0.04107703768136858
1256 0.04107703432621286
1257 0.04107703097752657
1258 0.04107702762728715
1259 0.04107702428270473
1260 0.0410770209359714
1261 0.04107701759550791
1262 0.04107701425422952
1263 0.04107701091948661
1264 0.04107700758461502
1265 0.04107700425627187
1266 0.04107700092828422
1267 0.04107699760717256
1268 0.04107699428633087
1269 0.0410769909722012
1270 0.04107698765774823
1271 0.041076984349772
1272 0.04107698104219739
1273 0.04107697774123439
1274 0.04107697443945608
1275 0.04107697114367464
1276 0.04107696784596704
1277 0.04107696455427417
1278 0.04107696126053395
1279 0.04107695797281011
1280 0.04107695468386948
1281 0.04107695140129407
1282 0.04107694811821266
1283 0.04107694484152605
1284 0.04107694156392871
1285 0.04107693829250238
1286 0.04107693501999431
1287 0.04107693175368794
1288 0.04107692848600351
1289 0.04107692522439731
1290 0.04107692196160187
1291 0.04107691870530426
1292 0.04107691544791601
1293 0.04107691219668949
1294 0.04107690894415441
1295 0.04107690569780209
1296 0.04107690245134835
1297 0.04107689921104592
1298 0.04107689597067303
1299 0.04107689273639347
1300 0.04107688950173617
1301 0.04107688627303969
1302 0.0410768830431396
1303 0.04107687981909434
1304 0.04107687659363938
1305 0.04107687337391914
1306 0.04107687015317141
1307 0.04107686693814874
1308 0.0410768637225413
1309 0.04107686051266245
1310 0.04107685730243821
1311 0.04107685409804204
1312 0.04107685089347608
1313 0.04107684769496367
1314 0.0410768444963777
1315 0.04107684130351837
1316 0.04107683810963932
1317 0.04107683492130015
1318 0.04107683173137983
1319 0.0410768285470995
1320 0.04107682536151466
1321 0.04107682218165967
1322 0.04107681900051286
1323 0.0410768158249793
1324 0.04107681264846762
1325 0.04107680947758365
1326 0.04107680630575664
1327 0.04107680313958178
1328 0.04107679997316351
1329 0.04107679681232261
1330 0.04107679365120679
1331 0.04107679049568538
1332 0.0410767873392795
1333 0.04107678418811528
1334 0.04107678103592777
1335 0.04107677788887226
1336 0.04107677474079442
1337 0.04107677159782816
1338 0.04107676845410476
1339 0.04107676531538397
1340 0.04107676217617613
1341 0.04107675904225497
1342 0.04107675590789814
1343 0.04107675277882749
1344 0.04107674964906351
1345 0.04107674652449904
1346 0.04107674339901734
1347 0.0410767402787653
1348 0.0410767371583605
1349 0.04107673404298895
1350 0.04107673092708426
1351 0.04107672781609853
1352 0.04107672470405987
1353 0.0410767215966918
1354 0.04107671848862082
1355 0.04107671538543927
1356 0.04107671228179982
1357 0.04107670918277673
1358 0.04107670608200575
1359 0.04107670298613015
1360 0.04107669988933053
1361 0.04107669679757113
1362 0.04107669370554783
1363 0.04107669061894097
1364 0.0410766875324756
1365 0.04107668445158819
1366 0.04107668137068256
1367 0.04107667829560034
1368 0.04107667522120261
1369 0.04107667215206177
1370 0.0410766690821695
1371 0.04107666601737571
1372 0.04107666295138556
1373 0.04107665989028399
1374 0.0410766568276555
1375 0.04107665376978249
1376 0.04107665071118823
1377 0.04107664765736368
1378 0.04107664460269447
1379 0.04107664155315703
1380 0.04107663850319971
1381 0.04107663545816885
1382 0.04107663241195038
1383 0.04107662937044511
1384 0.04107662632713967
1385 0.04107662329061992
1386 0.04107662025598063
1387 0.0410766172265273
1388 0.04107661419668839
1389 0.04107661117179549
1390 0.04107660814178225
1391 0.0410766051156926
1392 0.04107660208689387
1393 0.04107659906264151
1394 0.04107659603770874
1395 0.04107659301707479
1396 0.04107658999618604
1397 0.04107658698052324
1398 0.04107658396603091
1399 0.04107658095677483
1400 0.04107657794873892
1401 0.04107657494566441
1402 0.04107657194324842
1403 0.04107656894553406
1404 0.04107656594782596
1405 0.04107656295456653
1406 0.04107655996068627
1407 0.04107655697060106
1408 0.04107655397884852
1409 0.04107655099132686
1410 0.04107654800272863
1411 0.04107654501857322
1412 0.04107654203410625
1413 0.04107653905425628
1414 0.04107653607461225
1415 0.04107653309962978
1416 0.04107653012514243
1417 0.04107652715517645
1418 0.04107652418511147
1419 0.04107652121935762
1420 0.04107651825320071
1421 0.04107651529148793
1422 0.04107651232977022
1423 0.041076509374124
1424 0.04107650641851052
1425 0.0410765034669248
1426 0.04107650051442972
1427 0.04107649756583375
1428 0.04107649461741023
1429 0.04107649167287695
1430 0.04107648872732342
1431 0.04107648578555947
1432 0.04107648284256199
1433 0.04107647990342298
1434 0.04107647696341814
1435 0.04107647402741701
1436 0.04107647109100714
1437 0.04107646815868657
1438 0.04107646522616461
1439 0.04107646229766471
1440 0.04107645936901113
1441 0.04107645644438471
1442 0.04107645351994645
1443 0.04107645059948595
1444 0.0410764476779563
1445 0.04107644476065674
1446 0.04107644184339803
1447 0.04107643893008226
1448 0.04107643601726566
1449 0.04107643310849773
1450 0.0410764301993761
1451 0.04107642729413648
1452 0.04107642438810974
1453 0.04107642148618042
1454 0.04107641858373998
1455 0.04107641568512416
1456 0.04107641278580302
1457 0.04107640989033184
1458 0.04107640699434497
1459 0.04107640410225393
1460 0.04107640120979478
1461 0.04107639832126485
1462 0.04107639543244797
1463 0.04107639254751268
1464 0.04107638966232436
1465 0.04107638678094984
1466 0.04107638389930829
1467 0.04107638102151447
1468 0.04107637814344025
1469 0.04107637526925881
1470 0.04107637239377004
1471 0.04107636952196601
1472 0.04107636665092025
1473 0.04107636378509756
1474 0.04107636091918252
1475 0.04107635805582822
1476 0.04107635519489973
1477 0.0410763523317808
1478 0.04107634947363026
1479 0.04107634661420547
1480 0.04107634375682741
1481 0.04107634090207567
1482 0.0410763380503221
1483 0.04107633520376004
1484 0.04107633235750936
1485 0.04107632951365586
1486 0.04107632667252541
1487 0.04107632382809744
1488 0.04107632098814137
1489 0.04107631814616435
1490 0.0410763153052795
1491 0.04107631246694551
1492 0.04107630962593526
1493 0.04107630678893547
1494 0.04107630394994479
1495 0.04107630111333955
1496 0.04107629827949944
1497 0.04107629544684047
1498 0.04107629261928164
1499 0.04107628979327313
1500 0.04107628697224881
1501 0.04107628415462412
1502 0.04107628133864843
1503 0.04107627852406446
1504 0.04107627571047651
1505 0.04107627289850692
1506 0.0410762700873626
1507 0.04107626727682022
1508 0.04107626446687634
1509 0.04107626165772089
1510 0.04107625884956406
1511 0.0410762560427047
1512 0.04107625323735695
1513 0.04107625043374378
1514 0.04107624763199977
1515 0.04107624483024776
1516 0.04107624202960734
1517 0.04107623923066677
1518 0.04107623643374237
1519 0.04107623363924617
1520 0.04107623084500929
1521 0.04107622805566107
1522 0.04107622526642088
1523 0.04107622248032981
1524 0.04107621969672865
1525 0.04107621691327916
1526 0.04107621413437656
1527 0.04107621135493204
1528 0.0410762085775682
1529 0.04107620580234023
1530 0.04107620302547266
1531 0.04107620025308646
1532 0.04107619747965124
1533 0.04107619470714394
1534 0.04107619193652889
1535 0.04107618916498604
1536 0.04107618639796352
1537 0.04107618363030462
1538 0.0410761808652205
1539 0.04107617810254129
1540 0.04107617534191539
1541 0.04107617258315802
1542 0.04107616982614246
1543 0.04107616707077825
1544 0.0410761643169297
1545 0.04107616156450209
1546 0.04107615881339117
1547 0.04107615606357091
1548 0.04107615331501769
1549 0.04107615056777588
1550 0.04107614782187848
1551 0.0410761450773958
1552 0.04107614233436351
1553 0.04107613959502886
1554 0.04107613685801118
1555 0.04107613412260613
1556 0.04107613138832145
1557 0.04107612865484791
1558 0.04107612592199129
1559 0.04107612318970906
1560 0.04107612045805949
1561 0.04107611772720715
1562 0.04107611499727283
1563 0.04107611226854524
1564 0.0410761095412301
1565 0.04107610681551063
1566 0.04107610409150493
1567 0.0410761013692881
1568 0.04107609864886852
1569 0.04107609593020951
1570 0.04107609321321209
1571 0.04107609049776994
1572 0.04107608778376803
1573 0.0410760850711151
1574 0.04107608235975106
1575 0.04107607964825386
1576 0.04107607693746516
1577 0.04107607422783276
1578 0.04107607151963966
1579 0.04107606881306271
1580 0.04107606610823122
1581 0.04107606340541375
1582 0.04107606070451834
1583 0.04107605800541755
1584 0.04107605530796588
1585 0.04107605261202898
1586 0.04107604991746484
1587 0.04107604722414421
1588 0.04107604453197435
1589 0.0410760418409002
1590 0.04107603915091167
1591 0.04107603646203003
1592 0.04107603377430537
1593 0.04107603108684792
1594 0.04107602840025916
1595 0.04107602571490441
1596 0.04107602303103943
1597 0.04107602034881475
1598 0.04107601766834421
1599 0.0410760149896541
1600 0.04107601231269505
1601 0.04107600963738663
1602 0.04107600696361911
1603 0.04107600429124806
1604 0.04107600162014787
1605 0.04107599895022925
1606 0.04107599628142006
1607 0.04107599361368917
1608 0.04107599094701679
1609 0.04107598828142638
1610 0.04107598561695604
1611 0.04107598295366486
1612 0.04107598029160387
1613 0.04107597763095922
1614 0.04107597497176123
1615 0.04107597231394255
1616 0.04107596965753809
1617 0.04107596700192469
1618 0.04107596434809903
1619 0.04107596169576373
1620 0.04107595904474817
1621 0.04107595639496818
1622 0.04107595374633916
1623 0.04107595109884173
1624 0.04107594845241248
1625 0.04107594580717561
1626 0.04107594316316279
1627 0.04107594052039117
1628 0.04107593787884304
1629 0.04107593523853719
1630 0.04107593259946827
1631 0.04107592996164663
1632 0.04107592732507512
1633 0.04107592468976806
1634 0.04107592205573866
1635 0.04107591942305383
1636 0.04107591679169552
1637 0.04107591416162498
1638 0.04107591153278062
1639 0.0410759089051313
1640 0.04107590627863869
1641 0.04107590365328499
1642 0.04107590102905503
1643 0.04107589840596134
1644 0.04107589578401248
1645 0.04107589316325144
1646 0.0410758905436976
1647 0.04107588792537664
1648 0.04107588530829406
1649 0.04107588269244893
1650 0.04107588007782014
1651 0.04107587746441002
1652 0.04107587485219152
1653 0.04107587224115459
1654 0.0410758696312805
1655 0.04107586702254904
1656 0.04107586441491365
1657 0.04107586180839658
1658 0.04107585920301746
1659 0.04107585659918792
1660 0.04107585399662548
1661 0.04107585139525773
1662 0.04107584879500873
1663 0.04107584619583729
1664 0.04107584359770947
1665 0.04107584100063705
1666 0.04107583840462618
1667 0.0410758358097021
1668 0.04107583321588446
1669 0.0410758306232069
1670 0.04107582803168643
1671 0.04107582544146229
1672 0.04107582285241346
1673 0.04107582026448636
1674 0.04107581767763988
1675 0.04107581509186442
1676 0.04107581250715107
1677 0.04107580992351254
1678 0.04107580734082688
1679 0.04107580475922003
1680 0.04107580217871561
1681 0.04107579959931436
1682 0.04107579702098266
1683 0.04107579444377731
1684 0.04107579186771814
1685 0.04107578929283346
1686 0.04107578671912267
1687 0.04107578414657804
1688 0.04107578157517357
1689 0.04107577900488067
1690 0.04107577643566716
1691 0.04107577386751088
1692 0.04107577130039815
1693 0.04107576873432451
1694 0.0410757661692771
1695 0.04107576360527049
1696 0.04107576104230886
1697 0.04107575848041111
1698 0.0410757559192011
1699 0.04107575335888852
1700 0.04107575079955851
1701 0.041075748241336
1702 0.0410757456842994
1703 0.04107574312852509
1704 0.04107574057402799
1705 0.04107573802079099
1706 0.04107573546877694
1707 0.04107573291794156
1708 0.04107573036820494
1709 0.04107572781953401
1710 0.04107572527184494
1711 0.04107572272512774
1712 0.04107572017936185
1713 0.04107571763455522
1714 0.04107571509069615
1715 0.04107571254781231
1716 0.04107571000590918
1717 0.04107570746502123
1718 0.04107570492515832
1719 0.04107570238634809
1720 0.04107569984857851
1721 0.04107569731186916
1722 0.04107569477620004
1723 0.04107569224158129
1724 0.04107568970797668
1725 0.04107568717538139
1726 0.04107568464376295
1727 0.04107568211313177
1728 0.04107567958346469
1729 0.04107567705472887
1730 0.04107567452698814
1731 0.04107567200026026
1732 0.04107566947452162
1733 0.04107566694978978
1734 0.04107566442605049
1735 0.04107566190332165
1736 0.04107565938158922
1737 0.04107565686086531
1738 0.04107565434112221
1739 0.04107565182237
1740 0.04107564930466589
1741 0.04107564678792393
1742 0.0410756442721279
1743 0.04107564175728206
1744 0.04107563924337046
1745 0.04107563673041927
1746 0.04107563421844742
1747 0.04107563170744889
1748 0.04107562919740673
1749 0.04107562668830416
1750 0.04107562418013489
1751 0.04107562167335205
1752 0.04107561916773513
1753 0.04107561666315841
1754 0.04107561415950003
1755 0.04107561165666009
1756 0.04107560915454257
1757 0.04107560665315504
1758 0.04107560415251495
1759 0.0410756016527173
1760 0.0410755991538107
1761 0.04107559665587243
1762 0.04107559415890605
1763 0.04107559166293843
1764 0.04107558916796988
1765 0.0410755866739998
1766 0.04107558418097573
1767 0.04107558168889095
1768 0.0410755791977095
1769 0.04107557670744382
1770 0.04107557421806465
1771 0.04107557172884421
1772 0.04107556924013689
1773 0.04107556675221747
1774 0.0410755642652701
1775 0.04107556177947155
1776 0.04107555929491066
1777 0.04107555681166913
1778 0.04107555432968001
1779 0.04107555184886631
1780 0.04107554936912253
1781 0.04107554689179152
1782 0.04107554441585554
1783 0.04107554194078643
1784 0.04107553946619683
1785 0.04107553699189682
1786 0.04107553451777619
1787 0.04107553204388589
1788 0.0410755295703065
1789 0.04107552709719838
1790 0.04107552462474057
1791 0.04107552215312545
1792 0.04107551968247873
1793 0.04107551721291852
1794 0.04107551474479512
1795 0.04107551227791922
1796 0.04107550981215781
1797 0.04107550734738411
1798 0.04107550488346534
1799 0.04107550242030448
1800 0.0410754999578193
1801 0.0410754974959936
1802 0.04107549503483291
1803 0.0410754925743852
1804 0.04107549011441574
1805 0.04107548765517645
1806 0.04107548519678793
1807 0.04107548273901472
1808 0.04107548028224895
1809 0.04107547782653233
1810 0.04107547537187809
1811 0.04107547291828698
1812 0.04107547046571415
1813 0.04107546801410658
1814 0.04107546556339001
1815 0.04107546311351033
1816 0.04107546066440902
1817 0.04107545821606114
1818 0.04107545576844181
1819 0.04107545332156724
1820 0.04107545087544121
1821 0.04107544843010368
1822 0.04107544598557244
1823 0.0410754435418808
1824 0.04107544109903703
1825 0.04107543865705643
1826 0.04107543621592656
1827 0.04107543377564938
1828 0.04107543133620114
1829 0.04107542889757625
1830 0.04107542645975093
1831 0.041075424022721
1832 0.04107542158647232
1833 0.04107541915100728
1834 0.04107541671631908
1835 0.04107541428241483
1836 0.04107541184928953
1837 0.04107540941695195
1838 0.04107540698577726
1839 0.04107540455554669
1840 0.04107540212614089
1841 0.04107539969748405
1842 0.04107539726951208
1843 0.041075394842194
1844 0.04107539241538806
1845 0.0410753899891871
1846 0.0410753875636499
1847 0.04107538513884941
1848 0.04107538271483342
1849 0.04107538029165444
1850 0.04107537786934839
1851 0.04107537544792204
1852 0.04107537302734882
1853 0.04107537060760798
1854 0.04107536818866334
1855 0.04107536577049329
1856 0.04107536335306616
1857 0.04107536093630845
1858 0.04107535852024073
1859 0.04107535610487942
1860 0.04107535369023382
1861 0.04107535127632964
1862 0.04107534886318286
1863 0.04107534645081638
1864 0.04107534403923849
1865 0.04107534162845338
1866 0.0410753392184512
1867 0.04107533680921902
1868 0.04107533440074263
1869 0.0410753319930075
1870 0.04107532958600147
1871 0.04107532717975899
1872 0.04107532477423995
1873 0.04107532236943263
1874 0.04107531996533324
1875 0.0410753175619431
1876 0.04107531515919808
1877 0.04107531275716496
1878 0.04107531035586789
1879 0.04107530795532064
1880 0.04107530555551734
1881 0.0410753031564578
1882 0.04107530075813694
1883 0.04107529836051034
1884 0.04107529596361481
1885 0.04107529356745849
1886 0.04107529117203158
1887 0.04107528877732435
1888 0.04107528638331989
1889 0.04107528399001457
1890 0.04107528159740388
1891 0.04107527920548852
1892 0.04107527681441921
1893 0.041075274424098
1894 0.04107527203449506
1895 0.04107526964558605
1896 0.04107526725733789
1897 0.04107526486972664
1898 0.04107526248273381
1899 0.04107526009636024
1900 0.04107525771061073
1901 0.04107525532550722
1902 0.0410752529410737
1903 0.04107525055733303
1904 0.04107524817429672
1905 0.04107524579197013
1906 0.04107524341034705
1907 0.04107524102942328
1908 0.04107523864918362
1909 0.0410752362694083
1910 0.041075233890239
1911 0.04107523151174611
1912 0.04107522913395231
1913 0.04107522675685867
1914 0.04107522438044752
1915 0.04107522200470486
1916 0.04107521962961123
1917 0.04107521725515692
1918 0.04107521488133602
1919 0.04107521250815015
1920 0.04107521013559777
1921 0.04107520776368256
1922 0.04107520539242085
1923 0.04107520302182406
1924 0.04107520065187867
1925 0.04107519828257405
1926 0.04107519591389697
1927 0.04107519354584909
1928 0.04107519117843193
1929 0.0410751888116473
1930 0.04107518644548878
1931 0.04107518407995754
1932 0.0410751817150528
1933 0.04107517935068844
1934 0.04107517698690264
1935 0.04107517462374365
1936 0.04107517226124156
1937 0.04107516989938119
1938 0.04107516753817928
1939 0.04107516517765582
1940 0.04107516281783601
1941 0.04107516045873703
1942 0.04107515810036417
1943 0.04107515574270994
1944 0.04107515338575666
1945 0.04107515102948
1946 0.04107514867385494
1947 0.04107514631885369
1948 0.04107514396446026
1949 0.04107514161065823
1950 0.04107513925744929
1951 0.0410751369048645
1952 0.04107513455298098
1953 0.04107513220174235
1954 0.0410751298511312
1955 0.04107512750114675
1956 0.04107512515177725
1957 0.04107512280304213
1958 0.04107512045491404
1959 0.04107511810739616
1960 0.04107511576047781
1961 0.04107511341417473
1962 0.04107511106848569
1963 0.04107510872341465
1964 0.04107510637895611
1965 0.04107510403511858
1966 0.04107510169189491
1967 0.04107509934929068
1968 0.04107509700730139
1969 0.0410750946659372
1970 0.04107509232519266
1971 0.04107508998506838
1972 0.04107508764555263
1973 0.04107508530664785
1974 0.04107508296834236
1975 0.04107508063063763
1976 0.04107507829352661
1977 0.0410750759570155
1978 0.04107507362109714
1979 0.04107507128578019
1980 0.04107506895105717
1981 0.0410750666169365
1982 0.04107506428340905
1983 0.0410750619504826
1984 0.04107505961815185
1985 0.0410750572864203
1986 0.04107505495527858
1987 0.04107505262473461
1988 0.04107505029478299
1989 0.04107504796544241
1990 0.04107504563670681
1991 0.04107504330858185
1992 0.04107504098109778
1993 0.0410750386542325
1994 0.04107503632795082
1995 0.04107503400251183
1996 0.0410750316777528
1997 0.04107502935358776
1998 0.04107502702991152
1999 0.04107502470665837
2000 0.04107502238377141
