"lift-rfile"
"Iteration" "lift"
("Iteration" "lift")
1 72.84745380304676
2 72.55065923356197
3 72.28966907374966
4 71.98917262691607
5 71.66932167091316
6 71.34482611693478
7 71.01438232879136
8 70.68098902981377
9 70.3391115695124
10 70.00385350866749
11 69.66878841866011
12 69.34201810260726
13 69.01657971479148
14 68.69418218339682
15 68.37092061539579
16 68.04736024053726
17 67.72567280495436
18 67.40511050930849
19 67.08622079692614
20 66.76968584760441
21 66.45367247617014
22 66.13927484336737
23 65.82713574674527
24 65.51677057012834
25 65.2081371407853
26 64.90107529589835
27 64.5953008698085
28 64.29079150131516
29 63.98788154821305
30 63.68712014930502
31 63.38733830248146
32 63.08910484339194
33 62.79239296930941
34 62.49737115718274
35 62.2036701174507
36 61.91138606976961
37 61.62051086250029
38 61.33140386016014
39 61.04398670047132
40 60.75732166982529
41 60.47183480191541
42 60.18887735188044
43 59.90722562795833
44 59.62680143615702
45 59.3475338883494
46 59.06979512226327
47 58.79307606215746
48 58.51778325271571
49 58.24372182213681
50 57.97034530709846
51 57.69990705144037
52 57.43115602403103
53 57.16367125278873
54 56.89777331340125
55 56.63282553185831
56 56.36849713058618
57 56.10546526243715
58 55.84364042279676
59 55.58366369410661
60 55.32528991159353
61 55.06774992452363
62 54.81154994143331
63 54.55678472790431
64 54.30320023237767
65 54.05104397518701
66 53.79995203791858
67 53.55027099592402
68 53.30151842057609
69 53.05402311359843
70 52.80765485968465
71 52.56269539910773
72 52.3185118301032
73 52.07521355918468
74 51.83388766428905
75 51.59438969122804
76 51.35651255219653
77 51.11998823187643
78 50.88443739235188
79 50.64949208255338
80 50.41538259545251
81 50.18266471282328
82 49.95145787186256
83 49.72136135106761
84 49.49214109849626
85 49.2637285712238
86 49.03607875747848
87 48.80906710013686
88 48.58388875719563
89 48.36039841640862
90 48.1388666654389
91 47.91857169254276
92 47.69921121029529
93 47.47968191450967
94 47.26054549060778
95 47.04221753775895
96 46.82522440803901
97 46.61040202998827
98 46.39663025228076
99 46.18559798475735
100 45.97476590777269
101 45.76398266103354
102 45.55350461527863
103 45.3451855820261
104 45.13848554286005
105 44.93320498511168
106 44.72813012329394
107 44.52361823950204
108 44.31918013745953
109 44.11636749051489
110 43.91609784231444
111 43.71635047389836
112 43.51603142945662
113 43.31696833989007
114 43.12010019987493
115 42.92531110365045
116 42.73102492552815
117 42.53549527383967
118 42.34106578357224
119 42.14841125629138
120 41.9577361464861
121 41.76783711431643
122 41.57860002499797
123 41.38972021118042
124 41.20201139085405
125 41.01481915446432
126 40.82837619058421
127 40.64340960069643
128 40.45953432718689
129 40.27639863400224
130 40.09442841361987
131 39.91371867747718
132 39.73348602700904
133 39.55417629266697
134 39.37615383848014
135 39.19902928082649
136 39.02292051676878
137 38.84819627819691
138 38.67408321073785
139 38.5004311165321
140 38.32701643932218
141 38.15440241441791
142 37.9824843081548
143 37.81154869682202
144 37.64126654621933
145 37.47207806330679
146 37.30398556506344
147 37.1370453951715
148 36.9710000326011
149 36.8056074836708
150 36.64087298795148
151 36.47681957156271
152 36.31337333279092
153 36.15068231677073
154 35.98881020719318
155 35.82772126669494
156 35.66742964038301
157 35.50769059888263
158 35.34876134665654
159 35.19093176760635
160 35.03343428121425
161 34.87794601133102
162 34.72366824245069
163 34.56984421448593
164 34.41620423779237
165 34.26295674948151
166 34.11025106606076
167 33.95824566274604
168 33.80696914720189
169 33.65653796770879
170 33.50680741964698
171 33.35792627990972
172 33.21005904160899
173 33.06288824852737
174 32.91696750879516
175 32.77179551381773
176 32.6269048965741
177 32.48238259616947
178 32.33854739845744
179 32.19573778814155
180 32.05367041694834
181 31.91273913400788
182 31.77209783575071
183 31.63243675613733
184 31.49293459445614
185 31.35495102190049
186 31.21700034448685
187 31.07966117651301
188 30.94321686757228
189 30.80773060164053
190 30.67302214285096
191 30.53830939614067
192 30.40460484819724
193 30.27185928861448
194 30.14077980055445
195 30.00832438492218
196 29.87605190783214
197 29.747008217313
198 29.61605112438507
199 29.48790100525049
200 29.35811791963445
201 29.23125223760895
202 29.10298637669522
203 28.97693418654113
204 28.84990714010478
205 28.72484438887746
206 28.59950614965656
207 28.47519062958027
208 28.35319182458091
209 28.23559277162673
210 28.11558618120783
211 27.99087929787754
212 27.8633858080419
213 27.74195028443375
214 27.62331345724588
215 27.50308718545044
216 27.38551425380417
217 27.26605335091243
218 27.1462713517699
219 27.02868468257687
220 26.91135973590751
221 26.79339511894773
222 26.67965849888007
223 26.56833648919557
224 26.45445324700633
225 26.33563384321062
226 26.22595912404386
227 26.11699279361416
228 26.0043778704674
229 25.8912840342685
230 25.76907001246287
231 25.65823314741133
232 25.5517293874274
233 25.44695040822404
234 25.34007104591091
235 25.23053284172181
236 25.11420383889392
237 25.00331004923885
238 24.89989322782722
239 24.79091039331129
240 24.68924321912134
241 24.58609964650918
242 24.47444324058354
243 24.37214090194002
244 24.26966837102698
245 24.16207756725183
246 24.06221832572629
247 23.9608966359513
248 23.85357662862783
249 23.75475673372052
250 23.65558552091441
251 23.55828678618747
252 23.45767199999706
253 23.35897385221314
254 23.25057717205816
255 23.15189730509968
256 23.05684771631977
257 22.96187567415287
258 22.86441545446671
259 22.76706041855563
260 22.67156925020565
261 22.57452880844915
262 22.47995705927927
263 22.38498917956215
264 22.29126938077687
265 22.19860155236274
266 22.10800918790088
267 22.01569500286162
268 21.91861817624526
269 21.82426571425647
270 21.73180434289322
271 21.64140555896396
272 21.55248467286817
273 21.46617973412927
274 21.37969309642865
275 21.2922283354142
276 21.20532432340115
277 21.11623396481228
278 21.02674611801896
279 20.93665763346145
280 20.8470747633115
281 20.75945937562254
282 20.67348470360925
283 20.58726059164254
284 20.50207222831919
285 20.40173261648363
286 20.31569247611641
287 20.23120217444485
288 20.15393609437741
289 20.0761450061721
290 19.99985134667438
291 19.92161075656767
292 19.84154637442867
293 19.76202536225712
294 19.68178345753729
295 19.59064070085368
296 19.50592767609486
297 19.41822911818372
298 19.33754410894513
299 19.26067062831972
300 19.18482505637266
301 19.1051318478089
302 19.01477788919204
303 18.93580259983704
304 18.86091759358288
305 18.78352575457383
306 18.70703170440517
307 18.63181914837601
308 18.55625269357818
309 18.47950884030135
310 18.40258659514293
311 18.32619351478203
312 18.25072356771094
313 18.17604929916841
314 18.10203813947282
315 18.02815092451869
316 17.95436259232272
317 17.88102815073992
318 17.80825732672244
319 17.73582878957972
320 17.66398971107314
321 17.59248358750301
322 17.52156067809043
323 17.45057160860013
324 17.3795271151639
325 17.30862118877989
326 17.23823275699705
327 17.1684497471237
328 17.09904399775491
329 17.0297983645963
330 16.96094281725291
331 16.89250664005993
332 16.82459815456931
333 16.7570664089007
334 16.68979161720387
335 16.62350807503832
336 16.55689917226675
337 16.4905283259726
338 16.42439191426469
339 16.35981938997115
340 16.28995440918619
341 16.22464296391797
342 16.16056926808523
343 16.09723443318573
344 16.03003218770786
345 15.96694943092313
346 15.9042195828658
347 15.84073070364098
348 15.77743240960843
349 15.71437577961683
350 15.65141532527164
351 15.58724329769031
352 15.52629713616649
353 15.46346942801638
354 15.40330025121251
355 15.3429175767147
356 15.28217999385841
357 15.22144173221254
358 15.15986303046465
359 15.10193523604135
360 15.04036173680266
361 14.98262400635769
362 14.92382853126264
363 14.8648445767153
364 14.80587489979072
365 14.7472721007806
366 14.68902075170379
367 14.63137136725217
368 14.57401559196122
369 14.51675466025007
370 14.45970698259629
371 14.4028391023255
372 14.34637313831707
373 14.29016829355245
374 14.23438806265055
375 14.17864567756424
376 14.12308466925538
377 14.06789411926621
378 14.01302754437739
379 13.95711000897391
380 13.90353973139087
381 13.84995485111413
382 13.79648793058593
383 13.74342320030515
384 13.69044448235572
385 13.63747161594268
386 13.58460884218768
387 13.53188417276872
388 13.47943249272023
389 13.42724848327018
390 13.37531380079745
391 13.32369382110635
392 13.27230788267307
393 13.22114810400798
394 13.17021073414538
395 13.11952353208348
396 13.06907078730503
397 13.01882382105576
398 12.96881789085058
399 12.91908500326607
400 12.86950852606869
401 12.82021823388156
402 12.77114369409318
403 12.72229315633055
404 12.67365856975068
405 12.62525424244681
406 12.57706943521663
407 12.52911202487779
408 12.48137972161823
409 12.43386791865779
410 12.38657572940134
411 12.33950319141729
412 12.29263724508196
413 12.24599373029764
414 12.19956847567468
415 12.15335719238672
416 12.10735914958629
417 12.0615664231341
418 12.01598687573227
419 11.97061734474232
420 11.92545221905219
421 11.88049710528868
422 11.8357374242336
423 11.79119005282735
424 11.74684369296058
425 11.70269844473433
426 11.65879385760296
427 11.61507703743662
428 11.57155139741979
429 11.52822791807159
430 11.48510981903074
431 11.44218321736174
432 11.39945533582583
433 11.35691910016439
434 11.31456984006793
435 11.27243169596345
436 11.23048551188282
437 11.18872546291007
438 11.14715268599261
439 11.10576444551901
440 11.06456652190914
441 11.02355440114801
442 10.98272364352408
443 10.94207796045296
444 10.90161375116313
445 10.86134238060119
446 10.82125611639925
447 10.78136127512009
448 10.74165123213785
449 10.70211182544194
450 10.66274374452805
451 10.62355915812256
452 10.58455877131311
453 10.54573837017515
454 10.50710130784036
455 10.46863355953689
456 10.4303400377501
457 10.39222169577008
458 10.35428124932192
459 10.31650826454474
460 10.27891001087859
461 10.24148086327662
462 10.20421446197487
463 10.16711446817917
464 10.13018514605585
465 10.09342580991296
466 10.05683648010904
467 10.02041237859815
468 9.984136960232073
469 9.948037446567948
470 9.912089359554562
471 9.876312194241471
472 9.840693826308181
473 9.805237361868107
474 9.769945799542439
475 9.73480995125559
476 9.699847955263214
477 9.665035824633581
478 9.630380525488563
479 9.595880192712741
480 9.561519462795333
481 9.527312601633621
482 9.493260571191726
483 9.459366127260672
484 9.425628708158046
485 9.392044024229877
486 9.358616049366253
487 9.325332443615903
488 9.292198559860326
489 9.259211772035105
490 9.226372635930298
491 9.193680126736359
492 9.161134687906523
493 9.128735844450379
494 9.09647916734937
495 9.064364097133502
496 9.032393422189294
497 9.000569887440292
498 8.968882372166918
499 8.937339372778643
500 8.905941112872718
501 8.874685866898913
502 8.843570015568345
503 8.812597455073629
504 8.781757797628444
505 8.751052671023819
506 8.72048213895218
507 8.690047276437227
508 8.659752659535236
509 8.629588888660496
510 8.599561332113787
511 8.569666480888099
512 8.539905919225591
513 8.510278642866799
514 8.480780441068744
515 8.451415461304929
516 8.422180008487736
517 8.393066699188292
518 8.364083015424443
519 8.335230859950455
520 8.306506094650858
521 8.277918080533233
522 8.249450563456531
523 8.221117962741157
524 8.192901025321788
525 8.164806104889184
526 8.136836357118778
527 8.108989964213249
528 8.081265675510334
529 8.053664286502274
530 8.026185822682914
531 7.998827848979288
532 7.971590230545491
533 7.944474253286359
534 7.917466992299625
535 7.890587860916106
536 7.863822403266259
537 7.837160267752943
538 7.810637776948178
539 7.784231013067307
540 7.7579370153061
541 7.731756335547099
542 7.705194142940647
543 7.679564076695216
544 7.654055190621768
545 7.628416205446766
546 7.602206971204723
547 7.57695417210676
548 7.551873570055182
549 7.526662907617768
550 7.501406485633425
551 7.476246549430329
552 7.451233891390416
553 7.426368694099786
554 7.401637597937702
555 7.377031196722712
556 7.352539359442766
557 7.328152974894164
558 7.30385941301665
559 7.279666606064634
560 7.255576776650405
561 7.231589980933654
562 7.207707439999001
563 7.183922230861476
564 7.160241784375728
565 7.136668203026155
566 7.113202880665738
567 7.089837541018139
568 7.066573769128365
569 7.043410136742552
570 7.020351530734082
571 6.997389977186472
572 6.974526245463014
573 6.951761529432937
574 6.928652666090995
575 6.906381350013001
576 6.88420239641757
577 6.861884823516417
578 6.839066345312772
579 6.817095963434271
580 6.795272707193359
581 6.773337794012794
582 6.750918122077739
583 6.729317643217917
584 6.707861911680646
585 6.685837977020244
586 6.664549180733542
587 6.643360879064792
588 6.621578069977189
589 6.600537357223928
590 6.579610540125734
591 6.558108411020822
592 6.537335144203903
593 6.516674582450643
594 6.495459046971262
595 6.474948068848481
596 6.454549671814978
597 6.433610191729057
598 6.413363089275965
599 6.393226493292044
600 6.372988306659704
601 6.352715699357268
602 6.332525018847882
603 6.312454574419693
604 6.292504160356946
605 6.27266300383276
606 6.252914885131994
607 6.233259094982213
608 6.213690409666718
609 6.194202331399485
610 6.174791010720135
611 6.155460354960222
612 6.136205853126033
613 6.117017487110513
614 6.097918956474977
615 6.078905029511976
616 6.059971594940215
617 6.041118522448744
618 6.022342972973532
619 6.003304797891597
620 5.984917213548439
621 5.966601842190483
622 5.947824570175939
623 5.929638222789608
624 5.911522213410224
625 5.89294994927179
626 5.874967037153319
627 5.857071696259987
628 5.838737631730823
629 5.820977489257072
630 5.803303804023463
631 5.785205182618575
632 5.76766449484747
633 5.750212146950238
634 5.732348243274442
635 5.715037979452514
636 5.697816132055976
637 5.680167661805125
638 5.663073154632961
639 5.646065536504214
640 5.628984950586453
641 5.611550832465864
642 5.594728840023512
643 5.578016735548272
644 5.561235233839696
645 5.544105449129403
646 5.527578289933903
647 5.511149344085765
648 5.494646140836252
649 5.47811827305597
650 5.461641664852788
651 5.445251125906551
652 5.428952512499716
653 5.41273688625202
654 5.396599529485271
655 5.380537477914441
656 5.364546655089584
657 5.34862343582916
658 5.332761905015043
659 5.316958382942651
660 5.301214026585101
661 5.28554748687147
662 5.269945472323464
663 5.254402283035273
664 5.238921811114765
665 5.223503891627202
666 5.208148019516601
667 5.192849589372501
668 5.177622522606018
669 5.162459169055786
670 5.147357055314433
671 5.132308646292672
672 5.117320550953601
673 5.102397971118037
674 5.087541008902469
675 5.072747196552736
676 5.058017674292055
677 5.043344222238773
678 5.028459623560702
679 5.014090528603486
680 4.999759006134995
681 4.985081978577552
682 4.970862515802897
683 4.956682549723809
684 4.942157932655771
685 4.92809567014246
686 4.91408314386496
687 4.899728669501054
688 4.885834161053527
689 4.871975706283751
690 4.85807667928041
691 4.843911080226173
692 4.83021768001632
693 4.816593760276151
694 4.802939108798139
695 4.789276954878407
696 4.775651573530705
697 4.762088022007577
698 4.748589638739518
699 4.735158406153509
700 4.72179290728354
701 4.70848422329844
702 4.695231157762326
703 4.682038809797095
704 4.668905875611122
705 4.655835629220899
706 4.642823198277028
707 4.629860588086551
708 4.616940588476074
709 4.604062681317552
710 4.591229348486515
711 4.578440934356137
712 4.565703665493055
713 4.553020130971841
714 4.540392526533887
715 4.52782001785994
716 4.515300819733228
717 4.502833545529001
718 4.490415737813025
719 4.478047058292955
720 4.465727557408947
721 4.453456699707018
722 4.441232759527861
723 4.429057554635194
724 4.41693097951816
725 4.404853329274951
726 4.392823368748959
727 4.380840316556602
728 4.368903816547355
729 4.357014139600095
730 4.345171518042792
731 4.333376762768435
732 4.321627144978812
733 4.309924820298727
734 4.298268864003665
735 4.286659552811754
736 4.275095995988987
737 4.263579076611367
738 4.25210904539876
739 4.240685583745244
740 4.22930670988702
741 4.217971356462789
742 4.206679005038072
743 4.195428415868782
744 4.184228693780654
745 4.173074804907445
746 4.161963634236722
747 4.150894822551039
748 4.139867669413569
749 4.128882716239075
750 4.117939664224227
751 4.107039098664578
752 4.096181625409695
753 4.085367487436496
754 4.074595309173965
755 4.063865635571736
756 4.053176114941662
757 4.042523845340437
758 4.031921873486459
759 4.021366080151354
760 4.010855752626189
761 4.000388333596213
762 3.989960405746564
763 3.979571833717138
764 3.969220021672646
765 3.958905667797443
766 3.948628478238546
767 3.938387498099747
768 3.928185602882229
769 3.918023289688725
770 3.907901550370091
771 3.897819782548261
772 3.887778298700374
773 3.877776732190357
774 3.867813379248519
775 3.857901682035868
776 3.848026560811042
777 3.838191505969802
778 3.828380008393919
779 3.818596549263633
780 3.808852427869622
781 3.799150713188916
782 3.789492876658651
783 3.779848367877549
784 3.770260368409221
785 3.760715835323775
786 3.751213367263322
787 3.741747162635983
788 3.732315741098133
789 3.722918117139181
790 3.713556133657298
791 3.704228701040101
792 3.694935517902416
793 3.685673267541742
794 3.67644496575423
795 3.667251460368829
796 3.658096356036075
797 3.648975489155383
798 3.639889300369481
799 3.630838428901038
800 3.621812881697868
801 3.612829714706859
802 3.603885401133395
803 3.594975773581496
804 3.586101080863028
805 3.577261145756314
806 3.568453483245195
807 3.55968822731851
808 3.550736037213458
809 3.542138905303313
810 3.533552804935955
811 3.524737226690527
812 3.516237117221519
813 3.507736386146267
814 3.499211158811004
815 3.490687632617181
816 3.481997526613196
817 3.473644661827613
818 3.46530606724405
819 3.456946304678379
820 3.448433164541683
821 3.440196618290957
822 3.431974839098462
823 3.423728537246481
824 3.415335737188064
825 3.407210229661048
826 3.399103998621306
827 3.390976347061407
828 3.382846867990361
829 3.374740081044036
830 3.366666075488992
831 3.358632345236542
832 3.350637055800556
833 3.34267807806499
834 3.33474928985462
835 3.326851510586281
836 3.318980842212179
837 3.311141925294363
838 3.303334793535686
839 3.295552268281464
840 3.287792401438259
841 3.280059926622078
842 3.272355611628162
843 3.264682225270717
844 3.256855157657791
845 3.249340574130446
846 3.241836503221734
847 3.23411775739558
848 3.22667941084814
849 3.219248917083132
850 3.21179814557942
851 3.204348766021077
852 3.196738335438234
853 3.189436208708374
854 3.182143984249135
855 3.174831560333813
856 3.167328360951072
857 3.160131372114354
858 3.15294557946183
859 3.145735152176556
860 3.138343490619325
861 3.13124773247556
862 3.124165490012568
863 3.116889165340925
864 3.109875330279212
865 3.102864163074775
866 3.095670348459098
867 3.088732705608972
868 3.081794645426264
869 3.074681968487691
870 3.067816484801254
871 3.060953184047728
872 3.053919816592539
873 3.047128427204391
874 3.040338726205825
875 3.033362234728684
876 3.026645397890876
877 3.019931933976844
878 3.013032151509035
879 3.006388752740194
880 2.999751137139242
881 2.993095366179067
882 2.986263138666323
883 2.979711840114602
884 2.97318001778286
885 2.966635318015971
886 2.960081597646646
887 2.953539437926798
888 2.9470214975873
889 2.940530798746511
890 2.934064734524813
891 2.927622804361144
892 2.921202611250632
893 2.914800307463037
894 2.908423059715327
895 2.902072718008289
896 2.895743641939965
897 2.889436527687318
898 2.883151701016865
899 2.876888963628061
900 2.870645287523972
901 2.864415662940231
902 2.858213925268045
903 2.852043595743191
904 2.845892852923944
905 2.839762121559315
906 2.833652035395617
907 2.827563257492594
908 2.821496048456625
909 2.815450113546165
910 2.809425362520829
911 2.803421822717623
912 2.797439323916152
913 2.791481678292006
914 2.785542540391674
915 2.779623179916899
916 2.773724130677895
917 2.767844894113403
918 2.761986410580799
919 2.756149136892579
920 2.750332150989843
921 2.744535468834722
922 2.738762815463087
923 2.7330058114108
924 2.727268107287471
925 2.721550630161532
926 2.715853441861307
927 2.710176910299374
928 2.704519955861305
929 2.698881136934387
930 2.693259355695144
931 2.687657637847183
932 2.682076236279159
933 2.676512070413209
934 2.670968798683194
935 2.665445963018623
936 2.659945566831678
937 2.654463164774322
938 2.64899880128098
939 2.643553407443298
940 2.638126484192476
941 2.632718042904428
942 2.627329508396994
943 2.621956906269115
944 2.616600650421947
945 2.611262373904531
946 2.605939321605914
947 2.60063834669385
948 2.595357946035908
949 2.590095851869085
950 2.584851063001857
951 2.57962396127705
952 2.574414537522745
953 2.569223397773607
954 2.564049976438629
955 2.558896789455343
956 2.553759516255572
957 2.548639104879356
958 2.543538432232463
959 2.538453079862608
960 2.533384081953533
961 2.528331525372251
962 2.523295188554507
963 2.518277860773251
964 2.513276776632555
965 2.508293944978213
966 2.503327468235632
967 2.498376786228303
968 2.493445601415357
969 2.488530100410474
970 2.483629611790246
971 2.478745252064637
972 2.473876626737355
973 2.469025044985467
974 2.464189145622645
975 2.45936951818631
976 2.45456605956327
977 2.44977859308535
978 2.445007209758387
979 2.440251981271372
980 2.435512320056848
981 2.43078802647165
982 2.426079372325853
983 2.421386533022298
984 2.416707466136413
985 2.412044933060279
986 2.407398196580283
987 2.402769987247254
988 2.398157242918898
989 2.393437456520096
990 2.388905002433189
991 2.384383230267514
992 2.379732188367571
993 2.375248565816963
994 2.370768959007827
995 2.366158244591459
996 2.361717220260935
997 2.357281441757951
998 2.352716846708916
999 2.348319087508389
1000 2.343926375768977
1001 2.339405674520872
1002 2.335050680389872
1003 2.330700871794437
1004 2.326224209763905
1005 2.32191219388301
1006 2.317605861840336
1007 2.313172088561631
1008 2.308901286140162
1009 2.30463745088211
1010 2.300246674402004
1011 2.296017447050943
1012 2.291795450734551
1013 2.287447081971446
1014 2.28325903263159
1015 2.279078171842878
1016 2.274770683198323
1017 2.270621357294019
1018 2.266478751392928
1019 2.262213883724971
1020 2.258103936825426
1021 2.254000976390508
1022 2.249777515057202
1023 2.24570684488325
1024 2.241642935690491
1025 2.237462358971458
1026 2.233430889708959
1027 2.229405900128904
1028 2.22526640965405
1029 2.221274072343823
1030 2.217287278974334
1031 2.213186398868644
1032 2.209231231619858
1033 2.205282629921671
1034 2.201220259959304
1035 2.197300960363085
1036 2.193388858830985
1037 2.189366824743629
1038 2.18548652683573
1039 2.181612794334317
1040 2.177628475629222
1041 2.173784882936403
1042 2.169948038085523
1043 2.166000857871895
1044 2.162193250457872
1045 2.158392169474026
1046 2.154481519461853
1047 2.150709352495698
1048 2.14694391790134
1049 2.143070102296583
1050 2.139332985328292
1051 2.135602425971034
1052 2.131765420639633
1053 2.128063293947513
1054 2.124367200475909
1055 2.120566232951407
1056 2.116898788496647
1057 2.113237252094152
1058 2.109472352103385
1059 2.105838852929042
1060 2.102210269206294
1061 2.098480151165985
1062 2.09488028308746
1063 2.091285829837414
1064 2.087591723952108
1065 2.084025453665519
1066 2.080464112165918
1067 2.076804303162103
1068 2.07327105522808
1069 2.06974242058677
1070 2.066116543265891
1071 2.062615640650395
1072 2.059119310495078
1073 2.055526803924196
1074 2.052057762190878
1075 2.048593413115419
1076 2.045034763580601
1077 2.041597343142164
1078 2.038163591806622
1079 2.034637640246002
1080 2.031232569018596
1081 2.027831200082592
1082 2.02433695741649
1083 2.020962343894565
1084 2.017515415018799
1085 2.014170941301043
1086 2.010744889919582
1087 2.007419531924902
1088 2.004011989614273
1089 2.000704851610292
1090 1.997394134380446
1091 1.993993921979403
1092 1.990708795373367
1093 1.987426997297037
1094 1.984060955575247
1095 1.980806224298983
1096 1.97755450304688
1097 1.974218748871233
1098 1.970993275752936
1099 1.967770881847912
1100 1.964465406987571
1101 1.961268930548211
1102 1.958075355882238
1103 1.954799271761126
1104 1.951631341159166
1105 1.948466079527895
1106 1.945218944575077
1107 1.942079218741914
1108 1.938942331319045
1109 1.935723367122136
1110 1.932611718080161
1111 1.929502319438224
1112 1.926313959550759
1113 1.923230606891649
1114 1.920149575889816
1115 1.916989109405309
1116 1.913933840718114
1117 1.91088120281142
1118 1.907748048552253
1119 1.904720538601492
1120 1.901696081698567
1121 1.898590037609679
1122 1.895588381179841
1123 1.89258988613255
1124 1.889510651198526
1125 1.886534860503814
1126 1.883562188249753
1127 1.880506512868426
1128 1.877555698031418
1129 1.87460821454515
1130 1.871583614567459
1131 1.868659987124213
1132 1.865738389987954
1133 1.862739175828104
1134 1.859840675023634
1135 1.856880569445109
1136 1.854006646659199
1137 1.851063718576895
1138 1.848205463276929
1139 1.845278790162174
1140 1.842437178476821
1141 1.839527544539813
1142 1.836702226897819
1143 1.833809181802309
1144 1.831000079658743
1145 1.828124076038426
1146 1.825333562600496
1147 1.822474390514232
1148 1.819698793903453
1149 1.81685533363929
1150 1.814095536869192
1151 1.811331869819212
1152 1.808490800239304
1153 1.805746697937915
1154 1.803006469194639
1155 1.800192211109201
1156 1.797472656890013
1157 1.794755677438336
1158 1.791965663446232
1159 1.789269362574163
1160 1.786575867560051
1161 1.783810303246543
1162 1.781137296200656
1163 1.778466956487871
1164 1.775724986597287
1165 1.773074708648229
1166 1.770426228726158
1167 1.767706345089979
1168 1.765077645687971
1169 1.762450776697366
1170 1.759754525367543
1171 1.757147966144669
1172 1.754486999106248
1173 1.75190342353081
1174 1.749256238937475
1175 1.746685589763722
1176 1.744051995131443
1177 1.74149470777721
1178 1.738876093333864
1179 1.736333696360253
1180 1.733730153165915
1181 1.731201729475625
1182 1.728612679793121
1183 1.726098102632837
1184 1.723523764272272
1185 1.721023426645629
1186 1.718463510275238
1187 1.715977138547026
1188 1.713430032835587
1189 1.710956056804784
1190 1.708425069871779
1191 1.705964853006912
1192 1.703448051004144
1193 1.701001636719139
1194 1.698498971397009
1195 1.69606615224357
1196 1.693579511704579
1197 1.691162566633348
1198 1.688686048075264
1199 1.686280755456052
1200 1.683817675867392
1201 1.681425548273032
1202 1.678976039297635
1203 1.676597154254551
1204 1.674161202229315
1205 1.671795426063218
1206 1.66937242814537
1207 1.667019510693117
1208 1.664610308192111
1209 1.662270114528691
1210 1.659873285860583
1211 1.657544792760469
1212 1.655162390249604
1213 1.652846991642179
1214 1.650477387681499
1215 1.648174470447804
1216 1.645818242185306
1217 1.64352490881201
1218 1.641181877407146
1219 1.638902297562949
1220 1.636572726553485
1221 1.634305667912997
1222 1.63198865071574
1223 1.629733580509414
1224 1.627429285616254
1225 1.625186538745758
1226 1.622894798398937
1227 1.62066403398787
1228 1.618384450100177
1229 1.616165407755564
1230 1.613898276774943
1231 1.611691109327948
1232 1.609436154813308
1233 1.607240634878145
1234 1.604997339526964
1235 1.602813066389896
1236 1.60058131126643
1237 1.598408586070389
1238 1.596188737257333
1239 1.594027538008762
1240 1.591819922504837
1241 1.589670749261531
1242 1.587475079238529
1243 1.585337618087605
1244 1.583153300395632
1245 1.581027090071643
1246 1.578854118021913
1247 1.576739059653424
1248 1.574577447787723
1249 1.572473052380577
1250 1.570322974342424
1251 1.568229387421892
1252 1.566090801512011
1253 1.564008122430496
1254 1.561880654442819
1255 1.559808204795565
1256 1.557691812674292
1257 1.55563007764195
1258 1.553525172682071
1259 1.551474341727545
1260 1.549380456908333
1261 1.54734010263406
1262 1.545256562135248
1263 1.543226630376891
1264 1.54115457194927
1265 1.539135374271579
1266 1.537074331516904
1267 1.535065587369588
1268 1.533015297036923
1269 1.531016866793252
1270 1.528977326054836
1271 1.526989253544258
1272 1.524960377088456
1273 1.522982717715301
1274 1.52096423176066
1275 1.518996735203013
1276 1.516988801592467
1277 1.515031613684811
1278 1.513034121447661
1279 1.511087091858031
1280 1.509099854996601
1281 1.507162617615851
1282 1.505185135908717
1283 1.503257553887437
1284 1.501290290055955
1285 1.499372609362356
1286 1.497415571445228
1287 1.495507688052802
1288 1.49356058705937
1289 1.491662371470947
1290 1.489725205043382
1291 1.487836537298904
1292 1.485909196718013
1293 1.484029945031233
1294 1.482112531001705
1295 1.480242958489039
1296 1.478335255316061
1297 1.47647499139006
1298 1.474576849852113
1299 1.472725952227001
1300 1.470837435320231
1301 1.46899573178771
1302 1.467116351644447
1303 1.465283680549005
1304 1.4634140868583
1305 1.461590530644292
1306 1.459730247538349
1307 1.457915857223102
1308 1.456064705205254
1309 1.454259292588968
1310 1.452417728654951
1311 1.450621638382358
1312 1.448789340079563
1313 1.447002098261596
1314 1.445178731860293
1315 1.443400857115303
1316 1.441585854765274
1317 1.439816640570484
1318 1.438010476470923
1319 1.436250177653549
1320 1.434452898902536
1321 1.43270109565138
1322 1.43091258345788
1323 1.429169417010486
1324 1.42738980574759
1325 1.425655195464655
1326 1.423884718958265
1327 1.422158642197719
1328 1.420396694077466
1329 1.418678751549096
1330 1.416925370203855
1331 1.415215835495801
1332 1.413471180449202
1333 1.411770165914239
1334 1.410034263933156
1335 1.408341645549425
1336 1.406614234919517
1337 1.404929830205601
1338 1.403210856268925
1339 1.4015346060036
1340 1.399823939987037
1341 1.398155417898012
1342 1.396453181538795
1343 1.394792715883736
1344 1.393098763669075
1345 1.391446317837214
1346 1.38976051396002
1347 1.388115976382694
1348 1.386438301388682
1349 1.384801614671193
1350 1.383132139307
1351 1.381503413641017
1352 1.379841998197937
1353 1.378221153953852
1354 1.376567774827886
1355 1.374954716283675
1356 1.373309106125925
1357 1.371703354835355
1358 1.370065865274231
1359 1.368467785667971
1360 1.366838182372435
1361 1.365247625276405
1362 1.363625898569341
1363 1.362042943421154
1364 1.360429019383462
1365 1.358853619900795
1366 1.357247348538538
1367 1.355679258515312
1368 1.354080384693009
1369 1.352519660566818
1370 1.350928667487024
1371 1.349375652319711
1372 1.347792267693515
1373 1.346246621183978
1374 1.344670437366942
1375 1.343131254896571
1376 1.341562774033814
1377 1.340031007751553
1378 1.338470116138982
1379 1.336945657851369
1380 1.33539197011721
1381 1.333874635741423
1382 1.332327697908683
1383 1.330817281036976
1384 1.329277957694004
1385 1.327775040430409
1386 1.326243317186128
1387 1.324747393229385
1388 1.323222530616345
1389 1.321733442208643
1390 1.320215465899519
1391 1.318733210997728
1392 1.317222260557782
1393 1.315746773164021
1394 1.314242933594314
1395 1.312774394140745
1396 1.311277525819864
1397 1.309815813843422
1398 1.308325883086693
1399 1.306870944325591
1400 1.305387944497411
1401 1.303939733339518
1402 1.302463582296096
1403 1.301021954874281
1404 1.29955253450811
1405 1.298117391568011
1406 1.296654614952408
1407 1.295226066584292
1408 1.293770252613341
1409 1.29234818902048
1410 1.290899005251468
1411 1.289483512319471
1412 1.28804094618522
1413 1.286631895239317
1414 1.285195935745798
1415 1.283793241358568
1416 1.28236388820417
1417 1.280967590562344
1418 1.279544762288973
1419 1.2781547782122
1420 1.276738350659659
1421 1.275354647555201
1422 1.273944638178928
1423 1.272567159557654
1424 1.271163485480456
1425 1.269792442573503
1426 1.268394912625081
1427 1.267029883051196
1428 1.26563923337576
1429 1.264280457453764
1430 1.262895623103701
1431 1.26154315152463
1432 1.260164298690107
1433 1.258817711603721
1434 1.257444974976747
1435 1.256104501186452
1436 1.25473807672661
1437 1.253403658657251
1438 1.252043345518064
1439 1.250714741023696
1440 1.249360413080987
1441 1.248037845915428
1442 1.24668942643355
1443 1.245372613227494
1444 1.244030310593319
1445 1.24271963887514
1446 1.241382747952541
1447 1.240077482141678
1448 1.238747060165833
1449 1.237447419007928
1450 1.236123369066158
1451 1.234829529258322
1452 1.233511274126536
1453 1.232223532662743
1454 1.230911596541674
1455 1.229629514865642
1456 1.228322846217008
1457 1.227045979455177
1458 1.225744894238805
1459 1.224473688503201
1460 1.223178367481425
1461 1.221912760107665
1462 1.220623132996003
1463 1.219363047423176
1464 1.21807908908207
1465 1.216824502609958
1466 1.215546141551848
1467 1.21429687451671
1468 1.213024071076916
1469 1.211780189823255
1470 1.21051233074477
1471 1.209273547366501
1472 1.208000885075909
1473 1.206772853074207
1474 1.205522807901664
1475 1.204278711301356
1476 1.203056899674575
1477 1.201798538973578
1478 1.200583524071527
1479 1.199346852040561
1480 1.198115930613706
1481 1.196907543263153
1482 1.195662635339804
1483 1.194460277532004
1484 1.193237040576012
1485 1.192019686951964
1486 1.190823540608211
1487 1.189592808128392
1488 1.188403164306305
1489 1.187193206954972
1490 1.185988660436116
1491 1.184805424627013
1492 1.183587582399255
1493 1.182410552985758
1494 1.18121318078183
1495 1.180021810979817
1496 1.178850928048185
1497 1.177646524124862
1498 1.176481997978146
1499 1.175297572818509
1500 1.174118430385445
1501 1.172944540648942
1502 1.171774171757305
1503 1.170606392836423
1504 1.169440549017047
1505 1.168277327410544
1506 1.167116305442728
1507 1.165958030141973
1508 1.164801969458322
1509 1.163648598856704
1510 1.162497417671333
1511 1.161348883304023
1512 1.160202513362161
1513 1.159058746641215
1514 1.157917126330409
1515 1.156778173755721
1516 1.155641325946539
1517 1.154507067441517
1518 1.153374970422163
1519 1.152260697048046
1520 1.151111880890073
1521 1.150002450304249
1522 1.148873600376375
1523 1.147750332658094
1524 1.146646687458294
1525 1.145510687427986
1526 1.144412853942369
1527 1.143295998585877
1528 1.142184073087611
1529 1.141091977061717
1530 1.139967580440322
1531 1.138881134402387
1532 1.137775607743472
1533 1.136675272565573
1534 1.135593965460202
1535 1.134481573774508
1536 1.133405988266748
1537 1.132312823113729
1538 1.131223900248812
1539 1.130139709362651
1540 1.129058397746747
1541 1.127979445679747
1542 1.126902415703368
1543 1.125827690166701
1544 1.124755022968317
1545 1.123684703140316
1546 1.122616437416395
1547 1.121550493609559
1548 1.120486590137251
1549 1.119424983779552
1550 1.118365394136473
1551 1.117308074214286
1552 1.116252796179447
1553 1.115199638958358
1554 1.114148617689451
1555 1.113099921361266
1556 1.112053249853717
1557 1.111008794851093
1558 1.109966339092517
1559 1.108926089799202
1560 1.107887847485661
1561 1.106851798372899
1562 1.105817852850688
1563 1.104786057574238
1564 1.103756204802945
1565 1.10272847874039
1566 1.10170273085592
1567 1.100679139634242
1568 1.09965753342735
1569 1.098638072819969
1570 1.097620586307485
1571 1.09660521865613
1572 1.095591811647987
1573 1.094580517655885
1574 1.09357114653827
1575 1.092563860305426
1576 1.091558536275343
1577 1.090555345502465
1578 1.089554216557251
1579 1.088555096534648
1580 1.087557839323829
1581 1.086562616489662
1582 1.085569313061954
1583 1.084577999794773
1584 1.083588605602457
1585 1.082601222707647
1586 1.081615766224277
1587 1.080632300303552
1588 1.07965073683734
1589 1.078671151211628
1590 1.077693460845362
1591 1.076717741744135
1592 1.075743904913386
1593 1.074772016123507
1594 1.073802016026375
1595 1.07283397923997
1596 1.071867814289948
1597 1.07090357133811
1598 1.069941158361349
1599 1.06898070156418
1600 1.068022097626046
1601 1.067065280080651
1602 1.066110415421492
1603 1.065157488099658
1604 1.064206378546499
1605 1.063257158806632
1606 1.062309758164261
1607 1.061364250520381
1608 1.060420551050435
1609 1.059478733218636
1610 1.058538710877129
1611 1.057600561533681
1612 1.056664192150576
1613 1.055729493338486
1614 1.054796722995823
1615 1.053865888764644
1616 1.052936805753058
1617 1.052009475237126
1618 1.051083926083561
1619 1.050160226248187
1620 1.049238281439077
1621 1.048318169653629
1622 1.047399786240905
1623 1.046483180041618
1624 1.045568128984953
1625 1.044654860697239
1626 1.04374348586751
1627 1.042833976126321
1628 1.041926193152509
1629 1.041020156629172
1630 1.040115818189001
1631 1.0392132268779
1632 1.038312348916841
1633 1.037413223335668
1634 1.036515785399292
1635 1.035620098287942
1636 1.034726107473994
1637 1.033833862557983
1638 1.032943267252894
1639 1.03205437821209
1640 1.031167175646013
1641 1.03028168643585
1642 1.029397865812258
1643 1.028515731608611
1644 1.02763526164463
1645 1.026756469458274
1646 1.025879330783109
1647 1.025003862403519
1648 1.024130043457008
1649 1.023257888213252
1650 1.022387373569649
1651 1.021518506686084
1652 1.020651269761234
1653 1.019785680341846
1654 1.018921719176692
1655 1.018059375002633
1656 1.017198634743147
1657 1.01633953713722
1658 1.015482058166839
1659 1.014626415996143
1660 1.013772181016013
1661 1.012919513025672
1662 1.012068425509093
1663 1.011218978680352
1664 1.010371086331969
1665 1.009524802554082
1666 1.008680053922613
1667 1.007836906966519
1668 1.006995224089447
1669 1.006155133200741
1670 1.005316648618053
1671 1.004479792865251
1672 1.003644479357807
1673 1.002810741157398
1674 1.001978520228904
1675 1.00114786370531
1676 1.000318718459325
1677 0.9994911315300337
1678 0.9986649129375493
1679 0.997840492136893
1680 0.9970176081052552
1681 0.9961961575798663
1682 0.9953761610593896
1683 0.9945577100619885
1684 0.9937407614465594
1685 0.9929253357984426
1686 0.992111394841482
1687 0.9912989714628206
1688 0.9904880238569835
1689 0.9896785840812631
1690 0.9888706092504063
1691 0.9880641396813439
1692 0.9872591252524118
1693 0.9864556175866931
1694 0.9856535573563676
1695 0.9848529931385199
1696 0.9840538594617321
1697 0.9832562133160986
1698 0.9824598904857126
1699 0.9816651417711528
1700 0.9808718132718168
1701 0.9800799732919331
1702 0.9792895208823935
1703 0.9785005594471584
1704 0.9777129840302545
1705 0.9769268901858718
1706 0.9761421731075709
1707 0.9753589301901455
1708 0.9745770499576752
1709 0.9737966160886408
1710 0.9730175378277715
1711 0.9722399344647771
1712 0.9714636958520425
1713 0.9706889272662548
1714 0.9699154995318133
1715 0.9691435235287776
1716 0.9683728777847643
1717 0.9676036772541463
1718 0.9668358017356014
1719 0.9660693702273719
1720 0.9653042557653232
1721 0.9645405701560317
1722 0.9637781977704767
1723 0.9630172665596169
1724 0.9622576258465952
1725 0.9614994217700482
1726 0.9607424952120841
1727 0.9599870084542261
1728 0.959232785919647
1729 0.9584799947009327
1730 0.9577284940524596
1731 0.956978398941935
1732 0.9562295502392818
1733 0.9554821100762035
1734 0.9547359260662325
1735 0.953991151494509
1736 0.9532476226561731
1737 0.9525054944515196
1738 0.9517645984589413
1739 0.9510250988624158
1740 0.9502869411702646
1741 0.9495500598757872
1742 0.9488144115227389
1743 0.9480801251602775
1744 0.9473470888078451
1745 0.9466152295473919
1746 0.9458846901716286
1747 0.9451555656123367
1748 0.9444276976259016
1749 0.9437011752969006
1750 0.9429758634576862
1751 0.9422518764642921
1752 0.9415291119196334
1753 0.940807672683862
1754 0.94008744759767
1755 0.9393686717789355
1756 0.9386509997536107
1757 0.937934616884736
1758 0.9372193922227783
1759 0.9365054362550644
1760 0.9357926743969894
1761 0.9350812723673591
1762 0.9343710678875707
1763 0.9336621743883095
1764 0.932954433355585
1765 0.9322479885372708
1766 0.9315427130817097
1767 0.9308386821463328
1768 0.9301358008304856
1769 0.9294342417453633
1770 0.9287338715801343
1771 0.9280348961203536
1772 0.9273370232397371
1773 0.9266403621285608
1774 0.925944806447545
1775 0.9252505102874935
1776 0.9245573773001766
1777 0.923865522637372
1778 0.9231747973936699
1779 0.9224853112412087
1780 0.9217969244247786
1781 0.921109826657655
1782 0.9204238404540176
1783 0.9197390924669153
1784 0.919055458186124
1785 0.9183730667162529
1786 0.9176917906955063
1787 0.917011747328906
1788 0.9163328128711585
1789 0.9156551122477391
1790 0.9149785107029396
1791 0.9143031086543176
1792 0.9136287981552383
1793 0.9129557071526317
1794 0.9122836890539676
1795 0.9116128890801813
1796 0.9109432081307793
1797 0.9102747179584787
1798 0.9096073214320334
1799 0.9089411040276415
1800 0.9082759840154667
1801 0.9076120343633236
1802 0.9069491776319727
1803 0.9062874844261366
1804 0.9056269124861062
1805 0.9049674762865082
1806 0.904309101985627
1807 0.9036519149412983
1808 0.9029957742322419
1809 0.9023407815612131
1810 0.9016868556501018
1811 0.9010340719709766
1812 0.9003823550878035
1813 0.8997317740094225
1814 0.8990822549776315
1815 0.8984338657608053
1816 0.8977865316711405
1817 0.8971403201877057
1818 0.8964951581380969
1819 0.8958511169888844
1820 0.8952081177452751
1821 0.8945662411553708
1822 0.8939254077446391
1823 0.8932856885219033
1824 0.8926470033013107
1825 0.892009425935952
1826 0.8913728783494016
1827 0.8907374318803357
1828 0.8901030113407628
1829 0.8894696866181276
1830 0.8888373857060019
1831 0.8882061754229572
1832 0.8875759819258402
1833 0.8869468725058246
1834 0.8863187775698552
1835 0.8856917632292436
1836 0.8850657598721453
1837 0.884440830009065
1838 0.8838168838271239
1839 0.8831940074863881
1840 0.88257214388191
1841 0.8819513455827515
1842 0.8813315520013837
1843 0.8807128183531553
1844 0.8800950731978556
1845 0.8794783803639931
1846 0.8788626812144043
1847 0.8782480315811629
1848 0.8776343639605378
1849 0.8770217307481751
1850 0.8764100922882078
1851 0.8757994875479592
1852 0.8751898594185034
1853 0.8745812554682872
1854 0.8739736293022965
1855 0.8733670199185755
1856 0.8727613860945524
1857 0.8721567888091981
1858 0.8715531667653196
1859 0.8709505240225796
1860 0.8703488424865157
1861 0.8697481558113561
1862 0.8691484446796914
1863 0.8685497227028263
1864 0.8679519706448802
1865 0.8673552026160192
1866 0.8667594009589517
1867 0.8661645785537696
1868 0.865570717622428
1869 0.8649778306992119
1870 0.864385902080715
1871 0.8637949394738497
1872 0.8632049460833615
1873 0.8626159102379712
1874 0.8620278173691278
1875 0.8614406821724313
1876 0.8608544549589686
1877 0.8602691899753151
1878 0.8596848892513353
1879 0.8591015544089374
1880 0.8585191620178314
1881 0.8579377146693289
1882 0.8573571999115129
1883 0.8567776248142677
1884 0.8561989829136185
1885 0.8556212755192376
1886 0.8550444953003145
1887 0.8544686452905872
1888 0.8538937198315026
1889 0.8533197215000615
1890 0.8527466449358544
1891 0.8521744905417156
1892 0.8516032187460268
1893 0.8510328681133599
1894 0.8504634504482812
1895 0.8498949639462661
1896 0.8493273906662998
1897 0.8487607250756278
1898 0.848194961155711
1899 0.8476301023276328
1900 0.8470661456928723
1901 0.8465030924800251
1902 0.8459409350587452
1903 0.8453796750999805
1904 0.8448193073006361
1905 0.8442598331754837
1906 0.8437012390889825
1907 0.8431435312469657
1908 0.8425867156623718
1909 0.842030783176891
1910 0.8414757374853127
1911 0.840921575765151
1912 0.8403682937733156
1913 0.8398158907003029
1914 0.8392643636837044
1915 0.8387137105262337
1916 0.838163928056047
1917 0.8376150147322799
1918 0.8370669692110809
1919 0.8365197895222986
1920 0.8359734741517463
1921 0.8354280201460729
1922 0.83488341754162
1923 0.8343396763958607
1924 0.8337967883497324
1925 0.8332547521609336
1926 0.832713570442962
1927 0.8321732336759955
1928 0.8316337485294505
1929 0.8310951115841707
1930 0.8305573288711277
1931 0.8300203849761406
1932 0.829484288876335
1933 0.8289490508768919
1934 0.828414614656381
1935 0.8278810239831311
1936 0.8273482695371407
1937 0.826816475274104
1938 0.8262854475706888
1939 0.8257551941189335
1940 0.8252257408533924
1941 0.8246971188093222
1942 0.8241693288308861
1943 0.8236423652203585
1944 0.823116208257301
1945 0.82259087336492
1946 0.8220663549663082
1947 0.8215426557200666
1948 0.8210197667863398
1949 0.8204976909969934
1950 0.8199764219890433
1951 0.8194559410921386
1952 0.8189363003997985
1953 0.8184174294436672
1954 0.8178993864910908
1955 0.8173821206080377
1956 0.816865683978251
1957 0.8163500208079716
1958 0.8158351709275835
1959 0.8153210820168043
1960 0.8148078298490631
1961 0.8142953067652425
1962 0.8137836178540191
1963 0.8132726898577959
1964 0.8127625795406118
1965 0.8122532153877688
1966 0.8117446641240742
1967 0.8112368614226317
1968 0.8107298652536782
1969 0.8102236067798267
1970 0.8097181599124976
1971 0.8092134604796304
1972 0.8087095615644017
1973 0.8082064046540721
1974 0.8077040461997009
1975 0.8072024259238462
1976 0.8067016001329543
1977 0.8062015099471854
1978 0.8057022112382162
1979 0.8052036442261458
1980 0.8047058656291871
1981 0.8042088155241299
1982 0.8037125505392726
1983 0.8032170112280368
1984 0.8027222536991661
1985 0.8022282188180085
1986 0.8017349624055181
1987 0.8012424261007355
1988 0.800750668276679
1989 0.8002596244269999
1990 0.7997693526320756
1991 0.7992797941168623
1992 0.7987910057609113
1993 0.7983029154326795
1994 0.7978155984527907
1995 0.7973289865929578
1996 0.796843143618698
1997 0.7963580013278893
1998 0.7958736213327863
1999 0.7953899364661169
2000 0.7949070131852386
