"drag-rfile"
"Iteration" "drag"
("Iteration" "drag")
1 0.004103687
2 0.004110712
3 0.004107379
4 0.00410428
5 0.0041017
6 0.004100951
7 0.004100503
8 0.004100052
9 0.004099433
10 0.004098789
11 0.004097866
12 0.004097053
13 0.004096378
14 0.004095736
15 0.004095229
16 0.004094729
17 0.004094324
18 0.004093915
19 0.004093529
20 0.00409316
21 0.004092783
22 0.004092389
23 0.004092015
24 0.004091655
25 0.004091287
26 0.004090915
27 0.004090561
28 0.004090196
29 0.004089821
30 0.004089443
31 0.004089049
32 0.004088689
33 0.004088315
34 0.004087933
35 0.004087562
36 0.004087175
37 0.004086795
38 0.004086402
39 0.004086019
40 0.00408563
41 0.004085236
42 0.00408486
43 0.004084473
44 0.004084078
45 0.004083707
46 0.004083324
47 0.004082936
48 0.004082561
49 0.004082177
50 0.004081795
51 0.004081415
52 0.004081033
53 0.004080634
54 0.004080248
55 0.004079874
56 0.004079469
57 0.004079079
58 0.004078693
59 0.004078287
60 0.004077889
61 0.004077481
62 0.004077082
63 0.004076669
64 0.004076282
65 0.00407588
66 0.004075473
67 0.004075053
68 0.004074637
69 0.004074228
70 0.004073812
71 0.004073406
72 0.004072988
73 0.004072586
74 0.004072167
75 0.00407176
76 0.004071347
77 0.004070918
78 0.004070516
79 0.004070098
80 0.004069683
81 0.004069278
82 0.004068872
83 0.004068469
84 0.004068057
85 0.004067643
86 0.00406724
87 0.004066831
88 0.004066401
89 0.004066004
90 0.004065601
91 0.004065192
92 0.004064783
93 0.004064398
94 0.004064007
95 0.004063611
96 0.004063217
97 0.004062828
98 0.004062437
99 0.004062047
100 0.004061663
101 0.004061273
102 0.004060865
103 0.004060474
104 0.004060091
105 0.004059698
106 0.00405931
107 0.004058925
108 0.004058551
109 0.004058157
110 0.004057772
111 0.004057383
112 0.004056994
113 0.004056624
114 0.004056242
115 0.004055865
116 0.004055503
117 0.004055119
118 0.004054749
119 0.00405437
120 0.004053998
121 0.004053627
122 0.004053273
123 0.004052895
124 0.004052509
125 0.004052151
126 0.004051799
127 0.00405143
128 0.004051068
129 0.004050716
130 0.004050355
131 0.004049994
132 0.004049629
133 0.004049275
134 0.004048918
135 0.00404857
136 0.004048227
137 0.004047873
138 0.004047525
139 0.004047177
140 0.004046829
141 0.004046487
142 0.004046157
143 0.00404581
144 0.004045474
145 0.004045112
146 0.004044777
147 0.00404446
148 0.004044114
149 0.004043786
150 0.004043453
151 0.004043114
152 0.004042785
153 0.004042458
154 0.004042132
155 0.004041803
156 0.004041481
157 0.004041153
158 0.004040843
159 0.004040513
160 0.004040196
161 0.004039888
162 0.004039564
163 0.004039234
164 0.004038914
165 0.004038597
166 0.004038285
167 0.004037973
168 0.004037668
169 0.004037354
170 0.004037031
171 0.004036715
172 0.00403642
173 0.004036108
174 0.004035804
175 0.0040355
176 0.004035203
177 0.004034913
178 0.004034607
179 0.00403431
180 0.00403401
181 0.004033716
182 0.004033422
183 0.004033118
184 0.004032823
185 0.004032528
186 0.004032226
187 0.004031931
188 0.004031643
189 0.004031354
190 0.004031072
191 0.004030781
192 0.004030491
193 0.004030203
194 0.004029914
195 0.004029636
196 0.004029354
197 0.004029069
198 0.004028786
199 0.004028503
200 0.004028224
201 0.004027954
202 0.004027674
203 0.004027387
204 0.004027101
205 0.004026831
206 0.004026561
207 0.004026272
208 0.004025995
209 0.004025732
210 0.004025452
211 0.004025178
212 0.004024922
213 0.00402466
214 0.004024386
215 0.004024118
216 0.004023862
217 0.004023586
218 0.004023317
219 0.004023052
220 0.004022797
221 0.004022526
222 0.004022265
223 0.004022
224 0.004021733
225 0.004021463
226 0.004021205
227 0.004020951
228 0.004020693
229 0.004020419
230 0.00402016
231 0.004019913
232 0.004019638
233 0.004019376
234 0.004019122
235 0.004018864
236 0.004018609
237 0.004018349
238 0.004018098
239 0.004017845
240 0.004017593
241 0.004017335
242 0.004017083
243 0.00401683
244 0.004016566
245 0.004016316
246 0.004016055
247 0.004015794
248 0.004015547
249 0.004015305
250 0.004015064
251 0.004014813
252 0.004014562
253 0.004014302
254 0.00401404
255 0.00401379
256 0.00401355
257 0.004013311
258 0.004013071
259 0.004012829
260 0.004012583
261 0.004012335
262 0.004012096
263 0.00401184
264 0.004011599
265 0.004011369
266 0.004011113
267 0.004010877
268 0.004010643
269 0.004010421
270 0.004010171
271 0.004009924
272 0.004009673
273 0.00400943
274 0.004009196
275 0.004008973
276 0.004008738
277 0.004008497
278 0.004008268
279 0.004008035
280 0.004007807
281 0.004007583
282 0.004007336
283 0.00400711
284 0.00400688
285 0.004006642
286 0.004006409
287 0.004006172
288 0.004005948
289 0.004005705
290 0.004005482
291 0.004005256
292 0.004005032
293 0.004004808
294 0.004004565
295 0.004004345
296 0.004004124
297 0.0040039
298 0.004003683
299 0.004003464
300 0.004003241
301 0.004003015
302 0.004002806
303 0.004002586
304 0.004002362
305 0.004002129
306 0.004001911
307 0.004001698
308 0.004001475
309 0.004001271
310 0.004001056
311 0.004000834
312 0.00400061
313 0.004000405
314 0.004000193
315 0.00399998
316 0.003999762
317 0.003999531
318 0.003999318
319 0.003999114
320 0.003998908
321 0.003998709
322 0.00399849
323 0.003998282
324 0.003998072
325 0.003997859
326 0.003997651
327 0.003997458
328 0.003997246
329 0.003997036
330 0.003996819
331 0.003996624
332 0.003996418
333 0.003996225
334 0.00399603
335 0.003995824
336 0.003995623
337 0.003995426
338 0.003995215
339 0.003995016
340 0.003994816
341 0.003994619
342 0.00399443
343 0.003994235
344 0.00399404
345 0.003993852
346 0.003993651
347 0.003993463
348 0.003993278
349 0.003993089
350 0.003992896
351 0.003992703
352 0.003992517
353 0.003992332
354 0.003992153
355 0.003991961
356 0.003991775
357 0.00399159
358 0.0039914
359 0.003991208
360 0.003991024
361 0.003990831
362 0.003990649
363 0.003990465
364 0.003990282
365 0.003990105
366 0.003989924
367 0.003989744
368 0.003989559
369 0.003989369
370 0.003989181
371 0.003989002
372 0.003988827
373 0.003988646
374 0.003988472
375 0.003988295
376 0.003988109
377 0.003987939
378 0.003987757
379 0.003987586
380 0.003987413
381 0.003987237
382 0.003987074
383 0.003986907
384 0.003986736
385 0.003986551
386 0.003986374
387 0.003986191
388 0.003986014
389 0.003985837
390 0.003985671
391 0.003985509
392 0.003985346
393 0.00398518
394 0.003985008
395 0.003984837
396 0.003984653
397 0.003984489
398 0.003984332
399 0.003984153
400 0.003983998
401 0.003983836
402 0.003983671
403 0.003983508
404 0.00398334
405 0.00398318
406 0.00398303
407 0.003982864
408 0.003982702
409 0.003982541
410 0.003982382
411 0.003982217
412 0.003982052
413 0.003981888
414 0.003981718
415 0.003981562
416 0.003981407
417 0.003981248
418 0.003981087
419 0.003980923
420 0.00398077
421 0.003980611
422 0.003980456
423 0.003980294
424 0.003980143
425 0.003979993
426 0.003979841
427 0.003979697
428 0.00397954
429 0.003979391
430 0.003979236
431 0.003979078
432 0.003978926
433 0.003978771
434 0.003978619
435 0.00397847
436 0.003978313
437 0.003978157
438 0.003977999
439 0.003977855
440 0.003977702
441 0.00397756
442 0.003977412
443 0.003977262
444 0.003977116
445 0.003976966
446 0.003976812
447 0.003976664
448 0.003976511
449 0.003976366
450 0.003976224
451 0.003976074
452 0.003975929
453 0.003975787
454 0.003975646
455 0.003975497
456 0.003975361
457 0.003975215
458 0.003975073
459 0.003974936
460 0.00397479
461 0.003974642
462 0.003974499
463 0.003974357
464 0.003974222
465 0.003974096
466 0.003973957
467 0.003973815
468 0.003973678
469 0.003973546
470 0.003973398
471 0.003973263
472 0.003973121
473 0.003972987
474 0.003972854
475 0.003972722
476 0.003972591
477 0.003972457
478 0.003972317
479 0.003972187
480 0.003972051
481 0.003971918
482 0.003971788
483 0.003971651
484 0.003971526
485 0.003971399
486 0.003971272
487 0.003971138
488 0.003971007
489 0.003970883
490 0.003970745
491 0.003970621
492 0.003970492
493 0.003970362
494 0.00397023
495 0.003970109
496 0.003969977
497 0.003969848
498 0.003969717
499 0.003969592
500 0.003969465
501 0.003969343
502 0.00396922
503 0.0039691
504 0.003968969
505 0.003968843
506 0.003968718
507 0.003968594
508 0.003968473
509 0.00396835
510 0.00396823
511 0.003968108
512 0.003967986
513 0.003967871
514 0.003967755
515 0.003967638
516 0.003967518
517 0.0039674
518 0.00396728
519 0.003967158
520 0.003967033
521 0.003966917
522 0.0039668
523 0.003966675
524 0.00396656
525 0.003966435
526 0.003966313
527 0.003966207
528 0.003966093
529 0.003965982
530 0.00396587
531 0.003965752
532 0.003965639
533 0.003965521
534 0.003965401
535 0.003965294
536 0.003965185
537 0.003965077
538 0.00396496
539 0.003964859
540 0.003964742
541 0.003964632
542 0.003964528
543 0.003964416
544 0.003964306
545 0.003964202
546 0.003964095
547 0.003963987
548 0.003963873
549 0.003963766
550 0.003963646
551 0.003963541
552 0.003963431
553 0.003963329
554 0.003963221
555 0.003963112
556 0.003963001
557 0.003962894
558 0.003962792
559 0.003962685
560 0.003962582
561 0.003962467
562 0.003962359
563 0.003962247
564 0.003962137
565 0.003962032
566 0.00396193
567 0.003961822
568 0.003961722
569 0.003961614
570 0.003961509
571 0.003961404
572 0.003961305
573 0.003961204
574 0.003961104
575 0.003961006
576 0.003960907
577 0.003960811
578 0.003960706
579 0.003960605
580 0.003960504
581 0.00396041
582 0.003960309
583 0.003960208
584 0.003960114
585 0.00396001
586 0.003959915
587 0.00395982
588 0.003959724
589 0.003959635
590 0.003959535
591 0.003959441
592 0.003959344
593 0.003959252
594 0.003959162
595 0.003959059
596 0.003958968
597 0.003958875
598 0.003958776
599 0.003958676
600 0.003958584
601 0.003958488
602 0.003958395
603 0.003958303
604 0.003958211
605 0.003958119
606 0.003958023
607 0.003957926
608 0.003957842
609 0.003957747
610 0.003957656
611 0.003957572
612 0.003957478
613 0.003957392
614 0.003957296
615 0.003957208
616 0.003957122
617 0.003957029
618 0.003956942
619 0.003956855
620 0.003956771
621 0.003956682
622 0.003956594
623 0.003956502
624 0.003956405
625 0.003956317
626 0.003956227
627 0.003956146
628 0.003956051
629 0.003955966
630 0.003955881
631 0.003955794
632 0.003955713
633 0.003955624
634 0.003955538
635 0.003955452
636 0.003955366
637 0.00395528
638 0.003955192
639 0.003955113
640 0.003955033
641 0.003954953
642 0.003954872
643 0.003954787
644 0.003954708
645 0.003954621
646 0.003954535
647 0.003954454
648 0.003954374
649 0.003954286
650 0.003954204
651 0.003954123
652 0.00395404
653 0.003953961
654 0.003953883
655 0.003953794
656 0.003953709
657 0.00395363
658 0.003953559
659 0.003953482
660 0.003953404
661 0.003953319
662 0.003953239
663 0.003953154
664 0.003953074
665 0.003952989
666 0.00395291
667 0.003952832
668 0.003952752
669 0.003952675
670 0.003952595
671 0.003952522
672 0.003952444
673 0.003952366
674 0.003952295
675 0.00395222
676 0.003952138
677 0.003952066
678 0.003951992
679 0.003951918
680 0.003951847
681 0.003951766
682 0.003951691
683 0.003951611
684 0.003951543
685 0.003951466
686 0.003951386
687 0.003951306
688 0.003951232
689 0.003951156
690 0.003951082
691 0.003951007
692 0.003950936
693 0.003950863
694 0.003950788
695 0.003950711
696 0.003950641
697 0.003950573
698 0.003950496
699 0.003950424
700 0.003950347
701 0.003950277
702 0.003950213
703 0.003950136
704 0.003950058
705 0.003949991
706 0.003949918
707 0.003949848
708 0.003949775
709 0.003949713
710 0.003949641
711 0.00394957
712 0.003949501
713 0.003949435
714 0.003949366
715 0.003949301
716 0.003949229
717 0.003949166
718 0.003949092
719 0.003949021
720 0.003948953
721 0.003948886
722 0.00394882
723 0.003948757
724 0.003948689
725 0.003948624
726 0.003948551
727 0.003948483
728 0.003948418
729 0.003948347
730 0.003948282
731 0.003948221
732 0.00394815
733 0.003948085
734 0.00394802
735 0.003947951
736 0.003947889
737 0.003947825
738 0.003947756
739 0.00394769
740 0.003947618
741 0.003947554
742 0.003947491
743 0.003947433
744 0.003947371
745 0.003947305
746 0.003947251
747 0.003947183
748 0.003947121
749 0.003947055
750 0.003946989
751 0.003946928
752 0.003946869
753 0.003946805
754 0.003946739
755 0.003946678
756 0.003946612
757 0.003946555
758 0.003946489
759 0.00394642
760 0.003946352
761 0.003946289
762 0.003946232
763 0.003946176
764 0.003946116
765 0.003946056
766 0.003945993
767 0.003945929
768 0.003945868
769 0.003945813
770 0.003945752
771 0.00394569
772 0.003945628
773 0.003945574
774 0.003945515
775 0.003945459
776 0.003945403
777 0.003945344
778 0.003945286
779 0.003945228
780 0.003945169
781 0.003945115
782 0.003945055
783 0.003944994
784 0.003944938
785 0.003944883
786 0.003944827
787 0.003944768
788 0.003944709
789 0.003944656
790 0.003944594
791 0.003944537
792 0.00394448
793 0.003944422
794 0.003944369
795 0.003944316
796 0.003944262
797 0.003944211
798 0.003944156
799 0.003944102
800 0.003944047
801 0.003943987
802 0.003943927
803 0.003943874
804 0.003943821
805 0.003943765
806 0.003943713
807 0.003943658
808 0.003943605
809 0.003943551
810 0.003943502
811 0.003943446
812 0.00394339
813 0.003943331
814 0.003943278
815 0.003943231
816 0.003943182
817 0.003943127
818 0.003943074
819 0.003943019
820 0.003942967
821 0.003942916
822 0.003942867
823 0.003942818
824 0.003942766
825 0.003942719
826 0.003942661
827 0.003942612
828 0.00394256
829 0.003942509
830 0.003942459
831 0.00394241
832 0.003942359
833 0.003942306
834 0.003942256
835 0.003942208
836 0.003942157
837 0.003942103
838 0.003942051
839 0.003942005
840 0.003941958
841 0.003941908
842 0.003941857
843 0.003941807
844 0.003941754
845 0.003941698
846 0.003941648
847 0.003941597
848 0.003941549
849 0.003941501
850 0.003941455
851 0.003941411
852 0.003941358
853 0.00394131
854 0.003941259
855 0.003941213
856 0.003941163
857 0.003941117
858 0.00394107
859 0.003941026
860 0.003940979
861 0.003940935
862 0.003940887
863 0.003940838
864 0.003940787
865 0.00394074
866 0.003940696
867 0.003940652
868 0.003940606
869 0.003940557
870 0.003940514
871 0.003940468
872 0.003940422
873 0.003940375
874 0.00394033
875 0.003940286
876 0.00394024
877 0.003940194
878 0.003940149
879 0.003940105
880 0.003940058
881 0.00394001
882 0.003939962
883 0.003939914
884 0.00393987
885 0.00393982
886 0.003939772
887 0.003939729
888 0.003939683
889 0.003939637
890 0.003939591
891 0.003939549
892 0.003939506
893 0.003939465
894 0.003939422
895 0.003939379
896 0.003939337
897 0.003939295
898 0.00393925
899 0.003939206
900 0.003939162
901 0.00393912
902 0.003939078
903 0.003939032
904 0.00393899
905 0.003938949
906 0.00393891
907 0.003938871
908 0.003938829
909 0.003938784
910 0.003938735
911 0.003938693
912 0.003938649
913 0.00393861
914 0.00393857
915 0.00393853
916 0.003938486
917 0.003938447
918 0.003938406
919 0.003938362
920 0.00393832
921 0.003938282
922 0.003938241
923 0.003938202
924 0.003938164
925 0.003938122
926 0.003938084
927 0.003938049
928 0.003938007
929 0.003937969
930 0.003937927
931 0.003937882
932 0.003937843
933 0.003937806
934 0.003937765
935 0.003937725
936 0.003937684
937 0.003937646
938 0.003937604
939 0.003937566
940 0.003937533
941 0.003937493
942 0.003937457
943 0.003937423
944 0.003937382
945 0.003937346
946 0.003937309
947 0.003937273
948 0.003937236
949 0.003937202
950 0.003937169
951 0.003937131
952 0.003937093
953 0.003937056
954 0.003937018
955 0.003936979
956 0.003936941
957 0.003936905
958 0.003936866
959 0.00393683
960 0.003936795
961 0.003936754
962 0.003936716
963 0.003936677
964 0.00393664
965 0.003936601
966 0.003936562
967 0.003936524
968 0.003936481
969 0.003936449
970 0.003936418
971 0.003936385
972 0.003936348
973 0.003936311
974 0.003936277
975 0.003936239
976 0.003936205
977 0.003936173
978 0.003936141
979 0.003936104
980 0.003936068
981 0.003936032
982 0.003935998
983 0.003935962
984 0.003935927
985 0.003935894
986 0.003935859
987 0.003935826
988 0.003935792
989 0.003935757
990 0.003935718
991 0.003935683
992 0.003935652
993 0.003935618
994 0.003935584
995 0.003935547
996 0.003935512
997 0.003935479
998 0.003935443
999 0.003935404
1000 0.003935375
1001 0.003935342
1002 0.003935309
1003 0.003935276
1004 0.00393524
1005 0.00393521
1006 0.003935179
1007 0.003935148
1008 0.003935116
1009 0.003935084
1010 0.003935054
1011 0.003935019
1012 0.003934985
1013 0.003934951
1014 0.003934919
1015 0.00393489
1016 0.003934857
1017 0.003934824
1018 0.003934794
1019 0.003934762
1020 0.003934732
1021 0.003934702
1022 0.003934669
1023 0.003934635
1024 0.003934602
1025 0.00393457
1026 0.00393454
1027 0.003934509
1028 0.003934477
1029 0.003934448
1030 0.00393442
1031 0.00393439
1032 0.003934357
1033 0.003934326
1034 0.003934296
1035 0.003934263
1036 0.003934233
1037 0.003934202
1038 0.003934172
1039 0.003934145
1040 0.003934116
1041 0.003934084
1042 0.003934055
1043 0.003934022
1044 0.003933991
1045 0.003933965
1046 0.003933937
1047 0.003933901
1048 0.003933872
1049 0.003933843
1050 0.003933812
1051 0.003933784
1052 0.003933754
1053 0.003933722
1054 0.003933696
1055 0.003933668
1056 0.003933641
1057 0.003933613
1058 0.003933584
1059 0.003933555
1060 0.003933524
1061 0.003933495
1062 0.003933468
1063 0.00393344
1064 0.003933412
1065 0.003933383
1066 0.003933356
1067 0.003933325
1068 0.003933298
1069 0.003933271
1070 0.003933245
1071 0.003933215
1072 0.003933187
1073 0.003933157
1074 0.003933132
1075 0.003933107
1076 0.003933078
1077 0.003933049
1078 0.003933022
1079 0.003932995
1080 0.003932969
1081 0.003932939
1082 0.003932914
1083 0.003932887
1084 0.003932859
1085 0.003932831
1086 0.003932805
1087 0.003932782
1088 0.003932748
1089 0.003932716
1090 0.003932691
1091 0.003932665
1092 0.003932636
1093 0.00393261
1094 0.003932585
1095 0.003932558
1096 0.003932534
1097 0.003932511
1098 0.003932486
1099 0.00393246
1100 0.003932434
1101 0.003932409
1102 0.003932383
1103 0.003932359
1104 0.003932335
1105 0.003932311
1106 0.003932287
1107 0.003932261
1108 0.003932237
1109 0.003932211
1110 0.003932188
1111 0.003932164
1112 0.003932138
1113 0.00393211
1114 0.003932089
1115 0.003932064
1116 0.003932039
1117 0.003932014
1118 0.003931988
1119 0.003931962
1120 0.003931936
1121 0.003931912
1122 0.00393189
1123 0.003931866
1124 0.003931841
1125 0.003931816
1126 0.003931795
1127 0.003931771
1128 0.003931744
1129 0.00393172
1130 0.003931694
1131 0.003931671
1132 0.003931647
1133 0.003931624
1134 0.003931597
1135 0.003931571
1136 0.00393155
1137 0.003931525
1138 0.0039315
1139 0.003931475
1140 0.003931452
1141 0.003931426
1142 0.003931404
1143 0.003931379
1144 0.003931358
1145 0.003931333
1146 0.003931308
1147 0.003931285
1148 0.003931263
1149 0.00393124
1150 0.003931218
1151 0.003931194
1152 0.003931172
1153 0.00393115
1154 0.003931127
1155 0.003931104
1156 0.003931078
1157 0.003931054
1158 0.003931034
1159 0.003931012
1160 0.003930988
1161 0.003930962
1162 0.003930941
1163 0.003930925
1164 0.003930905
1165 0.003930885
1166 0.003930863
1167 0.003930841
1168 0.003930817
1169 0.003930797
1170 0.003930778
1171 0.003930756
1172 0.003930734
1173 0.003930714
1174 0.003930693
1175 0.00393067
1176 0.003930648
1177 0.003930626
1178 0.003930608
1179 0.003930585
1180 0.003930567
1181 0.003930547
1182 0.003930527
1183 0.003930503
1184 0.003930483
1185 0.003930464
1186 0.003930443
1187 0.003930422
1188 0.003930402
1189 0.003930376
1190 0.003930355
1191 0.003930336
1192 0.003930315
1193 0.003930293
1194 0.003930274
1195 0.003930256
1196 0.003930237
1197 0.003930217
1198 0.003930195
1199 0.003930176
1200 0.003930156
1201 0.003930139
1202 0.003930119
1203 0.003930099
1204 0.003930078
1205 0.003930056
1206 0.003930035
1207 0.003930013
1208 0.003929993
1209 0.003929973
1210 0.00392995
1211 0.00392993
1212 0.00392991
1213 0.003929889
1214 0.003929874
1215 0.003929854
1216 0.003929837
1217 0.003929819
1218 0.003929799
1219 0.003929779
1220 0.003929761
1221 0.003929737
1222 0.003929717
1223 0.003929695
1224 0.003929673
1225 0.003929657
1226 0.003929639
1227 0.003929621
1228 0.003929599
1229 0.003929581
1230 0.003929562
1231 0.003929547
1232 0.003929531
1233 0.00392951
1234 0.003929493
1235 0.003929477
1236 0.003929458
1237 0.003929442
1238 0.003929422
1239 0.003929405
1240 0.003929387
1241 0.003929366
1242 0.003929348
1243 0.003929331
1244 0.003929314
1245 0.003929298
1246 0.003929278
1247 0.00392926
1248 0.003929242
1249 0.003929227
1250 0.003929207
1251 0.00392919
1252 0.003929176
1253 0.003929158
1254 0.003929141
1255 0.003929124
1256 0.003929106
1257 0.003929087
1258 0.00392907
1259 0.003929056
1260 0.003929039
1261 0.003929022
1262 0.003929005
1263 0.00392899
1264 0.003928976
1265 0.003928958
1266 0.003928937
1267 0.003928919
1268 0.003928903
1269 0.003928887
1270 0.00392887
1271 0.003928855
1272 0.003928841
1273 0.003928824
1274 0.003928806
1275 0.00392879
1276 0.003928772
1277 0.00392876
1278 0.003928744
1279 0.003928729
1280 0.003928714
1281 0.003928696
1282 0.003928679
1283 0.003928664
1284 0.003928646
1285 0.003928632
1286 0.003928617
1287 0.003928601
1288 0.003928585
1289 0.003928567
1290 0.003928549
1291 0.00392853
1292 0.003928515
1293 0.003928497
1294 0.00392848
1295 0.003928461
1296 0.003928444
1297 0.00392843
1298 0.003928416
1299 0.003928401
1300 0.003928386
1301 0.003928369
1302 0.003928353
1303 0.003928339
1304 0.003928324
1305 0.003928307
1306 0.003928292
1307 0.003928279
1308 0.003928263
1309 0.003928249
1310 0.003928231
1311 0.003928212
1312 0.003928199
1313 0.003928183
1314 0.003928168
1315 0.003928153
1316 0.003928136
1317 0.00392812
1318 0.003928104
1319 0.00392809
1320 0.003928075
1321 0.00392806
1322 0.003928047
1323 0.003928031
1324 0.003928017
1325 0.003928
1326 0.003927988
1327 0.003927975
1328 0.003927959
1329 0.003927941
1330 0.003927927
1331 0.003927913
1332 0.003927901
1333 0.003927886
1334 0.003927871
1335 0.003927856
1336 0.003927843
1337 0.003927829
1338 0.003927816
1339 0.003927801
1340 0.003927786
1341 0.003927771
1342 0.003927759
1343 0.003927745
1344 0.003927733
1345 0.003927717
1346 0.003927703
1347 0.00392769
1348 0.003927676
1349 0.003927661
1350 0.003927646
1351 0.003927634
1352 0.003927621
1353 0.003927608
1354 0.003927595
1355 0.00392758
1356 0.003927566
1357 0.003927552
1358 0.003927542
1359 0.003927528
1360 0.003927512
1361 0.003927497
1362 0.003927481
1363 0.003927468
1364 0.003927454
1365 0.003927441
1366 0.00392743
1367 0.003927418
1368 0.003927407
1369 0.003927393
1370 0.00392738
1371 0.003927365
1372 0.003927351
1373 0.003927336
1374 0.003927324
1375 0.003927311
1376 0.003927296
1377 0.003927284
1378 0.003927271
1379 0.00392726
1380 0.003927244
1381 0.003927233
1382 0.003927221
1383 0.003927208
1384 0.003927195
1385 0.003927184
1386 0.003927172
1387 0.003927159
1388 0.003927146
1389 0.003927132
1390 0.00392712
1391 0.003927108
1392 0.003927096
1393 0.003927082
1394 0.003927072
1395 0.003927059
1396 0.003927047
1397 0.003927037
1398 0.003927025
1399 0.003927015
1400 0.003927005
1401 0.003926992
1402 0.00392698
1403 0.003926969
1404 0.003926957
1405 0.003926944
1406 0.003926933
1407 0.00392692
1408 0.003926907
1409 0.003926893
1410 0.003926879
1411 0.003926866
1412 0.003926855
1413 0.003926844
1414 0.003926832
1415 0.003926821
1416 0.00392681
1417 0.0039268
1418 0.003926789
1419 0.003926777
1420 0.003926768
1421 0.003926757
1422 0.003926747
1423 0.003926736
1424 0.003926722
1425 0.003926711
1426 0.003926699
1427 0.003926686
1428 0.003926675
1429 0.003926664
1430 0.003926652
1431 0.00392664
1432 0.00392663
1433 0.00392662
1434 0.003926609
1435 0.003926599
1436 0.003926589
1437 0.003926578
1438 0.003926568
1439 0.003926553
1440 0.003926543
1441 0.003926533
1442 0.003926523
1443 0.003926511
1444 0.0039265
1445 0.00392649
1446 0.003926478
1447 0.003926468
1448 0.003926459
1449 0.003926449
1450 0.003926436
1451 0.003926424
1452 0.003926413
1453 0.003926399
1454 0.003926388
1455 0.003926377
1456 0.003926367
1457 0.003926355
1458 0.003926346
1459 0.003926336
1460 0.003926327
1461 0.003926316
1462 0.003926306
1463 0.003926295
1464 0.003926283
1465 0.003926274
1466 0.003926264
1467 0.003926253
1468 0.003926244
1469 0.003926233
1470 0.003926223
1471 0.003926216
1472 0.003926205
1473 0.003926196
1474 0.003926187
1475 0.003926178
1476 0.003926169
1477 0.003926158
1478 0.003926147
1479 0.003926138
1480 0.003926128
1481 0.00392612
1482 0.00392611
1483 0.0039261
1484 0.003926089
1485 0.003926081
1486 0.003926072
1487 0.003926062
1488 0.00392605
1489 0.003926042
1490 0.003926032
1491 0.003926022
1492 0.003926015
1493 0.003926005
1494 0.003925996
1495 0.003925988
1496 0.003925978
1497 0.003925968
1498 0.003925957
1499 0.003925947
1500 0.003925938
1501 0.003925927
1502 0.003925919
1503 0.003925909
1504 0.003925899
1505 0.003925889
1506 0.003925881
1507 0.003925871
1508 0.003925862
1509 0.003925855
1510 0.003925845
1511 0.003925837
1512 0.003925825
1513 0.003925816
1514 0.003925804
1515 0.003925797
1516 0.003925787
1517 0.003925779
1518 0.00392577
1519 0.00392576
1520 0.003925749
1521 0.003925738
1522 0.003925729
1523 0.003925719
1524 0.003925711
1525 0.003925703
1526 0.003925694
1527 0.003925686
1528 0.003925676
1529 0.003925665
1530 0.003925657
1531 0.003925647
1532 0.003925639
1533 0.003925628
1534 0.003925619
1535 0.00392561
1536 0.003925602
1537 0.003925593
1538 0.003925584
1539 0.003925576
1540 0.003925568
1541 0.00392556
1542 0.00392555
1543 0.003925543
1544 0.003925536
1545 0.003925528
1546 0.00392552
1547 0.003925512
1548 0.003925504
1549 0.003925493
1550 0.003925485
1551 0.003925476
1552 0.003925465
1553 0.003925456
1554 0.003925446
1555 0.003925438
1556 0.003925428
1557 0.00392542
1558 0.003925412
1559 0.003925405
1560 0.003925399
1561 0.003925392
1562 0.003925385
1563 0.00392538
1564 0.003925374
1565 0.003925364
1566 0.003925354
1567 0.003925346
1568 0.003925338
1569 0.00392533
1570 0.003925321
1571 0.003925312
1572 0.003925304
1573 0.003925297
1574 0.00392529
1575 0.003925281
1576 0.003925274
1577 0.003925265
1578 0.003925257
1579 0.00392525
1580 0.003925241
1581 0.003925235
1582 0.003925228
1583 0.003925219
1584 0.003925212
1585 0.003925205
1586 0.003925198
1587 0.00392519
1588 0.003925183
1589 0.003925177
1590 0.00392517
1591 0.003925159
1592 0.003925151
1593 0.003925142
1594 0.003925134
1595 0.003925129
1596 0.003925123
1597 0.003925117
1598 0.003925109
1599 0.003925103
1600 0.003925095
1601 0.003925087
1602 0.003925081
1603 0.003925072
1604 0.003925064
1605 0.003925055
1606 0.003925047
1607 0.00392504
1608 0.003925033
1609 0.003925026
1610 0.00392502
1611 0.003925014
1612 0.003925006
1613 0.003924998
1614 0.003924991
1615 0.003924984
1616 0.003924977
1617 0.003924969
1618 0.003924964
1619 0.003924957
1620 0.003924948
1621 0.003924941
1622 0.003924935
1623 0.003924929
1624 0.003924922
1625 0.003924915
1626 0.003924908
1627 0.003924901
1628 0.003924894
1629 0.003924887
1630 0.003924883
1631 0.003924876
1632 0.00392487
1633 0.003924863
1634 0.003924857
1635 0.003924852
1636 0.003924845
1637 0.003924836
1638 0.003924831
1639 0.003924825
1640 0.003924818
1641 0.003924811
1642 0.003924803
1643 0.003924797
1644 0.003924792
1645 0.003924782
1646 0.003924776
1647 0.00392477
1648 0.003924764
1649 0.003924756
1650 0.00392475
1651 0.003924744
1652 0.00392474
1653 0.003924735
1654 0.003924728
1655 0.003924721
1656 0.003924715
1657 0.003924708
1658 0.003924702
1659 0.003924696
1660 0.003924689
1661 0.003924685
1662 0.003924679
1663 0.003924676
1664 0.00392467
1665 0.003924662
1666 0.003924658
1667 0.003924651
1668 0.003924643
1669 0.003924637
1670 0.003924632
1671 0.003924625
1672 0.003924619
1673 0.003924612
1674 0.003924607
1675 0.0039246
1676 0.003924593
1677 0.003924588
1678 0.00392458
1679 0.003924574
1680 0.003924569
1681 0.003924564
1682 0.003924559
1683 0.003924554
1684 0.003924546
1685 0.00392454
1686 0.003924532
1687 0.003924529
1688 0.003924521
1689 0.003924516
1690 0.00392451
1691 0.003924506
1692 0.0039245
1693 0.003924494
1694 0.003924489
1695 0.003924482
1696 0.003924478
1697 0.003924472
1698 0.003924467
1699 0.00392446
1700 0.003924455
1701 0.003924451
1702 0.003924446
1703 0.003924441
1704 0.003924435
1705 0.003924428
1706 0.003924423
1707 0.003924417
1708 0.003924412
1709 0.003924406
1710 0.003924401
1711 0.003924394
1712 0.003924388
1713 0.003924383
1714 0.003924377
1715 0.003924372
1716 0.003924366
1717 0.00392436
1718 0.003924356
1719 0.003924352
1720 0.003924345
1721 0.003924339
1722 0.003924334
1723 0.003924328
1724 0.003924322
1725 0.003924316
1726 0.00392431
1727 0.003924305
1728 0.0039243
1729 0.003924294
1730 0.003924288
1731 0.003924283
1732 0.003924278
1733 0.003924273
1734 0.003924268
1735 0.00392426
1736 0.003924255
1737 0.00392425
1738 0.003924245
1739 0.003924242
1740 0.003924238
1741 0.003924234
1742 0.003924228
1743 0.003924222
1744 0.003924216
1745 0.003924212
1746 0.003924206
1747 0.003924201
1748 0.003924194
1749 0.00392419
1750 0.003924184
1751 0.003924179
1752 0.003924176
1753 0.00392417
1754 0.003924165
1755 0.003924163
1756 0.003924157
1757 0.003924153
1758 0.003924149
1759 0.003924145
1760 0.00392414
1761 0.003924134
1762 0.003924128
1763 0.003924123
1764 0.003924119
1765 0.003924113
1766 0.003924109
1767 0.003924104
1768 0.003924099
1769 0.003924095
1770 0.00392409
1771 0.003924084
1772 0.003924079
1773 0.003924075
1774 0.00392407
1775 0.003924066
1776 0.003924061
1777 0.003924055
1778 0.00392405
1779 0.003924047
1780 0.003924041
1781 0.003924038
1782 0.003924034
1783 0.003924027
1784 0.003924023
1785 0.003924016
1786 0.003924012
1787 0.003924008
1788 0.003924003
1789 0.003923998
1790 0.003923992
1791 0.003923988
1792 0.003923982
1793 0.003923979
1794 0.003923975
1795 0.003923969
1796 0.003923964
1797 0.003923959
1798 0.003923954
1799 0.00392395
1800 0.003923946
1801 0.003923942
1802 0.003923938
1803 0.003923933
1804 0.003923929
1805 0.003923925
1806 0.00392392
1807 0.003923914
1808 0.003923908
1809 0.003923903
1810 0.003923899
1811 0.003923894
1812 0.003923891
1813 0.003923885
1814 0.003923881
1815 0.003923877
1816 0.003923873
1817 0.003923868
1818 0.003923865
1819 0.003923861
1820 0.003923856
1821 0.003923851
1822 0.003923848
1823 0.003923843
1824 0.003923839
1825 0.003923835
1826 0.003923831
1827 0.003923828
1828 0.003923823
1829 0.003923819
1830 0.003923816
1831 0.003923812
1832 0.003923809
1833 0.003923804
1834 0.003923799
1835 0.003923795
1836 0.003923791
1837 0.003923787
1838 0.003923784
1839 0.00392378
1840 0.003923775
1841 0.003923771
1842 0.003923767
1843 0.003923765
1844 0.003923761
1845 0.003923757
1846 0.003923754
1847 0.003923748
1848 0.003923743
1849 0.003923738
1850 0.003923734
1851 0.00392373
1852 0.003923726
1853 0.003923722
1854 0.003923718
1855 0.003923715
1856 0.003923711
1857 0.003923706
1858 0.003923703
1859 0.003923699
1860 0.003923695
1861 0.00392369
1862 0.003923685
1863 0.003923682
1864 0.003923676
1865 0.003923674
1866 0.003923671
1867 0.003923666
1868 0.003923664
1869 0.003923659
1870 0.003923655
1871 0.003923651
1872 0.003923647
1873 0.003923644
1874 0.00392364
1875 0.003923637
1876 0.003923633
1877 0.00392363
1878 0.003923627
1879 0.003923622
1880 0.003923618
1881 0.003923616
1882 0.003923614
1883 0.00392361
1884 0.003923607
1885 0.003923604
1886 0.003923601
1887 0.003923597
1888 0.003923594
1889 0.003923591
1890 0.003923587
1891 0.003923583
1892 0.00392358
1893 0.003923577
1894 0.003923575
1895 0.003923572
1896 0.003923569
1897 0.003923566
1898 0.003923562
1899 0.00392356
1900 0.003923556
1901 0.003923553
1902 0.00392355
1903 0.003923547
1904 0.003923544
1905 0.00392354
1906 0.003923536
1907 0.003923534
1908 0.003923531
1909 0.003923527
1910 0.003923525
1911 0.003923522
1912 0.003923519
1913 0.003923514
1914 0.003923511
1915 0.003923509
1916 0.003923505
1917 0.003923501
1918 0.003923498
1919 0.003923495
1920 0.003923491
1921 0.003923486
1922 0.003923483
1923 0.003923479
1924 0.003923475
1925 0.003923474
1926 0.003923471
1927 0.003923468
1928 0.003923465
1929 0.003923462
1930 0.003923458
1931 0.003923455
1932 0.003923452
1933 0.003923449
1934 0.003923446
1935 0.003923443
1936 0.003923439
1937 0.003923437
1938 0.003923433
1939 0.00392343
1940 0.003923427
1941 0.003923423
1942 0.00392342
1943 0.003923418
1944 0.003923415
1945 0.00392341
1946 0.003923407
1947 0.003923404
1948 0.003923402
1949 0.003923398
1950 0.003923396
1951 0.003923393
1952 0.00392339
1953 0.003923387
1954 0.003923383
1955 0.003923379
1956 0.003923377
1957 0.003923374
1958 0.003923372
1959 0.003923371
1960 0.003923367
1961 0.003923364
1962 0.003923361
1963 0.003923357
1964 0.003923354
1965 0.003923351
1966 0.003923348
1967 0.003923344
1968 0.003923342
1969 0.003923339
1970 0.003923336
1971 0.003923332
1972 0.00392333
1973 0.003923327
1974 0.003923324
1975 0.003923322
1976 0.003923319
1977 0.003923316
1978 0.003923314
1979 0.003923311
1980 0.003923308
1981 0.003923305
1982 0.003923302
1983 0.003923299
1984 0.003923297
1985 0.003923295
1986 0.003923293
1987 0.00392329
1988 0.003923288
1989 0.003923287
1990 0.003923284
1991 0.003923282
1992 0.003923279
1993 0.003923277
1994 0.003923273
1995 0.003923271
1996 0.003923269
1997 0.003923267
1998 0.003923265
1999 0.003923262
2000 0.00392326
