"drag-rfile"
"Iteration" "drag"
("Iteration" "drag")
1 0.2639959617591386
2 0.1673941198138134
3 0.1135523603292594
4 0.0835498041490647
5 0.06740609323908789
6 0.05814356583857013
7 0.05264495637716989
8 0.0493162759533806
9 0.0472111340508387
10 0.04586008791286132
11 0.04495271996908912
12 0.04432410609568739
13 0.04387568980846014
14 0.04355853365878277
15 0.04332904646591729
16 0.04318844955963453
17 0.04308092961794206
18 0.0429939941661193
19 0.04292243560397465
20 0.042864396733328
21 0.04281003052317776
22 0.04277002541219604
23 0.04273973218257652
24 0.04271628580373913
25 0.04269791150080766
26 0.04268355136080344
27 0.04267240461273088
28 0.04266383666191768
29 0.04265732976246091
30 0.04265241063347056
31 0.04264878384263356
32 0.04264613748365703
33 0.04264428602728312
34 0.04264305310983235
35 0.042642266640745
36 0.04264179798923984
37 0.04264154654783462
38 0.04264144415291528
39 0.04264141450551742
40 0.04264141240404257
41 0.04264140702526751
42 0.04264137720353805
43 0.04264129991829016
44 0.04264117292760725
45 0.04264099141409994
46 0.04264075184830159
47 0.04264045330367458
48 0.04264009709840131
49 0.04263968548712471
50 0.04263922154349267
51 0.04263870902571017
52 0.04263816179798044
53 0.0426375713629533
54 0.04263694263792542
55 0.04263628105787625
56 0.04263559112478613
57 0.04263487687379471
58 0.04263414371179031
59 0.04263339372803568
60 0.04263372970124767
61 0.04263304207439201
62 0.04263211461343317
63 0.04263116659578951
64 0.04263023439989323
65 0.04263027834940841
66 0.04262943343238239
67 0.04262930206058956
68 0.04262922155634461
69 0.04262901360270075
70 0.04262790363417108
71 0.0426273922618504
72 0.04262698415898543
73 0.04262581450150048
74 0.04262522205315641
75 0.04262405629787655
76 0.04262349334683507
77 0.04262304759353265
78 0.04262190687882667
79 0.04262131529494196
80 0.04262019080159429
81 0.04261964139722234
82 0.04261856007250272
83 0.0426180476878185
84 0.04261764381083148
85 0.04261658977842536
86 0.04261605205584756
87 0.04261561908674252
88 0.04261456399224244
89 0.04261401369338509
90 0.04261357402290167
91 0.04261254036673032
92 0.04261199626916622
93 0.04261156109445072
94 0.04261055206484271
95 0.04261002994141705
96 0.04260961051272422
97 0.04260862166764885
98 0.04260810979892767
99 0.04260714787250165
100 0.04260668569590807
101 0.04260631862449391
102 0.04260539321284643
103 0.04260492912296417
104 0.04260402384781129
105 0.04260360070053704
106 0.04260326512406873
107 0.04260238762147393
108 0.04260195477775779
109 0.04260109295843576
110 0.04260069596816658
111 0.04259986776287927
112 0.04259950009095165
113 0.04259869860331109
114 0.04259835211258689
115 0.04259807695831509
116 0.04259727858104843
117 0.04259690029178655
118 0.04259611064342887
119 0.04259575866797627
120 0.04259499627308112
121 0.04259466582725949
122 0.04259392632376515
123 0.04259361143510475
124 0.04259289077586101
125 0.04259258779377648
126 0.04259188355813798
127 0.0425915901250623
128 0.04259090039556384
129 0.04259061512716518
130 0.04258993868149046
131 0.04258966055697426
132 0.04258899637998106
133 0.0425887246447996
134 0.04258807165104619
135 0.04258780590210136
136 0.04258716372763679
137 0.04258690339595318
138 0.04258627144842096
139 0.04258601605524425
140 0.04258539377065944
141 0.04258514299808706
142 0.04258453006157079
143 0.04258428361996545
144 0.04258367968116373
145 0.04258343736168572
146 0.04258284196433236
147 0.0425826034637902
148 0.04258201636603205
149 0.04258137920787739
150 0.04258117683709593
151 0.0425806333851402
152 0.042580440043429
153 0.04257989331153193
154 0.04257929352531393
155 0.04257911914195239
156 0.04257860628269934
157 0.04257803876426718
158 0.04257789113722504
159 0.04257740331906867
160 0.04257685865956521
161 0.04257672656935554
162 0.0425762564628713
163 0.04257572872870993
164 0.0425756057492991
165 0.04257514924356316
166 0.04257463480999934
167 0.04257451721798989
168 0.04257407217672933
169 0.0425735694819098
170 0.04257345542481271
171 0.04257302047933121
172 0.04257252825977885
173 0.04257241657258631
174 0.04257199054273814
175 0.04257150802112061
176 0.04257139874181809
177 0.04257098141843506
178 0.04257050852296027
179 0.0425704016135348
180 0.04256999251736413
181 0.04256952862435463
182 0.04256942381012767
183 0.04256902256174677
184 0.0425685674454692
185 0.04256846489245031
186 0.04256807106604741
187 0.04256762434518079
188 0.04256752439927367
189 0.0425671397438706
190 0.04256670247527699
191 0.04256627523962835
192 0.04256620347850504
193 0.0425658433491738
194 0.04256542970702789
195 0.04256535121394377
196 0.04256498979533111
197 0.04256457702898499
198 0.04256417332374203
199 0.04256411464783304
200 0.0425637727401216
201 0.04256337922955011
202 0.04256299327695592
203 0.04256294678830585
204 0.04256261816628596
205 0.04256223814056657
206 0.04256186494924786
207 0.04256182532129752
208 0.04256150682522363
209 0.04256113767968996
210 0.04256077508784766
211 0.04256074007363202
212 0.04256043025590329
213 0.04256007063937747
214 0.04255971730828989
215 0.04255937959173249
216 0.04255936535046474
217 0.04255907608095007
218 0.04255873592145933
219 0.04255840033379473
220 0.04255807865707049
221 0.04255777054101292
222 0.04255777872997488
223 0.04255751185100812
224 0.04255719287847968
225 0.0425568766645846
226 0.04255657260017898
227 0.0425562806162843
228 0.0425559994765876
229 0.04255572766807919
230 0.04255546375822606
231 0.04255520654107215
232 0.04255495504621277
233 0.04255470848646006
234 0.04255446622627614
235 0.0425542277625243
236 0.04255399268356894
237 0.04255376065926053
238 0.04255353140557636
239 0.0425533046807609
240 0.04255308028013013
241 0.04255285802483551
242 0.04255263776264356
243 0.04255241937231476
244 0.04255220274512175
245 0.04255198775102485
246 0.04255177423970511
247 0.042551562119638
248 0.04255135133243577
249 0.04255114183012847
250 0.04255093356503824
251 0.04255072649809426
252 0.04255052060665706
253 0.04255031587819314
254 0.0425501123113153
255 0.04254990989889988
256 0.04254970864896948
257 0.04254950854282929
258 0.04254930957145381
259 0.04254911172530638
260 0.04254891502364958
261 0.04254871948443709
262 0.04254852510550301
263 0.04254833186750587
264 0.04254813974851755
265 0.04254794871095528
266 0.04254775873087353
267 0.04254756979730803
268 0.04254738189497492
269 0.04254719500572427
270 0.04254700911767399
271 0.04254682422432211
272 0.04254664032647738
273 0.04254645940232551
274 0.04254627876068222
275 0.0425460982884483
276 0.04254591829471524
277 0.04254573900268017
278 0.04254556053387044
279 0.04254538294698938
280 0.04254520626671964
281 0.04254503052514725
282 0.04254485574470814
283 0.0425446819184765
284 0.04254450901626811
285 0.04254433698942423
286 0.0425441658375793
287 0.04254399557079504
288 0.04254382619011449
289 0.04254365769327097
290 0.04254349008136916
291 0.04254332335802567
292 0.04254315752941394
293 0.0425429926071801
294 0.04254282859729389
295 0.04254266549991007
296 0.04254250329821931
297 0.04254234197835489
298 0.04254218152744259
299 0.04254202193813393
300 0.04254186320754149
301 0.04254170532957977
302 0.04254154830444101
303 0.0425413921131169
304 0.04254123674389717
305 0.04254108219138741
306 0.04254092845149581
307 0.04254077551066006
308 0.04254062336438248
309 0.04254047200418825
310 0.042540321422923
311 0.04254017161492712
312 0.04254002258853123
313 0.04253987434531659
314 0.04253972688788277
315 0.04253958022804653
316 0.04253943436238344
317 0.04253928928285018
318 0.04253914498161562
319 0.04253900145142958
320 0.04253885869260365
321 0.04253871670678695
322 0.04253857549151063
323 0.0425384350450042
324 0.0425382953635571
325 0.04253815644204733
326 0.0425380182739476
327 0.04253788090428366
328 0.04253774431178187
329 0.04253760846048225
330 0.04253747332179377
331 0.04253733887513649
332 0.04253720510872403
333 0.04253707201559202
334 0.0425369395887843
335 0.04253680782463303
336 0.04253667672324767
337 0.04253654628439787
338 0.04253641650465637
339 0.04253628738196573
340 0.04253615891329366
341 0.04253603110552212
342 0.04253590395984656
343 0.04253577747439735
344 0.04253565164539454
345 0.04253552647413066
346 0.04253540195734989
347 0.04253527806282535
348 0.04253515481224269
349 0.04253503220372813
350 0.04253491023187982
351 0.04253478889038577
352 0.04253466817921624
353 0.04253454809698276
354 0.04253442863383361
355 0.04253430977378612
356 0.04253419150964204
357 0.04253407383961922
358 0.04253395675828608
359 0.04253384025863991
360 0.04253372433121945
361 0.04253360897108813
362 0.04253349418376065
363 0.04253337998652224
364 0.04253326636919471
365 0.04253315330944755
366 0.04253304079598719
367 0.04253292882655963
368 0.04253281739609965
369 0.04253270650015922
370 0.04253259409984749
371 0.04253248261593659
372 0.04253237193555091
373 0.04253226201892087
374 0.04253215281731859
375 0.04253204429437357
376 0.04253193641551446
377 0.04253182914796138
378 0.04253172246676824
379 0.04253161635058993
380 0.04253151078050066
381 0.04253140573839779
382 0.04253130120954157
383 0.04253119717963186
384 0.04253109363936374
385 0.04253099057949054
386 0.04253088800157577
387 0.04253078590869976
388 0.04253068429146158
389 0.04253058314139963
390 0.04253048245390646
391 0.04253038222709785
392 0.04253028245978219
393 0.04253018315049858
394 0.0425300842970712
395 0.04252998589242268
396 0.04252988793113223
397 0.04252979040205099
398 0.04252969330219196
399 0.04252959662920044
400 0.04252950037535267
401 0.042529404532786
402 0.04252930909827467
403 0.04252921406913792
404 0.04252911944148943
405 0.04252902521089898
406 0.04252893136713184
407 0.04252883790813007
408 0.04252874483881073
409 0.04252865216296882
410 0.04252855988152626
411 0.04252846799360974
412 0.0425283764968861
413 0.04252828539061577
414 0.04252819467420354
415 0.04252810434472937
416 0.04252801440024012
417 0.04252792731469823
418 0.04252784007724977
419 0.04252775258037104
420 0.042527665037328
421 0.04252757760684893
422 0.04252749038364261
423 0.04252740342262529
424 0.0425273167566662
425 0.04252723040953445
426 0.04252714439657641
427 0.04252705872295849
428 0.04252697339310647
429 0.04252688840260578
430 0.0425268037469256
431 0.04252671942290295
432 0.04252663543200837
433 0.0425265517756162
434 0.04252646845462503
435 0.04252638547159094
436 0.04252630282606274
437 0.04252622052016659
438 0.04252613855795081
439 0.04252605693845529
440 0.0425259756586395
441 0.04252589471998687
442 0.04252581412459662
443 0.04252573387734584
444 0.04252565398479144
445 0.04252557444278376
446 0.0425254952442946
447 0.04252541638479593
448 0.04252533786296005
449 0.04252525967762848
450 0.04252518182795107
451 0.04252510431234876
452 0.04252502712968383
453 0.04252495027710428
454 0.04252487374600915
455 0.04252479753487779
456 0.04252472164190526
457 0.04252464606535751
458 0.04252457080412909
459 0.04252449585703202
460 0.04252442122461943
461 0.04252434690750864
462 0.04252427290501526
463 0.04252419921447675
464 0.04252412583258874
465 0.04252405275736346
466 0.04252397998712652
467 0.04252390752076613
468 0.04252383535703844
469 0.04252376349357313
470 0.04252369193197793
471 0.04252362067011942
472 0.04252354970431391
473 0.04252347902544062
474 0.0425234086329594
475 0.04252333852806676
476 0.042523268710106
477 0.04252319918139788
478 0.04252312994155578
479 0.04252306098567526
480 0.04252299231067784
481 0.04252292391978299
482 0.04252285581402575
483 0.04252278799142279
484 0.04252272044845394
485 0.04252265318424871
486 0.04252258619873839
487 0.04252251949168109
488 0.04252245305807136
489 0.04252238688999621
490 0.04252232098015376
491 0.0425222553232077
492 0.04252218991552723
493 0.04252212475480974
494 0.04252205984075819
495 0.04252199517254982
496 0.0425219307487619
497 0.04252186656857386
498 0.04252180263001457
499 0.04252173893032994
500 0.04252167547644739
501 0.04252161226195118
502 0.04252154929639342
503 0.04252148658277106
504 0.04252142411407855
505 0.04252136188263347
506 0.04252129988217275
507 0.04252123811019425
508 0.04252117656655821
509 0.04252111525363048
510 0.04252105417214257
511 0.04252099332163554
512 0.04252093270166771
513 0.04252087231102836
514 0.04252081214891028
515 0.04252075221396603
516 0.04252069250580645
517 0.04252063302450319
518 0.04252057377007209
519 0.04252051474106729
520 0.04252045593569941
521 0.04252039735160785
522 0.04252033898500697
523 0.04252028083178892
524 0.0425202228907664
525 0.04252016516178619
526 0.04252010764561813
527 0.04252005034311608
528 0.04251999325482649
529 0.04251993638298
530 0.04251987972781832
531 0.04251982328623665
532 0.04251976706074046
533 0.04251971105107093
534 0.04251965525589538
535 0.04251959967512835
536 0.04251954430844687
537 0.04251948915468944
538 0.04251943421347299
539 0.04251937948311123
540 0.04251932496220971
541 0.04251927064999027
542 0.04251921654549438
543 0.0425191626466221
544 0.04251910895231987
545 0.04251905546102126
546 0.04251900217020922
547 0.04251894907779556
548 0.04251889618230167
549 0.04251884348205831
550 0.04251879097557877
551 0.04251873866425845
552 0.0425186865484223
553 0.04251863462669921
554 0.04251858289857426
555 0.0425185313629762
556 0.04251848001840813
557 0.0425184288632782
558 0.04251837789672719
559 0.04251832711837449
560 0.04251827652684842
561 0.04251822612193677
562 0.04251817590163847
563 0.04251812586471187
564 0.04251807600983618
565 0.0425180263353894
566 0.04251797683944612
567 0.0425179275213743
568 0.04251787837946146
569 0.04251782941183018
570 0.04251778061791914
571 0.04251773199724623
572 0.0425176835504301
573 0.04251763527529538
574 0.04251758716265294
575 0.0425175391750774
576 0.04251749130340442
577 0.04251744355009016
578 0.0425173959218767
579 0.04251734842851469
580 0.04251730107874889
581 0.04251725387706342
582 0.04251720682733186
583 0.04251715993320939
584 0.0425171131974854
585 0.0425170666219283
586 0.04251702020796691
587 0.04251697394802085
588 0.04251692784044238
589 0.04251688188602944
590 0.04251683608573239
591 0.04251679043989078
592 0.04251674494851093
593 0.04251669961145735
594 0.04251665442843109
595 0.04251660939976504
596 0.0425165645251679
597 0.04251651980434548
598 0.04251647523737978
599 0.04251643082415132
600 0.04251638656451199
601 0.04251634245876518
602 0.04251629850801716
603 0.04251625471328595
604 0.04251621107647603
605 0.04251616759817106
606 0.04251612427880827
607 0.04251608112857024
608 0.04251603815490237
609 0.04251599535271853
610 0.04251595271572062
611 0.04251591024376979
612 0.04251586793648911
613 0.04251582578988763
614 0.04251578380170993
615 0.04251574196938129
616 0.04251570028909638
617 0.04251565875580689
618 0.0425156173657649
619 0.0425155761158604
620 0.04251553500487396
621 0.04251549403056411
622 0.04251545319098167
623 0.04251541248351941
624 0.04251537191257684
625 0.04251533147700075
626 0.04251529117275155
627 0.0425152509971657
628 0.04251521095039579
629 0.04251517103152111
630 0.04251513123715316
631 0.04251509156982051
632 0.04251505201718878
633 0.0425150125712302
634 0.04251497322379615
635 0.04251493396906077
636 0.04251489480358999
637 0.04251485571560976
638 0.04251481670476584
639 0.04251477777785542
640 0.04251473894123482
641 0.04251470020187689
642 0.04251466155947622
643 0.04251462301230181
644 0.04251458456060671
645 0.04251454620780293
646 0.04251450795799464
647 0.04251446981555976
648 0.0425144317834191
649 0.04251439386437149
650 0.04251435606089757
651 0.04251431837483583
652 0.04251428080805804
653 0.04251424336226632
654 0.04251420603854642
655 0.04251416883719111
656 0.04251413176070736
657 0.04251409481057714
658 0.04251405797090059
659 0.04251402125714055
660 0.04251398463723939
661 0.04251394811095226
662 0.04251391168284983
663 0.04251387535666223
664 0.04251383913543434
665 0.04251380302046579
666 0.04251376701193209
667 0.04251373111057751
668 0.04251369531743963
669 0.04251365964069899
670 0.0425136240901709
671 0.04251358866583871
672 0.042513553366607
673 0.04251351819495687
674 0.04251348315409543
675 0.0425134482462397
676 0.04251341347215629
677 0.04251337883070008
678 0.0425133443193362
679 0.04251330993468951
680 0.04251327567216
681 0.04251324152662265
682 0.04251320749509731
683 0.04251317357446567
684 0.04251313977007466
685 0.04251310608156177
686 0.04251307249855647
687 0.0425130390158211
688 0.04251300563304523
689 0.04251297235234668
690 0.04251293916723298
691 0.04251290607324825
692 0.04251287306579003
693 0.04251284014038636
694 0.04251280729386452
695 0.04251277452379764
696 0.04251274182852396
697 0.04251270920716414
698 0.04251267665948783
699 0.04251264418640532
700 0.04251261178908906
701 0.04251257946891757
702 0.04251254722858003
703 0.04251251507097961
704 0.04251248300013772
705 0.04251245102212791
706 0.04251241914208932
707 0.04251238736485143
708 0.0425123556944087
709 0.04251232413576883
710 0.04251229268492625
711 0.04251226133744016
712 0.04251223009270823
713 0.04251219895130987
714 0.04251216791377346
715 0.04251213698034403
716 0.04251210615094685
717 0.04251207542538229
718 0.04251204480301955
719 0.04251201428341852
720 0.04251198386869713
721 0.04251195355426302
722 0.04251192333536488
723 0.04251189321271211
724 0.04251186318428478
725 0.04251183324813142
726 0.0425118034030839
727 0.04251177364932763
728 0.04251174398778917
729 0.0425117144194416
730 0.04251168494491532
731 0.04251165556443094
732 0.04251162627807091
733 0.04251159708638998
734 0.04251156799017213
735 0.04251153899069406
736 0.04251151008900242
737 0.04251148128638708
738 0.04251145258355743
739 0.04251142398098373
740 0.04251139547895554
741 0.04251136707759703
742 0.0425113387883098
743 0.04251131061337451
744 0.04251128254870355
745 0.04251125459311769
746 0.04251122674771981
747 0.04251119901461411
748 0.04251117139357957
749 0.04251114388422095
750 0.04251111648590809
751 0.04251108919850187
752 0.04251106201877851
753 0.04251103493188123
754 0.04251100792959202
755 0.04251098100692133
756 0.04251095417259561
757 0.04251092743174825
758 0.04251090078399302
759 0.04251087422847709
760 0.04251084776343678
761 0.04251082138639201
762 0.04251079509991301
763 0.04251076889628729
764 0.04251074276682205
765 0.04251071670401575
766 0.04251069070192547
767 0.04251066475567918
768 0.04251063886100315
769 0.04251061301525066
770 0.04251058721519518
771 0.04251056145990716
772 0.04251053574927155
773 0.04251051008362538
774 0.04251048446380443
775 0.04251045889096695
776 0.04251043336678617
777 0.04251040789324257
778 0.04251038247175721
779 0.04251035711076121
780 0.04251033181240807
781 0.04251030657778176
782 0.04251028140366422
783 0.04251025628772916
784 0.04251023122867421
785 0.04251020622575562
786 0.04251018127863791
787 0.0425101563870378
788 0.04251013155183821
789 0.042510106785163
790 0.04251008209713072
791 0.04251005749330159
792 0.04251003296324836
793 0.04251000850269023
794 0.04250998411362622
795 0.04250995980166902
796 0.04250993557337889
797 0.04250991143426101
798 0.04250988738830708
799 0.04250986343791668
800 0.04250983961008038
801 0.04250981590938754
802 0.0425097923252278
803 0.04250976885389967
804 0.04250974549412967
805 0.04250972224373138
806 0.04250969910349211
807 0.04250967607012308
808 0.04250965313165124
809 0.04250963027874426
810 0.04250960750587608
811 0.04250958481052538
812 0.04250956218812335
813 0.04250953963509225
814 0.04250951714788658
815 0.04250949472247655
816 0.04250947235599042
817 0.0425094500430917
818 0.04250942778027555
819 0.0425094055656182
820 0.04250938340472142
821 0.04250936129715246
822 0.04250933924023052
823 0.04250931723403487
824 0.04250929527990003
825 0.04250927337961487
826 0.04250925153502193
827 0.04250922974780662
828 0.04250920802199502
829 0.04250918635856168
830 0.04250916475012132
831 0.04250914319183511
832 0.04250912167946897
833 0.04250910021700777
834 0.04250907879385244
835 0.0425090574029261
836 0.0425090360428388
837 0.04250901471514847
838 0.04250899342288359
839 0.04250897217008266
840 0.04250895096161209
841 0.04250892980217257
842 0.04250890869586163
843 0.04250888764663611
844 0.04250886665831052
845 0.04250884573334682
846 0.04250882487408229
847 0.04250880408422374
848 0.04250878336662142
849 0.04250876272204465
850 0.04250874215145104
851 0.04250872165526963
852 0.04250870123294327
853 0.04250868088330279
854 0.04250866060517614
855 0.04250864039825499
856 0.04250862025584275
857 0.04250860017410299
858 0.04250858015093253
859 0.04250856018512542
860 0.04250854027616693
861 0.04250852042294763
862 0.04250850062517869
863 0.04250848088209784
864 0.04250846119259789
865 0.04250844155570294
866 0.04250842197021052
867 0.04250840243436743
868 0.04250838294424675
869 0.04250836349818666
870 0.04250834409780754
871 0.04250832474501186
872 0.04250830544228299
873 0.04250828619393469
874 0.0425082670020992
875 0.04250824786508683
876 0.04250822877734241
877 0.04250820973471704
878 0.04250819073535636
879 0.04250817177878356
880 0.04250815286518061
881 0.04250813399502974
882 0.04250811516860906
883 0.04250809638609038
884 0.04250807764715064
885 0.04250805895125031
886 0.04250804029839252
887 0.04250802168883629
888 0.04250800312201925
889 0.04250798459696994
890 0.04250796611266777
891 0.042507947668064
892 0.0425079292624895
893 0.04250791089523358
894 0.04250789256563765
895 0.04250787427327494
896 0.0425078560178946
897 0.04250783779940069
898 0.04250781961778747
899 0.04250780147364838
900 0.04250778336711691
901 0.04250776529843888
902 0.04250774726827899
903 0.04250772927770627
904 0.04250771132813709
905 0.04250769342117548
906 0.04250767555841075
907 0.04250765774135051
908 0.04250763997153409
909 0.04250762225028289
910 0.04250760457602608
911 0.04250758695004952
912 0.04250756937474374
913 0.04250755185236293
914 0.04250753438286296
915 0.04250751696641921
916 0.04250749960357744
917 0.04250748229495246
918 0.04250746503990372
919 0.04250744783874769
920 0.042507430692387
921 0.04250741360149026
922 0.04250739656653341
923 0.0425073795877026
924 0.04250736266514758
925 0.04250734579870631
926 0.04250732898809826
927 0.04250731223288792
928 0.04250729553230728
929 0.04250727888647855
930 0.04250726229538479
931 0.04250724575847644
932 0.04250722927502384
933 0.04250721284377471
934 0.04250719646329888
935 0.04250718013242701
936 0.0425071638500195
937 0.04250714761467245
938 0.04250713142537429
939 0.04250711528126454
940 0.04250709918252354
941 0.04250708312853148
942 0.04250706711550074
943 0.04250705114077132
944 0.04250703520509443
945 0.04250701930911881
946 0.04250700345172261
947 0.04250698763199141
948 0.04250697184903171
949 0.04250695610195802
950 0.04250694038949062
951 0.04250692471119428
952 0.04250690906645888
953 0.04250689345496331
954 0.0425068778765301
955 0.04250686233114236
956 0.04250684681879623
957 0.04250683133928454
958 0.04250681589258612
959 0.04250680047865774
960 0.04250678509739697
961 0.04250676974840119
962 0.04250675443401794
963 0.04250673915356627
964 0.04250672390560409
965 0.042506708689548
966 0.04250669350494681
967 0.04250667835176977
968 0.04250666323018738
969 0.04250664814025846
970 0.04250663308180828
971 0.04250661805447917
972 0.04250660305790027
973 0.04250658809177174
974 0.04250657315583659
975 0.04250655825005024
976 0.04250654337419242
977 0.04250652852793527
978 0.04250651371101499
979 0.04250649892258189
980 0.04250648416169953
981 0.04250646942776551
982 0.04250645472023552
983 0.04250644003862918
984 0.0425064253828587
985 0.04250641075351735
986 0.04250639615015105
987 0.04250638157428905
988 0.04250636703589744
989 0.04250635254832671
990 0.04250633811564695
991 0.0425063237378335
992 0.04250630978725321
993 0.04250629581037467
994 0.04250628176436918
995 0.04250626768449076
996 0.04250625360655894
997 0.04250623955376256
998 0.04250622553890269
999 0.04250621156822249
1000 0.04250619764413168
1001 0.04250618376714022
1002 0.04250616993688467
1003 0.04250615615287474
1004 0.0425061424138402
1005 0.0425061287096618
1006 0.04250611503773499
1007 0.04250610139931676
1008 0.04250608779577227
1009 0.04250607422862598
1010 0.04250606069937825
1011 0.04250604720935065
1012 0.04250603375968593
1013 0.04250602035124644
1014 0.04250600698456769
1015 0.04250599365985695
1016 0.04250598037716065
1017 0.04250596713646301
1018 0.04250595393764937
1019 0.04250594078058365
1020 0.04250592766476604
1021 0.04250591458959406
1022 0.04250590155503203
1023 0.04250588856107494
1024 0.04250587560793934
1025 0.04250586269607023
1026 0.04250584982560449
1027 0.04250583699670878
1028 0.04250582420809733
1029 0.04250581145762584
1030 0.04250579874550794
1031 0.04250578607339908
1032 0.04250577344327462
1033 0.04250576085662459
1034 0.0425057483142422
1035 0.04250573581651694
1036 0.0425057233634068
1037 0.04250571095462301
1038 0.04250569858992911
1039 0.04250568626879674
1040 0.0425056739883003
1041 0.04250566174655052
1042 0.0425056495441424
1043 0.04250563738199335
1044 0.04250562526123401
1045 0.04250561318296044
1046 0.04250560114818366
1047 0.0425055891575709
1048 0.04250557721161487
1049 0.04250556531067732
1050 0.04250555345495801
1051 0.04250554164458331
1052 0.04250552987962886
1053 0.04250551816010631
1054 0.04250550648590064
1055 0.04250549485699488
1056 0.04250548327329098
1057 0.04250547173468677
1058 0.04250546024110958
1059 0.04250544879256599
1060 0.04250543738898881
1061 0.04250542603026151
1062 0.04250541471610195
1063 0.04250540344622247
1064 0.04250539222048302
1065 0.04250538103878286
1066 0.04250536990097694
1067 0.04250535880675995
1068 0.04250534775587184
1069 0.04250533674807917
1070 0.04250532578329708
1071 0.04250531486115407
1072 0.04250530398121709
1073 0.04250529314313745
1074 0.0425052823472573
1075 0.04250527159675388
1076 0.04250526089142527
1077 0.04250525022941205
1078 0.04250523960869465
1079 0.04250522902793487
1080 0.04250521848625187
1081 0.04250520798288566
1082 0.04250519751716381
1083 0.04250518708853421
1084 0.04250517669648684
1085 0.04250516634048193
1086 0.04250515602030395
1087 0.04250514573606366
1088 0.04250513548768507
1089 0.0425051252749561
1090 0.04250511509750991
1091 0.04250510495494863
1092 0.04250509484684191
1093 0.0425050847728231
1094 0.04250507473308665
1095 0.04250506472760364
1096 0.04250505475601621
1097 0.04250504481789215
1098 0.04250503491271795
1099 0.04250502503996227
1100 0.04250501519915644
1101 0.04250500538999476
1102 0.04250499561238351
1103 0.0425049858662192
1104 0.04250497614995889
1105 0.04250496646219694
1106 0.04250495680239574
1107 0.04250494717040062
1108 0.04250493756611515
1109 0.04250492798973662
1110 0.04250491844158504
1111 0.04250490892126489
1112 0.04250489942835458
1113 0.04250488996270171
1114 0.04250488052420739
1115 0.04250487111263722
1116 0.04250486172775337
1117 0.04250485236950498
1118 0.04250484303761543
1119 0.04250483373183753
1120 0.04250482445199379
1121 0.04250481519794121
1122 0.04250480596957661
1123 0.04250479676682596
1124 0.0425047875895267
1125 0.04250477843746083
1126 0.04250476931046607
1127 0.04250476020845062
1128 0.04250475113136402
1129 0.04250474207913797
1130 0.04250473305178429
1131 0.04250472404922864
1132 0.0425047150713348
1133 0.04250470611795015
1134 0.04250469718889785
1135 0.04250468828398547
1136 0.04250467940299293
1137 0.04250467054569717
1138 0.04250466171190465
1139 0.04250465290146833
1140 0.04250464411427873
1141 0.04250463535021854
1142 0.04250462660922295
1143 0.04250461789123362
1144 0.04250460919617462
1145 0.04250460052393022
1146 0.04250459187435098
1147 0.04250458324719248
1148 0.04250457464279826
1149 0.04250456606158787
1150 0.04250455750358539
1151 0.04250454896864633
1152 0.04250454045661191
1153 0.04250453196730298
1154 0.04250452350053569
1155 0.04250451505609354
1156 0.04250450663382426
1157 0.0425044982336711
1158 0.04250448985560332
1159 0.04250448149948283
1160 0.0425044731652849
1161 0.04250446485292756
1162 0.04250445656232744
1163 0.0425044482933879
1164 0.04250444004599559
1165 0.04250443181995207
1166 0.0425044236152714
1167 0.04250441543197127
1168 0.04250440727007677
1169 0.04250439912952306
1170 0.04250439101027779
1171 0.04250438291226805
1172 0.04250437483535977
1173 0.0425043667794128
1174 0.04250435874437133
1175 0.04250435073018911
1176 0.04250434273677665
1177 0.04250433476370551
1178 0.04250432681045686
1179 0.04250431887682148
1180 0.04250431096268547
1181 0.04250430306825885
1182 0.04250429519350506
1183 0.04250428733832219
1184 0.04250427950267146
1185 0.04250427168654029
1186 0.04250426388992967
1187 0.04250425611284518
1188 0.04250424835531687
1189 0.04250424061736861
1190 0.04250423289890116
1191 0.04250422519953399
1192 0.04250421751928621
1193 0.04250420985801232
1194 0.04250420221556317
1195 0.04250419459191488
1196 0.04250418698696591
1197 0.04250417940051655
1198 0.0425041718324297
1199 0.04250416428289146
1200 0.0425041567519959
1201 0.0425041492398116
1202 0.04250414174638655
1203 0.04250413427168605
1204 0.04250412681570626
1205 0.04250411937863548
1206 0.04250411196057637
1207 0.04250410456152848
1208 0.04250409718131382
1209 0.04250408981985172
1210 0.04250408247715248
1211 0.04250407515319728
1212 0.04250406784797976
1213 0.04250406056144955
1214 0.0425040532934952
1215 0.04250404604402757
1216 0.04250403881298961
1217 0.0425040316002999
1218 0.04250402440588932
1219 0.04250401722957856
1220 0.04250401007130836
1221 0.04250400293107127
1222 0.04250399580883806
1223 0.04250398870455294
1224 0.04250398161813272
1225 0.04250397454952358
1226 0.04250396749855474
1227 0.04250396046478384
1228 0.04250395344815667
1229 0.04250394644875075
1230 0.04250393946657891
1231 0.04250393250154624
1232 0.04250392555336526
1233 0.04250391862177434
1234 0.04250391170674452
1235 0.04250390480827142
1236 0.0425038979263118
1237 0.04250389106088776
1238 0.04250388421205583
1239 0.04250387737988318
1240 0.04250387056440386
1241 0.04250386376561035
1242 0.04250385698341697
1243 0.0425038502177497
1244 0.04250384346856788
1245 0.04250383673574187
1246 0.04250383001912352
1247 0.04250382331851574
1248 0.04250381663375975
1249 0.0425038099646794
1250 0.04250380331106617
1251 0.04250379667289082
1252 0.04250379004803116
1253 0.04250378343196437
1254 0.04250377682440525
1255 0.04250377022702533
1256 0.0425037636411227
1257 0.04250375706742269
1258 0.04250375050558879
1259 0.04250374395446754
1260 0.04250373741246156
1261 0.042503730878468
1262 0.04250372439640396
1263 0.04250371798165391
1264 0.04250371161909111
1265 0.04250370528679519
1266 0.04250369896768214
1267 0.04250369265293116
1268 0.04250368633981111
1269 0.04250368002934004
1270 0.04250367372391236
1271 0.04250366742584923
1272 0.04250366113668783
1273 0.04250365485731592
1274 0.04250364858859324
1275 0.04250364233111694
1276 0.04250363608590055
1277 0.04250362985497665
1278 0.04250362364025895
1279 0.04250361744219933
1280 0.04250361126035341
1281 0.04250360509414561
1282 0.04250359894335251
1283 0.04250359280794933
1284 0.04250358668772482
1285 0.04250358058251048
1286 0.04250357449207551
1287 0.0425035684161115
1288 0.04250356235452531
1289 0.04250355630723673
1290 0.04250355027401461
1291 0.04250354425485358
1292 0.04250353824972742
1293 0.04250353225850077
1294 0.04250352628144104
1295 0.04250352031848532
1296 0.04250351436885044
1297 0.04250350843196227
1298 0.04250350250745926
1299 0.04250349659516131
1300 0.04250349069500375
1301 0.04250348480699509
1302 0.0425034789311029
1303 0.04250347306734868
1304 0.04250346721589292
1305 0.0425034613768031
1306 0.04250345555009034
1307 0.04250344973575106
1308 0.04250344393376175
1309 0.04250343814409328
1310 0.04250343236671774
1311 0.04250342660159518
1312 0.0425034208486923
1313 0.04250341510800777
1314 0.04250340937956305
1315 0.04250340366337173
1316 0.04250339795944034
1317 0.04250339226777733
1318 0.04250338658838661
1319 0.04250338092122952
1320 0.04250337526626587
1321 0.04250336962340156
1322 0.04250336399247606
1323 0.04250335837356332
1324 0.04250335276669457
1325 0.04250334717183921
1326 0.04250334158895477
1327 0.04250333601802547
1328 0.0425033304590258
1329 0.04250332491193844
1330 0.0425033193767592
1331 0.04250331385349141
1332 0.04250330834213411
1333 0.04250330284268169
1334 0.04250329735514517
1335 0.04250329187963987
1336 0.04250328641635216
1337 0.04250328096536024
1338 0.04250327552641461
1339 0.04250327009947191
1340 0.04250326468459787
1341 0.04250325928190251
1342 0.04250325389169876
1343 0.04250324851408192
1344 0.04250324314901441
1345 0.04250323779652651
1346 0.0425032324566883
1347 0.04250322712959153
1348 0.04250322181517877
1349 0.04250321651339985
1350 0.04250321122413456
1351 0.04250320594717295
1352 0.04250320068236536
1353 0.04250319542967201
1354 0.04250319018891065
1355 0.04250318495993993
1356 0.04250317974271234
1357 0.04250317453724892
1358 0.04250316934361016
1359 0.04250316416185376
1360 0.04250315899203719
1361 0.04250315383420482
1362 0.04250314868832376
1363 0.04250314355436201
1364 0.04250313843189455
1365 0.04250313332023976
1366 0.04250312821945464
1367 0.04250312312999714
1368 0.04250311805229764
1369 0.04250311298659745
1370 0.04250310793296858
1371 0.04250310289136426
1372 0.04250309786166748
1373 0.0425030928438036
1374 0.04250308783768564
1375 0.04250308284323221
1376 0.04250307786037121
1377 0.04250307288901669
1378 0.04250306792908672
1379 0.04250306298050046
1380 0.04250305804317624
1381 0.04250305311702687
1382 0.04250304820194981
1383 0.04250304329782553
1384 0.04250303840457669
1385 0.04250303352227364
1386 0.04250302865087378
1387 0.04250302379025192
1388 0.04250301894030351
1389 0.04250301410097707
1390 0.04250300927223689
1391 0.04250300445405766
1392 0.04250299964640577
1393 0.04250299484928563
1394 0.04250299006271988
1395 0.04250298528671217
1396 0.04250298052124825
1397 0.04250297576630379
1398 0.0425029710218482
1399 0.04250296628785036
1400 0.04250296156426118
1401 0.04250295685104716
1402 0.04250295214815949
1403 0.04250294745554383
1404 0.04250294277322373
1405 0.04250293810136307
1406 0.0425029334400343
1407 0.04250292878904758
1408 0.04250292414829377
1409 0.04250291951772681
1410 0.04250291489731852
1411 0.04250291028703783
1412 0.0425029056868672
1413 0.04250290109696665
1414 0.04250289651755427
1415 0.04250289194852232
1416 0.04250288738961228
1417 0.0425028828408836
1418 0.04250287830233777
1419 0.04250287377390331
1420 0.04250286925554245
1421 0.04250286474723789
1422 0.0425028602489821
1423 0.04250285576076277
1424 0.0425028512825315
1425 0.04250284681412919
1426 0.04250284235537737
1427 0.04250283790617221
1428 0.04250283346667159
1429 0.04250282903687628
1430 0.04250282461665999
1431 0.04250282020597009
1432 0.04250281580460982
1433 0.04250281141236963
1434 0.04250280702915499
1435 0.04250280265494115
1436 0.04250279828974937
1437 0.04250279393361761
1438 0.0425027895865893
1439 0.04250278524868325
1440 0.04250278091978064
1441 0.0425027766000925
1442 0.04250277228973583
1443 0.0425027679887465
1444 0.04250276369711594
1445 0.04250275941481399
1446 0.04250275514173669
1447 0.04250275087780605
1448 0.04250274662295674
1449 0.04250274237711493
1450 0.0425027381401772
1451 0.04250273391207224
1452 0.0425027296927722
1453 0.04250272548224417
1454 0.04250272128042428
1455 0.0425027170875204
1456 0.04250271290356541
1457 0.04250270872864788
1458 0.04250270456274544
1459 0.04250270040579327
1460 0.04250269625770622
1461 0.04250269211838201
1462 0.04250268798771832
1463 0.04250268386563565
1464 0.04250267975208256
1465 0.04250267564701758
1466 0.04250267155034324
1467 0.0425026674619932
1468 0.04250266338190919
1469 0.04250265930728307
1470 0.04250265523738876
1471 0.04250265117378476
1472 0.04250264711794158
1473 0.04250264307066948
1474 0.04250263903236643
1475 0.0425026350031805
1476 0.04250263098308833
1477 0.04250262697197484
1478 0.04250262296964009
1479 0.0425026189758757
1480 0.04250261499051849
1481 0.04250261101337575
1482 0.04250260704432666
1483 0.0425026030832437
1484 0.04250259913013785
1485 0.0425025951850371
1486 0.04250259124793782
1487 0.04250258731883724
1488 0.04250258339773719
1489 0.04250257948463999
1490 0.04250257557953426
1491 0.04250257168221482
1492 0.04250256779301889
1493 0.04250256391220309
1494 0.04250256003986864
1495 0.04250255617605041
1496 0.04250255232103695
1497 0.04250254847474898
1498 0.04250254463706976
1499 0.04250254080798224
1500 0.04250253698746707
1501 0.04250253317552533
1502 0.04250252937264402
1503 0.04250252557899351
1504 0.04250252179444978
1505 0.04250251801878732
1506 0.04250251425183527
1507 0.04250251049430452
1508 0.04250250674577599
1509 0.04250250300623575
1510 0.04250249927614346
1511 0.04250249555555574
1512 0.04250249184433876
1513 0.04250248814238004
1514 0.04250248444960365
1515 0.04250248076597093
1516 0.04250247709145517
1517 0.04250247342604872
1518 0.04250246976972166
1519 0.0425024661224283
1520 0.04250246248411715
1521 0.0425024588547149
1522 0.04250245523414972
1523 0.0425024516223661
1524 0.04250244801930975
1525 0.04250244442491003
1526 0.04250244083909933
1527 0.0425024372618147
1528 0.04250243369302666
1529 0.04250243013258334
1530 0.04250242658133442
1531 0.04250242303944766
1532 0.04250241950529313
1533 0.04250241597736486
1534 0.04250241245523729
1535 0.04250240893922984
1536 0.04250240542992638
1537 0.04250240192789924
1538 0.04250239843359484
1539 0.04250239494729432
1540 0.04250239146914426
1541 0.04250238799919097
1542 0.04250238453737649
1543 0.04250238108366746
1544 0.0425023776380413
1545 0.042502374200461
1546 0.042502370770883
1547 0.04250236734926772
1548 0.04250236393554321
1549 0.04250236052965346
1550 0.04250235713155272
1551 0.04250235374120082
1552 0.04250235035855356
1553 0.04250234698356654
1554 0.04250234361619705
1555 0.0425023402563987
1556 0.04250233690412079
1557 0.04250233355928938
1558 0.04250233022199593
1559 0.04250232689231973
1560 0.04250232357024811
1561 0.04250232025570758
1562 0.04250231694864495
1563 0.04250231364906747
1564 0.04250231035693587
1565 0.04250230707219876
1566 0.04250230379480174
1567 0.04250230052471349
1568 0.04250229726190823
1569 0.04250229400635824
1570 0.04250229075804789
1571 0.04250228751698822
1572 0.04250228428319493
1573 0.04250228105666498
1574 0.04250227783748824
1575 0.04250227462583327
1576 0.04250227142163802
1577 0.04250226822482709
1578 0.04250226503536178
1579 0.04250226185324468
1580 0.04250225867852001
1581 0.04250225551129153
1582 0.04250225235156931
1583 0.04250224919926156
1584 0.0425022460542434
1585 0.04250224291651273
1586 0.04250223978664665
1587 0.04250223666517092
1588 0.04250223355125308
1589 0.04250223044423713
1590 0.0425022273436351
1591 0.04250222424922751
1592 0.04250222116101499
1593 0.04250221807911107
1594 0.04250221500365938
1595 0.04250221193479832
1596 0.04250220887264474
1597 0.04250220581728345
1598 0.04250220276876703
1599 0.04250219972711835
1600 0.04250219669232493
1601 0.04250219366437193
1602 0.04250219064325014
1603 0.04250218762892972
1604 0.04250218462136934
1605 0.0425021816205275
1606 0.04250217862636443
1607 0.04250217563882946
1608 0.04250217265784888
1609 0.04250216968341833
1610 0.0425021667155107
1611 0.04250216375404113
1612 0.04250216079899037
1613 0.04250215785029932
1614 0.04250215490794972
1615 0.04250215197202447
1616 0.04250214904259076
1617 0.04250214611963325
1618 0.04250214320301367
1619 0.0425021402926662
1620 0.04250213738869084
1621 0.04250213449116365
1622 0.04250213160009342
1623 0.04250212871541822
1624 0.04250212583705901
1625 0.04250212296495744
1626 0.04250212009906148
1627 0.04250211723933513
1628 0.04250211438575181
1629 0.04250211153829239
1630 0.04250210869693746
1631 0.0425021058616697
1632 0.04250210303246937
1633 0.04250210020929984
1634 0.04250209739209569
1635 0.04250209458083552
1636 0.0425020917754937
1637 0.04250208897604989
1638 0.04250208618247905
1639 0.04250208339471036
1640 0.04250208061246603
1641 0.04250207783586694
1642 0.04250207506498427
1643 0.04250207229983419
1644 0.04250206954042433
1645 0.0425020667867774
1646 0.04250206403891535
1647 0.042502061296853
1648 0.04250205856060954
1649 0.04250205583022017
1650 0.04250205310571686
1651 0.04250205038711862
1652 0.04250204767438318
1653 0.04250204496778881
1654 0.04250204226748419
1655 0.04250203957345756
1656 0.04250203688568244
1657 0.04250203420413172
1658 0.04250203152878004
1659 0.04250202885961031
1660 0.04250202619661855
1661 0.04250202353980827
1662 0.04250202088910079
1663 0.04250201824440016
1664 0.04250201560577165
1665 0.04250201297309348
1666 0.0425020103461795
1667 0.04250200772502889
1668 0.04250200510947688
1669 0.04250200249932704
1670 0.04250199989450306
1671 0.04250199729497845
1672 0.04250199470077821
1673 0.04250199211197322
1674 0.04250198952863134
1675 0.04250198695081413
1676 0.04250198437857161
1677 0.04250198181194494
1678 0.0425019792509416
1679 0.04250197669555564
1680 0.04250197414578842
1681 0.04250197160164071
1682 0.04250196906308997
1683 0.04250196653010683
1684 0.0425019640026633
1685 0.04250196148072793
1686 0.04250195896423744
1687 0.0425019564531211
1688 0.04250195394730274
1689 0.04250195144673574
1690 0.04250194895136669
1691 0.04250194646116539
1692 0.04250194397612017
1693 0.04250194149621702
1694 0.04250193902144381
1695 0.04250193655177502
1696 0.04250193408717572
1697 0.04250193162761998
1698 0.04250192917307674
1699 0.04250192672351395
1700 0.04250192427889238
1701 0.04250192183923487
1702 0.042501919404533
1703 0.04250191697477433
1704 0.04250191454995632
1705 0.04250191213009131
1706 0.04250190971522706
1707 0.04250190730539269
1708 0.0425019049006005
1709 0.04250190250084944
1710 0.04250190010613158
1711 0.04250189771643814
1712 0.04250189533175634
1713 0.04250189295207096
1714 0.04250189057734746
1715 0.0425018882075647
1716 0.04250188584275171
1717 0.04250188348333053
1718 0.04250188112879778
1719 0.04250187877876167
1720 0.04250187643311029
1721 0.04250187409186613
1722 0.04250187175512421
1723 0.04250186942299814
1724 0.04250186709559791
1725 0.04250186477300405
1726 0.0425018624552657
1727 0.04250186014243401
1728 0.04250185783455239
1729 0.04250185553166998
1730 0.04250185323382884
1731 0.04250185094104739
1732 0.04250184865361845
1733 0.04250184637147355
1734 0.0425018440945007
1735 0.04250184182269404
1736 0.04250183955621916
1737 0.04250183729524703
1738 0.04250183503981011
1739 0.04250183278990013
1740 0.04250183054548495
1741 0.04250182830645018
1742 0.04250182607270886
1743 0.04250182384424749
1744 0.04250182162086498
1745 0.04250181940235743
1746 0.0425018171886584
1747 0.04250181497950981
1748 0.04250181277468763
1749 0.04250181057410072
1750 0.04250180837773001
1751 0.04250180618556497
1752 0.04250180399764417
1753 0.04250180181413146
1754 0.04250179963520492
1755 0.04250179746100603
1756 0.04250179529163081
1757 0.04250179312713197
1758 0.04250179096738929
1759 0.04250178881258594
1760 0.0425017866630685
1761 0.04250178451897857
1762 0.04250178238031978
1763 0.04250178024702255
1764 0.04250177811898617
1765 0.04250177599607258
1766 0.04250177387821769
1767 0.04250177176538426
1768 0.04250176965752696
1769 0.04250176755466956
1770 0.04250176545625522
1771 0.04250176335644709
1772 0.04250176124693773
1773 0.04250175912583055
1774 0.04250175699514115
1775 0.0425017548582385
1776 0.04250175271831853
1777 0.04250175057791478
1778 0.04250174843895229
1779 0.04250174630289041
1780 0.04250174417086382
1781 0.04250174204376432
1782 0.0425017399222926
1783 0.04250173780698567
1784 0.04250173569821133
1785 0.04250173359621517
1786 0.04250173150112015
1787 0.04250172941291188
1788 0.04250172733147139
1789 0.04250172525661063
1790 0.04250172318809152
1791 0.04250172112564948
1792 0.04250171906901357
1793 0.04250171701790115
1794 0.04250171497207447
1795 0.04250171293132664
1796 0.0425017108954688
1797 0.04250170886433113
1798 0.04250170683775197
1799 0.04250170481563655
1800 0.04250170279790901
1801 0.04250170078451922
1802 0.04250169877549289
1803 0.04250169677104584
1804 0.04250169477119663
1805 0.04250169277588231
1806 0.04250169078492222
1807 0.04250168879801441
1808 0.04250168681490864
1809 0.04250168483562473
1810 0.04250168286037605
1811 0.04250168088944566
1812 0.04250167892283827
1813 0.04250167696052164
1814 0.04250167500248436
1815 0.04250167304872884
1816 0.04250167109927443
1817 0.04250166915414932
1818 0.04250166721338638
1819 0.04250166527695904
1820 0.04250166334479685
1821 0.04250166141692306
1822 0.04250165949329943
1823 0.04250165757376251
1824 0.04250165565825653
1825 0.042501653746704
1826 0.042501651838911
1827 0.04250164993474036
1828 0.04250164803415763
1829 0.04250164613719662
1830 0.04250164424391714
1831 0.04250164235438758
1832 0.04250164046867858
1833 0.04250163858684703
1834 0.04250163670893767
1835 0.04250163483497688
1836 0.04250163296496374
1837 0.0425016310988982
1838 0.04250162923679478
1839 0.04250162737864576
1840 0.04250162552442479
1841 0.0425016236741043
1842 0.04250162182766659
1843 0.04250161998505367
1844 0.04250161814620688
1845 0.04250161631111939
1846 0.04250161447978416
1847 0.04250161265218559
1848 0.04250161082833417
1849 0.04250160900821191
1850 0.04250160719179014
1851 0.04250160537903355
1852 0.04250160356990201
1853 0.04250160176434675
1854 0.04250159996233225
1855 0.0425015981638163
1856 0.04250159636876979
1857 0.04250159457719147
1858 0.04250159278906061
1859 0.04250159100432353
1860 0.0425015892229489
1861 0.04250158744492797
1862 0.04250158567026138
1863 0.04250158389895457
1864 0.0425015821310135
1865 0.0425015803664465
1866 0.04250157860525398
1867 0.04250157684742972
1868 0.04250157509296942
1869 0.04250157334187071
1870 0.04250157159412555
1871 0.04250156984970743
1872 0.04250156810858419
1873 0.04250156637074535
1874 0.04250156463617932
1875 0.04250156290487293
1876 0.04250156117680315
1877 0.04250155945200024
1878 0.04250155773031158
1879 0.04250155601164022
1880 0.04250155429596954
1881 0.04250155258333853
1882 0.04250155087379398
1883 0.04250154916736733
1884 0.04250154746409351
1885 0.0425015457640022
1886 0.04250154406712008
1887 0.04250154237350448
1888 0.04250154068316426
1889 0.04250153899633483
1890 0.04250153731307667
1891 0.04250153563331171
1892 0.04250153395697462
1893 0.04250153228405876
1894 0.04250153061460722
1895 0.04250152894865888
1896 0.04250152728611287
1897 0.04250152562704133
1898 0.0425015239714325
1899 0.04250152231921904
1900 0.04250152067048318
1901 0.04250151902509767
1902 0.04250151738287537
1903 0.04250151574384608
1904 0.04250151410782902
1905 0.04250151247462997
1906 0.04250151084417096
1907 0.04250150921645447
1908 0.04250150759154146
1909 0.04250150596948712
1910 0.04250150435034634
1911 0.04250150273416637
1912 0.04250150112099881
1913 0.04250149951088444
1914 0.04250149790384565
1915 0.04250149629988315
1916 0.04250149469900921
1917 0.0425014931012326
1918 0.04250149150653529
1919 0.04250148991489543
1920 0.04250148832629174
1921 0.04250148674070134
1922 0.04250148515803887
1923 0.04250148357828619
1924 0.04250148200145201
1925 0.04250148042752954
1926 0.04250147885650772
1927 0.04250147728836994
1928 0.04250147572309629
1929 0.04250147416066249
1930 0.04250147260104175
1931 0.04250147104419855
1932 0.04250146949009361
1933 0.0425014679386955
1934 0.04250146638996956
1935 0.04250146484388496
1936 0.04250146330041558
1937 0.04250146175954038
1938 0.04250146022124297
1939 0.04250145868551447
1940 0.04250145715235215
1941 0.04250145562175649
1942 0.04250145409373599
1943 0.04250145256830026
1944 0.04250145104545247
1945 0.04250144952542317
1946 0.04250144800845135
1947 0.04250144649449897
1948 0.04250144498349072
1949 0.04250144347534431
1950 0.04250144196996045
1951 0.04250144046727811
1952 0.04250143896724088
1953 0.04250143746978003
1954 0.04250143597488713
1955 0.04250143448256492
1956 0.04250143299277542
1957 0.04250143150545976
1958 0.04250143002057022
1959 0.04250142853808628
1960 0.04250142705800845
1961 0.04250142558037893
1962 0.04250142410516047
1963 0.04250142263228849
1964 0.04250142116174977
1965 0.04250141969356935
1966 0.04250141822778634
1967 0.04250141676441326
1968 0.04250141530375904
1969 0.04250141384579011
1970 0.0425014123904349
1971 0.04250141093767341
1972 0.04250140948740069
1973 0.04250140803962555
1974 0.04250140659439194
1975 0.0425014051517397
1976 0.04250140371169369
1977 0.04250140227420626
1978 0.04250140083925544
1979 0.0425013994068916
1980 0.0425013979770139
1981 0.04250139654951852
1982 0.04250139512439331
1983 0.04250139370145525
1984 0.042501392280552
1985 0.04250139086164481
1986 0.04250138944475839
1987 0.04250138802995294
1988 0.04250138661729768
1989 0.04250138520686741
1990 0.04250138379872712
1991 0.04250138239292579
1992 0.04250138098950294
1993 0.04250137958847441
1994 0.04250137818982566
1995 0.04250137679355875
1996 0.04250137539966497
1997 0.04250137400812089
1998 0.04250137261905849
1999 0.04250137123258241
2000 0.04250136984870204
