"lift-rfile"
"Iteration" "lift"
("Iteration" "lift")
1 366.7662
2 183.4227
3 91.75123
4 45.91639
5 22.99891
6 11.54097
7 5.811748
8 2.947341
9 1.515217
10 0.7992601
11 0.4414425
12 0.262652
13 0.1733405
14 0.1287502
15 0.1065017
16 0.09539806
17 0.08985958
18 0.08710337
19 0.08572343
20 0.08502691
21 0.08466537
22 0.08446731
23 0.08434738
24 0.08426537
25 0.08420031
26 0.08414377
27 0.08409057
28 0.0840418
29 0.08399476
30 0.08395129
31 0.08391167
32 0.08387524
33 0.08384123
34 0.08381033
35 0.08378253
36 0.08375904
37 0.08373797
38 0.08371986
39 0.08370706
40 0.08369595
41 0.08368672
42 0.08368007
43 0.08367626
44 0.08367246
45 0.08367007
46 0.08366879
47 0.08366811
48 0.08366734
49 0.08366746
50 0.08366703
51 0.08366828
52 0.08367009
53 0.0836722
54 0.08367499
55 0.08367842
56 0.08368292
57 0.08368549
58 0.08369069
59 0.0836956
60 0.08370101
61 0.08370642
62 0.08371133
63 0.08371751
64 0.08372355
65 0.08372948
66 0.08373597
67 0.08374174
68 0.0837492
69 0.0837554
70 0.08376174
71 0.08376689
72 0.08377267
73 0.08377923
74 0.08378574
75 0.08379126
76 0.08379774
77 0.08380343
78 0.08381025
79 0.08381642
80 0.08382253
81 0.08382858
82 0.08383382
83 0.08383972
84 0.08384548
85 0.0838514
86 0.0838568
87 0.08386254
88 0.0838684
89 0.08387405
90 0.08387899
91 0.08388443
92 0.08388919
93 0.08389389
94 0.08389955
95 0.08390465
96 0.08390994
97 0.08391456
98 0.08392031
99 0.0839247
100 0.08392937
101 0.0839341
102 0.08393932
103 0.08394384
104 0.08394851
105 0.08395264
106 0.08395729
107 0.08396137
108 0.0839658
109 0.08397049
110 0.08397503
111 0.08397911
112 0.08398315
113 0.08398782
114 0.0839909
115 0.083995
116 0.08399873
117 0.08400288
118 0.08400632
119 0.08401015
120 0.08401375
121 0.0840182
122 0.08402191
123 0.08402534
124 0.08402904
125 0.08403303
126 0.08403629
127 0.08404022
128 0.08404304
129 0.08404704
130 0.08405086
131 0.08405394
132 0.0840574
133 0.08406129
134 0.08406419
135 0.08406733
136 0.08406999
137 0.08407301
138 0.08407654
139 0.08407924
140 0.08408267
141 0.0840853
142 0.0840885
143 0.08409092
144 0.08409432
145 0.08409686
146 0.0841003
147 0.08410264
148 0.08410553
149 0.0841088
150 0.08411163
151 0.08411437
152 0.08411674
153 0.08411973
154 0.08412257
155 0.08412483
156 0.08412744
157 0.0841297
158 0.08413229
159 0.08413488
160 0.08413751
161 0.08414017
162 0.0841423
163 0.08414547
164 0.08414767
165 0.08415053
166 0.08415254
167 0.08415526
168 0.08415731
169 0.08416017
170 0.08416225
171 0.08416545
172 0.08416759
173 0.08416958
174 0.08417195
175 0.08417457
176 0.08417653
177 0.08417847
178 0.08418132
179 0.08418263
180 0.08418553
181 0.08418743
182 0.08418974
183 0.08419187
184 0.0841943
185 0.08419581
186 0.08419766
187 0.08419981
188 0.08420256
189 0.08420442
190 0.08420662
191 0.08420789
192 0.08421014
193 0.0842123
194 0.08421459
195 0.08421666
196 0.08421798
197 0.0842201
198 0.08422194
199 0.08422434
200 0.08422609
201 0.08422749
202 0.08422933
203 0.08423092
204 0.08423312
205 0.08423515
206 0.08423695
207 0.0842391
208 0.08424065
209 0.08424257
210 0.08424439
211 0.08424635
212 0.08424771
213 0.08424935
214 0.08425043
215 0.08425248
216 0.08425418
217 0.08425581
218 0.08425776
219 0.08425961
220 0.08426107
221 0.08426287
222 0.08426385
223 0.08426557
224 0.08426729
225 0.0842687
226 0.08427046
227 0.08427162
228 0.08427349
229 0.08427519
230 0.08427642
231 0.08427803
232 0.08427992
233 0.08428142
234 0.08428296
235 0.08428465
236 0.08428591
237 0.08428708
238 0.08428887
239 0.08429022
240 0.0842913
241 0.08429258
242 0.08429407
243 0.08429539
244 0.0842969
245 0.08429821
246 0.08429967
247 0.0843005
248 0.08430211
249 0.08430336
250 0.08430461
251 0.08430593
252 0.08430705
253 0.08430809
254 0.08430956
255 0.08431093
256 0.08431195
257 0.08431344
258 0.08431456
259 0.08431617
260 0.08431724
261 0.08431867
262 0.08431967
263 0.08432108
264 0.0843221
265 0.08432351
266 0.08432457
267 0.08432534
268 0.08432635
269 0.08432759
270 0.08432885
271 0.08433021
272 0.08433121
273 0.08433226
274 0.08433325
275 0.08433444
276 0.0843356
277 0.08433647
278 0.0843377
279 0.08433873
280 0.08433953
281 0.08434062
282 0.08434162
283 0.08434279
284 0.08434375
285 0.08434498
286 0.08434568
287 0.08434648
288 0.08434777
289 0.08434884
290 0.08434984
291 0.08435115
292 0.08435215
293 0.08435269
294 0.08435376
295 0.08435457
296 0.08435531
297 0.08435652
298 0.08435762
299 0.0843585
300 0.0843592
301 0.08436029
302 0.08436139
303 0.08436188
304 0.08436292
305 0.08436382
306 0.08436454
307 0.08436542
308 0.08436663
309 0.08436749
310 0.08436838
311 0.08436886
312 0.08436995
313 0.08437064
314 0.08437153
315 0.08437201
316 0.08437243
317 0.08437338
318 0.08437411
319 0.08437482
320 0.08437573
321 0.0843766
322 0.08437736
323 0.08437819
324 0.08437904
325 0.08437994
326 0.08438125
327 0.08438102
328 0.08438211
329 0.0843827
330 0.0843839
331 0.08438479
332 0.08438548
333 0.08438627
334 0.08438669
335 0.08438782
336 0.08438873
337 0.0843889
338 0.08438977
339 0.08439043
340 0.08439122
341 0.08439189
342 0.08439221
343 0.08439302
344 0.08439359
345 0.08439444
346 0.08439484
347 0.08439578
348 0.0843961
349 0.08439666
350 0.0843976
351 0.08439767
352 0.08439814
353 0.08439912
354 0.08439998
355 0.08440016
356 0.08440086
357 0.08440164
358 0.08440226
359 0.08440322
360 0.08440394
361 0.0844038
362 0.08440475
363 0.08440488
364 0.08440577
365 0.08440641
366 0.08440685
367 0.08440774
368 0.08440793
369 0.08440856
370 0.08440927
371 0.08440994
372 0.08441056
373 0.08441114
374 0.08441148
375 0.08441169
376 0.0844123
377 0.08441286
378 0.08441321
379 0.08441364
380 0.08441417
381 0.0844145
382 0.08441532
383 0.08441568
384 0.08441629
385 0.08441689
386 0.08441745
387 0.08441775
388 0.08441833
389 0.08441886
390 0.08441913
391 0.08441975
392 0.08442038
393 0.08442049
394 0.08442112
395 0.08442187
396 0.08442198
397 0.08442255
398 0.08442347
399 0.08442372
400 0.08442429
401 0.08442476
402 0.0844249
403 0.08442549
404 0.08442608
405 0.0844266
406 0.08442692
407 0.08442724
408 0.0844276
409 0.0844279
410 0.08442879
411 0.0844288
412 0.08442926
413 0.08443004
414 0.08443055
415 0.08443113
416 0.08443154
417 0.08443224
418 0.08443243
419 0.08443306
420 0.08443358
421 0.0844341
422 0.08443454
423 0.0844349
424 0.08443511
425 0.08443566
426 0.08443618
427 0.08443655
428 0.08443712
429 0.08443742
430 0.08443776
431 0.08443847
432 0.08443858
433 0.08443882
434 0.08443921
435 0.08443944
436 0.08444
437 0.08444036
438 0.08444075
439 0.08444125
440 0.08444159
441 0.08444153
442 0.08444187
443 0.0844426
444 0.08444274
445 0.08444308
446 0.08444331
447 0.08444376
448 0.08444361
449 0.08444412
450 0.08444468
451 0.0844449
452 0.08444531
453 0.08444531
454 0.0844456
455 0.08444585
456 0.08444647
457 0.08444685
458 0.08444697
459 0.08444747
460 0.08444756
461 0.08444826
462 0.08444846
463 0.08444895
464 0.08444929
465 0.08444985
466 0.08444949
467 0.08445001
468 0.08445004
469 0.08445054
470 0.08445109
471 0.08445165
472 0.08445181
473 0.08445217
474 0.08445235
475 0.08445233
476 0.08445266
477 0.08445276
478 0.08445324
479 0.08445389
480 0.08445402
481 0.0844541
482 0.08445428
483 0.08445489
484 0.08445498
485 0.08445539
486 0.08445562
487 0.08445614
488 0.0844565
489 0.08445662
490 0.08445709
491 0.08445697
492 0.08445747
493 0.08445752
494 0.08445805
495 0.08445829
496 0.08445859
497 0.08445865
498 0.08445915
499 0.08445925
500 0.08445947
501 0.0844598
502 0.08446006
503 0.08446041
504 0.08446065
505 0.08446076
506 0.0844611
507 0.08446142
508 0.08446187
509 0.08446219
510 0.08446205
511 0.08446252
512 0.08446275
513 0.08446295
514 0.08446352
515 0.08446345
516 0.08446389
517 0.08446386
518 0.0844642
519 0.08446454
520 0.08446455
521 0.08446507
522 0.08446537
523 0.0844654
524 0.08446561
525 0.08446578
526 0.08446597
527 0.084466
528 0.08446617
529 0.08446652
530 0.08446644
531 0.08446701
532 0.08446702
533 0.08446726
534 0.08446767
535 0.08446777
536 0.08446827
537 0.08446822
538 0.0844684
539 0.08446857
540 0.08446889
541 0.08446892
542 0.08446903
543 0.08446949
544 0.08446977
545 0.08446988
546 0.08446993
547 0.08447038
548 0.0844701
549 0.08447032
550 0.08447065
551 0.08447064
552 0.08447098
553 0.08447114
554 0.08447154
555 0.08447173
556 0.08447189
557 0.08447194
558 0.0844721
559 0.08447205
560 0.08447249
561 0.08447257
562 0.08447282
563 0.08447286
564 0.08447311
565 0.08447317
566 0.0844736
567 0.08447378
568 0.08447392
569 0.08447394
570 0.0844742
571 0.08447419
572 0.08447474
573 0.08447485
574 0.08447504
575 0.08447534
576 0.08447532
577 0.08447523
578 0.08447548
579 0.08447548
580 0.08447566
581 0.08447579
582 0.08447602
583 0.08447627
584 0.08447649
585 0.08447663
586 0.08447643
587 0.08447663
588 0.08447679
589 0.08447694
590 0.08447694
591 0.08447743
592 0.08447762
593 0.08447767
594 0.0844778
595 0.08447831
596 0.08447831
597 0.08447827
598 0.08447832
599 0.08447857
600 0.0844789
601 0.08447883
602 0.08447888
603 0.08447872
604 0.08447898
605 0.08447936
606 0.08447947
607 0.08447969
608 0.08447965
609 0.08447978
610 0.08447994
611 0.08448027
612 0.08448023
613 0.0844805
614 0.0844807
615 0.08448071
616 0.08448114
617 0.08448114
618 0.08448111
619 0.08448151
620 0.08448141
621 0.08448189
622 0.08448185
623 0.08448199
624 0.08448232
625 0.08448234
626 0.08448245
627 0.08448229
628 0.0844826
629 0.08448263
630 0.08448285
631 0.08448303
632 0.08448311
633 0.08448351
634 0.08448343
635 0.0844835
636 0.08448333
637 0.08448343
638 0.08448368
639 0.08448375
640 0.08448375
641 0.08448386
642 0.08448417
643 0.08448404
644 0.084484
645 0.08448412
646 0.08448424
647 0.08448422
648 0.08448469
649 0.08448468
650 0.08448488
651 0.08448457
652 0.08448476
653 0.08448496
654 0.08448534
655 0.08448539
656 0.08448555
657 0.08448539
658 0.08448569
659 0.08448587
660 0.08448593
661 0.08448621
662 0.08448619
663 0.08448638
664 0.08448663
665 0.0844866
666 0.08448673
667 0.08448691
668 0.08448692
669 0.08448705
670 0.08448731
671 0.08448716
672 0.08448734
673 0.08448718
674 0.08448748
675 0.08448758
676 0.08448777
677 0.08448755
678 0.08448759
679 0.08448758
680 0.08448775
681 0.08448795
682 0.084488
683 0.08448818
684 0.0844884
685 0.08448843
686 0.08448835
687 0.0844884
688 0.08448842
689 0.08448854
690 0.08448865
691 0.08448876
692 0.08448881
693 0.08448905
694 0.08448888
695 0.08448871
696 0.08448917
697 0.08448941
698 0.08448932
699 0.0844892
700 0.08448941
701 0.08448929
702 0.08448935
703 0.08448964
704 0.0844897
705 0.08448984
706 0.08449023
707 0.08449001
708 0.08448997
709 0.08449004
710 0.08449037
711 0.08449002
712 0.08449031
713 0.08449032
714 0.0844904
715 0.08449045
716 0.08449078
717 0.08449043
718 0.08449067
719 0.08449086
720 0.08449055
721 0.08449081
722 0.08449104
723 0.08449125
724 0.08449123
725 0.0844911
726 0.08449107
727 0.0844912
728 0.08449145
729 0.08449142
730 0.08449151
731 0.08449163
732 0.08449163
733 0.08449185
734 0.08449169
735 0.08449154
736 0.08449198
737 0.08449187
738 0.08449192
739 0.08449204
740 0.08449212
741 0.08449232
742 0.08449246
743 0.08449259
744 0.08449244
745 0.08449243
746 0.08449243
747 0.08449244
748 0.08449242
749 0.0844927
750 0.08449257
751 0.08449254
752 0.08449268
753 0.08449274
754 0.08449297
755 0.08449297
756 0.08449323
757 0.0844933
758 0.08449349
759 0.08449335
760 0.08449342
761 0.08449348
762 0.08449353
763 0.08449341
764 0.08449338
765 0.08449364
766 0.08449367
767 0.08449402
768 0.08449405
769 0.0844942
770 0.0844942
771 0.08449426
772 0.08449441
773 0.08449411
774 0.08449398
775 0.08449397
776 0.08449415
777 0.08449429
778 0.08449426
779 0.08449432
780 0.08449426
781 0.08449415
782 0.08449414
783 0.08449464
784 0.08449481
785 0.08449476
786 0.08449474
787 0.08449501
788 0.08449512
789 0.08449502
790 0.08449498
791 0.08449526
792 0.08449542
793 0.08449548
794 0.08449557
795 0.08449545
796 0.08449544
797 0.0844954
798 0.08449544
799 0.08449543
800 0.08449544
801 0.08449562
802 0.08449558
803 0.08449538
804 0.08449579
805 0.08449586
806 0.08449596
807 0.08449589
808 0.08449621
809 0.08449611
810 0.08449612
811 0.08449603
812 0.08449603
813 0.0844963
814 0.08449613
815 0.08449632
816 0.08449631
817 0.08449651
818 0.08449646
819 0.08449636
820 0.08449656
821 0.08449652
822 0.08449645
823 0.08449659
824 0.08449654
825 0.08449661
826 0.08449667
827 0.08449664
828 0.0844966
829 0.08449657
830 0.08449671
831 0.08449693
832 0.08449704
833 0.08449705
834 0.08449706
835 0.08449706
836 0.08449701
837 0.08449699
838 0.08449723
839 0.0844973
840 0.08449706
841 0.08449721
842 0.0844974
843 0.08449737
844 0.08449732
845 0.08449737
846 0.08449741
847 0.08449738
848 0.08449744
849 0.08449753
850 0.08449749
851 0.08449762
852 0.08449762
853 0.08449762
854 0.08449764
855 0.08449776
856 0.08449773
857 0.08449787
858 0.08449767
859 0.08449762
860 0.08449776
861 0.08449794
862 0.08449788
863 0.08449794
864 0.08449789
865 0.08449792
866 0.08449795
867 0.08449804
868 0.08449809
869 0.08449803
870 0.08449814
871 0.08449804
872 0.08449813
873 0.08449825
874 0.08449824
875 0.08449824
876 0.08449838
877 0.08449854
878 0.08449847
879 0.08449857
880 0.08449867
881 0.08449855
882 0.08449854
883 0.08449869
884 0.08449876
885 0.08449873
886 0.0844987
887 0.08449879
888 0.08449885
889 0.08449875
890 0.08449892
891 0.08449885
892 0.08449892
893 0.08449906
894 0.08449898
895 0.08449908
896 0.08449902
897 0.08449889
898 0.08449901
899 0.08449905
900 0.0844992
901 0.08449919
902 0.08449942
903 0.08449927
904 0.08449914
905 0.08449928
906 0.08449927
907 0.08449952
908 0.08449949
909 0.08449944
910 0.08449969
911 0.08449958
912 0.08449944
913 0.08449962
914 0.08449953
915 0.08449946
916 0.08449928
917 0.08449955
918 0.08449958
919 0.0844996
920 0.08449966
921 0.08449952
922 0.08449979
923 0.08449981
924 0.08449988
925 0.08449978
926 0.08449996
927 0.08450006
928 0.08450004
929 0.08450024
930 0.08450018
931 0.08450025
932 0.08450015
933 0.08450012
934 0.08450028
935 0.08450016
936 0.08450018
937 0.08450033
938 0.08450048
939 0.08450054
940 0.08450042
941 0.08450057
942 0.08450047
943 0.08450062
944 0.08450072
945 0.08450063
946 0.08450042
947 0.08450075
948 0.08450084
949 0.08450072
950 0.08450105
951 0.08450121
952 0.08450128
953 0.08450121
954 0.08450123
955 0.08450122
956 0.08450103
957 0.08450113
958 0.08450097
959 0.08450089
960 0.08450106
961 0.08450103
962 0.08450094
963 0.08450107
964 0.08450113
965 0.08450127
966 0.0845012
967 0.08450111
968 0.08450113
969 0.08450113
970 0.08450097
971 0.08450083
972 0.08450077
973 0.08450062
974 0.08450089
975 0.08450107
976 0.0845012
977 0.08450123
978 0.08450112
979 0.08450127
980 0.08450121
981 0.0845015
982 0.08450146
983 0.08450134
984 0.08450145
985 0.08450122
986 0.08450129
987 0.0845014
988 0.0845015
989 0.08450152
990 0.08450145
991 0.08450154
992 0.08450162
993 0.0845015
994 0.0845014
995 0.08450169
996 0.08450171
997 0.08450161
998 0.08450156
999 0.08450177
1000 0.0845017
1001 0.08450177
1002 0.08450191
1003 0.08450194
1004 0.08450183
1005 0.08450186
1006 0.08450184
1007 0.08450184
1008 0.08450177
1009 0.0845018
1010 0.08450206
1011 0.08450217
1012 0.08450209
1013 0.08450214
1014 0.08450206
1015 0.08450214
1016 0.08450224
1017 0.08450223
1018 0.08450203
1019 0.08450209
1020 0.08450213
1021 0.08450214
1022 0.08450208
1023 0.08450213
1024 0.08450209
1025 0.08450199
1026 0.08450203
1027 0.08450199
1028 0.084502
1029 0.08450209
1030 0.08450209
1031 0.08450208
1032 0.08450212
1033 0.08450197
1034 0.08450211
1035 0.08450217
1036 0.08450224
1037 0.08450229
1038 0.0845021
1039 0.08450217
1040 0.08450216
1041 0.08450218
1042 0.08450208
1043 0.08450218
1044 0.08450214
1045 0.08450224
1046 0.08450219
1047 0.08450206
1048 0.08450214
1049 0.08450236
1050 0.0845025
1051 0.08450247
1052 0.08450244
1053 0.08450256
1054 0.0845025
1055 0.08450242
1056 0.08450246
1057 0.08450239
1058 0.08450236
1059 0.08450231
1060 0.0845023
1061 0.08450239
1062 0.08450263
1063 0.08450268
1064 0.08450279
1065 0.08450267
1066 0.08450291
1067 0.08450302
1068 0.08450279
1069 0.08450279
1070 0.08450261
1071 0.08450257
1072 0.08450262
1073 0.08450262
1074 0.08450276
1075 0.08450271
1076 0.08450268
1077 0.08450278
1078 0.08450286
1079 0.08450288
1080 0.0845031
1081 0.08450315
1082 0.084503
1083 0.08450312
1084 0.08450307
1085 0.08450328
1086 0.08450323
1087 0.08450311
1088 0.08450314
1089 0.08450308
1090 0.08450327
1091 0.08450326
1092 0.08450307
1093 0.084503
1094 0.08450295
1095 0.08450297
1096 0.08450285
1097 0.08450306
1098 0.08450305
1099 0.08450305
1100 0.08450308
1101 0.08450294
1102 0.08450298
1103 0.08450306
1104 0.08450295
1105 0.08450295
1106 0.08450308
1107 0.08450307
1108 0.08450323
1109 0.08450327
1110 0.0845032
1111 0.08450314
1112 0.08450303
1113 0.08450313
1114 0.08450291
1115 0.08450289
1116 0.08450302
1117 0.08450308
1118 0.08450313
1119 0.08450314
1120 0.08450314
1121 0.08450299
1122 0.08450302
1123 0.08450325
1124 0.08450331
1125 0.08450326
1126 0.08450335
1127 0.08450324
1128 0.08450323
1129 0.08450326
1130 0.08450316
1131 0.08450343
1132 0.08450335
1133 0.08450335
1134 0.08450335
1135 0.08450321
1136 0.08450343
1137 0.08450342
1138 0.0845034
1139 0.08450353
1140 0.08450343
1141 0.0845033
1142 0.08450326
1143 0.08450327
1144 0.08450323
1145 0.08450337
1146 0.0845033
1147 0.08450329
1148 0.0845034
1149 0.08450338
1150 0.08450347
1151 0.08450344
1152 0.08450336
1153 0.08450343
1154 0.08450357
1155 0.08450355
1156 0.08450349
1157 0.08450341
1158 0.08450345
1159 0.08450346
1160 0.08450337
1161 0.08450341
1162 0.08450329
1163 0.08450332
1164 0.08450347
1165 0.0845034
1166 0.0845035
1167 0.0845035
1168 0.08450365
1169 0.0845037
1170 0.08450373
1171 0.0845037
1172 0.08450367
1173 0.08450376
1174 0.08450385
1175 0.08450386
1176 0.08450396
1177 0.08450396
1178 0.08450388
1179 0.08450383
1180 0.08450391
1181 0.08450388
1182 0.08450385
1183 0.08450381
1184 0.08450381
1185 0.08450358
1186 0.08450358
1187 0.08450373
1188 0.0845036
1189 0.08450381
1190 0.08450375
1191 0.08450362
1192 0.08450361
1193 0.08450352
1194 0.08450354
1195 0.08450369
1196 0.0845037
1197 0.08450362
1198 0.08450373
1199 0.08450367
1200 0.08450362
1201 0.08450364
1202 0.08450369
1203 0.08450367
1204 0.08450368
1205 0.08450369
1206 0.08450364
1207 0.08450387
1208 0.08450389
1209 0.08450381
1210 0.08450392
1211 0.08450392
1212 0.084504
1213 0.08450408
1214 0.08450394
1215 0.08450402
1216 0.08450417
1217 0.08450405
1218 0.08450405
1219 0.08450394
1220 0.08450398
1221 0.08450395
1222 0.0845039
1223 0.08450384
1224 0.08450386
1225 0.08450377
1226 0.08450387
1227 0.08450381
1228 0.08450382
1229 0.08450388
1230 0.08450398
1231 0.08450406
1232 0.08450416
1233 0.08450404
1234 0.08450409
1235 0.08450411
1236 0.08450417
1237 0.08450411
1238 0.08450427
1239 0.08450431
1240 0.08450426
1241 0.08450428
1242 0.08450428
1243 0.0845043
1244 0.08450434
1245 0.08450433
1246 0.08450437
1247 0.08450413
1248 0.08450415
1249 0.08450426
1250 0.08450427
1251 0.08450425
1252 0.08450419
1253 0.08450413
1254 0.08450417
1255 0.08450422
1256 0.08450416
1257 0.08450405
1258 0.08450411
1259 0.08450405
1260 0.08450408
1261 0.0845041
1262 0.08450419
1263 0.08450417
1264 0.08450411
1265 0.08450411
1266 0.08450417
1267 0.08450419
1268 0.08450419
1269 0.08450438
1270 0.08450429
1271 0.08450425
1272 0.08450448
1273 0.08450449
1274 0.08450461
1275 0.08450444
1276 0.08450446
1277 0.08450443
1278 0.08450435
1279 0.08450436
1280 0.08450437
1281 0.0845042
1282 0.08450432
1283 0.08450432
1284 0.0845044
1285 0.0845044
1286 0.08450444
1287 0.0845045
1288 0.08450443
1289 0.08450448
1290 0.08450457
1291 0.08450447
1292 0.08450451
1293 0.08450458
1294 0.08450472
1295 0.08450471
1296 0.0845046
1297 0.08450459
1298 0.08450451
1299 0.08450456
1300 0.08450449
1301 0.08450457
1302 0.08450454
1303 0.08450469
1304 0.08450475
1305 0.08450476
1306 0.08450483
1307 0.08450492
1308 0.08450484
1309 0.08450481
1310 0.08450474
1311 0.08450477
1312 0.08450473
1313 0.08450457
1314 0.08450463
1315 0.08450449
1316 0.08450445
1317 0.08450453
1318 0.08450447
1319 0.08450451
1320 0.08450441
1321 0.08450447
1322 0.08450441
1323 0.08450451
1324 0.08450468
1325 0.08450453
1326 0.08450461
1327 0.08450463
1328 0.08450456
1329 0.08450469
1330 0.08450467
1331 0.08450457
1332 0.08450446
1333 0.08450453
1334 0.0845046
1335 0.08450451
1336 0.08450463
1337 0.08450449
1338 0.08450446
1339 0.08450449
1340 0.08450442
1341 0.08450449
1342 0.08450455
1343 0.08450449
1344 0.08450455
1345 0.08450458
1346 0.08450465
1347 0.08450469
1348 0.08450457
1349 0.08450457
1350 0.08450467
1351 0.08450471
1352 0.08450469
1353 0.08450469
1354 0.0845047
1355 0.08450466
1356 0.08450475
1357 0.08450471
1358 0.08450472
1359 0.0845047
1360 0.08450466
1361 0.08450477
1362 0.08450465
1363 0.0845046
1364 0.08450459
1365 0.08450455
1366 0.08450464
1367 0.08450466
1368 0.08450448
1369 0.08450447
1370 0.08450449
1371 0.08450444
1372 0.08450452
1373 0.08450451
1374 0.08450444
1375 0.08450444
1376 0.08450448
1377 0.08450446
1378 0.08450439
1379 0.08450451
1380 0.08450451
1381 0.08450443
1382 0.0845045
1383 0.08450462
1384 0.08450461
1385 0.0845046
1386 0.08450446
1387 0.08450454
1388 0.08450449
1389 0.08450452
1390 0.0845045
1391 0.08450452
1392 0.0845044
1393 0.08450434
1394 0.08450442
1395 0.08450436
1396 0.08450439
1397 0.08450439
1398 0.08450441
1399 0.08450447
1400 0.08450443
1401 0.08450432
1402 0.08450446
1403 0.0845045
1404 0.08450441
1405 0.08450446
1406 0.08450446
1407 0.08450434
1408 0.08450454
1409 0.08450437
1410 0.08450432
1411 0.08450443
1412 0.08450464
1413 0.08450439
1414 0.08450444
1415 0.08450454
1416 0.08450463
1417 0.08450461
1418 0.08450463
1419 0.08450466
1420 0.08450472
1421 0.08450478
1422 0.08450469
1423 0.08450475
1424 0.08450481
1425 0.08450476
1426 0.08450454
1427 0.08450463
1428 0.08450474
1429 0.08450491
1430 0.08450484
1431 0.08450473
1432 0.08450489
1433 0.08450478
1434 0.0845048
1435 0.08450489
1436 0.0845049
1437 0.08450486
1438 0.08450473
1439 0.08450481
1440 0.0845048
1441 0.08450475
1442 0.08450474
1443 0.08450466
1444 0.08450461
1445 0.0845046
1446 0.08450468
1447 0.08450475
1448 0.0845046
1449 0.08450475
1450 0.08450475
1451 0.08450473
1452 0.08450469
1453 0.08450481
1454 0.08450478
1455 0.08450473
1456 0.08450467
1457 0.08450466
1458 0.08450463
1459 0.08450474
1460 0.08450473
1461 0.08450479
1462 0.08450473
1463 0.08450466
1464 0.08450477
1465 0.08450479
1466 0.08450475
1467 0.08450466
1468 0.0845046
1469 0.08450463
1470 0.08450472
1471 0.08450466
1472 0.08450472
1473 0.08450465
1474 0.0845047
1475 0.08450481
1476 0.08450478
1477 0.0845048
1478 0.08450482
1479 0.08450489
1480 0.08450483
1481 0.08450488
1482 0.08450475
1483 0.08450478
1484 0.08450472
1485 0.08450464
1486 0.08450469
1487 0.08450454
1488 0.08450467
1489 0.08450469
1490 0.08450472
1491 0.08450462
1492 0.08450469
1493 0.08450467
1494 0.08450463
1495 0.08450468
1496 0.08450475
1497 0.08450478
1498 0.08450471
1499 0.08450466
1500 0.08450471
1501 0.08450472
1502 0.08450475
1503 0.08450494
1504 0.08450485
1505 0.08450477
1506 0.08450478
1507 0.08450481
1508 0.08450483
1509 0.08450486
1510 0.08450485
1511 0.08450486
1512 0.08450492
1513 0.08450493
1514 0.0845049
1515 0.08450486
1516 0.08450487
1517 0.08450488
1518 0.08450486
1519 0.08450496
1520 0.08450489
1521 0.08450498
1522 0.08450502
1523 0.08450499
1524 0.08450507
1525 0.0845051
1526 0.08450489
1527 0.08450492
1528 0.08450486
1529 0.08450485
1530 0.08450494
1531 0.0845049
1532 0.08450485
1533 0.08450484
1534 0.08450477
1535 0.08450481
1536 0.08450475
1537 0.08450484
1538 0.08450478
1539 0.08450484
1540 0.0845048
1541 0.08450477
1542 0.0845048
1543 0.08450476
1544 0.08450484
1545 0.08450469
1546 0.08450477
1547 0.08450484
1548 0.08450479
1549 0.08450486
1550 0.0845048
1551 0.08450481
1552 0.08450487
1553 0.08450492
1554 0.08450492
1555 0.08450476
1556 0.08450481
1557 0.08450489
1558 0.08450476
1559 0.08450478
1560 0.08450481
1561 0.08450498
1562 0.0845049
1563 0.08450486
1564 0.08450492
1565 0.08450489
1566 0.08450498
1567 0.08450506
1568 0.08450498
1569 0.08450494
1570 0.08450491
1571 0.08450491
1572 0.08450489
1573 0.08450482
1574 0.0845049
1575 0.08450493
1576 0.08450499
1577 0.08450507
1578 0.08450487
1579 0.08450498
1580 0.08450495
1581 0.08450495
1582 0.084505
1583 0.08450495
1584 0.08450494
1585 0.08450496
1586 0.08450503
1587 0.08450514
1588 0.08450508
1589 0.08450503
1590 0.08450515
1591 0.08450505
1592 0.08450513
1593 0.0845051
1594 0.08450517
1595 0.08450528
1596 0.08450519
1597 0.08450513
1598 0.08450504
1599 0.08450504
1600 0.08450497
1601 0.08450498
1602 0.08450505
1603 0.08450504
1604 0.08450497
1605 0.08450495
1606 0.08450504
1607 0.08450498
1608 0.08450498
1609 0.0845051
1610 0.08450516
1611 0.08450507
1612 0.08450507
1613 0.08450499
1614 0.08450501
1615 0.08450501
1616 0.08450488
1617 0.08450496
1618 0.08450503
1619 0.08450503
1620 0.08450507
1621 0.08450512
1622 0.08450505
1623 0.08450507
1624 0.08450498
1625 0.08450502
1626 0.08450506
1627 0.08450502
1628 0.08450498
1629 0.08450502
1630 0.08450511
1631 0.08450511
1632 0.08450513
1633 0.08450516
1634 0.0845051
1635 0.08450504
1636 0.08450505
1637 0.08450504
1638 0.08450507
1639 0.08450514
1640 0.08450509
1641 0.08450525
1642 0.08450523
1643 0.08450519
1644 0.08450506
1645 0.08450503
1646 0.08450506
1647 0.08450513
1648 0.08450523
1649 0.0845053
1650 0.08450525
1651 0.08450519
1652 0.08450521
1653 0.0845051
1654 0.08450518
1655 0.08450513
1656 0.08450512
1657 0.08450507
1658 0.08450507
1659 0.08450516
1660 0.08450518
1661 0.08450522
1662 0.08450541
1663 0.08450528
1664 0.08450529
1665 0.08450525
1666 0.08450526
1667 0.08450524
1668 0.08450525
1669 0.08450522
1670 0.08450511
1671 0.084505
1672 0.0845051
1673 0.0845052
1674 0.08450511
1675 0.08450505
1676 0.08450504
1677 0.08450516
1678 0.08450508
1679 0.0845051
1680 0.0845051
1681 0.08450508
1682 0.08450507
1683 0.08450501
1684 0.08450507
1685 0.0845051
1686 0.08450507
1687 0.08450503
1688 0.08450487
1689 0.08450496
1690 0.08450498
1691 0.0845049
1692 0.08450504
1693 0.0845049
1694 0.08450498
1695 0.08450498
1696 0.08450496
1697 0.08450492
1698 0.08450492
1699 0.08450496
1700 0.08450498
1701 0.08450496
1702 0.08450489
1703 0.08450488
1704 0.08450495
1705 0.08450498
1706 0.08450501
1707 0.08450505
1708 0.08450499
1709 0.08450507
1710 0.08450504
1711 0.08450501
1712 0.08450507
1713 0.08450519
1714 0.08450505
1715 0.08450495
1716 0.08450504
1717 0.0845051
1718 0.08450509
1719 0.08450508
1720 0.08450502
1721 0.08450507
1722 0.08450511
1723 0.08450515
1724 0.0845052
1725 0.08450506
1726 0.08450507
1727 0.08450489
1728 0.08450497
1729 0.08450496
1730 0.08450493
1731 0.08450495
1732 0.08450504
1733 0.08450502
1734 0.08450497
1735 0.08450502
1736 0.08450507
1737 0.08450491
1738 0.08450504
1739 0.08450501
1740 0.08450507
1741 0.08450509
1742 0.08450507
1743 0.08450514
1744 0.0845051
1745 0.08450512
1746 0.08450519
1747 0.08450517
1748 0.08450517
1749 0.08450522
1750 0.08450522
1751 0.08450518
1752 0.08450513
1753 0.08450513
1754 0.08450502
1755 0.08450498
1756 0.08450504
1757 0.08450514
1758 0.08450515
1759 0.08450522
1760 0.08450521
1761 0.08450529
1762 0.08450527
1763 0.08450531
1764 0.08450538
1765 0.08450532
1766 0.08450534
1767 0.0845053
1768 0.0845053
1769 0.08450522
1770 0.08450525
1771 0.08450524
1772 0.08450507
1773 0.08450508
1774 0.08450504
1775 0.08450493
1776 0.08450498
1777 0.08450495
1778 0.08450487
1779 0.08450489
1780 0.08450489
1781 0.08450488
1782 0.08450498
1783 0.08450502
1784 0.08450506
1785 0.08450516
1786 0.08450515
1787 0.08450517
1788 0.08450527
1789 0.08450527
1790 0.08450528
1791 0.08450524
1792 0.08450528
1793 0.08450527
1794 0.08450524
1795 0.0845052
1796 0.08450522
1797 0.08450519
1798 0.08450522
1799 0.08450521
1800 0.08450511
1801 0.08450498
1802 0.08450501
1803 0.08450497
1804 0.08450501
1805 0.08450501
1806 0.08450507
1807 0.084505
1808 0.08450492
1809 0.08450499
1810 0.08450504
1811 0.08450503
1812 0.08450513
1813 0.08450516
1814 0.08450513
1815 0.08450515
1816 0.08450507
1817 0.08450498
1818 0.084505
1819 0.08450499
1820 0.08450506
1821 0.08450504
1822 0.08450505
1823 0.08450499
1824 0.08450508
1825 0.08450504
1826 0.08450501
1827 0.08450501
1828 0.08450507
1829 0.0845051
1830 0.08450502
1831 0.08450512
1832 0.08450515
1833 0.08450513
1834 0.08450516
1835 0.0845051
1836 0.08450513
1837 0.0845052
1838 0.08450516
1839 0.08450519
1840 0.08450524
1841 0.0845053
1842 0.0845052
1843 0.08450517
1844 0.08450516
1845 0.08450511
1846 0.08450505
1847 0.08450503
1848 0.08450508
1849 0.08450508
1850 0.08450502
1851 0.08450522
1852 0.08450502
1853 0.0845051
1854 0.08450523
1855 0.08450516
1856 0.0845051
1857 0.0845051
1858 0.08450519
1859 0.08450517
1860 0.08450522
1861 0.08450522
1862 0.0845051
1863 0.08450517
1864 0.08450503
1865 0.08450502
1866 0.08450505
1867 0.08450518
1868 0.08450522
1869 0.08450528
1870 0.08450513
1871 0.08450524
1872 0.08450519
1873 0.08450514
1874 0.08450516
1875 0.08450519
1876 0.08450511
1877 0.08450502
1878 0.08450508
1879 0.08450507
1880 0.08450501
1881 0.08450501
1882 0.08450501
1883 0.08450503
1884 0.08450507
1885 0.08450499
1886 0.08450496
1887 0.08450498
1888 0.08450506
1889 0.08450501
1890 0.08450502
1891 0.08450492
1892 0.08450499
1893 0.08450507
1894 0.08450509
1895 0.08450507
1896 0.08450511
1897 0.08450504
1898 0.0845051
1899 0.0845051
1900 0.08450501
1901 0.08450495
1902 0.08450508
1903 0.08450498
1904 0.08450496
1905 0.0845049
1906 0.08450492
1907 0.08450498
1908 0.08450495
1909 0.08450503
1910 0.08450492
1911 0.08450485
1912 0.08450504
1913 0.08450501
1914 0.08450495
1915 0.08450502
1916 0.08450506
1917 0.08450499
1918 0.08450501
1919 0.084505
1920 0.08450489
1921 0.0845049
1922 0.08450494
1923 0.084505
1924 0.08450504
1925 0.084505
1926 0.08450503
1927 0.08450505
1928 0.08450506
1929 0.08450506
1930 0.08450509
1931 0.08450508
1932 0.08450499
1933 0.08450498
1934 0.08450499
1935 0.08450502
1936 0.08450504
1937 0.08450494
1938 0.08450484
1939 0.08450501
1940 0.08450504
1941 0.08450501
1942 0.08450509
1943 0.08450517
1944 0.08450512
1945 0.08450504
1946 0.08450507
1947 0.08450524
1948 0.08450515
1949 0.08450515
1950 0.08450513
1951 0.084505
1952 0.08450504
1953 0.08450508
1954 0.0845051
1955 0.08450507
1956 0.08450512
1957 0.08450517
1958 0.0845051
1959 0.08450513
1960 0.08450519
1961 0.08450504
1962 0.08450515
1963 0.08450516
1964 0.08450523
1965 0.08450525
1966 0.08450527
1967 0.08450533
1968 0.08450529
1969 0.08450523
1970 0.08450539
1971 0.0845053
1972 0.08450519
1973 0.08450535
1974 0.08450522
1975 0.08450529
1976 0.08450518
1977 0.08450528
1978 0.0845053
1979 0.08450517
1980 0.08450512
1981 0.08450513
1982 0.08450503
1983 0.08450509
1984 0.08450516
1985 0.08450514
1986 0.0845051
1987 0.08450522
1988 0.08450525
1989 0.08450528
1990 0.08450519
1991 0.08450516
1992 0.08450493
1993 0.08450504
1994 0.08450509
1995 0.08450501
1996 0.08450514
1997 0.08450516
1998 0.08450513
1999 0.0845051
2000 0.08450509
2001 0.08450515
2002 0.08450516
2003 0.08450513
2004 0.08450514
2005 0.08450521
2006 0.08450514
2007 0.08450503
2008 0.08450509
2009 0.08450512
2010 0.08450508
2011 0.08450499
2012 0.0845051
2013 0.08450504
2014 0.08450501
2015 0.08450496
2016 0.08450503
2017 0.08450508
2018 0.08450499
2019 0.08450512
2020 0.08450513
2021 0.08450516
2022 0.08450517
2023 0.08450521
2024 0.08450527
2025 0.08450519
2026 0.08450531
2027 0.08450532
2028 0.08450542
2029 0.0845054
2030 0.08450531
2031 0.08450535
2032 0.0845052
2033 0.08450516
2034 0.08450511
2035 0.08450514
2036 0.08450521
2037 0.08450509
2038 0.08450503
2039 0.0845051
2040 0.08450502
2041 0.08450505
2042 0.08450499
2043 0.08450516
2044 0.08450516
2045 0.084505
2046 0.08450509
2047 0.0845051
2048 0.08450505
2049 0.08450501
2050 0.08450507
2051 0.08450508
2052 0.08450525
2053 0.0845052
2054 0.08450512
2055 0.08450519
2056 0.0845052
2057 0.08450514
2058 0.08450508
2059 0.08450504
2060 0.0845051
2061 0.08450506
2062 0.0845051
2063 0.08450522
2064 0.08450509
2065 0.08450508
2066 0.08450503
2067 0.0845052
2068 0.08450516
2069 0.08450504
2070 0.08450503
2071 0.08450501
2072 0.08450509
2073 0.08450513
2074 0.08450509
2075 0.08450503
2076 0.08450507
2077 0.08450513
2078 0.08450518
2079 0.08450503
2080 0.0845051
2081 0.08450516
2082 0.08450507
2083 0.08450517
2084 0.08450513
2085 0.08450524
2086 0.08450515
2087 0.08450519
2088 0.08450521
2089 0.08450526
2090 0.08450534
2091 0.08450535
2092 0.0845054
2093 0.08450532
2094 0.08450525
2095 0.08450531
2096 0.08450533
2097 0.08450536
2098 0.08450519
2099 0.08450519
2100 0.08450527
2101 0.08450524
2102 0.08450532
2103 0.08450527
2104 0.08450529
2105 0.08450521
2106 0.08450521
2107 0.08450529
2108 0.08450521
2109 0.08450522
2110 0.08450509
2111 0.08450515
2112 0.08450519
2113 0.08450522
2114 0.08450523
2115 0.08450514
2116 0.08450519
2117 0.0845052
2118 0.08450511
2119 0.08450503
2120 0.08450502
2121 0.0845051
2122 0.08450505
2123 0.0845051
2124 0.08450513
2125 0.08450514
2126 0.0845051
2127 0.08450519
2128 0.0845051
2129 0.08450513
2130 0.08450519
2131 0.08450527
2132 0.08450525
2133 0.08450513
2134 0.08450522
2135 0.08450517
2136 0.08450516
2137 0.08450517
2138 0.08450521
2139 0.08450534
2140 0.08450542
2141 0.08450537
2142 0.08450533
2143 0.08450533
2144 0.08450539
2145 0.08450542
2146 0.08450535
2147 0.08450542
2148 0.08450537
2149 0.08450527
2150 0.08450522
2151 0.08450519
2152 0.08450521
2153 0.08450525
2154 0.08450521
2155 0.0845052
2156 0.08450513
2157 0.08450521
2158 0.08450516
2159 0.08450524
2160 0.08450521
2161 0.08450521
2162 0.08450516
2163 0.08450518
2164 0.08450502
2165 0.08450501
2166 0.08450505
2167 0.08450513
2168 0.08450521
2169 0.08450529
2170 0.08450514
2171 0.08450522
2172 0.08450511
2173 0.08450512
2174 0.08450516
2175 0.08450515
2176 0.08450532
2177 0.08450534
2178 0.08450538
2179 0.08450525
2180 0.08450531
2181 0.08450533
2182 0.08450528
2183 0.08450518
2184 0.08450537
2185 0.08450541
2186 0.08450529
2187 0.08450527
2188 0.08450525
2189 0.08450534
2190 0.08450525
2191 0.08450525
2192 0.08450524
2193 0.08450516
2194 0.08450506
2195 0.08450516
2196 0.08450523
2197 0.08450533
2198 0.08450522
2199 0.08450526
2200 0.08450518
2201 0.08450523
2202 0.08450511
2203 0.08450512
2204 0.08450514
2205 0.08450514
2206 0.08450533
2207 0.08450527
2208 0.08450529
2209 0.08450519
2210 0.08450516
2211 0.08450542
2212 0.08450535
2213 0.08450515
2214 0.08450525
2215 0.08450522
2216 0.08450523
2217 0.08450527
2218 0.08450523
2219 0.08450526
2220 0.08450522
2221 0.08450522
2222 0.08450523
2223 0.08450514
2224 0.08450513
2225 0.08450513
2226 0.08450514
2227 0.08450524
2228 0.08450522
2229 0.08450524
2230 0.08450521
2231 0.08450521
2232 0.08450516
2233 0.08450522
2234 0.08450527
2235 0.08450538
2236 0.08450539
2237 0.08450539
2238 0.08450526
2239 0.08450516
2240 0.08450531
2241 0.08450541
2242 0.08450531
2243 0.08450533
2244 0.08450532
2245 0.08450525
2246 0.08450536
2247 0.0845053
2248 0.08450528
2249 0.08450527
2250 0.08450528
2251 0.0845053
2252 0.08450518
2253 0.08450525
2254 0.08450523
2255 0.08450525
2256 0.08450538
2257 0.08450542
2258 0.08450534
2259 0.08450515
2260 0.08450513
2261 0.08450512
2262 0.08450509
2263 0.08450516
2264 0.08450531
2265 0.08450531
2266 0.08450537
2267 0.08450541
2268 0.08450533
2269 0.08450527
2270 0.08450529
2271 0.08450519
2272 0.08450522
2273 0.08450518
2274 0.08450524
2275 0.08450521
2276 0.08450517
2277 0.08450519
2278 0.08450527
2279 0.08450527
2280 0.08450517
2281 0.08450502
2282 0.08450508
2283 0.08450517
2284 0.08450522
2285 0.08450524
2286 0.08450528
2287 0.08450531
2288 0.08450527
2289 0.08450526
2290 0.08450519
2291 0.08450522
2292 0.08450522
2293 0.08450525
2294 0.08450519
2295 0.08450522
2296 0.08450522
2297 0.08450528
2298 0.08450527
2299 0.08450527
2300 0.0845052
2301 0.08450533
2302 0.08450534
2303 0.08450525
2304 0.08450518
2305 0.0845052
2306 0.08450518
2307 0.0845052
2308 0.08450519
2309 0.08450521
2310 0.0845052
2311 0.08450522
2312 0.08450514
2313 0.08450516
2314 0.08450521
2315 0.08450515
2316 0.0845051
2317 0.08450508
2318 0.0845051
2319 0.08450507
2320 0.08450516
2321 0.08450523
2322 0.08450521
2323 0.08450523
2324 0.08450519
2325 0.08450518
2326 0.0845053
2327 0.08450528
2328 0.08450535
2329 0.08450513
2330 0.08450517
2331 0.08450513
2332 0.08450521
2333 0.08450525
2334 0.08450519
2335 0.08450515
2336 0.08450512
2337 0.08450514
2338 0.08450516
2339 0.08450524
2340 0.08450512
2341 0.08450513
2342 0.0845052
2343 0.08450522
2344 0.08450522
2345 0.08450518
2346 0.08450516
2347 0.08450519
2348 0.08450522
2349 0.08450531
2350 0.0845053
2351 0.08450534
2352 0.08450515
2353 0.0845052
2354 0.08450519
2355 0.08450516
2356 0.08450526
2357 0.08450524
2358 0.08450527
2359 0.08450516
2360 0.08450525
2361 0.08450521
2362 0.08450526
2363 0.08450522
2364 0.08450521
2365 0.08450524
2366 0.08450527
2367 0.08450522
2368 0.08450519
2369 0.08450531
2370 0.08450536
2371 0.08450538
2372 0.08450542
2373 0.08450535
2374 0.0845054
2375 0.08450539
2376 0.08450533
2377 0.0845054
2378 0.08450527
2379 0.0845053
2380 0.08450534
2381 0.08450532
2382 0.08450541
2383 0.08450539
2384 0.0845053
2385 0.08450532
2386 0.08450538
2387 0.08450547
2388 0.08450545
2389 0.08450551
2390 0.08450543
2391 0.08450545
2392 0.08450523
2393 0.08450536
2394 0.08450533
2395 0.08450542
2396 0.08450551
2397 0.08450545
2398 0.08450545
2399 0.08450548
2400 0.08450533
2401 0.08450538
2402 0.08450545
2403 0.08450536
2404 0.08450533
2405 0.08450541
2406 0.08450544
2407 0.08450548
2408 0.08450545
2409 0.08450533
2410 0.08450535
2411 0.08450528
2412 0.08450527
2413 0.08450519
2414 0.08450532
2415 0.08450531
2416 0.08450536
2417 0.08450536
2418 0.0845053
2419 0.08450522
2420 0.08450518
2421 0.0845053
2422 0.08450533
2423 0.08450537
2424 0.08450539
2425 0.08450538
2426 0.08450531
2427 0.08450545
2428 0.08450547
2429 0.0845053
2430 0.08450525
2431 0.08450532
2432 0.08450529
2433 0.08450532
2434 0.08450519
2435 0.08450521
2436 0.08450517
2437 0.08450533
2438 0.08450536
2439 0.0845053
2440 0.08450531
2441 0.08450541
2442 0.08450525
2443 0.08450525
2444 0.08450528
2445 0.08450519
2446 0.08450512
2447 0.08450518
2448 0.08450522
2449 0.08450512
2450 0.08450513
2451 0.08450524
2452 0.08450516
2453 0.08450519
2454 0.08450528
2455 0.08450533
2456 0.08450524
2457 0.08450517
2458 0.08450531
2459 0.08450527
2460 0.08450523
2461 0.08450527
2462 0.08450529
2463 0.08450524
2464 0.08450527
2465 0.08450523
2466 0.08450515
2467 0.08450517
2468 0.08450521
2469 0.08450525
2470 0.08450521
2471 0.08450522
2472 0.08450507
2473 0.0845051
2474 0.08450515
2475 0.08450503
2476 0.08450511
2477 0.0845051
2478 0.08450508
2479 0.08450509
2480 0.08450519
2481 0.08450523
2482 0.08450533
2483 0.08450525
2484 0.08450512
2485 0.08450523
2486 0.08450529
2487 0.08450527
2488 0.0845052
2489 0.08450514
2490 0.08450523
2491 0.08450507
2492 0.08450507
2493 0.08450508
2494 0.08450494
2495 0.08450489
2496 0.08450485
2497 0.08450486
2498 0.08450501
2499 0.08450494
2500 0.08450502
2501 0.08450495
2502 0.08450505
2503 0.084505
2504 0.08450494
2505 0.08450501
2506 0.08450501
2507 0.08450513
2508 0.08450516
2509 0.08450498
2510 0.08450494
2511 0.08450486
2512 0.08450505
2513 0.08450502
2514 0.08450507
2515 0.08450501
2516 0.08450501
2517 0.08450501
2518 0.08450511
2519 0.08450499
2520 0.08450507
2521 0.08450511
2522 0.08450507
2523 0.0845051
2524 0.08450511
2525 0.08450523
2526 0.08450515
2527 0.08450517
2528 0.08450516
2529 0.0845052
2530 0.08450525
2531 0.08450529
2532 0.0845053
2533 0.08450527
2534 0.08450522
2535 0.08450522
2536 0.08450527
2537 0.08450513
2538 0.08450521
2539 0.0845052
2540 0.08450523
2541 0.08450516
2542 0.08450519
2543 0.08450534
2544 0.08450539
2545 0.08450533
2546 0.08450528
2547 0.08450538
2548 0.08450538
2549 0.08450529
2550 0.08450535
2551 0.08450536
2552 0.08450526
2553 0.08450536
2554 0.08450531
2555 0.08450531
2556 0.08450542
2557 0.0845054
2558 0.08450537
2559 0.08450545
2560 0.08450536
2561 0.08450536
2562 0.08450527
2563 0.08450525
2564 0.08450519
2565 0.08450536
2566 0.08450518
2567 0.08450522
2568 0.08450524
2569 0.0845052
2570 0.08450512
2571 0.08450527
2572 0.08450516
2573 0.08450518
2574 0.08450527
2575 0.08450523
2576 0.08450517
2577 0.08450504
2578 0.08450513
2579 0.08450518
2580 0.08450513
2581 0.08450512
2582 0.08450511
2583 0.08450521
2584 0.08450525
2585 0.08450525
2586 0.08450525
2587 0.08450516
2588 0.08450519
2589 0.08450515
2590 0.08450509
2591 0.08450507
2592 0.08450503
2593 0.08450502
2594 0.08450507
2595 0.08450501
2596 0.08450492
2597 0.08450496
2598 0.08450498
2599 0.08450519
2600 0.08450512
2601 0.08450516
2602 0.08450512
2603 0.08450509
2604 0.08450509
2605 0.08450513
2606 0.08450519
2607 0.08450515
2608 0.08450513
2609 0.08450517
2610 0.08450514
2611 0.08450515
2612 0.08450516
2613 0.08450511
2614 0.08450508
2615 0.08450502
2616 0.08450516
2617 0.0845051
2618 0.08450509
2619 0.08450513
2620 0.08450519
2621 0.08450522
2622 0.08450524
2623 0.08450525
2624 0.08450518
2625 0.08450529
2626 0.08450515
2627 0.08450519
2628 0.08450515
2629 0.08450508
2630 0.0845052
2631 0.08450519
2632 0.08450516
2633 0.0845051
2634 0.08450507
2635 0.08450515
2636 0.08450507
2637 0.0845051
2638 0.08450507
2639 0.08450504
2640 0.08450511
2641 0.08450507
2642 0.08450503
2643 0.08450508
2644 0.08450513
2645 0.08450522
2646 0.08450519
2647 0.08450504
2648 0.08450511
2649 0.08450507
2650 0.08450519
2651 0.08450509
2652 0.08450518
2653 0.08450503
2654 0.08450511
2655 0.08450507
2656 0.0845051
2657 0.08450523
2658 0.08450516
2659 0.08450524
2660 0.08450518
2661 0.08450521
2662 0.08450519
2663 0.08450511
2664 0.08450521
2665 0.08450513
2666 0.08450513
2667 0.0845051
2668 0.08450507
2669 0.08450503
2670 0.08450519
2671 0.08450522
2672 0.08450522
2673 0.08450517
2674 0.08450519
2675 0.08450511
2676 0.08450513
2677 0.08450516
2678 0.0845051
2679 0.08450513
2680 0.08450512
2681 0.08450513
2682 0.08450513
2683 0.08450513
2684 0.08450525
2685 0.08450526
2686 0.08450525
2687 0.08450523
2688 0.08450523
2689 0.08450522
2690 0.08450525
2691 0.08450527
2692 0.08450516
2693 0.08450518
2694 0.08450522
2695 0.0845052
2696 0.08450514
2697 0.08450519
2698 0.08450515
2699 0.08450514
2700 0.08450521
2701 0.08450509
2702 0.08450506
2703 0.08450504
2704 0.08450501
2705 0.084505
2706 0.08450493
2707 0.08450495
2708 0.08450498
2709 0.08450489
2710 0.08450497
2711 0.0845051
2712 0.08450503
2713 0.0845051
2714 0.08450497
2715 0.08450497
2716 0.08450505
2717 0.08450508
2718 0.08450498
2719 0.08450503
2720 0.08450496
2721 0.08450505
2722 0.08450496
2723 0.08450507
2724 0.08450503
2725 0.08450503
2726 0.08450492
2727 0.08450498
2728 0.08450501
2729 0.08450504
2730 0.08450508
2731 0.08450501
2732 0.0845051
2733 0.08450516
2734 0.0845051
2735 0.08450501
2736 0.08450505
2737 0.08450508
2738 0.08450516
2739 0.08450511
2740 0.08450512
2741 0.08450501
2742 0.08450501
2743 0.08450501
2744 0.08450497
2745 0.08450497
2746 0.08450493
2747 0.08450504
2748 0.08450498
2749 0.08450511
2750 0.084505
2751 0.08450501
2752 0.08450504
2753 0.08450496
2754 0.08450492
2755 0.08450502
2756 0.08450489
2757 0.08450495
2758 0.08450492
2759 0.0845049
2760 0.0845049
2761 0.08450496
2762 0.08450492
2763 0.08450495
2764 0.08450498
2765 0.08450501
2766 0.08450497
2767 0.08450516
2768 0.0845051
2769 0.08450506
2770 0.0845051
2771 0.08450513
2772 0.08450518
2773 0.08450523
2774 0.08450519
2775 0.08450522
2776 0.08450522
2777 0.08450512
2778 0.0845051
2779 0.08450516
2780 0.0845051
2781 0.08450501
2782 0.08450506
2783 0.08450527
2784 0.08450511
2785 0.08450518
2786 0.08450512
2787 0.08450511
2788 0.08450515
2789 0.08450522
2790 0.08450525
2791 0.08450522
2792 0.08450518
2793 0.0845053
2794 0.08450545
2795 0.08450533
2796 0.08450542
2797 0.08450542
2798 0.08450539
2799 0.08450548
2800 0.08450536
2801 0.08450532
2802 0.08450536
2803 0.08450533
2804 0.08450531
2805 0.0845053
2806 0.08450532
2807 0.08450532
2808 0.08450542
2809 0.08450536
2810 0.08450522
2811 0.08450516
2812 0.08450524
2813 0.08450522
2814 0.08450517
2815 0.08450523
2816 0.0845053
2817 0.08450522
2818 0.08450521
2819 0.0845053
2820 0.08450519
2821 0.08450526
2822 0.08450525
2823 0.08450514
2824 0.08450518
2825 0.08450519
2826 0.08450532
2827 0.08450522
2828 0.08450516
2829 0.08450522
2830 0.0845053
2831 0.08450524
2832 0.08450523
2833 0.08450527
2834 0.08450516
2835 0.08450533
2836 0.08450529
2837 0.08450524
2838 0.08450517
2839 0.08450517
2840 0.08450513
2841 0.0845051
2842 0.08450516
2843 0.08450523
2844 0.08450522
2845 0.08450537
2846 0.08450518
2847 0.08450522
2848 0.08450518
2849 0.08450527
2850 0.0845052
2851 0.08450524
2852 0.08450528
2853 0.08450525
2854 0.08450524
2855 0.08450518
2856 0.08450516
2857 0.08450522
2858 0.0845052
2859 0.08450514
2860 0.08450516
2861 0.08450513
2862 0.08450518
2863 0.08450529
2864 0.08450531
2865 0.08450533
2866 0.08450529
2867 0.08450522
2868 0.08450535
2869 0.08450535
2870 0.08450527
2871 0.08450525
2872 0.08450525
2873 0.08450532
2874 0.08450513
2875 0.08450518
2876 0.08450521
2877 0.08450515
2878 0.08450518
2879 0.08450524
2880 0.08450528
2881 0.08450519
2882 0.0845053
2883 0.08450522
2884 0.08450526
2885 0.0845052
2886 0.08450524
2887 0.0845052
2888 0.08450515
2889 0.08450508
2890 0.0845052
2891 0.08450518
2892 0.08450519
2893 0.08450531
2894 0.08450531
2895 0.08450531
2896 0.0845053
2897 0.08450546
2898 0.08450527
2899 0.08450525
2900 0.08450535
2901 0.08450531
2902 0.08450529
2903 0.0845053
2904 0.08450536
2905 0.08450535
2906 0.08450547
2907 0.08450545
2908 0.08450547
2909 0.08450534
2910 0.08450533
2911 0.08450534
2912 0.08450535
2913 0.08450534
2914 0.08450539
2915 0.0845053
2916 0.08450539
2917 0.08450536
2918 0.08450534
2919 0.08450533
2920 0.08450532
2921 0.08450529
2922 0.08450529
2923 0.08450525
2924 0.08450527
2925 0.08450522
2926 0.08450526
2927 0.0845052
2928 0.08450531
2929 0.08450528
2930 0.0845053
2931 0.08450523
2932 0.08450523
2933 0.08450528
2934 0.08450525
2935 0.08450521
2936 0.08450532
2937 0.08450529
2938 0.08450527
2939 0.08450528
2940 0.08450533
2941 0.08450531
2942 0.08450533
2943 0.08450529
2944 0.0845053
2945 0.08450529
2946 0.08450527
2947 0.08450526
2948 0.08450521
2949 0.0845051
2950 0.08450518
2951 0.08450507
2952 0.08450514
2953 0.08450513
2954 0.08450522
2955 0.0845051
2956 0.08450527
2957 0.08450514
2958 0.08450516
2959 0.08450525
2960 0.08450522
2961 0.08450525
2962 0.08450519
2963 0.08450516
2964 0.08450521
2965 0.0845052
2966 0.0845051
2967 0.0845052
2968 0.08450513
2969 0.08450507
2970 0.0845051
2971 0.08450513
2972 0.08450515
2973 0.08450517
2974 0.08450516
2975 0.08450515
2976 0.0845051
2977 0.08450516
2978 0.08450508
2979 0.0845052
2980 0.08450526
2981 0.08450527
2982 0.08450525
2983 0.08450522
2984 0.08450525
2985 0.08450528
2986 0.08450525
2987 0.08450536
2988 0.08450533
2989 0.0845054
2990 0.08450529
2991 0.08450527
2992 0.08450521
2993 0.08450542
2994 0.08450539
2995 0.08450536
2996 0.08450533
2997 0.08450531
2998 0.08450539
2999 0.08450545
3000 0.08450537
3001 0.08450536
3002 0.0845053
3003 0.08450522
3004 0.08450532
3005 0.08450518
3006 0.08450526
3007 0.08450528
3008 0.08450534
3009 0.08450535
3010 0.08450531
3011 0.08450536
3012 0.08450536
3013 0.08450531
3014 0.08450527
3015 0.08450526
3016 0.08450527
3017 0.08450517
3018 0.08450523
3019 0.08450535
3020 0.08450533
3021 0.08450519
3022 0.08450524
3023 0.08450527
3024 0.08450533
3025 0.08450529
3026 0.08450527
3027 0.08450532
3028 0.08450519
3029 0.08450524
3030 0.08450513
3031 0.0845051
3032 0.08450504
3033 0.08450522
3034 0.08450507
3035 0.08450525
3036 0.08450526
3037 0.08450519
3038 0.0845053
3039 0.08450522
3040 0.08450527
3041 0.08450523
3042 0.08450529
3043 0.08450533
3044 0.08450536
3045 0.08450537
3046 0.08450539
3047 0.08450538
3048 0.08450533
3049 0.08450536
3050 0.08450536
3051 0.08450533
3052 0.08450527
3053 0.08450532
3054 0.08450531
3055 0.0845053
3056 0.08450526
3057 0.08450538
3058 0.08450531
3059 0.08450532
3060 0.08450536
3061 0.08450533
3062 0.08450535
3063 0.0845054
3064 0.08450538
3065 0.08450542
3066 0.08450533
3067 0.0845053
3068 0.08450537
3069 0.08450534
3070 0.08450541
3071 0.08450525
3072 0.0845053
3073 0.08450529
3074 0.08450534
3075 0.08450542
3076 0.08450534
3077 0.08450538
3078 0.08450529
3079 0.0845053
3080 0.08450533
3081 0.08450533
3082 0.08450546
3083 0.08450534
3084 0.08450536
3085 0.08450539
3086 0.08450533
3087 0.08450545
3088 0.08450536
3089 0.08450539
3090 0.08450535
3091 0.08450531
3092 0.08450539
3093 0.08450531
3094 0.08450533
3095 0.08450538
3096 0.0845054
3097 0.08450535
3098 0.08450536
3099 0.08450542
3100 0.08450542
3101 0.08450543
3102 0.08450539
3103 0.08450532
3104 0.08450536
3105 0.08450545
3106 0.08450541
3107 0.08450528
3108 0.08450536
3109 0.08450538
3110 0.08450542
3111 0.08450534
3112 0.08450544
3113 0.08450547
3114 0.08450547
3115 0.08450545
3116 0.08450525
3117 0.0845054
3118 0.08450535
3119 0.08450538
3120 0.08450545
3121 0.08450543
3122 0.08450539
3123 0.08450543
3124 0.08450545
3125 0.08450547
3126 0.08450539
3127 0.0845054
3128 0.08450548
3129 0.08450552
3130 0.08450542
3131 0.08450548
3132 0.08450555
3133 0.08450554
3134 0.08450558
3135 0.08450554
3136 0.08450547
3137 0.0845054
3138 0.08450545
3139 0.08450553
3140 0.08450535
3141 0.08450538
3142 0.08450538
3143 0.08450533
3144 0.08450539
3145 0.08450537
3146 0.08450545
3147 0.08450552
3148 0.08450546
3149 0.0845056
3150 0.08450565
3151 0.08450563
3152 0.08450548
3153 0.08450554
3154 0.08450547
3155 0.0845054
