"avg_k11-rfile"
"Iteration" "avg_k11"
("Iteration" "avg_k11")
1 0.0001000000011455773
2 0.0001000000011455773
3 0.0001000000011455773
4 0.0001000000011455773
5 0.0001000000011455773
6 0.0001000000011455773
7 0.0001000000011455773
8 0.0001000000011455773
9 0.0001000000011455773
10 0.0001000000011455773
11 0.0001000000011455773
12 0.0001000000011455773
13 0.0001000000011455773
14 0.0001000000011455773
15 0.0001000000011455773
16 0.0001000000011455773
17 0.0001000000011455773
18 0.0001000000011455773
19 0.0001000000011455773
20 0.0001000000011455773
21 0.0001000000011455773
22 0.0001000000011455773
23 0.0001000000011455773
24 0.0001000000011455773
25 0.0001000000011455773
26 0.0001000000011455773
27 0.0001000000011455773
28 0.0001000000011455773
29 0.0001000000011455773
30 0.0001000000011455773
31 0.0001000000011455773
32 0.0001000000011455773
33 0.0001000000011455773
34 0.0001000000011455773
35 0.0001000000011455773
36 0.0001000000011455773
37 0.0001000000011455773
38 0.0001000000011455773
39 0.0001000000011455773
40 0.0001000000011455773
41 0.0001000000011455773
42 0.0001000000011455773
43 0.0001000000011455773
44 0.0001000000011455773
45 0.0001000000011455773
46 0.0001000000011455773
47 0.0001000000011455773
48 0.0001000000011455773
49 0.0001000000011455773
50 0.0001000000011455773
51 0.0001000000011455773
52 0.0001000000011455773
53 0.0001000000011455773
54 0.0001000000011455773
55 0.0001000000011455773
56 0.0001000000011455773
57 0.0001000000011455773
58 0.0001000000011455773
59 0.0001000000011455773
60 0.0001000000011455773
61 0.0001000000011455773
62 0.0001000000011455773
63 0.0001000000011455773
64 0.0001000000011455773
65 0.0001000000011455773
66 0.0001000000011455773
67 0.0001000000011455773
68 0.0001000000011455773
69 0.0001000000011455773
70 0.0001000000011455773
71 0.0001000000011455773
72 0.0001000000011455773
73 0.0001000000011455773
74 0.0001000000011455773
75 0.0001000000011455773
76 0.0001000000011455773
77 0.0001000000011455773
78 0.0001000000011455773
79 0.0001000000011455773
80 0.0001000000011455773
81 0.0001000000011455773
82 0.0001000000011455773
83 0.0001000000011455773
84 0.0001000000011455773
85 0.0001000000011455773
86 0.0001000000011455773
87 0.0001000000011455773
88 0.0001000000011455773
89 0.0001000000011455773
90 0.0001000000011455773
91 0.0001000000011455773
92 0.0001000000011455773
93 0.0001000000011455773
94 0.0001000000011455773
95 0.0001000000011455773
96 0.0001000000011455773
97 0.0001000000011455773
98 0.0001000000011455773
99 0.0001000000011455773
100 0.0001000000011455773
101 0.0001000000011455773
102 0.0001000000011455773
103 0.0001000000011455773
104 0.0001000000011455773
105 0.0001000000011455773
106 0.0001000000011455773
107 0.0001000000011455773
108 0.0001000000011455773
109 0.0001000000011455773
110 0.0001000000011455773
111 0.0001000000011455773
112 0.0001000000011455773
113 0.0001000000011455773
114 0.0001000000011455773
115 0.0001000000011455773
116 0.0001000000011455773
117 0.0001000000011455773
118 0.0001000000011455773
119 0.0001000000011455773
120 0.0001000000011455773
121 0.0001000000011455773
122 0.0001000000011455773
123 0.0001000000011455773
124 0.0001000000011455773
125 0.0001000000011455773
126 0.0001000000011455773
127 0.0001000000011455773
128 0.0001000000011455773
129 0.0001000000011455773
130 0.0001000000011455773
131 0.0001000000011455773
132 0.0001000000011455773
133 0.0001000000011455773
134 0.0001000000011455773
135 0.0001000000011455773
136 0.0001000000011455773
137 0.0001000000011455773
138 0.0001000000011455773
139 0.0001000000011455773
140 0.0001000000011455773
141 0.0001000000011455773
142 0.0001000000011455773
143 0.0001000000011455773
144 0.0001000000011455773
145 0.0001000000011455773
146 0.0001000000011455773
147 0.0001000000011455773
148 0.0001000000011455773
149 0.0001000000011455773
150 0.0001000000011455773
151 0.0001000000011455773
152 0.0001000000011455773
153 0.0001000000011455773
154 0.0001000000011455773
155 0.0001000000011455773
156 0.0001000000011455773
157 0.0001000000011455773
158 0.0001000000011455773
159 0.0001000000011455773
160 0.0001000000011455773
161 0.0001000000011455773
162 0.0001000000011455773
163 0.0001000000011455773
164 0.0001000000011455773
165 0.0001000000011455773
166 0.0001000000011455773
167 0.0001000000011455773
168 0.0001000000011455773
169 0.0001000000011455773
170 0.0001000000011455773
171 0.0001000000011455773
172 0.0001000000011455773
173 0.0001000000011455773
174 0.0001000000011455773
175 0.0001000000011455773
176 0.0001000000011455773
177 0.0001000000011455773
178 0.0001000000011455773
179 0.0001000000011455773
180 0.0001000000011455773
181 0.0001000000011455773
182 0.0001000000011455773
183 0.0001000000011455773
184 0.0001000000011455773
185 0.0001000000011455773
186 0.0001000000011455773
187 0.0001000000011455773
188 0.0001000000011455773
189 0.0001000000011455773
190 0.0001000000011455773
191 0.0001000000011455773
192 0.0001000000011455773
193 0.0001000000011455773
194 0.0001000000011455773
195 0.0001000000011455773
196 0.0001000000011455773
197 0.0001000000011455773
198 0.0001000000011455773
199 0.0001000000011455773
200 0.0001000000011455773
201 0.0001000000011455773
202 0.0001000000011455773
203 0.0001000000011455773
204 0.0001000000011455773
205 0.0001000000011455773
206 0.0001000000011455773
207 0.0001000000011455773
208 0.0001000000011455773
209 0.0001000000011455773
210 0.0001000000011455773
211 0.0001000000011455773
212 0.0001000000011455773
213 0.0001000000011455773
214 0.0001000000011455773
215 0.0001000000011455773
216 0.0001000000011455773
217 0.0001000000011455773
218 0.0001000000011455773
219 0.0001000000011455773
220 0.0001000000011455773
221 0.0001000000011455773
222 0.0001000000011455773
223 0.0001000000011455773
224 0.0001000000011455773
225 0.0001000000011455773
226 0.0001000000011455773
227 0.0001000000011455773
228 0.0001000000011455773
229 0.0001000000011455773
230 0.0001000000011455773
231 0.0001000000011455773
232 0.0001000000011455773
233 0.0001000000011455773
234 0.0001000000011455773
235 0.0001000000011455773
236 0.0001000000011455773
237 0.0001000000011455773
238 0.0001000000011455773
239 0.0001000000011455773
240 0.0001000000011455773
241 0.0001000000011455773
242 0.0001000000011455773
243 0.0001000000011455773
244 0.0001000000011455773
245 0.0001000000011455773
246 0.0001000000011455773
247 0.0001000000011455773
248 0.0001000000011455773
249 0.0001000000011455773
250 0.0001000000011455773
251 0.0001000000011455773
252 0.0001000000011455773
253 0.0001000000011455773
254 0.0001000000011455773
255 0.0001000000011455773
256 0.0001000000011455773
257 0.0001000000011455773
258 0.0001000000011455773
259 0.0001000000011455773
260 0.0001000000011455773
261 0.0001000000011455773
262 0.0001000000011455773
263 0.0001000000011455773
264 0.0001000000011455773
265 0.0001000000011455773
266 0.0001000000011455773
267 0.0001000000011455773
268 0.0001000000011455773
269 0.0001000000011455773
270 0.0001000000011455773
271 0.0001000000011455773
272 0.0001000000011455773
273 0.0001000000011455773
274 0.0001000000011455773
275 0.0001000000011455773
276 0.0001000000011455773
277 0.0001000000011455773
278 0.0001000000011455773
279 0.0001000000011455773
280 0.0001000000011455773
281 0.0001000000011455773
282 0.0001000000011455773
283 0.0001000000011455773
284 0.0001000000011455773
285 0.0001000000011455773
286 0.0001000000011455773
287 0.0001000000011455773
288 0.0001000000011455773
289 0.0001000000011455773
290 0.0001000000011455773
291 0.0001000000011455773
292 0.0001000000011455773
293 0.0001000000011455773
294 0.0001000000011455773
295 0.0001000000011455773
296 0.0001000000011455773
297 0.0001000000011455773
298 0.0001000000011455773
299 0.0001000000011455773
300 0.0001000000011455773
301 0.0001000000011455773
302 0.0001000000011455773
303 0.0001000000011455773
304 0.0001000000011455773
305 0.0001000000011455773
306 0.0001000000011455773
307 0.0001000000011455773
308 0.0001000000011455773
309 0.0001000000011455773
310 0.0001000000011455773
311 0.0001000000011455773
312 0.0001000000011455773
313 0.0001000000011455773
314 0.0001000000011455773
315 0.0001000000011455773
316 0.0001000000011455773
317 0.0001000000011455773
318 0.0001000000011455773
319 0.0001000000011455773
320 0.0001000000011455773
321 0.0001000000011455773
322 0.0001000000011455773
323 0.0001000000011455773
324 0.0001000000011455773
325 0.0001000000011455773
326 0.0001000000011455773
327 0.0001000000011455773
328 0.0001000000011455773
329 0.0001000000011455773
330 0.0001000000011455773
331 0.0001000000011455773
332 0.0001000000011455773
333 0.0001000000011455773
334 0.0001000000011455773
335 0.0001000000011455773
336 0.0001000000011455773
337 0.0001000000011455773
338 0.0001000000011455773
339 0.0001000000011455773
340 0.0001000000011455773
341 0.0001000000011455773
342 0.0001000000011455773
343 0.0001000000011455773
344 0.0001000000011455773
345 0.0001000000011455773
346 0.0001000000011455773
347 0.0001000000011455773
348 0.0001000000011455773
349 0.0001000000011455773
350 0.0001000000011455773
351 0.0001000000011455773
352 0.0001000000011455773
353 0.0001000000011455773
354 0.0001000000011455773
355 0.0001000000011455773
356 0.0001000000011455773
357 0.0001000000011455773
358 0.0001000000011455773
359 0.0001000000011455773
360 0.0001000000011455773
361 0.0001000000011455773
362 0.0001000000011455773
363 0.0001000000011455773
364 0.0001000000011455773
365 0.0001000000011455773
366 0.0001000000011455773
367 0.0001000000011455773
368 0.0001000000011455773
369 0.0001000000011455773
370 0.0001000000011455773
371 0.0001000000011455773
372 0.0001000000011455773
373 0.0001000000011455773
374 0.0001000000011455773
375 0.0001000000011455773
376 0.0001000000011455773
377 0.0001000000011455773
378 0.0001000000011455773
379 0.0001000000011455773
380 0.0001000000011455773
381 0.0001000000011455773
382 0.0001000000011455773
383 0.0001000000011455773
384 0.0001000000011455773
385 0.0001000000011455773
386 0.0001000000011455773
387 0.0001000000011455773
388 0.0001000000011455773
389 0.0001000000011455773
390 0.0001000000011455773
391 0.0001000000011455773
392 0.0001000000011455773
393 0.0001000000011455773
394 0.0001000000011455773
395 0.0001000000011455773
396 0.0001000000011455773
397 0.0001000000011455773
398 0.0001000000011455773
399 0.0001000000011455773
400 0.0001000000011455773
401 0.0001000000011455773
402 0.0001000000011455773
403 0.0001000000011455773
404 0.0001000000011455773
405 0.0001000000011455773
406 0.0001000000011455773
407 0.0001000000011455773
408 0.0001000000011455773
409 0.0001000000011455773
410 0.0001000000011455773
411 0.0001000000011455773
412 0.0001000000011455773
413 0.0001000000011455773
414 0.0001000000011455773
415 0.0001000000011455773
416 0.0001000000011455773
417 0.0001000000011455773
418 0.0001000000011455773
419 0.0001000000011455773
420 0.0001000000011455773
421 0.0001000000011455773
422 0.0001000000011455773
423 0.0001000000011455773
424 0.0001000000011455773
425 0.0001000000011455773
426 0.0001000000011455773
427 0.0001000000011455773
428 0.0001000000011455773
429 0.0001000000011455773
430 0.0001000000011455773
431 0.0001000000011455773
432 0.0001000000011455773
433 0.0001000000011455773
434 0.0001000000011455773
435 0.0001000000011455773
436 0.0001000000011455773
437 0.0001000000011455773
438 0.0001000000011455773
439 0.0001000000011455773
440 0.0001000000011455773
441 0.0001000000011455773
442 0.0001000000011455773
443 0.0001000000011455773
444 0.0001000000011455773
445 0.0001000000011455773
446 0.0001000000011455773
447 0.0001000000011455773
448 0.0001000000011455773
449 0.0001000000011455773
450 0.0001000000011455773
451 0.0001000000011455773
452 0.0001000000011455773
453 0.0001000000011455773
454 0.0001000000011455773
455 0.0001000000011455773
456 0.0001000000011455773
457 0.0001000000011455773
458 0.0001000000011455773
459 0.0001000000011455773
460 0.0001000000011455773
461 0.0001000000011455773
462 0.0001000000011455773
463 0.0001000000011455773
464 0.0001000000011455773
465 0.0001000000011455773
466 0.0001000000011455773
467 0.0001000000011455773
468 0.0001000000011455773
469 0.0001000000011455773
470 0.0001000000011455773
471 0.0001000000011455773
472 0.0001000000011455773
473 0.0001000000011455773
474 0.0001000000011455773
475 0.0001000000011455773
476 0.0001000000011455773
477 0.0001000000011455773
478 0.0001000000011455773
479 0.0001000000011455773
480 0.0001000000011455773
481 0.0001000000011455773
482 0.0001000000011455773
483 0.0001000000011455773
484 0.0001000000011455773
485 0.0001000000011455773
486 0.0001000000011455773
487 0.0001000000011455773
488 0.0001000000011455773
489 0.0001000000011455773
490 0.0001000000011455773
491 0.0001000000011455773
492 0.0001000000011455773
493 0.0001000000011455773
494 0.0001000000011455773
495 0.0001000000011455773
496 0.0001000000011455773
497 0.0001000000011455773
498 0.0001000000011455773
499 0.0001000000011455773
500 0.0001000000011455773
501 0.0001000000011455773
502 0.0001000000011455773
503 0.0001000000011455773
504 0.0001000000011455773
505 0.0001000000011455773
506 0.0001000000011455773
507 0.0001000000011455773
508 0.0001000000011455773
509 0.0001000000011455773
510 0.0001000000011455773
511 0.0001000000011455773
512 0.0001000000011455773
513 0.0001000000011455773
514 0.0001000000011455773
515 0.0001000000011455773
516 0.0001000000011455773
517 0.0001000000011455773
518 0.0001000000011455773
519 0.0001000000011455773
520 0.0001000000011455773
521 0.0001000000011455773
522 0.0001000000011455773
523 0.0001000000011455773
524 0.0001000000011455773
525 0.0001000000011455773
526 0.0001000000011455773
527 0.0001000000011455773
528 0.0001000000011455773
529 0.0001000000011455773
530 0.0001000000011455773
531 0.0001000000011455773
532 0.0001000000011455773
533 0.0001000000011455773
534 0.0001000000011455773
535 0.0001000000011455773
536 0.0001000000011455773
537 0.0001000000011455773
538 0.0001000000011455773
539 0.0001000000011455773
540 0.0001000000011455773
541 0.0001000000011455773
542 0.0001000000011455773
543 0.0001000000011455773
544 0.0001000000011455773
545 0.0001000000011455773
546 0.0001000000011455773
547 0.0001000000011455773
548 0.0001000000011455773
549 0.0001000000011455773
550 0.0001000000011455773
551 0.0001000000011455773
552 0.0001000000011455773
553 0.0001000000011455773
554 0.0001000000011455773
555 0.0001000000011455773
556 0.0001000000011455773
557 0.0001000000011455773
558 0.0001000000011455773
559 0.0001000000011455773
560 0.0001000000011455773
561 0.0001000000011455773
562 0.0001000000011455773
563 0.0001000000011455773
564 0.0001000000011455773
565 0.0001000000011455773
566 0.0001000000011455773
567 0.0001000000011455773
568 0.0001000000011455773
569 0.0001000000011455773
570 0.0001000000011455773
571 0.0001000000011455773
572 0.0001000000011455773
573 0.0001000000011455773
574 0.0001000000011455773
575 0.0001000000011455773
576 0.0001000000011455773
577 0.0001000000011455773
578 0.0001000000011455773
579 0.0001000000011455773
580 0.0001000000011455773
581 0.0001000000011455773
582 0.0001000000011455773
583 0.0001000000011455773
584 0.0001000000011455773
585 0.0001000000011455773
586 0.0001000000011455773
587 0.0001000000011455773
588 0.0001000000011455773
589 0.0001000000011455773
590 0.0001000000011455773
591 0.0001000000011455773
592 0.0001000000011455773
593 0.0001000000011455773
594 0.0001000000011455773
595 0.0001000000011455773
596 0.0001000000011455773
597 0.0001000000011455773
598 0.0001000000011455773
599 0.0001000000011455773
600 0.0001000000011455773
601 0.0001000000011455773
602 0.0001000000011455773
603 0.0001000000011455773
604 0.0001000000011455773
605 0.0001000000011455773
606 0.0001000000011455773
607 0.0001000000011455773
608 0.0001000000011455773
609 0.0001000000011455773
610 0.0001000000011455773
611 0.0001000000011455773
612 0.0001000000011455773
613 0.0001000000011455773
614 0.0001000000011455773
615 0.0001000000011455773
616 0.0001000000011455773
617 0.0001000000011455773
618 0.0001000000011455773
619 0.0001000000011455773
620 0.0001000000011455773
621 0.0001000000011455773
622 0.0001000000011455773
623 0.0001000000011455773
624 0.0001000000011455773
625 0.0001000000011455773
626 0.0001000000011455773
627 0.0001000000011455773
628 0.0001000000011455773
629 0.0001000000011455773
630 0.0001000000011455773
631 0.0001000000011455773
632 0.0001000000011455773
633 0.0001000000011455773
634 0.0001000000011455773
635 0.0001000000011455773
636 0.0001000000011455773
637 0.0001000000011455773
638 0.0001000000011455773
639 0.0001000000011455773
640 0.0001000000011455773
641 0.0001000000011455773
642 0.0001000000011455773
643 0.0001000000011455773
644 0.0001000000011455773
645 0.0001000000011455773
646 0.0001000000011455773
647 0.0001000000011455773
648 0.0001000000011455773
649 0.0001000000011455773
650 0.0001000000011455773
651 0.0001000000011455773
652 0.0001000000011455773
653 0.0001000000011455773
654 0.0001000000011455773
655 0.0001000000011455773
656 0.0001000000011455773
657 0.0001000000011455773
658 0.0001000000011455773
659 0.0001000000011455773
660 0.0001000000011455773
661 0.0001000000011455773
662 0.0001000000011455773
663 0.0001000000011455773
664 0.0001000000011455773
665 0.0001000000011455773
666 0.0001000000011455773
667 0.0001000000011455773
668 0.0001000000011455773
669 0.0001000000011455773
670 0.0001000000011455773
671 0.0001000000011455773
672 0.0001000000011455773
673 0.0001000000011455773
674 0.0001000000011455773
675 0.0001000000011455773
676 0.0001000000011455773
677 0.0001000000011455773
678 0.0001000000011455773
679 0.0001000000011455773
680 0.0001000000011455773
681 0.0001000000011455773
682 0.0001000000011455773
683 0.0001000000011455773
684 0.0001000000011455773
685 0.0001000000011455773
686 0.0001000000011455773
687 0.0001000000011455773
688 0.0001000000011455773
689 0.0001000000011455773
690 0.0001000000011455773
691 0.0001000000011455773
692 0.0001000000011455773
693 0.0001000000011455773
694 0.0001000000011455773
695 0.0001000000011455773
696 0.0001000000011455773
697 0.0001000000011455773
698 0.0001000000011455773
699 0.0001000000011455773
700 0.0001000000011455773
701 0.0001000000011455773
702 0.0001000000011455773
703 0.0001000000011455773
704 0.0001000000011455773
705 0.0001000000011455773
706 0.0001000000011455773
707 0.0001000000011455773
708 0.0001000000011455773
709 0.0001000000011455773
710 0.0001000000011455773
711 0.0001000000011455773
712 0.0001000000011455773
713 0.0001000000011455773
714 0.0001000000011455773
715 0.0001000000011455773
716 0.0001000000011455773
717 0.0001000000011455773
718 0.0001000000011455773
719 0.0001000000011455773
720 0.0001000000011455773
721 0.0001000000011455773
722 0.0001000000011455773
723 0.0001000000011455773
724 0.0001000000011455773
725 0.0001000000011455773
726 0.0001000000011455773
727 0.0001000000011455773
728 0.0001000000011455773
729 0.0001000000011455773
730 0.0001000000011455773
731 0.0001000000011455773
732 0.0001000000011455773
733 0.0001000000011455773
734 0.0001000000011455773
735 0.0001000000011455773
736 0.0001000000011455773
737 0.0001000000011455773
738 0.0001000000011455773
739 0.0001000000011455773
740 0.0001000000011455773
741 0.0001000000011455773
742 0.0001000000011455773
743 0.0001000000011455773
744 0.0001000000011455773
745 0.0001000000011455773
746 0.0001000000011455773
747 0.0001000000011455773
748 0.0001000000011455773
749 0.0001000000011455773
750 0.0001000000011455773
751 0.0001000000011455773
752 0.0001000000011455773
753 0.0001000000011455773
754 0.0001000000011455773
755 0.0001000000011455773
756 0.0001000000011455773
757 0.0001000000011455773
758 0.0001000000011455773
759 0.0001000000011455773
760 0.0001000000011455773
761 0.0001000000011455773
762 0.0001000000011455773
763 0.0001000000011455773
764 0.0001000000011455773
765 0.0001000000011455773
766 0.0001000000011455773
767 0.0001000000011455773
768 0.0001000000011455773
769 0.0001000000011455773
770 0.0001000000011455773
771 0.0001000000011455773
772 0.0001000000011455773
773 0.0001000000011455773
774 0.0001000000011455773
775 0.0001000000011455773
776 0.0001000000011455773
777 0.0001000000011455773
778 0.0001000000011455773
779 0.0001000000011455773
780 0.0001000000011455773
781 0.0001000000011455773
782 0.0001000000011455773
783 0.0001000000011455773
784 0.0001000000011455773
785 0.0001000000011455773
786 0.0001000000011455773
787 0.0001000000011455773
788 0.0001000000011455773
789 0.0001000000011455773
790 0.0001000000011455773
791 0.0001000000011455773
792 0.0001000000011455773
793 0.0001000000011455773
794 0.0001000000011455773
795 0.0001000000011455773
796 0.0001000000011455773
797 0.0001000000011455773
798 0.0001000000011455773
799 0.0001000000011455773
800 0.0001000000011455773
801 0.0001000000011455773
802 0.0001000000011455773
803 0.0001000000011455773
804 0.0001000000011455773
805 0.0001000000011455773
806 0.0001000000011455773
807 0.0001000000011455773
808 0.0001000000011455773
809 0.0001000000011455773
810 0.0001000000011455773
811 0.0001000000011455773
812 0.0001000000011455773
813 0.0001000000011455773
814 0.0001000000011455773
815 0.0001000000011455773
816 0.0001000000011455773
817 0.0001000000011455773
818 0.0001000000011455773
819 0.0001000000011455773
820 0.0001000000011455773
821 0.0001000000011455773
822 0.0001000000011455773
823 0.0001000000011455773
824 0.0001000000011455773
825 0.0001000000011455773
826 0.0001000000011455773
827 0.0001000000011455773
828 0.0001000000011455773
829 0.0001000000011455773
830 0.0001000000011455773
831 0.0001000000011455773
832 0.0001000000011455773
833 0.0001000000011455773
834 0.0001000000011455773
835 0.0001000000011455773
836 0.0001000000011455773
837 0.0001000000011455773
838 0.0001000000011455773
839 0.0001000000011455773
840 0.0001000000011455773
841 0.0001000000011455773
842 0.0001000000011455773
843 0.0001000000011455773
844 0.0001000000011455773
845 0.0001000000011455773
846 0.0001000000011455773
847 0.0001000000011455773
848 0.0001000000011455773
849 0.0001000000011455773
850 0.0001000000011455773
851 0.0001000000011455773
852 0.0001000000011455773
853 0.0001000000011455773
854 0.0001000000011455773
855 0.0001000000011455773
856 0.0001000000011455773
857 0.0001000000011455773
858 0.0001000000011455773
859 0.0001000000011455773
860 0.0001000000011455773
861 0.0001000000011455773
862 0.0001000000011455773
863 0.0001000000011455773
864 0.0001000000011455773
865 0.0001000000011455773
866 0.0001000000011455773
867 0.0001000000011455773
868 0.0001000000011455773
869 0.0001000000011455773
870 0.0001000000011455773
871 0.0001000000011455773
872 0.0001000000011455773
873 0.0001000000011455773
874 0.0001000000011455773
875 0.0001000000011455773
876 0.0001000000011455773
877 0.0001000000011455773
878 0.0001000000011455773
879 0.0001000000011455773
880 0.0001000000011455773
881 0.0001000000011455773
882 0.0001000000011455773
883 0.0001000000011455773
884 0.0001000000011455773
885 0.0001000000011455773
886 0.0001000000011455773
887 0.0001000000011455773
888 0.0001000000011455773
889 0.0001000000011455773
890 0.0001000000011455773
891 0.0001000000011455773
892 0.0001000000011455773
893 0.0001000000011455773
894 0.0001000000011455773
895 0.0001000000011455773
896 0.0001000000011455773
897 0.0001000000011455773
898 0.0001000000011455773
899 0.0001000000011455773
900 0.0001000000011455773
901 0.0001000000011455773
902 0.0001000000011455773
903 0.0001000000011455773
904 0.0001000000011455773
905 0.0001000000011455773
906 0.0001000000011455773
907 0.0001000000011455773
908 0.0001000000011455773
909 0.0001000000011455773
910 0.0001000000011455773
911 0.0001000000011455773
912 0.0001000000011455773
913 0.0001000000011455773
914 0.0001000000011455773
915 0.0001000000011455773
916 0.0001000000011455773
917 0.0001000000011455773
918 0.0001000000011455773
919 0.0001000000011455773
920 0.0001000000011455773
921 0.0001000000011455773
922 0.0001000000011455773
923 0.0001000000011455773
924 0.0001000000011455773
925 0.0001000000011455773
926 0.0001000000011455773
927 0.0001000000011455773
928 0.0001000000011455773
929 0.0001000000011455773
930 0.0001000000011455773
931 0.0001000000011455773
932 0.0001000000011455773
933 0.0001000000011455773
934 0.0001000000011455773
935 0.0001000000011455773
936 0.0001000000011455773
937 0.0001000000011455773
938 0.0001000000011455773
939 0.0001000000011455773
940 0.0001000000011455773
941 0.0001000000011455773
942 0.0001000000011455773
943 0.0001000000011455773
944 0.0001000000011455773
945 0.0001000000011455773
946 0.0001000000011455773
947 0.0001000000011455773
948 0.0001000000011455773
949 0.0001000000011455773
950 0.0001000000011455773
951 0.0001000000011455773
952 0.0001000000011455773
953 0.0001000000011455773
954 0.0001000000011455773
955 0.0001000000011455773
956 0.0001000000011455773
957 0.0001000000011455773
958 0.0001000000011455773
959 0.0001000000011455773
960 0.0001000000011455773
961 0.0001000000011455773
962 0.0001000000011455773
963 0.0001000000011455773
964 0.0001000000011455773
965 0.0001000000011455773
966 0.0001000000011455773
967 0.0001000000011455773
968 0.0001000000011455773
969 0.0001000000011455773
970 0.0001000000011455773
971 0.0001000000011455773
972 0.0001000000011455773
973 0.0001000000011455773
974 0.0001000000011455773
975 0.0001000000011455773
976 0.0001000000011455773
977 0.0001000000011455773
978 0.0001000000011455773
979 0.0001000000011455773
980 0.0001000000011455773
981 0.0001000000011455773
982 0.0001000000011455773
983 0.0001000000011455773
984 0.0001000000011455773
985 0.0001000000011455773
986 0.0001000000011455773
987 0.0001000000011455773
988 0.0001000000011455773
989 0.0001000000011455773
990 0.0001000000011455773
991 0.0001000000011455773
992 0.0001000000011455773
993 0.0001000000011455773
994 0.0001000000011455773
995 0.0001000000011455773
996 0.0001000000011455773
997 0.0001000000011455773
998 0.0001000000011455773
999 0.0001000000011455773
1000 0.0001000000011455773
1001 0.0001000000011455773
1002 0.0001000000011455773
1003 0.0001000000011455773
1004 0.0001000000011455773
1005 0.0001000000011455773
1006 0.0001000000011455773
1007 0.0001000000011455773
1008 0.0001000000011455773
1009 0.0001000000011455773
1010 0.0001000000011455773
1011 0.0001000000011455773
1012 0.0001000000011455773
1013 0.0001000000011455773
1014 0.0001000000011455773
1015 0.0001000000011455773
1016 0.0001000000011455773
1017 0.0001000000011455773
1018 0.0001000000011455773
1019 0.0001000000011455773
1020 0.0001000000011455773
1021 0.0001000000011455773
1022 0.0001000000011455773
1023 0.0001000000011455773
1024 0.0001000000011455773
1025 0.0001000000011455773
1026 0.0001000000011455773
1027 0.0001000000011455773
1028 0.0001000000011455773
1029 0.0001000000011455773
1030 0.0001000000011455773
1031 0.0001000000011455773
1032 0.0001000000011455773
1033 0.0001000000011455773
1034 0.0001000000011455773
1035 0.0001000000011455773
1036 0.0001000000011455773
1037 0.0001000000011455773
1038 0.0001000000011455773
1039 0.0001000000011455773
1040 0.0001000000011455773
1041 0.0001000000011455773
1042 0.0001000000011455773
1043 0.0001000000011455773
1044 0.0001000000011455773
1045 0.0001000000011455773
1046 0.0001000000011455773
1047 0.0001000000011455773
1048 0.0001000000011455773
1049 0.0001000000011455773
1050 0.0001000000011455773
1051 0.0001000000011455773
1052 0.0001000000011455773
1053 0.0001000000011455773
1054 0.0001000000011455773
1055 0.0001000000011455773
1056 0.0001000000011455773
1057 0.0001000000011455773
1058 0.0001000000011455773
1059 0.0001000000011455773
1060 0.0001000000011455773
1061 0.0001000000011455773
1062 0.0001000000011455773
1063 0.0001000000011455773
1064 0.0001000000011455773
1065 0.0001000000011455773
1066 0.0001000000011455773
1067 0.0001000000011455773
1068 0.0001000000011455773
1069 0.0001000000011455773
1070 0.0001000000011455773
1071 0.0001000000011455773
1072 0.0001000000011455773
1073 0.0001000000011455773
1074 0.0001000000011455773
1075 0.0001000000011455773
1076 0.0001000000011455773
1077 0.0001000000011455773
1078 0.0001000000011455773
1079 0.0001000000011455773
1080 0.0001000000011455773
1081 0.0001000000011455773
1082 0.0001000000011455773
1083 0.0001000000011455773
1084 0.0001000000011455773
1085 0.0001000000011455773
1086 0.0001000000011455773
1087 0.0001000000011455773
1088 0.0001000000011455773
1089 0.0001000000011455773
1090 0.0001000000011455773
1091 0.0001000000011455773
1092 0.0001000000011455773
1093 0.0001000000011455773
1094 0.0001000000011455773
1095 0.0001000000011455773
1096 0.0001000000011455773
1097 0.0001000000011455773
1098 0.0001000000011455773
1099 0.0001000000011455773
1100 0.0001000000011455773
1101 0.0001000000011455773
1102 0.0001000000011455773
1103 0.0001000000011455773
1104 0.0001000000011455773
1105 0.0001000000011455773
1106 0.0001000000011455773
1107 0.0001000000011455773
1108 0.0001000000011455773
1109 0.0001000000011455773
1110 0.0001000000011455773
1111 0.0001000000011455773
1112 0.0001000000011455773
1113 0.0001000000011455773
1114 0.0001000000011455773
1115 0.0001000000011455773
1116 0.0001000000011455773
1117 0.0001000000011455773
1118 0.0001000000011455773
1119 0.0001000000011455773
1120 0.0001000000011455773
1121 0.0001000000011455773
1122 0.0001000000011455773
1123 0.0001000000011455773
1124 0.0001000000011455773
1125 0.0001000000011455773
1126 0.0001000000011455773
1127 0.0001000000011455773
1128 0.0001000000011455773
1129 0.0001000000011455773
1130 0.0001000000011455773
1131 0.0001000000011455773
1132 0.0001000000011455773
1133 0.0001000000011455773
1134 0.0001000000011455773
1135 0.0001000000011455773
1136 0.0001000000011455773
1137 0.0001000000011455773
1138 0.0001000000011455773
1139 0.0001000000011455773
1140 0.0001000000011455773
1141 0.0001000000011455773
1142 0.0001000000011455773
1143 0.0001000000011455773
1144 0.0001000000011455773
1145 0.0001000000011455773
1146 0.0001000000011455773
1147 0.0001000000011455773
1148 0.0001000000011455773
1149 0.0001000000011455773
1150 0.0001000000011455773
1151 0.0001000000011455773
1152 0.0001000000011455773
1153 0.0001000000011455773
1154 0.0001000000011455773
1155 0.0001000000011455773
1156 0.0001000000011455773
1157 0.0001000000011455773
1158 0.0001000000011455773
1159 0.0001000000011455773
1160 0.0001000000011455773
1161 0.0001000000011455773
1162 0.0001000000011455773
1163 0.0001000000011455773
1164 0.0001000000011455773
1165 0.0001000000011455773
1166 0.0001000000011455773
1167 0.0001000000011455773
1168 0.0001000000011455773
1169 0.0001000000011455773
1170 0.0001000000011455773
1171 0.0001000000011455773
1172 0.0001000000011455773
1173 0.0001000000011455773
1174 0.0001000000011455773
1175 0.0001000000011455773
1176 0.0001000000011455773
1177 0.0001000000011455773
1178 0.0001000000011455773
1179 0.0001000000011455773
1180 0.0001000000011455773
1181 0.0001000000011455773
1182 0.0001000000011455773
1183 0.0001000000011455773
1184 0.0001000000011455773
1185 0.0001000000011455773
1186 0.0001000000011455773
1187 0.0001000000011455773
1188 0.0001000000011455773
1189 0.0001000000011455773
1190 0.0001000000011455773
1191 0.0001000000011455773
1192 0.0001000000011455773
1193 0.0001000000011455773
1194 0.0001000000011455773
1195 0.0001000000011455773
1196 0.0001000000011455773
1197 0.0001000000011455773
1198 0.0001000000011455773
1199 0.0001000000011455773
1200 0.0001000000011455773
1201 0.0001000000011455773
1202 0.0001000000011455773
1203 0.0001000000011455773
1204 0.0001000000011455773
1205 0.0001000000011455773
1206 0.0001000000011455773
1207 0.0001000000011455773
1208 0.0001000000011455773
1209 0.0001000000011455773
1210 0.0001000000011455773
1211 0.0001000000011455773
1212 0.0001000000011455773
1213 0.0001000000011455773
1214 0.0001000000011455773
1215 0.0001000000011455773
1216 0.0001000000011455773
1217 0.0001000000011455773
1218 0.0001000000011455773
1219 0.0001000000011455773
1220 0.0001000000011455773
1221 0.0001000000011455773
1222 0.0001000000011455773
1223 0.0001000000011455773
1224 0.0001000000011455773
1225 0.0001000000011455773
1226 0.0001000000011455773
1227 0.0001000000011455773
1228 0.0001000000011455773
1229 0.0001000000011455773
1230 0.0001000000011455773
1231 0.0001000000011455773
1232 0.0001000000011455773
1233 0.0001000000011455773
1234 0.0001000000011455773
1235 0.0001000000011455773
1236 0.0001000000011455773
1237 0.0001000000011455773
1238 0.0001000000011455773
1239 0.0001000000011455773
1240 0.0001000000011455773
1241 0.0001000000011455773
1242 0.0001000000011455773
1243 0.0001000000011455773
1244 0.0001000000011455773
1245 0.0001000000011455773
1246 0.0001000000011455773
1247 0.0001000000011455773
1248 0.0001000000011455773
1249 0.0001000000011455773
1250 0.0001000000011455773
1251 0.0001000000011455773
1252 0.0001000000011455773
1253 0.0001000000011455773
1254 0.0001000000011455773
1255 0.0001000000011455773
1256 0.0001000000011455773
1257 0.0001000000011455773
1258 0.0001000000011455773
1259 0.0001000000011455773
1260 0.0001000000011455773
1261 0.0001000000011455773
1262 0.0001000000011455773
1263 0.0001000000011455773
1264 0.0001000000011455773
1265 0.0001000000011455773
1266 0.0001000000011455773
1267 0.0001000000011455773
1268 0.0001000000011455773
1269 0.0001000000011455773
1270 0.0001000000011455773
1271 0.0001000000011455773
1272 0.0001000000011455773
1273 0.0001000000011455773
1274 0.0001000000011455773
1275 0.0001000000011455773
1276 0.0001000000011455773
1277 0.0001000000011455773
1278 0.0001000000011455773
1279 0.0001000000011455773
1280 0.0001000000011455773
1281 0.0001000000011455773
1282 0.0001000000011455773
1283 0.0001000000011455773
1284 0.0001000000011455773
1285 0.0001000000011455773
1286 0.0001000000011455773
1287 0.0001000000011455773
1288 0.0001000000011455773
1289 0.0001000000011455773
1290 0.0001000000011455773
1291 0.0001000000011455773
1292 0.0001000000011455773
1293 0.0001000000011455773
1294 0.0001000000011455773
1295 0.0001000000011455773
1296 0.0001000000011455773
1297 0.0001000000011455773
1298 0.0001000000011455773
1299 0.0001000000011455773
1300 0.0001000000011455773
1301 0.0001000000011455773
1302 0.0001000000011455773
1303 0.0001000000011455773
1304 0.0001000000011455773
1305 0.0001000000011455773
1306 0.0001000000011455773
1307 0.0001000000011455773
1308 0.0001000000011455773
1309 0.0001000000011455773
1310 0.0001000000011455773
1311 0.0001000000011455773
1312 0.0001000000011455773
1313 0.0001000000011455773
1314 0.0001000000011455773
1315 0.0001000000011455773
1316 0.0001000000011455773
1317 0.0001000000011455773
1318 0.0001000000011455773
1319 0.0001000000011455773
1320 0.0001000000011455773
1321 0.0001000000011455773
1322 0.0001000000011455773
1323 0.0001000000011455773
1324 0.0001000000011455773
1325 0.0001000000011455773
1326 0.0001000000011455773
1327 0.0001000000011455773
1328 0.0001000000011455773
1329 0.0001000000011455773
1330 0.0001000000011455773
1331 0.0001000000011455773
1332 0.0001000000011455773
1333 0.0001000000011455773
1334 0.0001000000011455773
1335 0.0001000000011455773
1336 0.0001000000011455773
1337 0.0001000000011455773
1338 0.0001000000011455773
1339 0.0001000000011455773
1340 0.0001000000011455773
1341 0.0001000000011455773
1342 0.0001000000011455773
1343 0.0001000000011455773
1344 0.0001000000011455773
1345 0.0001000000011455773
1346 0.0001000000011455773
1347 0.0001000000011455773
1348 0.0001000000011455773
1349 0.0001000000011455773
1350 0.0001000000011455773
1351 0.0001000000011455773
1352 0.0001000000011455773
1353 0.0001000000011455773
1354 0.0001000000011455773
1355 0.0001000000011455773
1356 0.0001000000011455773
1357 0.0001000000011455773
1358 0.0001000000011455773
1359 0.0001000000011455773
1360 0.0001000000011455773
1361 0.0001000000011455773
1362 0.0001000000011455773
1363 0.0001000000011455773
1364 0.0001000000011455773
1365 0.0001000000011455773
1366 0.0001000000011455773
1367 0.0001000000011455773
1368 0.0001000000011455773
1369 0.0001000000011455773
1370 0.0001000000011455773
1371 0.0001000000011455773
1372 0.0001000000011455773
1373 0.0001000000011455773
1374 0.0001000000011455773
1375 0.0001000000011455773
1376 0.0001000000011455773
1377 0.0001000000011455773
1378 0.0001000000011455773
1379 0.0001000000011455773
1380 0.0001000000011455773
1381 0.0001000000011455773
1382 0.0001000000011455773
1383 0.0001000000011455773
1384 0.0001000000011455773
1385 0.0001000000011455773
1386 0.0001000000011455773
1387 0.0001000000011455773
1388 0.0001000000011455773
1389 0.0001000000011455773
1390 0.0001000000011455773
1391 0.0001000000011455773
1392 0.0001000000011455773
1393 0.0001000000011455773
1394 0.0001000000011455773
1395 0.0001000000011455773
1396 0.0001000000011455773
1397 0.0001000000011455773
1398 0.0001000000011455773
1399 0.0001000000011455773
1400 0.0001000000011455773
1401 0.0001000000011455773
1402 0.0001000000011455773
1403 0.0001000000011455773
1404 0.0001000000011455773
1405 0.0001000000011455773
1406 0.0001000000011455773
1407 0.0001000000011455773
1408 0.0001000000011455773
1409 0.0001000000011455773
1410 0.0001000000011455773
1411 0.0001000000011455773
1412 0.0001000000011455773
1413 0.0001000000011455773
1414 0.0001000000011455773
1415 0.0001000000011455773
1416 0.0001000000011455773
1417 0.0001000000011455773
1418 0.0001000000011455773
1419 0.0001000000011455773
1420 0.0001000000011455773
1421 0.0001000000011455773
1422 0.0001000000011455773
1423 0.0001000000011455773
1424 0.0001000000011455773
1425 0.0001000000011455773
1426 0.0001000000011455773
1427 0.0001000000011455773
1428 0.0001000000011455773
1429 0.0001000000011455773
1430 0.0001000000011455773
1431 0.0001000000011455773
1432 0.0001000000011455773
1433 0.0001000000011455773
1434 0.0001000000011455773
1435 0.0001000000011455773
1436 0.0001000000011455773
1437 0.0001000000011455773
1438 0.0001000000011455773
1439 0.0001000000011455773
1440 0.0001000000011455773
1441 0.0001000000011455773
1442 0.0001000000011455773
1443 0.0001000000011455773
1444 0.0001000000011455773
1445 0.0001000000011455773
1446 0.0001000000011455773
1447 0.0001000000011455773
1448 0.0001000000011455773
1449 0.0001000000011455773
1450 0.0001000000011455773
1451 0.0001000000011455773
1452 0.0001000000011455773
1453 0.0001000000011455773
1454 0.0001000000011455773
1455 0.0001000000011455773
1456 0.0001000000011455773
1457 0.0001000000011455773
1458 0.0001000000011455773
1459 0.0001000000011455773
1460 0.0001000000011455773
1461 0.0001000000011455773
1462 0.0001000000011455773
1463 0.0001000000011455773
1464 0.0001000000011455773
1465 0.0001000000011455773
1466 0.0001000000011455773
1467 0.0001000000011455773
1468 0.0001000000011455773
1469 0.0001000000011455773
1470 0.0001000000011455773
1471 0.0001000000011455773
1472 0.0001000000011455773
1473 0.0001000000011455773
1474 0.0001000000011455773
1475 0.0001000000011455773
1476 0.0001000000011455773
1477 0.0001000000011455773
1478 0.0001000000011455773
1479 0.0001000000011455773
1480 0.0001000000011455773
1481 0.0001000000011455773
1482 0.0001000000011455773
1483 0.0001000000011455773
1484 0.0001000000011455773
1485 0.0001000000011455773
1486 0.0001000000011455773
1487 0.0001000000011455773
1488 0.0001000000011455773
1489 0.0001000000011455773
1490 0.0001000000011455773
1491 0.0001000000011455773
1492 0.0001000000011455773
1493 0.0001000000011455773
1494 0.0001000000011455773
1495 0.0001000000011455773
1496 0.0001000000011455773
1497 0.0001000000011455773
1498 0.0001000000011455773
1499 0.0001000000011455773
1500 0.0001000000011455773
1501 0.0001000000011455773
1502 0.0001000000011455773
1503 0.0001000000011455773
1504 0.0001000000011455773
1505 0.0001000000011455773
1506 0.0001000000011455773
1507 0.0001000000011455773
1508 0.0001000000011455773
1509 0.0001000000011455773
1510 0.0001000000011455773
1511 0.0001000000011455773
1512 0.0001000000011455773
1513 0.0001000000011455773
1514 0.0001000000011455773
1515 0.0001000000011455773
1516 0.0001000000011455773
1517 0.0001000000011455773
1518 0.0001000000011455773
1519 0.0001000000011455773
1520 0.0001000000011455773
1521 0.0001000000011455773
1522 0.0001000000011455773
1523 0.0001000000011455773
1524 0.0001000000011455773
1525 0.0001000000011455773
1526 0.0001000000011455773
1527 0.0001000000011455773
1528 0.0001000000011455773
1529 0.0001000000011455773
1530 0.0001000000011455773
1531 0.0001000000011455773
1532 0.0001000000011455773
1533 0.0001000000011455773
1534 0.0001000000011455773
1535 0.0001000000011455773
1536 0.0001000000011455773
1537 0.0001000000011455773
1538 0.0001000000011455773
1539 0.0001000000011455773
1540 0.0001000000011455773
1541 0.0001000000011455773
1542 0.0001000000011455773
1543 0.0001000000011455773
1544 0.0001000000011455773
1545 0.0001000000011455773
1546 0.0001000000011455773
1547 0.0001000000011455773
1548 0.0001000000011455773
1549 0.0001000000011455773
1550 0.0001000000011455773
1551 0.0001000000011455773
1552 0.0001000000011455773
1553 0.0001000000011455773
1554 0.0001000000011455773
1555 0.0001000000011455773
1556 0.0001000000011455773
1557 0.0001000000011455773
1558 0.0001000000011455773
1559 0.0001000000011455773
1560 0.0001000000011455773
1561 0.0001000000011455773
1562 0.0001000000011455773
1563 0.0001000000011455773
1564 0.0001000000011455773
1565 0.0001000000011455773
1566 0.0001000000011455773
1567 0.0001000000011455773
1568 0.0001000000011455773
1569 0.0001000000011455773
1570 0.0001000000011455773
1571 0.0001000000011455773
1572 0.0001000000011455773
1573 0.0001000000011455773
1574 0.0001000000011455773
1575 0.0001000000011455773
1576 0.0001000000011455773
1577 0.0001000000011455773
1578 0.0001000000011455773
1579 0.0001000000011455773
1580 0.0001000000011455773
1581 0.0001000000011455773
1582 0.0001000000011455773
1583 0.0001000000011455773
1584 0.0001000000011455773
1585 0.0001000000011455773
1586 0.0001000000011455773
1587 0.0001000000011455773
1588 0.0001000000011455773
1589 0.0001000000011455773
1590 0.0001000000011455773
1591 0.0001000000011455773
1592 0.0001000000011455773
1593 0.0001000000011455773
1594 0.0001000000011455773
1595 0.0001000000011455773
1596 0.0001000000011455773
1597 0.0001000000011455773
1598 0.0001000000011455773
1599 0.0001000000011455773
1600 0.0001000000011455773
1601 0.0001000000011455773
1602 0.0001000000011455773
1603 0.0001000000011455773
1604 0.0001000000011455773
1605 0.0001000000011455773
1606 0.0001000000011455773
1607 0.0001000000011455773
1608 0.0001000000011455773
1609 0.0001000000011455773
1610 0.0001000000011455773
1611 0.0001000000011455773
1612 0.0001000000011455773
1613 0.0001000000011455773
1614 0.0001000000011455773
1615 0.0001000000011455773
1616 0.0001000000011455773
1617 0.0001000000011455773
1618 0.0001000000011455773
1619 0.0001000000011455773
1620 0.0001000000011455773
1621 0.0001000000011455773
1622 0.0001000000011455773
1623 0.0001000000011455773
1624 0.0001000000011455773
1625 0.0001000000011455773
1626 0.0001000000011455773
1627 0.0001000000011455773
1628 0.0001000000011455773
1629 0.0001000000011455773
1630 0.0001000000011455773
1631 0.0001000000011455773
1632 0.0001000000011455773
1633 0.0001000000011455773
1634 0.0001000000011455773
1635 0.0001000000011455773
1636 0.0001000000011455773
1637 0.0001000000011455773
1638 0.0001000000011455773
1639 0.0001000000011455773
1640 0.0001000000011455773
1641 0.0001000000011455773
1642 0.0001000000011455773
1643 0.0001000000011455773
1644 0.0001000000011455773
1645 0.0001000000011455773
1646 0.0001000000011455773
1647 0.0001000000011455773
1648 0.0001000000011455773
1649 0.0001000000011455773
1650 0.0001000000011455773
1651 0.0001000000011455773
1652 0.0001000000011455773
1653 0.0001000000011455773
1654 0.0001000000011455773
1655 0.0001000000011455773
1656 0.0001000000011455773
1657 0.0001000000011455773
1658 0.0001000000011455773
1659 0.0001000000011455773
1660 0.0001000000011455773
1661 0.0001000000011455773
1662 0.0001000000011455773
1663 0.0001000000011455773
1664 0.0001000000011455773
1665 0.0001000000011455773
1666 0.0001000000011455773
1667 0.0001000000011455773
1668 0.0001000000011455773
1669 0.0001000000011455773
1670 0.0001000000011455773
1671 0.0001000000011455773
1672 0.0001000000011455773
1673 0.0001000000011455773
1674 0.0001000000011455773
1675 0.0001000000011455773
1676 0.0001000000011455773
1677 0.0001000000011455773
1678 0.0001000000011455773
1679 0.0001000000011455773
1680 0.0001000000011455773
1681 0.0001000000011455773
1682 0.0001000000011455773
1683 0.0001000000011455773
1684 0.0001000000011455773
1685 0.0001000000011455773
1686 0.0001000000011455773
1687 0.0001000000011455773
1688 0.0001000000011455773
1689 0.0001000000011455773
1690 0.0001000000011455773
1691 0.0001000000011455773
1692 0.0001000000011455773
1693 0.0001000000011455773
1694 0.0001000000011455773
1695 0.0001000000011455773
1696 0.0001000000011455773
1697 0.0001000000011455773
1698 0.0001000000011455773
1699 0.0001000000011455773
1700 0.0001000000011455773
1701 0.0001000000011455773
1702 0.0001000000011455773
1703 0.0001000000011455773
1704 0.0001000000011455773
1705 0.0001000000011455773
1706 0.0001000000011455773
1707 0.0001000000011455773
1708 0.0001000000011455773
1709 0.0001000000011455773
1710 0.0001000000011455773
1711 0.0001000000011455773
1712 0.0001000000011455773
1713 0.0001000000011455773
1714 0.0001000000011455773
1715 0.0001000000011455773
1716 0.0001000000011455773
1717 0.0001000000011455773
1718 0.0001000000011455773
1719 0.0001000000011455773
1720 0.0001000000011455773
1721 0.0001000000011455773
1722 0.0001000000011455773
1723 0.0001000000011455773
1724 0.0001000000011455773
1725 0.0001000000011455773
1726 0.0001000000011455773
1727 0.0001000000011455773
1728 0.0001000000011455773
1729 0.0001000000011455773
1730 0.0001000000011455773
1731 0.0001000000011455773
1732 0.0001000000011455773
1733 0.0001000000011455773
1734 0.0001000000011455773
1735 0.0001000000011455773
1736 0.0001000000011455773
1737 0.0001000000011455773
1738 0.0001000000011455773
1739 0.0001000000011455773
1740 0.0001000000011455773
1741 0.0001000000011455773
1742 0.0001000000011455773
1743 0.0001000000011455773
1744 0.0001000000011455773
1745 0.0001000000011455773
1746 0.0001000000011455773
1747 0.0001000000011455773
1748 0.0001000000011455773
1749 0.0001000000011455773
1750 0.0001000000011455773
1751 0.0001000000011455773
1752 0.0001000000011455773
1753 0.0001000000011455773
1754 0.0001000000011455773
1755 0.0001000000011455773
1756 0.0001000000011455773
1757 0.0001000000011455773
1758 0.0001000000011455773
1759 0.0001000000011455773
1760 0.0001000000011455773
1761 0.0001000000011455773
1762 0.0001000000011455773
1763 0.0001000000011455773
1764 0.0001000000011455773
1765 0.0001000000011455773
1766 0.0001000000011455773
1767 0.0001000000011455773
1768 0.0001000000011455773
1769 0.0001000000011455773
1770 0.0001000000011455773
1771 0.0001000000011455773
1772 0.0001000000011455773
1773 0.0001000000011455773
1774 0.0001000000011455773
1775 0.0001000000011455773
1776 0.0001000000011455773
1777 0.0001000000011455773
1778 0.0001000000011455773
1779 0.0001000000011455773
1780 0.0001000000011455773
1781 0.0001000000011455773
1782 0.0001000000011455773
1783 0.0001000000011455773
1784 0.0001000000011455773
1785 0.0001000000011455773
1786 0.0001000000011455773
1787 0.0001000000011455773
1788 0.0001000000011455773
1789 0.0001000000011455773
1790 0.0001000000011455773
1791 0.0001000000011455773
1792 0.0001000000011455773
1793 0.0001000000011455773
1794 0.0001000000011455773
1795 0.0001000000011455773
1796 0.0001000000011455773
1797 0.0001000000011455773
1798 0.0001000000011455773
1799 0.0001000000011455773
1800 0.0001000000011455773
1801 0.0001000000011455773
1802 0.0001000000011455773
1803 0.0001000000011455773
1804 0.0001000000011455773
1805 0.0001000000011455773
1806 0.0001000000011455773
1807 0.0001000000011455773
1808 0.0001000000011455773
1809 0.0001000000011455773
1810 0.0001000000011455773
1811 0.0001000000011455773
1812 0.0001000000011455773
1813 0.0001000000011455773
1814 0.0001000000011455773
1815 0.0001000000011455773
1816 0.0001000000011455773
1817 0.0001000000011455773
1818 0.0001000000011455773
1819 0.0001000000011455773
1820 0.0001000000011455773
1821 0.0001000000011455773
1822 0.0001000000011455773
1823 0.0001000000011455773
1824 0.0001000000011455773
1825 0.0001000000011455773
1826 0.0001000000011455773
1827 0.0001000000011455773
1828 0.0001000000011455773
1829 0.0001000000011455773
1830 0.0001000000011455773
1831 0.0001000000011455773
1832 0.0001000000011455773
1833 0.0001000000011455773
1834 0.0001000000011455773
1835 0.0001000000011455773
1836 0.0001000000011455773
1837 0.0001000000011455773
1838 0.0001000000011455773
1839 0.0001000000011455773
1840 0.0001000000011455773
1841 0.0001000000011455773
1842 0.0001000000011455773
1843 0.0001000000011455773
1844 0.0001000000011455773
1845 0.0001000000011455773
1846 0.0001000000011455773
1847 0.0001000000011455773
1848 0.0001000000011455773
1849 0.0001000000011455773
1850 0.0001000000011455773
1851 0.0001000000011455773
1852 0.0001000000011455773
1853 0.0001000000011455773
1854 0.0001000000011455773
1855 0.0001000000011455773
1856 0.0001000000011455773
1857 0.0001000000011455773
1858 0.0001000000011455773
1859 0.0001000000011455773
1860 0.0001000000011455773
1861 0.0001000000011455773
1862 0.0001000000011455773
1863 0.0001000000011455773
1864 0.0001000000011455773
1865 0.0001000000011455773
1866 0.0001000000011455773
1867 0.0001000000011455773
1868 0.0001000000011455773
1869 0.0001000000011455773
1870 0.0001000000011455773
1871 0.0001000000011455773
1872 0.0001000000011455773
1873 0.0001000000011455773
1874 0.0001000000011455773
1875 0.0001000000011455773
1876 0.0001000000011455773
1877 0.0001000000011455773
1878 0.0001000000011455773
1879 0.0001000000011455773
1880 0.0001000000011455773
1881 0.0001000000011455773
1882 0.0001000000011455773
1883 0.0001000000011455773
1884 0.0001000000011455773
1885 0.0001000000011455773
1886 0.0001000000011455773
1887 0.0001000000011455773
1888 0.0001000000011455773
1889 0.0001000000011455773
1890 0.0001000000011455773
1891 0.0001000000011455773
1892 0.0001000000011455773
1893 0.0001000000011455773
1894 0.0001000000011455773
1895 0.0001000000011455773
1896 0.0001000000011455773
1897 0.0001000000011455773
1898 0.0001000000011455773
1899 0.0001000000011455773
1900 0.0001000000011455773
1901 0.0001000000011455773
1902 0.0001000000011455773
1903 0.0001000000011455773
1904 0.0001000000011455773
1905 0.0001000000011455773
1906 0.0001000000011455773
1907 0.0001000000011455773
1908 0.0001000000011455773
1909 0.0001000000011455773
1910 0.0001000000011455773
1911 0.0001000000011455773
1912 0.0001000000011455773
1913 0.0001000000011455773
1914 0.0001000000011455773
1915 0.0001000000011455773
1916 0.0001000000011455773
1917 0.0001000000011455773
1918 0.0001000000011455773
1919 0.0001000000011455773
1920 0.0001000000011455773
1921 0.0001000000011455773
1922 0.0001000000011455773
1923 0.0001000000011455773
1924 0.0001000000011455773
1925 0.0001000000011455773
1926 0.0001000000011455773
1927 0.0001000000011455773
1928 0.0001000000011455773
1929 0.0001000000011455773
1930 0.0001000000011455773
1931 0.0001000000011455773
1932 0.0001000000011455773
1933 0.0001000000011455773
1934 0.0001000000011455773
1935 0.0001000000011455773
1936 0.0001000000011455773
1937 0.0001000000011455773
1938 0.0001000000011455773
1939 0.0001000000011455773
1940 0.0001000000011455773
1941 0.0001000000011455773
1942 0.0001000000011455773
1943 0.0001000000011455773
1944 0.0001000000011455773
1945 0.0001000000011455773
1946 0.0001000000011455773
1947 0.0001000000011455773
1948 0.0001000000011455773
1949 0.0001000000011455773
1950 0.0001000000011455773
1951 0.0001000000011455773
1952 0.0001000000011455773
1953 0.0001000000011455773
1954 0.0001000000011455773
1955 0.0001000000011455773
1956 0.0001000000011455773
1957 0.0001000000011455773
1958 0.0001000000011455773
1959 0.0001000000011455773
1960 0.0001000000011455773
1961 0.0001000000011455773
1962 0.0001000000011455773
1963 0.0001000000011455773
1964 0.0001000000011455773
1965 0.0001000000011455773
1966 0.0001000000011455773
1967 0.0001000000011455773
1968 0.0001000000011455773
1969 0.0001000000011455773
1970 0.0001000000011455773
1971 0.0001000000011455773
1972 0.0001000000011455773
1973 0.0001000000011455773
1974 0.0001000000011455773
1975 0.0001000000011455773
1976 0.0001000000011455773
1977 0.0001000000011455773
1978 0.0001000000011455773
1979 0.0001000000011455773
1980 0.0001000000011455773
1981 0.0001000000011455773
1982 0.0001000000011455773
1983 0.0001000000011455773
1984 0.0001000000011455773
1985 0.0001000000011455773
1986 0.0001000000011455773
1987 0.0001000000011455773
1988 0.0001000000011455773
1989 0.0001000000011455773
1990 0.0001000000011455773
1991 0.0001000000011455773
1992 0.0001000000011455773
1993 0.0001000000011455773
1994 0.0001000000011455773
1995 0.0001000000011455773
1996 0.0001000000011455773
1997 0.0001000000011455773
1998 0.0001000000011455773
1999 0.0001000000011455773
2000 0.0001000000011455773
