"drag-rfile"
"Iteration" "drag"
("Iteration" "drag")
1 0.04108911803453626
2 0.04108894876036265
3 0.04108898214843367
4 0.04108904816798698
5 0.04108915465439202
6 0.04108925540092039
7 0.04108934128922864
8 0.04108940436122254
9 0.04108943821016905
10 0.04108942243645493
11 0.04108937070134568
12 0.04108930395951328
13 0.04108922837865562
14 0.04108915035467919
15 0.04108907678672995
16 0.0410890127318232
17 0.0410889582808134
18 0.04108891311810342
19 0.04108887643259709
20 0.04108884733811892
21 0.04108882420104722
22 0.04108880496272801
23 0.04108878740908401
24 0.04108876975169826
25 0.04108875053059004
26 0.04108872873653377
27 0.04108870432359737
28 0.0410886780207067
29 0.04108865065050416
30 0.04108862289969118
31 0.04108859567977375
32 0.04108856952735757
33 0.04108854463700495
34 0.0410885209485727
35 0.04108849777230092
36 0.04108847466302065
37 0.04108845127636956
38 0.0410884269901847
39 0.04108840109836211
40 0.0410883736643485
41 0.04108834468217609
42 0.04108831457199259
43 0.04108828336664651
44 0.04108825135940532
45 0.0410882191756823
46 0.04108818736227129
47 0.04108815638844621
48 0.04108812655341901
49 0.04108809817094908
50 0.04108807137164018
51 0.04108804633378436
52 0.04108802297091661
53 0.04108800118968906
54 0.04108798045496203
55 0.04108795978424969
56 0.04108793957145054
57 0.04108791906523301
58 0.04108789778854956
59 0.04108787544023787
60 0.04108785298056357
61 0.04108782897768028
62 0.04108780462276133
63 0.04108777980898926
64 0.04108775345215078
65 0.04108772599432174
66 0.04108769871994239
67 0.04108767070153985
68 0.04108764249108613
69 0.04108761448324216
70 0.04108758701884672
71 0.04108756034878905
72 0.04108753464663154
73 0.04108751000499409
74 0.04108748636448433
75 0.04108746352707049
76 0.04108744149462112
77 0.04108742005390309
78 0.04108739933701685
79 0.04108737892650416
80 0.04108735824662517
81 0.04108733761612374
82 0.04108731703006965
83 0.04108729632460689
84 0.04108727550081078
85 0.04108725449858574
86 0.04108723257067864
87 0.04108720980292222
88 0.04108718706410562
89 0.04108716400733958
90 0.04108714047092117
91 0.04108711658024996
92 0.04108709267653447
93 0.04108706882436694
94 0.04108704493999599
95 0.04108702107964844
96 0.04108699735361584
97 0.04108697368302539
98 0.04108695052070704
99 0.04108692775086576
100 0.04108690545919028
101 0.04108688343745458
102 0.04108686175175118
103 0.0410868401061114
104 0.04108681898740982
105 0.041086797884915
106 0.04108677682320074
107 0.04108675572782917
108 0.04108673475054225
109 0.04108671386047084
110 0.04108669298215124
111 0.04108667191076892
112 0.04108665074533485
113 0.04108662977508532
114 0.04108660888848763
115 0.04108658785316517
116 0.04108656669233413
117 0.04108654536278225
118 0.04108652400901598
119 0.04108650276425489
120 0.04108648156761378
121 0.04108646042317792
122 0.04108643973752255
123 0.04108641929843184
124 0.04108639906480275
125 0.04108637889424541
126 0.04108635864551517
127 0.04108633835949465
128 0.04108631802260049
129 0.04108629772187334
130 0.04108627761935087
131 0.04108625767522647
132 0.04108623789659158
133 0.04108621809373787
134 0.04108619828548397
135 0.04108617857463134
136 0.04108615876311644
137 0.04108613898265966
138 0.04108611927089616
139 0.04108609948055796
140 0.0410860794612075
141 0.04108605929940112
142 0.04108603910791114
143 0.04108601890031235
144 0.04108599871990185
145 0.04108597863537817
146 0.0410859586981215
147 0.0410859392319316
148 0.04108592009125654
149 0.04108590111020713
150 0.0410858822285633
151 0.04108586335546389
152 0.04108584502701776
153 0.04108582666155179
154 0.04108580835855094
155 0.04108579004668759
156 0.0410857720767696
157 0.04108575396194267
158 0.04108573556238277
159 0.04108571669426984
160 0.04108569769186534
161 0.04108567839647114
162 0.04108565933451138
163 0.04108564001888105
164 0.04108562069497696
165 0.04108560146204696
166 0.04108558237814686
167 0.04108556342358974
168 0.04108554469837192
169 0.04108552613667856
170 0.04108550779262334
171 0.04108548963369198
172 0.04108547174989552
173 0.04108545396730229
174 0.04108543631094472
175 0.04108541853256627
176 0.04108540088386278
177 0.04108538303017981
178 0.04108536517236409
179 0.04108534714661209
180 0.04108532920740116
181 0.04108531106883503
182 0.04108529317390816
183 0.04108527520592567
184 0.04108525745951724
185 0.04108523959879824
186 0.04108522181664339
187 0.04108520401042343
188 0.04108518624419727
189 0.04108516907827759
190 0.04108515199686262
191 0.04108513493098074
192 0.04108511791645848
193 0.0410851011235663
194 0.04108508429677007
195 0.04108506823008116
196 0.04108505116884578
197 0.04108503404269438
198 0.04108501657434094
199 0.04108499921301425
200 0.04108498148338282
201 0.04108496373478218
202 0.04108494579801811
203 0.04108492773331245
204 0.04108490986588285
205 0.0410848927740748
206 0.04108487533067816
207 0.04108485811165442
208 0.04108484124365728
209 0.04108482448330286
210 0.04108480790163425
211 0.04108479167091521
212 0.04108477555501045
213 0.04108475937251946
214 0.04108474271384904
215 0.04108472555667481
216 0.04108470844839378
217 0.04108469122387842
218 0.04108467395846989
219 0.04108465686807606
220 0.04108463983332446
221 0.04108462282511028
222 0.04108460657374301
223 0.04108459104921526
224 0.04108457556412988
225 0.04108456008238247
226 0.04108454445811618
227 0.04108452899144292
228 0.04108451387643359
229 0.04108449851094786
230 0.04108448352025933
231 0.04108446850373616
232 0.04108445333046085
233 0.04108443785708311
234 0.041084422402536
235 0.04108440685529197
236 0.04108439111136341
237 0.04108437531075494
238 0.04108435932302168
239 0.04108434314747833
240 0.04108432591386823
241 0.04108430845484572
242 0.0410842910255332
243 0.04108427415981444
244 0.04108425728334793
245 0.04108424061078773
246 0.04108422457487935
247 0.04108420847376095
248 0.04108419278034913
249 0.04108417781648389
250 0.04108416297406828
251 0.04108414812447166
252 0.04108413336603083
253 0.04108411828294212
254 0.04108410304965564
255 0.0410840878443354
256 0.04108407274149246
257 0.04108405761517559
258 0.04108404253859427
259 0.0410840276122087
260 0.04108401281805682
261 0.04108399814128706
262 0.04108398341771983
263 0.04108396859035848
264 0.04108395371026155
265 0.04108393868883067
266 0.04108392367370282
267 0.04108390885585533
268 0.0410838941285363
269 0.04108387952165161
270 0.04108386503595807
271 0.0410838507108734
272 0.0410838362821052
273 0.04108382182387588
274 0.04108380741286133
275 0.04108379312298278
276 0.04108377899768385
277 0.04108376527548532
278 0.04108375150084728
279 0.04108373706767115
280 0.04108372197353446
281 0.04108370636730871
282 0.04108369052232649
283 0.04108367480170539
284 0.04108365969027315
285 0.04108364521191933
286 0.04108363124550403
287 0.04108361724394988
288 0.04108360322107436
289 0.04108358934298519
290 0.04108357559302729
291 0.04108356247843869
292 0.04108354955927956
293 0.04108353644491194
294 0.0410835233172428
295 0.04108351009285121
296 0.04108349677397007
297 0.04108348343931657
298 0.04108347001744793
299 0.04108345660965724
300 0.04108344340391326
301 0.04108343005663025
302 0.041083416336805
303 0.04108340232814322
304 0.04108338821602523
305 0.04108337390064597
306 0.04108335939335332
307 0.04108334455996474
308 0.04108332830925086
309 0.04108331184620362
310 0.04108329541742833
311 0.04108327925523214
312 0.04108326374056503
313 0.04108324843188865
314 0.0410832335923262
315 0.04108321993436939
316 0.04108320635313709
317 0.04108319308551425
318 0.04108318032501454
319 0.04108316836198156
320 0.04108315678935245
321 0.04108314475145529
322 0.04108313248675593
323 0.04108312021038361
324 0.0410831078594303
325 0.04108309513413431
326 0.0410830818549234
327 0.04108306813923655
328 0.04108305416509207
329 0.04108304005817734
330 0.0410830262456755
331 0.04108301263357814
332 0.04108299925787948
333 0.04108298604336089
334 0.0410829730721369
335 0.04108296031750432
336 0.04108294768935843
337 0.04108293512039425
338 0.04108292253647687
339 0.04108290989742985
340 0.04108289686234264
341 0.0410828836021819
342 0.04108287022645937
343 0.04108285682711092
344 0.04108284351967691
345 0.04108283034681667
346 0.04108281734223568
347 0.04108280433627465
348 0.04108279144237553
349 0.04108277869666759
350 0.04108276611007938
351 0.04108275388596893
352 0.04108274183552026
353 0.04108272997969837
354 0.04108271818479767
355 0.04108270638422538
356 0.0410826945197854
357 0.04108268253872657
358 0.04108267044450095
359 0.04108265820374181
360 0.04108264579456943
361 0.04108263325628325
362 0.04108262058689768
363 0.04108260794972641
364 0.04108259536541103
365 0.04108258282293711
366 0.04108257026754052
367 0.04108255792215521
368 0.04108254573057972
369 0.04108253371131992
370 0.04108252179135986
371 0.041082509944163
372 0.04108249811420664
373 0.04108248634269009
374 0.04108247458223225
375 0.04108246281590627
376 0.04108245103784493
377 0.04108243924084045
378 0.0410824274247209
379 0.0410824156550024
380 0.04108240385846929
381 0.0410823920508577
382 0.04108238029664338
383 0.04108236856828676
384 0.04108235685527266
385 0.04108234513667752
386 0.04108233340726846
387 0.04108232166965056
388 0.04108230993265361
389 0.0410822982245025
390 0.04108228654049764
391 0.04108227488103176
392 0.04108226324281181
393 0.04108225160113933
394 0.04108223997185238
395 0.04108222837651015
396 0.04108221678441966
397 0.04108220515918604
398 0.04108219379051078
399 0.04108218220819092
400 0.04108217076948761
401 0.0410821594245367
402 0.04108214808691268
403 0.0410821369429276
404 0.04108212592324762
405 0.04108211499497228
406 0.04108210393863278
407 0.04108209295048371
408 0.04108208185291826
409 0.04108207065397828
410 0.04108205919132349
411 0.04108204764287401
412 0.04108203602042545
413 0.04108202455594766
414 0.04108201321693873
415 0.04108200200551815
416 0.04108199085143107
417 0.04108197986257166
418 0.04108196899702442
419 0.04108195808032681
420 0.04108194696489002
421 0.04108193592288786
422 0.0410819248932059
423 0.04108191388353615
424 0.04108190276952939
425 0.04108189175770913
426 0.04108188069773465
427 0.04108186962247042
428 0.04108185867805603
429 0.0410818478039305
430 0.04108183704421749
431 0.04108182645410016
432 0.04108181595515103
433 0.0410818054333394
434 0.04108179502045749
435 0.04108178462427543
436 0.04108177421383836
437 0.04108176377603005
438 0.04108175329524602
439 0.04108174275928543
440 0.04108173217516215
441 0.04108172155097979
442 0.04108171089525488
443 0.04108169999839673
444 0.04108168923159733
445 0.04108167858559959
446 0.04108166793537518
447 0.04108165742260023
448 0.04108164702220655
449 0.04108163667564661
450 0.04108162643348436
451 0.04108161618654972
452 0.04108160599116066
453 0.04108159580185893
454 0.04108158554686339
455 0.04108157535391107
456 0.04108156521895409
457 0.041081555034328
458 0.04108154490588009
459 0.04108153478004274
460 0.04108152456849749
461 0.04108151441330253
462 0.04108150427288232
463 0.04108149409402551
464 0.04108148398588892
465 0.0410814739103022
466 0.04108146387058492
467 0.04108145378167097
468 0.04108144377214964
469 0.04108143379575776
470 0.04108142374456309
471 0.04108141375655529
472 0.04108140378661595
473 0.04108139387607576
474 0.04108138391189094
475 0.04108137402119005
476 0.04108136403286553
477 0.04108135409922389
478 0.04108134411591493
479 0.04108133421040448
480 0.04108132428290374
481 0.04108131444268576
482 0.04108130461465109
483 0.0410812948877233
484 0.0410812851696171
485 0.04108127554265157
486 0.04108126590574156
487 0.0410812562665468
488 0.04108124656589807
489 0.04108123696950884
490 0.04108122741181913
491 0.04108121781411349
492 0.04108120829548209
493 0.04108119879723651
494 0.0410811892396231
495 0.04108117973752551
496 0.04108117025150033
497 0.0410811607146971
498 0.04108115124147691
499 0.04108114174264791
500 0.04108113228447305
501 0.04108112294910505
502 0.04108111368397549
503 0.04108110437024769
504 0.04108109513800471
505 0.04108108593131794
506 0.04108107674623145
507 0.0410810675066554
508 0.04108105822537388
509 0.04108104890344457
510 0.04108103958183668
511 0.04108103026322871
512 0.04108102091498542
513 0.0410810116013477
514 0.04108100232235386
515 0.04108099304098195
516 0.04108098372702072
517 0.04108097441277506
518 0.04108096511490249
519 0.04108095586935092
520 0.04108094666189546
521 0.04108093750169624
522 0.04108092835113125
523 0.04108091932995735
524 0.0410809103873044
525 0.04108090152876468
526 0.04108089269692837
527 0.0410808837909772
528 0.04108087494832135
529 0.04108086604561443
530 0.04108085715508947
531 0.04108084817785559
532 0.04108083925988503
533 0.04108083029824922
534 0.04108082134479343
535 0.04108081232885349
536 0.04108080338256713
537 0.04108079445024755
538 0.04108078560658061
539 0.04108077676717974
540 0.04108076795036117
541 0.04108075919285522
542 0.04108075039901297
543 0.04108074167355273
544 0.04108073291042052
545 0.04108072421538071
546 0.04108071548366141
547 0.04108070682857996
548 0.04108069813619834
549 0.04108068951592262
550 0.04108068086229044
551 0.04108067230288613
552 0.04108066371985913
553 0.04108065521045997
554 0.04108064665690489
555 0.04108063817608081
556 0.0410806296512503
557 0.04108062116829277
558 0.04108061263409987
559 0.04108060417034929
560 0.04108059564967856
561 0.04108058718600584
562 0.04108057869544417
563 0.04108057026797624
564 0.04108056181743935
565 0.04108055341468055
566 0.04108054498548856
567 0.04108053658236212
568 0.04108052819726194
569 0.04108051986295581
570 0.0410805115302497
571 0.04108050328120815
572 0.04108049503075276
573 0.04108048680583577
574 0.0410804785905562
575 0.04108047037875741
576 0.04108046216472712
577 0.04108045394800783
578 0.04108044574611048
579 0.04108043759092477
580 0.04108042939812383
581 0.04108042121025771
582 0.04108041307222418
583 0.04108040489821194
584 0.04108039678028531
585 0.04108038863132456
586 0.04108038053994631
587 0.04108037242328694
588 0.04108036440605908
589 0.04108035639567982
590 0.04108034844063665
591 0.04108034043983663
592 0.04108033247670276
593 0.04108032445488507
594 0.04108031642455544
595 0.0410803084295553
596 0.0410803004030551
597 0.041080292426877
598 0.04108028443773416
599 0.04108027650233119
600 0.0410802685614693
601 0.04108026067610525
602 0.04108025278301956
603 0.04108024494086839
604 0.04108023708340894
605 0.04108022927369464
606 0.04108022144310793
607 0.04108021365479242
608 0.0410802058389854
609 0.04108019806470438
610 0.04108019024909752
611 0.04108018247521653
612 0.04108017467524065
613 0.04108016693160307
614 0.04108015917182437
615 0.04108015146567932
616 0.0410801437378607
617 0.0410801360628488
618 0.04108012836939508
619 0.04108012072717054
620 0.04108011306468519
621 0.04108010545442398
622 0.04108009783399669
623 0.04108009025809334
624 0.04108008267259693
625 0.04108007513740949
626 0.04108006758939122
627 0.04108006008342885
628 0.04108005255402083
629 0.04108004506263627
630 0.04108003753826003
631 0.04108003005074443
632 0.0410800225290145
633 0.04108001504739073
634 0.04108000753828209
635 0.04108000007143874
636 0.04107999258489177
637 0.04107998514296444
638 0.0410799776858102
639 0.04107997027470186
640 0.04107996283643337
641 0.04107995545774618
642 0.04107994806198289
643 0.04107994071831346
644 0.04107993335671012
645 0.0410799260452146
646 0.0410799187111931
647 0.04107991142560175
648 0.04107990410343101
649 0.04107989682926976
650 0.04107988954936549
651 0.04107988230851569
652 0.04107987505155495
653 0.04107986783249279
654 0.04107986059264509
655 0.04107985338958007
656 0.0410798461810763
657 0.04107983900663607
658 0.04107983180674137
659 0.04107982464602399
660 0.04107981746425396
661 0.04107981032205464
662 0.04107980316196399
663 0.04107979603566918
664 0.04107978889073328
665 0.04107978178464469
666 0.04107977466413784
667 0.04107976758117064
668 0.04107976048834418
669 0.04107975344057034
670 0.04107974640085227
671 0.04107973939837024
672 0.04107973234566956
673 0.04107972531494506
674 0.0410797182935435
675 0.04107971131659692
676 0.04107970432879864
677 0.04107969738163885
678 0.04107969041555128
679 0.04107968348774316
680 0.04107967654118366
681 0.04107966963360095
682 0.04107966275457114
683 0.04107965583777917
684 0.04107964895954847
685 0.04107964207228037
686 0.04107963522162957
687 0.04107962836192044
688 0.04107962153661913
689 0.04107961469742104
690 0.04107960789087233
691 0.04107960106242815
692 0.04107959426460578
693 0.04107958749798341
694 0.04107958069649056
695 0.0410795739274496
696 0.04107956718717505
697 0.04107956041269452
698 0.04107955366642112
699 0.04107954694392918
700 0.04107954019493085
701 0.04107953347941202
702 0.04107952679448726
703 0.04107952006699696
704 0.04107951337252921
705 0.04107950670531796
706 0.0410795000123375
707 0.04107949335574439
708 0.04107948673190813
709 0.04107948008633049
710 0.04107947346607115
711 0.04107946686010037
712 0.04107946021945535
713 0.04107945361689308
714 0.04107944703927247
715 0.04107944044571524
716 0.04107943389285437
717 0.04107942736664896
718 0.0410794208223343
719 0.04107941431658237
720 0.04107940783294996
721 0.04107940132166058
722 0.04107939484525846
723 0.04107938838622181
724 0.04107938189379153
725 0.04107937543600575
726 0.04107936899454697
727 0.04107936252094792
728 0.0410793560823409
729 0.04107934966241147
730 0.04107934321641382
731 0.04107933680526603
732 0.04107933041246199
733 0.0410793239978649
734 0.0410793176207047
735 0.04107931126444161
736 0.04107930489074053
737 0.04107929855470707
738 0.04107929223842512
739 0.0410792859059648
740 0.04107927960999293
741 0.04107927333289036
742 0.0410792670309949
743 0.04107926076324831
744 0.04107925451110531
745 0.0410792482307231
746 0.0410792419812465
747 0.04107923574602524
748 0.04107922948113463
749 0.0410792232512886
750 0.0410792170362121
751 0.04107921079696648
752 0.04107920459146488
753 0.04107919840065245
754 0.04107919219343985
755 0.0410791860186789
756 0.0410791798620628
757 0.04107917369204835
758 0.04107916755404702
759 0.04107916143688042
760 0.04107915530378689
761 0.04107914920237406
762 0.04107914311776042
763 0.04107913700651662
764 0.04107913092639487
765 0.04107912486148684
766 0.04107911876862895
767 0.04107911270729619
768 0.04107910666163937
769 0.04107910059178461
770 0.04107909455410615
771 0.04107908853298949
772 0.04107908250577443
773 0.0410790765116071
774 0.04107907053142699
775 0.04107906452614866
776 0.04107905854896878
777 0.04107905258689341
778 0.04107904660521768
779 0.04107904065041493
780 0.04107903470408267
781 0.04107902871786671
782 0.0410790227578391
783 0.04107901682447355
784 0.04107901089251025
785 0.04107900499265609
786 0.04107899911473267
787 0.04107899323339045
788 0.04107898738056778
789 0.04107898154314932
790 0.04107897568683532
791 0.04107896985381255
792 0.04107896403265469
793 0.04107895818470998
794 0.04107895236027122
795 0.04107894654517563
796 0.04107894070497412
797 0.04107893488631872
798 0.04107892907595476
799 0.04107892324540006
800 0.04107891744636222
801 0.04107891166896273
802 0.04107890589452693
803 0.04107890016165828
804 0.04107889445289528
805 0.04107888873935601
806 0.04107888304750935
807 0.04107887736327433
808 0.04107887166350283
809 0.04107886598722558
810 0.0410788603212867
811 0.04107885462550748
812 0.04107884894721388
813 0.04107884324594227
814 0.0410788375665109
815 0.04107883187646393
816 0.04107882621199336
817 0.0410788205454849
818 0.04107881490628606
819 0.04107880924938564
820 0.04107880361779198
821 0.04107879799842837
822 0.04107879236748595
823 0.04107878676697064
824 0.0410787811950912
825 0.04107877563217482
826 0.04107877009925102
827 0.04107876458438817
828 0.04107875905594297
829 0.04107875353990773
830 0.04107874802278703
831 0.0410787424647515
832 0.0410787369249022
833 0.04107873139086574
834 0.0410787258367008
835 0.04107872030897965
836 0.04107871479851952
837 0.0410787092984868
838 0.04107870381979318
839 0.0410786983526262
840 0.04107869287954388
841 0.04107868743480765
842 0.04107868200156973
843 0.04107867655750025
844 0.04107867113815828
845 0.04107866571070864
846 0.04107866030306648
847 0.04107865488251992
848 0.04107864948136156
849 0.04107864406849367
850 0.0410786386743256
851 0.04107863327438797
852 0.04107862789444736
853 0.04107862251477346
854 0.04107861716191454
855 0.04107861181613307
856 0.04107860649425845
857 0.04107860117257037
858 0.04107859587229228
859 0.04107859056512334
860 0.04107858527738232
861 0.0410785799822492
862 0.04107857470453097
863 0.0410785694166913
864 0.04107856414563898
865 0.04107855886106956
866 0.04107855359492153
867 0.04107854831635749
868 0.04107854305728145
869 0.04107853778885102
870 0.04107853254122402
871 0.04107852728703416
872 0.04107852205429752
873 0.04107851681402249
874 0.04107851159674952
875 0.04107850637757601
876 0.0410785011906025
877 0.041078496016046
878 0.04107849086258863
879 0.04107848570581175
880 0.04107848056380509
881 0.04107847540584298
882 0.04107847026510819
883 0.04107846511221827
884 0.04107845997734903
885 0.04107845483262478
886 0.04107844970631315
887 0.04107844457130817
888 0.04107843945475646
889 0.04107843434809971
890 0.04107842921692757
891 0.04107842410434997
892 0.04107841900707061
893 0.04107841390838979
894 0.04107840883241601
895 0.0410784037694311
896 0.04107839871456175
897 0.04107839368216381
898 0.04107838866426043
899 0.04107838363546487
900 0.04107837862266688
901 0.04107837361578864
902 0.04107836858243378
903 0.0410783635638154
904 0.04107835855025206
905 0.04107835351227059
906 0.04107834848553935
907 0.04107834346126614
908 0.04107833841480142
909 0.04107833338926255
910 0.04107832837600184
911 0.04107832336680894
912 0.04107831838313174
913 0.04107831341614808
914 0.04107830845775827
915 0.04107830352302295
916 0.04107829860107683
917 0.04107829367697038
918 0.04107828877231023
919 0.0410782838772445
920 0.04107827897035692
921 0.04107827407986239
922 0.04107826919321284
923 0.04107826428765718
924 0.04107825939660581
925 0.04107825450893604
926 0.04107824960376774
927 0.04107824471580353
928 0.04107823983507398
929 0.04107823494574284
930 0.04107823007610499
931 0.04107822521652547
932 0.0410782203539499
933 0.04107821551206225
934 0.04107821068134709
935 0.04107820584897366
936 0.04107820103639167
937 0.04107819623241647
938 0.04107819142113378
939 0.04107818663166923
940 0.04107818185242221
941 0.04107817706549646
942 0.04107817229680586
943 0.04107816753515105
944 0.04107816276025529
945 0.04107815800195832
946 0.04107815324905448
947 0.04107814848046904
948 0.04107814372833396
949 0.04107813898455685
950 0.04107813422988115
951 0.04107812949257436
952 0.04107812476381711
953 0.04107812002703472
954 0.04107811530465778
955 0.0410781105846153
956 0.04107810584935542
957 0.04107810113007758
958 0.04107809641782415
959 0.04107809169941189
960 0.04107808699960264
961 0.04107808230920702
962 0.04107807762070655
963 0.04107807295000097
964 0.04107806828856572
965 0.04107806362676902
966 0.04107805898176111
967 0.04107805434412303
968 0.04107804970205802
969 0.04107804507559588
970 0.04107804045537571
971 0.04107803582999477
972 0.04107803121916007
973 0.04107802661395541
974 0.04107802199871795
975 0.04107801739760652
976 0.04107801280189721
977 0.04107800819631636
978 0.04107800360469013
979 0.0410779990189525
980 0.04107799442576452
981 0.04107798984767883
982 0.0410779852768574
983 0.04107798069507613
984 0.0410779761292148
985 0.04107797157073988
986 0.04107796700928731
987 0.04107796246737665
988 0.04107795793539949
989 0.04107795340523097
990 0.04107794889081989
991 0.04107794438478269
992 0.04107793987409306
993 0.04107793537747818
994 0.04107793087522891
995 0.04107792638556445
996 0.04107792188652507
997 0.04107791739929479
998 0.0410779129053617
999 0.04107790842342567
1000 0.04107790393701775
1001 0.04107789946193826
1002 0.04107789498289934
1003 0.04107789051617929
1004 0.04107788605177337
1005 0.04107788159742698
1006 0.04107787714402902
1007 0.04107787270428355
1008 0.04107786826789524
1009 0.04107786384467861
1010 0.04107785942323431
1011 0.04107785501407181
1012 0.0410778506037912
1013 0.0410778462050546
1014 0.04107784180245345
1015 0.04107783741090865
1016 0.04107783302231743
1017 0.04107782864501102
1018 0.0410778242631942
1019 0.04107781989201804
1020 0.04107781551546168
1021 0.04107781114978336
1022 0.04107780677997052
1023 0.04107780242139222
1024 0.04107779806011345
1025 0.04107779371041759
1026 0.04107778935941563
1027 0.0410777850200777
1028 0.04107778067356456
1029 0.04107777633881847
1030 0.04107777200396712
1031 0.04107776768143998
1032 0.04107776336654918
1033 0.04107775906415852
1034 0.04107775476167692
1035 0.04107775047027149
1036 0.04107774617556689
1037 0.04107774189134455
1038 0.04107773760304008
1039 0.04107773332547235
1040 0.04107772904396497
1041 0.04107772477342619
1042 0.04107772049968027
1043 0.04107771623711255
1044 0.04107771197212803
1045 0.04107770771833084
1046 0.04107770346236069
1047 0.04107769921765084
1048 0.04107769497142186
1049 0.04107769073637851
1050 0.04107768649971975
1051 0.04107768227414888
1052 0.04107767804444547
1053 0.04107767382435361
1054 0.04107766960123686
1055 0.04107766538832889
1056 0.04107766117476749
1057 0.04107765697187728
1058 0.04107765276996443
1059 0.04107764857886324
1060 0.04107764438856595
1061 0.04107764020884907
1062 0.04107763602816081
1063 0.04107763185713432
1064 0.04107762768348443
1065 0.04107762351947794
1066 0.04107761935288073
1067 0.04107761519604803
1068 0.04107761103719084
1069 0.04107760688815261
1070 0.04107760273758829
1071 0.04107759859691514
1072 0.04107759445505023
1073 0.04107759032314594
1074 0.04107758618974039
1075 0.04107758206628975
1076 0.04107757794124589
1077 0.04107757382635012
1078 0.04107756970958046
1079 0.04107756560304956
1080 0.04107756149480748
1081 0.04107755739659661
1082 0.04107755329700889
1083 0.0410775492075649
1084 0.04107754511665612
1085 0.04107754103570661
1086 0.04107753695288428
1087 0.04107753287805208
1088 0.04107752879193432
1089 0.04107752471564416
1090 0.04107752063794502
1091 0.04107751656969157
1092 0.04107751250218011
1093 0.04107750844528494
1094 0.0410775043910039
1095 0.04107750034721178
1096 0.04107749630648088
1097 0.04107749227616828
1098 0.04107748824590295
1099 0.04107748422510478
1100 0.04107748020200449
1101 0.04107747618771667
1102 0.04107747217026667
1103 0.04107746816131763
1104 0.04107746414884338
1105 0.0410774601451336
1106 0.04107745613877436
1107 0.0410774521415579
1108 0.04107744814241682
1109 0.04107744415255865
1110 0.0410774401636743
1111 0.04107743618521595
1112 0.04107743220684226
1113 0.04107742823861844
1114 0.04107742426906427
1115 0.04107742030901653
1116 0.04107741634561535
1117 0.04107741239090291
1118 0.0410774084317905
1119 0.04107740448121872
1120 0.04107740052633813
1121 0.04107739658032057
1122 0.04107739263141531
1123 0.0410773886919799
1124 0.04107738475194658
1125 0.04107738082176035
1126 0.04107737689205461
1127 0.04107737297210509
1128 0.04107736905255217
1129 0.04107736514241676
1130 0.04107736123212017
1131 0.04107735733048395
1132 0.04107735342692628
1133 0.04107734953203102
1134 0.04107734563525837
1135 0.0410773417470463
1136 0.04107733785703755
1137 0.04107733397547468
1138 0.04107733009246855
1139 0.04107732621797985
1140 0.04107732234185357
1141 0.04107731847415697
1142 0.04107731460461728
1143 0.0410773107439417
1144 0.04107730688162437
1145 0.04107730302821321
1146 0.04107729917340484
1147 0.04107729532764956
1148 0.04107729148047306
1149 0.04107728764238819
1150 0.04107728380257395
1151 0.04107727997158407
1152 0.04107727613888035
1153 0.04107727231479538
1154 0.04107726848822745
1155 0.04107726467226869
1156 0.04107726085739197
1157 0.04107725705128874
1158 0.04107725324145813
1159 0.04107724943968717
1160 0.04107724563421294
1161 0.04107724183652067
1162 0.04107723803478575
1163 0.04107723424045093
1164 0.04107723044313885
1165 0.04107722665364098
1166 0.04107722286297032
1167 0.04107721908055052
1168 0.04107721529865739
1169 0.04107721152639181
1170 0.04107720775708339
1171 0.04107720399605278
1172 0.04107720023483272
1173 0.04107719648149517
1174 0.04107719272610915
1175 0.04107718897840381
1176 0.04107718522759091
1177 0.04107718148424155
1178 0.04107717773773497
1179 0.04107717399752107
1180 0.04107717025265076
1181 0.04107716651420462
1182 0.04107716277176405
1183 0.04107715903754635
1184 0.04107715530322874
1185 0.04107715157760335
1186 0.041077147855131
1187 0.04107714414151091
1188 0.04107714043032517
1189 0.04107713672785749
1190 0.04107713302613653
1191 0.04107712933230692
1192 0.0410771256366733
1193 0.04107712194832756
1194 0.04107711825659021
1195 0.04107711457230147
1196 0.0410771108817565
1197 0.0410771072024077
1198 0.04107710352349565
1199 0.04107709984750703
1200 0.04107709617784051
1201 0.04107709250014685
1202 0.04107708883339059
1203 0.04107708516747297
1204 0.04107708150719696
1205 0.04107707784184061
1206 0.04107707418727146
1207 0.0410770705353035
1208 0.0410770668893143
1209 0.04107706324094964
1210 0.04107705960287564
1211 0.04107705596579673
1212 0.04107705233482756
1213 0.04107704869827526
1214 0.04107704507224006
1215 0.04107704144578644
1216 0.04107703782201643
1217 0.04107703420381375
1218 0.04107703057957025
1219 0.04107702696556173
1220 0.04107702335131589
1221 0.04107701974328169
1222 0.04107701613089828
1223 0.04107701252862474
1224 0.04107700892670801
1225 0.04107700533102712
1226 0.04107700173299077
1227 0.04107699814490925
1228 0.04107699455763578
1229 0.04107699097480823
1230 0.04107698739796752
1231 0.04107698381655446
1232 0.04107698024500384
1233 0.04107697667295419
1234 0.04107697310417139
1235 0.04107696953985919
1236 0.04107696596918423
1237 0.04107696240843884
1238 0.04107695884741741
1239 0.04107695529125299
1240 0.04107695174116741
1241 0.04107694818905885
1242 0.04107694464663671
1243 0.04107694110411124
1244 0.0410769375655546
1245 0.04107693403235344
1246 0.04107693049478961
1247 0.04107692696648048
1248 0.04107692343644907
1249 0.04107691990954079
1250 0.04107691638799709
1251 0.04107691286200485
1252 0.04107690934544399
1253 0.04107690582833845
1254 0.04107690231500716
1255 0.041076898807216
1256 0.04107689529612943
1257 0.0410768917945035
1258 0.04107688829232416
1259 0.04107688479361565
1260 0.04107688130013307
1261 0.04107687780263224
1262 0.04107687431417571
1263 0.04107687082502585
1264 0.04107686733957208
1265 0.04107686385900167
1266 0.04107686037539975
1267 0.04107685690046426
1268 0.04107685342374427
1269 0.04107684995018301
1270 0.04107684648119677
1271 0.04107684300916999
1272 0.0410768395461211
1273 0.0410768360829375
1274 0.04107683262399675
1275 0.04107682917031371
1276 0.04107682571486926
1277 0.04107682226860941
1278 0.04107681882230272
1279 0.04107681537998433
1280 0.04107681194246562
1281 0.04107680850079222
1282 0.0410768050672918
1283 0.0410768016322185
1284 0.04107679819988266
1285 0.04107679477204494
1286 0.04107679134038907
1287 0.04107678791732126
1288 0.04107678449359466
1289 0.04107678107334461
1290 0.04107677765786518
1291 0.04107677423977172
1292 0.04107677083006617
1293 0.04107676741976302
1294 0.0410767640131706
1295 0.0410767606111717
1296 0.04107675720644093
1297 0.04107675380988464
1298 0.04107675041265759
1299 0.04107674701907211
1300 0.04107674363007466
1301 0.04107674023882586
1302 0.04107673685581448
1303 0.04107673347222771
1304 0.04107673009227988
1305 0.04107672671695249
1306 0.04107672333881243
1307 0.04107671996847285
1308 0.04107671659719826
1309 0.04107671322933838
1310 0.04107670986574781
1311 0.04107670649941419
1312 0.04107670314069256
1313 0.04107669978132035
1314 0.04107669642522029
1315 0.04107669307337779
1316 0.04107668971747851
1317 0.04107668636932719
1318 0.04107668302020148
1319 0.04107667967400331
1320 0.04107667633210495
1321 0.04107667298723926
1322 0.04107666965046679
1323 0.04107666631356206
1324 0.04107666298029922
1325 0.04107665965121723
1326 0.04107665631951186
1327 0.04107665299557456
1328 0.04107664967084556
1329 0.04107664634951826
1330 0.04107664303259311
1331 0.04107663971333341
1332 0.04107663640176337
1333 0.0410766330894639
1334 0.04107662978049013
1335 0.0410766264742674
1336 0.04107662317006226
1337 0.04107661986738452
1338 0.04107661656629311
1339 0.04107661326687805
1340 0.04107660996918566
1341 0.04107660667318041
1342 0.04107660337922312
1343 0.04107660008736038
1344 0.04107659679798577
1345 0.04107659351095437
1346 0.04107659022649673
1347 0.0410765869445975
1348 0.04107658366503324
1349 0.04107658038785107
1350 0.04107657711296764
1351 0.0410765738402221
1352 0.04107657056952142
1353 0.04107656730046307
1354 0.04107656403316538
1355 0.04107656076779417
1356 0.04107655750466953
1357 0.04107655424378424
1358 0.04107655098507142
1359 0.04107654772737648
1360 0.04107654447118525
1361 0.04107654121698799
1362 0.04107653796577568
1363 0.04107653471722998
1364 0.04107653147120897
1365 0.04107652822765658
1366 0.04107652498643673
1367 0.04107652174726795
1368 0.04107651851005834
1369 0.04107651527499266
1370 0.0410765120418316
1371 0.04107650881057417
1372 0.04107650558129802
1373 0.04107650235403974
1374 0.04107649912883383
1375 0.04107649590560902
1376 0.04107649268465355
1377 0.04107648946589205
1378 0.04107648624918472
1379 0.04107648303383903
1380 0.04107647982022653
1381 0.04107647660857294
1382 0.04107647339907498
1383 0.04107647019186356
1384 0.04107646698685592
1385 0.04107646378408612
1386 0.04107646058343795
1387 0.04107645738481176
1388 0.04107645418830064
1389 0.04107645099385938
1390 0.041076447801486
1391 0.04107644461107107
1392 0.04107644142248078
1393 0.04107643823456401
1394 0.04107643504826564
1395 0.04107643186385477
1396 0.04107642868153877
1397 0.04107642550152662
1398 0.04107642232388171
1399 0.04107641914863818
1400 0.04107641597578274
1401 0.0410764128059595
1402 0.04107640963861618
1403 0.04107640647340966
1404 0.04107640330987131
1405 0.04107640014702586
1406 0.04107639698575098
1407 0.04107639382623639
1408 0.04107639066862528
1409 0.04107638751350789
1410 0.0410763843609798
1411 0.04107638121011178
1412 0.04107637806115824
1413 0.04107637491401706
1414 0.04107637176852211
1415 0.04107636862497731
1416 0.04107636548368952
1417 0.04107636234464993
1418 0.0410763592075121
1419 0.04107635607250697
1420 0.04107635294000918
1421 0.04107634980956534
1422 0.04107634668110593
1423 0.04107634355442644
1424 0.04107634043025819
1425 0.04107633730802216
1426 0.0410763341871885
1427 0.04107633106760898
1428 0.04107632794913309
1429 0.04107632483188765
1430 0.0410763217160506
1431 0.04107631860184298
1432 0.04107631548951497
1433 0.04107631237920956
1434 0.04107630927090088
1435 0.0410763061643008
1436 0.04107630305964479
1437 0.04107629995727324
1438 0.04107629685700241
1439 0.04107629375876684
1440 0.04107629066243334
1441 0.04107628756800427
1442 0.0410762844759857
1443 0.04107628138605209
1444 0.0410762782970738
1445 0.04107627520947112
1446 0.04107627212397069
1447 0.0410762690403482
1448 0.04107626595881456
1449 0.04107626287913571
1450 0.04107625980115592
1451 0.04107625672461294
1452 0.04107625364957827
1453 0.04107625057597276
1454 0.04107624750380934
1455 0.04107624443303588
1456 0.0410762413637145
1457 0.04107623829478711
1458 0.04107623522724881
1459 0.04107623216125226
1460 0.0410762290971495
1461 0.04107622603486066
1462 0.04107622297442961
1463 0.04107621991594274
1464 0.04107621685953464
1465 0.04107621380523443
1466 0.04107621075305834
1467 0.04107620770292506
1468 0.04107620465467482
1469 0.04107620160818467
1470 0.04107619856333045
1471 0.04107619552005182
1472 0.04107619247843343
1473 0.04107618943827378
1474 0.04107618639949884
1475 0.04107618336202257
1476 0.04107618032585141
1477 0.04107617729094847
1478 0.04107617425745717
1479 0.04107617122549087
1480 0.0410761681952442
1481 0.04107616516677095
1482 0.04107616214084341
1483 0.04107615911686238
1484 0.04107615609469229
1485 0.04107615307417814
1486 0.04107615005519873
1487 0.04107614703757387
1488 0.04107614402113583
1489 0.04107614100524008
1490 0.04107613799040225
1491 0.04107613497691859
1492 0.04107613196486855
1493 0.04107612895439328
1494 0.04107612594543553
1495 0.04107612293812731
1496 0.04107611993259675
1497 0.04107611692893814
1498 0.04107611392722955
1499 0.04107611092737051
1500 0.04107610792935602
1501 0.0410761049332992
1502 0.04107610193891002
1503 0.0410760989464669
1504 0.0410760959555035
1505 0.04107609296573929
1506 0.0410760899765758
1507 0.04107608698838559
1508 0.04107608400329769
1509 0.04107608102010123
1510 0.04107607803833828
1511 0.04107607505771795
1512 0.04107607207813006
1513 0.04107606909846806
1514 0.04107606611952501
1515 0.04107606314173238
1516 0.04107606016610046
1517 0.04107605719234891
1518 0.04107605422037602
1519 0.04107605125017405
1520 0.0410760482816545
1521 0.04107604531476583
1522 0.04107604234984312
1523 0.04107603938648581
1524 0.04107603642450344
1525 0.04107603346374616
1526 0.04107603050418279
1527 0.04107602754578778
1528 0.04107602458859319
1529 0.04107602163264533
1530 0.04107601867800688
1531 0.0410760157237854
1532 0.04107601277061628
1533 0.04107600981897464
1534 0.04107600686770557
1535 0.04107600391696012
1536 0.04107600096784392
1537 0.04107599802085769
1538 0.04107599507618816
1539 0.0410759921338487
1540 0.04107598919369247
1541 0.04107598625552749
1542 0.0410759833191084
1543 0.04107598038420942
1544 0.04107597745063796
1545 0.04107597451825627
1546 0.0410759715869979
1547 0.04107596865684759
1548 0.0410759657278215
1549 0.04107596279996159
1550 0.04107595987333537
1551 0.04107595694802278
1552 0.04107595402407924
1553 0.04107595110151657
1554 0.04107594818034196
1555 0.04107594526058183
1556 0.04107594234222674
1557 0.04107593942527444
1558 0.04107593650969844
1559 0.04107593359548229
1560 0.04107593068258802
1561 0.04107592777098736
1562 0.04107592486065511
1563 0.04107592195161244
1564 0.04107591904386501
1565 0.0410759161374329
1566 0.04107591323232054
1567 0.04107591032855409
1568 0.04107590742613362
1569 0.04107590452505471
1570 0.04107590162528844
1571 0.041075898726825
1572 0.04107589582965966
1573 0.04107589293380375
1574 0.04107589003896518
1575 0.04107588714533294
1576 0.04107588425294002
1577 0.04107588136183436
1578 0.0410758784720146
1579 0.04107587558342464
1580 0.041075872697272
1581 0.04107586981378662
1582 0.04107586692775998
1583 0.04107586404553077
1584 0.04107586116159532
1585 0.04107585828133236
1586 0.04107585540202457
1587 0.04107585252608629
1588 0.04107584965020469
1589 0.04107584677767137
1590 0.04107584390379614
1591 0.04107584103324815
1592 0.04107583816074797
1593 0.04107583529159255
1594 0.04107583242058791
1595 0.04107582955297717
1596 0.04107582668377524
1597 0.04107582381803122
1598 0.04107582095124365
1599 0.04107581808791139
1600 0.04107581522389302
1601 0.04107581236331113
1602 0.04107580950215479
1603 0.04107580664437623
1604 0.04107580378581341
1605 0.04107580093058537
1606 0.04107579807433805
1607 0.04107579522137763
1608 0.04107579236732734
1609 0.04107578951655613
1610 0.04107578666466871
1611 0.04107578381605754
1612 0.04107578096637512
1613 0.0410757781200026
1614 0.04107577527273802
1615 0.04107577242875837
1616 0.04107576958392221
1617 0.04107576674232415
1618 0.04107576390008569
1619 0.04107576106104105
1620 0.04107575822110896
1621 0.04107575538435155
1622 0.04107575254650667
1623 0.04107574971183179
1624 0.04107574687601984
1625 0.04107574404339987
1626 0.04107574120980515
1627 0.04107573837941069
1628 0.04107573554703078
1629 0.04107573271788008
1630 0.04107572988719999
1631 0.04107572706005309
1632 0.0410757242324886
1633 0.04107572140802037
1634 0.04107571858408413
1635 0.04107571576355177
1636 0.04107571294237648
1637 0.04107571012455638
1638 0.04107570730546776
1639 0.04107570448968648
1640 0.04107570167145494
1641 0.04107569885649092
1642 0.04107569604023335
1643 0.0410756932272368
1644 0.04107569041344884
1645 0.0410756876029242
1646 0.0410756847917946
1647 0.04107568198388897
1648 0.04107567917526361
1649 0.04107567636981826
1650 0.04107567356353255
1651 0.04107567076038116
1652 0.04107566795612509
1653 0.04107566515490578
1654 0.04107566235232719
1655 0.04107565955286324
1656 0.0410756567522931
1657 0.0410756539548441
1658 0.04107565115653129
1659 0.04107564836131198
1660 0.04107564556534537
1661 0.0410756427724398
1662 0.04107563997871311
1663 0.04107563718802078
1664 0.04107563439640421
1665 0.04107563160779739
1666 0.04107562881820172
1667 0.04107562603159243
1668 0.04107562324400942
1669 0.04107562045944421
1670 0.04107561767415555
1671 0.04107561489194488
1672 0.04107561210850316
1673 0.04107560932817054
1674 0.04107560654656753
1675 0.04107560376806908
1676 0.04107560098846973
1677 0.04107559821197884
1678 0.04107559543450138
1679 0.04107559266010088
1680 0.04107558988468953
1681 0.04107558711236235
1682 0.04107558433898877
1683 0.04107558156867427
1684 0.04107557879725213
1685 0.04107557602887529
1686 0.04107557325944584
1687 0.04107557049287235
1688 0.04107556772529743
1689 0.04107556496058612
1690 0.04107556219493781
1691 0.0410755594321659
1692 0.04107555666862357
1693 0.04107555390793589
1694 0.04107555114636711
1695 0.04107554838757495
1696 0.04107554562792114
1697 0.04107554287105591
1698 0.04107554011339343
1699 0.0410755373585007
1700 0.04107553460279166
1701 0.04107553184983623
1702 0.041075529096018
1703 0.04107552634519471
1704 0.04107552359462899
1705 0.0410755208475812
1706 0.04107551810205302
1707 0.04107551535458163
1708 0.04107551260847007
1709 0.04107550986392264
1710 0.04107550711710141
1711 0.04107550437172104
1712 0.04107550162805338
1713 0.04107549888286879
1714 0.04107549614009872
1715 0.04107549339906981
1716 0.0410754906571539
1717 0.04107548791838775
1718 0.04107548518129321
1719 0.04107548244320767
1720 0.04107547970777663
1721 0.04107547697382388
1722 0.04107547423720028
1723 0.04107547150336874
1724 0.04107546876915064
1725 0.04107546603825927
1726 0.04107546330886329
1727 0.04107546057744429
1728 0.04107545784867348
1729 0.04107545511952781
1730 0.0410754523936449
1731 0.04107544966898623
1732 0.04107544694170742
1733 0.04107544421714673
1734 0.04107544149216297
1735 0.0410754387705396
1736 0.04107543605011845
1737 0.04107543332739845
1738 0.04107543060734044
1739 0.04107542788697349
1740 0.041075425169915
1741 0.04107542245404425
1742 0.04107541973665545
1743 0.04107541702186046
1744 0.04107541430831013
1745 0.04107541159311791
1746 0.04107540888021467
1747 0.04107540616870879
1748 0.04107540345580572
1749 0.04107540074528952
1750 0.04107539803618328
1751 0.04107539532571163
1752 0.04107539261776116
1753 0.04107538991118691
1754 0.04107538720329756
1755 0.04107538449791228
1756 0.04107538179392094
1757 0.04107537908862484
1758 0.04107537638584907
1759 0.04107537368441314
1760 0.04107537098162042
1761 0.04107536828124406
1762 0.04107536558222434
1763 0.04107536288184142
1764 0.04107536018372135
1765 0.04107535748705961
1766 0.04107535478784718
1767 0.04107535209118279
1768 0.04107534939389482
1769 0.04107534669904268
1770 0.04107534400413027
1771 0.04107534131168643
1772 0.04107533861941302
1773 0.04107533592951806
1774 0.04107533323929301
1775 0.0410753305513958
1776 0.04107532786253283
1777 0.04107532517591005
1778 0.04107532248799809
1779 0.04107531980239432
1780 0.04107531711573121
1781 0.04107531443137357
1782 0.04107531174613908
1783 0.04107530906325874
1784 0.04107530637976936
1785 0.04107530369861417
1786 0.04107530101692306
1787 0.04107529833754425
1788 0.04107529565754143
1789 0.04107529298045978
1790 0.04107529030351718
1791 0.04107528762894542
1792 0.0410752849529686
1793 0.04107528227935918
1794 0.04107527960391053
1795 0.04107527693086194
1796 0.04107527425615886
1797 0.0410752715839151
1798 0.04107526891049779
1799 0.04107526623958024
1800 0.04107526356788189
1801 0.04107526089879909
1802 0.04107525822923121
1803 0.0410752555621537
1804 0.04107525289424313
1805 0.04107525022874996
1806 0.04107524756208716
1807 0.04107524489782999
1808 0.04107524223237573
1809 0.0410752395693437
1810 0.04107523690509256
1811 0.04107523424321513
1812 0.041075231580348
1813 0.04107522891970126
1814 0.04107522625855551
1815 0.0410752235995886
1816 0.04107522094014596
1817 0.04107521828287396
1818 0.04107521562505449
1819 0.04107521296936799
1820 0.04107521031295763
1821 0.04107520765865884
1822 0.04107520500345792
1823 0.04107520235037868
1824 0.04107519969650979
1825 0.04107519704474833
1826 0.04107519439226285
1827 0.04107519174188557
1828 0.04107518909084681
1829 0.04107518644190254
1830 0.04107518379228963
1831 0.04107518114475904
1832 0.04107517849653965
1833 0.04107517585039047
1834 0.04107517320353503
1835 0.04107517055873602
1836 0.04107516791322341
1837 0.04107516526976034
1838 0.04107516262558539
1839 0.0410751599834533
1840 0.04107515734068189
1841 0.04107515469994025
1842 0.0410751520584928
1843 0.04107514941907661
1844 0.04107514677895154
1845 0.04107514414085604
1846 0.04107514150205167
1847 0.04107513886527057
1848 0.0410751362277776
1849 0.04107513359230668
1850 0.04107513095613019
1851 0.04107512832200621
1852 0.04107512568711443
1853 0.04107512305427832
1854 0.04107512042067967
1855 0.04107511778913267
1856 0.04107511515681588
1857 0.04107511252655308
1858 0.04107510989552924
1859 0.04107510726655014
1860 0.0410751046368082
1861 0.04107510200917402
1862 0.04107509938080985
1863 0.04107509675448799
1864 0.04107509412740104
1865 0.04107509150234604
1866 0.0410750888764645
1867 0.04107508625270718
1868 0.04107508362792849
1869 0.04107508100520821
1870 0.04107507838172111
1871 0.04107507576025812
1872 0.04107507313803432
1873 0.04107507051782876
1874 0.04107506789687088
1875 0.04107506527791981
1876 0.04107506265831925
1877 0.04107506004074999
1878 0.04107505742231876
1879 0.04107505480593072
1880 0.04107505218868877
1881 0.04107504957347919
1882 0.04107504695741386
1883 0.0410750443433778
1884 0.04107504172850488
1885 0.04107503911565245
1886 0.04107503650198401
1887 0.04107503389032798
1888 0.04107503127786104
1889 0.04107502866739948
1890 0.04107502605611406
1891 0.04107502344683388
1892 0.04107502083653727
1893 0.04107501822831502
1894 0.04107501561922712
1895 0.04107501301219654
1896 0.04107501040438357
1897 0.04107500779861113
1898 0.04107500519203791
1899 0.04107500258749408
1900 0.04107499998211035
1901 0.04107499737874058
1902 0.04107499477452387
1903 0.04107499217230651
1904 0.04107498956920174
1905 0.04107498696809468
1906 0.04107498436610092
1907 0.04107498176610187
1908 0.04107497916525494
1909 0.04107497656639365
1910 0.04107497396664082
1911 0.04107497136886789
1912 0.04107496877026348
1913 0.04107496617363504
1914 0.04107496357620361
1915 0.04107496098073764
1916 0.04107495838432684
1917 0.04107495578985051
1918 0.0410749531946723
1919 0.04107495060140642
1920 0.04107494800740324
1921 0.0410749454152888
1922 0.04107494282236002
1923 0.0410749402313116
1924 0.04107493763942579
1925 0.04107493504941624
1926 0.04107493245858822
1927 0.04107492986963735
1928 0.04107492727991296
1929 0.04107492469211524
1930 0.04107492210378307
1931 0.04107491951727268
1932 0.04107491692999323
1933 0.041074914344515
1934 0.04107491175812944
1935 0.04107490917353847
1936 0.0410749065880418
1937 0.04107490400435015
1938 0.04107490141984967
1939 0.04107489883716165
1940 0.04107489625376116
1941 0.04107489367216744
1942 0.04107489108990475
1943 0.04107488850943596
1944 0.04107488592827403
1945 0.04107488334889547
1946 0.04107488076877869
1947 0.04107487819043504
1948 0.04107487561123188
1949 0.04107487303375674
1950 0.04107487045547899
1951 0.04107486787895032
1952 0.04107486530175929
1953 0.04107486272631781
1954 0.04107486015028399
1955 0.0410748575759842
1956 0.0410748550011027
1957 0.04107485242792234
1958 0.04107484985403961
1959 0.04107484728184797
1960 0.04107484470888506
1961 0.04107484213761181
1962 0.04107483956565341
1963 0.04107483699541987
1964 0.04107483442451879
1965 0.04107483185532818
1966 0.04107482928540726
1967 0.04107482671719115
1968 0.04107482414822606
1969 0.04107482158095991
1970 0.04107481901295863
1971 0.04107481644665619
1972 0.04107481387965457
1973 0.04107481131434843
1974 0.04107480874837113
1975 0.04107480618407516
1976 0.0410748036190925
1977 0.04107480105578142
1978 0.04107479849176068
1979 0.04107479592940401
1980 0.04107479336633307
1981 0.04107479080491987
1982 0.04107478824280295
1983 0.04107478568233128
1984 0.04107478312099431
1985 0.04107478056126185
1986 0.04107477800091013
1987 0.04107477544214978
1988 0.04107477288249479
1989 0.04107477032442734
1990 0.04107476776613539
1991 0.04107476520941324
1992 0.04107476265226737
1993 0.04107476009668015
1994 0.04107475754053601
1995 0.04107475498591686
1996 0.04107475243059259
1997 0.04107474987678621
1998 0.04107474732226265
1999 0.04107474476925432
2000 0.04107474221557669
