"lift-rfile"
"Iteration" "lift"
("Iteration" "lift")
1 72.860871671765
2 72.5748269383143
3 72.29480534925852
4 71.99109867014498
5 71.67308863389988
6 71.35299163251258
7 71.02651603530001
8 70.69395441212951
9 70.3564370649183
10 70.0141006858041
11 69.67680996580026
12 69.35036344476313
13 69.02431558306786
14 68.69611064706392
15 68.36688934377429
16 68.04101354288196
17 67.72184791263788
18 67.40623800247718
19 67.0919296897852
20 66.77706851657913
21 66.46176398870479
22 66.14724582656365
23 65.83403336876484
24 65.52124413074623
25 65.21126866928056
26 64.90275395223124
27 64.59756451951117
28 64.29435511207221
29 63.99289740200501
30 63.69278382139524
31 63.39395405392678
32 63.09534251934787
33 62.79861864345106
34 62.50246326805302
35 62.20710002906927
36 61.91584287634331
37 61.62726798080515
38 61.33763455216354
39 61.05006002320945
40 60.764962793713
41 60.48110334851081
42 60.20028446147685
43 59.91765633242923
44 59.63618800941379
45 59.35823395792801
46 59.07984472246491
47 58.80352060052674
48 58.52784970671745
49 58.254140488942
50 57.98265700657361
51 57.71283661329963
52 57.44408832019657
53 57.17548843171732
54 56.90864491126579
55 56.64358122694781
56 56.37920186877645
57 56.11681364948582
58 55.8558090276947
59 55.59520614284798
60 55.33701737776418
61 55.07934871054127
62 54.8235082781737
63 54.56997865547878
64 54.31702009629554
65 54.06422164992093
66 53.81274586703285
67 53.56307603848435
68 53.31475858758542
69 53.06793716751054
70 52.82255126406147
71 52.57866535940445
72 52.3358887839598
73 52.09347396628374
74 51.85194152518277
75 51.61295376281154
76 51.37447571362157
77 51.13680997330574
78 50.90077717578073
79 50.66651888204444
80 50.43258699840182
81 50.19966694475484
82 49.96841946657406
83 49.73877097767795
84 49.51093809285018
85 49.28405254882915
86 49.05731813917431
87 48.83023949035321
88 48.60397284644289
89 48.37895313055476
90 48.15644773718716
91 47.93547510521682
92 47.71642780672693
93 47.49789597107173
94 47.27936456947295
95 47.06163493048174
96 46.84579160947503
97 46.63281171031642
98 46.42034441016741
99 46.20735489784548
100 45.99456633076695
101 45.78375824897903
102 45.57524474034935
103 45.36752479984226
104 45.16052655930998
105 44.95433790550214
106 44.74868466281477
107 44.54419182587445
108 44.3409186999094
109 44.13925264550222
110 43.93722729699851
111 43.73699162168491
112 43.53833506107667
113 43.34094626343905
114 43.14353853244823
115 42.94686027777176
116 42.75110920260839
117 42.55681666216623
118 42.36406370836261
119 42.17203695677689
120 41.98080404097745
121 41.78954820864982
122 41.59941779896805
123 41.41072613872686
124 41.22308504166867
125 41.03637714349374
126 40.85078829230236
127 40.66606433801454
128 40.48241174572932
129 40.29947816146957
130 40.11770572581089
131 39.93681786415235
132 39.75670346181308
133 39.57743039955366
134 39.39850221595449
135 39.2207582279046
136 39.04367619721375
137 38.86781659348112
138 38.69339044998564
139 38.51965127463106
140 38.34655605995001
141 38.17442601417798
142 38.0028880658854
143 37.83219266626249
144 37.66235794107445
145 37.49355946298439
146 37.32593120466628
147 37.1584494070817
148 36.99225384612696
149 36.82635968585696
150 36.6614785488519
151 36.49729132432741
152 36.33424081803274
153 36.17218258082302
154 36.010316372473
155 35.85016330839095
156 35.69072760273261
157 35.53203355652537
158 35.37312747430283
159 35.21637468754148
160 35.05925363653816
161 34.90376066358058
162 34.74759972482458
163 34.59332572085431
164 34.4391863155105
165 34.28668919309793
166 34.13440478286666
167 33.98328242349076
168 33.83254324179914
169 33.68294515712852
170 33.53405216042483
171 33.3863269163636
172 33.23859526868753
173 33.09195309264015
174 32.94562799985479
175 32.80073512037418
176 32.65571975846218
177 32.5120588754833
178 32.36785109692148
179 32.22541954748298
180 32.08283346347116
181 31.94272192340232
182 31.80160949356532
183 31.66276113859551
184 31.52303587728949
185 31.38502543025766
186 31.2465298105222
187 31.10972063211916
188 30.97646177280707
189 30.84046474053635
190 30.70455779158063
191 30.57021023803496
192 30.43765210706636
193 30.30496544703049
194 30.17596690432762
195 30.03948902841288
196 29.90426326651965
197 29.77216462161308
198 29.64501860154916
199 29.51433173389794
200 29.38635381165421
201 29.25718476801868
202 29.12916070135197
203 29.00455767239932
204 28.88193285300836
205 28.75207522437496
206 28.62812636944848
207 28.50538366198137
208 28.38162541202602
209 28.25853064746462
210 28.13718079377211
211 28.01491455521724
212 27.8916336727723
213 27.76728798901491
214 27.64330151684259
215 27.52276160794366
216 27.40407202237678
217 27.28608310155523
218 27.16897723316384
219 27.0513545990027
220 26.93613806918564
221 26.82715496834462
222 26.71361307853336
223 26.59624195052566
224 26.47993457742546
225 26.36351213614066
226 26.2529913170698
227 26.14345203494798
228 26.02774001865363
229 25.91818088545164
230 25.80635907264929
231 25.69449620150655
232 25.58469472817747
233 25.47664424298312
234 25.36680594796668
235 25.25707868425062
236 25.15007250603005
237 25.04049341009454
238 24.93274009466639
239 24.82727748730751
240 24.71242351237098
241 24.6092651423086
242 24.50916697104256
243 24.40399176118918
244 24.30059692649554
245 24.19860411505313
246 24.09285998019688
247 23.9907437278124
248 23.88933207921561
249 23.78623980992136
250 23.68556336541792
251 23.5860539861404
252 23.48526404036509
253 23.3859944656491
254 23.28871202929598
255 23.19032339242719
256 23.09177791145255
257 22.99476807956554
258 22.89925298894928
259 22.80330556623196
260 22.707272313294
261 22.61047419074867
262 22.51438533857319
263 22.4194441988596
264 22.32550610005613
265 22.23294314662123
266 22.14023616349571
267 22.04759422909683
268 21.95548366365843
269 21.86428315853164
270 21.77400182758112
271 21.68329905412496
272 21.59324340011471
273 21.50504658657765
274 21.41863067435799
275 21.33305869817639
276 21.24790199427695
277 21.15616683731509
278 21.05967053139824
279 20.96643474819617
280 20.87586990428353
281 20.787369824988
282 20.7022397801685
283 20.62080610778533
284 20.53888261070616
285 20.45456414999776
286 20.36930099801738
287 20.28630809503983
288 20.20364780921912
289 20.1209757272643
290 20.03867416540215
291 19.95453310586591
292 19.87015328391023
293 19.78836651248042
294 19.70738329835909
295 19.62831035790774
296 19.54974223207424
297 19.47107240879717
298 19.39231624439369
299 19.31269293520757
300 19.23063253189069
301 19.14858481519369
302 19.06930173919646
303 18.99106438102791
304 18.91450705825093
305 18.83597738616027
306 18.75931635755108
307 18.67087113235328
308 18.59103294482093
309 18.51584309783155
310 18.44283356160933
311 18.36958768461649
312 18.29338302494491
313 18.21984104718554
314 18.1463781360807
315 18.06924813403612
316 17.99548776260637
317 17.92380075401104
318 17.85228680307837
319 17.77864078645577
320 17.70302814963209
321 17.6300689099841
322 17.56044383473683
323 17.49063124782332
324 17.41971755482559
325 17.34875523422825
326 17.27800896859478
327 17.20805522934332
328 17.13862057696992
329 17.06962415387486
330 17.00092931314881
331 16.93252809658246
332 16.86446655846112
333 16.79675145319514
334 16.72930546084172
335 16.66218364830002
336 16.59541441333484
337 16.52897781759826
338 16.46284709061373
339 16.39704212069389
340 16.33152517494594
341 16.26631723513265
342 16.20145525328067
343 16.13690743073283
344 16.07257932035451
345 16.00850631757386
346 15.94480535768594
347 15.88150547377697
348 15.81855546462813
349 15.75580765718336
350 15.69328453869383
351 15.63109046978899
352 15.56923467464188
353 15.50763282727177
354 15.44631440846193
355 15.38525357909477
356 15.32446926812093
357 15.26401171547352
358 15.20387029426151
359 15.14399576664847
360 15.08454721106354
361 15.02515951503837
362 14.96606684309429
363 14.90729029045234
364 14.84881241043644
365 14.79072192776627
366 14.73283016398443
367 14.67518485483286
368 14.61776162124659
369 14.56061688096595
370 14.50373102062322
371 14.44711203128768
372 14.39075837632112
373 14.33461442039053
374 14.27877214313912
375 14.22323633202715
376 14.16802638899907
377 14.11310275135543
378 14.05847471325994
379 14.00416102181766
380 13.95008238359639
381 13.89616416761432
382 13.84242997946855
383 13.78887912215051
384 13.73549789095736
385 13.68233470074536
386 13.62945843942287
387 13.57689865068286
388 13.52459760112051
389 13.47255921152671
390 13.42078187644128
391 13.36925014160285
392 13.31790027670331
393 13.26676188401394
394 13.21596929245612
395 13.16542849273613
396 13.11508305494653
397 13.06506496580616
398 13.01524400556541
399 12.96449642958119
400 12.91574889801627
401 12.86706262922625
402 12.81726692460795
403 12.76909690156912
404 12.72102858735169
405 12.67286159832069
406 12.62380911004291
407 12.57638631677473
408 12.52918061471293
409 12.48190311862256
410 12.43375527192599
411 12.38723531170689
412 12.34093100416899
413 12.29453366358033
414 12.24815850861634
415 12.20187137901272
416 12.15482697155579
417 12.10967704101313
418 12.06467195950113
419 12.01955754936236
420 11.97353384253257
421 11.92920236494721
422 11.88497359826227
423 11.84069346207466
424 11.79552074846473
425 11.75188972615296
426 11.70845444901662
427 11.66411419548223
428 11.62110701269712
429 11.57823277527407
430 11.53441249725515
431 11.49200361910045
432 11.44973896335638
433 11.40652604182084
434 11.36469600983138
435 11.32301842555557
436 11.28126287389226
437 11.23950931478175
438 11.19789434060486
439 11.15649166537515
440 11.11530640049019
441 11.07434426619691
442 11.03359515060522
443 10.99187726135973
444 10.95215874875752
445 10.9124739945677
446 10.87149427944373
447 10.83232915736097
448 10.79317869324604
449 10.75304493805945
450 10.71439741396363
451 10.67501224097889
452 10.63667841637647
453 10.59836672765706
454 10.55911461012538
455 10.52108614770998
456 10.48324502109321
457 10.44451119287238
458 10.40699939769524
459 10.36964323432197
460 10.33143470086588
461 10.29441774869098
462 10.25758840187414
463 10.21990525242512
464 10.18338320182688
465 10.14706489293614
466 10.11066259054417
467 10.07350473443075
468 10.03763964260385
469 10.0019634302449
470 9.965479025686285
471 9.930144092063381
472 9.894959275512138
473 9.859666554215092
474 9.823704266810857
475 9.78895299791977
476 9.753749744961306
477 9.719417909087946
478 9.684529925828686
479 9.650473365241991
480 9.615865304732543
481 9.582109735386537
482 9.547824104975041
483 9.514379470071006
484 9.480403374331168
485 9.447242885411804
486 9.414195400256316
487 9.381057029297413
488 9.347255788159071
489 9.314579720305909
490 9.282108830954886
491 9.248969653372409
492 9.216836397513733
493 9.184841805810983
494 9.152129812808719
495 9.120387207806429
496 9.088799472688974
497 9.056492481736571
498 9.025158332593771
499 8.994013945243871
500 8.962177336333394
501 8.931282190273615
502 8.900549253805035
503 8.869102630384042
504 8.838589581862159
505 8.808257949955932
506 8.777829797009625
507 8.74738888740478
508 8.717053205398733
509 8.686870375284595
510 8.656857434520218
511 8.627004162082677
512 8.597291309129405
513 8.56771685777202
514 8.538302303348061
515 8.509028803653528
516 8.479911325181563
517 8.450926275222624
518 8.422059179872006
519 8.393310084921662
520 8.364653334529478
521 8.33610615117334
522 8.307156540458511
523 8.279236158115777
524 8.251374633115336
525 8.222929043310613
526 8.195353036750179
527 8.167322300828291
528 8.139997821175431
529 8.112184702110412
530 8.085081149695574
531 8.057497393098812
532 8.030635979470707
533 8.00329342156671
534 7.976673053609882
535 7.949566498421333
536 7.923186095993603
537 7.896295437000623
538 7.87015963791109
539 7.843475473654361
540 7.817097479126331
541 7.791391525930899
542 7.765004085902543
543 7.739520910080492
544 7.713352737039169
545 7.688100948300894
546 7.6621686214168
547 7.637143774268256
548 7.611438561451794
549 7.586633463395306
550 7.561164007972333
551 7.536581778944744
552 7.511336551762563
553 7.486958364197977
554 7.461976069744495
555 7.437798356187683
556 7.413064181199676
557 7.389079624431003
558 7.364557782811091
559 7.340784543963894
560 7.316494370657864
561 7.292902467859073
562 7.268847596427722
563 7.245455841625326
564 7.221616590684205
565 7.198399586065718
566 7.174758264274602
567 7.151345569028392
568 7.128060707994799
569 7.105343486931792
570 7.082086617057763
571 7.059518766947104
572 7.036470016063844
573 7.013686093076732
574 6.991025398595586
575 6.968517133162154
576 6.946137505579426
577 6.923853907568975
578 6.901658653731128
579 6.879925466608932
580 6.857663425023786
581 6.835631527578249
582 6.814155379524812
583 6.792084033353396
584 6.77078336275745
585 6.748895122094635
586 6.727796600745582
587 6.706090545808761
588 6.68517794276195
589 6.663649810249987
590 6.642914979278027
591 6.621611301736025
592 6.601034372223141
593 6.579951017973708
594 6.55917338488229
595 6.538893195363675
596 6.518074169407214
597 6.497914131447807
598 6.477266722665422
599 6.457270017022748
600 6.436800538557131
601 6.416969790140808
602 6.396681051721083
603 6.37702164306892
604 6.356899799313594
605 6.337411064511216
606 6.317457494666223
607 6.29813914716923
608 6.278332009782265
609 6.259184793321245
610 6.239552744008011
611 6.220567333134751
612 6.201113898197598
613 6.182303179655097
614 6.162970447994876
615 6.144328683783364
616 6.12514887465364
617 6.106671692616596
618 6.087679297509748
619 6.069353728167476
620 6.050527365718716
621 6.032360458716427
622 6.013649883457833
623 5.995648839545632
624 5.977091501154792
625 5.959261914396293
626 5.940853899547002
627 5.923190532008339
628 5.904934400474712
629 5.887417321182087
630 5.869309418918883
631 5.851928643257968
632 5.833990409800792
633 5.816769565903643
634 5.798974800576294
635 5.781895959884311
636 5.764250975506659
637 5.74731123127197
638 5.729812880231902
639 5.713011976707882
640 5.695659033016407
641 5.678993603168279
642 5.661791507280998
643 5.645270560864419
644 5.628214004525827
645 5.611831708874202
646 5.594917050830706
647 5.578669967022388
648 5.56189291858789
649 5.545779526990046
650 5.529149226122504
651 5.513171777567515
652 5.496681037550866
653 5.4808269409692
654 5.464472953429016
655 5.448757792626103
656 5.432550342277177
657 5.41696323360141
658 5.400891503413993
659 5.385436607876028
660 5.369495382964256
661 5.354167370431462
662 5.338352417002703
663 5.323137542721528
664 5.307473455910335
665 5.292394023613129
666 5.276836612756968
667 5.261871566628078
668 5.246535963564666
669 5.231695877996127
670 5.216503193376718
671 5.201747507110414
672 5.186657424653753
673 5.171979330194834
674 5.156923039757269
675 5.142406107599009
676 5.127473237396232
677 5.113110953360155
678 5.098305053703902
679 5.084076750156061
680 5.069391630993648
681 5.055283914011714
682 5.041143056723076
683 5.026483463937661
684 5.01252435118933
685 4.998141784464121
686 4.98434400042963
687 4.970068696752483
688 4.956376844629328
689 4.942207594989169
690 4.928615696085567
691 4.914558308775782
692 4.901080324326417
693 4.88757540450225
694 4.873551301057189
695 4.860191037073286
696 4.846848807185215
697 4.833010904928082
698 4.819817501859927
699 4.806637505400627
700 4.792965631533287
701 4.77992263492644
702 4.766895179163614
703 4.75340515320765
704 4.740530386830518
705 4.727652383556674
706 4.714317577230491
707 4.70159240424941
708 4.688862085936506
709 4.675687038486481
710 4.663110873988913
711 4.650543414477332
712 4.637540331980347
713 4.625122403106324
714 4.61270838528782
715 4.599863946418252
716 4.587595628414981
717 4.575325172509621
718 4.562630106125027
719 4.550506235376512
720 4.538388363289176
721 4.525850184204117
722 4.513870713809002
723 4.501897601837436
724 4.489509864945435
725 4.477677525847542
726 4.465848196767435
727 4.453609330574579
728 4.44191199102692
729 4.430221794986987
730 4.418127234557932
731 4.406565841907018
732 4.39501491321612
733 4.3830717133487
734 4.371653525254747
735 4.36024238268431
736 4.348435805022544
737 4.337144514791572
738 4.325864874111896
739 4.314205496496688
740 4.303053173222515
741 4.291911492261362
742 4.280388427528784
743 4.26936706865203
744 4.258360900714528
745 4.24697520862333
746 4.236085243364911
747 4.225207603358145
748 4.213955104113722
749 4.20319446878157
750 4.192444091025537
751 4.181322542788918
752 4.170686697131551
753 4.160071942969934
754 4.149077688851078
755 4.138571133699351
756 4.128071530841216
757 4.117203356719687
758 4.106820068660285
759 4.096440597584865
760 4.085692431436966
761 4.075424149090543
762 4.065167080154159
763 4.054559811023103
764 4.044414266288327
765 4.03427271043989
766 4.02379202877797
767 4.013765377349497
768 4.0037528717405
769 3.993392099421072
770 3.983481551424745
771 3.973585517166038
772 3.963340816047938
773 3.953550691991835
774 3.943769599895998
775 3.933638951709978
776 3.92396717092141
777 3.914308202499669
778 3.904287919557893
779 3.894723172800744
780 3.885181619692523
781 3.875279031420041
782 3.865829120883831
783 3.856367879328039
784 3.846573102849561
785 3.837225013416746
786 3.827883453173723
787 3.818214002886752
788 3.808974171133567
789 3.799742788681377
790 3.790185179648065
791 3.781051069727178
792 3.771922652029882
793 3.762477641027888
794 3.75344540399312
795 3.744423817628788
796 3.735088481358738
797 3.726162386529598
798 3.71724850332812
799 3.708020421219031
800 3.699197599307331
801 3.690383883326254
802 3.681257202759734
803 3.672532343830383
804 3.663806022381217
805 3.6547857241086
806 3.646165533920793
807 3.637556988124918
808 3.628641208554969
809 3.620112736911412
810 3.611601457808111
811 3.60277958981567
812 3.594348469372287
813 3.585675852702119
814 3.577337458096938
815 3.568731482381122
816 3.560452856470448
817 3.55190904571394
818 3.543689426863111
819 3.535213933502084
820 3.52704817527672
821 3.518867612822855
822 3.510405119009251
823 3.502312002583476
824 3.494225268457137
825 3.485869407752669
826 3.477869427944926
827 3.469875913463394
828 3.461614169930425
829 3.453704789374018
830 3.445803446170223
831 3.437634006157175
832 3.429811837394936
833 3.421999934637948
834 3.413923388977181
835 3.4061820505283
836 3.398454383854228
837 3.390467864129161
838 3.382820267624776
839 3.375189661003227
840 3.367291551212305
841 3.359727672616212
842 3.352174383275699
843 3.34435592073543
844 3.33687889835978
845 3.329191713962217
846 3.321799474552571
847 3.314168193131744
848 3.306826035395028
849 3.299245548307584
850 3.291959523227713
851 3.284435111211943
852 3.277200722602347
853 3.269728938403753
854 3.262544298765403
855 3.255128516956669
856 3.248000223347116
857 3.240640547062768
858 3.233562405860898
859 3.2262569797662
860 3.219230560451775
861 3.211976039904354
862 3.204999871469266
863 3.197800313256739
864 3.190875718297002
865 3.183728777453871
866 3.176848069583434
867 3.16975985866932
868 3.16293095900874
869 3.155894678379481
870 3.149115549786683
871 3.142128364697872
872 3.135399588567038
873 3.128466592186881
874 3.121787382943
875 3.114903789034881
876 3.108275031162016
877 3.101438616051998
878 3.094855607767272
879 3.088068877094109
880 3.081531757915816
881 3.074792523093685
882 3.06830422095171
883 3.061615746117079
884 3.055174838404568
885 3.048533862953389
886 3.042138104889329
887 3.035544612058348
888 3.029194578923091
889 3.022835330865178
890 3.016251867181617
891 3.009954192743231
892 3.003666096043351
893 2.997150437590501
894 2.99091907397385
895 2.984698468954442
896 2.978251478023527
897 2.97208827920597
898 2.965935755397672
899 2.959559256954242
900 2.9534640931939
901 2.947373896152571
902 2.941063638368385
903 2.935032307710352
904 2.929005857300848
905 2.922760831716508
906 2.916788324370109
907 2.910824625573872
908 2.904648849916613
909 2.898739412207724
910 2.892837498056871
911 2.88672901120694
912 2.880882153878086
913 2.875043735512066
914 2.869000627262386
915 2.863215299390935
916 2.857438374789083
917 2.85145760129656
918 2.845733653931824
919 2.840018562008993
920 2.834101544981719
921 2.828439548692819
922 2.822784931576962
923 2.816929455499924
924 2.811325168938671
925 2.805727086132419
926 2.799930325411893
927 2.794384688985717
928 2.788844393259787
929 2.783110265350745
930 2.777620640519538
931 2.772137584405046
932 2.766466440926748
933 2.761033182460383
934 2.755607558585388
935 2.749998846864913
936 2.744622053541804
937 2.739252759480454
938 2.733701472891179
939 2.728379036187293
940 2.723063596332537
941 2.717570702237432
942 2.712303308547396
943 2.70704081384451
944 2.701604767101721
945 2.696393523993316
946 2.691183408645029
947 2.685803493585871
948 2.680644725930458
949 2.675487412674982
950 2.670163702052933
951 2.665058703655045
952 2.659961959182822
953 2.654694652902088
954 2.649645751411428
955 2.6445954145052
956 2.639378412156965
957 2.634377030614589
958 2.629379390034356
959 2.624214627446155
960 2.619265452837221
961 2.614316180421382
962 2.609207391223696
963 2.604307715115984
964 2.599411653982314
965 2.594354554732138
966 2.589503124010631
967 2.584656875479258
968 2.579651206788573
969 2.574847302704607
970 2.570048600359077
971 2.565094963226399
972 2.560341961223778
973 2.555593426051555
974 2.550686842395099
975 2.545980366405924
976 2.54128053105494
977 2.536423824212061
978 2.531765161795215
979 2.527112708138859
980 2.522305778061242
981 2.517692359120802
982 2.513086074880884
983 2.508325600044047
984 2.503758991201535
985 2.49919939759084
986 2.494487475618501
987 2.489966737765752
988 2.485453508785673
989 2.480788004642004
990 2.47631585957758
991 2.471849446070666
992 2.467224514861469
993 2.462792842641206
994 2.458244274705697
995 2.453859036347613
996 2.449340694398556
997 2.444982243942763
998 2.440490259530583
999 2.436160868683782
1000 2.431700623349648
1001 2.427401964077012
1002 2.422967501430257
1003 2.41869532767352
1004 2.414287827210478
1005 2.410041930835066
1006 2.405666356102784
1007 2.401449632800219
1008 2.397102785630355
1009 2.39291351340954
1010 2.388594512860743
1011 2.384432495262556
1012 2.380142587341581
1013 2.376007512649699
1014 2.371745280258498
1015 2.367636745683436
1016 2.363401915099271
1017 2.359320243165114
1018 2.355112724106008
1019 2.351057407295142
1020 2.346878898702437
1021 2.3428503219104
1022 2.338698079262059
1023 2.334694937325749
1024 2.330568809239222
1025 2.326591517798119
1026 2.322492290822332
1027 2.318540044254299
1028 2.314467592820896
1029 2.310539644353422
1030 2.306494544113464
1031 2.302592065532379
1032 2.298571244553836
1033 2.294691150436441
1034 2.290698965796013
1035 2.286844779313366
1036 2.282878385923645
1037 2.279048719772077
1038 2.275106526606032
1039 2.271300584572078
1040 2.26738472838451
1041 2.263604028749302
1042 2.259713426076111
1043 2.255957599696643
1044 2.252091435160811
1045 2.248359723913933
1046 2.244517766427019
1047 2.240809677685761
1048 2.236991237316091
1049 2.233306550951266
1050 2.229512141924546
1051 2.225851013318731
1052 2.222079943681063
1053 2.218440100427789
1054 2.214692485035049
1055 2.21107515368963
1056 2.207351935264455
1057 2.203757654363623
1058 2.200058010121169
1059 2.19648647980476
1060 2.192811518436566
1061 2.189262365540217
1062 2.185610382935985
1063 2.182082538280667
1064 2.178453888284291
1065 2.17494809695711
1066 2.171342187100266
1067 2.167858113760042
1068 2.164274905335245
1069 2.16081284189951
1070 2.157252233515567
1071 2.153812045000855
1072 2.150272801999037
1073 2.146852491075697
1074 2.143336095029483
1075 2.139936170838577
1076 2.136441864781586
1077 2.133062806648061
1078 2.129589835644249
1079 2.126231220459444
1080 2.122779966234552
1081 2.119442159722145
1082 2.116012726847288
1083 2.112696703451634
1084 2.109289043771736
1085 2.105993343450951
1086 2.102605197357349
1087 2.099326051691814
1088 2.095958924932321
1089 2.092700814180079
1090 2.089354371763496
1091 2.086118424584364
1092 2.082792810629718
1093 2.079576731773185
1094 2.076271387643701
1095 2.073074701684569
1096 2.069789639938679
1097 2.066611767124714
1098 2.063347156967916
1099 2.060188091436435
1100 2.056943190370229
1101 2.05380203052946
1102 2.050577575179127
1103 2.047455540340095
1104 2.044250232054045
1105 2.041146557383198
1106 2.037961026713917
1107 2.034876039317727
1108 2.031709644975924
1109 2.028643973574614
1110 2.02549664495515
1111 2.022449322631716
1112 2.019320632756474
1113 2.0162917788934
1114 2.013181673090278
1115 2.010171132884537
1116 2.007079667619954
1117 2.004087446764673
1118 2.001014410169224
1119 1.998039894966506
1120 1.994985417133274
1121 1.992028805132231
1122 1.988991731686152
1123 1.986052511846094
1124 1.983033652615887
1125 1.980113511925504
1126 1.977111300033423
1127 1.974208672417608
1128 1.971226072090372
1129 1.968339328809214
1130 1.965370919310106
1131 1.962502317342466
1132 1.95955261361887
1133 1.956700736435196
1134 1.953768148354563
1135 1.950932544536976
1136 1.948017505563959
1137 1.945199535356137
1138 1.942301650983132
1139 1.939501393324588
1140 1.936620428134182
1141 1.9338363728458
1142 1.930971985040098
1143 1.928203116555672
1144 1.925355119933092
1145 1.92260210477036
1146 1.919770848279092
1147 1.91703410880479
1148 1.914219902359017
1149 1.911499106574165
1150 1.908701613666979
1151 1.9059977174873
1152 1.903216223861301
1153 1.900527365216379
1154 1.89776129473539
1155 1.895087542925102
1156 1.892337501453934
1157 1.889679493915653
1158 1.886945102692315
1159 1.884302424909573
1160 1.881583684826471
1161 1.878956906895819
1162 1.876254897217811
1163 1.873642535329175
1164 1.870955586818125
1165 1.868357748670448
1166 1.865686206267654
1167 1.863103471151152
1168 1.860447338980917
1169 1.857879442410341
1170 1.855238355095286
1171 1.852684976368437
1172 1.850059147304958
1173 1.847519265406948
1174 1.844909400270384
1175 1.84238375193905
1176 1.839788465787251
1177 1.837275851675814
1178 1.834694962288189
1179 1.832197326250502
1180 1.829632076491247
1181 1.827149944446741
1182 1.824597958895379
1183 1.822129369318628
1184 1.819591813107152
1185 1.817137398353189
1186 1.814614003214004
1187 1.812173697138519
1188 1.809664160571393
1189 1.807237011339538
1190 1.804742364047367
1191 1.802329082816279
1192 1.799848771062302
1193 1.79744896125297
1194 1.794981594781923
1195 1.792594490770639
1196 1.790109637430869
1197 1.787749321802853
1198 1.785326960746376
1199 1.78291924921095
1200 1.780576110163224
1201 1.778125278005507
1202 1.775798749332035
1203 1.773409767554772
1204 1.771085447385986
1205 1.768658189021679
1206 1.766354485875068
1207 1.763993434398455
1208 1.761691669475266
1209 1.759294263624411
1210 1.757015809671163
1211 1.754680153177959
1212 1.752404529485664
1213 1.7500356899804
1214 1.747782500879788
1215 1.745471772472304
1216 1.743175459139035
1217 1.740936845740807
1218 1.73860495094196
1219 1.736383759263874
1220 1.734104797153321
1221 1.731883641565535
1222 1.729573337970991
1223 1.727375011446491
1224 1.725121348651714
1225 1.72292389320746
1226 1.720639492552505
1227 1.718464271778818
1228 1.716235633151937
1229 1.714020124584916
1230 1.711857728457384
1231 1.709607942063301
1232 1.707462163606448
1233 1.705262522363918
1234 1.703076371436821
1235 1.700943004311428
1236 1.698724219284442
1237 1.696606062419338
1238 1.694436332854173
1239 1.692279587893383
1240 1.690173303564014
1241 1.687984598464253
1242 1.685894182925276
1243 1.683753740556414
1244 1.681626037301819
1245 1.679548021407181
1246 1.677389315540847
1247 1.675327530939706
1248 1.673216218553973
1249 1.671117092345923
1250 1.669067981831221
1251 1.666937562801225
1252 1.664903342149302
1253 1.662819847339806
1254 1.66074805568711
1255 1.658725150785291
1256 1.656622875298484
1257 1.654614677232814
1258 1.652558743694441
1259 1.650514784126065
1260 1.648518280999872
1261 1.646444045067872
1262 1.644460668157666
1263 1.642431536985367
1264 1.640414472807006
1265 1.638442899394448
1266 1.636397566176807
1267 1.634440639993066
1268 1.632438247595933
1269 1.630447774417366
1270 1.628501959096346
1271 1.626483535504341
1272 1.624551707588014
1273 1.622575377845039
1274 1.620610695863734
1275 1.618689467233195
1276 1.616697872524429
1277 1.614790780056191
1278 1.612840465372872
1279 1.610901373693866
1280 1.609004730657939
1281 1.60703890492312
1282 1.60515563369342
1283 1.603230749189039
1284 1.601316740899124
1285 1.599443936381356
1286 1.597503644389294
1287 1.595644400475325
1288 1.593744448413209
1289 1.591854941742183
1290 1.590005860571917
1291 1.588090982330493
1292 1.586255542297049
1293 1.584380060585256
1294 1.582514556000988
1295 1.580689258413754
1296 1.57879902638945
1297 1.576986831885186
1298 1.575134961895201
1299 1.573293127043203
1300 1.571490640617516
1301 1.569624739436481
1302 1.567835577874249
1303 1.56600745052666
1304 1.564189049915181
1305 1.562409653759796
1306 1.560568152040994
1307 1.55880173171673
1308 1.55699694029041
1309 1.555202024777828
1310 1.553445178060575
1311 1.551626753871071
1312 1.549882288652392
1313 1.548099070314773
1314 1.546325993126798
1315 1.544592483496282
1316 1.542796181703622
1317 1.541075093452863
1318 1.539313302963501
1319 1.537562108337061
1320 1.535849924614597
1321 1.53407580911342
1322 1.532376079522393
1323 1.530635753340069
1324 1.52890661784291
1325 1.527215687032947
1326 1.525463991901292
1327 1.523784441417651
1328 1.522066557690666
1329 1.520358919402495
1330 1.518688033579082
1331 1.516958767585361
1332 1.515300524142558
1333 1.513603000514731
1334 1.511916351189582
1335 1.510239455935207
1336 1.508568462344646
1337 1.506901260428962
1338 1.505238041772624
1339 1.50357875300053
1340 1.501923717453437
1341 1.500272940115919
1342 1.498626205081734
1343 1.496983221879674
1344 1.495344338688973
1345 1.493709418908455
1346 1.49207851098593
1347 1.490451441796128
1348 1.488828478566246
1349 1.487209381193469
1350 1.485594474245074
1351 1.4839833690507
1352 1.482376290360058
1353 1.480773004613439
1354 1.479173774852058
1355 1.477578313962762
1356 1.475986759390095
1357 1.474398971582842
1358 1.47281521727734
1359 1.471235199074462
1360 1.469659102446006
1361 1.46808665784136
1362 1.466518066417573
1363 1.464953209420068
1364 1.463392215502692
1365 1.461834886981823
1366 1.460281432834517
1367 1.458732060857362
1368 1.457186369262438
1369 1.455644172289898
1370 1.454105736786856
1371 1.452570992994902
1372 1.451039957746087
1373 1.449512528732011
1374 1.44798875669564
1375 1.446468614881903
1376 1.444952067322895
1377 1.443439137713481
1378 1.441929884604059
1379 1.440424365895546
1380 1.438922462875281
1381 1.437424031335142
1382 1.435929215854811
1383 1.434437908205416
1384 1.432950212194535
1385 1.431465878888525
1386 1.429985156399679
1387 1.428507825975209
1388 1.427033972071995
1389 1.425563540842661
1390 1.424096699895312
1391 1.422633306040881
1392 1.421173595210105
1393 1.419716969120988
1394 1.418264021796318
1395 1.416814404794532
1396 1.415368100739922
1397 1.413925075056113
1398 1.412485505224046
1399 1.411049368196806
1400 1.409616633482107
1401 1.408187425071663
1402 1.406761647589593
1403 1.405338945664725
1404 1.403919691287182
1405 1.402503676586552
1406 1.401091250337714
1407 1.399681625021553
1408 1.398275423277237
1409 1.396872572977495
1410 1.39547281822389
1411 1.394076628536742
1412 1.392683582076743
1413 1.391293634807458
1414 1.389906846401324
1415 1.388523293027652
1416 1.387142919764376
1417 1.385765777462786
1418 1.384391473656739
1419 1.383020376736273
1420 1.381652654785436
1421 1.380288285980248
1422 1.378927012436957
1423 1.377568921088623
1424 1.376213810839827
1425 1.374862130190644
1426 1.373513364477907
1427 1.372167663069517
1428 1.370824908566012
1429 1.369485233229632
1430 1.368148577221041
1431 1.36681500987123
1432 1.365484420326278
1433 1.364156981662508
1434 1.362832590784141
1435 1.361511284884302
1436 1.360192919423859
1437 1.3588772890027
1438 1.357564637306592
1439 1.356255185061714
1440 1.354948770152124
1441 1.353645313032134
1442 1.352345322671346
1443 1.351048265114746
1444 1.349753977872446
1445 1.34846229742651
1446 1.347173580031436
1447 1.345887500570194
1448 1.344604213124903
1449 1.343323731782838
1450 1.342046453283003
1451 1.340771944395823
1452 1.339500465653062
1453 1.338231655488556
1454 1.3369658765439
1455 1.335702771350779
1456 1.33444271055129
1457 1.333185273781213
1458 1.331930996609656
1459 1.330679222764922
1460 1.329431272268928
1461 1.328185509400551
1462 1.326942414515524
1463 1.32570172399851
1464 1.324463952158475
1465 1.323228753212276
1466 1.321996535231466
1467 1.320766843714406
1468 1.319540078976798
1469 1.318315751257615
1470 1.317094384377762
1471 1.315874570804776
1472 1.314658093890798
1473 1.313444587016463
1474 1.3122339378769
1475 1.311025880462607
1476 1.309820566488308
1477 1.308617788674127
1478 1.307417753387602
1479 1.306220259233833
1480 1.305025503095848
1481 1.30383324314034
1482 1.302643386771852
1483 1.30145622688814
1484 1.300271760523626
1485 1.299089833653944
1486 1.297910678496697
1487 1.296733979220313
1488 1.295559962143903
1489 1.294388294942136
1490 1.29321935898774
1491 1.292052868819412
1492 1.29088903059917
1493 1.289727615490487
1494 1.288569284784504
1495 1.287413021700847
1496 1.286259144784351
1497 1.285107693828635
1498 1.283958790574612
1499 1.282812396167145
1500 1.281668554526991
1501 1.280526912135645
1502 1.279388036176266
1503 1.278251491258975
1504 1.277117438469535
1505 1.275985801830203
1506 1.274856672265833
1507 1.273729868626765
1508 1.272605945006205
1509 1.271484044710308
1510 1.270364531330893
1511 1.269247326492818
1512 1.268132580352134
1513 1.267020093108303
1514 1.265910220072382
1515 1.264802497872706
1516 1.263697275470195
1517 1.262594242646043
1518 1.261493777910671
1519 1.260395445833535
1520 1.259299632089024
1521 1.258205922655709
1522 1.257114703076555
1523 1.256025652341321
1524 1.254939044669888
1525 1.253854517426448
1526 1.252772470154115
1527 1.251692561451076
1528 1.25061510922158
1529 1.249539860748037
1530 1.24846701016364
1531 1.247396350385872
1532 1.246327989730493
1533 1.245261593705389
1534 1.244197842132514
1535 1.243135988602426
1536 1.242076495777862
1537 1.241019072751175
1538 1.239964027531237
1539 1.238911048258119
1540 1.237860462381588
1541 1.236811917383623
1542 1.235765716937488
1543 1.234721549836767
1544 1.233679707365342
1545 1.232639888279919
1546 1.231602376334863
1547 1.230566897285167
1548 1.229533695977826
1549 1.228502523121241
1550 1.227473607459932
1551 1.226446719875308
1552 1.22542205447248
1553 1.224399403397293
1554 1.223378961152619
1555 1.222360534420161
1556 1.221344293031429
1557 1.220330054984363
1558 1.21931799732798
1559 1.218307954738508
1560 1.217300066548883
1561 1.216294178746706
1562 1.215290426357168
1563 1.21428869166133
1564 1.213289085478351
1565 1.212291479891417
1566 1.211295972195238
1567 1.210302458819193
1568 1.209311024699907
1569 1.208321582657432
1570 1.207334184865446
1571 1.206348769692328
1572 1.205365373715565
1573 1.20438396130648
1574 1.203404563561015
1575 1.20242717196153
1576 1.201451782005283
1577 1.200478389174927
1578 1.199506982272639
1579 1.198538187857922
1580 1.197565066912639
1581 1.196616615719209
1582 1.195637527571119
1583 1.19469017770507
1584 1.1937159257858
1585 1.192772812582456
1586 1.191802522527233
1587 1.190863055436619
1588 1.189896715647494
1589 1.188961480977562
1590 1.187998815412293
1591 1.187067169789455
1592 1.186108419061398
1593 1.185180543521435
1594 1.184225749734712
1595 1.183301713350173
1596 1.182350558785373
1597 1.181430089689772
1598 1.180482765286477
1599 1.179565881433887
1600 1.178622426969107
1601 1.177708967379559
1602 1.176769476668157
1603 1.175859560218153
1604 1.17492395128677
1605 1.174017626001968
1606 1.173085790767803
1607 1.172182300398961
1608 1.171254617680389
1609 1.170355011863867
1610 1.169431010443732
1611 1.168534916503286
1612 1.16761461775491
1613 1.166722015144482
1614 1.165805407169368
1615 1.16491627241938
1616 1.16400332032311
1617 1.163117657361081
1618 1.162208262361496
1619 1.161326040114519
1620 1.16042034647042
1621 1.159541651176704
1622 1.15863951510907
1623 1.157764268901271
1624 1.156865647985954
1625 1.155993804790948
1626 1.155098725387816
1627 1.154230304711234
1628 1.153338733830766
1629 1.152473660995504
1630 1.151585647967315
1631 1.150723919580438
1632 1.149839416092459
1633 1.148980770680123
1634 1.148099769600725
1635 1.147244470588726
1636 1.1463671161999
1637 1.145515034202747
1638 1.144641169828153
1639 1.143792323070269
1640 1.142922024018839
1641 1.142076780960609
1642 1.141209512234202
1643 1.140367413967719
1644 1.13950356886124
1645 1.138664716346887
1646 1.137804223401264
1647 1.136968577535911
1648 1.136111425962785
1649 1.135278968666943
1650 1.134425098442504
1651 1.133595808036408
1652 1.132745301610772
1653 1.131919140894614
1654 1.131071968643451
1655 1.130248963129161
1656 1.129405044530846
1657 1.128585185163368
1658 1.127744534990838
1659 1.126927761665281
1660 1.126090381357101
1661 1.125276702777761
1662 1.124442528832073
1663 1.12363188771115
1664 1.122800938254367
1665 1.12199336501942
1666 1.121165607367725
1667 1.120361013641815
1668 1.119536538412436
1669 1.118735014210584
1670 1.117913742016362
1671 1.117115653450931
1672 1.116297037405404
1673 1.115501901859749
1674 1.114686469086484
1675 1.113894276808325
1676 1.113081916748472
1677 1.112292694799047
1678 1.111483475214101
1679 1.110697214403501
1680 1.109891065197591
1681 1.109107694837089
1682 1.108304635436858
1683 1.107524178837323
1684 1.106724185711403
1685 1.10594647404281
1686 1.105149555368151
1687 1.10437412294179
1688 1.103580727177643
1689 1.102808523360947
1690 1.102018057944177
1691 1.101248649261517
1692 1.100461200825444
1693 1.099694716090335
1694 1.098910245798321
1695 1.098146637926726
1696 1.097365022675416
1697 1.096604228110657
1698 1.095825557612054
1699 1.095067571839961
1700 1.094291823644617
1701 1.093536653553494
1702 1.092763777989058
1703 1.092011479603275
1704 1.091243497989691
1705 1.090481200863362
1706 1.089734629981288
1707 1.088970890910289
1708 1.088212435771698
1709 1.087469845354395
1710 1.086710298914297
1711 1.085956184013322
1712 1.085217578219602
1713 1.084462368175654
1714 1.083712384379812
1715 1.082978001979107
1716 1.082226787057742
1717 1.08148098603723
1718 1.08075049017506
1719 1.080003584813643
1720 1.079261835944529
1721 1.078535478707452
1722 1.077790342748503
1723 1.077064810435601
1724 1.076324672028977
1725 1.075590294413111
1726 1.07487045639577
1727 1.074132231064929
1728 1.073412879621649
1729 1.072679820501554
1730 1.071952117115748
1731 1.071239193184309
1732 1.070507346958321
1733 1.069794811113209
1734 1.069068110790625
1735 1.068347087820075
1736 1.067640160001971
1737 1.066915351355939
1738 1.066208886657219
1739 1.065489114443616
1740 1.064774603526627
1741 1.06407439176186
1742 1.063357838748104
1743 1.062646695120082
1744 1.06194972079745
1745 1.061237423508149
1746 1.060530135827287
1747 1.059836939987628
1748 1.059128291295298
1749 1.05842507728684
1750 1.05773545204545
1751 1.057030749525132
1752 1.056331285386232
1753 1.055645386386326
1754 1.054944446815756
1755 1.054248806817595
1756 1.053566396623792
1757 1.052869382437664
1758 1.052177449791408
1759 1.051498838855866
1760 1.050805411489344
1761 1.050117223346203
1762 1.049442050439282
1763 1.048752364349357
1764 1.048068004248867
1765 1.047396553433155
1766 1.04670877926447
1767 1.046038241916734
1768 1.045353417107053
1769 1.0446855596006
1770 1.044003034632684
1771 1.043337447989427
1772 1.042657370148013
1773 1.041994170068059
1774 1.04131650344242
1775 1.040655634936198
1776 1.039980365115132
1777 1.039321796313946
1778 1.038648926222677
1779 1.037992629343489
1780 1.037322189644621
1781 1.036668211543542
1782 1.036000144427282
1783 1.035348436229432
1784 1.034682742877244
1785 1.034033258513454
1786 1.033369944320773
1787 1.032722729101792
1788 1.032061762512511
1789 1.031416819559146
1790 1.030758170774451
1791 1.030115431105761
1792 1.029459125534238
1793 1.028818620175217
1794 1.028164621103262
1795 1.027526347664004
1796 1.026874630730199
1797 1.026238560761557
1798 1.025589120519124
1799 1.024955231046553
1800 1.024308079483253
1801 1.023676376585835
1802 1.023031495221301
1803 1.02240197010475
1804 1.021759350163676
1805 1.021132167924207
1806 1.020491731071663
1807 1.019866604122957
1808 1.019228380299259
1809 1.018605393027288
1810 1.017969406857454
1811 1.017348547503528
1812 1.016714802056718
1813 1.016095950972165
1814 1.015464513683248
1815 1.014847823968003
1816 1.014218538143028
1817 1.013603927526915
1818 1.012976839656106
1819 1.01236433531906
1820 1.011739411597931
1821 1.011128994509671
1822 1.010506228191851
1823 1.009897886255726
1824 1.009277265939037
1825 1.008671016266079
1826 1.008052510867624
1827 1.007448285470988
1828 1.006831933172033
1829 1.006229763818314
1830 1.005615524215623
1831 1.005015404903005
1832 1.004403266435664
1833 1.003805189128414
1834 1.0031951344615
1835 1.002599087540062
1836 1.001991108572504
1837 1.001397090792535
1838 1.000791171530813
1839 1.000199160706351
1840 0.999595299918307
1841 0.9990052761818338
1842 0.9984034902716935
1843 0.9978154835527259
1844 0.9972157064443411
1845 0.9966296754028692
1846 0.9960319335274803
1847 0.9954478784262527
1848 0.9948521579826787
1849 0.994270064552872
1850 0.9936763561175836
1851 0.9930961947432598
1852 0.9925045180785774
1853 0.9919263252299304
1854 0.9913366199946128
1855 0.9907604113270529
1856 0.9901726437881395
1857 0.9895983824940023
1858 0.9890125693954127
1859 0.9884402321340366
1860 0.9878563791396736
1861 0.9872859800320433
1862 0.9867040414244757
1863 0.9861355310354794
1864 0.9855555653366169
1865 0.9849889681306874
1866 0.9844109255930082
1867 0.9838461406601183
1868 0.9832701077089426
1869 0.9827072598336799
1870 0.9821330707841388
1871 0.9815720818315189
1872 0.9809998229077966
1873 0.9804406970946907
1874 0.9798703434639624
1875 0.9793130591776206
1876 0.9787446187455136
1877 0.9781891733197878
1878 0.9776226211302276
1879 0.9770689827126594
1880 0.9765043325162255
1881 0.9759525287969746
1882 0.9753897506797785
1883 0.9748397488471309
1884 0.9742788356276031
1885 0.9737305956009903
1886 0.9731715756098132
1887 0.9726251267324412
1888 0.9720679667367127
1889 0.9715233029929873
1890 0.9709679914131559
1891 0.970425039127136
1892 0.9698716375694645
1893 0.9693304925677591
1894 0.9687788694289499
1895 0.9682394302297188
1896 0.9676896756632121
1897 0.9671520334918323
1898 0.9666040715675244
1899 0.966068171432679
1900 0.9655220092338762
1901 0.9649877312549656
1902 0.964443449442289
1903 0.963910950624342
1904 0.9633684354215111
1905 0.9628376530727485
1906 0.9622969138947104
1907 0.9617678265905901
1908 0.9612288737799971
1909 0.9607015062697012
1910 0.9601643391176795
1911 0.9596386932380411
1912 0.9591032395840359
1913 0.9585792719763561
1914 0.9580455770894243
1915 0.9575233003009147
1916 0.9569913466786125
1917 0.9564707497398695
1918 0.9559405241519779
1919 0.9554215988197289
1920 0.9548930977733959
1921 0.9543758440314482
1922 0.9538490508838984
1923 0.9533334509320204
1924 0.9528083671121698
1925 0.9522944231348378
1926 0.9517710317250803
1927 0.9512587282087378
1928 0.9507370308741622
1929 0.9502264421825806
1930 0.9497063473547825
1931 0.9491973445558074
1932 0.9486789731354707
1933 0.9481716113968713
1934 0.9476548947003043
1935 0.947149135999318
1936 0.9466340892868836
1937 0.9461299682737492
1938 0.9456165512330779
1939 0.94511404375445
1940 0.9446022590880778
1941 0.9441013426915678
1942 0.9435911999926221
1943 0.9430918680878252
1944 0.9425833587206059
1945 0.9420856074237159
1946 0.9415787175802779
1947 0.9410825368140431
1948 0.9405772812764076
1949 0.9400826916892369
1950 0.9395790111577347
1951 0.9390859633224515
1952 0.938583891471193
1953 0.9380923985519939
1954 0.9375919203426829
1955 0.9371019693387448
1956 0.9366030748068563
1957 0.9361146715440178
1958 0.9356173776756977
1959 0.9351305060120803
1960 0.9346347760175375
1961 0.9341494174628652
1962 0.9336552101034381
1963 0.9331713321514462
1964 0.9326787534530495
1965 0.9321964393939021
1966 0.9317053993950902
1967 0.931224576980741
1968 0.9307350902658971
1969 0.9302557715126269
1970 0.929767826344581
1971 0.9292900026516019
1972 0.9288035901614795
1973 0.9283272534914047
1974 0.9278423666957062
1975 0.9273675160690795
1976 0.926884150361675
1977 0.9264107871816422
1978 0.9259289251713431
1979 0.9254570286376642
1980 0.9249766753677453
1981 0.9245062400740296
1982 0.924027389702117
1983 0.9235584019390909
1984 0.9230810741729947
1985 0.9226136688206917
1986 0.9221376736291697
1987 0.9216716941110715
1988 0.9211972216602251
1989 0.9207326304123769
1990 0.920259704515485
1991 0.9197965579060279
1992 0.9193250533459673
1993 0.9188632741141041
1994 0.9183932836679999
1995 0.9179329197956705
1996 0.917464399560706
1997 0.9170054065114354
1998 0.9165383324855904
1999 0.9160807108409368
2000 0.9156151475119523
