"report-file-4"
"Iteration" "report-def-0"
("Iteration" "report-def-0")
1 145.7334017824992
2 145.1612665456943
3 144.6011785614401
4 143.9937166072286
5 143.3576456500796
6 142.7174004287117
7 142.0643969950566
8 141.3992205356632
9 140.7241318352249
10 140.0394042998892
11 139.3647688901281
12 138.7118236134765
13 138.0596757192978
14 137.4032133313492
15 136.7447180462008
16 136.0929143011594
17 135.4545319711062
18 134.8232616501692
19 134.1945947324377
20 133.564822005215
21 132.9341624977148
22 132.305075847507
23 131.6786008149091
24 131.0529722895909
25 130.4329717676098
26 129.8158929681945
27 129.2054652695152
28 128.5989979382211
29 127.996034281959
30 127.3957590996853
31 126.7980517491166
32 126.2007808992465
33 125.607285668784
34 125.0149275302846
35 124.4241537913632
36 123.8415928819707
37 123.2643969161406
38 122.6850837147282
39 122.1098886421345
40 121.5396485648478
41 120.971884254207
42 120.4102015464211
43 119.8449000651119
44 119.2819183814471
45 118.7259658031588
46 118.1691427872822
47 117.6164503288935
48 117.0650644312853
49 116.5176021996318
50 115.9745917949315
51 115.4349078345302
52 114.8973682460171
53 114.3601254904977
54 113.8263957520695
55 113.2962259706993
56 112.7674249511211
57 112.2426065279057
58 111.7205555210782
59 111.1993080524213
60 110.6828892095725
61 110.1675106456662
62 109.6557888440057
63 109.1486890314422
64 108.6427314372777
65 108.1370940943501
66 107.6341022900344
67 107.1347226833678
68 106.6380480483939
69 106.1443657144473
70 105.6535546434488
71 105.1657438100485
72 104.6801518125764
73 104.1952833885261
74 103.7121798588148
75 103.2341660937359
76 102.7571718365786
77 102.2818023271468
78 101.8096989645831
79 101.3411448935346
80 100.8732436949021
81 100.4073663181634
82 99.94483435998522
83 99.48550063623003
84 99.02979841112561
85 98.57599101921828
86 98.12248592022628
87 97.66829228782021
88 97.21572279516427
89 96.76564735807317
90 96.32060096833887
91 95.87862034665559
92 95.4404907000051
93 95.00339206150298
94 94.56629429118315
95 94.13080017436818
96 93.69907899535119
97 93.2730851182054
98 92.84811652109954
99 92.4221034160889
100 91.99649223371824
101 91.57484233882545
102 91.15778195740286
103 90.742308839204
104 90.32827923643364
105 89.91586893665384
106 89.50452954478591
107 89.09551115008811
108 88.68893237250634
109 88.28556799518718
110 87.88148497218445
111 87.48098158192683
112 87.08363667375345
113 86.68882749437556
114 86.29398044526174
115 85.90059246549984
116 85.50905899312176
117 85.12044282356567
118 84.7349060736353
119 84.35082184434005
120 83.96832541363869
121 83.58578314621411
122 83.20549190415967
123 82.82807839120011
124 82.45276617270676
125 82.07932050130069
126 81.70811310292
127 81.33863563673822
128 80.97130106598985
129 80.60540462634063
130 80.24183066968845
131 79.8800260025769
132 79.51976837786479
133 79.16119356793486
134 78.80330857050934
135 78.44779215366505
136 78.09359975745836
137 77.74185241076815
138 77.39297221391966
139 77.04546606327446
140 76.69924793701621
141 76.35496030301229
142 76.01185695870855
143 75.67043884656003
144 75.33074222099742
145 74.99311825544024
146 74.65783491667337
147 74.32284452280871
148 73.99042680801389
149 73.6586119428156
150 73.32882328624061
151 73.00042256565942
152 72.6742954634237
153 72.35015305813046
154 72.02639474128308
155 71.7060629870912
156 71.38716606453093
157 71.06975257954552
158 70.75191498860171
159 70.43838433312821
160 70.12411709024497
161 69.81310626396132
162 69.50075939919991
163 69.19218670593762
164 68.88388323146533
165 68.57886458563654
166 68.27427139820637
167 67.97200249842622
168 67.67050001532672
169 67.37127990885573
170 67.07347009113941
171 66.77799596555967
172 66.4825090317256
173 66.18920121547484
174 65.89652761648448
175 65.60671867327149
176 65.31666474559736
177 65.02931999251911
178 64.74088136076644
179 64.4559954714741
180 64.17080048830812
181 63.89055498897889
182 63.60830754996135
183 63.33058862295194
184 63.05111574295666
185 62.77507276589649
186 62.4980593657968
187 62.22441911820872
188 61.9578800768877
189 61.68586425151546
190 61.4140286071874
191 61.1453120031977
192 60.88017453068691
193 60.61477997947571
194 60.35676225306468
195 60.0837846634648
196 59.8133115022582
197 59.54909307539366
198 59.29478069068195
199 59.03338604422603
200 58.77740972204234
201 58.51905096648421
202 58.26298234807103
203 58.01375635248485
204 57.76848709255457
205 57.50875105682048
206 57.26083351396077
207 57.01532845901496
208 56.76779215659612
209 56.52158293112922
210 56.27886380660257
211 56.03431176572085
212 55.78773027470623
213 55.53901901068827
214 55.29102622731774
215 55.04992712197721
216 54.81252895937029
217 54.57653223836709
218 54.3423017635211
219 54.10703767444812
220 53.87658617906309
221 53.65860253903861
222 53.43150059162367
223 53.19673955510095
224 52.96410619860425
225 52.73124268732633
226 52.51018336479251
227 52.29108727321209
228 52.0596447255899
229 51.84050892867277
230 51.61684741050448
231 51.39310376908567
232 51.17348325313763
233 50.95736499363397
234 50.73767082841938
235 50.51819874357162
236 50.30416926511465
237 50.08499353953628
238 49.86946966711502
239 49.65852757736758
240 49.42880124975587
241 49.22246800330153
242 49.02225564410106
243 48.81188839535098
244 48.60508218179751
245 48.40108023908368
246 48.1895750492944
247 47.98532620494469
248 47.78248668091373
249 47.5762856465724
250 47.37491664836785
251 47.17588196735679
252 46.97428594844721
253 46.77573091493024
254 46.58115047610023
255 46.38435745923615
256 46.18725072906384
257 45.99321554278537
258 45.80217007822136
259 45.61025988027794
260 45.41817800815958
261 45.22456627444
262 45.0323731949502
263 44.84247572402917
264 44.65458449542457
265 44.46944377759358
266 44.28401497733519
267 44.09871628493853
268 43.91448041548694
269 43.73206481227697
270 43.55148770449624
271 43.37006764426937
272 43.18994192647965
273 43.01353418706861
274 42.84068853525371
275 42.66953089055278
276 42.49920385686374
277 42.3157188644342
278 42.12271081226514
279 41.93622432724057
280 41.75508014817079
281 41.57806582871741
282 41.40779211745394
283 41.24491174251822
284 41.08105163981383
285 40.91240122663383
286 40.74186127975018
287 40.57586219413383
288 40.41052839605308
289 40.24517100381664
290 40.08055471105232
291 39.91225912860251
292 39.74348598310955
293 39.5798993535813
294 39.4179199672469
295 39.25976143391458
296 39.10261261059317
297 38.94526037611203
298 38.78773544556267
299 38.62847608669652
300 38.46434214961042
301 38.30023358779403
302 38.14165474974626
303 37.98516751468074
304 37.83204061922014
305 37.67496870953735
306 37.52163438581842
307 37.34472978333766
308 37.18504063339648
309 37.03464890832033
310 36.88861815364918
311 36.74211467961997
312 36.58969316679966
313 36.44259744385843
314 36.29565986687771
315 36.14138752124774
316 35.99385497602066
317 35.8504694882204
318 35.70743014343633
319 35.56012632612143
320 35.40888895372626
321 35.2629588002515
322 35.12369750907647
323 34.98406116456533
324 34.84222243169817
325 34.70028643585092
326 34.55878258450227
327 34.41886391272948
328 34.27998349777169
329 34.14197961149147
330 34.00457893820536
331 33.86776556022132
332 33.73163159347911
333 33.59619054788021
334 33.46128777116708
335 33.32703340594927
336 33.19348425230029
337 33.060600430334
338 32.92832839481373
339 32.7967079255471
340 32.66566355071089
341 32.53523723718791
342 32.40550289494415
343 32.27639692157715
344 32.14773040770528
345 32.01957414984841
346 31.89216203730741
347 31.76555214090034
348 31.63964204999685
349 31.51413639485571
350 31.38908015357743
351 31.26468206411963
352 31.14096057630433
353 31.01774702467712
354 30.89510037552175
355 30.77296894646852
356 30.65139059844752
357 30.53046581936385
358 30.41017335373505
359 30.29041471800972
360 30.17150809450024
361 30.05272319984839
362 29.93452840056539
363 29.81696589046877
364 29.70000077341476
365 29.58381051303948
366 29.46801772223782
367 29.35271788013179
368 29.23786222469059
369 29.12356360042224
370 29.00978277745299
371 28.89653573920004
372 28.78381941214111
373 28.67152251670797
374 28.55982902690467
375 28.44874851841778
376 28.33831979824069
377 28.2284637346441
378 28.11919891744256
379 28.01056284384593
380 27.90239691430211
381 27.79455185490575
382 27.68707488062823
383 27.57996459734088
384 27.47319359344509
385 27.36685870640028
386 27.26109772304584
387 27.15596973549501
388 27.05135926770027
389 26.94727416187074
390 26.84371120682918
391 26.74063949158
392 26.63793154530956
393 26.53564657729703
394 26.43405326687912
395 26.33296358042596
396 26.23226464909337
397 26.13222046743817
398 26.03257057512472
399 25.93106730305693
400 25.83356443985403
401 25.73618411200357
402 25.63658473497617
403 25.54023698123236
404 25.44409266140575
405 25.34775097616308
406 25.24963815073846
407 25.1547849760999
408 25.06036601861077
409 24.96580346157677
410 24.86950006406592
411 24.77645269998746
412 24.68383667577792
413 24.59103457058066
414 24.49827684018266
415 24.40569517459031
416 24.3115988321196
417 24.22129174661194
418 24.13127438234282
419 24.04103834332653
420 23.948983565432
421 23.86031351679927
422 23.7718489064021
423 23.68328154877998
424 23.59292889349226
425 23.50565986748627
426 23.41878236315224
427 23.33009476121721
428 23.24407351408485
429 23.15831817894916
430 23.07067061124613
431 22.98584606910908
432 22.90130999487027
433 22.81487723731686
434 22.73121048013125
435 22.64784864276602
436 22.56433085815024
437 22.48081705895891
438 22.39758045180975
439 22.31476847652481
440 22.23239135671709
441 22.1504605337958
442 22.06895578236271
443 21.98551332860893
444 21.90606994806119
445 21.82669408973988
446 21.7447281023441
447 21.66639159138303
448 21.58808439870305
449 21.50781046654373
450 21.43050923437721
451 21.35173258640192
452 21.27505880341712
453 21.19842929574029
454 21.1199187799613
455 21.04385577021142
456 20.96816746203431
457 20.89069360780828
458 20.81566401520663
459 20.74094571111532
460 20.66452253047097
461 20.59048270305344
462 20.5168181163707
463 20.44144578780696
464 20.36839584273176
465 20.29575341367218
466 20.22294298417038
467 20.14862132632982
468 20.076885403917
469 20.00552727066262
470 19.93255262369039
471 19.86187710251597
472 19.79150183950504
473 19.72091074973671
474 19.648980420617
475 19.57947232229817
476 19.5090601835228
477 19.44039101835274
478 19.37060946942196
479 19.30249089887191
480 19.23326924023108
481 19.1657527003239
482 19.09717595347088
483 19.03028133220014
484 18.96232370421896
485 18.89599742038365
486 18.82989716215777
487 18.76361511778247
488 18.69600722698269
489 18.63064986279181
490 18.56570288843573
491 18.49941923068421
492 18.43514757733742
493 18.37115327449008
494 18.30572405425263
495 18.2422337651265
496 18.17905324055071
497 18.11443408921719
498 18.0517607771669
499 17.98946701906613
500 17.9257887070821
501 17.86399347144256
502 17.80252268094052
503 17.73962440233688
504 17.67859342291241
505 17.61792530574765
506 17.55706413105844
507 17.49617744101096
508 17.43550122299851
509 17.37513073322765
510 17.31510004934023
511 17.25538872765495
512 17.19595826740667
513 17.13680463249576
514 17.07797081703674
515 17.01941913360668
516 16.96117951758665
517 16.90320477978251
518 16.84546597006888
519 16.78796318003699
520 16.73064509389744
521 16.67354615936176
522 16.61564230571646
523 16.55979707350176
524 16.5040695653894
525 16.44717383421249
526 16.39201740866583
527 16.33595145163519
528 16.2812981201504
529 16.22566743165429
530 16.17145598999602
531 16.11628406313663
532 16.06255693779635
533 16.00786744691659
534 15.95462245148849
535 15.90040500380233
536 15.84763997782921
537 15.79385435707965
538 15.74157857692181
539 15.68820597868589
540 15.63544576889747
541 15.5840297493073
542 15.53125064700685
543 15.48028021780996
544 15.4279396845684
545 15.37743206656323
546 15.32556326337377
547 15.27550956486089
548 15.22409502614713
549 15.17448086098033
550 15.12353787477699
551 15.07436948332917
552 15.02387498948609
553 14.97511471361286
554 14.92514612729894
555 14.87678683151903
556 14.82731452383756
557 14.77934157254087
558 14.73029396557096
559 14.68274368393012
560 14.63415945065713
561 14.58697187012861
562 14.53885827825554
563 14.4920710257454
564 14.44438870935414
565 14.39795098517353
566 14.35066455875284
567 14.30383542200441
568 14.25726197413591
569 14.21182389703643
570 14.16530643596592
571 14.12016712467192
572 14.07406593488398
573 14.02849444326334
574 13.98316942837238
575 13.93814929596695
576 13.89338645984622
577 13.84881569823571
578 13.80442163910631
579 13.76095178734333
580 13.71642414203266
581 13.67235682182648
582 13.62940108932973
583 13.58525486535962
584 13.54265011585593
585 13.49887013220166
586 13.45666971353758
587 13.41325413048676
588 13.37142557817588
589 13.32836586844407
590 13.28689288872813
591 13.24428212485119
592 13.20312497331915
593 13.16095489128119
594 13.11939630047759
595 13.07883267641533
596 13.03719129325839
597 12.99686799153995
598 12.95556987019155
599 12.91557325924132
600 12.87463102699702
601 12.83496635705424
602 12.79438563382186
603 12.75506367082341
604 12.71481676362458
605 12.67583617563515
606 12.63592584318242
607 12.59728605706737
608 12.5576686129613
609 12.51937111630081
610 12.48010387635797
611 12.44213001676344
612 12.40322003415278
613 12.36559558717222
614 12.32692703042911
615 12.28964051914484
616 12.25127783193179
617 12.21432051133119
618 12.17633268215194
619 12.13967861120036
620 12.10202287390411
621 12.06568615302
622 12.02826200863114
623 11.99225704046689
624 11.95513939433291
625 11.91947736791086
626 11.88265839275317
627 11.84732883136746
628 11.8108136471439
629 11.77577668565779
630 11.73955798369317
631 11.70479365128037
632 11.66891431407645
633 11.6344698707818
634 11.59887749279381
635 11.56471707863137
636 11.52942428650916
637 11.49554208751808
638 11.46054258553378
639 11.42693809017988
640 11.39222942615934
641 11.35889589983431
642 11.32448895555926
643 11.29144441921607
644 11.25732857732612
645 11.22456136469828
646 11.19072934210362
647 11.15823257479759
648 11.12467579343978
649 11.09244643194674
650 11.05918316920386
651 11.02722571554872
652 10.9942415968387
653 10.9625308668677
654 10.92982027499232
655 10.89838743880989
656 10.86596994476439
657 10.83479323332582
658 10.80264720131986
659 10.77173493731227
660 10.7398499367397
661 10.70919145904494
662 10.67755902164305
663 10.64712683855474
664 10.61579615852808
665 10.58563488107973
666 10.55451757003231
667 10.52458508322348
668 10.49391142325294
669 10.46422887755969
670 10.43384107734548
671 10.40432734376141
672 10.37414476429002
673 10.34478622673615
674 10.31467123671
675 10.28563504954497
676 10.25576691973682
677 10.22704005356133
678 10.19742588516274
679 10.16896700140189
680 10.13959441331701
681 10.11137672198299
682 10.08309274473278
683 10.05377121348637
684 10.02585075439765
685 9.997083319598479
686 9.969485543751585
687 9.940932652211654
688 9.913546757137555
689 9.885205990641262
690 9.858020017999744
691 9.829902994063248
692 9.802944868557608
693 9.77593286799245
694 9.747882417111137
695 9.721159751372829
696 9.694473156711814
697 9.666795138000335
698 9.640406220792871
699 9.614044118948302
700 9.586698183582545
701 9.560610103364176
702 9.53455310732053
703 9.50757089687494
704 9.481819304034451
705 9.456061236882604
706 9.429389490533204
707 9.403937108421196
708 9.378474434822241
709 9.352122231788112
710 9.326967890485919
711 9.301830960548582
712 9.275822714936576
713 9.250984870200693
714 9.22615484820165
715 9.200463915228983
716 9.175925316173778
717 9.151382440972311
718 9.12599027687062
719 9.101740595437876
720 9.077502912287333
721 9.052424547888188
722 9.028463690267685
723 9.004515550511691
724 8.979738094570857
725 8.956071523087219
726 8.932410972120783
727 8.907931281398984
728 8.884534730617037
729 8.861152467993572
730 8.83696141188968
731 8.81383677665403
732 8.790733071012751
733 8.766844760251271
734 8.744006557043649
735 8.721182446010411
736 8.697567401521104
737 8.674983014344322
738 8.652421928134171
739 8.6291013072914
740 8.606794876264262
741 8.584509731566037
742 8.561461758299895
743 8.539417277023157
744 8.517403180055616
745 8.494629974053179
746 8.472848301037349
747 8.451091280496986
748 8.428584481500231
749 8.407061489030966
750 8.385559013355252
751 8.363314137327521
752 8.342040744175375
753 8.320809537389565
754 8.298819269965644
755 8.277804478512499
756 8.256803592758969
757 8.235065505503711
758 8.214297267959134
759 8.193536664993273
760 8.172038612887704
761 8.151500405171101
762 8.13098462606883
763 8.109768390541822
764 8.089475677687711
765 8.069190943244536
766 8.048227902911009
767 8.028172995693575
768 8.008146382378557
769 7.987423179916664
770 7.967600498141183
771 7.94780684616328
772 7.927315804676547
773 7.907733990050501
774 7.888170240790188
775 7.86790732341718
776 7.848562214262264
777 7.829242731891102
778 7.809200562666081
779 7.790069538700475
780 7.770984905743933
781 7.751178144689774
782 7.732276811540944
783 7.71335281453988
784 7.693761694324651
785 7.675064019674965
786 7.656379404449597
787 7.637038956670777
788 7.61855781470262
789 7.600093572688421
790 7.580976825312594
791 7.562707143925541
792 7.544448847896479
793 7.525557314600055
794 7.507491395285878
795 7.489446779016784
796 7.470774612733257
797 7.45292099481411
798 7.435091802104263
799 7.416634161304353
800 7.398987105744744
801 7.381358263503417
802 7.363103442013866
803 7.345652328093971
804 7.328198288900432
805 7.310156249020873
806 7.292914489332072
807 7.275696020290348
808 7.257863034540123
809 7.240804726615667
810 7.223780806522696
811 7.206135658954241
812 7.189272069007261
813 7.171925447964997
814 7.155247324531445
815 7.138033996061077
816 7.121475419580103
817 7.104386430975342
818 7.087945878055755
819 7.070993535173394
820 7.054660712122955
821 7.038298278246694
822 7.021371936539232
823 7.005184408711356
824 6.989009646503581
825 6.972296588076711
826 6.956295348387652
827 6.94030704038553
828 6.92378223136131
829 6.907962204671673
830 6.892158253973313
831 6.875818066758383
832 6.860172477611806
833 6.844547422118392
834 6.828393038472013
835 6.812909122885779
836 6.797452553036777
837 6.781478235666811
838 6.766181818969181
839 6.750919384755766
840 6.735121901400529
841 6.71999293391515
842 6.704885146635315
843 6.689246970525709
844 6.674291729379045
845 6.658916130560614
846 6.644130468912048
847 6.628866684992103
848 6.614181194702945
849 6.599019007577346
850 6.584445791583641
851 6.569395763573939
852 6.554925828783116
853 6.539981064828724
854 6.525610635940706
855 6.510777885726952
856 6.496520157912435
857 6.481799627724876
858 6.467642212750591
859 6.453030191622884
860 6.438976228699486
861 6.424466026811708
862 6.410512573687609
863 6.396112305264121
864 6.382262007342975
865 6.367966982077563
866 6.354204465357371
867 6.340026909347346
868 6.32636801733668
869 6.31229433020571
870 6.298734988294455
871 6.284759500100139
872 6.27130087116969
873 6.257433769063395
874 6.24407428183803
875 6.230305992580679
876 6.217047416170052
877 6.203373492057965
878 6.190206422143987
879 6.176631874855597
880 6.163556590497183
881 6.15007704251065
882 6.137099400036066
883 6.123721380146616
884 6.110838534114525
885 6.097555520592339
886 6.084762981081525
887 6.071574940397409
888 6.058873858060631
889 6.046154344404063
890 6.032986363619547
891 6.020390007054404
892 6.007812807498804
893 5.994780448025196
894 5.982316723713891
895 5.969874518318552
896 5.956979504876278
897 5.944652121070184
898 5.932346088990712
899 5.919592071802883
900 5.907400768997481
901 5.895219400424826
902 5.882597875154628
903 5.870534248767752
904 5.858480383658822
905 5.845989333226092
906 5.83404336287478
907 5.822115011033244
908 5.809762471535332
909 5.797942650550787
910 5.786137877886155
911 5.773919926769752
912 5.762225276558738
913 5.750547505623707
914 5.73846032216901
915 5.726888740718107
916 5.715333967151005
917 5.703371463184781
918 5.691922652568779
919 5.680491554253542
920 5.668656573419462
921 5.657331674867898
922 5.646021535843159
923 5.634309646756694
924 5.623100176894535
925 5.611903115535037
926 5.600308666556618
927 5.589216506349197
928 5.57813502839683
929 5.566665855063231
930 5.555685727008141
931 5.544718737437537
932 5.533375543043541
933 5.522508156737294
934 5.511656040835395
935 5.500437719946724
936 5.489683272961954
937 5.478943825700656
938 5.467840364262956
939 5.457194639214213
940 5.446562908983294
941 5.435576241877294
942 5.425040611663662
943 5.414514780208214
944 5.40364181690297
945 5.393218496837232
946 5.382797432472181
947 5.372036741515806
948 5.361718380752628
949 5.351402929022042
950 5.340754655933135
951 5.330543842288604
952 5.320349537816112
953 5.30981408243507
954 5.29971547158104
955 5.289613989666193
956 5.27917915019926
957 5.269175586845446
958 5.259179506014506
959 5.248849154426507
960 5.238950013293188
961 5.229050676530407
962 5.218832280679717
963 5.209032144469075
964 5.19923923878495
965 5.189124231100168
966 5.179420593381661
967 5.169727320872624
968 5.159715182536205
969 5.1501066056975
970 5.140508433167996
971 5.13060036627314
972 5.121093601741946
973 5.111595771586285
974 5.101781819172883
975 5.09236811411319
976 5.082967691392444
977 5.073253500586965
978 5.063935430322561
979 5.054629778572598
980 5.045015149262402
981 5.035787573190201
982 5.026574267660664
983 5.017052556265312
984 5.007918607879031
985 4.99879869107889
986 4.989374093181461
987 4.980331894114503
988 4.971304713994379
989 4.961972959181587
990 4.953027953466594
991 4.944094411783726
992 4.934843809331936
993 4.925979755781308
994 4.916881892095753
995 4.908110713699347
996 4.899073306823142
997 4.890355708517641
998 4.881371020932648
999 4.872711546494946
1000 4.863790342144604
1001 4.85519233577258
1002 4.846322700922474
1003 4.837777669820182
1004 4.82896196365171
1005 4.820469491516705
1006 4.811717641918174
1007 4.803283520596833
1008 4.794589130719826
1009 4.786209915954421
1010 4.777571223775275
1011 4.769246522616129
1012 4.760666020347725
1013 4.752395209312311
1014 4.743870062531807
1015 4.735652335976707
1016 4.727181997194828
1017 4.719018000219818
1018 4.710602288858162
1019 4.702491006346807
1020 4.694133320559907
1021 4.68607552236487
1022 4.6777703726695
1023 4.669763448255738
1024 4.661510531862578
1025 4.653555312575557
1026 4.645356202708311
1027 4.637451077174852
1028 4.629305522676719
1029 4.621448997232305
1030 4.613358149497516
1031 4.605552567901308
1032 4.597510282574262
1033 4.589749473487164
1034 4.581764465418438
1035 4.574055475746304
1036 4.566122054305841
1037 4.558462109219352
1038 4.55057709209851
1039 4.542964599043338
1040 4.535132260093617
1041 4.527570255874963
1042 4.519788427994802
1043 4.512276174267587
1044 4.50454322657248
1045 4.497079206969099
1046 4.489394677245188
1047 4.481977906432874
1048 4.474340414706414
1049 4.466970452391572
1050 4.45938102719626
1051 4.452058184168902
1052 4.444515441486223
1053 4.437235172569809
1054 4.429739342129887
1055 4.422504100631306
1056 4.415057068030262
1057 4.407867931109148
1058 4.400468050645642
1059 4.393324418533685
1060 4.385973907768197
1061 4.378875034076961
1062 4.37157048451622
1063 4.364514230716569
1064 4.357256350104982
1065 4.350244206490349
1066 4.343031809796467
1067 4.336063105630835
1068 4.328896115433492
1069 4.321971434598635
1070 4.314849648099223
1071 4.307968720606611
1072 4.300889668290115
1073 4.29404849916085
1074 4.287015144411295
1075 4.280214752008972
1076 4.273225580772474
1077 4.266466923823682
1078 4.259520426107355
1079 4.252802658327072
1080 4.245899597643478
1081 4.239223450537577
1082 4.232364036045678
1083 4.225731458658791
1084 4.218915594040732
1085 4.212323666055469
1086 4.205546831732362
1087 4.198988015706504
1088 4.192253223414912
1089 4.185736480581427
1090 4.179043060285347
1091 4.172570648144468
1092 4.165918888105015
1093 4.159486215788458
1094 4.152874998642694
1095 4.146481115223987
1096 4.139910466090789
1097 4.133554211972699
1098 4.127024469290138
1099 4.120705832746361
1100 4.114215511398626
1101 4.107932689101358
1102 4.101483262456878
1103 4.095238693223267
1104 4.088827563771069
1105 4.08261971781163
1106 4.076248146757578
1107 4.070077678337597
1108 4.063744383000499
1109 4.057612549661022
1110 4.051317388819299
1111 4.045222256571603
1112 4.038964376200702
1113 4.032906183828858
1114 4.026685474575825
1115 4.020663912449009
1116 4.014480487255721
1117 4.008495566761095
1118 4.00234900185484
1119 3.996399495498413
1120 3.990290051086172
1121 3.984376353997781
1122 3.978301721144714
1123 3.972422811161206
1124 3.966384609654333
1125 3.960543861023021
1126 3.954538956856134
1127 3.948733237176218
1128 3.942767559277058
1129 3.936993610808105
1130 3.93105631683587
1131 3.925318653896734
1132 3.919418774468629
1133 3.913714563773552
1134 3.90784891837004
1135 3.90217725701103
1136 3.896346712630774
1137 3.890710321312843
1138 3.884914088877513
1139 3.879313125492315
1140 3.873550734129414
1141 3.867982178077076
1142 3.862252944136124
1143 3.856714764121731
1144 3.851018315169769
1145 3.84551184433545
1146 3.839848878324693
1147 3.834374961471498
1148 3.828746098279904
1149 3.823304071356752
1150 3.81770863791666
1151 3.812300412907954
1152 3.806736980590271
1153 3.801358833057229
1154 3.795826249497419
1155 3.790478318050885
1156 3.784977795075511
1157 3.779661354692225
1158 3.774192134716702
1159 3.7689063562974
1160 3.763468441106682
1161 3.75821446493569
1162 3.752810013232185
1163 3.74758487145193
1164 3.742210544492273
1165 3.737014452517875
1166 3.731670940239854
1167 3.726505056744437
1168 3.72119236739732
1169 3.716056163368062
1170 3.710773566138627
1171 3.705666400119819
1172 3.700414321835
1173 3.695334151633493
1174 3.690114003756887
1175 3.685062302966238
1176 3.67987131539194
1177 3.674845685126686
1178 3.669683493384357
1179 3.664687821663238
1180 3.659556911680138
1181 3.654592250426169
1182 3.649487870981257
1183 3.644550296829724
1184 3.639474778373415
1185 3.634565556135565
1186 3.629518362089748
1187 3.624637359466377
1188 3.619617884782181
1189 3.614763197951292
1190 3.609773504199433
1191 3.604946555589091
1192 3.599985535207444
1193 3.595185531596172
1194 3.590250403851755
1195 3.585475813869627
1196 3.580505709589698
1197 3.575784700660505
1198 3.570939590946526
1199 3.566123782618712
1200 3.561437129598517
1201 3.556535073126409
1202 3.551881643512541
1203 3.547103297697995
1204 3.542454285446883
1205 3.537599380333628
1206 3.532991605425785
1207 3.528269124681656
1208 3.523665226530791
1209 3.518870031221129
1210 3.514312758740127
1211 3.509641072026255
1212 3.505089460520028
1213 3.500351402472436
1214 3.495844663739325
1215 3.491222837185627
1216 3.486629843086911
1217 3.482152258090819
1218 3.47748809536757
1219 3.473045356599404
1220 3.468487067722481
1221 3.464044401140692
1222 3.459423424280847
1223 3.455026419478498
1224 3.450518733281262
1225 3.446123470778787
1226 3.441554303942841
1227 3.437203514339259
1228 3.432745880481921
1229 3.428314508845237
1230 3.423989370586033
1231 3.419489437810445
1232 3.415197537551585
1233 3.41079790310281
1234 3.406425251443477
1235 3.40215817583347
1236 3.397720250752593
1237 3.39348359809695
1238 3.38914379178906
1239 3.38482995676758
1240 3.380617051083127
1241 3.376239290669777
1242 3.372058125105268
1243 3.367776897876217
1244 3.363521150914078
1245 3.35936478662231
1246 3.355047029475978
1247 3.350923130368365
1248 3.346700167766648
1249 3.342501579470203
1250 3.338403030563443
1251 3.334141851615953
1252 3.330073084817273
1253 3.325905761819109
1254 3.321761847007163
1255 3.317715713519319
1256 3.313510826161444
1257 3.309494108699135
1258 3.305381912653283
1259 3.301293666463379
1260 3.297300340751324
1261 3.293151536989662
1262 3.289184465809902
1263 3.285125878784837
1264 3.281091427678482
1265 3.277147965382691
1266 3.273056971674457
1267 3.269142806179999
1268 3.265137700983725
1269 3.261156436131773
1270 3.2572644941406
1271 3.253227323989439
1272 3.24936335904577
1273 3.245410383328088
1274 3.241480704997499
1275 3.237637940321396
1276 3.23365443222959
1277 3.22983994214001
1278 3.2259390007043
1279 3.222060507073001
1280 3.218266917520053
1281 3.214334951499425
1282 3.210568107698547
1283 3.206718030689784
1284 3.202889707850253
1285 3.199143799148016
1286 3.195262904698544
1287 3.191544119373731
1288 3.187743911238928
1289 3.183964595557669
1290 3.180266137346397
1291 3.176436074464647
1292 3.172764900709732
1293 3.169013637191066
1294 3.165282329523887
1295 3.161631442284282
1296 3.157850675780403
1297 3.154225996803355
1298 3.150521960506409
1299 3.146837996091153
1300 3.143232734824646
1301 3.139500633900473
1302 3.135922024492982
1303 3.132265477279879
1304 3.128628385095365
1305 3.125069308064127
1306 3.121386009968569
1307 3.117852886675831
1308 3.114243015039234
1309 3.110652896810357
1310 3.10713892226351
1311 3.103501782919174
1312 3.100012573350632
1313 3.096445851343342
1314 3.092899413258019
1315 3.089432116618802
1316 3.085839225607951
1317 3.08239677371579
1318 3.078872910833672
1319 3.075370241372841
1320 3.071945599962078
1321 3.068397085084213
1322 3.064997353929106
1323 3.061516423095561
1324 3.058057875422963
1325 3.054675743237872
1326 3.051172072686525
1327 3.04781270297504
1328 3.044376660643182
1329 3.04096111082832
1330 3.037619071823719
1331 3.034160263137118
1332 3.030843510916641
1333 3.02744819204091
1334 3.024074623510526
1335 3.020720564682438
1336 3.017378310126297
1337 3.014043639526617
1338 3.010716936082988
1339 3.007398093036666
1340 3.004087757120903
1341 3.000785938305647
1342 2.99749220474386
1343 2.994205975446656
1344 2.990927946828208
1345 2.987657845664311
1346 2.984395768858335
1347 2.981141370132041
1348 2.977895183982579
1349 2.974656730165902
1350 2.971426657868495
1351 2.968204189687448
1352 2.964989775158147
1353 2.961782947123797
1354 2.958584231708919
1355 2.955393054641267
1356 2.952209690831922
1357 2.949033861156123
1358 2.945866099129225
1359 2.942705809905389
1360 2.939553364457885
1361 2.936408223642359
1362 2.933270789805098
1363 2.930140825417944
1364 2.92701858780918
1365 2.923903681579927
1366 2.920796524717738
1367 2.917697532849037
1368 2.914605902333694
1369 2.911521261622292
1370 2.908444144451757
1371 2.905374411294108
1372 2.902312095816141
1373 2.899256993384681
1374 2.896209205493786
1375 2.893168678629028
1376 2.890135340848843
1377 2.887109239546752
1378 2.884090491832921
1379 2.881079213518447
1380 2.878075167159016
1381 2.875078064315305
1382 2.872088194169815
1383 2.869105340247485
1384 2.866129710180079
1385 2.863160806060478
1386 2.860199124152972
1387 2.857244226916982
1388 2.854296283279779
1389 2.851355185537998
1390 2.848421268934665
1391 2.845494247068738
1392 2.842574591839439
1393 2.839661106587045
1394 2.836754979452184
1395 2.833855513495975
1396 2.830962673964221
1397 2.82807639169864
1398 2.825197021689513
1399 2.822324517839321
1400 2.819458819158613
1401 2.816600173650658
1402 2.813748390548433
1403 2.81090275905273
1404 2.808064023203319
1405 2.805231767226113
1406 2.802406688726677
1407 2.799587212540771
1408 2.796774584046359
1409 2.793968658977358
1410 2.79116892549595
1411 2.7883763227179
1412 2.785590006897095
1413 2.782809889953618
1414 2.780036091241891
1415 2.777268763112724
1416 2.774507795713197
1417 2.771753290754028
1418 2.769004463240131
1419 2.766262050010527
1420 2.763526387260211
1421 2.760797431337727
1422 2.75807466643431
1423 2.755358266429988
1424 2.752647829101746
1425 2.749944251521499
1426 2.747246504280564
1427 2.744554886138638
1428 2.741869162278016
1429 2.73918959724434
1430 2.736516071349364
1431 2.733848723266164
1432 2.731187331269159
1433 2.728532241538689
1434 2.725883247866698
1435 2.723240424645392
1436 2.720603482773375
1437 2.717972011417559
1438 2.715346497988469
1439 2.712727383973783
1440 2.710114345115676
1441 2.707507222310042
1442 2.704907033577527
1443 2.702312710922665
1444 2.699723929339682
1445 2.697140361766537
1446 2.694562720769233
1447 2.69199035606169
1448 2.689423575832796
1449 2.686862408259358
1450 2.684307646882864
1451 2.681758425174847
1452 2.679215264240519
1453 2.676677440889701
1454 2.674145680463605
1455 2.671619267968405
1456 2.669098944747601
1457 2.666583870005493
1458 2.66407511496599
1459 2.661571366980689
1460 2.65907526630464
1461 2.656583541233867
1462 2.654097152556698
1463 2.651615573000277
1464 2.649139831264828
1465 2.646669235728741
1466 2.644204602600414
1467 2.641745022803845
1468 2.639291297034493
1469 2.636842445691938
1470 2.634399516501805
1471 2.631959694173951
1472 2.629526545698011
1473 2.62709933777659
1474 2.624677845781979
1475 2.622261537652608
1476 2.619850716842202
1477 2.617444968757844
1478 2.615044706167627
1479 2.612649526249527
1480 2.610259822801106
1481 2.60787511211705
1482 2.605495208991632
1483 2.603120699267229
1484 2.600751577012211
1485 2.598387534153201
1486 2.596029035162562
1487 2.593675448326613
1488 2.591327226319788
1489 2.588983704438255
1490 2.586645645488487
1491 2.584312478502205
1492 2.581984615836433
1493 2.579661599781499
1494 2.577344753025498
1495 2.57503204184499
1496 2.572724103380615
1497 2.570421017225974
1498 2.568123026882378
1499 2.565830054633333
1500 2.563542188327382
1501 2.561258720870947
1502 2.558980786721102
1503 2.55670751502842
1504 2.554439227990207
1505 2.552175773638816
1506 2.549917333838506
1507 2.547663546260971
1508 2.54541551918128
1509 2.543171539074669
1510 2.540932333182949
1511 2.538697744743299
1512 2.536468074091848
1513 2.534242921595546
1514 2.532022997933363
1515 2.529807376287824
1516 2.527596754636608
1517 2.52539051249246
1518 2.523189406936795
1519 2.520992567038846
1520 2.518800764209104
1521 2.516613170338464
1522 2.514430556574548
1523 2.512252280845506
1524 2.510078891634981
1525 2.507909663613331
1526 2.505745395930713
1527 2.503585405728874
1528 2.501430328867181
1529 2.499279659870018
1530 2.497133787034829
1531 2.494992296163449
1532 2.49285540390473
1533 2.490722441220921
1534 2.488594767864706
1535 2.48647089089777
1536 2.48435173571962
1537 2.482236720468409
1538 2.480126461211169
1539 2.478020334178141
1540 2.475918994321253
1541 2.473821736548055
1542 2.47172916825367
1543 2.469640666975468
1544 2.467556815327821
1545 2.465477010775938
1546 2.463401820873954
1547 2.461330697087972
1548 2.459264129151161
1549 2.457201618440436
1550 2.455143622481434
1551 2.453089683000312
1552 2.451040188238355
1553 2.448994722453992
1554 2.446953674684088
1555 2.444916658261117
1556 2.442884012875274
1557 2.440855374493317
1558 2.43883109724161
1559 2.436810850446154
1560 2.434794912795118
1561 2.432782976239059
1562 2.430775310849964
1563 2.42877168117112
1564 2.426772308858575
1565 2.424776938058236
1566 2.422785763375089
1567 2.42079857765132
1568 2.418815550773772
1569 2.416836508368596
1570 2.414861554791496
1571 2.412890566769373
1572 2.410923617463049
1573 2.408960635609473
1574 2.407001683405501
1575 2.405046743814491
1576 2.403095807830241
1577 2.40114886641733
1578 2.399205897178323
1579 2.397268153332481
1580 2.395321755733221
1581 2.393424701585066
1582 2.391466368625383
1583 2.389571517308211
1584 2.387622857580011
1585 2.385736480266156
1586 2.383795744899985
1587 2.381916660395003
1588 2.379983826193111
1589 2.37811320720672
1590 2.37618772204045
1591 2.37432428172253
1592 2.372406626857095
1593 2.370550727308173
1594 2.368640986958555
1595 2.366792766334784
1596 2.364890305011322
1597 2.363049219536228
1598 2.36115441914864
1599 2.35932050473324
1600 2.357433444841909
1601 2.355606379500508
1602 2.353727247750171
1603 2.351907269254795
1604 2.350035901685617
1605 2.348223106095268
1606 2.346359286524353
1607 2.344552161219537
1608 2.342696647344251
1609 2.34089729176564
1610 2.339049141076273
1611 2.337256809811747
1612 2.335416065058359
1613 2.333630717012516
1614 2.331797354396213
1615 2.330018942626141
1616 2.3281928923525
1617 2.326421424713866
1618 2.324602489202764
1619 2.322837903544781
1620 2.321026371336905
1621 2.319268840149791
1622 2.31746442366409
1623 2.315713791200697
1624 2.313916405582088
1625 2.312172579688796
1626 2.310382277661235
1627 2.308645297352424
1628 2.306862012931588
1629 2.305131728841105
1630 2.303355560694116
1631 2.301631966035549
1632 2.29986281753054
1633 2.298145389314359
1634 2.296383246186933
1635 2.294672511306882
1636 2.292917662144103
1637 2.291213361808499
1638 2.289465493232621
1639 2.287767663893223
1640 2.286026926534159
1641 2.284336305170694
1642 2.282601628946558
1643 2.280917297669784
1644 2.279189469233316
1645 2.277511629980155
1646 2.275790506401776
1647 2.274119080959708
1648 2.272404640660977
1649 2.270739592868132
1650 2.269031715791822
1651 2.267373002285202
1652 2.265671853344738
1653 2.264019399718775
1654 2.262324919660756
1655 2.260678776943391
1656 2.258990804711685
1657 2.257350954791359
1658 2.2556695199342
1659 2.254035842591513
1660 2.252360947986264
1661 2.2507334606312
1662 2.249064979263983
1663 2.247443567311776
1664 2.245781535438319
1665 2.244166259748954
1666 2.242510611996394
1667 2.240901295801854
1668 2.239252213419143
1669 2.23764903676387
1670 2.236006360963991
1671 2.234410056131297
1672 2.232772693053817
1673 2.231182294733185
1674 2.229551298709584
1675 2.227966787394895
1676 2.226341937289781
1677 2.224763367107842
1678 2.223144798455048
1679 2.221572151024568
1680 2.219959723621137
1681 2.218392857553355
1682 2.216786610255679
1683 2.215225572176059
1684 2.21362545791764
1685 2.212069910139119
1686 2.210475945275163
1687 2.208924956345809
1688 2.207338037866575
1689 2.205793506673159
1690 2.204212449357562
1691 2.202673508879467
1692 2.201098486008011
1693 2.199565393892878
1694 2.197996327786071
1695 2.196468989858291
1696 2.194905634289727
1697 2.193383923425774
1698 2.191826457833813
1699 2.190310365004627
1700 2.188758744486779
1701 2.187248283470069
1702 2.185702408673686
1703 2.184197691527156
1704 2.182661605415558
1705 2.18113688918804
1706 2.179643627965384
1707 2.178116027617802
1708 2.176598995980517
1709 2.175113696324314
1710 2.173594481909397
1711 2.172086131441822
1712 2.170608801670364
1713 2.169098260741611
1714 2.16759817314532
1715 2.166129290835675
1716 2.164626740791345
1717 2.163135019414999
1718 2.161673910804306
1719 2.160179980569444
1720 2.158696364144275
1721 2.15724353344599
1722 2.155753142299186
1723 2.154301961581246
1724 2.152821566338747
1725 2.151352693599546
1726 2.149912902383871
1727 2.148436333599049
1728 2.146997515609351
1729 2.145531280072664
1730 2.144075756861524
1731 2.142649794923974
1732 2.141185985369575
1733 2.139760799666774
1734 2.138307282742579
1735 2.136865121430882
1736 2.135451152679436
1737 2.134001419411029
1738 2.132588376972455
1739 2.131148717374785
1740 2.129719581212201
1741 2.128319045642061
1742 2.126885824959189
1743 2.125463423913336
1744 2.124069363745489
1745 2.122644655192482
1746 2.121229966657939
1747 2.119843464060631
1748 2.118426053285378
1749 2.117019512747469
1750 2.115640151918031
1751 2.114230634118226
1752 2.112831593919448
1753 2.11145968616921
1754 2.11005769487101
1755 2.108666303565609
1756 2.107301373985822
1757 2.105907234084603
1758 2.104523258076226
1759 2.103165927620877
1760 2.101778961932797
1761 2.100402475529806
1762 2.099052021681817
1763 2.097672539145569
1764 2.096303709440404
1765 2.094960700370403
1766 2.093585041982562
1767 2.092243859994679
1768 2.090874100796772
1769 2.089538278920253
1770 2.088173119773873
1771 2.086841839987106
1772 2.085481575485295
1773 2.084155069207008
1774 2.082799627522563
1775 2.081477784764812
1776 2.080127137073028
1777 2.078809894093324
1778 2.077464046245112
1779 2.076151347472934
1780 2.074810360798411
1781 2.073502299953477
1782 2.072166058823805
1783 2.070862538148536
1784 2.069531044926834
1785 2.068231972275519
1786 2.066905237753518
1787 2.065610703754907
1788 2.064288664815347
1789 2.062998675711552
1790 2.061681272752033
1791 2.060395690570135
1792 2.059082974411898
1793 2.057801861206848
1794 2.056493758416809
1795 2.055217109408414
1796 2.053913571259837
1797 2.052641329545251
1798 2.051342345143712
1799 2.050074464770168
1800 2.048780058093107
1801 2.047516551219742
1802 2.046226685303465
1803 2.044967534340299
1804 2.043682191632791
1805 2.042427726798674
1806 2.041146750617541
1807 2.039896396693815
1808 2.038619846924481
1809 2.037373772696595
1810 2.036101698593034
1811 2.034859880541724
1812 2.033592288242748
1813 2.032354487051527
1814 2.031091511437665
1815 2.029858033330899
1816 2.028599360989177
1817 2.027370041413351
1818 2.026115765331654
1819 2.024890658650987
1820 2.023640711214934
1821 2.02241977936582
1822 2.02117414708159
1823 2.01995736586879
1824 2.018716025930204
1825 2.01750342957852
1826 2.016266319814808
1827 2.015057772339671
1828 2.013824969119476
1829 2.012620534059161
1830 2.011391956569546
1831 2.010191621919457
1832 2.008967247036744
1833 2.007770996724133
1834 2.006550789775702
1835 2.005358600559596
1836 2.004142545342008
1837 2.002954414733523
1838 2.001742479257179
1839 2.00055836288084
1840 1.999350544681228
1841 1.998170402798819
1842 1.996966734687016
1843 1.99579062716236
1844 1.994590976975495
1845 1.993418821121959
1846 1.992223241726742
1847 1.991055038069864
1848 1.989863501861725
1849 1.988699221861575
1850 1.987511709991948
1851 1.986351294411911
1852 1.9851678464086
1853 1.984011368194899
1854 1.982831863365764
1855 1.981679353831726
1856 1.98050372470545
1857 1.979355110229855
1858 1.978183390296956
1859 1.977038624194748
1860 1.975870824783937
1861 1.974729935299343
1862 1.973565964968444
1863 1.972428853223331
1864 1.971268829025526
1865 1.970135543952675
1866 1.968979366384961
1867 1.967849706148169
1868 1.966697548075016
1869 1.965571762263427
1870 1.964423292288584
1871 1.963301224619726
1872 1.96215661520536
1873 1.96103827411365
1874 1.959897475590137
1875 1.958782817846617
1876 1.957645846026477
1877 1.956534866298424
1878 1.955401671265514
1879 1.954294305842916
1880 1.953164915100596
1881 1.952061219368201
1882 1.950935573083907
1883 1.949835481413039
1884 1.948713565222483
1885 1.947616997445589
1886 1.94649886801467
1887 1.945405882822859
1888 1.944291473680454
1889 1.943202059041575
1890 1.942091347026728
1891 1.94100535557711
1892 1.939898463912205
1893 1.938816087320399
1894 1.937712752777782
1895 1.936633788063869
1896 1.935534190964847
1897 1.934458820594179
1898 1.933362809066394
1899 1.932290923047537
1900 1.931198511258736
1901 1.930129869811309
1902 1.92904121909564
1903 1.927976136254823
1904 1.92689101904152
1905 1.925829369413724
1906 1.924747804534187
1907 1.923689545266899
1908 1.922611553408089
1909 1.921556734003632
1910 1.920482313747688
1911 1.919430937880024
1912 1.918359944894288
1913 1.917311925839081
1914 1.916244450668912
1915 1.915199813522592
1916 1.914135821160301
1917 1.913094543982307
1918 1.912034007965339
1919 1.910996074267806
1920 1.909938987609899
1921 1.908904397360439
1922 1.907850726773378
1923 1.90681944436868
1924 1.905769192710526
1925 1.904741222519892
1926 1.903694355952726
1927 1.90266966694656
1928 1.901626188800827
1929 1.900604929718571
1930 1.89956465684281
1931 1.898546569799525
1932 1.897509744014447
1933 1.8964949393545
1934 1.895461423281733
1935 1.894449824953513
1936 1.893419649116226
1937 1.892411326425755
1938 1.891384410192757
1939 1.89037931482948
1940 1.889355663606276
1941 1.888353750661823
1942 1.887333383636202
1943 1.88633463992871
1944 1.885317539827891
1945 1.884321957589124
1946 1.883308096795007
1947 1.882315655868851
1948 1.881305063947843
1949 1.88031580563442
1950 1.879308363977695
1951 1.878322189414741
1952 1.877317965375908
1953 1.876334900893924
1954 1.875333864393984
1955 1.874353883989243
1956 1.873356015097551
1957 1.872379130422663
1958 1.87138446311423
1959 1.870410641882855
1960 1.869419102572211
1961 1.868448307800838
1962 1.867459814004061
1963 1.86649198067496
1964 1.865506744460846
1965 1.864542039167671
1966 1.863559880598933
1967 1.862598158834032
1968 1.861619107081771
1969 1.860660392879628
1970 1.859684424467625
1971 1.858728700625288
1972 1.857755797814375
1973 1.856803048255785
1974 1.855833197077846
1975 1.854883419843934
1976 1.853916611085971
1977 1.852969808983252
1978 1.852006007860106
1979 1.851062139284772
1980 1.8501013558838
1981 1.849160410022205
1982 1.848202632657723
1983 1.847264582089126
1984 1.846309850179908
1985 1.845374964685959
1986 1.844422898139114
1987 1.843490864541722
1988 1.842541843719881
1989 1.841612586885125
1990 1.840666659418657
1991 1.839740292091839
1992 1.838797207526462
1993 1.837873575173625
1994 1.836933519078433
1995 1.836012717671135
1996 1.83507560223347
1997 1.834157542691635
1998 1.833223319903616
1999 1.832308003390452
2000 1.831376802237881
