"drag-rfile"
"Iteration" "drag"
("Iteration" "drag")
1 0.004117414
2 0.00411526
3 0.004112816
4 0.004110599
5 0.004108541
6 0.004107256
7 0.004106232
8 0.004105218
9 0.004104131
10 0.004103063
11 0.004101912
12 0.004100855
13 0.004100084
14 0.004099331
15 0.004098666
16 0.004098082
17 0.004097519
18 0.004096988
19 0.00409646
20 0.004095946
21 0.004095438
22 0.004094952
23 0.004094463
24 0.004093992
25 0.004093517
26 0.004093052
27 0.004092577
28 0.004092121
29 0.004091661
30 0.004091191
31 0.004090726
32 0.004090252
33 0.004089763
34 0.004089299
35 0.004088844
36 0.004088368
37 0.004087919
38 0.004087475
39 0.004087033
40 0.004086604
41 0.00408616
42 0.004085722
43 0.004085279
44 0.00408486
45 0.004084439
46 0.004084019
47 0.004083603
48 0.004083185
49 0.004082797
50 0.00408238
51 0.004081985
52 0.004081572
53 0.004081181
54 0.004080783
55 0.004080398
56 0.004080006
57 0.004079615
58 0.004079222
59 0.004078844
60 0.004078466
61 0.004078083
62 0.004077696
63 0.004077312
64 0.004076941
65 0.004076566
66 0.004076189
67 0.004075807
68 0.004075437
69 0.004075068
70 0.004074718
71 0.004074346
72 0.004073977
73 0.004073616
74 0.004073241
75 0.004072877
76 0.004072527
77 0.004072178
78 0.004071826
79 0.004071473
80 0.004071123
81 0.004070781
82 0.004070439
83 0.004070085
84 0.004069758
85 0.004069425
86 0.00406907
87 0.004068749
88 0.00406842
89 0.004068099
90 0.004067776
91 0.004067461
92 0.004067136
93 0.004066813
94 0.004066488
95 0.004066163
96 0.004065845
97 0.004065534
98 0.004065219
99 0.004064915
100 0.0040646
101 0.004064295
102 0.004063996
103 0.004063694
104 0.004063377
105 0.004063068
106 0.004062768
107 0.004062468
108 0.004062171
109 0.004061876
110 0.004061565
111 0.004061266
112 0.004060959
113 0.004060669
114 0.004060379
115 0.004060097
116 0.004059805
117 0.004059524
118 0.004059243
119 0.004058944
120 0.004058668
121 0.004058389
122 0.004058108
123 0.004057824
124 0.004057538
125 0.00405726
126 0.004056991
127 0.004056712
128 0.004056443
129 0.004056175
130 0.004055905
131 0.00405562
132 0.004055347
133 0.00405508
134 0.004054807
135 0.004054545
136 0.004054288
137 0.00405401
138 0.004053753
139 0.004053494
140 0.004053237
141 0.004052974
142 0.004052702
143 0.00405244
144 0.00405219
145 0.004051932
146 0.004051664
147 0.004051418
148 0.004051154
149 0.004050908
150 0.004050661
151 0.00405041
152 0.004050175
153 0.004049925
154 0.004049682
155 0.004049424
156 0.004049174
157 0.004048948
158 0.004048713
159 0.00404848
160 0.004048245
161 0.004047999
162 0.004047764
163 0.004047532
164 0.004047284
165 0.004047048
166 0.004046824
167 0.004046587
168 0.004046378
169 0.004046163
170 0.004045931
171 0.004045696
172 0.004045465
173 0.00404523
174 0.004045005
175 0.004044783
176 0.004044563
177 0.004044348
178 0.004044127
179 0.004043912
180 0.0040437
181 0.004043481
182 0.004043263
183 0.004043044
184 0.004042827
185 0.004042597
186 0.004042374
187 0.00404215
188 0.004041936
189 0.004041718
190 0.004041506
191 0.004041305
192 0.00404108
193 0.004040879
194 0.004040671
195 0.004040451
196 0.004040238
197 0.004040028
198 0.004039828
199 0.00403961
200 0.004039412
201 0.004039215
202 0.004039012
203 0.004038801
204 0.004038591
205 0.004038399
206 0.004038205
207 0.004038005
208 0.004037793
209 0.004037587
210 0.004037391
211 0.004037194
212 0.004036985
213 0.004036789
214 0.004036581
215 0.004036388
216 0.004036198
217 0.004035994
218 0.004035803
219 0.004035606
220 0.00403542
221 0.004035234
222 0.004035032
223 0.004034839
224 0.004034639
225 0.004034439
226 0.004034242
227 0.004034042
228 0.004033864
229 0.004033671
230 0.004033482
231 0.004033302
232 0.004033115
233 0.004032921
234 0.004032727
235 0.00403254
236 0.004032352
237 0.004032155
238 0.004031959
239 0.004031775
240 0.004031592
241 0.004031402
242 0.00403122
243 0.00403104
244 0.004030861
245 0.004030675
246 0.004030487
247 0.004030293
248 0.00403011
249 0.004029924
250 0.004029744
251 0.004029552
252 0.004029366
253 0.004029174
254 0.004028987
255 0.004028806
256 0.004028628
257 0.004028438
258 0.00402826
259 0.004028079
260 0.004027891
261 0.004027703
262 0.004027526
263 0.004027343
264 0.004027162
265 0.004026982
266 0.004026806
267 0.00402663
268 0.004026455
269 0.004026269
270 0.004026086
271 0.004025904
272 0.004025727
273 0.004025552
274 0.004025376
275 0.004025194
276 0.004025025
277 0.004024847
278 0.004024657
279 0.004024469
280 0.004024288
281 0.004024103
282 0.004023928
283 0.004023757
284 0.004023592
285 0.004023405
286 0.004023236
287 0.004023065
288 0.004022896
289 0.004022731
290 0.004022567
291 0.004022399
292 0.004022225
293 0.004022052
294 0.004021875
295 0.004021702
296 0.004021538
297 0.004021379
298 0.004021201
299 0.004021036
300 0.00402087
301 0.004020707
302 0.004020547
303 0.004020376
304 0.004020212
305 0.004020044
306 0.004019884
307 0.004019718
308 0.004019555
309 0.00401939
310 0.004019226
311 0.004019068
312 0.004018909
313 0.004018752
314 0.004018598
315 0.004018444
316 0.004018284
317 0.004018127
318 0.004017971
319 0.004017809
320 0.004017649
321 0.004017489
322 0.004017336
323 0.004017174
324 0.004017016
325 0.004016862
326 0.004016711
327 0.004016552
328 0.004016395
329 0.004016242
330 0.004016095
331 0.004015944
332 0.004015786
333 0.004015629
334 0.004015484
335 0.004015326
336 0.004015178
337 0.004015037
338 0.004014886
339 0.00401474
340 0.004014591
341 0.004014435
342 0.004014286
343 0.004014145
344 0.004014001
345 0.004013851
346 0.004013706
347 0.004013564
348 0.00401342
349 0.004013285
350 0.004013146
351 0.004013004
352 0.004012871
353 0.004012723
354 0.004012585
355 0.004012453
356 0.004012323
357 0.004012187
358 0.004012052
359 0.004011909
360 0.004011772
361 0.004011627
362 0.004011503
363 0.004011369
364 0.004011226
365 0.004011093
366 0.004010962
367 0.004010838
368 0.004010701
369 0.004010568
370 0.004010433
371 0.004010303
372 0.004010171
373 0.004010045
374 0.004009922
375 0.004009795
376 0.004009673
377 0.004009543
378 0.00400942
379 0.004009283
380 0.004009148
381 0.004009026
382 0.004008901
383 0.004008773
384 0.004008648
385 0.004008525
386 0.004008395
387 0.004008263
388 0.004008144
389 0.004008019
390 0.0040079
391 0.004007776
392 0.004007653
393 0.004007533
394 0.004007413
395 0.004007295
396 0.004007176
397 0.004007055
398 0.004006933
399 0.004006814
400 0.004006688
401 0.004006571
402 0.004006455
403 0.004006333
404 0.004006218
405 0.004006101
406 0.004005985
407 0.004005864
408 0.004005739
409 0.004005625
410 0.004005518
411 0.004005403
412 0.004005282
413 0.004005169
414 0.004005056
415 0.004004941
416 0.004004833
417 0.004004717
418 0.004004611
419 0.004004498
420 0.004004387
421 0.00400428
422 0.004004173
423 0.004004064
424 0.004003959
425 0.00400384
426 0.004003721
427 0.00400361
428 0.004003496
429 0.004003378
430 0.004003269
431 0.004003162
432 0.004003056
433 0.004002944
434 0.004002835
435 0.004002721
436 0.00400261
437 0.0040025
438 0.004002396
439 0.004002292
440 0.004002187
441 0.004002082
442 0.004001976
443 0.004001873
444 0.004001767
445 0.004001667
446 0.004001552
447 0.004001447
448 0.004001342
449 0.004001236
450 0.00400113
451 0.004001032
452 0.004000925
453 0.004000828
454 0.004000729
455 0.004000627
456 0.004000528
457 0.004000423
458 0.004000322
459 0.004000227
460 0.004000119
461 0.004000018
462 0.003999919
463 0.003999823
464 0.003999724
465 0.003999624
466 0.003999529
467 0.003999428
468 0.003999324
469 0.003999225
470 0.003999134
471 0.003999035
472 0.003998935
473 0.003998843
474 0.003998743
475 0.003998648
476 0.003998552
477 0.003998457
478 0.003998362
479 0.00399826
480 0.003998165
481 0.003998066
482 0.003997978
483 0.003997884
484 0.003997798
485 0.003997696
486 0.003997608
487 0.003997512
488 0.00399742
489 0.00399732
490 0.003997224
491 0.003997133
492 0.00399705
493 0.003996959
494 0.003996871
495 0.003996776
496 0.003996685
497 0.003996599
498 0.003996509
499 0.003996422
500 0.003996329
501 0.003996241
502 0.003996151
503 0.003996066
504 0.00399598
505 0.003995897
506 0.003995811
507 0.003995727
508 0.003995642
509 0.003995558
510 0.003995469
511 0.003995379
512 0.003995291
513 0.003995208
514 0.003995125
515 0.003995039
516 0.003994954
517 0.003994868
518 0.00399478
519 0.003994695
520 0.003994614
521 0.003994529
522 0.00399445
523 0.003994365
524 0.00399428
525 0.003994205
526 0.003994117
527 0.00399403
528 0.00399395
529 0.003993867
530 0.003993779
531 0.003993697
532 0.003993616
533 0.003993534
534 0.003993456
535 0.003993373
536 0.003993293
537 0.003993209
538 0.003993133
539 0.003993057
540 0.003992984
541 0.003992907
542 0.003992825
543 0.003992747
544 0.003992666
545 0.003992589
546 0.003992512
547 0.003992429
548 0.003992351
549 0.003992278
550 0.003992202
551 0.003992129
552 0.003992049
553 0.003991975
554 0.003991907
555 0.003991836
556 0.003991758
557 0.003991679
558 0.003991603
559 0.003991525
560 0.003991451
561 0.003991374
562 0.003991297
563 0.003991222
564 0.003991152
565 0.003991072
566 0.003990991
567 0.003990923
568 0.00399085
569 0.003990775
570 0.003990703
571 0.003990632
572 0.003990568
573 0.003990499
574 0.003990426
575 0.003990354
576 0.003990288
577 0.003990222
578 0.003990151
579 0.003990078
580 0.003990011
581 0.003989945
582 0.003989877
583 0.003989808
584 0.003989739
585 0.003989673
586 0.003989602
587 0.003989537
588 0.003989468
589 0.003989403
590 0.00398933
591 0.003989262
592 0.003989199
593 0.003989134
594 0.003989066
595 0.003988998
596 0.003988929
597 0.003988865
598 0.0039888
599 0.003988734
600 0.003988659
601 0.003988592
602 0.003988525
603 0.003988459
604 0.003988399
605 0.00398834
606 0.003988276
607 0.003988217
608 0.003988153
609 0.003988093
610 0.003988026
611 0.00398796
612 0.003987893
613 0.003987831
614 0.003987768
615 0.003987703
616 0.003987642
617 0.003987581
618 0.003987524
619 0.003987466
620 0.003987405
621 0.003987342
622 0.003987277
623 0.003987217
624 0.003987152
625 0.003987086
626 0.003987023
627 0.003986964
628 0.0039869
629 0.003986847
630 0.003986786
631 0.003986735
632 0.003986673
633 0.003986615
634 0.003986562
635 0.003986507
636 0.003986449
637 0.003986393
638 0.003986334
639 0.003986272
640 0.003986213
641 0.003986149
642 0.003986092
643 0.003986039
644 0.003985983
645 0.003985921
646 0.003985865
647 0.003985812
648 0.00398575
649 0.003985693
650 0.003985636
651 0.003985581
652 0.003985522
653 0.003985467
654 0.003985415
655 0.003985355
656 0.003985304
657 0.003985247
658 0.003985196
659 0.003985142
660 0.00398509
661 0.003985036
662 0.003984982
663 0.003984937
664 0.003984879
665 0.003984828
666 0.003984775
667 0.003984725
668 0.00398467
669 0.003984619
670 0.003984567
671 0.003984515
672 0.00398446
673 0.003984405
674 0.003984351
675 0.003984298
676 0.003984244
677 0.003984189
678 0.003984136
679 0.003984082
680 0.003984032
681 0.00398398
682 0.003983927
683 0.003983879
684 0.003983825
685 0.003983771
686 0.00398372
687 0.003983672
688 0.003983622
689 0.003983571
690 0.003983521
691 0.003983475
692 0.003983427
693 0.003983381
694 0.00398334
695 0.00398329
696 0.003983248
697 0.003983199
698 0.003983145
699 0.003983092
700 0.003983045
701 0.003982997
702 0.00398295
703 0.003982899
704 0.003982852
705 0.003982806
706 0.003982751
707 0.003982699
708 0.003982646
709 0.003982594
710 0.003982553
711 0.003982507
712 0.003982459
713 0.003982414
714 0.003982371
715 0.003982325
716 0.003982273
717 0.003982227
718 0.003982177
719 0.003982134
720 0.003982095
721 0.003982048
722 0.003982004
723 0.003981957
724 0.003981909
725 0.003981863
726 0.003981821
727 0.003981777
728 0.003981735
729 0.003981692
730 0.003981649
731 0.003981602
732 0.003981557
733 0.003981508
734 0.003981465
735 0.003981417
736 0.003981375
737 0.003981335
738 0.003981295
739 0.003981254
740 0.003981211
741 0.003981169
742 0.003981128
743 0.003981085
744 0.003981041
745 0.003980994
746 0.003980953
747 0.003980914
748 0.003980875
749 0.003980829
750 0.003980792
751 0.003980748
752 0.00398071
753 0.003980672
754 0.003980627
755 0.003980587
756 0.003980543
757 0.003980505
758 0.003980463
759 0.003980426
760 0.003980386
761 0.003980342
762 0.003980301
763 0.003980258
764 0.003980218
765 0.003980178
766 0.003980138
767 0.0039801
768 0.003980061
769 0.003980022
770 0.003979981
771 0.003979941
772 0.003979903
773 0.003979863
774 0.003979821
775 0.003979784
776 0.003979746
777 0.003979707
778 0.003979671
779 0.003979635
780 0.003979596
781 0.003979557
782 0.003979521
783 0.003979485
784 0.00397945
785 0.003979413
786 0.003979375
787 0.003979341
788 0.003979302
789 0.003979266
790 0.00397923
791 0.00397919
792 0.003979155
793 0.003979115
794 0.003979079
795 0.00397904
796 0.003979005
797 0.003978965
798 0.003978929
799 0.003978891
800 0.003978858
801 0.003978825
802 0.003978791
803 0.003978753
804 0.003978722
805 0.003978682
806 0.003978647
807 0.003978608
808 0.003978566
809 0.003978529
810 0.003978492
811 0.003978457
812 0.003978424
813 0.003978386
814 0.003978349
815 0.003978317
816 0.00397828
817 0.003978244
818 0.00397821
819 0.003978175
820 0.003978138
821 0.003978107
822 0.003978074
823 0.003978041
824 0.003978009
825 0.003977974
826 0.00397794
827 0.003977908
828 0.003977875
829 0.003977842
830 0.003977809
831 0.003977772
832 0.003977742
833 0.003977708
834 0.003977676
835 0.003977646
836 0.00397761
837 0.003977576
838 0.003977539
839 0.003977509
840 0.003977477
841 0.00397744
842 0.00397741
843 0.003977383
844 0.003977352
845 0.003977318
846 0.003977286
847 0.003977254
848 0.003977225
849 0.003977194
850 0.003977168
851 0.003977132
852 0.0039771
853 0.00397707
854 0.003977041
855 0.003977014
856 0.003976983
857 0.003976949
858 0.003976917
859 0.003976888
860 0.003976855
861 0.00397683
862 0.003976798
863 0.003976766
864 0.003976735
865 0.003976707
866 0.003976677
867 0.003976644
868 0.003976617
869 0.003976588
870 0.003976561
871 0.003976533
872 0.003976502
873 0.003976472
874 0.003976445
875 0.003976416
876 0.003976387
877 0.003976361
878 0.003976332
879 0.0039763
880 0.003976271
881 0.00397624
882 0.00397621
883 0.003976179
884 0.003976148
885 0.003976121
886 0.003976097
887 0.003976073
888 0.003976043
889 0.003976014
890 0.003975987
891 0.003975956
892 0.003975927
893 0.003975898
894 0.00397587
895 0.003975845
896 0.003975817
897 0.00397579
898 0.003975761
899 0.003975733
900 0.003975706
901 0.003975678
902 0.003975649
903 0.00397562
904 0.00397559
905 0.003975565
906 0.003975539
907 0.003975511
908 0.003975485
909 0.003975456
910 0.003975434
911 0.003975411
912 0.003975384
913 0.003975362
914 0.003975334
915 0.003975308
916 0.003975282
917 0.00397526
918 0.003975236
919 0.003975215
920 0.003975188
921 0.003975162
922 0.003975137
923 0.003975112
924 0.003975086
925 0.003975061
926 0.003975035
927 0.003975012
928 0.003974986
929 0.003974956
930 0.00397493
931 0.003974904
932 0.003974879
933 0.003974851
934 0.003974826
935 0.0039748
936 0.003974773
937 0.003974749
938 0.003974725
939 0.003974699
940 0.003974676
941 0.003974652
942 0.00397463
943 0.00397461
944 0.003974583
945 0.003974557
946 0.003974535
947 0.003974508
948 0.003974483
949 0.003974458
950 0.003974435
951 0.003974412
952 0.003974389
953 0.003974366
954 0.003974342
955 0.003974319
956 0.003974296
957 0.003974275
958 0.003974251
959 0.003974229
960 0.003974205
961 0.003974179
962 0.003974156
963 0.003974136
964 0.003974114
965 0.003974093
966 0.003974067
967 0.003974045
968 0.003974026
969 0.003974003
970 0.003973983
971 0.003973961
972 0.003973943
973 0.003973924
974 0.003973902
975 0.003973879
976 0.003973857
977 0.003973837
978 0.003973817
979 0.003973798
980 0.003973777
981 0.003973757
982 0.003973735
983 0.003973715
984 0.003973694
985 0.00397367
986 0.003973649
987 0.003973627
988 0.003973604
989 0.003973586
990 0.003973563
991 0.00397354
992 0.003973518
993 0.003973497
994 0.003973473
995 0.003973453
996 0.003973434
997 0.003973414
998 0.003973396
999 0.003973376
1000 0.003973356
1001 0.003973335
1002 0.003973318
1003 0.003973298
1004 0.00397328
1005 0.003973258
1006 0.00397324
1007 0.003973221
1008 0.003973199
1009 0.003973183
1010 0.003973164
1011 0.003973146
1012 0.003973127
1013 0.003973107
1014 0.00397309
1015 0.003973069
1016 0.003973047
1017 0.003973028
1018 0.003973008
1019 0.003972988
1020 0.00397297
1021 0.003972949
1022 0.003972932
1023 0.003972914
1024 0.003972895
1025 0.003972876
1026 0.003972859
1027 0.003972841
1028 0.003972823
1029 0.003972805
1030 0.003972788
1031 0.003972772
1032 0.00397275
1033 0.003972732
1034 0.003972713
1035 0.003972695
1036 0.003972679
1037 0.003972664
1038 0.003972649
1039 0.00397263
1040 0.003972612
1041 0.003972593
1042 0.00397257
1043 0.003972553
1044 0.003972535
1045 0.003972516
1046 0.003972498
1047 0.003972479
1048 0.003972462
1049 0.003972443
1050 0.003972423
1051 0.003972406
1052 0.003972388
1053 0.003972372
1054 0.003972357
1055 0.003972339
1056 0.003972319
1057 0.003972299
1058 0.00397228
1059 0.003972264
1060 0.003972249
1061 0.003972232
1062 0.003972217
1063 0.003972198
1064 0.003972182
1065 0.003972165
1066 0.003972149
1067 0.003972131
1068 0.003972112
1069 0.003972094
1070 0.003972078
1071 0.003972061
1072 0.003972043
1073 0.003972028
1074 0.003972013
1075 0.003971997
1076 0.00397198
1077 0.003971965
1078 0.003971951
1079 0.003971936
1080 0.00397192
1081 0.003971903
1082 0.003971888
1083 0.003971873
1084 0.003971854
1085 0.003971836
1086 0.003971822
1087 0.003971807
1088 0.003971789
1089 0.003971777
1090 0.003971762
1091 0.003971742
1092 0.003971728
1093 0.00397171
1094 0.003971696
1095 0.00397168
1096 0.003971661
1097 0.003971646
1098 0.00397163
1099 0.003971613
1100 0.003971596
1101 0.003971579
1102 0.003971562
1103 0.003971549
1104 0.003971533
1105 0.003971516
1106 0.003971505
1107 0.003971491
1108 0.003971476
1109 0.003971461
1110 0.003971444
1111 0.003971433
1112 0.003971419
1113 0.003971406
1114 0.003971392
1115 0.003971378
1116 0.003971363
1117 0.003971349
1118 0.003971335
1119 0.003971322
1120 0.003971311
1121 0.003971296
1122 0.00397128
1123 0.003971266
1124 0.003971253
1125 0.003971238
1126 0.003971222
1127 0.003971207
1128 0.003971193
1129 0.003971178
1130 0.003971163
1131 0.003971148
1132 0.003971134
1133 0.003971121
1134 0.003971106
1135 0.003971092
1136 0.003971078
1137 0.003971064
1138 0.003971049
1139 0.003971037
1140 0.003971023
1141 0.003971009
1142 0.003970999
1143 0.003970984
1144 0.003970973
1145 0.00397096
1146 0.003970949
1147 0.003970935
1148 0.003970922
1149 0.003970908
1150 0.003970895
1151 0.003970882
1152 0.003970869
1153 0.003970857
1154 0.003970845
1155 0.003970834
1156 0.00397082
1157 0.003970806
1158 0.003970794
1159 0.003970781
1160 0.003970772
1161 0.003970761
1162 0.00397075
1163 0.003970738
1164 0.003970726
1165 0.003970711
1166 0.0039707
1167 0.003970686
1168 0.003970674
1169 0.00397066
1170 0.00397065
1171 0.003970637
1172 0.003970624
1173 0.003970613
1174 0.003970602
1175 0.003970591
1176 0.003970576
1177 0.003970563
1178 0.003970552
1179 0.003970541
1180 0.003970528
1181 0.003970513
1182 0.003970501
1183 0.003970487
1184 0.003970474
1185 0.003970461
1186 0.00397045
1187 0.003970439
1188 0.003970427
1189 0.003970417
1190 0.003970405
1191 0.003970395
1192 0.003970384
1193 0.003970371
1194 0.003970359
1195 0.003970348
1196 0.003970336
1197 0.003970323
1198 0.003970312
1199 0.003970298
1200 0.003970287
1201 0.003970275
1202 0.003970262
1203 0.003970249
1204 0.003970237
1205 0.003970227
1206 0.003970216
1207 0.003970204
1208 0.003970191
1209 0.003970181
1210 0.00397017
1211 0.003970157
1212 0.003970144
1213 0.003970133
1214 0.00397012
1215 0.003970109
1216 0.003970099
1217 0.003970088
1218 0.003970078
1219 0.003970069
1220 0.003970059
1221 0.003970047
1222 0.003970033
1223 0.00397002
1224 0.003970005
1225 0.003969996
1226 0.003969985
1227 0.003969977
1228 0.003969967
1229 0.003969959
1230 0.003969948
1231 0.003969935
1232 0.003969925
1233 0.003969916
1234 0.003969905
1235 0.003969895
1236 0.003969884
1237 0.003969872
1238 0.00396986
1239 0.00396985
1240 0.003969842
1241 0.003969829
1242 0.003969818
1243 0.003969809
1244 0.003969798
1245 0.003969788
1246 0.003969779
1247 0.003969768
1248 0.00396976
1249 0.003969749
1250 0.003969739
1251 0.003969732
1252 0.003969723
1253 0.003969713
1254 0.003969703
1255 0.003969694
1256 0.003969684
1257 0.003969675
1258 0.003969666
1259 0.003969659
1260 0.003969647
1261 0.003969636
1262 0.003969628
1263 0.003969619
1264 0.003969608
1265 0.003969599
1266 0.003969589
1267 0.003969578
1268 0.00396957
1269 0.00396956
1270 0.003969553
1271 0.003969546
1272 0.003969539
1273 0.003969531
1274 0.003969522
1275 0.003969513
1276 0.003969504
1277 0.003969495
1278 0.003969485
1279 0.003969477
1280 0.003969468
1281 0.003969459
1282 0.003969448
1283 0.003969439
1284 0.00396943
1285 0.003969421
1286 0.003969413
1287 0.003969405
1288 0.003969395
1289 0.003969388
1290 0.003969381
1291 0.003969374
1292 0.003969364
1293 0.003969353
1294 0.003969344
1295 0.003969334
1296 0.003969321
1297 0.003969311
1298 0.003969302
1299 0.003969293
1300 0.003969284
1301 0.003969276
1302 0.003969267
1303 0.003969258
1304 0.003969249
1305 0.00396924
1306 0.00396923
1307 0.003969222
1308 0.003969212
1309 0.003969202
1310 0.003969194
1311 0.003969187
1312 0.003969179
1313 0.00396917
1314 0.00396916
1315 0.003969153
1316 0.003969145
1317 0.003969138
1318 0.00396913
1319 0.003969123
1320 0.003969115
1321 0.003969107
1322 0.003969096
1323 0.003969091
1324 0.003969083
1325 0.003969076
1326 0.003969068
1327 0.003969061
1328 0.003969052
1329 0.003969046
1330 0.003969037
1331 0.00396903
1332 0.003969021
1333 0.003969014
1334 0.003969005
1335 0.003968996
1336 0.003968989
1337 0.003968979
1338 0.003968971
1339 0.003968962
1340 0.003968955
1341 0.003968948
1342 0.003968941
1343 0.003968933
1344 0.003968924
1345 0.003968916
1346 0.003968909
1347 0.003968903
1348 0.003968897
1349 0.003968888
1350 0.00396888
1351 0.003968874
1352 0.003968864
1353 0.003968857
1354 0.003968849
1355 0.003968841
1356 0.003968833
1357 0.003968824
1358 0.003968818
1359 0.00396881
1360 0.003968805
1361 0.003968799
1362 0.003968792
1363 0.003968784
1364 0.003968777
1365 0.003968768
1366 0.003968761
1367 0.003968754
1368 0.003968748
1369 0.003968739
1370 0.003968732
1371 0.003968724
1372 0.003968718
1373 0.003968711
1374 0.003968704
1375 0.003968697
1376 0.00396869
1377 0.003968683
1378 0.003968674
1379 0.003968668
1380 0.003968662
1381 0.003968656
1382 0.003968649
1383 0.003968642
1384 0.003968637
1385 0.00396863
1386 0.003968624
1387 0.003968615
1388 0.003968609
1389 0.003968602
1390 0.003968594
1391 0.003968587
1392 0.003968579
1393 0.003968571
1394 0.003968562
1395 0.003968555
1396 0.003968548
1397 0.003968543
1398 0.003968537
1399 0.00396853
1400 0.003968525
1401 0.003968519
1402 0.003968512
1403 0.003968504
1404 0.003968497
1405 0.003968492
1406 0.003968486
1407 0.003968479
1408 0.003968471
1409 0.003968467
1410 0.00396846
1411 0.003968456
1412 0.003968449
1413 0.003968443
1414 0.003968436
1415 0.00396843
1416 0.003968424
1417 0.003968418
1418 0.003968411
1419 0.003968404
1420 0.003968398
1421 0.00396839
1422 0.003968381
1423 0.003968375
1424 0.003968368
1425 0.00396836
1426 0.003968353
1427 0.003968345
1428 0.003968339
1429 0.003968333
1430 0.003968326
1431 0.00396832
1432 0.003968313
1433 0.003968306
1434 0.0039683
1435 0.003968293
1436 0.003968288
1437 0.003968281
1438 0.003968275
1439 0.00396827
1440 0.003968264
1441 0.00396826
1442 0.003968255
1443 0.00396825
1444 0.003968243
1445 0.003968237
1446 0.003968232
1447 0.003968226
1448 0.00396822
1449 0.003968213
1450 0.003968209
1451 0.003968203
1452 0.003968199
1453 0.003968194
1454 0.003968186
1455 0.003968181
1456 0.003968175
1457 0.00396817
1458 0.003968164
1459 0.003968159
1460 0.003968154
1461 0.003968148
1462 0.003968143
1463 0.003968137
1464 0.003968132
1465 0.003968127
1466 0.003968121
1467 0.003968116
1468 0.003968111
1469 0.003968104
1470 0.003968098
1471 0.003968093
1472 0.003968087
1473 0.003968081
1474 0.003968075
1475 0.003968069
1476 0.003968063
1477 0.003968058
1478 0.003968053
1479 0.003968048
1480 0.003968044
1481 0.003968039
1482 0.003968034
1483 0.003968029
1484 0.003968025
1485 0.003968019
1486 0.003968015
1487 0.00396801
1488 0.003968006
1489 0.003968
1490 0.003967996
1491 0.003967992
1492 0.003967986
1493 0.003967981
1494 0.003967975
1495 0.003967972
1496 0.003967968
1497 0.003967962
1498 0.003967956
1499 0.003967949
1500 0.003967945
1501 0.003967941
1502 0.003967936
1503 0.003967932
1504 0.003967928
1505 0.003967925
1506 0.003967919
1507 0.003967914
1508 0.003967909
1509 0.003967904
1510 0.003967898
1511 0.003967893
1512 0.003967889
1513 0.003967884
1514 0.003967879
1515 0.003967875
1516 0.003967872
1517 0.003967868
1518 0.003967865
1519 0.003967861
1520 0.003967855
1521 0.003967849
1522 0.003967846
1523 0.003967842
1524 0.003967838
1525 0.003967834
1526 0.003967831
1527 0.003967828
1528 0.003967823
1529 0.003967819
1530 0.003967813
1531 0.003967807
1532 0.003967803
1533 0.0039678
1534 0.003967796
1535 0.003967792
1536 0.003967789
1537 0.003967784
1538 0.00396778
1539 0.003967775
1540 0.003967771
1541 0.003967768
1542 0.003967762
1543 0.003967757
1544 0.003967752
1545 0.003967748
1546 0.003967743
1547 0.003967737
1548 0.003967733
1549 0.003967728
1550 0.003967725
1551 0.003967722
1552 0.003967718
1553 0.003967712
1554 0.003967709
1555 0.003967705
1556 0.003967703
1557 0.003967697
1558 0.003967692
1559 0.003967688
1560 0.003967685
1561 0.003967682
1562 0.003967679
1563 0.003967673
1564 0.003967669
1565 0.003967665
1566 0.00396766
1567 0.003967655
1568 0.003967651
1569 0.003967647
1570 0.003967642
1571 0.003967638
1572 0.003967633
1573 0.003967629
1574 0.003967624
1575 0.00396762
1576 0.003967616
1577 0.003967613
1578 0.003967609
1579 0.003967604
1580 0.0039676
1581 0.003967594
1582 0.00396759
1583 0.003967584
1584 0.003967581
1585 0.003967577
1586 0.003967574
1587 0.003967571
1588 0.003967568
1589 0.003967565
1590 0.003967561
1591 0.003967556
1592 0.003967553
1593 0.00396755
1594 0.003967546
1595 0.003967543
1596 0.003967537
1597 0.003967533
1598 0.003967529
1599 0.003967526
1600 0.003967523
1601 0.00396752
1602 0.003967516
1603 0.003967512
1604 0.003967509
1605 0.003967506
1606 0.003967503
1607 0.0039675
1608 0.003967497
1609 0.003967492
1610 0.00396749
1611 0.003967485
1612 0.003967481
1613 0.003967477
1614 0.003967476
1615 0.003967473
1616 0.003967469
1617 0.003967466
1618 0.003967462
1619 0.00396746
1620 0.003967457
1621 0.003967453
1622 0.00396745
1623 0.003967445
1624 0.003967443
1625 0.003967441
1626 0.003967437
1627 0.003967434
1628 0.003967431
1629 0.003967427
1630 0.003967422
1631 0.003967418
1632 0.003967415
1633 0.00396741
1634 0.003967406
1635 0.003967404
1636 0.0039674
1637 0.003967396
1638 0.003967392
1639 0.003967387
1640 0.003967384
1641 0.003967381
1642 0.003967379
1643 0.003967375
1644 0.003967372
1645 0.003967369
1646 0.003967365
1647 0.003967362
1648 0.003967359
1649 0.003967355
1650 0.003967351
1651 0.003967346
1652 0.003967343
1653 0.003967338
1654 0.003967335
1655 0.003967331
1656 0.003967329
1657 0.003967326
1658 0.003967323
1659 0.003967321
1660 0.003967316
1661 0.003967313
1662 0.00396731
1663 0.003967308
1664 0.003967305
1665 0.003967302
1666 0.003967299
1667 0.003967295
1668 0.003967291
1669 0.003967288
1670 0.003967286
1671 0.003967282
1672 0.003967279
1673 0.003967276
1674 0.003967273
1675 0.003967268
1676 0.003967266
1677 0.003967262
1678 0.00396726
1679 0.003967258
1680 0.003967255
1681 0.003967252
1682 0.003967249
1683 0.003967246
1684 0.003967243
1685 0.003967238
1686 0.003967236
1687 0.003967233
1688 0.003967232
1689 0.003967228
1690 0.003967226
1691 0.003967224
1692 0.003967221
1693 0.003967218
1694 0.003967214
1695 0.00396721
1696 0.003967208
1697 0.003967205
1698 0.003967202
1699 0.003967199
1700 0.003967197
1701 0.003967194
1702 0.003967191
1703 0.003967188
1704 0.003967185
1705 0.003967183
1706 0.00396718
1707 0.003967179
1708 0.003967176
1709 0.003967174
1710 0.003967172
1711 0.00396717
1712 0.003967166
1713 0.003967163
1714 0.00396716
1715 0.003967158
1716 0.003967155
1717 0.003967153
1718 0.003967151
1719 0.003967149
1720 0.003967146
1721 0.003967142
1722 0.00396714
1723 0.003967138
1724 0.003967135
1725 0.003967131
1726 0.003967128
1727 0.003967125
1728 0.003967121
1729 0.00396712
1730 0.003967117
1731 0.003967114
1732 0.003967112
1733 0.00396711
1734 0.003967107
1735 0.003967104
1736 0.003967102
1737 0.003967098
1738 0.003967096
1739 0.003967093
1740 0.003967091
1741 0.003967089
1742 0.003967088
1743 0.003967085
1744 0.003967083
1745 0.003967081
1746 0.003967078
1747 0.003967077
1748 0.003967075
1749 0.003967073
1750 0.003967071
1751 0.003967069
1752 0.003967066
1753 0.003967064
1754 0.003967061
1755 0.00396706
1756 0.003967057
1757 0.003967054
1758 0.003967052
1759 0.00396705
1760 0.003967048
1761 0.003967046
1762 0.003967044
1763 0.003967042
1764 0.003967039
1765 0.003967036
1766 0.003967034
1767 0.003967032
1768 0.003967029
1769 0.003967027
1770 0.003967024
1771 0.003967022
1772 0.00396702
1773 0.003967017
1774 0.003967015
1775 0.003967013
1776 0.003967009
1777 0.003967006
1778 0.003967004
1779 0.003967002
1780 0.003966999
1781 0.003966997
1782 0.003966996
1783 0.003966992
1784 0.003966991
1785 0.003966989
1786 0.003966986
1787 0.003966984
1788 0.003966981
1789 0.003966979
1790 0.003966976
1791 0.003966975
1792 0.003966973
1793 0.00396697
1794 0.003966967
1795 0.003966965
1796 0.003966963
1797 0.003966962
1798 0.00396696
1799 0.003966956
1800 0.003966954
1801 0.003966951
1802 0.003966949
1803 0.003966948
1804 0.003966946
1805 0.003966943
1806 0.003966941
1807 0.003966939
1808 0.003966936
1809 0.003966934
1810 0.003966932
1811 0.00396693
1812 0.003966928
1813 0.003966926
1814 0.003966923
1815 0.003966921
1816 0.003966919
1817 0.003966917
1818 0.003966915
1819 0.003966914
1820 0.003966911
1821 0.003966909
1822 0.003966908
1823 0.003966906
1824 0.003966905
1825 0.003966903
1826 0.003966901
1827 0.003966899
1828 0.003966897
1829 0.003966894
1830 0.003966892
1831 0.003966889
1832 0.003966888
1833 0.003966885
1834 0.003966883
1835 0.003966882
1836 0.00396688
1837 0.003966878
1838 0.003966876
1839 0.003966873
1840 0.003966871
1841 0.00396687
1842 0.003966867
1843 0.003966866
1844 0.003966863
1845 0.00396686
1846 0.003966857
1847 0.003966855
1848 0.003966853
1849 0.003966852
1850 0.003966851
1851 0.003966848
1852 0.003966845
1853 0.003966844
1854 0.003966841
1855 0.003966839
1856 0.003966838
1857 0.003966835
1858 0.003966833
1859 0.003966831
1860 0.00396683
1861 0.003966828
1862 0.003966826
1863 0.003966824
1864 0.003966823
1865 0.003966822
1866 0.003966821
1867 0.003966819
1868 0.003966817
1869 0.003966816
1870 0.003966814
1871 0.003966813
1872 0.003966811
1873 0.00396681
1874 0.003966808
1875 0.003966807
1876 0.003966805
1877 0.003966803
1878 0.003966801
1879 0.003966799
1880 0.003966798
1881 0.003966795
1882 0.003966793
1883 0.003966792
1884 0.00396679
1885 0.003966789
1886 0.003966787
1887 0.003966786
1888 0.003966784
1889 0.003966783
1890 0.003966781
1891 0.003966778
1892 0.003966777
1893 0.003966775
1894 0.003966773
1895 0.003966772
1896 0.003966771
1897 0.003966769
1898 0.003966767
1899 0.003966765
1900 0.003966763
1901 0.003966762
1902 0.00396676
1903 0.003966759
1904 0.003966758
1905 0.003966756
1906 0.003966755
1907 0.003966753
1908 0.003966753
1909 0.003966751
1910 0.00396675
1911 0.003966749
1912 0.003966746
1913 0.003966745
1914 0.003966743
1915 0.003966741
1916 0.00396674
1917 0.003966738
1918 0.003966737
1919 0.003966735
1920 0.003966734
1921 0.003966731
1922 0.003966729
1923 0.003966729
1924 0.003966727
1925 0.003966725
1926 0.003966724
1927 0.003966723
1928 0.003966722
1929 0.00396672
1930 0.003966719
1931 0.003966718
1932 0.003966717
1933 0.003966715
1934 0.003966713
1935 0.003966711
1936 0.003966711
1937 0.003966708
1938 0.003966707
1939 0.003966706
1940 0.003966705
1941 0.003966704
1942 0.003966703
1943 0.003966701
1944 0.0039667
1945 0.003966699
1946 0.003966698
1947 0.003966697
1948 0.003966696
1949 0.003966694
1950 0.003966693
1951 0.003966692
1952 0.003966691
1953 0.00396669
1954 0.003966687
1955 0.003966686
1956 0.003966683
1957 0.003966681
1958 0.00396668
1959 0.003966679
1960 0.003966677
1961 0.003966676
1962 0.003966675
1963 0.003966674
1964 0.003966672
1965 0.003966671
1966 0.00396667
1967 0.003966668
1968 0.003966666
1969 0.003966665
1970 0.003966664
1971 0.003966663
1972 0.003966662
1973 0.003966659
1974 0.003966658
1975 0.003966657
1976 0.003966656
1977 0.003966655
1978 0.003966653
1979 0.003966651
1980 0.00396665
1981 0.003966649
1982 0.003966649
1983 0.003966647
1984 0.003966646
1985 0.003966645
1986 0.003966643
1987 0.003966642
1988 0.003966641
1989 0.00396664
1990 0.003966639
1991 0.003966638
1992 0.003966636
1993 0.003966636
1994 0.003966634
1995 0.003966633
1996 0.003966632
1997 0.00396663
1998 0.00396663
1999 0.003966628
2000 0.003966627
