"lift-rfile"
"Iteration" "lift"
("Iteration" "lift")
1 0.1198594
2 0.0344671
3 0.02586605
4 0.03860284
5 0.01368628
6 0.0224159
7 0.0157319
8 0.009260584
9 0.003013399
10 0.002780089
11 -0.001513757
12 0.0003624085
13 0.0003720715
14 0.001350781
15 0.001653427
16 0.001942663
17 0.002171559
18 0.002463027
19 0.002503054
20 0.002466365
21 0.002521035
22 0.002438179
23 0.002428951
24 0.002200401
25 0.002187185
26 0.002260928
27 0.002246492
28 0.00228621
29 0.002307418
30 0.002286179
31 0.00226968
32 0.002263111
33 0.002237166
34 0.002202731
35 0.002182018
36 0.002161087
37 0.002135612
38 0.002125286
39 0.002121102
40 0.002107419
41 0.002088745
42 0.00206188
43 0.002047472
44 0.002028472
45 0.002012296
46 0.001999077
47 0.001977501
48 0.00196418
49 0.001931609
50 0.001907551
51 0.00188971
52 0.001865135
53 0.001851728
54 0.00182925
55 0.001795542
56 0.001773384
57 0.001744449
58 0.001713457
59 0.001688693
60 0.001664932
61 0.001638622
62 0.001615789
63 0.001593785
64 0.001580885
65 0.001555943
66 0.001536672
67 0.001517816
68 0.001512484
69 0.001507472
70 0.001496206
71 0.001489192
72 0.001473299
73 0.001457272
74 0.001442903
75 0.001424024
76 0.001410729
77 0.001402463
78 0.001391953
79 0.001385104
80 0.001381402
81 0.001373342
82 0.001370931
83 0.001362019
84 0.001361511
85 0.001354392
86 0.001352223
87 0.001348494
88 0.001342875
89 0.00134308
90 0.001340057
91 0.001336741
92 0.001336584
93 0.001332889
94 0.001334394
95 0.001329969
96 0.001327555
97 0.001324979
98 0.001323676
99 0.001325734
100 0.001327213
101 0.001329592
102 0.00132216
103 0.001323901
104 0.001323211
105 0.001319111
106 0.001312533
107 0.001306129
108 0.001294581
109 0.001289061
110 0.001285309
111 0.001282562
112 0.001280281
113 0.001278409
114 0.001274466
115 0.001269107
116 0.001258651
117 0.001249719
118 0.001240323
119 0.001232099
120 0.00122374
121 0.001213554
122 0.001204547
123 0.001195387
124 0.001183993
125 0.001170742
126 0.001158707
127 0.001149624
128 0.00113716
129 0.001124751
130 0.001111456
131 0.001097785
132 0.001085243
133 0.001072338
134 0.001059385
135 0.001045248
136 0.001033854
137 0.001019778
138 0.00100431
139 0.0009899709
140 0.0009761828
141 0.0009636976
142 0.0009486482
143 0.0009345953
144 0.0009217149
145 0.0009104782
146 0.0008998049
147 0.0008873319
148 0.0008733056
149 0.000858184
150 0.0008423778
151 0.0008274473
152 0.0008138097
153 0.0007999636
154 0.0007863016
155 0.0007746257
156 0.0007629727
157 0.0007522537
158 0.0007388113
159 0.0007271179
160 0.0007156724
161 0.0007031184
162 0.0006914858
163 0.0006792884
164 0.0006666142
165 0.0006545524
166 0.0006423757
167 0.0006306413
168 0.0006188405
169 0.0006059052
170 0.0005946966
171 0.0005822385
172 0.0005704004
173 0.000557938
174 0.0005475776
175 0.0005349821
176 0.0005213809
177 0.0005091814
178 0.0004987906
179 0.0004874342
180 0.000476056
181 0.0004626336
182 0.0004502717
183 0.0004386962
184 0.0004248227
185 0.0004144806
186 0.0004019598
187 0.0003908564
188 0.0003785054
189 0.000364921
190 0.0003514873
191 0.0003391647
192 0.0003287209
193 0.0003161966
194 0.0003044747
195 0.0002952098
196 0.0002839302
197 0.0002724637
198 0.0002606663
199 0.0002497023
200 0.0002386913
201 0.0002277931
202 0.000217034
203 0.0002057958
204 0.0001945745
205 0.0001843173
206 0.000173793
207 0.0001637869
208 0.0001549076
209 0.0001452642
210 0.0001370172
211 0.0001279404
212 0.0001176329
213 0.0001072091
214 0.0001001381
215 8.977739e-05
216 7.950368e-05
217 6.945038e-05
218 5.989683e-05
219 5.024105e-05
220 4.144907e-05
221 3.26562e-05
222 2.405638e-05
223 1.555311e-05
224 7.219593e-06
225 -1.033308e-06
226 -9.162828e-06
227 -1.730483e-05
228 -2.530071e-05
229 -3.007118e-05
230 -4.080363e-05
231 -4.532032e-05
232 -5.601818e-05
233 -6.10154e-05
234 -6.838185e-05
235 -7.647785e-05
236 -8.404335e-05
237 -9.272619e-05
238 -0.0001007483
239 -0.0001079918
240 -0.0001144271
241 -0.0001207077
242 -0.0001271398
243 -0.0001328921
244 -0.0001359239
245 -0.0001449785
246 -0.0001465761
247 -0.0001568689
248 -0.0001576336
249 -0.000167867
250 -0.0001692326
251 -0.0001794999
252 -0.0001809935
253 -0.0001883982
254 -0.0001908276
255 -0.0001995183
256 -0.0002011304
257 -0.0002060753
258 -0.0002087156
259 -0.0002137765
260 -0.0002167686
261 -0.000222627
262 -0.000225311
263 -0.0002294069
264 -0.0002319733
265 -0.0002365569
266 -0.0002385957
267 -0.0002420718
268 -0.0002446964
269 -0.0002469987
270 -0.0002500932
271 -0.0002533501
272 -0.0002559743
273 -0.0002582164
274 -0.0002608396
275 -0.000263342
276 -0.0002656651
277 -0.0002683442
278 -0.000270423
279 -0.0002721136
280 -0.0002746103
281 -0.0002766233
282 -0.0002780437
283 -0.0002793742
284 -0.0002805369
285 -0.0002811454
286 -0.0002815847
287 -0.0002825073
288 -0.0002834529
289 -0.0002842265
290 -0.0002847628
291 -0.0002856549
292 -0.0002859057
293 -0.0002863471
294 -0.0002870873
295 -0.0002874174
296 -0.0002881711
297 -0.0002885023
298 -0.0002885575
299 -0.0002886178
300 -0.0002897544
301 -0.00028882
302 -0.0002897257
303 -0.0002882776
304 -0.0002885745
305 -0.0002869334
306 -0.000287696
307 -0.0002874697
308 -0.0002868274
309 -0.0002861003
310 -0.0002849471
311 -0.0002839247
312 -0.0002828698
313 -0.0002817205
314 -0.0002806373
315 -0.0002797217
316 -0.0002788776
317 -0.0002780025
318 -0.0002771857
319 -0.0002761499
320 -0.0002752553
321 -0.0002743736
322 -0.0002734073
323 -0.0002727569
324 -0.000271808
325 -0.0002708919
326 -0.0002700601
327 -0.0002690715
328 -0.0002697592
329 -0.0002667933
330 -0.0002672426
331 -0.0002642946
332 -0.0002648674
333 -0.0002619294
334 -0.0002624755
335 -0.0002613755
336 -0.0002600695
337 -0.0002586014
338 -0.0002568926
339 -0.0002553134
340 -0.0002541845
341 -0.0002527364
342 -0.00025109
343 -0.0002498324
344 -0.0002486505
345 -0.0002476073
346 -0.0002468184
347 -0.0002460198
348 -0.0002451206
349 -0.0002443066
350 -0.0002436456
351 -0.000242755
352 -0.0002418509
353 -0.0002409831
354 -0.000239789
355 -0.0002383038
356 -0.0002369025
357 -0.0002355281
358 -0.0002342979
359 -0.0002329167
360 -0.0002315888
361 -0.0002305047
362 -0.0002292428
363 -0.0002283477
364 -0.0002277073
365 -0.0002268297
366 -0.0002262356
367 -0.0002255003
368 -0.0002246524
369 -0.000224118
370 -0.0002234457
371 -0.0002224916
372 -0.0002229482
373 -0.0002211484
374 -0.0002213586
375 -0.0002191674
376 -0.0002195761
377 -0.0002174199
378 -0.000217821
379 -0.0002157629
380 -0.0002158615
381 -0.0002134741
382 -0.0002134556
383 -0.0002111599
384 -0.0002115275
385 -0.0002092231
386 -0.0002097143
387 -0.0002093926
388 -0.0002075719
389 -0.0002080171
390 -0.0002077457
391 -0.000207606
392 -0.0002074349
393 -0.0002059186
394 -0.0002065398
395 -0.0002062857
396 -0.0002056318
397 -0.0002049498
398 -0.000203858
399 -0.0002030164
400 -0.0002005536
401 -0.0002003935
402 -0.0001998382
403 -0.0001990327
404 -0.0001982294
405 -0.0001973942
406 -0.0001967443
407 -0.0001941683
408 -0.0001944334
409 -0.0001939382
410 -0.0001933769
411 -0.0001927183
412 -0.000192339
413 -0.0001905418
414 -0.00019052
415 -0.0001900436
416 -0.000188342
417 -0.0001881849
418 -0.0001867972
419 -0.0001865854
420 -0.0001849775
421 -0.0001846243
422 -0.0001840175
423 -0.000183226
424 -0.0001824586
425 -0.000180576
426 -0.000179764
427 -0.0001788901
428 -0.0001766282
429 -0.0001762356
430 -0.0001753348
431 -0.0001730783
432 -0.0001726132
433 -0.0001716537
434 -0.0001706914
435 -0.0001683991
436 -0.0001679634
437 -0.0001671726
438 -0.0001663336
439 -0.0001654017
440 -0.0001642488
441 -0.0001631664
442 -0.0001617941
443 -0.0001592304
444 -0.0001586578
445 -0.0001584147
446 -0.000157566
447 -0.0001561377
448 -0.0001548816
449 -0.0001535565
450 -0.0001521968
451 -0.0001507996
452 -0.0001492884
453 -0.000147759
454 -0.0001461414
455 -0.0001443683
456 -0.0001427314
457 -0.0001412176
458 -0.0001398634
459 -0.000138518
460 -0.0001370737
461 -0.0001354666
462 -0.0001340346
463 -0.000133198
464 -0.0001321572
465 -0.0001309605
466 -0.0001298263
467 -0.0001286816
468 -0.0001275171
469 -0.0001262369
470 -0.0001249309
471 -0.0001237117
472 -0.0001223637
473 -0.0001210523
474 -0.0001197329
475 -0.0001183157
476 -0.0001168683
477 -0.0001154741
478 -0.0001141644
479 -0.0001127858
480 -0.0001113915
481 -0.000110141
482 -0.0001086435
483 -0.0001073551
484 -0.000106007
485 -0.0001046285
486 -0.0001035069
487 -0.0001024611
488 -0.0001013937
489 -0.0001003822
490 -9.944668e-05
491 -9.848161e-05
492 -9.747424e-05
493 -9.641861e-05
494 -9.55287e-05
495 -9.461067e-05
496 -9.352244e-05
497 -9.24499e-05
498 -9.143187e-05
499 -9.032294e-05
500 -8.918052e-05
501 -8.802869e-05
502 -8.691804e-05
503 -8.561635e-05
504 -8.434338e-05
505 -8.31748e-05
506 -8.204172e-05
507 -8.087938e-05
508 -7.978199e-05
509 -7.865934e-05
510 -7.776478e-05
511 -7.685471e-05
512 -7.605122e-05
513 -7.507501e-05
514 -7.409135e-05
515 -7.322105e-05
516 -7.222102e-05
517 -7.125136e-05
518 -7.019404e-05
519 -6.923787e-05
520 -6.830467e-05
521 -6.740605e-05
522 -6.649792e-05
523 -6.563395e-05
524 -6.492596e-05
525 -6.41829e-05
526 -6.34444e-05
527 -6.261371e-05
528 -6.191597e-05
529 -6.121248e-05
530 -6.037592e-05
531 -5.963126e-05
532 -5.867491e-05
533 -5.776183e-05
534 -5.685262e-05
535 -5.60253e-05
536 -5.519382e-05
537 -5.43356e-05
538 -5.359874e-05
539 -5.274508e-05
540 -5.189881e-05
541 -5.113192e-05
542 -5.023465e-05
543 -4.939643e-05
544 -4.856997e-05
545 -4.769575e-05
546 -4.688527e-05
547 -4.602729e-05
548 -4.524537e-05
549 -4.451493e-05
550 -4.3802e-05
551 -4.29744e-05
552 -4.214401e-05
553 -4.13877e-05
554 -4.064685e-05
555 -3.990054e-05
556 -3.907994e-05
557 -3.827553e-05
558 -3.747339e-05
559 -3.675418e-05
560 -3.597428e-05
561 -3.503085e-05
562 -3.415118e-05
563 -3.333055e-05
564 -3.250981e-05
565 -3.166103e-05
566 -3.069224e-05
567 -2.986395e-05
568 -2.894103e-05
569 -2.805086e-05
570 -2.715776e-05
571 -2.630994e-05
572 -2.537153e-05
573 -2.44744e-05
574 -2.359786e-05
575 -2.275714e-05
576 -2.182963e-05
577 -2.100238e-05
578 -2.014225e-05
579 -1.928532e-05
580 -1.85122e-05
581 -1.771232e-05
582 -1.683226e-05
583 -1.60585e-05
584 -1.517359e-05
585 -1.429001e-05
586 -1.344621e-05
587 -1.256769e-05
588 -1.183216e-05
589 -1.105214e-05
590 -1.02176e-05
591 -9.472648e-06
592 -8.63243e-06
593 -7.815502e-06
594 -6.945388e-06
595 -6.146954e-06
596 -5.261508e-06
597 -4.33449e-06
598 -3.466544e-06
599 -2.628114e-06
600 -1.834008e-06
601 -9.802128e-07
602 -7.091806e-08
603 1.002785e-06
604 1.856339e-06
605 2.791744e-06
606 3.665937e-06
607 4.55043e-06
608 5.442933e-06
609 6.301032e-06
610 7.18405e-06
611 7.942452e-06
612 8.720425e-06
613 9.50588e-06
614 1.036474e-05
615 1.107535e-05
616 1.171839e-05
617 1.250697e-05
618 1.321635e-05
619 1.380588e-05
620 1.437052e-05
621 1.501754e-05
622 1.562413e-05
623 1.636559e-05
624 1.699429e-05
625 1.771936e-05
626 1.8383e-05
627 1.908505e-05
628 1.976226e-05
629 2.04989e-05
630 2.123357e-05
631 2.198427e-05
632 2.284207e-05
633 2.364725e-05
634 2.437406e-05
635 2.513534e-05
636 2.586284e-05
637 2.658969e-05
638 2.727567e-05
639 2.78426e-05
640 2.84428e-05
641 2.913083e-05
642 2.973431e-05
643 3.032989e-05
644 3.081503e-05
645 3.135105e-05
646 3.189905e-05
647 3.239003e-05
648 3.289109e-05
649 3.341131e-05
650 3.397202e-05
651 3.445708e-05
652 3.497087e-05
653 3.550396e-05
654 3.596051e-05
655 3.65916e-05
656 3.709276e-05
657 3.76385e-05
658 3.816256e-05
659 3.867893e-05
660 3.91459e-05
661 3.955073e-05
662 4.000092e-05
663 4.03739e-05
664 4.079553e-05
665 4.123757e-05
666 4.166716e-05
667 4.207414e-05
668 4.248575e-05
669 4.285522e-05
670 4.326677e-05
671 4.36858e-05
672 4.404279e-05
673 4.440729e-05
674 4.48074e-05
675 4.515049e-05
676 4.552648e-05
677 4.591558e-05
678 4.626907e-05
679 4.663286e-05
680 4.700524e-05
681 4.729916e-05
682 4.766999e-05
683 4.801098e-05
684 4.828737e-05
685 4.86221e-05
686 4.887802e-05
687 4.91634e-05
688 4.942812e-05
689 4.966617e-05
690 4.987408e-05
691 5.011064e-05
692 5.031087e-05
693 5.047243e-05
694 5.066474e-05
695 5.086283e-05
696 5.103761e-05
697 5.122167e-05
698 5.137513e-05
699 5.154098e-05
700 5.173097e-05
701 5.193164e-05
702 5.213363e-05
703 5.226941e-05
704 5.242935e-05
705 5.264571e-05
706 5.281687e-05
707 5.28518e-05
708 5.294122e-05
709 5.312268e-05
710 5.325846e-05
711 5.335251e-05
712 5.341096e-05
713 5.360155e-05
714 5.36739e-05
715 5.375145e-05
716 5.379361e-05
717 5.385332e-05
718 5.382778e-05
719 5.382414e-05
720 5.382386e-05
721 5.386115e-05
722 5.390883e-05
723 5.389807e-05
724 5.387777e-05
725 5.382952e-05
726 5.38264e-05
727 5.382142e-05
728 5.38342e-05
729 5.379727e-05
730 5.377237e-05
731 5.379861e-05
732 5.378438e-05
733 5.36678e-05
734 5.372113e-05
735 5.373613e-05
736 5.368427e-05
737 5.368616e-05
738 5.369728e-05
739 5.373043e-05
740 5.371341e-05
741 5.361326e-05
742 5.345971e-05
743 5.332349e-05
744 5.318807e-05
745 5.300282e-05
746 5.292183e-05
747 5.275092e-05
748 5.260484e-05
749 5.235423e-05
750 5.22048e-05
751 5.203098e-05
752 5.180973e-05
753 5.167876e-05
754 5.154096e-05
755 5.144733e-05
756 5.134861e-05
757 5.122946e-05
758 5.103847e-05
759 5.094793e-05
760 5.087284e-05
761 5.078567e-05
762 5.070601e-05
763 5.057481e-05
764 5.042228e-05
765 5.026916e-05
766 5.011611e-05
767 4.995824e-05
768 4.97345e-05
769 4.952324e-05
770 4.927768e-05
771 4.899252e-05
772 4.868302e-05
773 4.84487e-05
774 4.809368e-05
775 4.790981e-05
776 4.756188e-05
777 4.724474e-05
778 4.694638e-05
779 4.664629e-05
780 4.634342e-05
781 4.607694e-05
782 4.578142e-05
783 4.540491e-05
784 4.518317e-05
785 4.494216e-05
786 4.455707e-05
787 4.429743e-05
788 4.393751e-05
789 4.374775e-05
790 4.346079e-05
791 4.318193e-05
792 4.291761e-05
793 4.27669e-05
794 4.245143e-05
795 4.223415e-05
796 4.194457e-05
797 4.169522e-05
798 4.138893e-05
799 4.119725e-05
800 4.088139e-05
801 4.059647e-05
802 4.025832e-05
803 3.989099e-05
804 3.956486e-05
805 3.927545e-05
806 3.893375e-05
807 3.859168e-05
808 3.826525e-05
809 3.78895e-05
810 3.756161e-05
811 3.727543e-05
812 3.69104e-05
813 3.655755e-05
814 3.620706e-05
815 3.581946e-05
816 3.548961e-05
817 3.516015e-05
818 3.482667e-05
819 3.450211e-05
820 3.420158e-05
821 3.383164e-05
822 3.353493e-05
823 3.326277e-05
824 3.287257e-05
825 3.253467e-05
826 3.224548e-05
827 3.181766e-05
828 3.154312e-05
829 3.112761e-05
830 3.076699e-05
831 3.042694e-05
832 3.007474e-05
833 2.981771e-05
834 2.94549e-05
835 2.914966e-05
836 2.890626e-05
837 2.858038e-05
838 2.828155e-05
839 2.794809e-05
840 2.764193e-05
841 2.733837e-05
842 2.702315e-05
843 2.667735e-05
844 2.624386e-05
845 2.59175e-05
846 2.557264e-05
847 2.517822e-05
848 2.480007e-05
849 2.444465e-05
850 2.4084e-05
851 2.378414e-05
852 2.348221e-05
853 2.312365e-05
854 2.275457e-05
855 2.247034e-05
856 2.213439e-05
857 2.190351e-05
858 2.163549e-05
859 2.147032e-05
860 2.118981e-05
861 2.091215e-05
862 2.070344e-05
863 2.040634e-05
864 2.006234e-05
865 1.978906e-05
866 1.949164e-05
867 1.91496e-05
868 1.881441e-05
869 1.846617e-05
870 1.809134e-05
871 1.772314e-05
872 1.741327e-05
873 1.705263e-05
874 1.676168e-05
875 1.64889e-05
876 1.621261e-05
877 1.584431e-05
878 1.551876e-05
879 1.530058e-05
880 1.508187e-05
881 1.488839e-05
882 1.47011e-05
883 1.448419e-05
884 1.419021e-05
885 1.39656e-05
886 1.368154e-05
887 1.342386e-05
888 1.309624e-05
889 1.279467e-05
890 1.250536e-05
891 1.224695e-05
892 1.195415e-05
893 1.171059e-05
894 1.138944e-05
895 1.11285e-05
896 1.083254e-05
897 1.062161e-05
898 1.036455e-05
899 1.015176e-05
900 9.88693e-06
901 9.63566e-06
902 9.462528e-06
903 9.21908e-06
904 9.034913e-06
905 8.844042e-06
906 8.596057e-06
907 8.357991e-06
908 8.143484e-06
909 7.940394e-06
910 7.663005e-06
911 7.479991e-06
912 7.260266e-06
913 6.996278e-06
914 6.81901e-06
915 6.603108e-06
916 6.45877e-06
917 6.222427e-06
918 6.019719e-06
919 5.809718e-06
920 5.627221e-06
921 5.34381e-06
922 5.176847e-06
923 5.016759e-06
924 4.871585e-06
925 4.681979e-06
926 4.482994e-06
927 4.229072e-06
928 3.965616e-06
929 3.846408e-06
930 3.697541e-06
931 3.448599e-06
932 3.239409e-06
933 3.021056e-06
934 2.816561e-06
935 2.681164e-06
936 2.529177e-06
937 2.350487e-06
938 2.21045e-06
939 2.0484e-06
940 1.87223e-06
941 1.68593e-06
942 1.553858e-06
943 1.413276e-06
944 1.280485e-06
945 1.219007e-06
946 1.038574e-06
947 8.957608e-07
948 7.353162e-07
949 6.483068e-07
950 4.090477e-07
951 2.319858e-07
952 1.368817e-07
953 -5.863623e-08
954 -2.124763e-07
955 -3.591601e-07
956 -4.39445e-07
957 -6.180438e-07
958 -7.120998e-07
959 -8.503421e-07
960 -9.439959e-07
961 -1.015722e-06
962 -1.127539e-06
963 -1.17987e-06
964 -1.325349e-06
965 -1.363858e-06
966 -1.462633e-06
967 -1.554494e-06
968 -1.699256e-06
969 -1.840024e-06
970 -1.985496e-06
971 -2.015996e-06
972 -2.110156e-06
973 -2.274204e-06
974 -2.409419e-06
975 -2.553877e-06
976 -2.627741e-06
977 -2.7193e-06
978 -2.870374e-06
979 -2.991145e-06
980 -3.057554e-06
981 -3.170896e-06
982 -3.221344e-06
983 -3.290935e-06
984 -3.405701e-06
985 -3.472323e-06
986 -3.575851e-06
987 -3.608113e-06
988 -3.683682e-06
989 -3.711116e-06
990 -3.824324e-06
991 -3.896595e-06
992 -3.979809e-06
993 -4.063231e-06
994 -4.07493e-06
995 -4.184815e-06
996 -4.262767e-06
997 -4.319083e-06
998 -4.421534e-06
999 -4.453132e-06
1000 -4.517163e-06
1001 -4.663443e-06
1002 -4.726612e-06
1003 -4.810458e-06
1004 -4.857655e-06
1005 -4.864543e-06
1006 -4.948886e-06
1007 -4.977787e-06
1008 -5.049707e-06
1009 -5.109901e-06
1010 -5.090925e-06
1011 -5.184194e-06
1012 -5.211959e-06
1013 -5.289937e-06
1014 -5.295902e-06
1015 -5.339311e-06
1016 -5.415894e-06
1017 -5.487318e-06
1018 -5.525736e-06
1019 -5.647497e-06
1020 -5.729333e-06
1021 -5.747577e-06
1022 -5.815009e-06
1023 -5.915851e-06
1024 -6.038401e-06
1025 -6.081199e-06
1026 -6.041932e-06
1027 -6.119458e-06
1028 -6.187888e-06
1029 -6.233323e-06
1030 -6.207988e-06
1031 -6.193874e-06
1032 -6.206137e-06
1033 -6.179367e-06
1034 -6.175087e-06
1035 -6.130661e-06
1036 -6.201168e-06
1037 -6.31023e-06
1038 -6.312389e-06
1039 -6.360081e-06
1040 -6.400505e-06
1041 -6.450254e-06
1042 -6.519383e-06
1043 -6.55844e-06
1044 -6.622207e-06
1045 -6.674607e-06
1046 -6.670905e-06
1047 -6.755824e-06
1048 -6.826961e-06
1049 -6.928081e-06
1050 -6.955471e-06
1051 -6.886355e-06
1052 -6.930252e-06
1053 -7.014972e-06
1054 -7.054749e-06
1055 -6.997889e-06
1056 -7.017807e-06
1057 -6.970084e-06
1058 -6.946128e-06
1059 -6.965372e-06
1060 -7.020163e-06
1061 -7.049844e-06
1062 -7.113039e-06
1063 -7.120707e-06
1064 -7.208335e-06
1065 -7.176936e-06
1066 -7.153266e-06
1067 -7.19928e-06
1068 -7.226951e-06
1069 -7.247785e-06
1070 -7.38142e-06
1071 -7.376102e-06
1072 -7.359619e-06
1073 -7.434025e-06
1074 -7.472809e-06
1075 -7.541933e-06
1076 -7.559456e-06
1077 -7.58537e-06
1078 -7.621275e-06
1079 -7.654749e-06
1080 -7.637231e-06
1081 -7.661231e-06
1082 -7.709999e-06
1083 -7.762011e-06
1084 -7.802012e-06
1085 -7.750081e-06
1086 -7.671306e-06
1087 -7.693502e-06
1088 -7.71116e-06
1089 -7.747075e-06
1090 -7.801873e-06
1091 -7.793766e-06
1092 -7.732952e-06
1093 -7.780927e-06
1094 -7.830202e-06
1095 -7.809879e-06
1096 -7.814017e-06
1097 -7.849848e-06
1098 -7.902556e-06
1099 -7.932654e-06
1100 -7.925849e-06
1101 -7.911485e-06
1102 -7.902127e-06
1103 -7.904263e-06
1104 -7.923038e-06
1105 -8.017613e-06
1106 -8.023913e-06
1107 -8.056649e-06
1108 -8.109388e-06
1109 -8.186054e-06
1110 -8.176136e-06
1111 -8.161955e-06
1112 -8.172489e-06
1113 -8.181726e-06
1114 -8.194575e-06
1115 -8.198917e-06
1116 -8.18325e-06
1117 -8.211729e-06
1118 -8.246511e-06
1119 -8.207208e-06
1120 -8.190464e-06
1121 -8.204043e-06
1122 -8.203886e-06
1123 -8.177332e-06
1124 -8.151363e-06
1125 -8.144226e-06
1126 -8.205035e-06
1127 -8.244689e-06
1128 -8.147076e-06
1129 -8.221514e-06
1130 -8.246974e-06
1131 -8.274291e-06
1132 -8.295361e-06
1133 -8.301792e-06
1134 -8.314924e-06
1135 -8.302415e-06
1136 -8.452699e-06
1137 -8.49885e-06
1138 -8.475723e-06
1139 -8.511182e-06
1140 -8.581201e-06
1141 -8.571418e-06
1142 -8.527182e-06
1143 -8.479576e-06
1144 -8.476936e-06
1145 -8.439771e-06
1146 -8.401859e-06
1147 -8.380316e-06
1148 -8.411534e-06
1149 -8.343612e-06
1150 -8.333507e-06
1151 -8.259329e-06
1152 -8.250823e-06
1153 -8.272869e-06
1154 -8.335191e-06
1155 -8.253177e-06
1156 -8.275554e-06
1157 -8.263352e-06
1158 -8.316565e-06
1159 -8.32318e-06
1160 -8.337128e-06
1161 -8.375036e-06
1162 -8.3594e-06
1163 -8.401828e-06
1164 -8.483967e-06
1165 -8.550147e-06
1166 -8.543414e-06
1167 -8.551022e-06
1168 -8.566824e-06
1169 -8.573172e-06
1170 -8.52859e-06
1171 -8.558139e-06
1172 -8.524474e-06
1173 -8.432577e-06
1174 -8.435271e-06
1175 -8.409265e-06
1176 -8.335101e-06
1177 -8.259053e-06
1178 -8.271416e-06
1179 -8.200616e-06
1180 -8.197395e-06
1181 -8.102115e-06
1182 -8.130577e-06
1183 -8.133004e-06
1184 -8.171673e-06
1185 -8.269762e-06
1186 -8.302524e-06
1187 -8.292248e-06
1188 -8.365585e-06
1189 -8.395905e-06
1190 -8.420375e-06
1191 -8.406091e-06
1192 -8.466706e-06
1193 -8.439768e-06
1194 -8.46241e-06
1195 -8.486782e-06
1196 -8.42822e-06
1197 -8.35961e-06
1198 -8.302057e-06
1199 -8.302753e-06
1200 -8.211209e-06
1201 -8.255401e-06
1202 -8.184176e-06
1203 -8.123936e-06
1204 -8.074028e-06
1205 -7.968191e-06
1206 -8.050006e-06
1207 -8.010349e-06
1208 -8.024113e-06
1209 -8.026227e-06
1210 -7.974769e-06
1211 -7.948923e-06
1212 -8.021305e-06
1213 -8.037996e-06
1214 -8.031737e-06
1215 -8.064109e-06
1216 -8.093343e-06
1217 -8.081966e-06
1218 -8.042116e-06
1219 -8.154966e-06
1220 -8.110331e-06
1221 -8.07391e-06
1222 -8.070339e-06
1223 -8.041071e-06
1224 -8.025452e-06
1225 -8.059294e-06
1226 -8.009808e-06
1227 -7.978103e-06
1228 -7.918574e-06
1229 -7.832159e-06
1230 -7.779443e-06
1231 -7.734714e-06
1232 -7.663494e-06
1233 -7.611942e-06
1234 -7.546891e-06
1235 -7.535762e-06
1236 -7.449404e-06
1237 -7.550054e-06
1238 -7.538049e-06
1239 -7.559847e-06
1240 -7.563486e-06
1241 -7.5477e-06
1242 -7.577356e-06
1243 -7.621703e-06
1244 -7.687126e-06
1245 -7.685147e-06
1246 -7.69714e-06
1247 -7.747558e-06
1248 -7.749336e-06
1249 -7.702209e-06
1250 -7.739985e-06
1251 -7.681464e-06
1252 -7.614031e-06
1253 -7.611879e-06
1254 -7.586088e-06
1255 -7.506694e-06
1256 -7.51983e-06
1257 -7.373687e-06
1258 -7.309714e-06
1259 -7.273827e-06
1260 -7.25114e-06
1261 -7.152671e-06
1262 -7.083682e-06
1263 -6.969395e-06
1264 -6.908522e-06
1265 -6.864221e-06
1266 -6.921737e-06
1267 -6.818455e-06
1268 -6.867747e-06
1269 -6.930253e-06
1270 -6.926542e-06
1271 -6.99346e-06
1272 -6.995224e-06
1273 -6.994349e-06
1274 -7.048878e-06
1275 -7.058673e-06
1276 -7.076385e-06
1277 -7.133888e-06
1278 -7.093194e-06
1279 -7.104641e-06
1280 -7.109526e-06
1281 -7.106259e-06
1282 -7.042156e-06
1283 -7.050064e-06
1284 -6.992975e-06
1285 -6.876613e-06
1286 -6.856797e-06
1287 -6.82369e-06
1288 -6.727233e-06
1289 -6.625673e-06
1290 -6.591705e-06
1291 -6.498134e-06
1292 -6.416857e-06
1293 -6.380626e-06
1294 -6.38391e-06
1295 -6.385853e-06
1296 -6.363541e-06
1297 -6.376633e-06
1298 -6.406534e-06
1299 -6.464531e-06
1300 -6.394662e-06
1301 -6.392463e-06
1302 -6.395479e-06
1303 -6.360464e-06
1304 -6.40183e-06
1305 -6.416816e-06
1306 -6.378138e-06
1307 -6.436132e-06
1308 -6.352368e-06
1309 -6.294611e-06
1310 -6.265373e-06
1311 -6.23948e-06
1312 -6.180805e-06
1313 -6.144561e-06
1314 -6.088928e-06
1315 -6.06893e-06
1316 -6.009133e-06
1317 -5.984338e-06
1318 -5.926974e-06
1319 -5.964829e-06
1320 -5.899697e-06
1321 -5.859074e-06
1322 -5.803533e-06
1323 -5.777498e-06
1324 -5.795617e-06
1325 -5.777868e-06
1326 -5.797403e-06
1327 -5.856195e-06
1328 -5.78492e-06
1329 -5.78726e-06
1330 -5.813039e-06
1331 -5.784987e-06
1332 -5.770998e-06
1333 -5.744976e-06
1334 -5.721265e-06
1335 -5.685511e-06
1336 -5.652374e-06
1337 -5.602804e-06
1338 -5.60027e-06
1339 -5.508696e-06
1340 -5.465098e-06
1341 -5.410095e-06
1342 -5.4211e-06
1343 -5.447432e-06
1344 -5.488173e-06
1345 -5.388844e-06
1346 -5.377425e-06
1347 -5.390157e-06
1348 -5.33031e-06
1349 -5.312163e-06
1350 -5.323704e-06
1351 -5.292727e-06
1352 -5.345715e-06
1353 -5.3065e-06
1354 -5.223522e-06
1355 -5.159658e-06
1356 -5.147464e-06
1357 -5.109071e-06
1358 -5.03451e-06
1359 -4.979391e-06
1360 -4.983235e-06
1361 -4.991204e-06
1362 -4.893573e-06
1363 -4.928182e-06
1364 -4.870805e-06
1365 -4.897991e-06
1366 -4.943692e-06
1367 -4.951347e-06
1368 -4.932355e-06
1369 -4.981012e-06
1370 -4.954307e-06
1371 -4.922151e-06
1372 -4.890896e-06
1373 -4.845281e-06
1374 -4.84768e-06
1375 -4.800081e-06
1376 -4.719396e-06
1377 -4.700145e-06
1378 -4.642873e-06
1379 -4.550803e-06
1380 -4.558479e-06
1381 -4.575026e-06
1382 -4.492103e-06
1383 -4.472787e-06
1384 -4.47385e-06
1385 -4.427135e-06
1386 -4.41386e-06
1387 -4.404028e-06
1388 -4.394612e-06
1389 -4.428262e-06
1390 -4.460111e-06
1391 -4.450435e-06
1392 -4.436627e-06
1393 -4.366214e-06
1394 -4.367871e-06
1395 -4.307608e-06
1396 -4.358562e-06
1397 -4.334185e-06
1398 -4.294462e-06
1399 -4.235221e-06
1400 -4.126607e-06
1401 -4.109178e-06
1402 -4.139216e-06
1403 -4.107776e-06
1404 -4.041648e-06
1405 -4.078749e-06
1406 -4.046442e-06
1407 -4.068944e-06
1408 -4.052678e-06
1409 -4.037877e-06
1410 -4.004802e-06
1411 -4.028647e-06
1412 -4.009933e-06
1413 -3.960078e-06
1414 -4.07147e-06
1415 -4.071167e-06
1416 -4.05218e-06
1417 -4.014234e-06
1418 -3.937088e-06
1419 -3.957166e-06
1420 -3.882686e-06
1421 -3.906722e-06
1422 -3.839255e-06
1423 -3.80907e-06
1424 -3.834681e-06
1425 -3.813509e-06
1426 -3.743386e-06
1427 -3.607689e-06
1428 -3.569861e-06
1429 -3.483412e-06
1430 -3.485879e-06
1431 -3.434481e-06
1432 -3.428656e-06
1433 -3.428721e-06
1434 -3.43497e-06
1435 -3.438948e-06
1436 -3.448802e-06
1437 -3.533237e-06
1438 -3.556317e-06
1439 -3.545539e-06
1440 -3.610065e-06
1441 -3.59156e-06
1442 -3.580254e-06
1443 -3.588993e-06
1444 -3.565398e-06
1445 -3.548279e-06
1446 -3.476489e-06
1447 -3.472597e-06
1448 -3.395825e-06
1449 -3.356044e-06
1450 -3.315785e-06
1451 -3.286545e-06
1452 -3.236974e-06
1453 -3.211416e-06
1454 -3.18732e-06
1455 -3.128535e-06
1456 -3.107661e-06
1457 -3.081161e-06
1458 -3.051066e-06
1459 -3.029544e-06
1460 -2.983435e-06
1461 -2.95512e-06
1462 -3.027776e-06
1463 -3.00373e-06
1464 -2.978593e-06
1465 -3.02533e-06
1466 -3.044944e-06
1467 -3.073522e-06
1468 -3.054535e-06
1469 -3.176279e-06
1470 -3.128947e-06
1471 -3.194399e-06
1472 -3.207599e-06
1473 -3.150138e-06
1474 -3.089939e-06
1475 -3.054444e-06
1476 -2.988583e-06
1477 -2.913867e-06
1478 -2.817121e-06
1479 -2.849378e-06
1480 -2.753669e-06
1481 -2.681057e-06
1482 -2.62847e-06
1483 -2.694409e-06
1484 -2.64418e-06
1485 -2.566763e-06
1486 -2.603098e-06
1487 -2.544477e-06
1488 -2.553217e-06
1489 -2.621073e-06
1490 -2.562722e-06
1491 -2.570884e-06
1492 -2.628397e-06
1493 -2.62736e-06
1494 -2.631311e-06
1495 -2.57232e-06
1496 -2.562747e-06
1497 -2.510099e-06
1498 -2.570227e-06
1499 -2.612096e-06
1500 -2.521516e-06
1501 -2.490565e-06
1502 -2.434101e-06
1503 -2.480226e-06
1504 -2.411875e-06
1505 -2.366894e-06
1506 -2.401612e-06
1507 -2.473232e-06
1508 -2.416078e-06
1509 -2.363801e-06
1510 -2.373166e-06
1511 -2.38688e-06
1512 -2.385779e-06
1513 -2.351062e-06
1514 -2.313387e-06
1515 -2.286103e-06
1516 -2.308532e-06
1517 -2.230697e-06
1518 -2.251451e-06
1519 -2.216743e-06
1520 -2.182557e-06
1521 -2.185539e-06
1522 -2.133075e-06
1523 -2.066738e-06
1524 -2.062769e-06
1525 -2.095579e-06
1526 -2.095475e-06
1527 -2.092589e-06
1528 -2.111942e-06
1529 -2.07546e-06
1530 -2.064033e-06
1531 -2.060716e-06
1532 -2.050555e-06
1533 -2.008041e-06
1534 -2.011671e-06
1535 -1.971706e-06
1536 -2.015242e-06
1537 -1.997667e-06
1538 -2.03165e-06
1539 -1.961725e-06
1540 -1.987031e-06
1541 -1.937795e-06
1542 -1.970637e-06
1543 -2.065269e-06
1544 -1.994421e-06
1545 -2.017973e-06
1546 -2.041945e-06
1547 -2.006542e-06
1548 -1.902489e-06
1549 -1.887878e-06
1550 -1.805963e-06
1551 -1.692298e-06
1552 -1.692455e-06
1553 -1.692343e-06
1554 -1.679544e-06
1555 -1.725739e-06
1556 -1.67541e-06
1557 -1.643242e-06
1558 -1.622611e-06
1559 -1.670797e-06
1560 -1.666537e-06
1561 -1.674858e-06
1562 -1.702958e-06
1563 -1.795105e-06
1564 -1.779467e-06
1565 -1.837099e-06
1566 -1.753769e-06
1567 -1.717058e-06
1568 -1.798993e-06
1569 -1.783321e-06
1570 -1.71825e-06
1571 -1.605941e-06
1572 -1.602513e-06
1573 -1.555463e-06
1574 -1.550532e-06
1575 -1.492068e-06
1576 -1.47052e-06
1577 -1.506309e-06
1578 -1.423279e-06
1579 -1.420475e-06
1580 -1.426042e-06
1581 -1.414646e-06
1582 -1.494206e-06
1583 -1.512594e-06
1584 -1.557445e-06
1585 -1.559044e-06
1586 -1.511222e-06
1587 -1.448014e-06
1588 -1.520738e-06
1589 -1.502238e-06
1590 -1.45633e-06
1591 -1.450505e-06
1592 -1.403883e-06
1593 -1.375104e-06
1594 -1.317916e-06
1595 -1.269591e-06
1596 -1.326271e-06
1597 -1.298478e-06
1598 -1.291661e-06
1599 -1.271985e-06
1600 -1.237101e-06
1601 -1.264718e-06
1602 -1.242407e-06
1603 -1.263313e-06
1604 -1.285556e-06
1605 -1.247628e-06
1606 -1.245262e-06
1607 -1.267858e-06
1608 -1.304467e-06
1609 -1.356236e-06
1610 -1.36251e-06
1611 -1.331104e-06
1612 -1.30427e-06
1613 -1.271917e-06
1614 -1.237204e-06
1615 -1.243077e-06
1616 -1.216056e-06
1617 -1.272766e-06
1618 -1.246456e-06
1619 -1.233878e-06
1620 -1.221325e-06
1621 -1.276387e-06
1622 -1.210604e-06
1623 -1.1896e-06
1624 -1.191674e-06
1625 -1.170673e-06
1626 -1.133961e-06
1627 -1.137955e-06
1628 -1.086855e-06
1629 -1.038112e-06
1630 -1.047238e-06
1631 -1.053488e-06
1632 -1.016296e-06
1633 -1.023715e-06
1634 -1.060869e-06
1635 -9.961241e-07
1636 -9.169791e-07
1637 -8.265706e-07
1638 -8.682379e-07
1639 -8.932689e-07
1640 -9.31475e-07
1641 -9.0116e-07
1642 -8.979291e-07
1643 -9.234951e-07
1644 -9.281143e-07
1645 -9.899161e-07
1646 -1.043641e-06
1647 -1.070104e-06
1648 -1.051913e-06
1649 -1.039964e-06
1650 -1.034191e-06
1651 -1.096955e-06
1652 -1.040608e-06
1653 -1.064568e-06
1654 -1.017381e-06
1655 -1.005978e-06
1656 -9.915474e-07
1657 -9.356196e-07
1658 -8.988787e-07
1659 -8.597015e-07
1660 -8.472502e-07
1661 -8.909635e-07
1662 -8.524696e-07
1663 -9.020904e-07
1664 -8.389311e-07
1665 -8.013598e-07
1666 -7.259891e-07
1667 -7.349464e-07
1668 -7.389653e-07
1669 -6.978356e-07
1670 -6.305562e-07
1671 -6.989416e-07
1672 -7.152676e-07
1673 -7.820666e-07
1674 -7.651112e-07
1675 -7.62961e-07
1676 -7.811156e-07
1677 -8.451415e-07
1678 -8.887431e-07
1679 -8.993901e-07
1680 -8.764984e-07
1681 -8.321153e-07
1682 -8.443341e-07
1683 -8.610889e-07
1684 -8.662477e-07
1685 -8.314171e-07
1686 -7.692599e-07
1687 -7.991267e-07
1688 -7.254836e-07
1689 -7.381713e-07
1690 -7.216087e-07
1691 -6.549734e-07
1692 -6.546269e-07
1693 -6.008698e-07
1694 -5.697812e-07
1695 -5.465589e-07
1696 -5.401015e-07
1697 -5.348455e-07
1698 -5.708649e-07
1699 -5.641848e-07
1700 -5.100663e-07
1701 -5.610472e-07
1702 -5.859277e-07
1703 -5.07328e-07
1704 -4.73907e-07
1705 -4.84976e-07
1706 -5.350549e-07
1707 -4.957673e-07
1708 -4.993012e-07
1709 -5.338601e-07
1710 -5.571782e-07
1711 -5.491368e-07
1712 -5.865297e-07
1713 -5.789607e-07
1714 -5.967926e-07
1715 -6.336537e-07
1716 -5.64028e-07
1717 -6.092454e-07
1718 -5.823038e-07
1719 -5.937068e-07
1720 -5.900673e-07
1721 -5.698584e-07
1722 -5.739874e-07
1723 -4.420985e-07
1724 -4.632664e-07
1725 -4.126292e-07
1726 -3.486499e-07
1727 -3.59495e-07
1728 -3.381176e-07
1729 -2.880245e-07
1730 -3.587853e-07
1731 -3.992384e-07
1732 -4.600173e-07
1733 -4.50894e-07
1734 -4.284922e-07
1735 -4.30116e-07
1736 -4.69883e-07
1737 -4.773829e-07
1738 -5.220128e-07
1739 -4.95894e-07
1740 -4.200874e-07
1741 -4.085336e-07
1742 -4.067791e-07
1743 -3.430932e-07
1744 -3.373337e-07
1745 -3.166224e-07
1746 -3.433841e-07
1747 -2.877454e-07
1748 -2.478357e-07
1749 -1.750844e-07
1750 -1.77827e-07
1751 -2.167486e-07
1752 -1.920663e-07
1753 -2.348252e-07
1754 -2.350391e-07
1755 -2.872129e-07
1756 -2.957033e-07
1757 -2.590626e-07
1758 -3.219921e-07
1759 -3.446737e-07
1760 -3.660153e-07
1761 -4.145565e-07
1762 -4.652936e-07
1763 -5.137946e-07
1764 -5.00991e-07
1765 -5.171229e-07
1766 -4.839503e-07
1767 -4.455592e-07
1768 -4.00019e-07
1769 -3.955361e-07
1770 -4.131939e-07
1771 -2.805042e-07
1772 -2.138461e-07
1773 -1.631156e-07
1774 -1.251974e-07
1775 -8.117689e-08
1776 -6.493845e-08
1777 -2.28958e-08
1778 -4.438509e-08
1779 7.238567e-08
1780 8.763674e-08
1781 4.932161e-08
1782 2.841563e-09
1783 -5.366243e-08
1784 -1.67304e-07
1785 -2.471677e-07
1786 -3.16552e-07
1787 -3.060676e-07
1788 -3.857513e-07
1789 -3.287641e-07
1790 -3.744458e-07
1791 -3.735243e-07
1792 -3.75004e-07
1793 -3.378008e-07
1794 -2.885092e-07
1795 -2.76665e-07
1796 -2.175165e-07
1797 -1.869891e-07
1798 -5.583246e-08
1799 -5.840851e-08
1800 -8.048787e-08
1801 -3.429992e-08
1802 -8.684622e-09
1803 -2.417908e-08
1804 -5.676694e-08
1805 6.238197e-09
1806 -2.522306e-08
1807 8.121437e-09
1808 -2.009448e-09
1809 -1.819306e-08
1810 -5.211542e-08
1811 -8.441341e-08
1812 -9.268236e-08
1813 -7.855408e-08
1814 -1.053418e-07
1815 -1.252724e-07
1816 -1.338849e-07
1817 -1.797595e-07
1818 -1.844193e-07
1819 -2.439556e-07
1820 -2.10162e-07
1821 -2.213437e-07
1822 -2.069054e-07
1823 -2.789125e-07
1824 -1.083348e-07
1825 -1.485098e-07
1826 -1.017829e-07
1827 -2.880388e-08
1828 -8.690094e-09
1829 5.40875e-09
1830 -2.081642e-08
1831 -3.03231e-08
1832 -3.211159e-08
1833 6.460857e-08
1834 1.099938e-07
1835 1.250831e-07
1836 1.537371e-07
1837 1.622686e-07
1838 1.171985e-07
1839 1.337639e-07
1840 5.010558e-08
1841 4.982102e-09
1842 2.839953e-08
1843 -3.594385e-08
1844 -6.601876e-09
1845 -5.856806e-08
1846 -3.696679e-08
1847 -5.366237e-08
1848 -7.11515e-08
1849 2.780518e-09
1850 -4.616036e-08
1851 -2.102144e-08
1852 3.068977e-09
1853 1.73496e-08
1854 4.679925e-08
1855 8.023218e-08
1856 4.730094e-08
1857 1.363612e-07
1858 9.397782e-08
1859 6.790602e-08
1860 1.208174e-07
1861 1.192255e-07
1862 6.888134e-08
1863 6.0152e-08
1864 6.718069e-08
1865 6.490851e-08
1866 2.343925e-08
1867 5.822087e-08
1868 3.246476e-08
1869 1.58035e-08
1870 -7.068536e-09
1871 -6.376709e-09
1872 1.416824e-09
1873 4.813556e-08
1874 1.053996e-07
1875 1.477827e-07
1876 1.563638e-07
1877 2.323204e-07
1878 2.140156e-07
1879 2.271177e-07
1880 2.105492e-07
1881 2.52806e-07
1882 2.478087e-07
1883 2.715495e-07
1884 1.949612e-07
1885 2.334708e-07
1886 2.177405e-07
1887 2.428544e-07
1888 2.610232e-07
1889 2.26116e-07
1890 1.904866e-07
1891 1.896076e-07
1892 1.941898e-07
1893 1.610323e-07
1894 1.873307e-07
1895 1.603701e-07
1896 1.010314e-07
1897 7.525539e-08
1898 9.731382e-08
1899 5.37174e-08
1900 4.435882e-08
1901 7.929955e-08
1902 7.166417e-08
1903 7.673169e-08
1904 1.517739e-07
1905 1.66424e-07
1906 2.120935e-07
1907 2.37405e-07
1908 2.197029e-07
1909 1.808188e-07
1910 2.196139e-07
1911 2.659263e-07
1912 2.633548e-07
1913 2.246901e-07
1914 2.514985e-07
1915 2.628038e-07
1916 3.298591e-07
1917 3.638449e-07
1918 3.868078e-07
1919 2.888227e-07
1920 3.435253e-07
1921 3.513483e-07
1922 3.666352e-07
1923 3.5829e-07
1924 3.231396e-07
1925 2.768861e-07
1926 2.108606e-07
1927 1.654003e-07
1928 1.628579e-07
1929 1.154348e-07
1930 1.46659e-07
1931 1.711958e-07
1932 1.47905e-07
1933 1.91584e-07
1934 1.617911e-07
1935 2.113471e-07
1936 2.293941e-07
1937 2.180967e-07
1938 2.230791e-07
1939 1.9534e-07
1940 2.397675e-07
1941 2.121396e-07
1942 2.108819e-07
1943 2.725559e-07
1944 3.090915e-07
1945 2.614153e-07
1946 3.44561e-07
1947 3.162112e-07
1948 3.558544e-07
1949 2.763347e-07
1950 3.098978e-07
1951 2.941103e-07
1952 2.728003e-07
1953 2.823871e-07
1954 2.934597e-07
1955 2.85832e-07
1956 2.45744e-07
1957 2.565395e-07
1958 2.647666e-07
1959 3.016856e-07
1960 3.720264e-07
1961 4.137883e-07
1962 3.618193e-07
1963 3.702926e-07
1964 3.786539e-07
1965 4.487727e-07
1966 4.425053e-07
1967 3.801676e-07
1968 3.70725e-07
1969 3.361752e-07
1970 2.95466e-07
1971 2.813284e-07
1972 3.167583e-07
1973 3.290791e-07
1974 3.490894e-07
1975 3.312749e-07
1976 2.789719e-07
1977 3.07395e-07
1978 2.453109e-07
1979 3.095923e-07
1980 3.574213e-07
1981 3.68972e-07
1982 3.423788e-07
1983 4.165807e-07
1984 4.306489e-07
1985 4.768386e-07
1986 4.466231e-07
1987 4.201424e-07
1988 4.85544e-07
1989 4.665478e-07
1990 4.852797e-07
1991 4.454384e-07
1992 3.982168e-07
1993 3.850607e-07
1994 3.555633e-07
1995 3.56167e-07
1996 3.716126e-07
1997 3.626699e-07
1998 3.261054e-07
1999 2.991418e-07
2000 3.19962e-07
