"report-file-4"
"Iteration" "report-def-0"
("Iteration" "report-def-0")
1 0.239738
2 0.06893971
3 0.05173624
4 0.07721185
5 0.02737475
6 0.0448354
7 0.03146633
8 0.01852265
9 0.00602728
10 0.005560623
11 -0.003027756
12 0.000724875
13 0.0007442025
14 0.002701778
15 0.003307119
16 0.003885636
17 0.004343465
18 0.004926448
19 0.005006509
20 0.004933124
21 0.005042472
22 0.004876749
23 0.00485829
24 0.004401155
25 0.00437472
26 0.004522218
27 0.004493344
28 0.004572785
29 0.004615205
30 0.004572724
31 0.004539724
32 0.004526585
33 0.004474691
34 0.004405815
35 0.004364386
36 0.004322519
37 0.004271565
38 0.004250913
39 0.004242543
40 0.004215175
41 0.004177824
42 0.004124091
43 0.004095271
44 0.00405727
45 0.004024914
46 0.003998475
47 0.003955319
48 0.003928674
49 0.003863527
50 0.003815408
51 0.003779722
52 0.003730569
53 0.003703752
54 0.003658793
55 0.003591372
56 0.003547052
57 0.003489177
58 0.003427187
59 0.003377656
60 0.003330131
61 0.003277506
62 0.003231837
63 0.003187825
64 0.003162023
65 0.003112136
66 0.00307359
67 0.003035875
68 0.003025211
69 0.003015186
70 0.002992651
71 0.002978622
72 0.002946833
73 0.002914777
74 0.002886037
75 0.002848275
76 0.002821685
77 0.00280515
78 0.002784129
79 0.00277043
80 0.002763024
81 0.002746903
82 0.002742082
83 0.002724256
84 0.00272324
85 0.002709001
86 0.002704663
87 0.002697204
88 0.002685964
89 0.002686375
90 0.002680329
91 0.002673696
92 0.002673381
93 0.002665992
94 0.002669001
95 0.00266015
96 0.002655323
97 0.00265017
98 0.002647564
99 0.002651681
100 0.002654639
101 0.002659397
102 0.002644532
103 0.002648013
104 0.002646634
105 0.002638433
106 0.002625275
107 0.002612467
108 0.002589369
109 0.002578328
110 0.002570824
111 0.00256533
112 0.002560768
113 0.002557022
114 0.002549137
115 0.002538417
116 0.002517504
117 0.002499637
118 0.002480845
119 0.002464396
120 0.002447675
121 0.002427302
122 0.002409287
123 0.002390964
124 0.002368175
125 0.002341672
126 0.002317599
127 0.002299432
128 0.002274502
129 0.002249682
130 0.002223089
131 0.002195745
132 0.00217066
133 0.002144848
134 0.002118939
135 0.002090662
136 0.002067874
137 0.002039719
138 0.00200878
139 0.0019801
140 0.001952522
141 0.001927549
142 0.001897448
143 0.00186934
144 0.001843577
145 0.001821102
146 0.001799754
147 0.001774806
148 0.001746751
149 0.001716505
150 0.00168489
151 0.001655027
152 0.00162775
153 0.001600055
154 0.001572729
155 0.001549375
156 0.001526067
157 0.001504628
158 0.001477741
159 0.001454352
160 0.001431459
161 0.001406349
162 0.001383082
163 0.001358686
164 0.001333335
165 0.00130921
166 0.001284854
167 0.001261384
168 0.00123778
169 0.001211907
170 0.001189488
171 0.00116457
172 0.001140892
173 0.001115965
174 0.001095243
175 0.00107005
176 0.001042845
177 0.001018444
178 0.0009976609
179 0.0009749463
180 0.0009521882
181 0.0009253412
182 0.0009006154
183 0.0008774626
184 0.0008497135
185 0.0008290275
186 0.0008039839
187 0.0007817753
188 0.0007570713
189 0.0007299004
190 0.0007030308
191 0.0006783836
192 0.0006574945
193 0.0006324438
194 0.0006089981
195 0.0005904669
196 0.0005679058
197 0.000544971
198 0.0005213743
199 0.0004994445
200 0.0004774207
201 0.0004556227
202 0.0004341028
203 0.0004116245
204 0.0003891801
205 0.000368664
206 0.0003476137
207 0.0003276
208 0.00030984
209 0.0002905517
210 0.0002740563
211 0.0002559012
212 0.0002352847
213 0.0002144353
214 0.0002002922
215 0.0001795691
216 0.0001590201
217 0.0001389119
218 0.0001198032
219 0.0001004901
220 8.290476e-05
221 6.531763e-05
222 4.811661e-05
223 3.110871e-05
224 1.444034e-05
225 -2.066782e-06
226 -1.832712e-05
227 -3.461243e-05
228 -5.060547e-05
229 -6.014717e-05
230 -8.161379e-05
231 -9.064789e-05
232 -0.0001120453
233 -0.0001220406
234 -0.0001367746
235 -0.0001529679
236 -0.0001681001
237 -0.0001854672
238 -0.0002015127
239 -0.0002160009
240 -0.0002288726
241 -0.0002414347
242 -0.0002543
243 -0.0002658056
244 -0.0002718695
245 -0.0002899801
246 -0.0002931757
247 -0.0003137629
248 -0.0003152925
249 -0.0003357609
250 -0.0003384923
251 -0.0003590286
252 -0.0003620161
253 -0.0003768265
254 -0.0003816858
255 -0.0003990685
256 -0.0004022929
257 -0.0004121835
258 -0.0004174647
259 -0.0004275872
260 -0.0004335719
261 -0.0004452895
262 -0.000450658
263 -0.0004588505
264 -0.0004639838
265 -0.0004731517
266 -0.0004772297
267 -0.0004841823
268 -0.0004894319
269 -0.000494037
270 -0.0005002263
271 -0.0005067406
272 -0.0005119896
273 -0.0005164741
274 -0.000521721
275 -0.0005267261
276 -0.0005313728
277 -0.0005367314
278 -0.0005408892
279 -0.0005442708
280 -0.0005492646
281 -0.0005532909
282 -0.0005561318
283 -0.0005587931
284 -0.0005611188
285 -0.0005623358
286 -0.0005632144
287 -0.0005650599
288 -0.0005669511
289 -0.0005684984
290 -0.0005695711
291 -0.0005713556
292 -0.0005718571
293 -0.00057274
294 -0.0005742205
295 -0.0005748809
296 -0.0005763883
297 -0.0005770508
298 -0.0005771612
299 -0.0005772817
300 -0.0005795551
301 -0.0005776861
302 -0.0005794977
303 -0.0005766012
304 -0.0005771953
305 -0.0005739127
306 -0.000575438
307 -0.0005749854
308 -0.0005737007
309 -0.0005722463
310 -0.0005699398
311 -0.0005678947
312 -0.0005657849
313 -0.0005634861
314 -0.0005613195
315 -0.0005594881
316 -0.0005577999
317 -0.0005560494
318 -0.0005544157
319 -0.0005523439
320 -0.0005505546
321 -0.0005487911
322 -0.0005468584
323 -0.0005455575
324 -0.0005436596
325 -0.0005418272
326 -0.0005401634
327 -0.0005381862
328 -0.0005395616
329 -0.0005336293
330 -0.000534528
331 -0.0005286315
332 -0.0005297773
333 -0.0005239007
334 -0.000524993
335 -0.0005227927
336 -0.0005201806
337 -0.0005172441
338 -0.0005138263
339 -0.0005106676
340 -0.0005084096
341 -0.0005055133
342 -0.0005022202
343 -0.0004997047
344 -0.0004973407
345 -0.0004952542
346 -0.0004936763
347 -0.0004920789
348 -0.0004902804
349 -0.0004886524
350 -0.0004873301
351 -0.0004855487
352 -0.0004837405
353 -0.0004820048
354 -0.0004796163
355 -0.0004766457
356 -0.0004738429
357 -0.0004710939
358 -0.0004686333
359 -0.0004658706
360 -0.0004632147
361 -0.0004610463
362 -0.0004585224
363 -0.0004567319
364 -0.000455451
365 -0.0004536956
366 -0.0004525075
367 -0.0004510368
368 -0.0004493407
369 -0.0004482718
370 -0.0004469272
371 -0.0004450188
372 -0.0004459321
373 -0.0004423322
374 -0.0004427526
375 -0.0004383699
376 -0.0004391874
377 -0.0004348746
378 -0.0004356769
379 -0.0004315604
380 -0.0004317575
381 -0.0004269824
382 -0.0004269453
383 -0.0004223535
384 -0.0004230888
385 -0.0004184796
386 -0.0004194621
387 -0.0004188187
388 -0.0004151769
389 -0.0004160675
390 -0.0004155246
391 -0.0004152453
392 -0.000414903
393 -0.0004118701
394 -0.0004131126
395 -0.0004126043
396 -0.0004112966
397 -0.0004099324
398 -0.0004077487
399 -0.0004060652
400 -0.0004011393
401 -0.000400819
402 -0.0003997084
403 -0.0003980972
404 -0.0003964906
405 -0.0003948199
406 -0.0003935201
407 -0.0003883676
408 -0.0003888978
409 -0.0003879074
410 -0.0003867847
411 -0.0003854675
412 -0.0003847088
413 -0.000381114
414 -0.0003810705
415 -0.0003801176
416 -0.0003767142
417 -0.0003763999
418 -0.0003736243
419 -0.0003732007
420 -0.0003699846
421 -0.0003692781
422 -0.0003680645
423 -0.0003664813
424 -0.0003649463
425 -0.0003611809
426 -0.0003595567
427 -0.0003578089
428 -0.0003532846
429 -0.0003524995
430 -0.0003506976
431 -0.0003461843
432 -0.000345254
433 -0.0003433349
434 -0.0003414101
435 -0.0003368251
436 -0.0003359537
437 -0.000334372
438 -0.0003326938
439 -0.0003308299
440 -0.0003285239
441 -0.0003263589
442 -0.000323614
443 -0.0003184863
444 -0.000317341
445 -0.0003168547
446 -0.0003151572
447 -0.0003123003
448 -0.000309788
449 -0.0003071376
450 -0.0003044179
451 -0.0003016234
452 -0.0002986008
453 -0.0002955417
454 -0.0002923061
455 -0.0002887597
456 -0.0002854857
457 -0.0002824578
458 -0.0002797492
459 -0.0002770581
460 -0.0002741693
461 -0.0002709548
462 -0.0002680907
463 -0.0002664172
464 -0.0002643355
465 -0.000261942
466 -0.0002596734
467 -0.0002573837
468 -0.0002550545
469 -0.0002524941
470 -0.0002498817
471 -0.0002474432
472 -0.0002447469
473 -0.0002421239
474 -0.0002394849
475 -0.0002366503
476 -0.0002337553
477 -0.0002309668
478 -0.000228347
479 -0.0002255896
480 -0.0002228009
481 -0.0002202997
482 -0.0002173043
483 -0.0002147274
484 -0.0002120309
485 -0.0002092737
486 -0.0002070303
487 -0.0002049387
488 -0.0002028036
489 -0.0002007805
490 -0.0001989093
491 -0.000196979
492 -0.0001949641
493 -0.0001928526
494 -0.0001910727
495 -0.0001892365
496 -0.0001870598
497 -0.0001849146
498 -0.0001828784
499 -0.0001806603
500 -0.0001783753
501 -0.0001760715
502 -0.00017385
503 -0.0001712464
504 -0.0001687003
505 -0.0001663629
506 -0.0001640966
507 -0.0001617717
508 -0.0001595767
509 -0.0001573313
510 -0.000155542
511 -0.0001537217
512 -0.0001521146
513 -0.000150162
514 -0.0001481946
515 -0.0001464538
516 -0.0001444536
517 -0.0001425141
518 -0.0001403993
519 -0.0001384868
520 -0.0001366203
521 -0.0001348229
522 -0.0001330065
523 -0.0001312784
524 -0.0001298623
525 -0.0001283761
526 -0.000126899
527 -0.0001252374
528 -0.0001238418
529 -0.0001224348
530 -0.0001207615
531 -0.0001192721
532 -0.0001173592
533 -0.0001155329
534 -0.0001137143
535 -0.0001120596
536 -0.0001103965
537 -0.0001086799
538 -0.0001072061
539 -0.0001054986
540 -0.0001038059
541 -0.000102272
542 -0.0001004773
543 -9.880076e-05
544 -9.714772e-05
545 -9.539913e-05
546 -9.377804e-05
547 -9.206194e-05
548 -9.049798e-05
549 -8.903699e-05
550 -8.761101e-05
551 -8.595568e-05
552 -8.429476e-05
553 -8.278203e-05
554 -8.130021e-05
555 -7.980747e-05
556 -7.816613e-05
557 -7.655718e-05
558 -7.495277e-05
559 -7.351423e-05
560 -7.195431e-05
561 -7.006731e-05
562 -6.830782e-05
563 -6.666644e-05
564 -6.502482e-05
565 -6.332712e-05
566 -6.138939e-05
567 -5.973268e-05
568 -5.788669e-05
569 -5.610622e-05
570 -5.431987e-05
571 -5.262408e-05
572 -5.074711e-05
573 -4.895271e-05
574 -4.719949e-05
575 -4.551791e-05
576 -4.366275e-05
577 -4.200812e-05
578 -4.028773e-05
579 -3.857373e-05
580 -3.702737e-05
581 -3.542747e-05
582 -3.366722e-05
583 -3.211957e-05
584 -3.034961e-05
585 -2.858231e-05
586 -2.689457e-05
587 -2.513739e-05
588 -2.366622e-05
589 -2.210605e-05
590 -2.043684e-05
591 -1.894681e-05
592 -1.726624e-05
593 -1.563225e-05
594 -1.389189e-05
595 -1.229489e-05
596 -1.052386e-05
597 -8.669673e-06
598 -6.933643e-06
599 -5.256648e-06
600 -3.66831e-06
601 -1.960582e-06
602 -1.418475e-07
603 2.00573e-06
604 3.712974e-06
605 5.583935e-06
606 7.332461e-06
607 9.101588e-06
608 1.088674e-05
609 1.260307e-05
610 1.436925e-05
611 1.588617e-05
612 1.744225e-05
613 1.901328e-05
614 2.073115e-05
615 2.215247e-05
616 2.343865e-05
617 2.501594e-05
618 2.643481e-05
619 2.761398e-05
620 2.874333e-05
621 3.003748e-05
622 3.125075e-05
623 3.273381e-05
624 3.399129e-05
625 3.544155e-05
626 3.676894e-05
627 3.817314e-05
628 3.952767e-05
629 4.100109e-05
630 4.247053e-05
631 4.397206e-05
632 4.568779e-05
633 4.729829e-05
634 4.875203e-05
635 5.02747e-05
636 5.172981e-05
637 5.318363e-05
638 5.45557e-05
639 5.568965e-05
640 5.689015e-05
641 5.826631e-05
642 5.947337e-05
643 6.066464e-05
644 6.163499e-05
645 6.270711e-05
646 6.38032e-05
647 6.478524e-05
648 6.578744e-05
649 6.682796e-05
650 6.794947e-05
651 6.891967e-05
652 6.994733e-05
653 7.101361e-05
654 7.192678e-05
655 7.318905e-05
656 7.419145e-05
657 7.528302e-05
658 7.633123e-05
659 7.736404e-05
660 7.829806e-05
661 7.910778e-05
662 8.000825e-05
663 8.075425e-05
664 8.159758e-05
665 8.248175e-05
666 8.334099e-05
667 8.415501e-05
668 8.49783e-05
669 8.571729e-05
670 8.654046e-05
671 8.73786e-05
672 8.809262e-05
673 8.882167e-05
674 8.962196e-05
675 9.030821e-05
676 9.106025e-05
677 9.183851e-05
678 9.254555e-05
679 9.327317e-05
680 9.4018e-05
681 9.460588e-05
682 9.534761e-05
683 9.602964e-05
684 9.658247e-05
685 9.725198e-05
686 9.776387e-05
687 9.833466e-05
688 9.886415e-05
689 9.934029e-05
690 9.975615e-05
691 0.0001002293
692 0.0001006298
693 0.0001009529
694 0.0001013376
695 0.0001017338
696 0.0001020834
697 0.0001024515
698 0.0001027585
699 0.0001030902
700 0.0001034702
701 0.0001038716
702 0.0001042756
703 0.0001045472
704 0.0001048671
705 0.0001052998
706 0.0001056422
707 0.0001057121
708 0.0001058909
709 0.0001062539
710 0.0001065254
711 0.0001067135
712 0.0001068305
713 0.0001072117
714 0.0001073564
715 0.0001075115
716 0.0001075958
717 0.0001077153
718 0.0001076642
719 0.0001076569
720 0.0001076563
721 0.0001077309
722 0.0001078263
723 0.0001078048
724 0.0001077642
725 0.0001076677
726 0.0001076614
727 0.0001076514
728 0.000107677
729 0.0001076031
730 0.0001075533
731 0.0001076058
732 0.0001075774
733 0.0001073442
734 0.0001074508
735 0.0001074809
736 0.0001073771
737 0.0001073809
738 0.0001074032
739 0.0001074695
740 0.0001074354
741 0.0001072351
742 0.000106928
743 0.0001066555
744 0.0001063847
745 0.0001060141
746 0.0001058521
747 0.0001055103
748 0.0001052181
749 0.0001047168
750 0.000104418
751 0.0001040703
752 0.0001036277
753 0.0001033658
754 0.0001030902
755 0.0001029029
756 0.0001027054
757 0.0001024671
758 0.0001020851
759 0.000101904
760 0.0001017538
761 0.0001015795
762 0.0001014201
763 0.0001011577
764 0.0001008526
765 0.0001005464
766 0.0001002402
767 9.992447e-05
768 9.947695e-05
769 9.905441e-05
770 9.856325e-05
771 9.799288e-05
772 9.737383e-05
773 9.690514e-05
774 9.619506e-05
775 9.582729e-05
776 9.513136e-05
777 9.449704e-05
778 9.390026e-05
779 9.330005e-05
780 9.269424e-05
781 9.216124e-05
782 9.157017e-05
783 9.081708e-05
784 9.037358e-05
785 8.989152e-05
786 8.912126e-05
787 8.860194e-05
788 8.788206e-05
789 8.750251e-05
790 8.692854e-05
791 8.637077e-05
792 8.584209e-05
793 8.554065e-05
794 8.490964e-05
795 8.447506e-05
796 8.389585e-05
797 8.339711e-05
798 8.278448e-05
799 8.240109e-05
800 8.176931e-05
801 8.119943e-05
802 8.052308e-05
803 7.978836e-05
804 7.913605e-05
805 7.855719e-05
806 7.787373e-05
807 7.718954e-05
808 7.653661e-05
809 7.578506e-05
810 7.512923e-05
811 7.455683e-05
812 7.382671e-05
813 7.312094e-05
814 7.241991e-05
815 7.164466e-05
816 7.09849e-05
817 7.032593e-05
818 6.96589e-05
819 6.900974e-05
820 6.840863e-05
821 6.76687e-05
822 6.707523e-05
823 6.653085e-05
824 6.575041e-05
825 6.507454e-05
826 6.449612e-05
827 6.364041e-05
828 6.30913e-05
829 6.226019e-05
830 6.153891e-05
831 6.085875e-05
832 6.01543e-05
833 5.96402e-05
834 5.891451e-05
835 5.830398e-05
836 5.781714e-05
837 5.716534e-05
838 5.656763e-05
839 5.590065e-05
840 5.528829e-05
841 5.468111e-05
842 5.405062e-05
843 5.335896e-05
844 5.249192e-05
845 5.183914e-05
846 5.114938e-05
847 5.036047e-05
848 4.96041e-05
849 4.889321e-05
850 4.817186e-05
851 4.757209e-05
852 4.696819e-05
853 4.6251e-05
854 4.551279e-05
855 4.494427e-05
856 4.427233e-05
857 4.381052e-05
858 4.327444e-05
859 4.294407e-05
860 4.238302e-05
861 4.182765e-05
862 4.14102e-05
863 4.081595e-05
864 4.012788e-05
865 3.958129e-05
866 3.898639e-05
867 3.830227e-05
868 3.763183e-05
869 3.69353e-05
870 3.618559e-05
871 3.544912e-05
872 3.482932e-05
873 3.410799e-05
874 3.352603e-05
875 3.298043e-05
876 3.242782e-05
877 3.169115e-05
878 3.104e-05
879 3.06036e-05
880 3.016616e-05
881 2.977917e-05
882 2.940456e-05
883 2.897069e-05
884 2.83827e-05
885 2.793344e-05
886 2.736526e-05
887 2.684986e-05
888 2.619458e-05
889 2.559139e-05
890 2.501272e-05
891 2.449585e-05
892 2.391021e-05
893 2.342305e-05
894 2.278071e-05
895 2.225878e-05
896 2.166682e-05
897 2.124492e-05
898 2.073075e-05
899 2.030515e-05
900 1.977544e-05
901 1.927286e-05
902 1.892657e-05
903 1.843964e-05
904 1.807127e-05
905 1.76895e-05
906 1.719349e-05
907 1.671732e-05
908 1.628827e-05
909 1.588206e-05
910 1.532724e-05
911 1.496118e-05
912 1.452169e-05
913 1.399367e-05
914 1.363911e-05
915 1.320727e-05
916 1.291857e-05
917 1.244585e-05
918 1.20404e-05
919 1.162037e-05
920 1.125534e-05
921 1.068847e-05
922 1.035452e-05
923 1.003432e-05
924 9.74395e-06
925 9.364707e-06
926 8.966706e-06
927 8.458821e-06
928 7.931866e-06
929 7.693432e-06
930 7.395674e-06
931 6.897749e-06
932 6.479336e-06
933 6.042595e-06
934 5.633573e-06
935 5.362757e-06
936 5.058758e-06
937 4.701349e-06
938 4.421254e-06
939 4.097129e-06
940 3.744759e-06
941 3.372129e-06
942 3.107964e-06
943 2.826778e-06
944 2.561176e-06
945 2.438208e-06
946 2.077314e-06
947 1.791665e-06
948 1.47075e-06
949 1.296717e-06
950 8.181609e-07
951 4.640087e-07
952 2.737853e-07
953 -1.172818e-07
954 -4.249865e-07
955 -7.183776e-07
956 -8.789602e-07
957 -1.236186e-06
958 -1.424314e-06
959 -1.70082e-06
960 -1.888143e-06
961 -2.031607e-06
962 -2.255259e-06
963 -2.359928e-06
964 -2.65091e-06
965 -2.727933e-06
966 -2.9255e-06
967 -3.109237e-06
968 -3.398784e-06
969 -3.680343e-06
970 -3.97131e-06
971 -4.032314e-06
972 -4.220649e-06
973 -4.548772e-06
974 -4.819223e-06
975 -5.108163e-06
976 -5.255903e-06
977 -5.439035e-06
978 -5.741207e-06
979 -5.982769e-06
980 -6.115597e-06
981 -6.3423e-06
982 -6.443202e-06
983 -6.582396e-06
984 -6.811948e-06
985 -6.945203e-06
986 -7.152274e-06
987 -7.216803e-06
988 -7.367953e-06
989 -7.422826e-06
990 -7.64926e-06
991 -7.793813e-06
992 -7.960254e-06
993 -8.127112e-06
994 -8.150511e-06
995 -8.3703e-06
996 -8.526216e-06
997 -8.638856e-06
998 -8.843776e-06
999 -8.906975e-06
1000 -9.035049e-06
1001 -9.327631e-06
1002 -9.453979e-06
1003 -9.621685e-06
1004 -9.716087e-06
1005 -9.729864e-06
1006 -9.898564e-06
1007 -9.956371e-06
1008 -1.010022e-05
1009 -1.022062e-05
1010 -1.018266e-05
1011 -1.036922e-05
1012 -1.042475e-05
1013 -1.058072e-05
1014 -1.059265e-05
1015 -1.067948e-05
1016 -1.083265e-05
1017 -1.097551e-05
1018 -1.105236e-05
1019 -1.12959e-05
1020 -1.145958e-05
1021 -1.149607e-05
1022 -1.163095e-05
1023 -1.183265e-05
1024 -1.207777e-05
1025 -1.216337e-05
1026 -1.208483e-05
1027 -1.223989e-05
1028 -1.237677e-05
1029 -1.246764e-05
1030 -1.241697e-05
1031 -1.238874e-05
1032 -1.241327e-05
1033 -1.235972e-05
1034 -1.235116e-05
1035 -1.22623e-05
1036 -1.240333e-05
1037 -1.262147e-05
1038 -1.262579e-05
1039 -1.272118e-05
1040 -1.280203e-05
1041 -1.290154e-05
1042 -1.303981e-05
1043 -1.311793e-05
1044 -1.324547e-05
1045 -1.335028e-05
1046 -1.334288e-05
1047 -1.351273e-05
1048 -1.365502e-05
1049 -1.385727e-05
1050 -1.391206e-05
1051 -1.377381e-05
1052 -1.386161e-05
1053 -1.403107e-05
1054 -1.411063e-05
1055 -1.39969e-05
1056 -1.403674e-05
1057 -1.394128e-05
1058 -1.389337e-05
1059 -1.393186e-05
1060 -1.404145e-05
1061 -1.410081e-05
1062 -1.422722e-05
1063 -1.424255e-05
1064 -1.441782e-05
1065 -1.435502e-05
1066 -1.430768e-05
1067 -1.439971e-05
1068 -1.445506e-05
1069 -1.449673e-05
1070 -1.476402e-05
1071 -1.475338e-05
1072 -1.472042e-05
1073 -1.486924e-05
1074 -1.494681e-05
1075 -1.508507e-05
1076 -1.512012e-05
1077 -1.517195e-05
1078 -1.524377e-05
1079 -1.531072e-05
1080 -1.527568e-05
1081 -1.532369e-05
1082 -1.542123e-05
1083 -1.552526e-05
1084 -1.560527e-05
1085 -1.55014e-05
1086 -1.534384e-05
1087 -1.538824e-05
1088 -1.542355e-05
1089 -1.549539e-05
1090 -1.560499e-05
1091 -1.558878e-05
1092 -1.546714e-05
1093 -1.55631e-05
1094 -1.566166e-05
1095 -1.562101e-05
1096 -1.562928e-05
1097 -1.570095e-05
1098 -1.580638e-05
1099 -1.586658e-05
1100 -1.585297e-05
1101 -1.582424e-05
1102 -1.580552e-05
1103 -1.580979e-05
1104 -1.584734e-05
1105 -1.603651e-05
1106 -1.604911e-05
1107 -1.611459e-05
1108 -1.622007e-05
1109 -1.637342e-05
1110 -1.635358e-05
1111 -1.632522e-05
1112 -1.634629e-05
1113 -1.636476e-05
1114 -1.639046e-05
1115 -1.639915e-05
1116 -1.636781e-05
1117 -1.642477e-05
1118 -1.649434e-05
1119 -1.641573e-05
1120 -1.638224e-05
1121 -1.64094e-05
1122 -1.640909e-05
1123 -1.635597e-05
1124 -1.630403e-05
1125 -1.628975e-05
1126 -1.641138e-05
1127 -1.64907e-05
1128 -1.629546e-05
1129 -1.644434e-05
1130 -1.649527e-05
1131 -1.654991e-05
1132 -1.659205e-05
1133 -1.660491e-05
1134 -1.663118e-05
1135 -1.660616e-05
1136 -1.690675e-05
1137 -1.699906e-05
1138 -1.69528e-05
1139 -1.702373e-05
1140 -1.716377e-05
1141 -1.714421e-05
1142 -1.705573e-05
1143 -1.696051e-05
1144 -1.695523e-05
1145 -1.688089e-05
1146 -1.680506e-05
1147 -1.676197e-05
1148 -1.682441e-05
1149 -1.668856e-05
1150 -1.666835e-05
1151 -1.651998e-05
1152 -1.650297e-05
1153 -1.654706e-05
1154 -1.667171e-05
1155 -1.650767e-05
1156 -1.655243e-05
1157 -1.652803e-05
1158 -1.663446e-05
1159 -1.664769e-05
1160 -1.667559e-05
1161 -1.675141e-05
1162 -1.672014e-05
1163 -1.6805e-05
1164 -1.696929e-05
1165 -1.710166e-05
1166 -1.708819e-05
1167 -1.710341e-05
1168 -1.713502e-05
1169 -1.714771e-05
1170 -1.705854e-05
1171 -1.711765e-05
1172 -1.705031e-05
1173 -1.68665e-05
1174 -1.687189e-05
1175 -1.681988e-05
1176 -1.667153e-05
1177 -1.651943e-05
1178 -1.654416e-05
1179 -1.640254e-05
1180 -1.63961e-05
1181 -1.620553e-05
1182 -1.626245e-05
1183 -1.626731e-05
1184 -1.634465e-05
1185 -1.654085e-05
1186 -1.660638e-05
1187 -1.658582e-05
1188 -1.673251e-05
1189 -1.679315e-05
1190 -1.68421e-05
1191 -1.681353e-05
1192 -1.693477e-05
1193 -1.688089e-05
1194 -1.692617e-05
1195 -1.697492e-05
1196 -1.685779e-05
1197 -1.672056e-05
1198 -1.660544e-05
1199 -1.660683e-05
1200 -1.642373e-05
1201 -1.651212e-05
1202 -1.636966e-05
1203 -1.624917e-05
1204 -1.614935e-05
1205 -1.593766e-05
1206 -1.61013e-05
1207 -1.602198e-05
1208 -1.604951e-05
1209 -1.605374e-05
1210 -1.595081e-05
1211 -1.589912e-05
1212 -1.604389e-05
1213 -1.607728e-05
1214 -1.606476e-05
1215 -1.612951e-05
1216 -1.618798e-05
1217 -1.616523e-05
1218 -1.608552e-05
1219 -1.631124e-05
1220 -1.622196e-05
1221 -1.614911e-05
1222 -1.614197e-05
1223 -1.608343e-05
1224 -1.605219e-05
1225 -1.611988e-05
1226 -1.60209e-05
1227 -1.595748e-05
1228 -1.583841e-05
1229 -1.566557e-05
1230 -1.556013e-05
1231 -1.547066e-05
1232 -1.532821e-05
1233 -1.52251e-05
1234 -1.509499e-05
1235 -1.507273e-05
1236 -1.49e-05
1237 -1.510132e-05
1238 -1.50773e-05
1239 -1.51209e-05
1240 -1.512818e-05
1241 -1.509661e-05
1242 -1.515592e-05
1243 -1.524463e-05
1244 -1.537548e-05
1245 -1.537152e-05
1246 -1.539551e-05
1247 -1.549635e-05
1248 -1.549991e-05
1249 -1.540565e-05
1250 -1.548121e-05
1251 -1.536416e-05
1252 -1.522928e-05
1253 -1.522498e-05
1254 -1.517339e-05
1255 -1.501459e-05
1256 -1.504086e-05
1257 -1.474855e-05
1258 -1.46206e-05
1259 -1.454882e-05
1260 -1.450344e-05
1261 -1.430649e-05
1262 -1.41685e-05
1263 -1.39399e-05
1264 -1.381815e-05
1265 -1.372954e-05
1266 -1.384458e-05
1267 -1.3638e-05
1268 -1.373659e-05
1269 -1.386162e-05
1270 -1.385419e-05
1271 -1.398804e-05
1272 -1.399157e-05
1273 -1.398982e-05
1274 -1.409888e-05
1275 -1.411848e-05
1276 -1.41539e-05
1277 -1.426892e-05
1278 -1.418752e-05
1279 -1.421042e-05
1280 -1.422019e-05
1281 -1.421365e-05
1282 -1.408544e-05
1283 -1.410126e-05
1284 -1.398707e-05
1285 -1.375433e-05
1286 -1.371469e-05
1287 -1.364847e-05
1288 -1.345554e-05
1289 -1.325241e-05
1290 -1.318447e-05
1291 -1.299731e-05
1292 -1.283474e-05
1293 -1.276227e-05
1294 -1.276884e-05
1295 -1.277273e-05
1296 -1.27281e-05
1297 -1.275429e-05
1298 -1.281409e-05
1299 -1.29301e-05
1300 -1.279035e-05
1301 -1.278595e-05
1302 -1.279198e-05
1303 -1.272195e-05
1304 -1.280468e-05
1305 -1.283466e-05
1306 -1.27573e-05
1307 -1.287329e-05
1308 -1.270575e-05
1309 -1.259023e-05
1310 -1.253175e-05
1311 -1.247996e-05
1312 -1.23626e-05
1313 -1.229011e-05
1314 -1.217883e-05
1315 -1.213883e-05
1316 -1.201923e-05
1317 -1.196963e-05
1318 -1.18549e-05
1319 -1.193061e-05
1320 -1.180034e-05
1321 -1.171908e-05
1322 -1.1608e-05
1323 -1.155592e-05
1324 -1.159216e-05
1325 -1.155666e-05
1326 -1.159573e-05
1327 -1.171333e-05
1328 -1.157077e-05
1329 -1.157545e-05
1330 -1.162701e-05
1331 -1.15709e-05
1332 -1.154292e-05
1333 -1.149087e-05
1334 -1.144344e-05
1335 -1.137193e-05
1336 -1.130565e-05
1337 -1.12065e-05
1338 -1.120144e-05
1339 -1.101827e-05
1340 -1.093107e-05
1341 -1.082106e-05
1342 -1.084307e-05
1343 -1.089573e-05
1344 -1.097722e-05
1345 -1.077855e-05
1346 -1.075571e-05
1347 -1.078118e-05
1348 -1.066147e-05
1349 -1.062518e-05
1350 -1.064826e-05
1351 -1.05863e-05
1352 -1.069228e-05
1353 -1.061385e-05
1354 -1.044788e-05
1355 -1.032014e-05
1356 -1.029575e-05
1357 -1.021896e-05
1358 -1.006983e-05
1359 -9.959578e-06
1360 -9.967268e-06
1361 -9.983207e-06
1362 -9.787928e-06
1363 -9.857153e-06
1364 -9.742389e-06
1365 -9.796767e-06
1366 -9.888176e-06
1367 -9.903486e-06
1368 -9.8655e-06
1369 -9.962821e-06
1370 -9.909408e-06
1371 -9.84509e-06
1372 -9.782574e-06
1373 -9.691336e-06
1374 -9.696135e-06
1375 -9.60093e-06
1376 -9.439546e-06
1377 -9.401042e-06
1378 -9.286489e-06
1379 -9.102334e-06
1380 -9.117687e-06
1381 -9.150784e-06
1382 -8.984925e-06
1383 -8.946289e-06
1384 -8.948417e-06
1385 -8.854979e-06
1386 -8.828425e-06
1387 -8.808762e-06
1388 -8.789926e-06
1389 -8.857233e-06
1390 -8.920936e-06
1391 -8.901583e-06
1392 -8.873963e-06
1393 -8.733127e-06
1394 -8.73644e-06
1395 -8.615906e-06
1396 -8.717822e-06
1397 -8.669062e-06
1398 -8.589611e-06
1399 -8.471119e-06
1400 -8.253874e-06
1401 -8.219014e-06
1402 -8.279095e-06
1403 -8.216209e-06
1404 -8.083943e-06
1405 -8.158152e-06
1406 -8.093532e-06
1407 -8.13854e-06
1408 -8.106005e-06
1409 -8.076399e-06
1410 -8.010245e-06
1411 -8.057938e-06
1412 -8.020506e-06
1413 -7.92079e-06
1414 -8.143591e-06
1415 -8.142985e-06
1416 -8.105008e-06
1417 -8.02911e-06
1418 -7.874807e-06
1419 -7.914965e-06
1420 -7.765993e-06
1421 -7.814069e-06
1422 -7.679123e-06
1423 -7.61875e-06
1424 -7.669976e-06
1425 -7.627628e-06
1426 -7.48737e-06
1427 -7.215955e-06
1428 -7.140293e-06
1429 -6.967382e-06
1430 -6.972316e-06
1431 -6.869511e-06
1432 -6.85786e-06
1433 -6.85799e-06
1434 -6.87049e-06
1435 -6.878446e-06
1436 -6.898155e-06
1437 -7.067039e-06
1438 -7.113203e-06
1439 -7.091646e-06
1440 -7.220707e-06
1441 -7.183694e-06
1442 -7.161082e-06
1443 -7.17856e-06
1444 -7.131367e-06
1445 -7.097125e-06
1446 -6.953534e-06
1447 -6.945749e-06
1448 -6.792193e-06
1449 -6.712625e-06
1450 -6.6321e-06
1451 -6.573615e-06
1452 -6.474467e-06
1453 -6.423345e-06
1454 -6.37515e-06
1455 -6.257571e-06
1456 -6.215819e-06
1457 -6.162815e-06
1458 -6.102619e-06
1459 -6.059572e-06
1460 -5.967348e-06
1461 -5.910713e-06
1462 -6.056036e-06
1463 -6.007941e-06
1464 -5.957663e-06
1465 -6.051143e-06
1466 -6.090375e-06
1467 -6.147536e-06
1468 -6.109558e-06
1469 -6.353066e-06
1470 -6.258395e-06
1471 -6.389309e-06
1472 -6.415711e-06
1473 -6.30078e-06
1474 -6.180372e-06
1475 -6.109376e-06
1476 -5.977644e-06
1477 -5.828201e-06
1478 -5.634693e-06
1479 -5.699211e-06
1480 -5.507778e-06
1481 -5.362543e-06
1482 -5.25736e-06
1483 -5.389248e-06
1484 -5.288784e-06
1485 -5.133937e-06
1486 -5.206613e-06
1487 -5.08936e-06
1488 -5.106842e-06
1489 -5.242564e-06
1490 -5.125854e-06
1491 -5.14218e-06
1492 -5.257215e-06
1493 -5.255141e-06
1494 -5.263043e-06
1495 -5.145051e-06
1496 -5.125904e-06
1497 -5.020599e-06
1498 -5.140865e-06
1499 -5.22461e-06
1500 -5.043435e-06
1501 -4.981528e-06
1502 -4.868592e-06
1503 -4.960849e-06
1504 -4.824136e-06
1505 -4.734166e-06
1506 -4.803608e-06
1507 -4.946859e-06
1508 -4.832543e-06
1509 -4.72798e-06
1510 -4.746712e-06
1511 -4.774141e-06
1512 -4.77194e-06
1513 -4.7025e-06
1514 -4.627144e-06
1515 -4.572571e-06
1516 -4.617434e-06
1517 -4.461751e-06
1518 -4.503262e-06
1519 -4.43384e-06
1520 -4.365464e-06
1521 -4.371428e-06
1522 -4.266491e-06
1523 -4.133806e-06
1524 -4.125868e-06
1525 -4.191494e-06
1526 -4.191284e-06
1527 -4.185512e-06
1528 -4.224222e-06
1529 -4.151253e-06
1530 -4.128396e-06
1531 -4.121761e-06
1532 -4.101439e-06
1533 -4.016404e-06
1534 -4.023663e-06
1535 -3.943728e-06
1536 -4.030807e-06
1537 -3.995654e-06
1538 -4.063624e-06
1539 -3.923763e-06
1540 -3.97438e-06
1541 -3.875899e-06
1542 -3.941589e-06
1543 -4.130869e-06
1544 -3.989162e-06
1545 -4.036268e-06
1546 -4.084216e-06
1547 -4.013406e-06
1548 -3.805281e-06
1549 -3.776058e-06
1550 -3.612216e-06
1551 -3.384868e-06
1552 -3.385182e-06
1553 -3.384957e-06
1554 -3.359357e-06
1555 -3.451754e-06
1556 -3.351087e-06
1557 -3.286747e-06
1558 -3.245482e-06
1559 -3.341862e-06
1560 -3.33334e-06
1561 -3.349984e-06
1562 -3.406187e-06
1563 -3.590496e-06
1564 -3.559218e-06
1565 -3.674492e-06
1566 -3.507818e-06
1567 -3.43439e-06
1568 -3.598273e-06
1569 -3.566928e-06
1570 -3.436776e-06
1571 -3.212139e-06
1572 -3.205283e-06
1573 -3.111175e-06
1574 -3.101312e-06
1575 -2.984375e-06
1576 -2.941276e-06
1577 -3.01286e-06
1578 -2.846785e-06
1579 -2.841178e-06
1580 -2.852312e-06
1581 -2.829519e-06
1582 -2.988651e-06
1583 -3.02543e-06
1584 -3.115139e-06
1585 -3.118337e-06
1586 -3.022685e-06
1587 -2.89626e-06
1588 -3.04172e-06
1589 -3.004716e-06
1590 -2.912893e-06
1591 -2.901243e-06
1592 -2.80799e-06
1593 -2.750429e-06
1594 -2.636042e-06
1595 -2.539384e-06
1596 -2.652753e-06
1597 -2.597164e-06
1598 -2.583529e-06
1599 -2.544173e-06
1600 -2.4744e-06
1601 -2.529637e-06
1602 -2.485012e-06
1603 -2.526828e-06
1604 -2.571317e-06
1605 -2.495455e-06
1606 -2.490723e-06
1607 -2.53592e-06
1608 -2.609143e-06
1609 -2.712688e-06
1610 -2.725237e-06
1611 -2.662422e-06
1612 -2.608748e-06
1613 -2.544037e-06
1614 -2.474606e-06
1615 -2.486353e-06
1616 -2.432307e-06
1617 -2.545735e-06
1618 -2.493111e-06
1619 -2.467953e-06
1620 -2.442845e-06
1621 -2.552979e-06
1622 -2.421402e-06
1623 -2.37939e-06
1624 -2.383539e-06
1625 -2.341533e-06
1626 -2.268103e-06
1627 -2.276092e-06
1628 -2.173885e-06
1629 -2.07639e-06
1630 -2.094643e-06
1631 -2.107144e-06
1632 -2.032755e-06
1633 -2.047594e-06
1634 -2.121908e-06
1635 -1.992408e-06
1636 -1.834105e-06
1637 -1.653273e-06
1638 -1.736615e-06
1639 -1.786681e-06
1640 -1.863099e-06
1641 -1.802464e-06
1642 -1.796002e-06
1643 -1.847138e-06
1644 -1.856377e-06
1645 -1.979991e-06
1646 -2.087448e-06
1647 -2.140378e-06
1648 -2.103994e-06
1649 -2.080095e-06
1650 -2.068547e-06
1651 -2.194086e-06
1652 -2.081382e-06
1653 -2.129307e-06
1654 -2.034925e-06
1655 -2.012117e-06
1656 -1.983253e-06
1657 -1.871389e-06
1658 -1.797901e-06
1659 -1.719541e-06
1660 -1.694636e-06
1661 -1.78207e-06
1662 -1.705076e-06
1663 -1.804325e-06
1664 -1.677996e-06
1665 -1.602848e-06
1666 -1.452094e-06
1667 -1.47001e-06
1668 -1.478049e-06
1669 -1.395783e-06
1670 -1.261213e-06
1671 -1.397995e-06
1672 -1.43065e-06
1673 -1.564258e-06
1674 -1.530345e-06
1675 -1.526044e-06
1676 -1.562356e-06
1677 -1.690418e-06
1678 -1.777628e-06
1679 -1.798924e-06
1680 -1.753137e-06
1681 -1.664364e-06
1682 -1.688803e-06
1683 -1.722316e-06
1684 -1.732634e-06
1685 -1.662967e-06
1686 -1.538643e-06
1687 -1.598381e-06
1688 -1.451083e-06
1689 -1.476461e-06
1690 -1.443333e-06
1691 -1.310052e-06
1692 -1.309358e-06
1693 -1.201836e-06
1694 -1.139654e-06
1695 -1.093205e-06
1696 -1.080289e-06
1697 -1.069777e-06
1698 -1.141821e-06
1699 -1.12846e-06
1700 -1.020214e-06
1701 -1.122184e-06
1702 -1.171949e-06
1703 -1.014737e-06
1704 -9.478898e-07
1705 -9.700296e-07
1706 -1.070195e-06
1707 -9.91614e-07
1708 -9.986824e-07
1709 -1.067806e-06
1710 -1.114445e-06
1711 -1.098362e-06
1712 -1.173153e-06
1713 -1.158014e-06
1714 -1.193681e-06
1715 -1.267409e-06
1716 -1.128146e-06
1717 -1.218588e-06
1718 -1.164701e-06
1719 -1.187509e-06
1720 -1.180229e-06
1721 -1.139808e-06
1722 -1.148067e-06
1723 -8.842677e-07
1724 -9.26607e-07
1725 -8.253244e-07
1726 -6.973555e-07
1727 -7.190475e-07
1728 -6.762892e-07
1729 -5.76095e-07
1730 -7.176279e-07
1731 -7.985408e-07
1732 -9.201083e-07
1733 -9.018601e-07
1734 -8.57053e-07
1735 -8.603009e-07
1736 -9.398412e-07
1737 -9.548422e-07
1738 -1.044109e-06
1739 -9.918673e-07
1740 -8.40242e-07
1741 -8.171326e-07
1742 -8.136233e-07
1743 -6.862413e-07
1744 -6.747213e-07
1745 -6.332955e-07
1746 -6.868231e-07
1747 -5.755369e-07
1748 -4.95711e-07
1749 -3.501969e-07
1750 -3.556824e-07
1751 -4.335318e-07
1752 -3.841634e-07
1753 -4.69688e-07
1754 -4.701157e-07
1755 -5.744718e-07
1756 -5.914538e-07
1757 -5.181667e-07
1758 -6.440358e-07
1759 -6.894026e-07
1760 -7.320891e-07
1761 -8.291793e-07
1762 -9.306617e-07
1763 -1.027671e-06
1764 -1.002062e-06
1765 -1.034329e-06
1766 -9.679781e-07
1767 -8.911897e-07
1768 -8.001019e-07
1769 -7.911354e-07
1770 -8.264539e-07
1771 -5.610533e-07
1772 -4.277263e-07
1773 -3.262573e-07
1774 -2.504148e-07
1775 -1.623668e-07
1776 -1.298873e-07
1777 -4.579527e-08
1778 -8.877728e-08
1779 1.447829e-07
1780 1.752875e-07
1781 9.865111e-08
1782 5.683582e-09
1783 -1.073334e-07
1784 -3.346347e-07
1785 -4.943749e-07
1786 -6.331546e-07
1787 -6.121841e-07
1788 -7.715644e-07
1789 -6.575809e-07
1790 -7.489514e-07
1791 -7.471083e-07
1792 -7.50068e-07
1793 -6.756557e-07
1794 -5.770646e-07
1795 -5.533744e-07
1796 -4.350677e-07
1797 -3.740082e-07
1798 -1.116739e-07
1799 -1.168264e-07
1800 -1.609886e-07
1801 -6.860533e-08
1802 -1.737063e-08
1803 -4.836202e-08
1804 -1.13543e-07
1805 1.247739e-08
1806 -5.045016e-08
1807 1.624417e-08
1808 -4.019217e-09
1809 -3.638903e-08
1810 -1.042392e-07
1811 -1.688403e-07
1812 -1.853795e-07
1813 -1.571207e-07
1814 -2.107005e-07
1815 -2.505649e-07
1816 -2.677912e-07
1817 -3.595478e-07
1818 -3.688681e-07
1819 -4.879503e-07
1820 -4.203577e-07
1821 -4.427227e-07
1822 -4.138438e-07
1823 -5.578696e-07
1824 -2.16687e-07
1825 -2.970434e-07
1826 -2.035821e-07
1827 -5.761236e-08
1828 -1.738158e-08
1829 1.081836e-08
1830 -4.163618e-08
1831 -6.065106e-08
1832 -6.422832e-08
1833 1.292275e-07
1834 2.200051e-07
1835 2.501863e-07
1836 3.074989e-07
1837 3.245632e-07
1838 2.344158e-07
1839 2.675493e-07
1840 1.002192e-07
1841 9.965001e-09
1842 5.680361e-08
1843 -7.189345e-08
1844 -1.320481e-08
1845 -1.171455e-07
1846 -7.39395e-08
1847 -1.073333e-07
1848 -1.423144e-07
1849 5.561482e-09
1850 -9.23281e-08
1851 -4.204624e-08
1852 6.138445e-09
1853 3.470198e-08
1854 9.360599e-08
1855 1.604772e-07
1856 9.460944e-08
1857 2.727443e-07
1858 1.879707e-07
1859 1.358229e-07
1860 2.416542e-07
1861 2.384702e-07
1862 1.377737e-07
1863 1.203136e-07
1864 1.343721e-07
1865 1.298274e-07
1866 4.688226e-08
1867 1.16451e-07
1868 6.493471e-08
1869 3.160952e-08
1870 -1.41382e-08
1871 -1.275444e-08
1872 2.833874e-09
1873 9.627882e-08
1874 2.108161e-07
1875 2.95589e-07
1876 3.127526e-07
1877 4.646781e-07
1878 4.280655e-07
1879 4.542718e-07
1880 4.211321e-07
1881 5.056526e-07
1882 4.956569e-07
1883 5.431423e-07
1884 3.899535e-07
1885 4.669789e-07
1886 4.355158e-07
1887 4.857478e-07
1888 5.220883e-07
1889 4.522682e-07
1890 3.810036e-07
1891 3.792454e-07
1892 3.884107e-07
1893 3.220903e-07
1894 3.746914e-07
1895 3.20766e-07
1896 2.020789e-07
1897 1.505228e-07
1898 1.946432e-07
1899 1.074434e-07
1900 8.872474e-08
1901 1.586118e-07
1902 1.433398e-07
1903 1.534757e-07
1904 3.03572e-07
1905 3.328745e-07
1906 4.242208e-07
1907 4.74848e-07
1908 4.39441e-07
1909 3.616665e-07
1910 4.39263e-07
1911 5.318951e-07
1912 5.267517e-07
1913 4.494161e-07
1914 5.030373e-07
1915 5.256497e-07
1916 6.59771e-07
1917 7.27748e-07
1918 7.736774e-07
1919 5.776916e-07
1920 6.871056e-07
1921 7.027529e-07
1922 7.333292e-07
1923 7.166373e-07
1924 6.46331e-07
1925 5.538164e-07
1926 4.21755e-07
1927 3.30827e-07
1928 3.25742e-07
1929 2.30888e-07
1930 2.933415e-07
1931 3.424191e-07
1932 2.958336e-07
1933 3.831986e-07
1934 3.236081e-07
1935 4.22728e-07
1936 4.58825e-07
1937 4.362283e-07
1938 4.46194e-07
1939 3.907112e-07
1940 4.795734e-07
1941 4.243132e-07
1942 4.217976e-07
1943 5.451554e-07
1944 6.182324e-07
1945 5.228724e-07
1946 6.891772e-07
1947 6.324731e-07
1948 7.117657e-07
1949 5.527137e-07
1950 6.198453e-07
1951 5.882677e-07
1952 5.456442e-07
1953 5.648194e-07
1954 5.869663e-07
1955 5.717097e-07
1956 4.915273e-07
1957 5.131201e-07
1958 5.295755e-07
1959 6.034194e-07
1960 7.441122e-07
1961 8.276429e-07
1962 7.236964e-07
1963 7.406445e-07
1964 7.573683e-07
1965 8.976171e-07
1966 8.850814e-07
1967 7.603961e-07
1968 7.415094e-07
1969 6.724041e-07
1970 5.909794e-07
1971 5.627018e-07
1972 6.335673e-07
1973 6.582108e-07
1974 6.982348e-07
1975 6.626028e-07
1976 5.579885e-07
1977 6.148392e-07
1978 4.90661e-07
1979 6.19234e-07
1980 7.148998e-07
1981 7.380031e-07
1982 6.848124e-07
1983 8.332281e-07
1984 8.613667e-07
1985 9.537536e-07
1986 8.933177e-07
1987 8.403521e-07
1988 9.711656e-07
1989 9.331702e-07
1990 9.706371e-07
1991 8.909481e-07
1992 7.964974e-07
1993 7.701831e-07
1994 7.111836e-07
1995 7.123909e-07
1996 7.432847e-07
1997 7.253978e-07
1998 6.522629e-07
1999 5.983316e-07
2000 6.399753e-07
