"drag-rfile"
"Iteration" "drag"
("Iteration" "drag")
1 0.2644137495776731
2 0.1684398675424899
3 0.1152090748521359
4 0.08554322421353257
5 0.06961829548609368
6 0.06055172382515811
7 0.05519376562425489
8 0.05187077537115482
9 0.049808583711323
10 0.04844814660366328
11 0.04751769905249301
12 0.04688781182749054
13 0.04645352660517936
14 0.04614386843736115
15 0.04596297094718912
16 0.04579399830345265
17 0.04568877796135746
18 0.04560621269428138
19 0.04553829533772407
20 0.04548182643073566
21 0.04543474170668473
22 0.04538822236195584
23 0.04535495858347742
24 0.04532803483894457
25 0.04530610487682694
26 0.04528814883554446
27 0.04527336136340952
28 0.04526111757306898
29 0.0452509434854592
30 0.04524244835754997
31 0.04523532493802941
32 0.04522932052791965
33 0.04522422848800805
34 0.04521988444718491
35 0.04521615347716066
36 0.04521290905491161
37 0.04521007782401012
38 0.04520758554521403
39 0.04520537197073439
40 0.04520338682076579
41 0.04520158889296805
42 0.04519994426186499
43 0.04519842679129643
44 0.04519701576928204
45 0.04519569415760197
46 0.04519444789061129
47 0.04519326473890264
48 0.04519213410024145
49 0.04519104719481667
50 0.04518999130735279
51 0.04518897017290931
52 0.04518797909493606
53 0.04518701344401401
54 0.04518606983248671
55 0.04518514565017108
56 0.04518423892381086
57 0.04518334852786904
58 0.04518345724657379
59 0.0451827397690362
60 0.04518177426611279
61 0.0451816874497984
62 0.0451808790149841
63 0.04518068468745191
64 0.04517980030614652
65 0.04517949693780028
66 0.04517931094990421
67 0.04517904267658656
68 0.04517866925945124
69 0.04517820822167416
70 0.04517767866745129
71 0.04517709647687004
72 0.04517647312777625
73 0.04517582030921254
74 0.04517514629567561
75 0.04517445747635827
76 0.04517375888047492
77 0.04517305501329272
78 0.04517234995506995
79 0.04517164459164971
80 0.04517094069559351
81 0.04517023983536829
82 0.0451695431933408
83 0.04516885154664949
84 0.04516816546924313
85 0.04516748542910315
86 0.04516681166392823
87 0.04516614423855066
88 0.04516548317443613
89 0.04516482856631062
90 0.04516418054981382
91 0.04516353914102363
92 0.04516290430779704
93 0.04516227609582171
94 0.04516165452768404
95 0.04516103956248511
96 0.04516043108416839
97 0.04515983872482473
98 0.04515925032171624
99 0.04515866600330504
100 0.04515808643395292
101 0.04515751200030277
102 0.04515694289234967
103 0.04515637939838817
104 0.04515582162833397
105 0.04515526954536563
106 0.04515472306373555
107 0.04515418204124733
108 0.04515364671282626
109 0.04515311650114778
110 0.04515259122700467
111 0.04515207076384627
112 0.04515155504662861
113 0.04515104402746271
114 0.04515053761582591
115 0.04515003571830713
116 0.04514953822583218
117 0.04514904503595182
118 0.04514855607218984
119 0.04514807131119671
120 0.04514759075162818
121 0.04514711435816562
122 0.04514664206857006
123 0.04514617389286944
124 0.04514570998623722
125 0.04514525027325984
126 0.04514479468908248
127 0.04514434321473985
128 0.04514389580614038
129 0.04514345238325041
130 0.04514301287394323
131 0.0451425772593694
132 0.04514214548363676
133 0.04514171742686951
134 0.04514129299276202
135 0.0451408721138573
136 0.04514045470808208
137 0.04514004074216602
138 0.04513963015254981
139 0.04513922286859318
140 0.04513881882934644
141 0.04513841800182072
142 0.04513802041517529
143 0.04513762605393516
144 0.04513723486685844
145 0.04513684685651415
146 0.04513646202173156
147 0.04513608030507234
148 0.04513570159778821
149 0.04513532580579278
150 0.04513495284559586
151 0.04513458267275805
152 0.04513421528156818
153 0.04513385063453335
154 0.04513348871787813
155 0.04513312953453763
156 0.04513277307909228
157 0.04513241931833224
158 0.04513179428685712
159 0.04513141382705356
160 0.0451311136135281
161 0.04513082316069069
162 0.04513052682350093
163 0.04513022420045455
164 0.0451296469859769
165 0.04512930625692192
166 0.04512903872287261
167 0.04512877665148412
168 0.04512850575044389
169 0.04512796102812949
170 0.04512764604128019
171 0.04512739942227941
172 0.04512715547398048
173 0.04512663824357581
174 0.04512634588132451
175 0.04512611866601851
176 0.04512589123672398
177 0.04512539370876203
178 0.0451251151972552
179 0.04512489819948808
180 0.04512442298915188
181 0.04512416600376442
182 0.04512396716658974
183 0.04512350922589745
184 0.045123266044802
185 0.04512307867265268
186 0.04512263365559854
187 0.04512239996759761
188 0.04512222036701524
189 0.04512178582923768
190 0.04512155941255026
191 0.04512138588285961
192 0.04512096068260572
193 0.04512074035959421
194 0.04512057189461922
195 0.04512015530540641
196 0.0451199405489183
197 0.04511977678998792
198 0.04511936807760354
199 0.04511915851680656
200 0.04511875912219988
201 0.04511857018349819
202 0.04511842905277192
203 0.04511804255016128
204 0.04511785110776126
205 0.04511747052319798
206 0.04511729465394534
207 0.04511692930792997
208 0.04511676676872736
209 0.04511664732239812
210 0.04511628673598136
211 0.04511611323478652
212 0.0451157551969765
213 0.04511559449838861
214 0.04511524855068125
215 0.04511509840386059
216 0.04511476205721873
217 0.04511461954198139
218 0.04511429080174515
219 0.04511415398398254
220 0.04511383148920155
221 0.04511369904801386
222 0.04511338188518484
223 0.04511325295753509
224 0.04511294056215265
225 0.04511281456926919
226 0.04511250661414649
227 0.04511238312913583
228 0.04511207929487372
229 0.04511195796593513
230 0.0451116579694418
231 0.04511153856690241
232 0.04511124223204201
233 0.04511112461681822
234 0.04511083186898782
235 0.04511071610398154
236 0.04511042697621737
237 0.0451103129911742
238 0.04511002734713253
239 0.04510991509404783
240 0.04510963287185514
241 0.04510952220404628
242 0.04510924368235288
243 0.04510913496527615
244 0.04510885981754598
245 0.04510855105673427
246 0.04510845978501722
247 0.04510820555476742
248 0.04510811884093421
249 0.04510786318033528
250 0.04510757229512231
251 0.04510749446145986
252 0.04510725382417215
253 0.04510717700015226
254 0.04510693272025885
255 0.04510665326447479
256 0.04510658217045504
257 0.04510635060824053
258 0.04510608355719566
259 0.04510602277885575
260 0.04510580069235677
261 0.04510554236162187
262 0.04510548774507655
263 0.04510527232662234
264 0.04510502054763823
265 0.04510496990595299
266 0.04510475966870414
267 0.04510449689192664
268 0.04510444041442876
269 0.04510422551890586
270 0.04510397753120331
271 0.04510393175108472
272 0.04510372576630015
273 0.04510348512580812
274 0.04510344317846837
275 0.04510324207178831
276 0.04510300631100645
277 0.04510277688395375
278 0.04510275187562427
279 0.04510256563193717
280 0.04510234326774568
281 0.04510212575277059
282 0.04510210946712703
283 0.04510193197054479
284 0.04510171796309252
285 0.04510150806753106
286 0.04510149622817237
287 0.04510132455019678
288 0.04510111669264556
289 0.04510091267874045
290 0.04510090348349825
291 0.0451007364104933
292 0.04510053374937761
293 0.04510033478390686
294 0.04510014509404559
295 0.04510014779898611
296 0.0450999923531839
297 0.0450998005758606
298 0.04509961140111381
299 0.04509943048130113
300 0.04509943789702093
301 0.04509928916801537
302 0.0450991043926775
303 0.04509892184423184
304 0.04509874710325718
305 0.04509857992048433
306 0.04509841938003047
307 0.0450984425787626
308 0.04509830904767471
309 0.04509813841009647
310 0.04509796861721965
311 0.04509780536558347
312 0.04509764858873261
313 0.04509749754530091
314 0.04509735140548433
315 0.04509720939112314
316 0.04509707086039247
317 0.04509693530930481
318 0.04509680234352845
319 0.04509667164736821
320 0.04509654295961128
321 0.04509641606524224
322 0.04509629078505531
323 0.04509616696751689
324 0.0450960444923674
325 0.04509592325547587
326 0.04509580316185906
327 0.04509568413015
328 0.04509556608634823
329 0.04509544896222284
330 0.04509533269542199
331 0.04509521723611279
332 0.04509510254219778
333 0.0450949885793761
334 0.04509487532645996
335 0.04509476276250946
336 0.04509465087545071
337 0.04509453964813595
338 0.04509442906592065
339 0.04509431911780339
340 0.04509420979224346
341 0.04509410107002971
342 0.04509399295232311
343 0.04509388543172747
344 0.04509377848928194
345 0.04509367211735835
346 0.04509356631424957
347 0.04509346107890597
348 0.04509335641214917
349 0.04509325230752558
350 0.04509314876497064
351 0.04509304578137451
352 0.04509294335083606
353 0.04509284146674839
354 0.04509274052017048
355 0.04509263986636509
356 0.04509253961050732
357 0.04509243982856206
358 0.0450923405541119
359 0.04509224179667138
360 0.04509214355366786
361 0.04509204582073026
362 0.04509194859184326
363 0.04509185186286811
364 0.04509175563146137
365 0.04509165989263064
366 0.04509156463975484
367 0.04509146986676352
368 0.04509137557386607
369 0.04509128175962284
370 0.04509118841608731
371 0.04509109553954328
372 0.04509100312915157
373 0.04509091117980127
374 0.04509081968726798
375 0.04509072864679217
376 0.0450906380421709
377 0.04509054786344858
378 0.04509045811041407
379 0.04509036878696009
380 0.04509027989487192
381 0.04509019143482161
382 0.04509010340379117
383 0.04509001580056545
384 0.04508992862389623
385 0.04508984186700399
386 0.04508975552270064
387 0.04508966958850232
388 0.04508958406368219
389 0.04508949894650306
390 0.04508941423031131
391 0.04508932991161987
392 0.04508924598783107
393 0.04508916245804872
394 0.04508907932030323
395 0.04508899657346719
396 0.04508891421460515
397 0.04508883224069188
398 0.04508875064983251
399 0.04508866943418992
400 0.04508858859013038
401 0.04508850812045382
402 0.04508842802583877
403 0.04508834830285489
404 0.04508826894538419
405 0.04508818994621911
406 0.04508811131436721
407 0.04508803307216493
408 0.04508795522322102
409 0.04508787776763355
410 0.04508780069989686
411 0.04508772401043823
412 0.04508764769266794
413 0.04508757174043045
414 0.04508749614904933
415 0.04508742091154959
416 0.04508734602373084
417 0.04508727148218608
418 0.04508719728631469
419 0.04508712343954615
420 0.04508704994710008
421 0.04508697679997829
422 0.04508690400272518
423 0.04508683154854363
424 0.04508675942908055
425 0.0450866876355018
426 0.04508661617465293
427 0.04508654505165592
428 0.04508647426001477
429 0.04508640379390641
430 0.04508633365088112
431 0.04508626383048756
432 0.04508619384091199
433 0.04508612434575707
434 0.04508605532904082
435 0.04508598672032652
436 0.04508591847515324
437 0.04508585056612063
438 0.0450857829793764
439 0.04508571570861011
440 0.04508564874919378
441 0.04508558209597494
442 0.04508551574599613
443 0.04508544969495922
444 0.04508538394322457
445 0.04508531848878038
446 0.04508525332499341
447 0.04508518844496093
448 0.04508512384273401
449 0.04508505951626881
450 0.04508499546538193
451 0.04508493168931496
452 0.04508486818722451
453 0.04508480495822027
454 0.04508474200112509
455 0.04508467931523152
456 0.04508461690189734
457 0.04508455476232549
458 0.04508449289778941
459 0.0450844313104933
460 0.04508436999928034
461 0.04508430896148934
462 0.04508424819404439
463 0.04508418769409055
464 0.04508412746186758
465 0.04508406749663926
466 0.04508400779826695
467 0.04508394836595247
468 0.04508388919883254
469 0.04508383029461754
470 0.04508377165046385
471 0.04508371326557906
472 0.04508365514022521
473 0.04508359727337
474 0.04508353966420559
475 0.0450834823126647
476 0.04508342521706157
477 0.04508336837645049
478 0.04508331178976712
479 0.04508325545600175
480 0.04508319937449859
481 0.04508314354501871
482 0.0450830879646725
483 0.04508303263127956
484 0.04508297754343255
485 0.04508292270087812
486 0.04508286810161397
487 0.04508281374357587
488 0.04508275962340585
489 0.04508270573749483
490 0.04508265208458426
491 0.04508259866549068
492 0.04508254548000908
493 0.04508249252817582
494 0.04508243980863132
495 0.04508238732011705
496 0.04508233506154937
497 0.04508228303260238
498 0.04508223123354056
499 0.0450821796631718
500 0.04508212832066439
501 0.04508207720444815
502 0.04508202631311294
503 0.04508197564530081
504 0.04508192520007683
505 0.04508187497774563
506 0.04508182497758119
507 0.04508177519766916
508 0.04508172563550696
509 0.04508167628862824
510 0.04508162715490309
511 0.04508157823252384
512 0.04508152952037957
513 0.04508148102016579
514 0.04508143273548745
515 0.04508138466466815
516 0.04508133680063897
517 0.0450812891343273
518 0.04508124165627588
519 0.04508119436069988
520 0.04508114724427415
521 0.04508110030496184
522 0.04508105354158982
523 0.04508100695363261
524 0.04508096054002568
525 0.04508091429952502
526 0.04508086823186047
527 0.04508082233633808
528 0.04508077661187503
529 0.04508073105882005
530 0.04508068567787744
531 0.04508064046924027
532 0.04508059543277785
533 0.04508055056869418
534 0.04508050587752551
535 0.04508046135836145
536 0.04508041700934844
537 0.04508037282913628
538 0.04508032881683233
539 0.04508028497099604
540 0.04508024129050224
541 0.04508019777405195
542 0.04508015442144338
543 0.04508011123199468
544 0.04508006820626131
545 0.0450800253435471
546 0.04507998264264692
547 0.04507994010330945
548 0.04507989772363963
549 0.0450798555014451
550 0.04507981343658358
551 0.04507977153102694
552 0.04507972978611382
553 0.04507968820264225
554 0.04507964678008437
555 0.04507960551834977
556 0.04507956441687712
557 0.04507952347447976
558 0.04507948268980792
559 0.0450794420612752
560 0.04507940158869595
561 0.04507936127173708
562 0.04507932110969776
563 0.04507928110238758
564 0.04507924125015127
565 0.04507920155307536
566 0.04507916201034819
567 0.04507912262033382
568 0.04507908338284276
569 0.04507904429804219
570 0.04507900536630564
571 0.04507896658730943
572 0.04507892795996731
573 0.04507888948341518
574 0.04507885115570108
575 0.04507881297446838
576 0.04507877493752779
577 0.0450787370441898
578 0.04507869929259334
579 0.04507866167956153
580 0.04507862420304703
581 0.04507858686188486
582 0.04507854965757502
583 0.04507851259144414
584 0.04507847566321369
585 0.04507843887352422
586 0.04507840222227501
587 0.0450783657091827
588 0.04507832933395814
589 0.04507829309656528
590 0.04507825699659062
591 0.04507822103290089
592 0.04507818520517363
593 0.04507814951362342
594 0.04507811395763387
595 0.04507807853631574
596 0.04507804325215217
597 0.04507800810412545
598 0.04507797309131593
599 0.04507793821346682
600 0.04507790348240204
601 0.04507786890299053
602 0.0450778344717347
603 0.04507780018294964
604 0.04507776603025455
605 0.04507773200833571
606 0.04507769811505716
607 0.04507766434990603
608 0.04507763071138514
609 0.04507759719774497
610 0.0450775638077749
611 0.04507753053987514
612 0.04507749739367252
613 0.04507746436948675
614 0.04507743146759215
615 0.0450773986879675
616 0.04507736602989609
617 0.04507733349244784
618 0.04507730107492962
619 0.04507726877637289
620 0.04507723659634733
621 0.0450772045343059
622 0.04507717258967874
623 0.04507714076176271
624 0.04507710905005716
625 0.04507707745843647
626 0.04507704598730854
627 0.04507701463613217
628 0.04507698340332704
629 0.04507695228851057
630 0.04507692128816612
631 0.0450768903986365
632 0.04507685961797473
633 0.0450768289443855
634 0.04507679837602864
635 0.04507676791306447
636 0.04507673755432297
637 0.04507670729949294
638 0.04507667714883905
639 0.04507664710269513
640 0.04507661716128378
641 0.04507658732254193
642 0.04507655758530485
643 0.04507652794871305
644 0.04507649841283803
645 0.04507646897795112
646 0.04507643964415565
647 0.04507641041054652
648 0.04507638127435652
649 0.04507635223343271
650 0.04507632328708582
651 0.04507629443428328
652 0.04507626567445402
653 0.04507623700700675
654 0.04507620843080878
655 0.04507617994370128
656 0.04507615154385716
657 0.04507612323176631
658 0.04507609500697353
659 0.04507606686949521
660 0.04507603881980524
661 0.04507601085886034
662 0.04507598298618729
663 0.04507595520123239
664 0.04507592750435935
665 0.04507589989660799
666 0.04507587237726447
667 0.04507584494696566
668 0.04507581760535981
669 0.04507579035165128
670 0.04507576318497337
671 0.04507573610557065
672 0.04507570911207052
673 0.0450756822022385
674 0.04507565537683859
675 0.04507562863311459
676 0.04507560196865841
677 0.0450755753848124
678 0.04507554888445779
679 0.04507552246768385
680 0.04507549613446745
681 0.04507546988382802
682 0.04507544371616583
683 0.04507541763036486
684 0.04507539162609913
685 0.04507536570424611
686 0.04507533986329329
687 0.04507531410282847
688 0.04507528842305392
689 0.04507526282337791
690 0.04507523730321582
691 0.04507521186209923
692 0.04507518649978252
693 0.0450751612167216
694 0.04507513601309041
695 0.04507511088881191
696 0.04507508584435172
697 0.04507506087922046
698 0.04507503599277808
699 0.0450750111844953
700 0.0450749864515872
701 0.04507496179373476
702 0.04507493721038647
703 0.04507491270146147
704 0.04507488826713715
705 0.04507486390659241
706 0.04507483962013364
707 0.04507481540735415
708 0.04507479126986612
709 0.04507476720546495
710 0.04507474321327386
711 0.04507471929348115
712 0.04507469544636699
713 0.04507467167118056
714 0.04507464796831011
715 0.04507462433852038
716 0.04507460078161576
717 0.04507457730065378
718 0.04507455389831703
719 0.04507453057537353
720 0.04507450733226766
721 0.04507448416978023
722 0.04507446108819673
723 0.04507443808772869
724 0.04507441516898585
725 0.04507439233155567
726 0.0450743695746118
727 0.04507434689824198
728 0.04507432430232405
729 0.04507430178562345
730 0.0450742793466293
731 0.04507425698404516
732 0.04507423469547359
733 0.04507421247916081
734 0.04507419033404324
735 0.04507416825949157
736 0.04507414625492118
737 0.045074124320216
738 0.04507410245513506
739 0.04507408065945979
740 0.04507405893322472
741 0.04507403727680546
742 0.04507401569243882
743 0.04507399418158576
744 0.04507397274468617
745 0.04507395138168364
746 0.04507393009346219
747 0.04507390887506964
748 0.04507388772487011
749 0.04507386664048843
750 0.04507384561963352
751 0.04507382466220779
752 0.04507380376846926
753 0.04507378293748125
754 0.04507376216786258
755 0.04507374145848995
756 0.04507372080961929
757 0.04507370022147614
758 0.04507367969379674
759 0.04507365922747432
760 0.04507363882297366
761 0.04507361848042748
762 0.04507359819994838
763 0.04507357798143922
764 0.04507355782464173
765 0.04507353772938736
766 0.04507351769573877
767 0.0450734977235755
768 0.04507347781254369
769 0.04507345796206551
770 0.04507343817265747
771 0.04507341844477093
772 0.04507339877799497
773 0.04507337917227743
774 0.04507335962773433
775 0.04507334014466564
776 0.04507332072293932
777 0.04507330136172901
778 0.04507328206031111
779 0.04507326281856624
780 0.04507324363675974
781 0.04507322451670034
782 0.04507320545971153
783 0.04507318646476313
784 0.04507316753046665
785 0.04507314865612892
786 0.04507312984031665
787 0.04507311108209829
788 0.04507309238092425
789 0.04507307373695708
790 0.04507305515013539
791 0.04507303662041878
792 0.04507301814785181
793 0.04507299973276478
794 0.04507298137485302
795 0.04507296307385858
796 0.04507294482968967
797 0.04507292664229432
798 0.04507290851173089
799 0.04507289043796894
800 0.04507287242099323
801 0.04507285446065375
802 0.04507283655699076
803 0.04507281870982237
804 0.04507280091877807
805 0.04507278318428511
806 0.04507276550645439
807 0.04507274788557392
808 0.04507273032248489
809 0.04507271281777148
810 0.04507269537180184
811 0.04507267798466125
812 0.04507266065638014
813 0.04507264338712931
814 0.04507262617695241
815 0.04507260902804824
816 0.04507259194011553
817 0.04507257491184514
818 0.04507255794237945
819 0.04507254102954858
820 0.04507252417409464
821 0.04507250737647663
822 0.0450724906368649
823 0.04507247395501524
824 0.04507245733176406
825 0.04507244076766847
826 0.04507242426255932
827 0.04507240781614591
828 0.04507239142818912
829 0.04507237509826969
830 0.04507235882709484
831 0.04507234261469918
832 0.04507232646062487
833 0.04507231036558686
834 0.04507229433035533
835 0.04507227835621164
836 0.04507226244341545
837 0.04507224659124318
838 0.04507223079882328
839 0.04507221506505585
840 0.04507219938103894
841 0.04507218375239988
842 0.04507216818148452
843 0.04507215266759271
844 0.04507213720963599
845 0.04507212180947571
846 0.04507210646864061
847 0.04507209118797016
848 0.04507207596703482
849 0.04507206080682744
850 0.04507204571459616
851 0.04507203068787416
852 0.04507201571862654
853 0.04507200080513393
854 0.04507198595058839
855 0.04507197115867747
856 0.04507195643186469
857 0.04507194177076341
858 0.04507192717489135
859 0.04507191264275184
860 0.0450718981725935
861 0.04507188376252519
862 0.04507186940720403
863 0.04507185510584091
864 0.04507184085965306
865 0.04507182666979267
866 0.04507181253646318
867 0.04507179845891576
868 0.04507178443677302
869 0.04507177046878246
870 0.04507175655348932
871 0.04507174269080531
872 0.04507172888069944
873 0.04507171512325158
874 0.04507170141875617
875 0.04507168776679035
876 0.04507167416690918
877 0.04507166113600554
878 0.04507164792879291
879 0.04507163463070082
880 0.0450716213134454
881 0.04507160801298679
882 0.04507159474621195
883 0.04507158152086908
884 0.04507156833745818
885 0.04507155519086627
886 0.04507154207860897
887 0.04507152899620245
888 0.04507151594701601
889 0.04507150293889818
890 0.04507148997967426
891 0.04507147707493375
892 0.04507146422725888
893 0.04507145143682994
894 0.04507143870245339
895 0.04507142602235194
896 0.04507141339437791
897 0.04507140081583718
898 0.0450713882841757
899 0.04507137579701597
900 0.04507136335091513
901 0.04507135094444113
902 0.04507133857701007
903 0.04507132624800569
904 0.04507131395730748
905 0.04507130170383087
906 0.04507128948555508
907 0.04507127730176382
908 0.04507126515224767
909 0.04507125303792884
910 0.04507124095999318
911 0.04507122891926956
912 0.04507121691599302
913 0.0450712049502319
914 0.04507119302217134
915 0.04507118113204405
916 0.04507116927985903
917 0.04507115746587691
918 0.04507114569003649
919 0.04507113395216996
920 0.04507112225221058
921 0.04507111059011717
922 0.04507109896580666
923 0.04507108737907788
924 0.04507107582969779
925 0.04507106431739247
926 0.04507105284187708
927 0.0450710414029425
928 0.04507103000031574
929 0.04507101863346925
930 0.04507100730188359
931 0.04507099600496991
932 0.04507098474217932
933 0.04507097351329199
934 0.04507096231812097
935 0.04507095115657442
936 0.04507094002852539
937 0.04507092893391599
938 0.04507091787179645
939 0.04507090684102252
940 0.04507089584112661
941 0.04507088487268331
942 0.04507087393578327
943 0.04507086303051479
944 0.0450708521567156
945 0.04507084131413343
946 0.04507083050262082
947 0.04507081972199426
948 0.04507080897213519
949 0.04507079825294448
950 0.04507078756434155
951 0.04507077690636507
952 0.04507076627841059
953 0.04507075568083495
954 0.04507074511402807
955 0.04507073457798431
956 0.04507072407268902
957 0.0450707135974511
958 0.04507070315181969
959 0.04507069273571392
960 0.04507068234879392
961 0.04507067199096795
962 0.04507066166207094
963 0.04507065136170764
964 0.04507064108947796
965 0.04507063084514937
966 0.04507062062864573
967 0.04507061043990248
968 0.04507060027888111
969 0.04507059014561451
970 0.0450705800400457
971 0.0450705699625437
972 0.0450705599126517
973 0.0450705498899558
974 0.04507053989403845
975 0.04507052992461996
976 0.0450705199814366
977 0.0450705100640853
978 0.04507050017247974
979 0.045070490306554
980 0.04507048046622302
981 0.04507047065138516
982 0.04507046086202373
983 0.04507045109797873
984 0.04507044135885203
985 0.04507043164482842
986 0.04507042195603895
987 0.04507041229239421
988 0.04507040265426843
989 0.04507039304242275
990 0.04507038345724108
991 0.04507037389846601
992 0.04507036436566653
993 0.04507035485821013
994 0.04507034537561327
995 0.04507033591768568
996 0.04507032648447763
997 0.04507031707615467
998 0.04507030769285147
999 0.04507029833325774
1000 0.04507028899726476
1001 0.04507027968722979
1002 0.0450702704052644
1003 0.04507026115175368
1004 0.04507025192633518
1005 0.04507024272811601
1006 0.04507023355628757
1007 0.04507022441067976
1008 0.04507021529118704
1009 0.04507020619739849
1010 0.04507019712898924
1011 0.04507018808608513
1012 0.04507017906850506
1013 0.04507017007581543
1014 0.04507016110836121
1015 0.04507015216607475
1016 0.04507014324872247
1017 0.04507013435582793
1018 0.04507012548706603
1019 0.04507011664229055
1020 0.04507010782145789
1021 0.04507009902446775
1022 0.04507009025123201
1023 0.04507008150175356
1024 0.04507007277607862
1025 0.04507006407415792
1026 0.04507005539568772
1027 0.04507004674042345
1028 0.04507003810823085
1029 0.04507002949901059
1030 0.04507002091270623
1031 0.04507001234924723
1032 0.04507000380787499
1033 0.04506999528852659
1034 0.04506998679138938
1035 0.04506997831650369
1036 0.04506996986343151
1037 0.04506996143192949
1038 0.04506995302195368
1039 0.04506994463477216
1040 0.04506993627119123
1041 0.04506992793102654
1042 0.0450699196141239
1043 0.04506991132034907
1044 0.04506990304932343
1045 0.04506989480038756
1046 0.04506988657314166
1047 0.04506987836720652
1048 0.04506987018232215
1049 0.04506986201830893
1050 0.04506985387470076
1051 0.04506984575220414
1052 0.04506983765250253
1053 0.04506982957551329
1054 0.04506982152076621
1055 0.045069813488059
1056 0.04506980547733885
1057 0.04506979748841253
1058 0.04506978952132486
1059 0.04506978157662857
1060 0.0450697734293585
1061 0.04506976534108299
1062 0.04506975735408746
1063 0.04506974943850372
1064 0.04506974157157623
1065 0.04506973374064667
1066 0.04506972593908604
1067 0.04506971816348685
1068 0.04506971041201525
1069 0.04506970268370385
1070 0.04506969497751184
1071 0.04506968729271978
1072 0.045069679629036
1073 0.04506967198620929
1074 0.04506966436422021
1075 0.04506965676332554
1076 0.04506964918310157
1077 0.0450696416234336
1078 0.04506963408427513
1079 0.04506962656550044
1080 0.04506961906704926
1081 0.04506961158510334
1082 0.04506960411925728
1083 0.0450695966710278
1084 0.0450695892424851
1085 0.04506958183512759
1086 0.04506957444988783
1087 0.0450695670869288
1088 0.04506955974617523
1089 0.04506955242719329
1090 0.04506954512961593
1091 0.0450695378530544
1092 0.04506953059719419
1093 0.04506952335911545
1094 0.04506951613140588
1095 0.04506950891084582
1096 0.04506950169889038
1097 0.04506949449842912
1098 0.04506948731219197
1099 0.04506948014225286
1100 0.04506947299062539
1101 0.04506946585927336
1102 0.04506945875002805
1103 0.0450694516641468
1104 0.04506944460270934
1105 0.0450694375667471
1106 0.04506943055582591
1107 0.04506942356886767
1108 0.04506941660303204
1109 0.04506940965621829
1110 0.04506940272782888
1111 0.04506939581765074
1112 0.04506938892530305
1113 0.04506938204993201
1114 0.04506937519040093
1115 0.0450693683462796
1116 0.04506936151718661
1117 0.04506935470273572
1118 0.04506934790266742
1119 0.04506934111693731
1120 0.04506933434567547
1121 0.0450693275891662
1122 0.04506932084796323
1123 0.04506931412282516
1124 0.04506930741475247
1125 0.04506930072503327
1126 0.04506929405433408
1127 0.0450692874031376
1128 0.04506928077133641
1129 0.04506927415908193
1130 0.04506926756644557
1131 0.04506926099429279
1132 0.04506925443881171
1133 0.0450692478882475
1134 0.0450692413324242
1135 0.04506923476814793
1136 0.04506922819987538
1137 0.04506922163509875
1138 0.04506921507977051
1139 0.04506920853812783
1140 0.04506920201275383
1141 0.04506919550549
1142 0.0450691890172891
1143 0.04506918254788659
1144 0.0450691760972748
1145 0.04506916966420903
1146 0.04506916324836299
1147 0.04506915684989738
1148 0.04506915046889327
1149 0.04506914410498023
1150 0.04506913775683685
1151 0.04506913142372192
1152 0.0450691251066368
1153 0.04506911880651474
1154 0.04506911252389591
1155 0.04506910625906177
1156 0.0450691000122734
1157 0.04506909378403262
1158 0.0450690875756775
1159 0.04506908138902758
1160 0.04506907522488499
1161 0.04506906908334974
1162 0.04506906296310256
1163 0.04506905686229341
1164 0.04506905078069324
1165 0.0450690447184714
1166 0.04506903867371161
1167 0.04506903264426469
1168 0.04506902663057518
1169 0.04506902063402225
1170 0.0450690146551983
1171 0.04506900869402881
1172 0.04506900275018112
1173 0.04506899682322153
1174 0.04506899091275929
1175 0.04506898501841924
1176 0.0450689791398784
1177 0.04506897327686182
1178 0.04506896742910849
1179 0.045068961596397
1180 0.04506895577859313
1181 0.04506894997559854
1182 0.04506894418737276
1183 0.04506893841386924
1184 0.04506893265504707
1185 0.0450689269109328
1186 0.04506892118148385
1187 0.0450689154667779
1188 0.04506890976679338
1189 0.04506890408145001
1190 0.04506889841043077
1191 0.04506889275264948
1192 0.04506888710756472
1193 0.04506888147643082
1194 0.04506887585992311
1195 0.04506887025801905
1196 0.04506886467127648
1197 0.0450688590991761
1198 0.04506885354139861
1199 0.04506884799782645
1200 0.04506884246869729
1201 0.04506883695456713
1202 0.04506883145600377
1203 0.04506882597331242
1204 0.04506882050635614
1205 0.04506881505457711
1206 0.04506880961723279
1207 0.04506880419411599
1208 0.04506879878607751
1209 0.04506879339138162
1210 0.045068788007254
1211 0.04506878263148488
1212 0.04506877726365336
1213 0.04506877190402588
1214 0.04506876655257783
1215 0.04506876120957974
1216 0.04506875587462279
1217 0.04506875054701846
1218 0.04506874522500002
1219 0.04506873990791131
1220 0.04506873459560355
1221 0.04506872928791479
1222 0.04506872398480598
1223 0.04506871868614208
1224 0.04506871339209158
1225 0.04506870810293866
1226 0.04506870281946295
1227 0.04506869754289165
1228 0.04506869227455221
1229 0.04506868701573265
1230 0.04506868176772022
1231 0.04506867653179673
1232 0.04506867130992884
1233 0.04506866610365364
1234 0.04506866091400551
1235 0.04506865574210419
1236 0.04506865058928734
1237 0.04506864545658186
1238 0.0450686403445427
1239 0.04506863525382539
1240 0.04506863018489061
1241 0.0450686251377819
1242 0.04506862011208625
1243 0.04506861510693087
1244 0.0450686101213956
1245 0.04506860515426726
1246 0.04506860020422202
1247 0.0450685952697694
1248 0.04506859034964657
1249 0.04506858544241023
1250 0.04506858054672105
1251 0.04506857566113093
1252 0.04506857078524508
1253 0.04506856591844516
1254 0.04506856105989834
1255 0.04506855620888579
1256 0.04506855136480844
1257 0.04506854652720509
1258 0.04506854169602436
1259 0.04506853687131185
1260 0.04506853205319638
1261 0.04506852724192988
1262 0.0450685224382894
1263 0.04506851764316942
1264 0.04506851285662533
1265 0.04506850807900049
1266 0.04506850331027083
1267 0.04506849855072544
1268 0.04506849380102407
1269 0.04506848906197859
1270 0.04506848433419408
1271 0.04506847961857739
1272 0.04506847491667926
1273 0.04506847023017165
1274 0.04506846555983811
1275 0.04506846090637221
1276 0.04506845626911628
1277 0.04506845164741032
1278 0.04506844704056448
1279 0.04506844244829784
1280 0.04506843787002498
1281 0.04506843330541335
1282 0.04506842875420027
1283 0.04506842421603346
1284 0.0450684196904407
1285 0.04506841517626456
1286 0.04506841067360027
1287 0.04506840618248173
1288 0.04506840170263591
1289 0.0450683972341403
1290 0.04506839277688351
1291 0.04506838833084593
1292 0.04506838389594534
1293 0.04506837947193992
1294 0.04506837505848614
1295 0.0450683706552408
1296 0.04506836626192218
1297 0.04506836187830076
1298 0.0450683575042068
1299 0.04506835313946828
1300 0.04506834878396334
1301 0.04506834443702178
1302 0.04506834009862694
1303 0.04506833577015665
1304 0.04506833145153318
1305 0.04506832714281754
1306 0.04506832284426933
1307 0.04506831855613801
1308 0.04506831427850536
1309 0.04506831001639987
1310 0.04506830577445435
1311 0.04506830155116004
1312 0.04506829734170773
1313 0.04506829314172027
1314 0.04506828894944397
1315 0.0450682847648748
1316 0.04506828058879651
1317 0.04506827642200734
1318 0.04506827226693709
1319 0.0450682681240662
1320 0.04506826399298632
1321 0.04506825987400321
1322 0.0450682557678275
1323 0.04506825167405257
1324 0.04506824759181696
1325 0.04506824352038024
1326 0.04506823945928747
1327 0.04506823540843585
1328 0.04506823136785405
1329 0.04506822733733515
1330 0.04506822331680468
1331 0.04506821930628887
1332 0.04506821530583992
1333 0.04506821131549586
1334 0.04506820733534551
1335 0.04506820336547418
1336 0.04506819940595037
1337 0.04506819545684022
1338 0.04506819151814799
1339 0.04506818759007524
1340 0.04506818367204473
1341 0.0450681797633721
1342 0.0450681758642035
1343 0.04506817197484098
1344 0.04506816809534285
1345 0.04506816422612479
1346 0.04506816036730625
1347 0.04506815651865222
1348 0.04506815267983837
1349 0.0450681488507331
1350 0.04506814503147842
1351 0.04506814122212064
1352 0.04506813742258049
1353 0.0450681336326858
1354 0.04506812985231787
1355 0.04506812608140624
1356 0.04506812231974688
1357 0.04506811856716477
1358 0.0450681148235784
1359 0.04506811108894266
1360 0.04506810736317098
1361 0.04506810364609332
1362 0.04506809993766728
1363 0.04506809623793597
1364 0.04506809254678461
1365 0.04506808886403744
1366 0.04506808518971538
1367 0.04506808152379643
1368 0.04506807786620613
1369 0.04506807421680026
1370 0.0450680705754327
1371 0.04506806694201687
1372 0.04506806331651575
1373 0.04506805969892251
1374 0.04506805608923885
1375 0.04506805248746779
1376 0.04506804889365782
1377 0.04506804530797219
1378 0.04506804173045155
1379 0.04506803816138653
1380 0.04506803460100767
1381 0.04506803104943764
1382 0.0450680275067275
1383 0.0450680239728409
1384 0.0450680204477838
1385 0.04506801693155334
1386 0.0450680134241331
1387 0.04506800992548865
1388 0.04506800643558664
1389 0.04506800295439613
1390 0.04506799948180964
1391 0.04506799601756058
1392 0.04506799256168488
1393 0.04506798911424718
1394 0.04506798567542381
1395 0.04506798224520957
1396 0.04506797882358057
1397 0.04506797541048031
1398 0.0450679720058445
1399 0.04506796860962554
1400 0.04506796522178219
1401 0.04506796184227721
1402 0.04506795847108222
1403 0.04506795510822158
1404 0.04506795175368916
1405 0.04506794840743373
1406 0.04506794506930453
1407 0.04506794173917421
1408 0.0450679384171029
1409 0.0450679351032002
1410 0.04506793179741168
1411 0.04506792849960651
1412 0.04506792520964854
1413 0.04506792192726095
1414 0.04506791865238461
1415 0.04506791538496549
1416 0.045067912125047
1417 0.04506790887295729
1418 0.04506790562881452
1419 0.04506790239266785
1420 0.04506789916439784
1421 0.04506789594374869
1422 0.04506789273047019
1423 0.04506788952433947
1424 0.04506788632521604
1425 0.04506788313304462
1426 0.04506787994802178
1427 0.045067876770731
1428 0.04506787360145645
1429 0.04506787044021646
1430 0.04506786728667398
1431 0.04506786414058906
1432 0.04506786100190351
1433 0.0450678578705641
1434 0.04506785474649424
1435 0.04506785162960823
1436 0.04506784851987026
1437 0.04506784541842575
1438 0.04506784232500345
1439 0.04506783923878164
1440 0.04506783615925348
1441 0.04506783308649236
1442 0.0450678300209718
1443 0.04506782696316695
1444 0.04506782391329301
1445 0.0450678208712131
1446 0.045067817836592
1447 0.04506781480899102
1448 0.04506781178779266
1449 0.04506780877269628
1450 0.0450678057635422
1451 0.04506780276028409
1452 0.04506779976295816
1453 0.04506779677163661
1454 0.04506779378666406
1455 0.0450677908080802
1456 0.04506778783583081
1457 0.04506778486987962
1458 0.04506778191020983
1459 0.04506777895678032
1460 0.04506777600956358
1461 0.04506777306868078
1462 0.04506777013426971
1463 0.04506776720637581
1464 0.0450677642849673
1465 0.04506776137003346
1466 0.04506775846157788
1467 0.04506775555963177
1468 0.04506775266404642
1469 0.04506774977502527
1470 0.04506774689271183
1471 0.0450677440171633
1472 0.04506774114837037
1473 0.0450677382862936
1474 0.04506773543088653
1475 0.04506773258201774
1476 0.04506772973962064
1477 0.04506772690366733
1478 0.04506772407413756
1479 0.04506772125101031
1480 0.04506771843427412
1481 0.04506771562389027
1482 0.04506771281976138
1483 0.04506771002191511
1484 0.04506770723030904
1485 0.04506770444484044
1486 0.04506770166560543
1487 0.04506769889267679
1488 0.04506769612609066
1489 0.04506769336584244
1490 0.04506769061190038
1491 0.04506768786406672
1492 0.04506768512239116
1493 0.04506768238685126
1494 0.04506767965744406
1495 0.04506767693415496
1496 0.04506767421697216
1497 0.04506767150588928
1498 0.04506766880090902
1499 0.0450676661020284
1500 0.04506766340919571
1501 0.04506766072269391
1502 0.04506765804431589
1503 0.04506765537302071
1504 0.04506765270826526
1505 0.04506765004995806
1506 0.04506764739792201
1507 0.0450676447518796
1508 0.04506764211112832
1509 0.04506763947566022
1510 0.04506763684544481
1511 0.04506763422057002
1512 0.04506763160115493
1513 0.04506762898726076
1514 0.04506762637913079
1515 0.04506762377701066
1516 0.04506762118096712
1517 0.04506761859096881
1518 0.0450676160069108
1519 0.04506761342846765
1520 0.04506761085536303
1521 0.04506760828735357
1522 0.04506760572438704
1523 0.04506760316663849
1524 0.04506760061427085
1525 0.04506759806740234
1526 0.04506759552606047
1527 0.04506759299028299
1528 0.0450675904602514
1529 0.04506758793619848
1530 0.04506758541774889
1531 0.0450675829049497
1532 0.04506758039719044
1533 0.04506757789423112
1534 0.04506757539602943
1535 0.04506757290264713
1536 0.04506757041415946
1537 0.0450675679306293
1538 0.04506756545206326
1539 0.04506756297860881
1540 0.04506756051042656
1541 0.04506755804766169
1542 0.04506755559044194
1543 0.04506755313889343
1544 0.0450675506931602
1545 0.04506754825342366
1546 0.04506754581922934
1547 0.04506754339053932
1548 0.04506754096751533
1549 0.04506753855030916
1550 0.04506753613905456
1551 0.04506753373387178
1552 0.04506753133520886
1553 0.04506752894351005
1554 0.04506752655781471
1555 0.04506752417861933
1556 0.04506752180648861
1557 0.0450675194417026
1558 0.04506751708424944
1559 0.04506751473449267
1560 0.04506751239189351
1561 0.04506751005528763
1562 0.04506750772420152
1563 0.04506750539915677
1564 0.04506750308076916
1565 0.04506750076829309
1566 0.04506749846100401
1567 0.04506749615830305
1568 0.04506749385977368
1569 0.04506749156518929
1570 0.0450674892745631
1571 0.04506748698802517
1572 0.04506748470550734
1573 0.04506748242700527
1574 0.04506748015259211
1575 0.04506747788235363
1576 0.04506747561637674
1577 0.04506747335475172
1578 0.04506747109761138
1579 0.04506746884505875
1580 0.04506746659712408
1581 0.04506746435384471
1582 0.0450674621152646
1583 0.0450674598814827
1584 0.04506745765250616
1585 0.0450674554283101
1586 0.04506745320887222
1587 0.0450674509941751
1588 0.04506744878420995
1589 0.04506744657901398
1590 0.04506744437866442
1591 0.045067442183161
1592 0.04506743999245943
1593 0.04506743780652422
1594 0.04506743562531435
1595 0.04506743344877858
1596 0.04506743127684845
1597 0.04506742910945268
1598 0.04506742694653421
1599 0.04506742478804893
1600 0.04506742263399471
1601 0.04506742048433936
1602 0.04506741833902714
1603 0.04506741619805016
1604 0.04506741406143511
1605 0.04506741192923622
1606 0.0450674098015859
1607 0.04506740767855404
1608 0.04506740556015682
1609 0.04506740344638156
1610 0.04506740133722194
1611 0.04506739923271066
1612 0.04506739713289027
1613 0.04506739503777243
1614 0.04506739294735223
1615 0.04506739086147602
1616 0.04506738877899766
1617 0.04506738669986958
1618 0.04506738462485756
1619 0.04506738255444045
1620 0.04506738048904312
1621 0.04506737842890651
1622 0.04506737637406769
1623 0.04506737432436057
1624 0.04506737227956953
1625 0.04506737023950633
1626 0.04506736820397056
1627 0.04506736617278856
1628 0.04506736414582434
1629 0.04506736212298783
1630 0.04506736010423111
1631 0.04506735808953753
1632 0.04506735607891385
1633 0.04506735407238438
1634 0.04506735206997618
1635 0.04506735007173835
1636 0.04506734807772362
1637 0.04506734608797385
1638 0.04506734410252018
1639 0.04506734212138675
1640 0.04506734014460528
1641 0.04506733817227138
1642 0.04506733620447597
1643 0.04506733424122909
1644 0.04506733228253833
1645 0.04506733032837917
1646 0.04506732837871653
1647 0.04506732643353804
1648 0.04506732449283075
1649 0.0450673225565808
1650 0.04506732062476653
1651 0.04506731869735933
1652 0.04506731677433547
1653 0.04506731485567302
1654 0.04506731294138606
1655 0.0450673110314469
1656 0.04506730912579381
1657 0.04506730722435578
1658 0.04506730532709053
1659 0.04506730343397619
1660 0.0450673015450004
1661 0.04506729966016764
1662 0.04506729777948783
1663 0.04506729590296962
1664 0.04506729403061846
1665 0.0450672921624397
1666 0.04506729029843549
1667 0.04506728843868876
1668 0.04506728658335426
1669 0.04506728473239457
1670 0.04506728288569901
1671 0.04506728104316559
1672 0.04506727920470271
1673 0.04506727737027257
1674 0.0450672755398701
1675 0.0450672737135026
1676 0.04506727189117818
1677 0.04506727007290306
1678 0.04506726825869932
1679 0.04506726644857845
1680 0.04506726464245185
1681 0.04506726284023264
1682 0.04506726104187871
1683 0.04506725924742511
1684 0.0450672574569299
1685 0.04506725567040167
1686 0.04506725388774856
1687 0.0450672521090116
1688 0.0450672503343082
1689 0.04506724856367279
1690 0.04506724679705656
1691 0.04506724503462642
1692 0.04506724327651859
1693 0.04506724152251596
1694 0.04506723977236476
1695 0.04506723802591805
1696 0.04506723628311407
1697 0.04506723454395507
1698 0.04506723280844065
1699 0.04506723107654684
1700 0.04506722934822844
1701 0.04506722762419637
1702 0.04506722590459439
1703 0.04506722418941666
1704 0.04506722247853709
1705 0.04506722077177678
1706 0.04506721906895082
1707 0.04506721736988602
1708 0.04506721567444929
1709 0.04506721398253963
1710 0.04506721229411471
1711 0.04506721060922097
1712 0.04506720892797588
1713 0.04506720725044257
1714 0.04506720557664272
1715 0.04506720390658962
1716 0.04506720224028973
1717 0.04506720057773957
1718 0.04506719891935614
1719 0.04506719726531799
1720 0.04506719561548582
1721 0.04506719396967249
1722 0.04506719232772456
1723 0.04506719068954479
1724 0.04506718905507033
1725 0.04506718742442792
1726 0.0450671857975271
1727 0.04506718417430559
1728 0.04506718255471376
1729 0.04506718093870032
1730 0.04506717932621283
1731 0.04506717771719735
1732 0.0450671761116002
1733 0.04506717450934342
1734 0.04506717291039916
1735 0.04506717131476173
1736 0.04506716972244078
1737 0.04506716813346562
1738 0.04506716654801481
1739 0.04506716496658502
1740 0.04506716338928288
1741 0.0450671618159736
1742 0.04506716024642183
1743 0.04506715868039116
1744 0.04506715711768938
1745 0.04506715555819923
1746 0.04506715400186275
1747 0.04506715244856366
1748 0.04506715089824952
1749 0.045067149350966
1750 0.04506714780672751
1751 0.04506714626552186
1752 0.04506714472734801
1753 0.04506714319218184
1754 0.04506714166004596
1755 0.04506714013100858
1756 0.04506713860512008
1757 0.04506713708242086
1758 0.04506713556291426
1759 0.04506713404660648
1760 0.04506713253358036
1761 0.04506713102383029
1762 0.04506712951728699
1763 0.04506712801392496
1764 0.04506712651387908
1765 0.04506712501721962
1766 0.04506712352390994
1767 0.04506712203383177
1768 0.04506712054683957
1769 0.04506711906281016
1770 0.04506711758166475
1771 0.04506711610352943
1772 0.04506711462843269
1773 0.04506711315639712
1774 0.04506711168754059
1775 0.04506711022194649
1776 0.04506710875966454
1777 0.04506710730071878
1778 0.04506710584510851
1779 0.04506710439279391
1780 0.0450671029437177
1781 0.04506710149784592
1782 0.04506710005513684
1783 0.04506709861554548
1784 0.04506709717905186
1785 0.04506709574565052
1786 0.04506709431525178
1787 0.04506709288775393
1788 0.04506709146309205
1789 0.04506709004119273
1790 0.04506708862201893
1791 0.04506708720558567
1792 0.04506708579192813
1793 0.04506708438109082
1794 0.04506708297311821
1795 0.04506708156788905
1796 0.04506708016854596
1797 0.04506707877677721
1798 0.04506707739178819
1799 0.04506707601263721
1800 0.04506707463913628
1801 0.04506707327136816
1802 0.04506707190760209
1803 0.04506707054610418
1804 0.04506706918517417
1805 0.04506706782352125
1806 0.04506706646061319
1807 0.04506706509656943
1808 0.04506706373191177
1809 0.0450670623674374
1810 0.04506706100393184
1811 0.04506705964208295
1812 0.04506705828237064
1813 0.04506705692505471
1814 0.04506705557030478
1815 0.04506705421819078
1816 0.04506705286872453
1817 0.04506705152189501
1818 0.04506705017766748
1819 0.0450670488360184
1820 0.04506704749693231
1821 0.04506704616039395
1822 0.04506704482639797
1823 0.04506704349494999
1824 0.04506704216611002
1825 0.04506704083988782
1826 0.045067039516267
1827 0.04506703819525506
1828 0.04506703687687884
1829 0.04506703556117943
1830 0.04506703424819629
1831 0.04506703293796509
1832 0.04506703163051629
1833 0.04506703032586999
1834 0.04506702902403918
1835 0.04506702772502824
1836 0.04506702642883201
1837 0.0450670251354385
1838 0.04506702384485228
1839 0.04506702255708114
1840 0.0450670212721014
1841 0.0450670199898788
1842 0.0450670187103753
1843 0.04506701743355083
1844 0.04506701615936771
1845 0.04506701488779226
1846 0.04506701361881177
1847 0.04506701235230267
1848 0.04506701108805749
1849 0.04506700982615215
1850 0.04506700856663951
1851 0.04506700730953419
1852 0.04506700605481609
1853 0.04506700480249194
1854 0.04506700355259027
1855 0.04506700230509968
1856 0.04506700105998905
1857 0.04506699981722237
1858 0.04506699857677478
1859 0.04506699733863476
1860 0.04506699610279715
1861 0.04506699486927104
1862 0.04506699363806654
1863 0.04506699240920692
1864 0.04506699118273587
1865 0.04506698995864569
1866 0.04506698873691733
1867 0.04506698751756053
1868 0.04506698630058345
1869 0.04506698508597764
1870 0.04506698387373133
1871 0.0450669826638398
1872 0.0450669814563006
1873 0.04506698025111006
1874 0.04506697904827276
1875 0.04506697784780243
1876 0.04506697664973046
1877 0.04506697545394747
1878 0.0450669742604068
1879 0.04506697306912758
1880 0.045066971880152
1881 0.04506697069349391
1882 0.04506696950914035
1883 0.04506696832688852
1884 0.04506696714662668
1885 0.04506696596835681
1886 0.04506696479208878
1887 0.04506696361782976
1888 0.04506696244557404
1889 0.04506696127531813
1890 0.04506696010706219
1891 0.04506695894077852
1892 0.04506695777735221
1893 0.04506695661699665
1894 0.04506695545955593
1895 0.04506695430533814
1896 0.04506695315472541
1897 0.04506695200732794
1898 0.0450669508626599
1899 0.04506694972030439
1900 0.04506694857987998
1901 0.0450669474411696
1902 0.04506694630405943
1903 0.04506694516871426
1904 0.04506694403524084
1905 0.04506694290369614
1906 0.04506694177404558
1907 0.04506694064602689
1908 0.04506693951929066
1909 0.04506693839363834
1910 0.04506693726878936
1911 0.04506693614452342
1912 0.04506693502089982
1913 0.04506693389770634
1914 0.04506693277424962
1915 0.04506693164918116
1916 0.04506693052061063
1917 0.04506692938803296
1918 0.04506692825219432
1919 0.04506692711469712
1920 0.04506692597768597
1921 0.04506692484371518
1922 0.04506692371536296
1923 0.04506692259449487
1924 0.04506692148216728
1925 0.04506692037869735
1926 0.04506691928383239
1927 0.04506691819694492
1928 0.04506691711716439
1929 0.04506691604354241
1930 0.0450669149750398
1931 0.04506691391057237
1932 0.04506691284906866
1933 0.04506691178951625
1934 0.04506691073099556
1935 0.04506690967317799
1936 0.04506690861655047
1937 0.04506690756133587
1938 0.04506690650655088
1939 0.04506690545058316
1940 0.04506690439214762
1941 0.04506690333078704
1942 0.04506690226697035
1943 0.04506690120175227
1944 0.04506690013636169
1945 0.04506689907184017
1946 0.04506689800920035
1947 0.04506689694914432
1948 0.04506689589215977
1949 0.0450668948385837
1950 0.04506689378865204
1951 0.04506689274251386
1952 0.04506689170022558
1953 0.04506689066173955
1954 0.0450668896269004
1955 0.04506688859545949
1956 0.04506688756711259
1957 0.04506688654151215
1958 0.04506688551830448
1959 0.04506688449715364
1960 0.04506688347779216
1961 0.04506688246008883
1962 0.04506688144351252
1963 0.04506688042776912
1964 0.04506687941285673
1965 0.04506687839875887
1966 0.04506687738545977
1967 0.04506687637300374
1968 0.04506687536149428
1969 0.0450668743510698
1970 0.04506687334189331
1971 0.04506687233412912
1972 0.04506687132791527
1973 0.04506687032338932
1974 0.04506686932060155
1975 0.04506686831964323
1976 0.04506686732055964
1977 0.04506686632335354
1978 0.04506686532816333
1979 0.04506686433483532
1980 0.04506686334328157
1981 0.04506686235344742
1982 0.04506686136529147
1983 0.04506686037878604
1984 0.04506685939388774
1985 0.04506685841052741
1986 0.04506685742865089
1987 0.04506685644823566
1988 0.04506685546927398
1989 0.04506685449176469
1990 0.04506685351571866
1991 0.04506685254116207
1992 0.04506685156806217
1993 0.04506685059653558
1994 0.04506684962658285
1995 0.04506684865815634
1996 0.04506684769122835
1997 0.04506684672582367
1998 0.04506684576194842
1999 0.04506684479964164
2000 0.04506684383895069
