"lift-rfile"
"Iteration" "lift"
("Iteration" "lift")
1 366.721454502175
2 183.3562802857688
3 91.6751120067282
4 45.83516740368296
5 22.91554876542732
6 11.45605640767033
7 5.726634838806115
8 2.862188270590607
9 1.430173532148282
10 0.7143580135752208
11 0.356607388090629
12 0.1778539773003693
13 0.08855952294392322
14 0.04396956002416327
15 0.02170141193890972
16 0.01059710609763102
17 0.005072081548245258
18 0.00232437372792815
19 0.0009657993726995545
20 0.0003000947875799398
21 -2.222490655538251e-05
22 -0.0001737053526492019
23 -0.0002405638447004902
24 -0.0002706955880981236
25 -0.0002824793590481117
26 -0.0002852337567060129
27 -0.0002839378494231541
28 -0.0002812243161716841
29 -0.0002782806420195454
30 -0.0002756879370741136
31 -0.0002735881106223236
32 -0.000271964680605391
33 -0.0002707411970004606
34 -0.0002698227991629627
35 -0.0002691317565174638
36 -0.0002685791629060701
37 -0.0002681514558044899
38 -0.0002678261067875827
39 -0.0002675697641173774
40 -0.0002673466850655459
41 -0.0002671287752345406
42 -0.0002668994002830876
43 -0.000266655447705496
44 -0.0002663948175669211
45 -0.0002661182327197503
46 -0.0002658266966305174
47 -0.0002655206146082526
48 -0.0002652031990265488
49 -0.0002648774021895629
50 -0.0002645684106355229
51 -0.0002642382851694037
52 -0.0002638979110509105
53 -0.0002635530293693597
54 -0.0002632049351754191
55 -0.0002628564609561591
56 -0.0002625095013960933
57 -0.0002621636699522245
58 -0.000261677792710518
59 -0.0002615497597957032
60 -0.0002612633889817406
61 -0.0002607652451596636
62 -0.0002605895886662909
63 -0.0002601409644939748
64 -0.0002599506307079282
65 -0.00025949710831351
66 -0.0002591512245792676
67 -0.0002588501703392278
68 -0.0002585463696327714
69 -0.0002582367708823545
70 -0.0002579237807160297
71 -0.0002576109557425201
72 -0.0002573009269614607
73 -0.0002569954871266896
74 -0.0002566948353302732
75 -0.0002563989696420422
76 -0.0002561081206927163
77 -0.0002558197983170468
78 -0.0002555366210501601
79 -0.0002552592541991941
80 -0.0002549870663384952
81 -0.0002547191102257522
82 -0.0002544547644894758
83 -0.0002541932022895731
84 -0.0002539341850845696
85 -0.0002536774971160048
86 -0.000253422962522075
87 -0.0002531706301802968
88 -0.000252920411200483
89 -0.0002526721702663816
90 -0.0002524256924048191
91 -0.0002521805259302667
92 -0.0002519361589934382
93 -0.0002516924947797275
94 -0.0002514495177066717
95 -0.0002512071573380676
96 -0.0002509653796968414
97 -0.0002507213913396263
98 -0.0002504791610819642
99 -0.0002502400224110276
100 -0.000250002342011085
101 -0.0002497658067573746
102 -0.000249530308600828
103 -0.0002492956417037233
104 -0.0002490615752124543
105 -0.0002488280184765702
106 -0.0002485950603951031
107 -0.0002483627491209263
108 -0.0002481311513764953
109 -0.0002479002870699773
110 -0.0002476703502032941
111 -0.0002474413833778083
112 -0.0002472132985334913
113 -0.0002469859591725633
114 -0.0002467592970909765
115 -0.0002465333201427032
116 -0.0002463081473046996
117 -0.0002460839007896892
118 -0.0002458607040523351
119 -0.0002456385344987163
120 -0.0002454173681048007
121 -0.0002451970744281687
122 -0.0002449773988945261
123 -0.0002447580535769046
124 -0.000244538980225004
125 -0.0002443201719742329
126 -0.0002441018235046883
127 -0.0002438840217399707
128 -0.0002436667582138262
129 -0.0002434499846653466
130 -0.000243233597304267
131 -0.0002430175602662273
132 -0.0002428018713945242
133 -0.000242586430268034
134 -0.0002423712158372231
135 -0.000242156204227843
136 -0.0002419413960383415
137 -0.0002417268108042028
138 -0.0002415124547518489
139 -0.0002412983286184511
140 -0.0002410844532698219
141 -0.0002408708707196526
142 -0.000240657590391255
143 -0.0002404446384427659
144 -0.0002402320176608526
145 -0.0002400196849319703
146 -0.0002398075602350934
147 -0.0002395955362638204
148 -0.0002393836227696124
149 -0.0002391718710278933
150 -0.0002389603730297287
151 -0.0002387495300896329
152 -0.0002385396312053611
153 -0.0002383306395760205
154 -0.0002381225388230156
155 -0.0002379152145756332
156 -0.0002377084567253028
157 -0.0002375020477289872
158 -0.0002375221915707635
159 -0.0002371593256898542
160 -0.0002368838487672307
161 -0.0002366614634177299
162 -0.0002364554586953614
163 -0.0002362540183018587
164 -0.0002362724216819469
165 -0.0002359164399063724
166 -0.0002356445930837578
167 -0.000235422857572503
168 -0.0002352156436286137
169 -0.000235230450293224
170 -0.000234874378272294
171 -0.0002346025004532276
172 -0.0002343802168326646
173 -0.0002343904812290438
174 -0.0002340354717650477
175 -0.000233760174885027
176 -0.000233531474760411
177 -0.000233535072369719
178 -0.0002331772888534657
179 -0.0002329074369312631
180 -0.0002329039428698002
181 -0.0002325496254947269
182 -0.0002322863839487432
183 -0.0002322862652360357
184 -0.0002319405879150604
185 -0.0002316834285055453
186 -0.0002316856408973337
187 -0.0002313460017018977
188 -0.0002310929869086767
189 -0.0002310971193489794
190 -0.0002307622948944045
191 -0.0002305129272875026
192 -0.0002305183514694074
193 -0.0002301890345653803
194 -0.0002299435853189891
195 -0.0002299500806390443
196 -0.0002296257689687144
197 -0.000229383942033074
198 -0.0002293891333858064
199 -0.0002290709336581899
200 -0.0002290298811850941
201 -0.0002287014245344278
202 -0.0002284638800633781
203 -0.0002284661917852341
204 -0.0002281616341035638
205 -0.0002281197157406968
206 -0.0002278037306185023
207 -0.0002277557211619306
208 -0.0002274457638675279
209 -0.0002272216414193356
210 -0.0002272194872573277
211 -0.0002269322510976029
212 -0.0002268875940758416
213 -0.0002265898658319893
214 -0.000226539528780592
215 -0.0002262462642270763
216 -0.0002261962818416042
217 -0.0002259084835684874
218 -0.0002258590341933715
219 -0.0002255759938979474
220 -0.0002255269082273935
221 -0.0002252480656421446
222 -0.0002251990738681483
223 -0.0002249238210868555
224 -0.0002248748806399964
225 -0.0002246028049584619
226 -0.0002245541508703285
227 -0.0002242847881105725
228 -0.0002242363485867563
229 -0.0002239695379818423
230 -0.0002239211841980401
231 -0.000223657017019814
232 -0.000223608341890521
233 -0.0002233471135312857
234 -0.0002232983952948328
235 -0.0002230399980009465
236 -0.000222991798018547
237 -0.0002227358683235262
238 -0.0002226880746412477
239 -0.0002224344320548219
240 -0.000222386862743496
241 -0.0002221350165836132
242 -0.0002220884225448527
243 -0.0002218407047812754
244 -0.0002217964317197716
245 -0.0002216866958182234
246 -0.0002214062642147006
247 -0.0002213533833572265
248 -0.0002211120479484749
249 -0.0002210704196414393
250 -0.0002209650281551296
251 -0.0002206922657832658
252 -0.0002206413558163107
253 -0.0002204057765036132
254 -0.0002203658398140929
255 -0.0002202636243619561
256 -0.000219997662309261
257 -0.0002199487692367319
258 -0.0002198459029456842
259 -0.0002195848654750839
260 -0.0002195391382580346
261 -0.0002194397774888118
262 -0.0002191838413823098
263 -0.0002191399140857352
264 -0.0002190427211254923
265 -0.0002187907569706583
266 -0.0002187479307975908
267 -0.0002186538807385786
268 -0.0002184021362578847
269 -0.0002183585539933147
270 -0.0002182623263026908
271 -0.0002180135231628628
272 -0.0002179711872048987
273 -0.0002178764072704293
274 -0.000217631007409435
275 -0.0002175897314895755
276 -0.0002174970806305497
277 -0.0002173730400382747
278 -0.0002171241456023483
279 -0.0002170849039243159
280 -0.0002169973788344694
281 -0.0002168789784277961
282 -0.0002166374390360707
283 -0.0002166009435974782
284 -0.0002165163382986272
285 -0.0002164011746277055
286 -0.0002161655449820223
287 -0.0002161301486865992
288 -0.000216047683663761
289 -0.0002159351145463384
290 -0.0002157035698912997
291 -0.0002156690218466429
292 -0.0002155880473014841
293 -0.0002154772875235503
294 -0.0002153571933815533
295 -0.0002151288207459939
296 -0.0002150960300762741
297 -0.0002150183735427626
298 -0.0002149114282362624
299 -0.000214795057864151
300 -0.0002145732692513289
301 -0.0002145414147519172
302 -0.0002144658039241345
303 -0.000214361583375484
304 -0.0002142481628477358
305 -0.0002141329518816995
306 -0.0002140194258481971
307 -0.0002138096941960179
308 -0.0002137826344340302
309 -0.0002137126417186422
310 -0.0002136142622406222
311 -0.0002135063085032118
312 -0.0002133960772745052
313 -0.0002132870930731434
314 -0.0002131803201837389
315 -0.0002130756982734247
316 -0.0002129728741463269
317 -0.0002128714880665441
318 -0.0002127712421446378
319 -0.0002126719124399261
320 -0.000212573342658186
321 -0.0002124754319880808
322 -0.0002123780883415948
323 -0.0002122812508906372
324 -0.0002121849315338903
325 -0.0002120891420551923
326 -0.0002119939003334071
327 -0.0002118992145214568
328 -0.0002118050753085148
329 -0.0002117114324277046
330 -0.0002116182168170486
331 -0.0002115254121366022
332 -0.0002114330159394737
333 -0.0002113410319308749
334 -0.0002112494997924411
335 -0.0002111584332067185
336 -0.0002110678106602834
337 -0.0002109776120594613
338 -0.0002108878365116319
339 -0.0002107984953520834
340 -0.0002107096090436528
341 -0.0002106211762299973
342 -0.0002105332038944784
343 -0.0002104457402703411
344 -0.0002103588005158208
345 -0.0002102723915058917
346 -0.0002101864847824213
347 -0.0002101010649387503
348 -0.0002100161294973415
349 -0.0002099316912473762
350 -0.0002098477925308239
351 -0.0002097644277117474
352 -0.0002096815932819081
353 -0.0002095992654349751
354 -0.0002095158320919188
355 -0.0002094324974227505
356 -0.0002093500502092335
357 -0.0002092685782078998
358 -0.0002091879437746959
359 -0.000209107995307229
360 -0.0002090286365485771
361 -0.0002089498100672664
362 -0.0002088714704468138
363 -0.0002087936063132068
364 -0.0002087162093897466
365 -0.0002086392766903966
366 -0.0002085627993198222
367 -0.0002084867645839422
368 -0.0002084111595421299
369 -0.0002083359931599793
370 -0.0002082612337892476
371 -0.0002081868575246833
372 -0.0002081128538565523
373 -0.000208039226362655
374 -0.0002079659808504461
375 -0.0002078931215634852
376 -0.0002078206540824344
377 -0.000207748589415149
378 -0.0002076769386748325
379 -0.0002076057032670602
380 -0.0002075348802708949
381 -0.0002074644741937305
382 -0.000207394473544843
383 -0.0002073248868166758
384 -0.00020725570624684
385 -0.0002071869008227679
386 -0.0002071184738585883
387 -0.0002070504077586227
388 -0.0002069826780892581
389 -0.0002069152734492261
390 -0.0002068482095878482
391 -0.000206781475836311
392 -0.0002067150582188357
393 -0.0002066489448452817
394 -0.0002065831325445958
395 -0.0002065176197551629
396 -0.0002064524063051428
397 -0.0002063874856347593
398 -0.0002063228696389481
399 -0.0002062586139054851
400 -0.0002061946786792549
401 -0.0002061310303047401
402 -0.0002060676588154803
403 -0.0002060045586515755
404 -0.0002059417178255664
405 -0.0002058791207913824
406 -0.0002058168227908867
407 -0.0002057549561202074
408 -0.000205693489948038
409 -0.0002056324069095712
410 -0.0002055716947562088
411 -0.0002055113227750795
412 -0.0002054512784904531
413 -0.0002053915436472646
414 -0.0002053321031440077
415 -0.0002052729442732399
416 -0.0002052140655838149
417 -0.0002051554700652726
418 -0.0002050971701622276
419 -0.0002050392188092528
420 -0.0002049816032321163
421 -0.0002049242831635783
422 -0.0002048671678077044
423 -0.0002048102841241314
424 -0.0002047536627869955
425 -0.0002046973089060025
426 -0.0002046412444776358
427 -0.0002045855113763088
428 -0.0002045301124623759
429 -0.0002044750348396835
430 -0.0002044202635474926
431 -0.0002043658044719118
432 -0.0002043117588918217
433 -0.0002042579352761062
434 -0.0002042043793122866
435 -0.0002041511315837753
436 -0.000204098171895586
437 -0.0002040454883199487
438 -0.0002039930915660862
439 -0.0002039409950534971
440 -0.0002038892057289592
441 -0.0002038377205193729
442 -0.0002037865413771235
443 -0.0002037356732185135
444 -0.0002036851168612143
445 -0.0002036348589163512
446 -0.0002035848977994812
447 -0.0002035352422011232
448 -0.0002034858990908348
449 -0.0002034368600257542
450 -0.0002033881233223705
451 -0.0002033396846659441
452 -0.0002032915425653328
453 -0.000203243694356559
454 -0.0002031961225030854
455 -0.0002031488142716417
456 -0.0002031017942914388
457 -0.0002030550636267563
458 -0.0002030086172242861
459 -0.0002029624589029146
460 -0.0002029165842784642
461 -0.0002028709864427869
462 -0.0002028256674338213
463 -0.0002027806335411238
464 -0.0002027358888308261
465 -0.0002026914261396426
466 -0.0002026472399163031
467 -0.0002026033323435432
468 -0.0002025596962466798
469 -0.0002025163382438911
470 -0.0002024732634813494
471 -0.0002024304583093932
472 -0.000202387905346394
473 -0.0002023455946798795
474 -0.0002023035205603255
475 -0.0002022616809612141
476 -0.0002022200742961852
477 -0.0002021787046029746
478 -0.0002021375766003794
479 -0.0002020966928468423
480 -0.0002020560534006754
481 -0.0002020156511942616
482 -0.0002019754840401593
483 -0.0002019355464312569
484 -0.0002018958363289994
485 -0.0002018563515413359
486 -0.0002018170843551881
487 -0.000201778024614636
488 -0.0002017391658495868
489 -0.0002017005014734852
490 -0.0002016620317107108
491 -0.000201623744800795
492 -0.0002015856356356458
493 -0.00020154770644578
494 -0.0002015099640914587
495 -0.0002014724130357825
496 -0.0002014350524920598
497 -0.000201397879205299
498 -0.0002013608844499324
499 -0.0002013240702950481
500 -0.0002012874455158347
501 -0.0002012510175326404
502 -0.0002012147861870879
503 -0.0002011787523433605
504 -0.0002011429172206675
505 -0.0002011072718780533
506 -0.0002010718073130164
507 -0.0002010365201201308
508 -0.000201001410467199
509 -0.0002009664767840308
510 -0.0002009317150655931
511 -0.0002008971231989426
512 -0.0002008626939760159
513 -0.0002008284345587148
514 -0.0002007944045453436
515 -0.0002007605785817051
516 -0.0002007268838208433
517 -0.0002006932779127738
518 -0.0002006598158735565
519 -0.000200626511261903
520 -0.000200593365811051
521 -0.0002005603806728329
522 -0.0002005275575065796
523 -0.0002004949034183024
524 -0.0002004624231219411
525 -0.0002004301212114834
526 -0.0002003980006346388
527 -0.0002003660620498326
528 -0.0002003343090544026
529 -0.0002003027419140217
530 -0.0002002713537819239
531 -0.0002002401370072408
532 -0.0002002090893806843
533 -0.0002001782079867952
534 -0.0002001474910198277
535 -0.0002001169374354642
536 -0.0002000865471544854
537 -0.0002000563196188921
538 -0.0002000262525908939
539 -0.0001999963416807963
540 -0.0001999665854744286
541 -0.0001999369822125492
542 -0.0001999075316323115
543 -0.0001998782287062287
544 -0.000199849071701067
545 -0.0001998200619258505
546 -0.0001997912010875638
547 -0.0001997624862792478
548 -0.0001997339154964972
549 -0.0001997054925934266
550 -0.0001996772272442376
551 -0.0001996491235875847
552 -0.0001996211743151369
553 -0.0001995933696877007
554 -0.0001995657026162708
555 -0.0001995381645149437
556 -0.0001995107489219854
557 -0.0001994834573035255
558 -0.0001994562920164178
559 -0.0001994292493944818
560 -0.0001994023291919364
561 -0.0001993755307962675
562 -0.0001993488517570532
563 -0.000199322289095629
564 -0.00019929584077338
565 -0.00019926951404116
566 -0.0001992433142895671
567 -0.0001992172404977297
568 -0.0001991912932087537
569 -0.0001991654661667331
570 -0.0001991397574064915
571 -0.0001991141656602905
572 -0.0001990886904919861
573 -0.0001990633315187902
574 -0.0001990380870271055
575 -0.0001990129576333678
576 -0.0001989879427096928
577 -0.0001989630475446853
578 -0.0001989382622507283
579 -0.0001989135753035755
580 -0.0001988889808771781
581 -0.0001988644788984388
582 -0.0001988400673002689
583 -0.0001988157450498313
584 -0.0001987915104936829
585 -0.000198767371535369
586 -0.0001987433329137134
587 -0.0001987194005682531
588 -0.0001986955745249821
589 -0.0001986718506048429
590 -0.0001986482238770271
591 -0.0001986246886997063
592 -0.0001986012428932314
593 -0.0001985778852287048
594 -0.0001985546119775331
595 -0.0001985314168901285
596 -0.0001985083056715185
597 -0.0001984852781948701
598 -0.0001984623261892998
599 -0.0001984394345538389
600 -0.0001984166064278544
601 -0.000198393869704569
602 -0.0001983712448808858
603 -0.0001983487416724893
604 -0.0001983263612105509
605 -0.0001983041071632654
606 -0.000198281982655381
607 -0.0001982599681293903
608 -0.0001982380583190876
609 -0.0001982162494907038
610 -0.0001981945364468213
611 -0.0001981729136216783
612 -0.0001981513774234997
613 -0.0001981299266741649
614 -0.0001981085582461246
615 -0.0001980872697374547
616 -0.0001980660577524361
617 -0.0001980449179545379
618 -0.0001980238477597033
619 -0.0001980028465102314
620 -0.0001979819143737723
621 -0.0001979610509207677
622 -0.0001979402524797323
623 -0.0001979195178519258
624 -0.0001978988508642051
625 -0.0001978782494854141
626 -0.0001978577004195506
627 -0.0001978371977805341
628 -0.0001978167408035774
629 -0.0001977963323394479
630 -0.0001977759760623515
631 -0.0001977556794626759
632 -0.000197735448535005
633 -0.0001977152816243207
634 -0.0001976951792696917
635 -0.0001976751410305655
636 -0.0001976551657362883
637 -0.000197635253260279
638 -0.0001976154126622428
639 -0.0001975956498278986
640 -0.0001975759662803606
641 -0.0001975563688791218
642 -0.0001975368607025222
643 -0.0001975174395035923
644 -0.0001974980970510899
645 -0.0001974788269016719
646 -0.0001974596225111877
647 -0.000197440480710828
648 -0.0001974213911784281
649 -0.0001974023539204634
650 -0.0001973833771259263
651 -0.0001973644621350527
652 -0.0001973456084421524
653 -0.0001973268127066379
654 -0.0001973080633771131
655 -0.0001972893336731891
656 -0.0001972706030672214
657 -0.0001972518922975587
658 -0.0001972332344111502
659 -0.0001972146655606165
660 -0.0001971961955708803
661 -0.000197177831210311
662 -0.0001971595759060654
663 -0.0001971414229286828
664 -0.0001971233553685199
665 -0.0001971053835042366
666 -0.0001970875187339482
667 -0.0001970697636185102
668 -0.0001970521205150757
669 -0.0001970345906917293
670 -0.0001970171746029689
671 -0.0001969998717035609
672 -0.0001969826830609412
673 -0.0001969656074419851
674 -0.0001969486394237393
675 -0.0001969317647918332
676 -0.0001969149677332259
677 -0.0001968982615490789
678 -0.0001968816530509907
679 -0.0001968651421116387
680 -0.0001968487301307185
681 -0.0001968324201543599
682 -0.0001968162107963503
683 -0.0001968000998264106
684 -0.0001967840851730145
685 -0.0001967681632376335
686 -0.0001967523380357209
687 -0.0001967366031867477
688 -0.0001967209530617573
689 -0.0001967053840971098
690 -0.0001966898969294302
691 -0.0001966744908138111
692 -0.0001966591662235223
693 -0.0001966439280631114
694 -0.0001966287793690461
695 -0.0001966137188276197
696 -0.0001965987463488556
697 -0.0001965838634265484
698 -0.0001965690735254688
699 -0.0001965543835480187
700 -0.0001965398023760559
701 -0.0001965253469505383
702 -0.0001965110233470142
703 -0.0001964968221068552
704 -0.000196482719765262
705 -0.0001964687172126443
706 -0.0001964548102912259
707 -0.0001964410014426418
708 -0.0001964272803572484
709 -0.0001964136373629134
710 -0.0001964000778421436
711 -0.0001963866373968322
712 -0.0001963733256769984
713 -0.0001963601248859597
714 -0.000196347007728096
715 -0.0001963339497514972
716 -0.0001963209220699536
717 -0.0001963078970479076
718 -0.0001962948560996952
719 -0.0001962817836492256
720 -0.0001962686756966721
721 -0.0001962555369864415
722 -0.0001962423812878031
723 -0.0001962292316662698
724 -0.0001962161139218619
725 -0.0001962030562787815
726 -0.0001961900853008557
727 -0.0001961772277596914
728 -0.0001961645073301183
729 -0.0001961519479845941
730 -0.0001961395618831337
731 -0.0001961273472927399
732 -0.0001961153049342276
733 -0.0001961034334864876
734 -0.0001960917336008286
735 -0.0001960802055562112
736 -0.0001960688517593072
737 -0.0001960576730105081
738 -0.0001960466697083997
739 -0.0001960358353991738
740 -0.000196025158318294
741 -0.0001960146303706639
742 -0.0001960042509226523
743 -0.0001959940171581136
744 -0.000195983925152661
745 -0.0001959739702400397
746 -0.0001959641508412981
747 -0.0001959544558452307
748 -0.0001959448748877231
749 -0.0001959354037415059
750 -0.0001959260413524352
751 -0.000195916787483724
752 -0.0001959076430221476
753 -0.0001958986110375718
754 -0.0001958896953809731
755 -0.0001958809000431739
756 -0.0001958722270345956
757 -0.0001958636741580662
758 -0.0001958552365392648
759 -0.0001958469118363883
760 -0.0001958386981337138
761 -0.0001958305961386231
762 -0.0001958226069983866
763 -0.0001958147293641998
764 -0.0001958069613344322
765 -0.0001957993012842518
766 -0.0001957917477067789
767 -0.0001957843008971106
768 -0.0001957769611386087
769 -0.0001957697275506397
770 -0.0001957625999127334
771 -0.0001957555790874083
772 -0.0001957486657042312
773 -0.0001957418625807847
774 -0.0001957351718851063
775 -0.0001957285920080204
776 -0.0001957221196940971
777 -0.0001957157520244551
778 -0.0001957094886086887
779 -0.0001957033320970727
780 -0.0001956972911625077
781 -0.0001956913691841335
782 -0.0001956855595115117
783 -0.0001956798588601207
784 -0.0001956742680921039
785 -0.0001956687847423665
786 -0.0001956634070549719
787 -0.0001956581361069471
788 -0.0001956529731179636
789 -0.0001956479170378784
790 -0.000195642971066963
791 -0.0001956381371959447
792 -0.0001956334157074083
793 -0.0001956288056384315
794 -0.0001956243057916331
795 -0.0001956199151034915
796 -0.000195615633516322
797 -0.000195611460803424
798 -0.0001956073971969062
799 -0.0001956034425760658
800 -0.0001955995952525275
801 -0.0001955958542603205
802 -0.0001955922204173923
803 -0.0001955886948783924
804 -0.0001955852762397861
805 -0.0001955819646063098
806 -0.000195578758415343
807 -0.0001955756556977516
808 -0.0001955726571611767
809 -0.0001955697606044585
810 -0.0001955669634887855
811 -0.0001955642635368992
812 -0.0001955616580403414
813 -0.0001955591464227594
814 -0.0001955567272355088
815 -0.0001955543914262016
816 -0.0001955521442313553
817 -0.0001955499901166786
818 -0.0001955479288163954
819 -0.0001955459664667144
820 -0.0001955441035424869
821 -0.0001955423388858139
822 -0.0001955406719626412
823 -0.0001955391036231092
824 -0.0001955376343954053
825 -0.0001955362636521236
826 -0.0001955349911338033
827 -0.0001955338161198787
828 -0.0001955327381972603
829 -0.0001955317563833154
830 -0.0001955308695017838
831 -0.0001955300772394823
832 -0.0001955293786916019
833 -0.0001955287826301675
834 -0.0001955282897584562
835 -0.0001955278955484617
836 -0.0001955275982006538
837 -0.0001955274000160478
838 -0.0001955273011573237
839 -0.000195527302716868
840 -0.0001955274759735225
841 -0.000195527803973644
842 -0.000195528249111954
843 -0.0001955287830770491
844 -0.0001955293933588489
845 -0.0001955300780041133
846 -0.0001955308369422849
847 -0.0001955316730387337
848 -0.0001955325859888368
849 -0.0001955335855538815
850 -0.0001955346970187741
851 -0.0001955358758244969
852 -0.0001955371090827036
853 -0.0001955383893636585
854 -0.0001955397054431836
855 -0.0001955410529217329
856 -0.000195542437580482
857 -0.0001955438732814103
858 -0.0001955453799774575
859 -0.0001955469686396184
860 -0.0001955486482297265
861 -0.0001955504210020073
862 -0.0001955522854527593
863 -0.0001955542367556864
864 -0.0001955562664563569
865 -0.0001955583683585511
866 -0.0001955605405941376
867 -0.0001955627852234843
868 -0.0001955651137297744
869 -0.000195567525046501
870 -0.0001955700080634284
871 -0.0001955725612900939
872 -0.0001955751875754692
873 -0.0001955778889553751
874 -0.0001955806725455759
875 -0.0001955835346993437
876 -0.0001955864747836652
877 -0.0001955896375302647
878 -0.0001955926413914795
879 -0.000195595784108381
880 -0.0001955990795995521
881 -0.0001956024519607563
882 -0.0001956058724726244
883 -0.000195609340212604
884 -0.0001956128695934557
885 -0.0001956164736275561
886 -0.0001956201524857968
887 -0.0001956239011990888
888 -0.0001956277102152528
889 -0.0001956315743530692
890 -0.0001956354922840058
891 -0.0001956394681871159
892 -0.0001956435058179279
893 -0.0001956476083403891
894 -0.000195651778370865
895 -0.0001956560171433535
896 -0.0001956603219713852
897 -0.000195664687457629
898 -0.0001956691081402014
899 -0.0001956735773399365
900 -0.0001956780883269429
901 -0.0001956826361135962
902 -0.0001956872183142164
903 -0.0001956918334799464
904 -0.000195696481813968
905 -0.0001957011604089316
906 -0.0001957058652299646
907 -0.0001957105984056059
908 -0.0001957153639391445
909 -0.0001957201654485294
910 -0.0001957250057791624
911 -0.0001957298885863882
912 -0.0001957348163853209
913 -0.0001957397929598464
914 -0.0001957448195567623
915 -0.0001957499005826131
916 -0.0001957550407003855
917 -0.0001957602421856547
918 -0.0001957655059511504
919 -0.000195770833064931
920 -0.0001957762234809956
921 -0.0001957816768039712
922 -0.0001957871921710762
923 -0.0001957927690001634
924 -0.0001957984068602243
925 -0.0001958041052865011
926 -0.0001958098636116429
927 -0.0001958156815129682
928 -0.0001958215581122246
929 -0.000195827495089028
930 -0.0001958334905653907
931 -0.0001958395424901953
932 -0.0001958456494955489
933 -0.0001958518095435141
934 -0.0001958580210862221
935 -0.0001958642832182263
936 -0.0001958705960540453
937 -0.0001958769614644493
938 -0.0001958833778783954
939 -0.000195889844142823
940 -0.0001958963606986536
941 -0.0001959029273528886
942 -0.0001959095449791016
943 -0.0001959162133892435
944 -0.0001959229310660307
945 -0.0001959296973801561
946 -0.0001959365118303025
947 -0.0001959433740162348
948 -0.0001959502833698541
949 -0.0001959572393648242
950 -0.0001959642419684332
951 -0.0001959712932851473
952 -0.0001959783937826279
953 -0.0001959855445415417
954 -0.0001959927452497157
955 -0.0001959999947686622
956 -0.0001960072912996029
957 -0.0001960146333128296
958 -0.0001960220194508211
959 -0.0001960294500503486
960 -0.0001960369239172306
961 -0.0001960444409526634
962 -0.0001960519992520775
963 -0.0001960595960705794
964 -0.000196067228937413
965 -0.0001960748964305283
966 -0.0001960825980006406
967 -0.0001960903326940579
968 -0.000196098099474149
969 -0.0001961058974642197
970 -0.0001961137255066851
971 -0.0001961215819557795
972 -0.0001961294676127816
973 -0.0001961373818371192
974 -0.0001961453234915123
975 -0.0001961532911982111
976 -0.0001961612838660221
977 -0.0001961693016638202
978 -0.0001961773446447452
979 -0.0001961854123282232
980 -0.000196193503896246
981 -0.0001962016186680557
982 -0.000196209756449739
983 -0.0001962179169247354
984 -0.0001962260997850949
985 -0.0001962343043690154
986 -0.0001962425305408138
987 -0.000196250779401937
988 -0.0001962590509894903
989 -0.0001962673439229564
990 -0.0001962756576809026
991 -0.0001962839901254432
992 -0.0001962923375447145
993 -0.0001963006980939005
994 -0.000196309071233943
995 -0.0001963174570005324
996 -0.0001963258556492008
997 -0.0001963342667254499
998 -0.0001963426879621246
999 -0.0001963511201407963
1000 -0.0001963595617953383
1001 -0.0001963680116682877
1002 -0.0001963764692148677
1003 -0.000196384933306086
1004 -0.0001963934028233644
1005 -0.0001964018768925619
1006 -0.0001964103556069042
1007 -0.0001964188405027184
1008 -0.0001964273321143616
1009 -0.0001964358286740006
1010 -0.0001964443273442377
1011 -0.0001964528278343429
1012 -0.0001964613318646852
1013 -0.0001964698400393141
1014 -0.0001964783511100069
1015 -0.0001964868665429271
1016 -0.0001964953881326046
1017 -0.0001965039179100823
1018 -0.0001965124564893631
1019 -0.0001965210054230644
1020 -0.0001965295695898905
1021 -0.0001965381528122245
1022 -0.000196546755834543
1023 -0.0001965553780381112
1024 -0.0001965640182359649
1025 -0.0001965726754545395
1026 -0.0001965813492876538
1027 -0.0001965900400257058
1028 -0.0001965987481225975
1029 -0.0001966074740645578
1030 -0.0001966162183640706
1031 -0.0001966249815489796
1032 -0.0001966337645769584
1033 -0.0001966425680449362
1034 -0.0001966513925269213
1035 -0.0001966602383105649
1036 -0.0001966691062898321
1037 -0.0001966779981294556
1038 -0.0001966869152251372
1039 -0.0001966958695054678
1040 -0.0001967048622210494
1041 -0.0001967138887428391
1042 -0.0001967229441927675
1043 -0.0001967320252990011
1044 -0.0001967411289689975
1045 -0.0001967502533236063
1046 -0.0001967593963419005
1047 -0.0001967685580880556
1048 -0.0001967777411851412
1049 -0.0001967869489159774
1050 -0.0001967961857649448
1051 -0.0001968054520507622
1052 -0.0001968147502841887
1053 -0.0001968240792008954
1054 -0.0001968334361045525
1055 -0.0001968428177634205
1056 -0.0001968522222622585
1057 -0.0001968616482393074
1058 -0.0001968710925326816
1059 -0.0001968805537697337
1060 -0.00019689099579497
1061 -0.0001969013742141401
1062 -0.0001969115400691644
1063 -0.00019692151767306
1064 -0.0001969313381429418
1065 -0.000196941049011048
1066 -0.0001969506934007072
1067 -0.0001969603072693696
1068 -0.0001969699156784167
1069 -0.0001969795344841909
1070 -0.0001969891709290694
1071 -0.0001969988297304332
1072 -0.0001970085106347699
1073 -0.0001970182109407498
1074 -0.0001970279277746337
1075 -0.0001970376593820317
1076 -0.0001970474044843325
1077 -0.0001970571618079707
1078 -0.0001970669302832741
1079 -0.0001970767091793397
1080 -0.0001970864962817138
1081 -0.0001970963065365142
1082 -0.0001971061333955823
1083 -0.0001971159692675996
1084 -0.0001971258081671503
1085 -0.0001971356460663068
1086 -0.0001971454837935526
1087 -0.0001971553230598841
1088 -0.00019716516462391
1089 -0.0001971750078175291
1090 -0.0001971848507761085
1091 -0.000197194690915251
1092 -0.0001972045230232212
1093 -0.0001972143421330547
1094 -0.0001972241514391775
1095 -0.0001972339498313936
1096 -0.00019724373381864
1097 -0.0001972535047049986
1098 -0.0001972632692035597
1099 -0.0001972730367925437
1100 -0.0001972828130632459
1101 -0.0001972926005449161
1102 -0.0001973023988696175
1103 -0.0001973122069360389
1104 -0.0001973220258554146
1105 -0.0001973318593963443
1106 -0.0001973417030787086
1107 -0.0001973515521570615
1108 -0.0001973614056008813
1109 -0.0001973712655892495
1110 -0.0001973811335275018
1111 -0.0001973910120268221
1112 -0.0001974009036118678
1113 -0.0001974108095943151
1114 -0.0001974207319340081
1115 -0.0001974306727310512
1116 -0.0001974406336309222
1117 -0.0001974506158364102
1118 -0.0001974606204424177
1119 -0.0001974706482712178
1120 -0.0001974806997142564
1121 -0.0001974907754245346
1122 -0.0001975008755468144
1123 -0.0001975109993771856
1124 -0.0001975211446481988
1125 -0.0001975313093862335
1126 -0.0001975414940187539
1127 -0.0001975517007206436
1128 -0.0001975619320335874
1129 -0.0001975721875228861
1130 -0.0001975824660884286
1131 -0.0001975927694967018
1132 -0.0001976030900017684
1133 -0.0001976134014903865
1134 -0.0001976236962932393
1135 -0.0001976339751291291
1136 -0.0001976442515997625
1137 -0.0001976545355970906
1138 -0.0001976648312243742
1139 -0.0001976751389897189
1140 -0.0001976854580611718
1141 -0.0001976957880028259
1142 -0.0001977061275202598
1143 -0.0001977164807454436
1144 -0.0001977268530839422
1145 -0.000197737251431997
1146 -0.0001977476784884473
1147 -0.0001977581345506375
1148 -0.0001977686188373368
1149 -0.0001977791312467281
1150 -0.000197789672149248
1151 -0.0001978002385863609
1152 -0.000197810829125749
1153 -0.0001978214432987039
1154 -0.0001978320819127313
1155 -0.000197842746883815
1156 -0.0001978534407124455
1157 -0.00019786416612007
1158 -0.0001978749254421316
1159 -0.0001978857199642128
1160 -0.0001978965487918502
1161 -0.0001979074108455383
1162 -0.0001979183052859229
1163 -0.0001979292304893086
1164 -0.0001979401819713919
1165 -0.0001979511560212805
1166 -0.0001979621459655172
1167 -0.0001979731476580058
1168 -0.0001979841593440941
1169 -0.0001979951793307084
1170 -0.0001980062039695262
1171 -0.0001980172297880844
1172 -0.0001980282554026069
1173 -0.0001980392793626854
1174 -0.0001980503006448513
1175 -0.0001980613188052155
1176 -0.0001980723348263901
1177 -0.0001980833481647313
1178 -0.0001980943578105647
1179 -0.0001981053637574926
1180 -0.0001981163664096875
1181 -0.0001981273663290303
1182 -0.0001981383641072101
1183 -0.0001981493601337242
1184 -0.0001981603555490588
1185 -0.0001981713510758249
1186 -0.0001981823470751192
1187 -0.0001981933442356506
1188 -0.0001982043426717728
1189 -0.000198215342034055
1190 -0.0001982263415407966
1191 -0.0001982373416838365
1192 -0.0001982483426903713
1193 -0.0001982593459928068
1194 -0.0001982703526397327
1195 -0.0001982813636057646
1196 -0.000198292379427457
1197 -0.0001983034006208061
1198 -0.0001983144258398104
1199 -0.0001983254516502911
1200 -0.0001983364751844683
1201 -0.0001983474941535085
1202 -0.0001983585069651819
1203 -0.0001983695130552983
1204 -0.0001983805127932014
1205 -0.0001983915076011657
1206 -0.000198402499636971
1207 -0.0001984134924070288
1208 -0.0001984244872390807
1209 -0.0001984354840120564
1210 -0.0001984464894400704
1211 -0.0001984575113986212
1212 -0.0001984685535934361
1213 -0.0001984796153688482
1214 -0.00019849069205652
1215 -0.0001985017784153404
1216 -0.0001985128683395781
1217 -0.0001985239584536421
1218 -0.0001985350447015138
1219 -0.0001985461160277529
1220 -0.0001985571581267436
1221 -0.0001985681565948981
1222 -0.0001985790980389411
1223 -0.0001985899700670054
1224 -0.0001986007617223761
1225 -0.0001986114643246233
1226 -0.0001986220701627893
1227 -0.0001986325718743085
1228 -0.0001986429630078781
1229 -0.0001986532383530595
1230 -0.0001986633939378021
1231 -0.0001986734267142849
1232 -0.0001986833323079386
1233 -0.0001986931052788598
1234 -0.0001987027442304598
1235 -0.0001987122540538286
1236 -0.0001987216414605533
1237 -0.0001987309134218197
1238 -0.00019874007841006
1239 -0.0001987491452747742
1240 -0.0001987581231161806
1241 -0.0001987670215321081
1242 -0.0001987758506604161
1243 -0.0001987846213307283
1244 -0.0001987933467067718
1245 -0.0001988020358033547
1246 -0.0001988106977153783
1247 -0.0001988193421972781
1248 -0.0001988279770708336
1249 -0.0001988366073169864
1250 -0.0001988452367722037
1251 -0.0001988538677801875
1252 -0.0001988625023301322
1253 -0.0001988711414888656
1254 -0.0001988797849979006
1255 -0.0001988884309094674
1256 -0.0001988970761652095
1257 -0.0001989057168138456
1258 -0.0001989143478307089
1259 -0.0001989229629253911
1260 -0.0001989315552087381
1261 -0.0001989401175303165
1262 -0.0001989486421840177
1263 -0.0001989571207849289
1264 -0.0001989655450747539
1265 -0.0001989739081971738
1266 -0.000198982206271384
1267 -0.0001989904372794012
1268 -0.0001989986001853504
1269 -0.0001990066939836447
1270 -0.0001990147169270587
1271 -0.0001990226657132741
1272 -0.0001990305378711478
1273 -0.0001990383334636093
1274 -0.0001990460543258431
1275 -0.0001990537046217469
1276 -0.0001990612896596759
1277 -0.0001990688130590501
1278 -0.0001990762774979913
1279 -0.0001990836879177435
1280 -0.0001990910510287667
1281 -0.0001990983739993755
1282 -0.0001991056637394096
1283 -0.0001991129264901859
1284 -0.0001991201693310109
1285 -0.0001991273954413509
1286 -0.0001991346088052743
1287 -0.0001991418144985595
1288 -0.0001991490199055206
1289 -0.0001991562297173509
1290 -0.0001991634448837877
1291 -0.0001991706646208802
1292 -0.0001991778884392945
1293 -0.0001991851160636865
1294 -0.0001991923467237606
1295 -0.0001991995792296016
1296 -0.0001992068122851514
1297 -0.0001992140446422261
1298 -0.0001992212751060858
1299 -0.0001992285025747068
1300 -0.0001992357265577623
1301 -0.0001992429479275412
1302 -0.0001992501689698977
1303 -0.0001992573943496328
1304 -0.0001992646278378986
1305 -0.0001992718707958176
1306 -0.0001992791219193073
1307 -0.00019928637891295
1308 -0.0001992936396527463
1309 -0.0001993009334134887
1310 -0.0001993082638056842
1311 -0.0001993156005137203
1312 -0.0001993229209669363
1313 -0.0001993302186359122
1314 -0.0001993374961585027
1315 -0.0001993447597219261
1316 -0.0001993520145649584
1317 -0.0001993592630340878
1318 -0.0001993665002019472
1319 -0.0001993737200622748
1320 -0.0001993809259189865
1321 -0.0001993881200344584
1322 -0.0001993953030487976
1323 -0.0001994024763411709
1324 -0.0001994096400278119
1325 -0.0001994167940268159
1326 -0.000199423938742491
1327 -0.0001994310751367778
1328 -0.0001994382048882733
1329 -0.0001994453288873664
1330 -0.0001994524479671322
1331 -0.0001994595629723317
1332 -0.0001994666745035797
1333 -0.0001994737828557954
1334 -0.0001994808880936554
1335 -0.0001994879901696354
1336 -0.0001994950889848517
1337 -0.0001995021847838248
1338 -0.0001995092771787515
1339 -0.0001995163638994701
1340 -0.0001995234435495199
1341 -0.0001995305177948987
1342 -0.0001995375878805721
1343 -0.0001995446553754196
1344 -0.0001995517215375253
1345 -0.0001995587887264238
1346 -0.0001995658573010541
1347 -0.0001995729262503896
1348 -0.000199579994519267
1349 -0.0001995870615647063
1350 -0.0001995941288485299
1351 -0.0001996011964562281
1352 -0.0001996082625738266
1353 -0.0001996153254925176
1354 -0.0001996223836981235
1355 -0.0001996294361110224
1356 -0.0001996364822155218
1357 -0.0001996435214799141
1358 -0.0001996505534519972
1359 -0.0001996575786790825
1360 -0.0001996646005464806
1361 -0.0001996716180397739
1362 -0.0001996786296830845
1363 -0.0001996856345508376
1364 -0.0001996926322681119
1365 -0.0001996996231917617
1366 -0.0001997066082368833
1367 -0.0001997135882487616
1368 -0.0001997205639027455
1369 -0.0001997275362497401
1370 -0.0001997345064874835
1371 -0.0001997414757292409
1372 -0.0001997484447422137
1373 -0.0001997554140807176
1374 -0.000199762384068404
1375 -0.0001997693550481879
1376 -0.0001997763275671989
1377 -0.0001997833021808612
1378 -0.0001997902786163015
1379 -0.0001997972567462444
1380 -0.0001998042363992314
1381 -0.0001998112173689755
1382 -0.0001998181994064589
1383 -0.0001998251822393881
1384 -0.0001998321654549269
1385 -0.0001998391485079306
1386 -0.000199846130781852
1387 -0.0001998531116313703
1388 -0.0001998600904175701
1389 -0.0001998670665527343
1390 -0.0001998740392539122
1391 -0.0001998810076660007
1392 -0.000199887971126546
1393 -0.0001998949294026249
1394 -0.0001999018811518139
1395 -0.0001999088254848695
1396 -0.000199915760383798
1397 -0.0001999226866387291
1398 -0.0001999296048343547
1399 -0.0001999365151515869
1400 -0.0001999434176306812
1401 -0.0001999503122841617
1402 -0.0001999571990439508
1403 -0.0001999640780369052
1404 -0.000199970949363149
1405 -0.0001999778131374956
1406 -0.0001999846688099512
1407 -0.0001999915164980183
1408 -0.0001999983557533668
1409 -0.0002000051859528638
1410 -0.0002000120064936525
1411 -0.0002000188172152026
1412 -0.000200025617985819
1413 -0.0002000324088126101
1414 -0.0002000391897495796
1415 -0.0002000459610614236
1416 -0.0002000527242280329
1417 -0.0002000594800804627
1418 -0.0002000662273694592
1419 -0.0002000729645150185
1420 -0.0002000796899944937
1421 -0.0002000864029613534
1422 -0.0002000931031466878
1423 -0.0002000997906744431
1424 -0.0002001064658154083
1425 -0.0002001131288290513
1426 -0.0002001197792406366
1427 -0.0002001264169915596
1428 -0.0002001330415596734
1429 -0.0002001396519321569
1430 -0.000200146247984902
1431 -0.0002001528287870906
1432 -0.0002001593934027371
1433 -0.0002001659412833524
1434 -0.0002001724725188232
1435 -0.0002001789876685846
1436 -0.0002001854877880606
1437 -0.0002001919863870724
1438 -0.0002001984811303975
1439 -0.0002002049639724707
1440 -0.0002002114291210238
1441 -0.0002002178743034722
1442 -0.0002002242996664523
1443 -0.0002002307064924639
1444 -0.0002002370965646337
1445 -0.0002002434719107148
1446 -0.0002002498347538628
1447 -0.0002002561868692147
1448 -0.0002002625299710201
1449 -0.0002002688652422712
1450 -0.0002002751932451034
1451 -0.0002002815136973475
1452 -0.0002002878256756942
1453 -0.0002002941280818795
1454 -0.0002003004205664717
1455 -0.000200306705731598
1456 -0.0002003129848292444
1457 -0.0002003192582267295
1458 -0.0002003255263376495
1459 -0.0002003317904400045
1460 -0.0002003380536219803
1461 -0.0002003443180546899
1462 -0.0002003505845470175
1463 -0.0002003568539410607
1464 -0.0002003631270461994
1465 -0.0002003694045377857
1466 -0.0002003756868922547
1467 -0.0002003819749314473
1468 -0.0002003882681755593
1469 -0.0002003945663538028
1470 -0.000200400869977227
1471 -0.0002004071797605693
1472 -0.000200413496085993
1473 -0.0002004198189535136
1474 -0.0002004261481080329
1475 -0.0002004324828425168
1476 -0.0002004388223669406
1477 -0.0002004451659443824
1478 -0.0002004515130713871
1479 -0.0002004578634853888
1480 -0.0002004642170918778
1481 -0.0002004705738573413
1482 -0.000200476933704983
1483 -0.0002004832962374468
1484 -0.0002004896611942857
1485 -0.0002004960285040527
1486 -0.000200502398329485
1487 -0.0002005087705661134
1488 -0.0002005151450642652
1489 -0.0002005215216774048
1490 -0.0002005279001730138
1491 -0.0002005342804880245
1492 -0.0002005406626836721
1493 -0.0002005470466400233
1494 -0.0002005534319107714
1495 -0.0002005598179812227
1496 -0.000200566204372196
1497 -0.0002005725906463359
1498 -0.0002005789763826539
1499 -0.0002005853611704344
1500 -0.0002005917451767177
1501 -0.0002005981292613353
1502 -0.0002006045100614895
1503 -0.0002006108835830611
1504 -0.000200617246723694
1505 -0.0002006235976356077
1506 -0.000200629936472253
1507 -0.0002006362641747599
1508 -0.0002006425791896393
1509 -0.0002006488800033564
1510 -0.0002006551655904432
1511 -0.0002006614362781769
1512 -0.0002006676936234241
1513 -0.0002006739400291523
1514 -0.0002006801783892132
1515 -0.0002006864118035403
1516 -0.0002006926434492391
1517 -0.0002006988764896076
1518 -0.0002007051143064393
1519 -0.0002007113597685277
1520 -0.0002007176146191666
1521 -0.0002007238810454952
1522 -0.0002007301608628509
1523 -0.0002007364546508169
1524 -0.0002007427620282158
1525 -0.0002007490821304923
1526 -0.0002007554138143673
1527 -0.0002007617561613111
1528 -0.0002007681063311669
1529 -0.0002007744577451308
1530 -0.000200780809354673
1531 -0.0002007871629964335
1532 -0.0002007935192325429
1533 -0.0002007998791809676
1534 -0.0002008062425587789
1535 -0.000200812607345051
1536 -0.0002008189705483985
1537 -0.0002008253289441818
1538 -0.0002008316798929608
1539 -0.0002008380211141109
1540 -0.0002008443508262073
1541 -0.0002008506676448851
1542 -0.0002008569704611998
1543 -0.0002008632582223768
1544 -0.0002008695294476666
1545 -0.0002008757843689008
1546 -0.0002008820215278685
1547 -0.000200888240079236
1548 -0.0002008944397593242
1549 -0.0002009006210150925
1550 -0.0002009067843975218
1551 -0.0002009129302136732
1552 -0.0002009190589636936
1553 -0.0002009251702527834
1554 -0.0002009312604913348
1555 -0.0002009373277951609
1556 -0.0002009433723120206
1557 -0.0002009493946574319
1558 -0.000200955395068082
1559 -0.0002009613738261568
1560 -0.0002009673302207335
1561 -0.0002009732605943298
1562 -0.0002009791657084852
1563 -0.0002009850476791802
1564 -0.0002009909091775072
1565 -0.0002009967543275405
1566 -0.0002010025889523089
1567 -0.0002010084185222266
1568 -0.0002010142467807494
1569 -0.0002010200761487269
1570 -0.0002010259078979876
1571 -0.0002010317428839691
1572 -0.0002010375819591409
1573 -0.0002010434256714497
1574 -0.000201049274616836
1575 -0.0002010551293952095
1576 -0.000201060990500145
1577 -0.0002010668581437109
1578 -0.0002010727317404082
1579 -0.0002010786100185135
1580 -0.00020108449155368
1581 -0.0002010903747813795
1582 -0.0002010962579554479
1583 -0.0002011021390722097
1584 -0.0002011080161127202
1585 -0.0002011138871100384
1586 -0.000201119750305983
1587 -0.0002011256041525668
1588 -0.0002011314473440289
1589 -0.0002011372787342368
1590 -0.0002011430974297706
1591 -0.0002011489028600104
1592 -0.0002011546946882022
1593 -0.0002011604727517366
1594 -0.0002011662371622555
1595 -0.0002011719882103171
1596 -0.0002011777263554623
1597 -0.0002011834521742699
1598 -0.0002011891663284562
1599 -0.0002011948695390614
1600 -0.0002012005627006916
1601 -0.0002012062468933939
1602 -0.000201211923003002
1603 -0.0002012175916166154
1604 -0.0002012232532391059
1605 -0.0002012289083991366
1606 -0.0002012345574591828
1607 -0.000201240200600255
1608 -0.0002012458378187392
1609 -0.0002012514691946271
1610 -0.0002012570949314176
1611 -0.0002012627151601682
1612 -0.0002012683298956474
1613 -0.0002012739390924118
1614 -0.0002012795426659951
1615 -0.000201285141477961
1616 -0.0002012907401023542
1617 -0.0002012963385140187
1618 -0.0002013019325619955
1619 -0.0002013075162399852
1620 -0.0002013130865357016
1621 -0.0002013186432528142
1622 -0.0002013241876225628
1623 -0.0002013297212664309
1624 -0.000201335245786226
1625 -0.0002013407622694303
1626 -0.0002013462714079582
1627 -0.0002013517736173134
1628 -0.0002013572691054582
1629 -0.0002013627579409774
1630 -0.0002013682400982051
1631 -0.0002013737155336737
1632 -0.0002013791842289969
1633 -0.0002013846461925942
1634 -0.0002013901013780731
1635 -0.0002013955496984724
1636 -0.0002014009911817212
1637 -0.0002014064259595307
1638 -0.0002014118542056505
1639 -0.00020141727609191
1640 -0.0002014226918107951
1641 -0.0002014281017609623
1642 -0.0002014335066161232
1643 -0.0002014389067383632
1644 -0.0002014443022072845
1645 -0.0002014496928894578
1646 -0.0002014550786090852
1647 -0.0002014604592787714
1648 -0.0002014658348436291
1649 -0.0002014712053275508
1650 -0.000201476570814226
1651 -0.0002014819313394341
1652 -0.0002014872869189083
1653 -0.0002014926375745853
1654 -0.0002014979833176692
1655 -0.0002015033245736485
1656 -0.0002015086618955623
1657 -0.0002015139955435348
1658 -0.0002015193254736954
1659 -0.0002015246516082396
1660 -0.0002015299737915303
1661 -0.000201535292038865
1662 -0.0002015406064289428
1663 -0.0002015459170592495
1664 -0.0002015512240246628
1665 -0.0002015565274159499
1666 -0.0002015618273216647
1667 -0.0002015671236303477
1668 -0.0002015724154167359
1669 -0.00020157770207047
1670 -0.0002015829848781994
1671 -0.0002015882652498265
1672 -0.0002015935441571202
1673 -0.000201598822279824
1674 -0.0002016041008117247
1675 -0.0002016093814376036
1676 -0.0002016146655042222
1677 -0.0002016199538625859
1678 -0.0002016252469814232
1679 -0.00020163054515212
1680 -0.0002016358484430557
1681 -0.0002016411566897524
1682 -0.0002016464691715083
1683 -0.0002016517854654222
1684 -0.0002016571053303274
1685 -0.000201662428508185
1686 -0.0002016677547693076
1687 -0.0002016730835955551
1688 -0.0002016784144200019
1689 -0.000201683747010112
1690 -0.0002016890816121716
1691 -0.0002016944188054475
1692 -0.0002016997596437796
1693 -0.0002017051059017842
1694 -0.0002017104590710562
1695 -0.000201715819537063
1696 -0.0002017211865857383
1697 -0.0002017265589298218
1698 -0.0002017319352285707
1699 -0.0002017373145798213
1700 -0.0002017426959668606
1701 -0.0002017480786170017
1702 -0.0002017534622400422
1703 -0.0002017588479322129
1704 -0.0002017642368501374
1705 -0.0002017696298932492
1706 -0.0002017750277455425
1707 -0.0002017804309646353
1708 -0.0002017858397950393
1709 -0.0002017912543707451
1710 -0.0002017966747686198
1711 -0.0002018021011775516
1712 -0.0002018075341656461
1713 -0.0002018129742261544
1714 -0.0002018184216457808
1715 -0.0002018238765166281
1716 -0.0002018293387720046
1717 -0.0002018348082324248
1718 -0.0002018402870769449
1719 -0.0002018457715309032
1720 -0.0002018512597561467
1721 -0.0002018567516568779
1722 -0.000201862247742853
1723 -0.0002018677484527379
1724 -0.0002018732540259047
1725 -0.0002018787647269593
1726 -0.0002018842801552849
1727 -0.0002018898000992257
1728 -0.0002018953247232979
1729 -0.0002019008542341342
1730 -0.0002019063886771461
1731 -0.0002019119279931415
1732 -0.0002019174721611769
1733 -0.0002019230212685406
1734 -0.0002019285755151681
1735 -0.0002019341352210824
1736 -0.0002019397007276171
1737 -0.0002019452724286826
1738 -0.0002019508512852839
1739 -0.0002019564374141009
1740 -0.0002019620302578342
1741 -0.0002019676289554233
1742 -0.0002019732326639284
1743 -0.0002019788407495214
1744 -0.0002019844528552816
1745 -0.0002019900688172576
1746 -0.0002019956887495917
1747 -0.0002020013127731637
1748 -0.0002020069411540438
1749 -0.0002020125741991797
1750 -0.0002020182124136202
1751 -0.0002020238560000625
1752 -0.0002020295046250633
1753 -0.0002020351574967837
1754 -0.0002020408144207582
1755 -0.000202046475308329
1756 -0.0002020521398273357
1757 -0.000202057807614471
1758 -0.0002020634783870349
1759 -0.000202069151943046
1760 -0.0002020748283135557
1761 -0.0002020805079016898
1762 -0.0002020861909424887
1763 -0.0002020918776496266
1764 -0.000202097567772373
1765 -0.0002021032598210638
1766 -0.0002021089516115491
1767 -0.0002021146411432748
1768 -0.0002021203272552247
1769 -0.0002021260097501917
1770 -0.0002021316891198348
1771 -0.0002021373660245513
1772 -0.0002021430414817642
1773 -0.0002021487165465876
1774 -0.0002021543917970925
1775 -0.0002021600672895432
1776 -0.0002021657429307332
1777 -0.0002021714184522493
1778 -0.0002021770932400464
1779 -0.0002021827664483335
1780 -0.0002021884372208847
1781 -0.000202194104942635
1782 -0.0002021997691396128
1783 -0.0002022054294238939
1784 -0.0002022110853794861
1785 -0.0002022167363279133
1786 -0.0002022223820812267
1787 -0.0002022280233574589
1788 -0.0002022336603058054
1789 -0.0002022392925652946
1790 -0.0002022449194675228
1791 -0.000202250540469561
1792 -0.0002022561550602775
1793 -0.0002022617627272945
1794 -0.000202267362960153
1795 -0.0002022729548367326
1796 -0.0002022785347993692
1797 -0.0002022841223786515
1798 -0.0002022897413493543
1799 -0.0002022953987256981
1800 -0.0002023010873355278
1801 -0.0002023067924309046
1802 -0.0002023124980976629
1803 -0.000202318193145619
1804 -0.0002023238726119413
1805 -0.0002023295363113505
1806 -0.0002023351861214271
1807 -0.0002023408251076426
1808 -0.0002023464561677367
1809 -0.0002023520806615337
1810 -0.0002023576990981603
1811 -0.0002023633113108921
1812 -0.0002023689169507112
1813 -0.0002023745159214343
1814 -0.000202380108212478
1815 -0.0002023856939177803
1816 -0.0002023912733695666
1817 -0.00020239684719171
1818 -0.0002024024163609951
1819 -0.0002024079821842542
1820 -0.0002024135461139116
1821 -0.0002024191095904925
1822 -0.0002024246739875504
1823 -0.0002024302405818445
1824 -0.0002024358104610069
1825 -0.0002024413847129498
1826 -0.0002024469642927629
1827 -0.000202452549953249
1828 -0.0002024581422728549
1829 -0.0002024637416397977
1830 -0.0002024693482508757
1831 -0.0002024749621733866
1832 -0.0002024805833557907
1833 -0.0002024862116388591
1834 -0.0002024918467638489
1835 -0.0002024974884180505
1836 -0.0002025031362898269
1837 -0.0002025087900895575
1838 -0.0002025144494849396
1839 -0.0002025201142145272
1840 -0.0002025257838959459
1841 -0.0002025314580815115
1842 -0.0002025371363555516
1843 -0.000202542818405248
1844 -0.000202548504037288
1845 -0.0002025541931615211
1846 -0.0002025598859331962
1847 -0.0002025655829188208
1848 -0.0002025712849487064
1849 -0.0002025769928225843
1850 -0.0002025827070229942
1851 -0.0002025884278673338
1852 -0.000202594155603482
1853 -0.000202599890482097
1854 -0.0002026056326963651
1855 -0.0002026113824215419
1856 -0.0002026171398274301
1857 -0.0002026229050925857
1858 -0.0002026286784210383
1859 -0.0002026344600384987
1860 -0.0002026402503019854
1861 -0.0002026460494237631
1862 -0.0002026518574795962
1863 -0.0002026576744438257
1864 -0.0002026635002244618
1865 -0.0002026693347052463
1866 -0.0002026751778849326
1867 -0.0002026810299840594
1868 -0.0002026868912980582
1869 -0.0002026927619562354
1870 -0.0002026986418708153
1871 -0.0002027045308382747
1872 -0.0002027104286455046
1873 -0.0002027163351242319
1874 -0.0002027222501378276
1875 -0.0002027281735834204
1876 -0.0002027341055935196
1877 -0.0002027400462224118
1878 -0.0002027459959260567
1879 -0.0002027519554179553
1880 -0.0002027579249874444
1881 -0.000202763904496434
1882 -0.0002027698936141459
1883 -0.0002027758921464906
1884 -0.00020278190027567
1885 -0.0002027879183791356
1886 -0.0002027939467730609
1887 -0.0002027999855785084
1888 -0.0002028060346837978
1889 -0.0002028120939465626
1890 -0.0002028181632926338
1891 -0.0002028242456402847
1892 -0.0002028303419044183
1893 -0.0002028364496119875
1894 -0.000202842565602006
1895 -0.0002028486795774559
1896 -0.0002028547859083694
1897 -0.0002028608896158505
1898 -0.0002028669937644003
1899 -0.0002028730986888541
1900 -0.0002028792031230903
1901 -0.0002028853062645998
1902 -0.0002028914078819291
1903 -0.0002028975080919605
1904 -0.0002029036073351842
1905 -0.0002029097060507583
1906 -0.0002029158036408563
1907 -0.0002029218964956833
1908 -0.0002029279843888251
1909 -0.0002029340763283209
1910 -0.0002029401769923884
1911 -0.00020294628841801
1912 -0.0002029524112150215
1913 -0.0002029585458372936
1914 -0.0002029646944641719
1915 -0.0002029708527942
1916 -0.0002029770058637314
1917 -0.0002029831430584476
1918 -0.0002029892548893955
1919 -0.000202995332637962
1920 -0.0002030013690940581
1921 -0.0002030073619478215
1922 -0.0002030133128561438
1923 -0.0002030192244504064
1924 -0.0002030251032563239
1925 -0.0002030309593372403
1926 -0.000203036804656673
1927 -0.0002030426513800145
1928 -0.0002030485107284578
1929 -0.0002030543922724936
1930 -0.0002030603034489268
1931 -0.0002030662493251488
1932 -0.0002030722326178934
1933 -0.000203078253851161
1934 -0.0002030843115999756
1935 -0.0002030904021054811
1936 -0.0002030965203433267
1937 -0.0002031026631710567
1938 -0.0002031088278372308
1939 -0.000203115010744454
1940 -0.0002031212072852183
1941 -0.0002031274107213819
1942 -0.000203133614243899
1943 -0.0002031398108053415
1944 -0.0002031459943146448
1945 -0.0002031521605094655
1946 -0.0002031583071461108
1947 -0.0002031644339148421
1948 -0.0002031705423005621
1949 -0.0002031766349826811
1950 -0.0002031827155741129
1951 -0.0002031887881255211
1952 -0.0002031948567817814
1953 -0.0002032009255409212
1954 -0.0002032069979569211
1955 -0.000203213077065459
1956 -0.000203219165476845
1957 -0.0002032252651940861
1958 -0.0002032313775260449
1959 -0.0002032375030794408
1960 -0.0002032436420920815
1961 -0.0002032497954528284
1962 -0.0002032559616793477
1963 -0.0002032621390397954
1964 -0.0002032683252146434
1965 -0.0002032745183190308
1966 -0.0002032807166104467
1967 -0.0002032869187483518
1968 -0.0002032931241994991
1969 -0.0002032993327329771
1970 -0.0002033055444163197
1971 -0.0002033117595423369
1972 -0.0002033179786035143
1973 -0.0002033242022283246
1974 -0.0002033304313795458
1975 -0.0002033366670155147
1976 -0.0002033429101469279
1977 -0.0002033491618056698
1978 -0.0002033554237506701
1979 -0.0002033616981448788
1980 -0.0002033679857978483
1981 -0.0002033742869220482
1982 -0.0002033806016531069
1983 -0.0002033869299801476
1984 -0.0002033932720077706
1985 -0.0002033996280053971
1986 -0.0002034059980796965
1987 -0.0002034123822428248
1988 -0.0002034187804614868
1989 -0.0002034251927016943
1990 -0.0002034316189466633
1991 -0.0002034380591516498
1992 -0.0002034445132986461
1993 -0.0002034509810889113
1994 -0.0002034574617997349
1995 -0.0002034639549818845
1996 -0.0002034704606256201
1997 -0.0002034769792251863
1998 -0.0002034835111540764
1999 -0.0002034900563370556
2000 -0.0002034966146919517
