"report-file-4"
"Iteration" "report-def-0"
("Iteration" "report-def-0")
1 733.5015879577843
2 366.7418993366976
3 183.3648929115055
4 91.67766887419161
5 45.83476423865813
6 22.9139458943499
7 11.45418599416507
8 5.724834518782983
9 2.860575905792106
10 1.428830331290817
11 0.7132718367869662
12 0.3557364129445961
13 0.1771332162617343
14 0.08794615560006072
15 0.04340629631207435
16 0.02119590783397531
17 0.01014497467823282
18 0.004649119377967947
19 0.00193175328257091
20 0.0006002375932069561
21 -4.445336930918439e-05
22 -0.0003474384998224881
23 -0.0004811661819256686
24 -0.0005414344900891593
25 -0.0005650039175056178
26 -0.0005705131535514889
27 -0.0005679211316281648
28 -0.0005624936309338532
29 -0.0005566058116134507
30 -0.0005514199868649046
31 -0.000547219997968933
32 -0.0005439728781706793
33 -0.0005415257151916954
34 -0.0005396887725642287
35 -0.0005383065766997732
36 -0.0005372013010567027
37 -0.0005363458184162999
38 -0.0005356950683235194
39 -0.0005351823419658205
40 -0.0005347361481673674
41 -0.0005343002936376918
42 -0.0005338415070325915
43 -0.0005333535628426539
44 -0.0005328322608621797
45 -0.0005322790469116073
46 -0.0005316959280845683
47 -0.0005310837150639765
48 -0.0005304488331110285
49 -0.0005297971873064348
50 -0.0005291791547567399
51 -0.0005285188510012576
52 -0.0005278380483011443
53 -0.0005271482297536628
54 -0.0005264519856673685
55 -0.0005257549814696279
56 -0.0005250610068326358
57 -0.000524369288608547
58 -0.0005233974563801107
59 -0.0005231413700639854
60 -0.0005225685826139808
61 -0.0005215722152620328
62 -0.0005212208741685621
63 -0.0005203235540397552
64 -0.000519942856012429
65 -0.0005190357386556554
66 -0.0005183439158424525
67 -0.0005177417591908041
68 -0.0005171341091668617
69 -0.0005165148621272556
70 -0.0005158888317131745
71 -0.0005152631317111562
72 -0.0005146430245414561
73 -0.0005140320959986078
74 -0.0005134307442986012
75 -0.0005128389655807887
76 -0.0005122572211435127
77 -0.0005116805302578255
78 -0.0005111141304129707
79 -0.0005105593523296797
80 -0.000510014933055611
81 -0.0005094789779545746
82 -0.000508950244184166
83 -0.0005084270779318976
84 -0.0005079090020766511
85 -0.0005073955850669822
86 -0.0005068864751511439
87 -0.0005063817700919904
88 -0.0005058812920949236
89 -0.0005053847705057881
90 -0.000504891775343839
91 -0.0005044014031657446
92 -0.0005039126301910315
93 -0.0005034252627749968
94 -0.0005029392697502207
95 -0.0005024545102330268
96 -0.0005019709162638306
97 -0.0005014829005089207
98 -0.0005009984012344298
99 -0.0005005200856280735
100 -0.0005000446867970425
101 -0.0004995715784417102
102 -0.000499100544446651
103 -0.0004986311731034852
104 -0.0004981630026680614
105 -0.0004976958518249731
106 -0.0004972298983865095
107 -0.0004967652386661216
108 -0.0004963020061193972
109 -0.0004958402405658555
110 -0.0004953803300403831
111 -0.0004949223597525212
112 -0.0004944661535681223
113 -0.0004940114384697861
114 -0.0004935580780385033
115 -0.0004931060879834755
116 -0.0004926557062776524
117 -0.0004922071773660363
118 -0.0004917607481777074
119 -0.0004913163735212082
120 -0.0004908740053446307
121 -0.0004904333827422635
122 -0.000489993996524784
123 -0.0004895552707921842
124 -0.0004891170890345436
125 -0.0004886794375215805
126 -0.0004882427056446399
127 -0.0004878070672648314
128 -0.0004873725054482925
129 -0.0004869389236654842
130 -0.0004865061143192699
131 -0.0004860740056751904
132 -0.0004856425934194939
133 -0.0004852116766938649
134 -0.0004847812133958681
135 -0.0004843511557731862
136 -0.0004839215050228105
137 -0.0004834923002188355
138 -0.0004830635538151015
139 -0.0004826352672860688
140 -0.0004822074823667013
141 -0.0004817802830911043
142 -0.0004813536883074088
143 -0.0004809277503360745
144 -0.0004805024747508815
145 -0.0004800777753178418
146 -0.0004796534919820999
147 -0.000479229410113683
148 -0.0004788055492170733
149 -0.0004783820118513236
150 -0.0004779589820132842
151 -0.000477537262396198
152 -0.0004771174310418178
153 -0.0004766994143424695
154 -0.0004762831795383413
155 -0.0004758684978697066
156 -0.0004754549490858046
157 -0.0004750420980657525
158 -0.000475082388972513
159 -0.0004743565991486697
160 -0.0004738056012244706
161 -0.0004733607949416779
162 -0.0004729487525342076
163 -0.0004725458395148054
164 -0.0004725826492196992
165 -0.0004718706287080485
166 -0.0004713268915647179
167 -0.0004708833850623977
168 -0.0004704689240183987
169 -0.0004704985397168279
170 -0.0004697863387000261
171 -0.0004692425395588319
172 -0.0004687979367501926
173 -0.0004688184671853531
174 -0.0004681083914524383
175 -0.0004675577536422532
176 -0.0004671003167988055
177 -0.0004671075125930735
178 -0.0004663918883117694
179 -0.0004658521412884661
180 -0.0004658451526064567
181 -0.0004651364611621285
182 -0.0004646099359489865
183 -0.0004646096985045763
184 -0.0004639182885509358
185 -0.0004634039285839311
186 -0.0004634083537215118
187 -0.0004627290209851079
188 -0.0004622229509138699
189 -0.0004622312164557054
190 -0.0004615615139714284
191 -0.0004610627388564135
192 -0.0004610735880881442
193 -0.0004604149015862239
194 -0.0004599239638192054
195 -0.0004599369554986295
196 -0.0004592882802649888
197 -0.0004588045876990768
198 -0.0004588149712352078
199 -0.0004581785208649636
200 -0.0004580964093499821
201 -0.000457439443492432
202 -0.0004569643165409367
203 -0.0004569689403545464
204 -0.0004563597762590528
205 -0.0004562759328259782
206 -0.0004556439120209361
207 -0.0004555478854258189
208 -0.0004549279212408705
209 -0.0004544796404827426
210 -0.00045447533181404
211 -0.0004539008135340474
212 -0.0004538114923449726
213 -0.0004532159882178906
214 -0.0004531153060606846
215 -0.0004525287300285091
216 -0.0004524287572599033
217 -0.000451853114663183
218 -0.0004517542080005764
219 -0.0004511880821205637
220 -0.0004510899029252773
221 -0.0004505321731372888
222 -0.000450434181750142
223 -0.0004498836321444689
224 -0.0004497857434198093
225 -0.0004492415485220193
226 -0.0004491442325606311
227 -0.0004486054639404915
228 -0.0004485085771420704
229 -0.0004479749132399841
230 -0.00044787819793531
231 -0.0004473498213095732
232 -0.0004472524632624993
233 -0.0004467299647449831
234 -0.0004466325204766918
235 -0.0004461156845428716
236 -0.0004460192768656126
237 -0.0004455073765243627
238 -0.0004454117815123577
239 -0.0004449044557542571
240 -0.0004448093095200588
241 -0.0004443055769024898
242 -0.0004442123813694754
243 -0.0004437169062051004
244 -0.0004436283529979778
245 -0.0004434088636360836
246 -0.0004428479555572892
247 -0.0004427421853808961
248 -0.0004422594759474106
249 -0.0004421762126724106
250 -0.0004419654128361415
251 -0.0004414198444478157
252 -0.0004413180163678221
253 -0.0004408468200474753
254 -0.0004407669402781811
255 -0.0004405624930184538
256 -0.0004400305263565817
257 -0.0004399327323881626
258 -0.0004397269833464731
259 -0.0004392048666367711
260 -0.0004391134048858787
261 -0.0004389146674487563
262 -0.000438402754283518
263 -0.0004383148926615797
264 -0.0004381204911892871
265 -0.0004376165225629354
266 -0.0004375308633642015
267 -0.0004373427481972647
268 -0.0004368392189543432
269 -0.0004367520474516225
270 -0.0004365595766730203
271 -0.0004360619305824732
272 -0.0004359772518923852
273 -0.000435787676857747
274 -0.0004352968378694247
275 -0.0004352142794251623
276 -0.0004350289628820839
277 -0.000434780861849848
278 -0.0004342830331524961
279 -0.000434204543517386
280 -0.0004340294793328385
281 -0.0004337926595742899
282 -0.0004333095421422176
283 -0.0004332365454254121
284 -0.00043306732129005
285 -0.0004328369755209136
286 -0.0004323656785265418
287 -0.0004322948802719485
288 -0.0004321299370310767
289 -0.000431904780784092
290 -0.0004314416544246468
291 -0.0004313725528073143
292 -0.0004312105907602922
293 -0.0004309890534817968
294 -0.0004307488459815871
295 -0.0004302920641686541
296 -0.0004302264775823925
297 -0.0004300711520895786
298 -0.0004298572443643025
299 -0.000429624484999703
300 -0.0004291808722857514
301 -0.0004291171581899022
302 -0.0004289659244358784
303 -0.0004287574666622891
304 -0.0004285306074584193
305 -0.0004283001670914862
306 -0.0004280730968592262
307 -0.0004276535999957899
308 -0.0004275994761419928
309 -0.0004274594795117104
310 -0.0004272627048140093
311 -0.0004270467800655541
312 -0.000426826299970086
313 -0.0004266083141288439
314 -0.0004263947512653475
315 -0.000426185490704209
316 -0.000425979825997166
317 -0.0004257770376148542
318 -0.0004255765297307317
319 -0.0004253778544276019
320 -0.0004251806990920104
321 -0.0004249848620851528
322 -0.0004247901592162628
323 -0.0004245964688194257
324 -0.0004244038146939102
325 -0.0004242122204092779
326 -0.0004240217217261176
327 -0.000423832334951578
328 -0.0004236440414625163
329 -0.0004234567407171359
330 -0.0004232702945804312
331 -0.0004230846703698986
332 -0.0004228998631913631
333 -0.000422715880455841
334 -0.0004225328015329525
335 -0.0004223506537899793
336 -0.0004221693941966317
337 -0.0004219889825623454
338 -0.0004218094171017369
339 -0.0004216307204871967
340 -0.0004214529336476728
341 -0.0004212760538702627
342 -0.0004211000951228066
343 -0.0004209251538795125
344 -0.0004207512604592764
345 -0.0004205784286131471
346 -0.0004204066014203058
347 -0.0004202357480649687
348 -0.0004200658635916651
349 -0.0004198969735808038
350 -0.0004197291627230991
351 -0.0004195624197457747
352 -0.000419396737631792
353 -0.0004192320687646801
354 -0.0004190651887284316
355 -0.000418898506055748
356 -0.0004187335984363683
357 -0.0004185706413973984
358 -0.0004184093596287073
359 -0.0004182494499012511
360 -0.0004180907196857839
361 -0.0004179330541101689
362 -0.0004177763623341723
363 -0.0004176206216079494
364 -0.0004174658153767781
365 -0.0004173119376681077
366 -0.0004171589706898454
367 -0.0004170068890517976
368 -0.0004168556668706405
369 -0.0004167053220789966
370 -0.000416555791375316
371 -0.0004164070269452711
372 -0.0004162590077677118
373 -0.0004161117409988113
374 -0.0004159652382544084
375 -0.0004158195080223011
376 -0.0004156745614647069
377 -0.0004155304205990973
378 -0.000415387107653658
379 -0.0004152446254397643
380 -0.0004151029681150743
381 -0.0004149621446950973
382 -0.0004148221321965464
383 -0.0004146829476056675
384 -0.0004145445753964405
385 -0.0004144069535387678
386 -0.0004142700886614375
387 -0.0004141339455702768
388 -0.0004139984753941504
389 -0.0004138636553286968
390 -0.0004137295168750793
391 -0.0004135960386939641
392 -0.0004134631928315569
393 -0.0004133309555056745
394 -0.0004131993203737027
395 -0.0004130682843121615
396 -0.0004129378469773434
397 -0.0004128079952486458
398 -0.0004126787529178437
399 -0.0004125502311693835
400 -0.000412422350486673
401 -0.0004122950435532926
402 -0.0004121682904347262
403 -0.0004120420800102845
404 -0.000411916388303131
405 -0.0004117911842186365
406 -0.000411666578249367
407 -0.000411542835008747
408 -0.0004114198928292306
409 -0.0004112977169784244
410 -0.0004111762829571723
411 -0.000411055529334817
412 -0.0004109354311579022
413 -0.0004108159519133769
414 -0.0004106970613958119
415 -0.000410578734188289
416 -0.0004104609673882834
417 -0.0004103437669753534
418 -0.0004102271578407192
419 -0.0004101112458619967
420 -0.0004099960054886782
421 -0.0004098813561798409
422 -0.0004097671163290878
423 -0.0004096533398600063
424 -0.0004095400881257771
425 -0.000409427371346629
426 -0.0004093152335190489
427 -0.0004092037583985636
428 -0.0004090929517063397
429 -0.0004089827876480065
430 -0.0004088732362996922
431 -0.0004087643094345557
432 -0.0004086562096265638
433 -0.0004085485537828374
434 -0.0004084414332857299
435 -0.0004083349293085594
436 -0.0004082290014581223
437 -0.0004081236258769699
438 -0.0004080188239852613
439 -0.0004079146226241408
440 -0.000407811035688276
441 -0.0004077080570309754
442 -0.0004076056905573225
443 -0.0004075039461007089
444 -0.000407402825296608
445 -0.0004073023013651281
446 -0.0004072023711371296
447 -0.0004071030519950413
448 -0.0004070043578790931
449 -0.0004069062719022106
450 -0.0004068087906971028
451 -0.0004067119056336
452 -0.000406615613729179
453 -0.0004065199096554587
454 -0.0004064247583365583
455 -0.0004063301343038996
456 -0.0004062360868198457
457 -0.0004061426180131256
458 -0.0004060497177763149
459 -0.0004059573937477973
460 -0.0004058656371585163
461 -0.0004057744341910702
462 -0.0004056837889216624
463 -0.0004055937139304121
464 -0.0004055042173502336
465 -0.0004054152848534091
466 -0.0004053269053365101
467 -0.0004052390831653572
468 -0.0004051518039894359
469 -0.0004050650810461619
470 -0.0004049789246287029
471 -0.0004048933074355521
472 -0.000404808194700671
473 -0.0004047235665975292
474 -0.0004046394116261582
475 -0.0004045557257331978
476 -0.0004044725057456742
477 -0.0004043897597397049
478 -0.0004043074971536392
479 -0.000404225723104772
480 -0.0004041444377097366
481 -0.000404063626832168
482 -0.0004039832860968332
483 -0.0004039034044886276
484 -0.000403823977930115
485 -0.0004037450020368429
486 -0.0004036664613814205
487 -0.0004035883356503827
488 -0.0004035106119025089
489 -0.0004034332769636344
490 -0.0004033563312825543
491 -0.0004032797513364495
492 -0.0004032035269083187
493 -0.0004031276624595527
494 -0.0004030521717117709
495 -0.0004029770635918892
496 -0.0004029023365263981
497 -0.0004028279840047938
498 -0.0004027539885745445
499 -0.0004026803543741577
500 -0.0004026070989554145
501 -0.0004025342371601988
502 -0.0004024617686717308
503 -0.0004023896952185151
504 -0.0004023180192391655
505 -0.00040224672285034
506 -0.0004021757880455954
507 -0.0004021052080135346
508 -0.0004020349830897894
509 -0.0004019651101337283
510 -0.0004018955811346441
511 -0.0004018263918663125
512 -0.0004017575279114527
513 -0.000401689003595015
514 -0.0004016209381231436
515 -0.0004015532807833878
516 -0.000401485885870179
517 -0.000401418668676772
518 -0.0004013517392440899
519 -0.0004012851246917252
520 -0.0004012188284864309
521 -0.0004011528529320559
522 -0.0004010872013475275
523 -0.0004010218879460055
524 -0.0004009569221561237
525 -0.0004008923131665925
526 -0.0004008280668733026
527 -0.00040076418459321
528 -0.0004007006735215659
529 -0.0004006375341897586
530 -0.0004005747529031605
531 -0.0004005123143588107
532 -0.0004004502141377794
533 -0.0004003884464086816
534 -0.0004003270075597371
535 -0.0004002658955021432
536 -0.0004002051100774489
537 -0.0004001446501695664
538 -0.0004000845113025569
539 -0.0004000246846963289
540 -0.0003999651675223149
541 -0.0003999059562617499
542 -0.0003998470503888989
543 -0.0003997884398479839
544 -0.0003997301211722597
545 -0.0003996720969799842
546 -0.0003996143706853995
547 -0.0003995569364741225
548 -0.0003994997903370217
549 -0.0003994429399829432
550 -0.000399386404761838
551 -0.0003993301929516773
552 -0.0003992742899346298
553 -0.0003992186762307501
554 -0.0003991633376608932
555 -0.0003991082570518785
556 -0.0003990534214792038
557 -0.000398998833875363
558 -0.0003989444989544409
559 -0.0003988904093834897
560 -0.0003988365646709081
561 -0.0003987829635915697
562 -0.0003987296012442388
563 -0.0003986764716711094
564 -0.0003986235707946261
565 -0.000398570913117656
566 -0.0003985185094222585
567 -0.0003984663576665267
568 -0.0003984144589367594
569 -0.0003983628007201434
570 -0.0003983113790860118
571 -0.0003982601914986847
572 -0.0003982092370858045
573 -0.0003981585150817335
574 -0.0003981080220590029
575 -0.0003980577592505834
576 -0.0003980077254006053
577 -0.000397957931087125
578 -0.000397908356533326
579 -0.0003978589786888718
580 -0.0003978097859007327
581 -0.0003977607780227023
582 -0.0003977119509202725
583 -0.0003976633025276036
584 -0.0003976148295375451
585 -0.0003975665477584524
586 -0.000397518466668731
587 -0.0003974705981484052
588 -0.0003974229422494677
589 -0.0003973754906131342
590 -0.0003973282333769993
591 -0.0003972811592565033
592 -0.0003972342638919994
593 -0.0003971875448254958
594 -0.0003971409945992087
595 -0.0003970946007129627
596 -0.000397048374577726
597 -0.0003970023159398118
598 -0.00039695640825613
599 -0.0003969106213223266
600 -0.0003968649614176384
601 -0.0003968194843329735
602 -0.0003967742310654182
603 -0.0003967292210478959
604 -0.0003966844565429303
605 -0.0003966399448874979
606 -0.0003965956923315954
607 -0.0003965516597570787
608 -0.0003965078366306933
609 -0.0003964642154843038
610 -0.0003964207859222432
611 -0.0003963775368120975
612 -0.0003963344609697418
613 -0.0003962915560387465
614 -0.0003962488157635123
615 -0.0003962062353398068
616 -0.0003961638079756483
617 -0.0003961215249972813
618 -0.0003960793812361785
619 -0.0003960373753768333
620 -0.0003959955077545723
621 -0.0003959537775102102
622 -0.0003959121773001892
623 -0.0003958707047268367
624 -0.0003958293674444788
625 -0.0003957881613904785
626 -0.0003957470599707038
627 -0.0003957060514120516
628 -0.0003956651341848255
629 -0.0003956243139910163
630 -0.0003955835981796237
631 -0.0003955430017326216
632 -0.0003955025366401373
633 -0.0003954621995918693
634 -0.0003954219916660417
635 -0.0003953819119814785
636 -0.0003953419581966853
637 -0.0003953021300584793
638 -0.0003952624456877209
639 -0.0003952229168567893
640 -0.0003951835466121566
641 -0.0003951443486739066
642 -0.000395105329199212
643 -0.0003950664836937737
644 -0.0003950277956937909
645 -0.0003949892523115461
646 -0.0003949508404576908
647 -0.0003949125537940996
648 -0.0003948743716747912
649 -0.0003948362941127179
650 -0.0003947983374871744
651 -0.000394760504478847
652 -0.0003947227940762746
653 -0.0003946851995977475
654 -0.0003946476979386251
655 -0.0003946102355338446
656 -0.0003945727713248324
657 -0.0003945353467916043
658 -0.0003944980280333464
659 -0.0003944608873610847
660 -0.0003944239444262365
661 -0.0003943872127666238
662 -0.0003943506992371087
663 -0.000394314390377693
664 -0.0003942782523663841
665 -0.0003942423057621465
666 -0.0003942065733630351
667 -0.00039417106029117
668 -0.0003941357712612351
669 -0.0003941007088096023
670 -0.0003940658738453401
671 -0.000394031265277894
672 -0.0003939968852423068
673 -0.0003939627312721316
674 -0.0003939287925205943
675 -0.000393895040556679
676 -0.0003938614437517737
677 -0.0003938280287103299
678 -0.0003937948090566344
679 -0.0003937617845360216
680 -0.0003937289579481067
681 -0.0003936963353856366
682 -0.0003936639140759645
683 -0.0003936316895581753
684 -0.0003935996576888847
685 -0.0003935678112704602
686 -0.0003935361583344509
687 -0.0003935046861187776
688 -0.0003934733833646265
689 -0.0003934422429441476
690 -0.000393411266130693
691 -0.0003933804514343283
692 -0.0003933497998016693
693 -0.0003933193210425953
694 -0.0003932890212305284
695 -0.0003932588977378443
696 -0.0003932289503845756
697 -0.0003931991821585509
698 -0.0003931695999898656
699 -0.0003931402176844279
700 -0.0003931110530073749
701 -0.0003930821398433328
702 -0.0003930534903443704
703 -0.0003930250855917177
704 -0.0003929968786520213
705 -0.0003929688713062431
706 -0.0003929410552381652
707 -0.0003929134353314488
708 -0.0003928859909651565
709 -0.0003928587027934765
710 -0.0003928315815822834
711 -0.0003928046985410603
712 -0.0003927780729713897
713 -0.000392751669277059
714 -0.0003927254328624605
715 -0.0003926993148198612
716 -0.0003926732573722198
717 -0.0003926472052439992
718 -0.0003926211212608975
719 -0.0003925949742682409
720 -0.0003925687562657355
721 -0.0003925424767429546
722 -0.0003925161632406397
723 -0.0003924898618935073
724 -0.0003924636243057265
725 -0.0003924375069302175
726 -0.0003924115628988849
727 -0.0003923858457592262
728 -0.0003923604028646893
729 -0.000392335282164025
730 -0.0003923105079792091
731 -0.0003922860768439698
732 -0.0003922619902000521
733 -0.0003922382454050266
734 -0.0003922148437616145
735 -0.0003921917858277819
736 -0.0003921690764172574
737 -0.0003921467171309521
738 -0.0003921247087661012
739 -0.0003921030384140559
740 -0.000392081682543861
741 -0.0003920606249640281
742 -0.0003920398644071934
743 -0.0003920193952406156
744 -0.0003919992096148925
745 -0.0003919792981967683
746 -0.000391959657828087
747 -0.0003919402662846599
748 -0.0003919211028365995
749 -0.0003919021590286907
750 -0.0003918834327524772
751 -0.000391864923534347
752 -0.0003918466331479925
753 -0.0003918285677336366
754 -0.0003918107349938486
755 -0.0003917931429109118
756 -0.0003917757955059904
757 -0.0003917586883843894
758 -0.0003917418117966864
759 -0.0003917251610589012
760 -0.0003917087323392808
761 -0.0003916925270527024
762 -0.0003916765474938904
763 -0.0003916607909650196
764 -0.0003916452536625251
765 -0.0003916299323364827
766 -0.0003916148239728919
767 -0.0003915999291619944
768 -0.0003915852484705588
769 -0.0003915707801371772
770 -0.0003915565237208742
771 -0.0003915424809468245
772 -0.0003915286530742627
773 -0.0003915150457388047
774 -0.0003915016632768723
775 -0.0003914885024698569
776 -0.0003914755568063779
777 -0.0003914628204482056
778 -0.0003914502926144662
779 -0.0003914379786061333
780 -0.0003914258957703957
781 -0.0003914140508660739
782 -0.000391402430591227
783 -0.0003913910283762859
784 -0.0003913798459456758
785 -0.0003913688783688124
786 -0.0003913581221335416
787 -0.0003913475793940897
788 -0.0003913372525899948
789 -0.0003913271396208032
790 -0.0003913172468875695
791 -0.0003913075783720671
792 -0.0003912981346395109
793 -0.0003912889137639019
794 -0.0003912799133502865
795 -0.000391271131271451
796 -0.0003912625674120169
797 -0.0003912542213185467
798 -0.0003912460934552952
799 -0.000391238183580837
800 -0.0003912304883181518
801 -0.0003912230057351432
802 -0.0003912157374678369
803 -0.0003912086858257172
804 -0.0003912018480014895
805 -0.0003911952242046437
806 -0.0003911888113096888
807 -0.0003911826053780414
808 -0.000391176607825097
809 -0.0003911708142481837
810 -0.0003911652195692723
811 -0.0003911598192334815
812 -0.0003911546078234614
813 -0.0003911495841864144
814 -0.0003911447454248201
815 -0.0003911400734324537
816 -0.0003911355786831885
817 -0.000391131270109156
818 -0.0003911271471787619
819 -0.0003911232221654049
820 -0.0003911194960188642
821 -0.0003911159664231561
822 -0.000391112632310087
823 -0.0003911094953800737
824 -0.0003911065566895755
825 -0.0003911038149836798
826 -0.0003911012697434241
827 -0.0003910989195275615
828 -0.0003910967635098468
829 -0.0003910947997248573
830 -0.0003910930258198845
831 -0.0003910914411685119
832 -0.0003910900439609767
833 -0.0003910888517427323
834 -0.0003910878659204456
835 -0.0003910870774373792
836 -0.0003910864826941848
837 -0.0003910860862932615
838 -0.000391085888559995
839 -0.0003910858916793331
840 -0.0003910862382203647
841 -0.0003910868942730909
842 -0.0003910877846209374
843 -0.0003910888526365671
844 -0.0003910900732978175
845 -0.0003910914426978963
846 -0.0003910929606956769
847 -0.000391094633022358
848 -0.0003910964590686448
849 -0.0003910984583586744
850 -0.0003911006814663044
851 -0.0003911030392663704
852 -0.0003911055059801169
853 -0.0003911080667468839
854 -0.0003911106991165196
855 -0.0003911133942892275
856 -0.0003911161638282846
857 -0.0003911190354598671
858 -0.0003911220490930472
859 -0.0003911252266715702
860 -0.0003911285861205371
861 -0.0003911321319487592
862 -0.0003911358611485932
863 -0.0003911397640666747
864 -0.0003911438237927872
865 -0.0003911480279335002
866 -0.0003911523727522517
867 -0.0003911568623701073
868 -0.0003911615197552708
869 -0.0003911663427745578
870 -0.0003911713092057192
871 -0.000391176416067591
872 -0.0003911816690585724
873 -0.000391187072250631
874 -0.0003911926398764339
875 -0.0003911983646419416
876 -0.0003912042452810262
877 -0.000391210571280295
878 -0.0003912165794833713
879 -0.0003912228654200392
880 -0.0003912294569296915
881 -0.0003912362021917101
882 -0.0003912430437627611
883 -0.0003912499797975919
884 -0.0003912570391240301
885 -0.000391264247768911
886 -0.0003912716060740451
887 -0.0003912791041004592
888 -0.0003912867227422663
889 -0.0003912944516361984
890 -0.0003913022881249781
891 -0.000391310240567381
892 -0.0003913183164750646
893 -0.00039132652217643
894 -0.0003913348629046266
895 -0.000391343341127848
896 -0.0003913519514727253
897 -0.0003913606831437324
898 -0.0003913695252162289
899 -0.000391378464330814
900 -0.0003913874870266281
901 -0.0003913965833276241
902 -0.0003914057484620607
903 -0.0003914149795319916
904 -0.0003914242769438127
905 -0.0003914336348823601
906 -0.0003914430452772427
907 -0.0003914525123858788
908 -0.000391462044215487
909 -0.0003914716480025446
910 -0.0003914813294383097
911 -0.0003914910958340575
912 -0.0003915009522204179
913 -0.0003915109061657688
914 -0.0003915209601639043
915 -0.0003915311230286189
916 -0.0003915414040866318
917 -0.0003915518078894577
918 -0.0003915623362627023
919 -0.0003915729913426526
920 -0.0003915837730373003
921 -0.0003915946805558355
922 -0.0003916057121725572
923 -0.0003916168667230778
924 -0.0003916281433453112
925 -0.0003916395411096678
926 -0.0003916510586813387
927 -0.0003916626954149094
928 -0.0003916744495537346
929 -0.0003916863244573145
930 -0.0003916983163693738
931 -0.000391710421187349
932 -0.0003917226361752357
933 -0.000391734957256833
934 -0.0003917473813361554
935 -0.000391759906602165
936 -0.0003917725332839173
937 -0.0003917852651232521
938 -0.0003917980989778322
939 -0.0003918110325413518
940 -0.0003918240666957244
941 -0.0003918372010549222
942 -0.000391850437366232
943 -0.0003918637752535254
944 -0.0003918772116819925
945 -0.0003918907453929186
946 -0.0003919043753835888
947 -0.000391918100853469
948 -0.0003919319206662705
949 -0.0003919458337692367
950 -0.0003919598400969386
951 -0.000391973943858645
952 -0.000391988145989754
953 -0.0003920024486517718
954 -0.0003920168512203021
955 -0.0003920313514181877
956 -0.0003920459456475842
957 -0.0003920606308488303
958 -0.0003920754043066662
959 -0.0003920902666946885
960 -0.0003921052156243429
961 -0.0003921202508980064
962 -0.000392135368706235
963 -0.0003921505635588028
964 -0.0003921658305138018
965 -0.000392181166726905
966 -0.0003921965710994548
967 -0.0003922120417239145
968 -0.0003922275765268561
969 -0.0003922431737547509
970 -0.0003922588310922437
971 -0.0003922745452475396
972 -0.0003922903178233247
973 -0.0003923061475383517
974 -0.0003923220321178788
975 -0.0003923379688061861
976 -0.0003923539554207116
977 -0.0003923699922992325
978 -0.0003923860795480367
979 -0.0003924022162058995
980 -0.0003924184006366737
981 -0.0003924346314787344
982 -0.0003924509083442241
983 -0.0003924672305999714
984 -0.0003924835976300266
985 -0.0003925000081106798
986 -0.0003925164617705431
987 -0.0003925329608126863
988 -0.0003925495053113263
989 -0.0003925660925052077
990 -0.000392582721351381
991 -0.0003925993875737335
992 -0.0003926160837479432
993 -0.0003926328061840833
994 -0.0003926495538039512
995 -0.000392666326678933
996 -0.0003926831253201343
997 -0.0003926999488184854
998 -0.0003927167926393136
999 -0.0003927336583458865
1000 -0.0003927505430057163
1001 -0.0003927674441036758
1002 -0.0003927843605501246
1003 -0.0003928012900868971
1004 -0.0003928182304766578
1005 -0.0003928351799709854
1006 -0.0003928521387563456
1007 -0.0003928691099056389
1008 -0.0003928860944876646
1009 -0.0003929030889664737
1010 -0.0003929200876668168
1011 -0.0003929370900071872
1012 -0.0003929540994285983
1013 -0.0003929711171392456
1014 -0.0003929881406424842
1015 -0.0003930051728708757
1016 -0.0003930222174137669
1017 -0.0003930392783335685
1018 -0.0003930563568583848
1019 -0.0003930734560936989
1020 -0.0003930905857977
1021 -0.000393107753615766
1022 -0.0003931249610369692
1023 -0.0003931422068237408
1024 -0.0003931594886019629
1025 -0.0003931768044243502
1026 -0.0003931941534784753
1027 -0.0003932115363451809
1028 -0.0003932289539323434
1029 -0.0003932464072124985
1030 -0.0003932638972106959
1031 -0.0003932814249827076
1032 -0.0003932989924440341
1033 -0.0003933166007886291
1034 -0.0003933342511646012
1035 -0.0003933519441472987
1036 -0.0003933696815247948
1037 -0.0003933874666268214
1038 -0.0003934053022450057
1039 -0.0003934232122384377
1040 -0.0003934411991085217
1041 -0.0003934592535964313
1042 -0.000393477365945247
1043 -0.0003934955296107782
1044 -0.0003935137384074458
1045 -0.0003935319885766476
1046 -0.0003935502760762068
1047 -0.0003935686010344843
1048 -0.0003935869686980393
1049 -0.0003936053856330368
1050 -0.0003936238608089562
1051 -0.0003936423948632858
1052 -0.0003936609928179455
1053 -0.000393679652144075
1054 -0.0003936983674485835
1055 -0.0003937171322674751
1056 -0.0003937359427699612
1057 -0.0003937547962323059
1058 -0.0003937736863302318
1059 -0.0003937926103182248
1060 -0.0003938134960395216
1061 -0.0003938342545385087
1062 -0.0003938545878751915
1063 -0.0003938745446794952
1064 -0.0003938941871906283
1065 -0.0003939136104806728
1066 -0.0003939329008031861
1067 -0.0003939521300788223
1068 -0.0003939713484343541
1069 -0.0003939905875850038
1070 -0.0003940098620166844
1071 -0.000394029181164913
1072 -0.0003940485445226241
1073 -0.000394067946686726
1074 -0.0003940873819092803
1075 -0.000394106846681227
1076 -0.0003941263384451386
1077 -0.0003941458546536804
1078 -0.0003941653931673371
1079 -0.0003941849525241856
1080 -0.000394204528294964
1081 -0.0003942241503742997
1082 -0.0003942438056648278
1083 -0.0003942634789826963
1084 -0.0003942831583561162
1085 -0.0003943028357285874
1086 -0.0003943225127572099
1087 -0.00039434219286425
1088 -0.0003943618775670465
1089 -0.0003943815655292901
1090 -0.0003944012530214169
1091 -0.0003944209348742185
1092 -0.0003944406006633906
1093 -0.0003944602404542094
1094 -0.0003944798606360382
1095 -0.0003944994589883071
1096 -0.0003945190285283319
1097 -0.0003945385718644849
1098 -0.0003945581024240204
1099 -0.0003945776391648965
1100 -0.0003945971932705982
1101 -0.0003946167698000294
1102 -0.0003946363680172584
1103 -0.0003946559857194859
1104 -0.0003946756251293587
1105 -0.0003946952937846791
1106 -0.0003947149827244913
1107 -0.0003947346824571442
1108 -0.0003947543909214295
1109 -0.0003947741124758586
1110 -0.000394793849931328
1111 -0.0003948136085106233
1112 -0.0003948333932634633
1113 -0.0003948532068134102
1114 -0.0003948730530804659
1115 -0.0003948929362651751
1116 -0.0003949128596587566
1117 -0.0003949328256669814
1118 -0.0003949528364798294
1119 -0.0003949728937419784
1120 -0.0003949929982363829
1121 -0.0003950131512691498
1122 -0.0003950333531298259
1123 -0.0003950536024104784
1124 -0.0003950738945758455
1125 -0.0003950942256783705
1126 -0.0003951145965730505
1127 -0.0003951350116100001
1128 -0.0003951554758729959
1129 -0.0003951759884925701
1130 -0.0003951965472683243
1131 -0.0003952171557335149
1132 -0.000395237798395028
1133 -0.0003952584230222014
1134 -0.0003952790142751744
1135 -0.0003952995735916664
1136 -0.0003953201281772671
1137 -0.0003953406978174616
1138 -0.000395361290719428
1139 -0.0003953819078994588
1140 -0.0003954025476935152
1141 -0.0003954232092297132
1142 -0.000395443889919003
1143 -0.0003954645980259859
1144 -0.0003954853443626569
1145 -0.0003955061427226021
1146 -0.0003955269985039318
1147 -0.0003955479123013825
1148 -0.0003955688825523677
1149 -0.0003955899090532368
1150 -0.0003956109925449221
1151 -0.0003956321271098793
1152 -0.0003956533098832435
1153 -0.0003956745399275228
1154 -0.0003956958188578579
1155 -0.0003957171505065233
1156 -0.0003957385398748994
1157 -0.0003957599924063166
1158 -0.0003957815127720347
1159 -0.0003958031035434242
1160 -0.0003958247629314154
1161 -0.0003958464887768245
1162 -0.0003958682794008088
1163 -0.0003958901315557176
1164 -0.0003959120362722264
1165 -0.0003959339861279569
1166 -0.000395955967774927
1167 -0.0003959779729202806
1168 -0.0003959999980544326
1169 -0.000396022039790965
1170 -0.0003960440908326486
1171 -0.0003960661442340017
1172 -0.0003960881972272509
1173 -0.0003961102469113474
1174 -0.0003961322912391902
1175 -0.00039615432932293
1176 -0.0003961763631279483
1177 -0.0003961983915668706
1178 -0.0003962204126201864
1179 -0.0003962424262750994
1180 -0.0003962644333400193
1181 -0.0003962864349387975
1182 -0.0003963084322549072
1183 -0.0003963304260674052
1184 -0.0003963524186574464
1185 -0.0003963744114703685
1186 -0.0003963964052284225
1187 -0.0003964184013091366
1188 -0.0003964403999412363
1189 -0.0003964624004258044
1190 -0.0003964844011993141
1191 -0.0003965064032455226
1192 -0.0003965284070188588
1193 -0.0003965504153843637
1194 -0.0003965724304393849
1195 -0.0003965944541333088
1196 -0.000396616487539331
1197 -0.0003966385316895258
1198 -0.0003966605838916752
1199 -0.0003966826372768723
1200 -0.000396704686109098
1201 -0.0003967267258103193
1202 -0.0003967487531958216
1203 -0.0003967707671371344
1204 -0.0003967927683730043
1205 -0.0003968147597482077
1206 -0.0003968367455786496
1207 -0.0003968587328777141
1208 -0.0003968807243010964
1209 -0.0003969027196066371
1210 -0.0003969247322236392
1211 -0.00039694677790436
1212 -0.0003969688640608469
1213 -0.0003969909893816615
1214 -0.0003970131445293815
1215 -0.0003970353190209462
1216 -0.0003970575006439157
1217 -0.0003970796826465685
1218 -0.0003971018569162181
1219 -0.0003971240013402147
1220 -0.000397146087305038
1221 -0.0003971680860012074
1222 -0.0003971899706400297
1223 -0.000397211716435787
1224 -0.000397233301473297
1225 -0.0003972547083903104
1226 -0.0003972759217636784
1227 -0.0003972969268670913
1228 -0.0003973177107969118
1229 -0.0003973382631314283
1230 -0.0003973585759259047
1231 -0.0003973786430842109
1232 -0.0003973984558565083
1233 -0.0003974180033621198
1234 -0.0003974372828076448
1235 -0.0003974563039760453
1236 -0.0003974750802915699
1237 -0.0003974936256977055
1238 -0.0003975119571406722
1239 -0.0003975300923208861
1240 -0.0003975480494402397
1241 -0.0003975658476959266
1242 -0.0003975835073652879
1243 -0.0003976010501093038
1244 -0.0003976185022575347
1245 -0.0003976358818410393
1246 -0.0003976532070510758
1247 -0.0003976704973980753
1248 -0.000397687768526849
1249 -0.000397705030400077
1250 -0.0003977222906913072
1251 -0.0003977395540883188
1252 -0.0003977568245698191
1253 -0.0003977741042696344
1254 -0.0003977913926707487
1255 -0.0003978086858773111
1256 -0.0003978259777721194
1257 -0.0003978432604519783
1258 -0.0003978605238667504
1259 -0.0003978777554346126
1260 -0.0003978949413761545
1261 -0.000397912067389365
1262 -0.0003979291180607937
1263 -0.0003979460766192738
1264 -0.0003979629265468909
1265 -0.0003979796541299106
1266 -0.0003979962516061025
1267 -0.0003980127149391772
1268 -0.000398029042057219
1269 -0.0003980452309488931
1270 -0.0003980612781194691
1271 -0.0003980771769637819
1272 -0.0003980929225391502
1273 -0.0003981085149714429
1274 -0.0003981239579313225
1275 -0.000398139259747251
1276 -0.0003981544310367877
1277 -0.0003981694790393523
1278 -0.0003981844091116165
1279 -0.0003981992311368593
1280 -0.0003982139585370741
1281 -0.0003982286056500374
1282 -0.000398243186296534
1283 -0.0003982577129601965
1284 -0.0003982721998007704
1285 -0.0003982866531776975
1286 -0.0003983010810597517
1287 -0.0003983154935993022
1288 -0.0003983299055661588
1289 -0.0003983443263434584
1290 -0.0003983587578308281
1291 -0.0003983731984602402
1292 -0.0003983876472529491
1293 -0.0003984021036582223
1294 -0.0003984165661353456
1295 -0.0003984310323042981
1296 -0.0003984454995727559
1297 -0.0003984599654441518
1298 -0.0003984744275288149
1299 -0.0003984888836225212
1300 -0.000398503332744539
1301 -0.0003985177766395852
1302 -0.0003985322198797343
1303 -0.0003985466717953346
1304 -0.0003985611399292938
1305 -0.0003985756270040746
1306 -0.0003985901304113034
1307 -0.0003986046455597775
1308 -0.0003986191682011581
1309 -0.0003986337568897147
1310 -0.0003986484188470388
1311 -0.0003986630934370548
1312 -0.0003986777355148295
1313 -0.0003986923320204784
1314 -0.0003987068882301328
1315 -0.0003987214165192195
1316 -0.0003987359273661287
1317 -0.0003987504254642122
1318 -0.0003987649009579472
1319 -0.0003987793418338494
1320 -0.0003987937547002791
1321 -0.0003988081440823504
1322 -0.0003988225112603801
1323 -0.0003988368589929224
1324 -0.0003988511875124631
1325 -0.0003988654966551796
1326 -0.0003988797872297528
1327 -0.0003988940611602181
1328 -0.0003989083218040377
1329 -0.0003989225709421321
1330 -0.0003989368102407849
1331 -0.0003989510413896529
1332 -0.0003989652655900624
1333 -0.0003989794834318984
1334 -0.0003989936950445245
1335 -0.0003990079003328849
1336 -0.000399022099099196
1337 -0.0003990362918325382
1338 -0.0003990504777572429
1339 -0.0003990646523326235
1340 -0.000399078812765535
1341 -0.0003990929623882397
1342 -0.0003991071036908682
1343 -0.0003991212398114302
1344 -0.0003991353732662954
1345 -0.0003991495087749104
1346 -0.0003991636470552108
1347 -0.0003991777860849816
1348 -0.0003991919237537273
1349 -0.0003992060589754011
1350 -0.0003992201946738815
1351 -0.000399234331020163
1352 -0.0003992484643860067
1353 -0.0003992625913535234
1354 -0.0003992767088941158
1355 -0.0003992908148483676
1356 -0.0003993049081848106
1357 -0.0003993189878399452
1358 -0.0003993330529092943
1359 -0.0003993471044875688
1360 -0.0003993611493459311
1361 -0.0003993751854553841
1362 -0.0003993892098639355
1363 -0.0003994032207202878
1364 -0.0003994172172745384
1365 -0.0003994312002404529
1366 -0.0003994451714483703
1367 -0.0003994591325889959
1368 -0.0003994730850131352
1369 -0.0003994870308227669
1370 -0.0003995009724135586
1371 -0.0003995149120122191
1372 -0.0003995288511532737
1373 -0.0003995427909454425
1374 -0.0003995567320360802
1375 -0.0003995706751110717
1376 -0.0003995846212647638
1377 -0.0003995985716080934
1378 -0.0003996125255952706
1379 -0.0003996264829717242
1380 -0.0003996404433945097
1381 -0.0003996544064510202
1382 -0.0003996683716431799
1383 -0.0003996823384263588
1384 -0.0003996963059748179
1385 -0.0003997102731981808
1386 -0.0003997242388632544
1387 -0.000399738201679294
1388 -0.0003997521603683663
1389 -0.0003997661137549433
1390 -0.0003997800602729983
1391 -0.000399793998212188
1392 -0.0003998079262474993
1393 -0.0003998218439130481
1394 -0.0003998357485237726
1395 -0.0003998496383010438
1396 -0.0003998635092085512
1397 -0.0003998773628266806
1398 -0.0003998912003249097
1399 -0.000399905022065091
1400 -0.0003999188281277425
1401 -0.0003999326185379144
1402 -0.0003999463931594403
1403 -0.0003999601522460539
1404 -0.0003999738959980197
1405 -0.0003999876246449827
1406 -0.0004000013370868673
1407 -0.0004000150335586975
1408 -0.000400028713163741
1409 -0.0004000423746556323
1410 -0.0004000560168285619
1411 -0.0004000696393614428
1412 -0.0004000832419908643
1413 -0.0004000968247310438
1414 -0.0004001103876899979
1415 -0.0004001239313971608
1416 -0.0004001374588125509
1417 -0.0004001509715984117
1418 -0.0004001644672560358
1419 -0.0004001779426251624
1420 -0.0004001913946602541
1421 -0.0004002048216681127
1422 -0.0004002182231108755
1423 -0.0004002315992364547
1424 -0.0004002449505864717
1425 -0.0004002582776799039
1426 -0.0004002715795672042
1427 -0.000400284856131154
1428 -0.0004002981063273762
1429 -0.0004003113281300663
1430 -0.0004003245212909882
1431 -0.0004003376839483569
1432 -0.0004003508142300513
1433 -0.0004003639110390058
1434 -0.0004003769745550077
1435 -0.0004003900058970171
1436 -0.0004004030071760507
1437 -0.0004004160054139124
1438 -0.0004004289959397839
1439 -0.0004004419626612473
1440 -0.0004004548939928392
1441 -0.0004004677853890272
1442 -0.0004004806371431071
1443 -0.0004004934518202841
1444 -0.0004005062329870965
1445 -0.0004005189846993752
1446 -0.0004005317114037873
1447 -0.0004005444166508906
1448 -0.0004005571038694586
1449 -0.0004005697754256648
1450 -0.0004005824324438705
1451 -0.0004005950743596918
1452 -0.0004006076993263623
1453 -0.0004006203051471784
1454 -0.0004006328911232207
1455 -0.0004006454624591601
1456 -0.0004006580216591689
1457 -0.0004006705694579429
1458 -0.0004006831066827408
1459 -0.0004006956358897673
1460 -0.0004007081632558882
1461 -0.0004007206931236768
1462 -0.0004007332271110309
1463 -0.0004007457669022805
1464 -0.0004007583141163149
1465 -0.0004007708701039464
1466 -0.0004007834358181215
1467 -0.0004007960129026533
1468 -0.0004008086003978568
1469 -0.0004008211977621127
1470 -0.0004008338060176014
1471 -0.000400846426593912
1472 -0.0004008590602554321
1473 -0.0004008717070021926
1474 -0.0004008843663239569
1475 -0.0004008970368065431
1476 -0.0004009097168697754
1477 -0.0004009224050396923
1478 -0.0004009351003093028
1479 -0.0004009478021534335
1480 -0.0004009605103830495
1481 -0.00040097322493112
1482 -0.00040098594564404
1483 -0.000400998671727034
1484 -0.000401011402659166
1485 -0.0004010241382975308
1486 -0.0004010368789676285
1487 -0.0004010496244605044
1488 -0.0004010623744767889
1489 -0.0004010751287233873
1490 -0.0004010878867352259
1491 -0.000401100648386159
1492 -0.0004011134137986668
1493 -0.0004011261827328635
1494 -0.0004011389542960641
1495 -0.0004011517274587996
1496 -0.00040116450126263
1497 -0.0004011772748327749
1498 -0.0004011900473271901
1499 -0.0004012028179243784
1500 -0.0004012155869584473
1501 -0.0004012283561491972
1502 -0.0004012411187704949
1503 -0.0004012538668334629
1504 -0.0004012665941328922
1505 -0.0004012792969729265
1506 -0.0004012919756604918
1507 -0.0004013046320779987
1508 -0.0004013172631182205
1509 -0.0004013298657538454
1510 -0.0004013424379337733
1511 -0.000401354980312611
1512 -0.0004013674960043406
1513 -0.0004013799898152819
1514 -0.0004013924675336012
1515 -0.0004014049353596616
1516 -0.0004014173996481824
1517 -0.0004014298667262657
1518 -0.0004014423433580395
1519 -0.0004014548352815502
1520 -0.0004014673459836642
1521 -0.0004014798798390098
1522 -0.0004014924404785522
1523 -0.0004015050290615507
1524 -0.0004015176448255895
1525 -0.0004015302860414195
1526 -0.0004015429504222997
1527 -0.0004015556361310238
1528 -0.0004015683374868235
1529 -0.0004015810413310385
1530 -0.0004015937455664414
1531 -0.0004016064538666062
1532 -0.0004016191673558836
1533 -0.0004016318882703859
1534 -0.0004016446160442101
1535 -0.0004016573466351811
1536 -0.0004016700740600498
1537 -0.0004016827918690208
1538 -0.0004016954947827915
1539 -0.0004017081782397481
1540 -0.0004017208386767554
1541 -0.0004017334733248627
1542 -0.0004017460799660034
1543 -0.0004017586564944595
1544 -0.0004017711999484952
1545 -0.0004017837107918111
1546 -0.0004017961861077519
1547 -0.0004018086242055147
1548 -0.0004018210245576995
1549 -0.0004018333880582964
1550 -0.0004018457158093552
1551 -0.0004018580084250477
1552 -0.0004018702669057474
1553 -0.0004018824904617918
1554 -0.0004018946719133914
1555 -0.0004019068074918703
1556 -0.0004019188974927704
1557 -0.0004019309431472261
1558 -0.0004019429449286498
1559 -0.0004019549034014579
1560 -0.0004019668171436917
1561 -0.0004019786788398011
1562 -0.0004019904900129869
1563 -0.0004020022548955486
1564 -0.0004020139788300985
1565 -0.0004020256700654453
1566 -0.000402037340248578
1567 -0.0004020490003212005
1568 -0.0004020606577708235
1569 -0.0004020723174395333
1570 -0.0004020839818711907
1571 -0.0004020956527768074
1572 -0.0004021073318614591
1573 -0.0004021190202211268
1574 -0.0004021307190477869
1575 -0.0004021424295413546
1576 -0.0004021541526890587
1577 -0.0004021658889150696
1578 -0.0004021776370482961
1579 -0.0004021893945450877
1580 -0.0004022011585565227
1581 -0.0004022129259532947
1582 -0.0004022246932427959
1583 -0.0004022364564173546
1584 -0.0004022482114387585
1585 -0.0004022599543728108
1586 -0.0004022716817028677
1587 -0.0004022833903327068
1588 -0.0004022950776505979
1589 -0.0004023067413640921
1590 -0.0004023183796862068
1591 -0.0004023299914756111
1592 -0.0004023415760587428
1593 -0.000402353133110357
1594 -0.0004023646628537559
1595 -0.000402376165870102
1596 -0.0004023876430785508
1597 -0.0004023990956323519
1598 -0.000402410524855044
1599 -0.0004024219321888229
1600 -0.0004024333194230437
1601 -0.0004024446887179738
1602 -0.0004024560418454221
1603 -0.0004024673799796814
1604 -0.0004024787041305765
1605 -0.0004024900153555178
1606 -0.0004025013143795139
1607 -0.0004025126015646151
1608 -0.0004025238769035925
1609 -0.0004025351405564427
1610 -0.0004025463929301955
1611 -0.0004025576342869872
1612 -0.0004025688646563573
1613 -0.0004025800839474113
1614 -0.0004025912919912036
1615 -0.000402602490510999
1616 -0.0004026136886556191
1617 -0.0004026248863747476
1618 -0.0004026360753658026
1619 -0.000402647243615224
1620 -0.0004026583850979578
1621 -0.0004026694994213111
1622 -0.0004026805890479606
1623 -0.0004026916572211329
1624 -0.0004027027071446993
1625 -0.0004027137409937983
1626 -0.0004027247601523691
1627 -0.0004027357654514858
1628 -0.0004027467573071063
1629 -0.0004027577358564111
1630 -0.0004027687010480642
1631 -0.0004027796527951237
1632 -0.0004027905910608138
1633 -0.000402801515861975
1634 -0.0004028124271058149
1635 -0.000402823324618397
1636 -0.0004028342084555841
1637 -0.0004028450788808198
1638 -0.000402855936241631
1639 -0.0004028667808817038
1640 -0.0004028776131860409
1641 -0.0004028884339520193
1642 -0.00040289924452717
1643 -0.0004029100456357213
1644 -0.0004029208374368906
1645 -0.0004029316196637982
1646 -0.00040294239196482
1647 -0.0004029531541651511
1648 -0.0004029639061550086
1649 -0.0004029746479821809
1650 -0.0004029853798140605
1651 -0.0004029961017222123
1652 -0.0004030068137381049
1653 -0.0004030175159056151
1654 -0.0004030282082471532
1655 -0.0004030388916137641
1656 -0.0004030495671116143
1657 -0.0004030602352609942
1658 -0.0004030708959741553
1659 -0.0004030815490954764
1660 -0.0004030921943136583
1661 -0.0004031028316592984
1662 -0.0004031134612898074
1663 -0.0004031240834001725
1664 -0.0004031346981801647
1665 -0.0004031453058113322
1666 -0.0004031559064707978
1667 -0.000403166499935624
1668 -0.0004031770843551371
1669 -0.0004031876585085207
1670 -0.0004031982249692793
1671 -0.0004032087865574436
1672 -0.000403219345216707
1673 -0.0004032299023066648
1674 -0.0004032404602150821
1675 -0.0004032510223117906
1676 -0.0004032615912905292
1677 -0.0004032721688534447
1678 -0.0004032827559380691
1679 -0.000403293353127221
1680 -0.0004033039605576698
1681 -0.0004033145779004336
1682 -0.0004033252037139935
1683 -0.0004033358371524793
1684 -0.0004033464777335192
1685 -0.0004033571249409939
1686 -0.0004033677783154921
1687 -0.0004033784368206505
1688 -0.0004033890993225272
1689 -0.000403399765356013
1690 -0.0004034104354137197
1691 -0.0004034211106542737
1692 -0.0004034317931855232
1693 -0.000403442486556985
1694 -0.0004034531937520876
1695 -0.0004034639155418271
1696 -0.0004034746504979571
1697 -0.0004034853960457507
1698 -0.0004034961495035079
1699 -0.000403506909066757
1700 -0.0004035176727019092
1701 -0.000403528438863467
1702 -0.0004035392069709794
1703 -0.0004035499792170833
1704 -0.000403560757915211
1705 -0.0004035715448643733
1706 -0.000403582341432668
1707 -0.0004035931487354206
1708 -0.0004036039672616933
1709 -0.000403614797279489
1710 -0.000403625638942554
1711 -0.0004036364926286952
1712 -0.0004036473594742145
1713 -0.0004036582404656929
1714 -0.0004036691361765851
1715 -0.0004036800467911115
1716 -0.0004036909721758778
1717 -0.0004037019119718845
1718 -0.0004037128705375923
1719 -0.0004037238403230742
1720 -0.00040373481765173
1721 -0.0004037458023319491
1722 -0.0004037567953833258
1723 -0.0004037677976832622
1724 -0.0004037788097105401
1725 -0.0004037898319944144
1726 -0.0004038008637335872
1727 -0.0004038119045047128
1728 -0.0004038229546368501
1729 -0.0004038340145432976
1730 -0.0004038450843148855
1731 -0.0004038561638332199
1732 -0.0004038672530564108
1733 -0.0004038783521590487
1734 -0.0004038894615410366
1735 -0.0004039005818424713
1736 -0.0004039117137460753
1737 -0.0004039228580397318
1738 -0.0004039340166456051
1739 -0.0004039451897970733
1740 -0.0004039563763794486
1741 -0.0004039675746704722
1742 -0.0004039787829841297
1743 -0.0004039900000526631
1744 -0.0004040012251621743
1745 -0.0004040124579847342
1746 -0.0004040236987486455
1747 -0.0004040349476956873
1748 -0.0004040462053580424
1749 -0.0004040574723496555
1750 -0.000404068749680705
1751 -0.0004040800377566177
1752 -0.0004040913359104535
1753 -0.000404102642558408
1754 -0.000404113957311519
1755 -0.000404125279992457
1756 -0.0004041366099368478
1757 -0.0004041479464180188
1758 -0.0004041592888705248
1759 -0.0004041706368903703
1760 -0.0004041819905396634
1761 -0.0004041933506247203
1762 -0.0004042047176156592
1763 -0.0004042160919398627
1764 -0.0004042274730958298
1765 -0.0004042388581039938
1766 -0.0004042502425957056
1767 -0.0004042616225695367
1768 -0.000404272995703269
1769 -0.0004042843616024568
1770 -0.0004042957212504967
1771 -0.0004043070759682889
1772 -0.0004043184277908424
1773 -0.0004043297788285539
1774 -0.0004043411302376583
1775 -0.000404352482130693
1776 -0.00040436383432123
1777 -0.0004043751862724003
1778 -0.000404386536756015
1779 -0.0004043978840803569
1780 -0.0004044092265328373
1781 -0.0004044205628832278
1782 -0.0004044318921835094
1783 -0.0004044432136577714
1784 -0.000404454526473963
1785 -0.0004044658292750233
1786 -0.0004044771216850249
1787 -0.0004044884051401477
1788 -0.0004044996799388066
1789 -0.0004045109453590004
1790 -0.0004045222000638153
1791 -0.0004045334429673059
1792 -0.0004045446730471275
1793 -0.0004045558892784419
1794 -0.0004045670906402501
1795 -0.0004045782752881631
1796 -0.000404589436106284
1797 -0.0004046006121589148
1798 -0.0004046118509994098
1799 -0.0004046231666573319
1800 -0.0004046345447872235
1801 -0.0004046459558908471
1802 -0.0004046573681373251
1803 -0.0004046687591444997
1804 -0.0004046801189859134
1805 -0.000404691447290978
1806 -0.0004047027478151552
1807 -0.0004047140266898781
1808 -0.00040472528971109
1809 -0.0004047365395986569
1810 -0.000404747777370914
1811 -0.0004047590026943855
1812 -0.0004047702148709799
1813 -0.0004047814137083151
1814 -0.0004047925991852227
1815 -0.0004048037714895939
1816 -0.0004048149312859322
1817 -0.0004048260798220841
1818 -0.0004048372190517748
1819 -0.0004048483515888782
1820 -0.0004048594803384752
1821 -0.0004048706081818467
1822 -0.0004048817378663194
1823 -0.0004048928719456162
1824 -0.0004049040125951751
1825 -0.0004049151619909947
1826 -0.0004049263220434072
1827 -0.0004049374942581387
1828 -0.0004049486797921754
1829 -0.0004049598794220134
1830 -0.000404971093541281
1831 -0.0004049823222845843
1832 -0.0004049935655488357
1833 -0.0004050048230155517
1834 -0.0004050160941672055
1835 -0.0004050273783783276
1836 -0.0004050386750255941
1837 -0.0004050499835297175
1838 -0.0004050613032260394
1839 -0.0004050726335916256
1840 -0.0004050839738616664
1841 -0.0004050953231407219
1842 -0.0004051066805973805
1843 -0.0004051180456059557
1844 -0.0004051294177797915
1845 -0.0004051407969385722
1846 -0.0004051521833928204
1847 -0.000405163578275642
1848 -0.0004051749832477927
1849 -0.0004051863999088633
1850 -0.0004051978292240098
1851 -0.0004052092718280792
1852 -0.0004052207282168683
1853 -0.0004052321988917339
1854 -0.0004052436842390795
1855 -0.0004052551846094443
1856 -0.000405266700342461
1857 -0.00040527823179527
1858 -0.0004052897793759632
1859 -0.0004053013435359982
1860 -0.0004053129249894694
1861 -0.00040532452416094
1862 -0.0004053361412019509
1863 -0.00040534777606118
1864 -0.0004053594285546329
1865 -0.0004053710984497749
1866 -0.0004053827857441125
1867 -0.0004053944908787581
1868 -0.0004054062144446221
1869 -0.0004054179567003382
1870 -0.0004054297174703407
1871 -0.000405441496347551
1872 -0.0004054532929057165
1873 -0.0004054651068082644
1874 -0.0004054769377819147
1875 -0.0004054887856209086
1876 -0.0004055006505902855
1877 -0.0004055125327986276
1878 -0.0004055244331579271
1879 -0.0004055363530953002
1880 -0.0004055482931894668
1881 -0.0004055602531642248
1882 -0.000405572232357965
1883 -0.0004055842303824771
1884 -0.0004055962476021942
1885 -0.0004056082847720798
1886 -0.0004056203425245313
1887 -0.0004056324211016931
1888 -0.000405644520280187
1889 -0.0004056566397752567
1890 -0.0004056687794385528
1891 -0.0004056809451070887
1892 -0.0004056931386108166
1893 -0.0004057053550032468
1894 -0.0004057175879619009
1895 -0.0004057298168910955
1896 -0.0004057420305299941
1897 -0.0004057542389216081
1898 -0.00040576644819543
1899 -0.0004057786590211841
1900 -0.0004057908688664247
1901 -0.0004058030761260049
1902 -0.0004058152803369809
1903 -0.0004058274817331357
1904 -0.0004058396811955206
1905 -0.0004058518796025218
1906 -0.0004058640757583909
1907 -0.0004058762624429601
1908 -0.0004058884392033651
1909 -0.0004059006240571254
1910 -0.0004059128263614253
1911 -0.0004059250501905552
1912 -0.0004059372967642846
1913 -0.0004059495669904273
1914 -0.0004059618652280231
1915 -0.0004059741828734712
1916 -0.0004059864899970844
1917 -0.0004059987653685268
1918 -0.0004060109900083742
1919 -0.0004060231464780054
1920 -0.0004060352203560885
1921 -0.0004060472070225294
1922 -0.0004060591097913764
1923 -0.0004060709339258135
1924 -0.0004060826924783139
1925 -0.0004060944055771759
1926 -0.0004061060971513484
1927 -0.0004061177915335633
1928 -0.000406129511168002
1929 -0.000406141275197177
1930 -0.0004061530984958884
1931 -0.0004061649911997296
1932 -0.0004061769587426033
1933 -0.0004061890021725936
1934 -0.0004062011186395207
1935 -0.0004062133006250709
1936 -0.0004062255380797391
1937 -0.0004062378247181105
1938 -0.0004062501550368643
1939 -0.0004062625218406354
1940 -0.00040627491591367
1941 -0.0004062873237786065
1942 -0.0004062997318162638
1943 -0.0004063121259306582
1944 -0.0004063244939386855
1945 -0.0004063368273149775
1946 -0.000406349121571789
1947 -0.0004063613760895932
1948 -0.0004063735938384337
1949 -0.0004063857801775593
1950 -0.0004063979423333759
1951 -0.0004064100884078587
1952 -0.0004064222266914227
1953 -0.000406434365180762
1954 -0.0004064465109844066
1955 -0.0004064586701741981
1956 -0.0004064708479711745
1957 -0.0004064830483816699
1958 -0.0004064952740236193
1959 -0.0004065075261105586
1960 -0.0004065198051181409
1961 -0.0004065321128242314
1962 -0.0004065444462639255
1963 -0.000406556801973258
1964 -0.0004065691753128012
1965 -0.0004065815625125323
1966 -0.0004065939600871502
1967 -0.0004066063653553619
1968 -0.0004066187772505884
1969 -0.0004066311953109692
1970 -0.0004066436196715835
1971 -0.0004066560509180976
1972 -0.0004066684900355619
1973 -0.0004066809382810222
1974 -0.0004066933975801888
1975 -0.0004067058698498882
1976 -0.0004067183571116755
1977 -0.0004067308614294846
1978 -0.0004067433863214565
1979 -0.0004067559361138373
1980 -0.0004067685124258612
1981 -0.0004067811156825013
1982 -0.0004067937461550364
1983 -0.0004068064038217108
1984 -0.0004068190888917421
1985 -0.0004068318019040158
1986 -0.0004068445430718876
1987 -0.0004068573124196716
1988 -0.000406870109880772
1989 -0.0004068829353872069
1990 -0.0004068957889054058
1991 -0.0004069086703458736
1992 -0.0004069215796725915
1993 -0.0004069345162880305
1994 -0.0004069474787466537
1995 -0.0004069604661499243
1996 -0.000406973478478361
1997 -0.0004069865167205319
1998 -0.0004069995816234835
1999 -0.000407012673036734
2000 -0.000407025790795926
