"drag-rfile"
"Iteration" "drag"
("Iteration" "drag")
1 0.04108911842260287
2 0.04108901725991209
3 0.04108902074473443
4 0.04108906646874608
5 0.0410891389778653
6 0.04108922073584498
7 0.04108928975898462
8 0.04108934288711386
9 0.04108937620056742
10 0.04108937321883605
11 0.04108933771446999
12 0.04108928556356426
13 0.0410892186674701
14 0.04108914908892301
15 0.04108908156044905
16 0.04108902071606376
17 0.0410889654495172
18 0.04108891891233354
19 0.04108888074505556
20 0.04108885040220213
21 0.04108882626407487
22 0.0410888056901875
23 0.04108878764704332
24 0.04108877010346867
25 0.041088751374158
26 0.04108873046112926
27 0.04108870680292424
28 0.04108868064111656
29 0.04108865230779865
30 0.04108862279742095
31 0.04108859314736872
32 0.04108856412743629
33 0.04108853627761691
34 0.04108851018004696
35 0.04108848606790805
36 0.04108846303344081
37 0.04108844098694017
38 0.04108841886812532
39 0.04108839626872132
40 0.04108837279074212
41 0.04108834797513085
42 0.04108832180107086
43 0.04108829388887737
44 0.04108826424102906
45 0.04108823332445486
46 0.04108820148033782
47 0.04108816930249623
48 0.04108813719998299
49 0.04108810550964852
50 0.04108807469321125
51 0.04108804512180247
52 0.04108801699188781
53 0.04108799078299531
54 0.04108796625032243
55 0.04108794290814637
56 0.04108792062404333
57 0.04108789978677858
58 0.04108787980537223
59 0.0410878606375368
60 0.04108784055466767
61 0.04108782062845722
62 0.04108779915414413
63 0.04108777732898551
64 0.04108775381536704
65 0.04108772881036209
66 0.04108770254931201
67 0.04108767521831209
68 0.04108764722818983
69 0.04108761884044485
70 0.04108759052853196
71 0.04108756256741877
72 0.04108753510389959
73 0.04108750841850228
74 0.041087482503384
75 0.04108745756775565
76 0.04108743363531964
77 0.04108741053189411
78 0.04108738812086878
79 0.04108736617322151
80 0.04108734468002289
81 0.04108732347932977
82 0.04108730293582864
83 0.04108728268310711
84 0.04108726263988768
85 0.04108724206992793
86 0.04108722103222549
87 0.04108720025655044
88 0.04108717944322236
89 0.04108715845889026
90 0.04108713717809681
91 0.04108711549787026
92 0.04108709330191542
93 0.04108707013560774
94 0.04108704629349851
95 0.0410870221477575
96 0.04108699801445379
97 0.04108697423174153
98 0.04108694998799107
99 0.04108692543943736
100 0.04108690074770886
101 0.04108687634287043
102 0.04108685246980771
103 0.04108682949371902
104 0.04108680736776604
105 0.04108678537940698
106 0.04108676359951793
107 0.04108674209713348
108 0.04108672087953561
109 0.04108669984478179
110 0.04108667891276284
111 0.04108665828564323
112 0.04108663797798805
113 0.04108661776823148
114 0.04108659752759756
115 0.04108657744632555
116 0.04108655713560824
117 0.04108653673542883
118 0.0410865162599073
119 0.04108649554811675
120 0.04108647462894324
121 0.04108645357238106
122 0.0410864323632499
123 0.04108641099419073
124 0.04108638959341373
125 0.04108636810761589
126 0.04108634720768453
127 0.04108632664503607
128 0.04108630629646009
129 0.04108628619928792
130 0.04108626608258131
131 0.04108624610712044
132 0.04108622614384613
133 0.0410862061466425
134 0.04108618613444368
135 0.04108616594349057
136 0.04108614577281455
137 0.04108612587318235
138 0.04108610614633422
139 0.04108608642502573
140 0.04108606681079722
141 0.04108604715189307
142 0.0410860272188126
143 0.04108600714190267
144 0.04108598703895829
145 0.04108596688161538
146 0.04108594681417295
147 0.04108592682901065
148 0.04108590700733897
149 0.0410858872862
150 0.0410858677090031
151 0.04108584828984484
152 0.04108582926794734
153 0.04108581107039964
154 0.04108579304440056
155 0.04108577516185098
156 0.04108575726510803
157 0.04108573950026524
158 0.04108572156571503
159 0.04108570332006348
160 0.04108568497650813
161 0.04108566582055644
162 0.04108564687757098
163 0.04108562764143634
164 0.04108560818395716
165 0.04108558850363653
166 0.04108556884988399
167 0.04108554922333941
168 0.04108552996805626
169 0.04108551076125026
170 0.04108549205133209
171 0.04108547340823358
172 0.04108545513775081
173 0.04108543703639043
174 0.04108541889301145
175 0.04108540100721911
176 0.04108538292135749
177 0.0410853647581434
178 0.04108534710370662
179 0.04108532921995631
180 0.04108531138104898
181 0.04108529320462311
182 0.04108527478072097
183 0.04108525645666056
184 0.04108523806894745
185 0.04108522031517015
186 0.04108520239008613
187 0.04108518455024574
188 0.04108516680145586
189 0.04108514950126121
190 0.04108513195097332
191 0.04108511492555112
192 0.04108509769880402
193 0.04108508058134566
194 0.04108506358299781
195 0.04108504647872294
196 0.0410850292825518
197 0.04108501200375696
198 0.04108499468104525
199 0.04108497729762906
200 0.04108495973500913
201 0.04108494207031285
202 0.0410849242346224
203 0.04108490659828183
204 0.04108488935473423
205 0.04108487236739344
206 0.04108485522990098
207 0.04108483797421742
208 0.04108482063881948
209 0.04108480324452048
210 0.04108478575498409
211 0.04108476860806648
212 0.04108475158614155
213 0.0410847344288536
214 0.0410847174151479
215 0.04108470094500335
216 0.04108468410424332
217 0.04108466760279852
218 0.04108465084751105
219 0.04108463431027731
220 0.04108461781549144
221 0.04108460151610251
222 0.04108458510776063
223 0.04108456884270773
224 0.04108455232678434
225 0.0410845355366903
226 0.04108451892242116
227 0.04108450256780551
228 0.04108448588271949
229 0.04108446935036202
230 0.04108445316830242
231 0.04108443700002383
232 0.04108442110805095
233 0.04108440543320452
234 0.04108439003848911
235 0.04108437445158069
236 0.04108435916626666
237 0.04108434374454338
238 0.04108432837039149
239 0.04108431268246429
240 0.0410842969555422
241 0.04108428097444489
242 0.04108426477677229
243 0.04108424856183034
244 0.04108423219186459
245 0.0410842158148372
246 0.04108419945559488
247 0.04108418317494184
248 0.04108416706862831
249 0.04108415137481725
250 0.04108413583439204
251 0.04108412031894781
252 0.04108410476281544
253 0.04108408925973373
254 0.04108407367180965
255 0.04108405801056079
256 0.0410840424607841
257 0.04108402709561491
258 0.04108401180121477
259 0.04108399677994076
260 0.04108398207976232
261 0.04108396758001306
262 0.04108395317916472
263 0.04108393871760765
264 0.04108392411241436
265 0.04108390959467222
266 0.04108389529071481
267 0.04108388137843647
268 0.04108386719558092
269 0.04108385244658112
270 0.04108383766289254
271 0.04108382289495955
272 0.04108380821828772
273 0.04108379373089747
274 0.04108377916392582
275 0.0410837645978068
276 0.04108375007445458
277 0.04108373550153382
278 0.04108372087528615
279 0.04108370626262171
280 0.04108369165963872
281 0.04108367719414403
282 0.04108366308671595
283 0.04108364907173937
284 0.04108363492753271
285 0.04108362042869191
286 0.0410836050905859
287 0.04108358945369474
288 0.04108357369511326
289 0.04108355453843324
290 0.04108353570896545
291 0.04108351745489246
292 0.04108349972788962
293 0.04108348304542887
294 0.04108346709562508
295 0.04108345265826095
296 0.04108343936789021
297 0.04108342669885168
298 0.04108341461723604
299 0.04108340273479984
300 0.04108339131224499
301 0.04108337984461054
302 0.04108336838198447
303 0.04108335666057961
304 0.04108334456564376
305 0.04108333189177432
306 0.04108331884958299
307 0.04108330350644884
308 0.0410832878786369
309 0.04108327224369181
310 0.04108325485321269
311 0.0410832378716696
312 0.0410832214440506
313 0.04108320698496749
314 0.04108319289292617
315 0.04108317957298631
316 0.04108316684607253
317 0.04108315455728743
318 0.04108314248694817
319 0.04108313060773815
320 0.04108311864350644
321 0.04108310645962084
322 0.04108309393650982
323 0.0410830810410559
324 0.04108306779738045
325 0.04108305427265323
326 0.04108304054513711
327 0.04108302671741864
328 0.04108301288431346
329 0.04108299896339449
330 0.04108298539027209
331 0.04108297210628095
332 0.04108295906032654
333 0.04108294614169673
334 0.04108293327157585
335 0.04108292041714493
336 0.04108290761637927
337 0.04108289479988826
338 0.04108288184833288
339 0.04108286885425747
340 0.04108285579354602
341 0.04108284267781682
342 0.04108282920257092
343 0.04108281500249525
344 0.04108280099651736
345 0.04108278723623513
346 0.04108277364151824
347 0.04108276024820669
348 0.04108274709543422
349 0.04108273441323382
350 0.04108272190183227
351 0.04108270955260668
352 0.04108269717894972
353 0.04108268511188215
354 0.04108267318537943
355 0.04108266109042333
356 0.04108264911714145
357 0.04108263716000243
358 0.04108262471186193
359 0.04108261233431038
360 0.04108259997236764
361 0.04108258712043842
362 0.04108257439087335
363 0.04108256172598006
364 0.04108254885478123
365 0.04108253615681103
366 0.04108252362762994
367 0.04108251116422592
368 0.04108249896003081
369 0.04108248701594328
370 0.04108247472421737
371 0.04108246264526638
372 0.0410824507570423
373 0.04108243866477038
374 0.04108242670237645
375 0.04108241484911403
376 0.04108240271308333
377 0.04108239071455051
378 0.04108237881907887
379 0.04108236662330702
380 0.04108235461474721
381 0.0410823427345251
382 0.04108233057758194
383 0.04108231856869957
384 0.04108230668639753
385 0.04108229490818852
386 0.04108228288209599
387 0.04108227101011284
388 0.04108225927199669
389 0.04108224769044275
390 0.0410822358567878
391 0.04108222416446696
392 0.04108221259458205
393 0.04108220110596142
394 0.04108218930393961
395 0.04108217761648345
396 0.04108216601352693
397 0.04108215407550134
398 0.04108214223884868
399 0.04108213048134059
400 0.04108211854387436
401 0.04108210679346042
402 0.04108209529026478
403 0.04108208398904657
404 0.04108207288291948
405 0.04108206197590678
406 0.04108205083082154
407 0.04108203978199447
408 0.04108202880951875
409 0.04108201721061491
410 0.04108200570733579
411 0.04108199422846776
412 0.04108198223926225
413 0.04108197039455661
414 0.04108195866661151
415 0.04108194693244277
416 0.0410819354050863
417 0.04108192420629164
418 0.04108191325235527
419 0.04108190244008911
420 0.04108189175730718
421 0.04108188079077002
422 0.04108186987861456
423 0.04108185897038114
424 0.04108184777617509
425 0.04108183667342109
426 0.04108182557613056
427 0.04108181411067832
428 0.04108180278225213
429 0.04108179156539632
430 0.04108178041853686
431 0.04108176944528612
432 0.04108175863448633
433 0.04108174800022994
434 0.04108173737662182
435 0.04108172687796727
436 0.0410817162581958
437 0.04108170573040782
438 0.04108169501432326
439 0.0410816843808411
440 0.04108167354990757
441 0.04108166282493642
442 0.04108165195049329
443 0.04108164120279383
444 0.04108163036854479
445 0.04108161965800319
446 0.04108160889123045
447 0.04108159832476134
448 0.04108158775158399
449 0.04108157731408112
450 0.04108156684832456
451 0.04108155647859013
452 0.04108154604058998
453 0.04108153570255903
454 0.04108152522052447
455 0.04108151484690139
456 0.04108150433763154
457 0.04108149391514887
458 0.04108148337784617
459 0.04108147299682136
460 0.04108146259541944
461 0.0410814523264607
462 0.04108144203845693
463 0.04108143186987692
464 0.04108142164172931
465 0.04108141152591377
466 0.04108140132199455
467 0.04108139121623833
468 0.04108138100525059
469 0.04108137089769314
470 0.04108136070467282
471 0.04108135061427767
472 0.04108134045271879
473 0.04108133039541684
474 0.04108132024689011
475 0.04108131020175006
476 0.04108130007324369
477 0.04108129004236884
478 0.04108127989349888
479 0.04108126985284467
480 0.04108125976154055
481 0.04108124979101174
482 0.04108123978089286
483 0.04108122989350932
484 0.04108121997681968
485 0.0410812101837842
486 0.04108120034830797
487 0.04108119062495594
488 0.04108118083124017
489 0.04108117113971518
490 0.04108116134296936
491 0.04108115165026909
492 0.04108114185612
493 0.04108113216903435
494 0.04108112240029789
495 0.0410811127379624
496 0.04108110298959108
497 0.04108109334354262
498 0.0410810836337956
499 0.04108107402851465
500 0.04108106436085047
501 0.04108105480802959
502 0.0410810452396657
503 0.04108103576000707
504 0.04108102620132012
505 0.04108101672221974
506 0.04108100714424751
507 0.0410809976586838
508 0.04108098809711149
509 0.04108097869312797
510 0.04108096928930108
511 0.04108096000384281
512 0.04108095057530402
513 0.04108094122140949
514 0.04108093181532475
515 0.04108092248906272
516 0.04108091308020761
517 0.04108090379425913
518 0.0410808945083585
519 0.04108088534154795
520 0.04108087612205305
521 0.04108086698166859
522 0.04108085777310046
523 0.04108084860785349
524 0.0410808393397567
525 0.04108083013264805
526 0.04108082085445968
527 0.04108081165257133
528 0.04108080252781101
529 0.04108079351334389
530 0.04108078439792418
531 0.04108077535857591
532 0.04108076623782447
533 0.04108075721499049
534 0.04108074815762477
535 0.04108073918441996
536 0.04108073007875626
537 0.04108072103961248
538 0.04108071195598709
539 0.04108070295267015
540 0.04108069393035867
541 0.04108068498060168
542 0.04108067604483061
543 0.04108066719187831
544 0.04108065831169068
545 0.04108064951242749
546 0.04108064066771235
547 0.04108063189961533
548 0.04108062308792832
549 0.04108061434921934
550 0.04108060554705817
551 0.04108059682107579
552 0.04108058800993709
553 0.04108057926622655
554 0.04108057046946759
555 0.04108056176441702
556 0.04108055302855053
557 0.04108054437713237
558 0.04108053568694849
559 0.04108052707594036
560 0.04108051842831011
561 0.04108050985581475
562 0.04108050120870138
563 0.04108049263854745
564 0.04108048402782481
565 0.04108047548527342
566 0.04108046688477491
567 0.04108045835559441
568 0.04108044978372179
569 0.04108044128374281
570 0.04108043274983155
571 0.04108042428800244
572 0.0410804157966651
573 0.04108040738076218
574 0.04108039894844965
575 0.04108039058098839
576 0.04108038221136683
577 0.04108037389693128
578 0.04108036556254831
579 0.04108035727594059
580 0.04108034894962437
581 0.04108034066580167
582 0.04108033233034625
583 0.04108032403776481
584 0.04108031570171269
585 0.04108030740893543
586 0.04108029910798325
587 0.04108029086431347
588 0.04108028260943292
589 0.04108027443689505
590 0.04108026629908138
591 0.04108025821298498
592 0.0410802501098777
593 0.04108024205989508
594 0.04108023392177922
595 0.04108022583624533
596 0.04108021771386962
597 0.04108020962860516
598 0.0410802014356102
599 0.04108019327882292
600 0.04108018507815214
601 0.04108017693017661
602 0.0410801687842625
603 0.04108016069938037
604 0.04108015263363233
605 0.0410801446345004
606 0.0410801366406091
607 0.04108012869946113
608 0.04108012075276896
609 0.04108011285135413
610 0.04108010492706488
611 0.04108009704380814
612 0.04108008912692231
613 0.04108008124881481
614 0.04108007331179172
615 0.0410800654235338
616 0.04108005749884699
617 0.04108004961887637
618 0.04108004170925996
619 0.04108003385465765
620 0.04108002599727511
621 0.04108001819670017
622 0.04108001039689398
623 0.04108000265070006
624 0.04107999492958935
625 0.04107998725866959
626 0.04107997958485332
627 0.04107997195283539
628 0.04107996430242403
629 0.04107995668620185
630 0.04107994903334564
631 0.0410799414105945
632 0.04107993374665012
633 0.04107992613162505
634 0.0410799184651708
635 0.04107991082945653
636 0.04107990316249129
637 0.04107989553420257
638 0.0410798878900908
639 0.04107988028978402
640 0.04107987267463949
641 0.04107986510801648
642 0.04107985753227938
643 0.04107985000222039
644 0.04107984246225124
645 0.0410798349681581
646 0.04107982745286261
647 0.041079819982127
648 0.04107981249328511
649 0.04107980506147299
650 0.04107979761750792
651 0.04107979021551337
652 0.04107978279657394
653 0.04107977542614636
654 0.0410797680254032
655 0.04107976065694377
656 0.04107975327052912
657 0.04107974591750412
658 0.04107973855250218
659 0.04107973122400775
660 0.04107972388434374
661 0.04107971659233468
662 0.04107970930361972
663 0.04107970204752431
664 0.0410796947763474
665 0.04107968753067234
666 0.04107968025313543
667 0.0410796730094611
668 0.0410796657441063
669 0.04107965851014978
670 0.0410796512567695
671 0.0410796440384482
672 0.04107963674807684
673 0.04107962949241009
674 0.04107962222286036
675 0.04107961499864955
676 0.04107960779085929
677 0.04107960066068521
678 0.04107959359183851
679 0.04107958657164591
680 0.04107957955917158
681 0.04107957258119212
682 0.0410795655680356
683 0.04107955858287203
684 0.04107955155068534
685 0.04107954454209674
686 0.04107953747415037
687 0.04107953043836436
688 0.04107952337598418
689 0.04107951634712986
690 0.04107950930722414
691 0.04107950230461339
692 0.04107949530110735
693 0.04107948833138624
694 0.04107948136048388
695 0.04107947442786653
696 0.04107946749952453
697 0.04107946060488754
698 0.04107945370379369
699 0.04107944683608625
700 0.0410794399640496
701 0.04107943311783537
702 0.0410794262579131
703 0.04107941942435943
704 0.04107941257127557
705 0.04107940574506695
706 0.04107939890188304
707 0.0410793920866598
708 0.0410793852616116
709 0.04107937846420764
710 0.0410793716590671
711 0.04107936488340331
712 0.04107935807152482
713 0.04107935128849618
714 0.0410793444948252
715 0.0410793377348402
716 0.04107933097658507
717 0.04107932425094668
718 0.04107931752672016
719 0.04107931083713205
720 0.04107930415678186
721 0.04107929751061945
722 0.04107929085896118
723 0.04107928423842896
724 0.04107927760213739
725 0.04107927099506235
726 0.04107926436641168
727 0.04107925776736877
728 0.04107925114788693
729 0.04107924455826255
730 0.0410792379515594
731 0.04107923137465441
732 0.04107922478625167
733 0.04107921823072735
734 0.04107921166773751
735 0.04107920513725631
736 0.04107919859547662
737 0.04107919208783704
738 0.04107918557577964
739 0.04107917909826338
740 0.04107917261108728
741 0.04107916615665406
742 0.04107915968858761
743 0.04107915325203253
744 0.04107914679866434
745 0.04107914037592624
746 0.04107913393659753
747 0.04107912752725713
748 0.04107912110159739
749 0.04107911470648845
750 0.04107910829542762
751 0.04107910191394257
752 0.04107909552167049
753 0.04107908916009811
754 0.04107908278984695
755 0.04107907645085346
756 0.04107907010372361
757 0.04107906378758586
758 0.0410790574678772
759 0.04107905117562807
760 0.04107904487277832
761 0.04107903859783828
762 0.04107903231080924
763 0.04107902605272035
764 0.04107901978129885
765 0.04107901353712118
766 0.04107900727818952
767 0.04107900104770357
768 0.04107899480617073
769 0.04107898859362876
770 0.04107898237157279
771 0.04107897617811845
772 0.04107896997467252
773 0.04107896380012458
774 0.04107895761683334
775 0.04107895146214447
776 0.04107894529800801
777 0.0410789391617612
778 0.04107893301535123
779 0.04107892689507667
780 0.04107892076659499
781 0.04107891466269589
782 0.04107890854947281
783 0.04107890246058587
784 0.04107889636279865
785 0.04107889028979261
786 0.04107888419750263
787 0.04107887813235283
788 0.04107887206790193
789 0.04107886602805951
790 0.04107885998957507
791 0.04107885397526233
792 0.04107884795968846
793 0.0410788419662405
794 0.04107883594760942
795 0.04107882994695487
796 0.04107882394529666
797 0.04107881796612672
798 0.04107881198641538
799 0.04107880603021919
800 0.04107880007832442
801 0.04107879414948937
802 0.04107878823636942
803 0.04107878230472187
804 0.04107877639627192
805 0.04107877050215263
806 0.04107876458667664
807 0.04107875869505559
808 0.0410787528187851
809 0.04107874692644394
810 0.04107874106469508
811 0.04107873522493549
812 0.04107872937301582
813 0.04107872354372145
814 0.04107871773046352
815 0.04107871189201857
816 0.04107870607375461
817 0.04107870026839702
818 0.04107869443710496
819 0.04107868862656573
820 0.04107868280638846
821 0.04107867700699794
822 0.04107867120491644
823 0.04107866542534356
824 0.04107865962632875
825 0.04107865384836647
826 0.04107864805839628
827 0.04107864229167316
828 0.04107863652577026
829 0.04107863078518985
830 0.04107862505353371
831 0.04107861935166305
832 0.04107861366247106
833 0.04107860799455312
834 0.04107860232324047
835 0.04107859667990725
836 0.04107859102303235
837 0.04107858538986031
838 0.04107857975523323
839 0.04107857413740509
840 0.04107856851915791
841 0.04107856291810237
842 0.04107855727565982
843 0.04107855164123341
844 0.04107854597433178
845 0.0410785403245754
846 0.04107853466529387
847 0.04107852902945092
848 0.04107852340492645
849 0.04107851780581934
850 0.04107851222443049
851 0.04107850666743271
852 0.0410785011247246
853 0.04107849560372914
854 0.04107849008632866
855 0.04107848458775085
856 0.04107847908267277
857 0.04107847359435412
858 0.04107846809370473
859 0.04107846260943195
860 0.04107845710805668
861 0.04107845162231891
862 0.04107844612918509
863 0.04107844065228012
864 0.0410784351692146
865 0.04107842970496171
866 0.04107842424076505
867 0.04107841879508758
868 0.04107841334922731
869 0.04107840792142516
870 0.04107840248919356
871 0.04107839707531085
872 0.04107839165743236
873 0.04107838625761091
874 0.04107838085584514
875 0.04107837547275532
876 0.04107837008546115
877 0.04107836471648287
878 0.04107835934241572
879 0.04107835399453458
880 0.04107834865215518
881 0.04107834332957723
882 0.04107833799543872
883 0.0410783326768066
884 0.04107832734537424
885 0.04107832203020042
886 0.04107831670516537
887 0.04107831139730778
888 0.04107830608575567
889 0.04107830079234629
890 0.04107829549647782
891 0.04107829021660144
892 0.04107828493128728
893 0.0410782796613047
894 0.0410782743781239
895 0.0410782691096935
896 0.04107826384742501
897 0.04107825860291404
898 0.0410782533568668
899 0.04107824812689783
900 0.04107824290922694
901 0.04107823770956272
902 0.04107823250575703
903 0.04107822731671475
904 0.04107822212863899
905 0.04107821695439387
906 0.04107821176902759
907 0.04107820659673035
908 0.04107820141225509
909 0.04107819624076703
910 0.0410781910492939
911 0.04107818587174244
912 0.04107818068258572
913 0.04107817550937113
914 0.04107817033519843
915 0.04107816517920494
916 0.04107816002960336
917 0.04107815489975415
918 0.0410781497787447
919 0.04107814467572451
920 0.04107813957735103
921 0.04107813449505672
922 0.04107812941085603
923 0.04107812434091765
924 0.0410781192602438
925 0.04107811419262812
926 0.04107810911396322
927 0.04107810404864374
928 0.04107809897488852
929 0.04107809391549685
930 0.04107808885129053
931 0.0410780838025994
932 0.04107807875231453
933 0.04107807371832693
934 0.04107806868420778
935 0.04107806366672645
936 0.04107805864880728
937 0.04107805364690206
938 0.04107804864298824
939 0.04107804365461041
940 0.04107803866225752
941 0.04107803368478593
942 0.04107802870165224
943 0.04107802373326266
944 0.0410780187564829
945 0.04107801379435538
946 0.04107800882585629
947 0.04107800387263215
948 0.04107799891578411
949 0.04107799398032493
950 0.04107798905175952
951 0.04107798413907205
952 0.04107797922674708
953 0.04107797432830176
954 0.04107796942573091
955 0.0410779645357533
956 0.04107795963746692
957 0.04107795475154807
958 0.04107794985702287
959 0.04107794497462613
960 0.04107794008282755
961 0.04107793520391625
962 0.04107793031740666
963 0.04107792544527328
964 0.04107792057528726
965 0.04107791571457297
966 0.04107791084540495
967 0.04107790598970914
968 0.04107790113078153
969 0.04107789628610933
970 0.0410778914430986
971 0.04107788661565294
972 0.04107788179891963
973 0.04107787699840745
974 0.04107787220178286
975 0.04107786741929351
976 0.04107786263436013
977 0.04107785786226903
978 0.04107785308447401
979 0.04107784831856379
980 0.0410778435443414
981 0.04107783878236828
982 0.04107783401307319
983 0.04107782925651265
984 0.04107782449458915
985 0.04107781974562542
986 0.04107781498679288
987 0.04107781024126261
988 0.04107780549173633
989 0.04107780075661556
990 0.04107779602086236
991 0.04107779130004613
992 0.04107778658401606
993 0.04107778188299943
994 0.04107777718365918
995 0.04107777249811539
996 0.04107776780662188
997 0.04107776313026686
998 0.04107775845317957
999 0.04107775378871724
1000 0.04107774912024086
1001 0.04107774446432413
1002 0.04107773980536246
1003 0.04107773515761558
1004 0.04107773050454656
1005 0.04107772586221476
1006 0.0410777212143028
1007 0.04107771657702403
1008 0.04107771192521711
1009 0.04107770728431957
1010 0.04107770264221336
1011 0.04107769801361119
1012 0.04107769338808247
1013 0.04107768877556794
1014 0.04107768416668864
1015 0.04107767957021017
1016 0.04107767497553893
1017 0.04107767039255147
1018 0.04107766580893087
1019 0.0410776612364815
1020 0.04107765666920125
1021 0.04107765211024306
1022 0.04107764754526719
1023 0.04107764299084451
1024 0.04107763843263436
1025 0.04107763388512475
1026 0.04107762933479731
1027 0.04107762479546443
1028 0.04107762025429801
1029 0.04107761572421363
1030 0.04107761119317813
1031 0.04107760667211733
1032 0.04107760214805364
1033 0.04107759763866418
1034 0.04107759312702743
1035 0.04107758862588518
1036 0.04107758412793469
1037 0.04107757963913055
1038 0.04107757514550407
1039 0.04107757066256145
1040 0.04107756617674831
1041 0.04107756170201812
1042 0.04107755722549782
1043 0.0410775527601835
1044 0.04107754829346334
1045 0.04107754383774586
1046 0.04107753938053157
1047 0.04107753493416645
1048 0.04107753048624734
1049 0.04107752604904494
1050 0.04107752161062436
1051 0.04107751718294157
1052 0.04107751275370235
1053 0.04107750833481306
1054 0.04107750391674445
1055 0.04107749950879083
1056 0.04107749509827126
1057 0.04107749069705761
1058 0.04107748629177598
1059 0.0410774818956734
1060 0.04107747749739634
1061 0.04107747310882754
1062 0.04107746872010715
1063 0.04107746434095366
1064 0.04107745996255543
1065 0.04107745559313165
1066 0.04107745122337389
1067 0.0410774468620626
1068 0.04107744249914765
1069 0.04107743814496073
1070 0.04107743378934513
1071 0.04107742944271247
1072 0.04107742509484424
1073 0.04107742075639254
1074 0.04107741641654534
1075 0.04107741208622522
1076 0.04107740775468246
1077 0.04107740343265973
1078 0.04107739910969885
1079 0.04107739479636102
1080 0.04107739048130356
1081 0.04107738617566516
1082 0.0410773818678258
1083 0.04107737756959989
1084 0.04107737326995417
1085 0.04107736898001302
1086 0.04107736468930679
1087 0.04107736040811315
1088 0.04107735612625555
1089 0.041077351853847
1090 0.04107734758164741
1091 0.04107734331873666
1092 0.04107733904331071
1093 0.04107733477621708
1094 0.04107733050547045
1095 0.04107732624448666
1096 0.04107732198427633
1097 0.04107731773467536
1098 0.04107731348733776
1099 0.041077309250349
1100 0.04107730501535051
1101 0.04107730079025391
1102 0.04107729656552867
1103 0.0410772923500974
1104 0.04107728813344006
1105 0.0410772839257099
1106 0.04107727971488614
1107 0.04107727551268477
1108 0.04107727130832825
1109 0.04107726711305264
1110 0.04107726291462787
1111 0.04107725872525489
1112 0.04107725453258722
1113 0.0410772503487922
1114 0.04107724616235161
1115 0.04107724198555575
1116 0.04107723781224071
1117 0.04107723364905033
1118 0.04107722948233403
1119 0.04107722532484872
1120 0.0410772211633561
1121 0.04107721701062717
1122 0.04107721285353531
1123 0.04107720870548598
1124 0.04107720455377235
1125 0.04107720041142883
1126 0.04107719626679947
1127 0.0410771921317085
1128 0.04107718799538405
1129 0.04107718386840105
1130 0.04107717974014143
1131 0.04107717562182816
1132 0.04107717150231416
1133 0.04107716739280086
1134 0.04107716328132646
1135 0.04107715917934921
1136 0.04107715507457105
1137 0.04107715097895928
1138 0.04107714688039825
1139 0.04107714279097989
1140 0.04107713869912383
1141 0.04107713461649184
1142 0.04107713053187691
1143 0.04107712645635496
1144 0.0410771223792148
1145 0.04107711831093386
1146 0.0410771142412258
1147 0.04107711018036564
1148 0.04107710611818004
1149 0.04107710206459314
1150 0.04107709800920273
1151 0.04107709396216047
1152 0.04107708991133525
1153 0.04107708587327571
1154 0.04107708183709937
1155 0.0410770778076654
1156 0.04107707376834513
1157 0.04107706974141203
1158 0.04107706571364051
1159 0.04107706169205518
1160 0.04107705766091301
1161 0.04107705364280729
1162 0.04107704963107246
1163 0.04107704562763158
1164 0.04107704161992494
1165 0.0410770376246533
1166 0.04107703363135029
1167 0.04107702964469177
1168 0.04107702564492682
1169 0.04107702165752772
1170 0.04107701767053627
1171 0.04107701369006478
1172 0.04107700969858374
1173 0.04107700571957554
1174 0.04107700174254152
1175 0.04107699777287014
1176 0.04107699379686477
1177 0.04107698983316845
1178 0.04107698587240831
1179 0.04107698191910435
1180 0.04107697795921931
1181 0.04107697401108656
1182 0.04107697006122465
1183 0.04107696611722794
1184 0.0410769621645571
1185 0.04107695822327754
1186 0.04107695428250439
1187 0.04107695034859914
1188 0.04107694641084957
1189 0.04107694248478104
1190 0.04107693856105461
1191 0.04107693464410984
1192 0.04107693072181238
1193 0.04107692681061744
1194 0.04107692290006563
1195 0.04107691899511388
1196 0.04107691508115789
1197 0.04107691117870538
1198 0.04107690727742115
1199 0.04107690338208857
1200 0.04107689947987402
1201 0.04107689558895672
1202 0.04107689169992721
1203 0.04107688781691116
1204 0.04107688392815829
1205 0.0410768800503846
1206 0.04107687617476809
1207 0.0410768723052124
1208 0.04107686842939671
1209 0.041076864564332
1210 0.04107686070051821
1211 0.04107685684226436
1212 0.04107685297733351
1213 0.04107684912321695
1214 0.04107684526999558
1215 0.04107684142268694
1216 0.04107683756999501
1217 0.04107683372753204
1218 0.0410768298860601
1219 0.04107682605038303
1220 0.0410768222090098
1221 0.04107681837796536
1222 0.04107681454796435
1223 0.04107681072153356
1224 0.04107680690120598
1225 0.04107680307429568
1226 0.04107679925778766
1227 0.04107679544077094
1228 0.0410767916268316
1229 0.041076787818699
1230 0.04107678400617259
1231 0.0410767802034095
1232 0.04107677640045409
1233 0.04107677260046839
1234 0.04107676880650817
1235 0.04107676500737274
1236 0.0410767612183066
1237 0.04107675742896556
1238 0.04107675364337353
1239 0.04107674986384616
1240 0.04107674607920827
1241 0.04107674230453658
1242 0.04107673852884655
1243 0.04107673475672669
1244 0.0410767309906053
1245 0.04107672721916945
1246 0.0410767234576055
1247 0.04107671969479061
1248 0.04107671593538601
1249 0.04107671218234193
1250 0.041076708425992
1251 0.04107670467856907
1252 0.04107670092776034
1253 0.04107669718000194
1254 0.04107669343809293
1255 0.04107668969420038
1256 0.0410766859597763
1257 0.04107668222463377
1258 0.04107667849395703
1259 0.04107667476893614
1260 0.04107667104087905
1261 0.04107666732195971
1262 0.04107666360165693
1263 0.04107665988386344
1264 0.04107665617099698
1265 0.04107665245371841
1266 0.04107664874564161
1267 0.04107664503656611
1268 0.0410766413312101
1269 0.04107663763093761
1270 0.04107663392703589
1271 0.04107663023216276
1272 0.04107662653466039
1273 0.04107662284015132
1274 0.04107661915108221
1275 0.04107661545773712
1276 0.04107661177363985
1277 0.04107660808800773
1278 0.04107660440653815
1279 0.04107660073047584
1280 0.0410765970514727
1281 0.041076593381557
1282 0.0410765897102392
1283 0.04107658604293372
1284 0.041076582380212
1285 0.04107657872080169
1286 0.04107657506381408
1287 0.04107657140878696
1288 0.04107656775545097
1289 0.04107656410358768
1290 0.04107656045338458
1291 0.04107655680491062
1292 0.04107655315828483
1293 0.04107654951400332
1294 0.04107654587214529
1295 0.04107654223294763
1296 0.04107653859616352
1297 0.04107653496177566
1298 0.04107653133001119
1299 0.0410765277009335
1300 0.04107652407457305
1301 0.04107652045061098
1302 0.04107651682887746
1303 0.0410765132093102
1304 0.041076509592076
1305 0.04107650597726498
1306 0.04107650236480481
1307 0.04107649875480924
1308 0.04107649514709305
1309 0.04107649154167652
1310 0.04107648793883876
1311 0.0410764843390175
1312 0.04107648074192061
1313 0.04107647714737787
1314 0.04107647355527062
1315 0.04107646996580866
1316 0.04107646637850185
1317 0.04107646279324631
1318 0.0410764592108311
1319 0.04107645563047764
1320 0.04107645205197414
1321 0.04107644847516176
1322 0.04107644489899029
1323 0.04107644132446578
1324 0.04107643775226447
1325 0.04107643418228466
1326 0.04107643061488904
1327 0.04107642705029567
1328 0.04107642348841835
1329 0.04107641992916638
1330 0.04107641637252087
1331 0.04107641281852486
1332 0.04107640926702656
1333 0.04107640571790224
1334 0.04107640217064207
1335 0.04107639862533027
1336 0.04107639508130054
1337 0.04107639153868251
1338 0.04107638799760645
1339 0.04107638445866805
1340 0.04107638092177415
1341 0.04107637738717542
1342 0.04107637385505182
1343 0.04107637032543806
1344 0.04107636679831494
1345 0.04107636327347895
1346 0.04107635975037023
1347 0.04107635622869017
1348 0.04107635270882418
1349 0.04107634919088124
1350 0.04107634567488716
1351 0.04107634216084848
1352 0.04107633864843316
1353 0.04107633513708973
1354 0.04107633162717943
1355 0.04107632811922
1356 0.0410763246134224
1357 0.04107632111005579
1358 0.04107631760927749
1359 0.04107631411108151
1360 0.04107631061505372
1361 0.0410763071209393
1362 0.0410763036286738
1363 0.04107630013817416
1364 0.04107629664934103
1365 0.04107629316171701
1366 0.04107628967550975
1367 0.04107628619104833
1368 0.04107628270870583
1369 0.0410762792287467
1370 0.04107627575123673
1371 0.04107627227606456
1372 0.04107626880334882
1373 0.04107626533285931
1374 0.04107626186437197
1375 0.0410762583978317
1376 0.0410762549330789
1377 0.04107625147013688
1378 0.0410762480088754
1379 0.0410762445493942
1380 0.04107624109169711
1381 0.04107623763589152
1382 0.04107623418200375
1383 0.04107623073027353
1384 0.04107622728070937
1385 0.04107622383327174
1386 0.04107622038781303
1387 0.04107621694439885
1388 0.04107621350235953
1389 0.04107621006197944
1390 0.04107620662339224
1391 0.04107620318674692
1392 0.04107619975209483
1393 0.04107619632026793
1394 0.04107619289075314
1395 0.04107618946328451
1396 0.04107618603744174
1397 0.04107618261301182
1398 0.04107617918976587
1399 0.04107617576792451
1400 0.04107617234749046
1401 0.04107616892845238
1402 0.04107616551067134
1403 0.04107616209433228
1404 0.04107615867977017
1405 0.04107615526751899
1406 0.04107615185789874
1407 0.04107614845084488
1408 0.04107614504602716
1409 0.04107614164340644
1410 0.04107613824262814
1411 0.04107613484371684
1412 0.04107613144656289
1413 0.04107612805116237
1414 0.04107612465745226
1415 0.04107612126566751
1416 0.04107611787582057
1417 0.04107611448796882
1418 0.04107611110175831
1419 0.04107610771677497
1420 0.04107610433266507
1421 0.04107610095026742
1422 0.04107609757015571
1423 0.04107609419132422
1424 0.04107609081444043
1425 0.04107608743958824
1426 0.04107608406667394
1427 0.04107608069582624
1428 0.04107607732844817
1429 0.04107607396349568
1430 0.04107607060051863
1431 0.04107606723915735
1432 0.04107606387917322
1433 0.04107606052022029
1434 0.04107605716191729
1435 0.04107605380483296
1436 0.04107605044995753
1437 0.04107604709675038
1438 0.04107604374534197
1439 0.04107604039582576
1440 0.04107603704803179
1441 0.04107603370182373
1442 0.04107603035710971
1443 0.0410760270138884
1444 0.04107602367218529
1445 0.04107602033160279
1446 0.04107601699242068
1447 0.04107601365461017
1448 0.04107601031825711
1449 0.04107600698321439
1450 0.04107600364942093
1451 0.04107600031711123
1452 0.04107599698656014
1453 0.04107599365772981
1454 0.04107599033071471
1455 0.04107598700569427
1456 0.04107598368245685
1457 0.0410759803607683
1458 0.0410759770404782
1459 0.04107597372180245
1460 0.04107597040469152
1461 0.0410759670891904
1462 0.04107596377417362
1463 0.04107596046029432
1464 0.04107595714797939
1465 0.04107595383731094
1466 0.04107595052845104
1467 0.04107594722137439
1468 0.04107594391709642
1469 0.04107594061469245
1470 0.0410759373138275
1471 0.04107593401433718
1472 0.04107593071619588
1473 0.04107592741946575
1474 0.04107592412285792
1475 0.04107592082749711
1476 0.04107591753374638
1477 0.04107591424152938
1478 0.04107591095074711
1479 0.04107590766139459
1480 0.04107590437336182
1481 0.04107590108685059
1482 0.04107589780193899
1483 0.04107589451859253
1484 0.04107589123691974
1485 0.04107588795685441
1486 0.04107588467836707
1487 0.04107588140140343
1488 0.04107587812579398
1489 0.04107587485153005
1490 0.04107587157865263
1491 0.04107586830729033
1492 0.04107586503745157
1493 0.04107586176912084
1494 0.04107585850241219
1495 0.0410758552369885
1496 0.04107585197292374
1497 0.04107584871012529
1498 0.0410758454486741
1499 0.04107584218851588
1500 0.04107583892982185
1501 0.0410758356736519
1502 0.04107583241784091
1503 0.04107582916440033
1504 0.04107582591261131
1505 0.04107582266213974
1506 0.04107581941286511
1507 0.04107581616460664
1508 0.04107581291733917
1509 0.04107580967095537
1510 0.0410758064255651
1511 0.04107580318129685
1512 0.04107579993827516
1513 0.04107579669661247
1514 0.04107579345646539
1515 0.04107579021782304
1516 0.04107578698182098
1517 0.04107578374753917
1518 0.04107578051476925
1519 0.041075777283236
1520 0.04107577405263566
1521 0.04107577082286327
1522 0.04107576759389413
1523 0.04107576436584395
1524 0.04107576113880473
1525 0.04107575791290207
1526 0.04107575468827372
1527 0.04107575146342247
1528 0.04107574823912332
1529 0.04107574501600644
1530 0.04107574179460846
1531 0.04107573857530256
1532 0.04107573535795758
1533 0.04107573214264983
1534 0.04107572892936022
1535 0.04107572571776394
1536 0.04107572250898112
1537 0.04107571930330705
1538 0.04107571609612205
1539 0.04107571289051142
1540 0.04107570968704549
1541 0.04107570647740774
1542 0.04107570327202852
1543 0.04107570006453458
1544 0.0410756968612328
1545 0.04107569365778099
1546 0.04107569045860755
1547 0.04107568725981176
1548 0.04107568406525244
1549 0.04107568087075673
1550 0.04107567768021361
1551 0.04107567448777678
1552 0.04107567129932001
1553 0.04107566810817431
1554 0.0410756649209853
1555 0.04107566173122993
1556 0.04107565854552132
1557 0.04107565535794151
1558 0.04107565217446417
1559 0.04107564898944462
1560 0.04107564580870445
1561 0.04107564262724137
1562 0.04107563944987584
1563 0.04107563627130652
1564 0.04107563309672518
1565 0.04107562992018886
1566 0.04107562674763679
1567 0.041075623572728
1568 0.04107562040179003
1569 0.04107561722871918
1570 0.0410756140596368
1571 0.04107561088888022
1572 0.04107560772211175
1573 0.04107560455398304
1574 0.0410756013897778
1575 0.0410755982241803
1576 0.04107559506250385
1577 0.04107559189927523
1578 0.04107558873991654
1579 0.04107558557888119
1580 0.04107558242172817
1581 0.04107557926289181
1582 0.04107557610788775
1583 0.04107557295114926
1584 0.04107556979823909
1585 0.04107556664371515
1586 0.04107556349300923
1587 0.04107556034038835
1588 0.04107555719131819
1589 0.04107555404075865
1590 0.04107555089376983
1591 0.04107554774558819
1592 0.04107554460099325
1593 0.04107554145545791
1594 0.04107553831346131
1595 0.04107553517047589
1596 0.04107553203097689
1597 0.04107552889022345
1598 0.04107552575287787
1599 0.04107552261478493
1600 0.04107551947888278
1601 0.04107551634331625
1602 0.04107551320808681
1603 0.04107551007362685
1604 0.04107550694020841
1605 0.04107550380794706
1606 0.04107550067692813
1607 0.04107549754713127
1608 0.04107549441841077
1609 0.0410754912918927
1610 0.04107548816779357
1611 0.04107548504234295
1612 0.04107548191944255
1613 0.04107547879882503
1614 0.04107547567633309
1615 0.04107547255549743
1616 0.04107546943683878
1617 0.04107546631605007
1618 0.04107546319718301
1619 0.04107546008055813
1620 0.0410754569622721
1621 0.04107545384661668
1622 0.04107545073321207
1623 0.04107544761834557
1624 0.04107544450621187
1625 0.04107544139626305
1626 0.04107543828468967
1627 0.04107543517473249
1628 0.04107543206687801
1629 0.04107542895983921
1630 0.04107542585633481
1631 0.0410754227550035
1632 0.04107541965127462
1633 0.04107541654886954
1634 0.04107541344876127
1635 0.04107541034624115
1636 0.04107540724510234
1637 0.04107540414638511
1638 0.04107540104573069
1639 0.0410753979473449
1640 0.0410753948514072
1641 0.04107539175389689
1642 0.04107538865899286
1643 0.04107538556646085
1644 0.04107538247234819
1645 0.04107537938061992
1646 0.04107537629073187
1647 0.04107537319854229
1648 0.04107537010843168
1649 0.04107536702039789
1650 0.04107536393085209
1651 0.04107536084411813
1652 0.04107535775942248
1653 0.04107535467348099
1654 0.04107535159008079
1655 0.04107534850858405
1656 0.04107534542562725
1657 0.04107534234550241
1658 0.04107533926717789
1659 0.04107533618705547
1660 0.04107533310990708
1661 0.04107533003462599
1662 0.0410753269577417
1663 0.04107532388331449
1664 0.04107532081071556
1665 0.04107531773620248
1666 0.04107531466391404
1667 0.04107531159347157
1668 0.04107530852123147
1669 0.04107530545140219
1670 0.04107530238344558
1671 0.04107529931380693
1672 0.04107529624677186
1673 0.04107529318160198
1674 0.04107529011483093
1675 0.04107528705059467
1676 0.04107528398817906
1677 0.04107528092407626
1678 0.04107527786239262
1679 0.04107527480249942
1680 0.04107527174091627
1681 0.04107526868191375
1682 0.04107526562470718
1683 0.04107526256575429
1684 0.04107525950926143
1685 0.04107525645456794
1686 0.04107525339820198
1687 0.0410752503429426
1688 0.0410752472896409
1689 0.04107524423502085
1690 0.0410752411825898
1691 0.04107523813207007
1692 0.04107523508018535
1693 0.04107523203080841
1694 0.0410752289832487
1695 0.04107522593428628
1696 0.04107522288793575
1697 0.04107521984337967
1698 0.04107521679604658
1699 0.04107521375179456
1700 0.04107521070625174
1701 0.04107520766372561
1702 0.04107520462045805
1703 0.04107520158045812
1704 0.04107519854055256
1705 0.04107519550352985
1706 0.04107519246550012
1707 0.04107518943028177
1708 0.0410751863932277
1709 0.04107518335890967
1710 0.04107518032243217
1711 0.04107517728872364
1712 0.04107517425317395
1713 0.04107517122046127
1714 0.04107516818623238
1715 0.04107516515492775
1716 0.04107516212266189
1717 0.04107515909330025
1718 0.04107515606310879
1719 0.04107515303563632
1720 0.04107515000694508
1721 0.04107514698101741
1722 0.0410751439538919
1723 0.04107514092967762
1724 0.0410751379045927
1725 0.04107513488224562
1726 0.04107513185933988
1727 0.04107512883909199
1728 0.04107512582034995
1729 0.04107512279967172
1730 0.04107511978029003
1731 0.0410751167624115
1732 0.04107511374175291
1733 0.04107511072261057
1734 0.04107510770510171
1735 0.04107510468559786
1736 0.04107510166919945
1737 0.04107509865423568
1738 0.04107509563796424
1739 0.04107509262512586
1740 0.04107508961357804
1741 0.04107508660050308
1742 0.04107508359024126
1743 0.04107508058121013
1744 0.0410750775703709
1745 0.04107507456174504
1746 0.0410750715546051
1747 0.04107506854558359
1748 0.04107506553908608
1749 0.04107506253391326
1750 0.0410750595269392
1751 0.04107505652234114
1752 0.04107505351813161
1753 0.04107505051408563
1754 0.04107504751110076
1755 0.04107504450875465
1756 0.04107504150742408
1757 0.04107503850671197
1758 0.04107503550584213
1759 0.04107503250537859
1760 0.04107502950463424
1761 0.04107502650506922
1762 0.04107502350622672
1763 0.04107502050885029
1764 0.04107501751233851
1765 0.04107501451721941
1766 0.04107501152264779
1767 0.04107500852910249
1768 0.04107500553613948
1769 0.04107500254421455
1770 0.04107499955305281
1771 0.04107499656228592
1772 0.04107499357109192
1773 0.04107499058013218
1774 0.04107498758938502
1775 0.04107498459963038
1776 0.04107498161042609
1777 0.04107497862183071
1778 0.04107497563389981
1779 0.04107497264732864
1780 0.04107496966162152
1781 0.04107496667646195
1782 0.04107496369179525
1783 0.04107496070821309
1784 0.04107495772550521
1785 0.04107495474282899
1786 0.04107495176053048
1787 0.04107494877785082
1788 0.04107494579617499
1789 0.04107494281475261
1790 0.04107493983452437
1791 0.04107493685486567
1792 0.04107493387649679
1793 0.04107493089853424
1794 0.04107492792176385
1795 0.04107492494515076
1796 0.04107492196956845
1797 0.04107491899389829
1798 0.0410749160192562
1799 0.04107491304452549
1800 0.04107491007082102
1801 0.04107490709712665
1802 0.04107490412453563
1803 0.04107490115207913
1804 0.04107489818138236
1805 0.0410748952110947
1806 0.04107489224193812
1807 0.04107488927257328
1808 0.04107488630417747
1809 0.04107488333541315
1810 0.04107488036826486
1811 0.04107487740138419
1812 0.04107487443566057
1813 0.04107487146979617
1814 0.04107486850496219
1815 0.04107486554009863
1816 0.04107486257594425
1817 0.0410748596120276
1818 0.04107485664789753
1819 0.04107485368436698
1820 0.04107485072038926
1821 0.04107484775762933
1822 0.04107484479503327
1823 0.04107484183388729
1824 0.0410748388731722
1825 0.04107483591385958
1826 0.04107483295481045
1827 0.04107482999698883
1828 0.0410748270391074
1829 0.04107482408229712
1830 0.04107482112524136
1831 0.04107481816922207
1832 0.0410748152129572
1833 0.04107481225777343
1834 0.04107480930244267
1835 0.04107480634824708
1836 0.04107480339391789
1837 0.04107480044075774
1838 0.04107479748755467
1839 0.04107479453552484
1840 0.04107479158342901
1841 0.04107478863250462
1842 0.04107478568154405
1843 0.04107478273160037
1844 0.04107477978172511
1845 0.04107477683283825
1846 0.04107477388390986
1847 0.0410747709359363
1848 0.0410747679879927
1849 0.04107476504101951
1850 0.04107476209412728
1851 0.04107475914821158
1852 0.04107475620237903
1853 0.04107475325750146
1854 0.04107475031279784
1855 0.04107474736909907
1856 0.04107474442541929
1857 0.04107474148266262
1858 0.04107473853979736
1859 0.04107473559782222
1860 0.04107473265575923
1861 0.04107472971464198
1862 0.04107472677355917
1863 0.04107472383342788
1864 0.04107472089337036
1865 0.04107471795429377
1866 0.04107471501529918
1867 0.04107471207726421
1868 0.04107470913927663
1869 0.04107470620221713
1870 0.04107470326515363
1871 0.04107470032899124
1872 0.04107469739280436
1873 0.04107469445752109
1874 0.04107469152223226
1875 0.0410746885878549
1876 0.04107468565347842
1877 0.04107468272002257
1878 0.04107467978657948
1879 0.04107467685405451
1880 0.0410746739215349
1881 0.04107467098993439
1882 0.04107466805832539
1883 0.04107466512762259
1884 0.04107466219690466
1885 0.04107465926709422
1886 0.04107465633726747
1887 0.0410746534083325
1888 0.04107465047938158
1889 0.0410746475513264
1890 0.04107464462326843
1891 0.04107464169563607
1892 0.04107463876773997
1893 0.0410746358407504
1894 0.04107463291393101
1895 0.04107462998810138
1896 0.04107462706256944
1897 0.04107462413801496
1898 0.04107462121365579
1899 0.04107461829015435
1900 0.04107461536667018
1901 0.04107461244397768
1902 0.04107460952121225
1903 0.04107460659921976
1904 0.04107460367717191
1905 0.04107460075592169
1906 0.04107459783466653
1907 0.041074594914216
1908 0.04107459199380248
1909 0.04107458907421715
1910 0.04107458615468251
1911 0.04107458323597368
1912 0.04107458031731463
1913 0.04107457739948387
1914 0.04107457448189787
1915 0.04107457156514845
1916 0.04107456864892143
1917 0.04107456573278034
1918 0.04107456281690855
1919 0.04107455990103558
1920 0.04107455698589492
1921 0.04107455407061016
1922 0.04107455115616745
1923 0.04107454824174842
1924 0.04107454532821786
1925 0.04107454241475301
1926 0.04107453950214918
1927 0.04107453658953614
1928 0.04107453367772762
1929 0.04107453076593331
1930 0.04107452785489382
1931 0.04107452494377434
1932 0.04107452203338193
1933 0.04107451912278492
1934 0.04107451621300347
1935 0.0410745133032981
1936 0.04107451039436615
1937 0.04107450748599047
1938 0.04107450457803952
1939 0.04107450166996421
1940 0.04107449876249022
1941 0.04107449585551689
1942 0.04107449294887873
1943 0.04107449004257694
1944 0.04107448713654862
1945 0.04107448423084349
1946 0.04107448132541468
1947 0.04107447842033204
1948 0.04107447551556184
1949 0.04107447261117299
1950 0.04107446970712655
1951 0.04107446680348349
1952 0.04107446390020407
1953 0.04107446099733688
1954 0.04107445809482541
1955 0.04107445519270382
1956 0.04107445229090756
1957 0.04107444938947725
1958 0.04107444648835715
1959 0.0410744435874878
1960 0.04107444068688167
1961 0.0410744377866278
1962 0.04107443488664367
1963 0.04107443198708332
1964 0.04107442908790399
1965 0.04107442618916701
1966 0.04107442329078898
1967 0.0410744203928135
1968 0.04107441749515513
1969 0.04107441459786369
1970 0.04107441170086351
1971 0.04107440880421753
1972 0.04107440590785908
1973 0.04107440301185282
1974 0.04107440011613508
1975 0.04107439722068977
1976 0.0410743943255725
1977 0.04107439143079428
1978 0.04107438853637344
1979 0.041074385642295
1980 0.04107438274856548
1981 0.0410743798553777
1982 0.04107437696255978
1983 0.04107437407004948
1984 0.04107437117781049
1985 0.04107436828581788
1986 0.04107436539407321
1987 0.04107436250258518
1988 0.04107435961137095
1989 0.04107435672044128
1990 0.04107435382982551
1991 0.04107435093954149
1992 0.04107434804959283
1993 0.04107434515997893
1994 0.04107434227069733
1995 0.04107433938173249
1996 0.04107433649308853
1997 0.04107433360475522
1998 0.04107433071672748
1999 0.04107432782899047
2000 0.04107432494154501
