"report-file-4"
"Iteration" "report-def-0"
("Iteration" "report-def-0")
1 145.7544446334829
2 145.1871643675138
3 144.6049892374741
4 143.9930968905442
5 143.3711041260056
6 142.7206844767717
7 142.0678283242698
8 141.4054381420589
9 140.741068198111
10 140.0647208494959
11 139.388844013477
12 138.7297466804787
13 138.0679585860378
14 137.4163515727537
15 136.7636152413192
16 136.1164615488414
17 135.4880610300914
18 134.8552359945128
19 134.2227774336596
20 133.5896854013399
21 132.956934898406
22 132.333764429835
23 131.7082692229074
24 131.0830674377877
25 130.4626912370406
26 129.8455082493709
27 129.2347770831698
28 128.6248410977811
29 128.0200649547748
30 127.4205250744321
31 126.8218817155927
32 126.2257139429548
33 125.6366354912492
34 125.0484934694766
35 124.4575523758281
36 123.8742836866938
37 123.2915538352617
38 122.7155920503156
39 122.1420020653583
40 121.5697978502372
41 121.0028307587262
42 120.4377669528605
43 119.8733413767162
44 119.3133121953032
45 118.7569450564779
46 118.2022213655133
47 117.6504025226039
48 117.0989566566928
49 116.5497177421697
50 116.0040413217226
51 115.4618517666419
52 114.925015197622
53 114.3900920748749
54 113.8580795362568
55 113.3257883349938
56 112.7962086979541
57 112.2717658112362
58 111.7518314052135
59 111.2328968773848
60 110.7164276947569
61 110.2005506824972
62 109.6878514398468
63 109.1794954955749
64 108.6728642422296
65 108.1692355079303
66 107.6660344152913
67 107.1677606382263
68 106.6703274460339
69 106.1773145076605
70 105.6860518078182
71 105.1975270974469
72 104.7118590817221
73 104.2279601546963
74 103.7478369651832
75 103.2702014596631
76 102.7944378354132
77 102.3195349980847
78 101.8457365912843
79 101.3762629540153
80 100.9090842061217
81 100.4431269443331
82 99.98034011944938
83 99.52178980615365
84 99.06625117951464
85 98.61172215941028
86 98.16029230456782
87 97.70895799276148
88 97.25918629062679
89 96.81133214013499
90 96.36552426867277
91 95.92182375257998
92 95.47526039215305
93 95.03271644729881
94 94.59689647287698
95 94.16727396668131
96 93.74285079396756
97 93.31658861202769
98 92.88757051534216
99 92.45690794994755
100 92.03431541820747
101 91.6172536579179
102 91.2001475616033
103 90.78377161365711
104 90.36774123351135
105 89.95367205219254
106 89.54320890388961
107 89.13538550886379
108 88.72810310986168
109 88.32279766313896
110 87.92165217692435
111 87.52428247191837
112 87.12578943933482
113 86.7280958216794
114 86.33221277880406
115 85.93873771287296
116 85.54976782635096
117 85.16297863512644
118 84.77542964338525
119 84.38948553674116
120 84.00622586305897
121 83.62442928309694
122 83.24516447710289
123 82.86847176412788
124 82.49325359012023
125 82.11992050006282
126 81.74820588938185
127 81.37907960153879
128 81.01200417495686
129 80.64615555026182
130 80.28264839683395
131 79.92029681019899
132 79.5596646739036
133 79.2009252426999
134 78.84377544542953
135 78.48991580616095
136 78.13867044856087
137 77.78806478468256
138 77.43812806286998
139 77.09007541322867
140 76.74362672507469
141 76.39859085078143
142 76.05448510324064
143 75.71302918038482
144 75.37338089686773
145 75.03550125132513
146 74.70021950386061
147 74.36604044536168
148 74.03367487331023
149 73.70178838204926
150 73.37305706581802
151 73.04568922139697
152 72.72003778065586
153 72.39493032912198
154 72.07256993451234
155 71.75173194573944
156 71.43226679388674
157 71.11615775241999
158 70.79937937543868
159 70.48656422966013
160 70.17064129732425
161 69.85889078889264
162 69.54774659586718
163 69.24090756239313
164 68.93369687481662
165 68.62933988111207
166 68.32554674344777
167 68.02510997054728
168 67.72278687013201
169 67.42586428833538
170 67.12545441516481
171 66.83058136325944
172 66.5338386638547
173 66.23977922814136
174 65.94680378927553
175 65.65114828080111
176 65.36148952611732
177 65.07986285600973
178 64.79175226194315
179 64.50597332429282
180 64.21916953494099
181 63.93440149529952
182 63.65577219397647
183 63.37526785879879
184 63.10429834248595
185 62.82495727605944
186 62.55156841736352
187 62.27953002786672
188 62.01134137243489
189 61.73366066407657
190 61.46989184353365
191 61.19579300343216
192 60.93053374148946
193 60.66490265208198
194 60.39922284549758
195 60.1333073969839
196 59.87122859413667
197 59.60901069419
198 59.34969694700142
199 59.08724464945955
200 58.82882059633651
201 58.568869669486
202 58.32215917037943
203 58.07619423490159
204 57.8233564154454
205 57.56610240237994
206 57.3106200297193
207 57.05990145387332
208 56.8122725743855
209 56.5641444583782
210 56.32249666197251
211 56.07990784186987
212 55.83369872292105
213 55.59352134559757
214 55.35833437174163
215 55.11179630978123
216 54.87712447282122
217 54.63813662170251
218 54.40452523478013
219 54.17131769267462
220 53.94069603295196
221 53.70586500350101
222 53.47440389680539
223 53.24087353392486
224 53.00739819916596
225 52.78330477664508
226 52.56103348274033
227 52.3304203385185
228 52.10702721454893
229 51.88729396061963
230 51.66083781593728
231 51.44121374591833
232 51.22184421970404
233 51.00370856479849
234 50.7818837328896
235 50.56916136622492
236 50.35163365539858
237 50.13791290814952
238 49.92336639100411
239 49.71558757706275
240 49.50263033019967
241 49.29127043692284
242 49.07894951718345
243 48.87023733937135
244 48.66357742022777
245 48.45708392418139
246 48.25123791979556
247 48.04703438642992
248 47.84417184648639
249 47.64272245438661
250 47.44043707334949
251 47.23915193653831
252 47.04022042213865
253 46.84238506721223
254 46.64489813776432
255 46.44797252680746
256 46.25342866526979
257 46.06047074274276
258 45.86983891253116
259 45.67917610277625
260 45.48738024728022
261 45.29527701130465
262 45.10281782800438
263 44.91329035315
264 44.72940095636542
265 44.5504114221189
266 44.36859217808965
267 44.16928697010923
268 43.98681976498782
269 43.79808845344566
270 43.62076281546759
271 43.44601761588942
272 43.2717283370494
273 43.09314114962852
274 42.9168678900599
275 42.74089484509689
276 42.56292246172256
277 42.38544101910777
278 42.21002411516602
279 42.03667609521564
280 41.86573669203376
281 41.69390868911355
282 41.51459748535138
283 41.33458326678583
284 41.15494128005064
285 40.98080013608543
286 40.79853565007821
287 40.62951061788265
288 40.46684600682899
289 40.27787761877358
290 40.11241414713623
291 39.94538503669057
292 39.79048911818895
293 39.63763420975674
294 39.48517436658213
295 39.32278797895697
296 39.15622750306308
297 38.99035624750571
298 38.82540414012544
299 38.66625638164643
300 38.50792722912917
301 38.35247156567218
302 38.19674941387342
303 38.04108600574285
304 37.88412418945607
305 37.72877734668548
306 37.57603048752307
307 37.41032166927587
308 37.25937288337713
309 37.11156059433942
310 36.95005196063927
311 36.80607384536147
312 36.66518416035855
313 36.50820800287306
314 36.36068594765921
315 36.21348295737135
316 36.06692499919246
317 35.92116800875284
318 35.77640729304193
319 35.63226470521452
320 35.48851457139948
321 35.34509676451425
322 35.2024948452782
323 35.06055622016542
324 34.91948723969181
325 34.77917206232422
326 34.63946708258938
327 34.50044099539526
328 34.36198655599652
329 34.2242946150597
330 34.08714876327501
331 33.9505506936406
332 33.81461728036655
333 33.67976803414518
334 33.54534853989203
335 33.41137383991975
336 33.27789015437472
337 33.14515366728661
338 33.01312480092673
339 32.88174554191692
340 32.75093330121645
341 32.62074349372992
342 32.49114143262313
343 32.35791274733098
344 32.23180723468865
345 32.10583062506677
346 31.97502430791552
347 31.8504883204509
348 31.72607511116559
349 31.59712437158652
350 31.47453931129887
351 31.35197086139905
352 31.2247373591265
353 31.10372976148828
354 30.98279766897471
355 30.85748360010335
356 30.73815499835502
357 30.61890095672265
358 30.49546297336168
359 30.37793342184671
360 30.26033560942507
361 30.13850053944
362 30.0228546717765
363 29.9067543022665
364 29.78652484395175
365 29.67222188327194
366 29.55791425830308
367 29.43955859248894
368 29.32716156664038
369 29.21455347995825
370 29.0976282758769
371 28.98650100846119
372 28.87531621557408
373 28.76012848840472
374 28.65052797200417
375 28.54094052135623
376 28.42741679072836
377 28.31934936305885
378 28.21118834309268
379 28.09927464321572
380 27.99269247946678
381 27.88620525846211
382 27.77598913424791
383 27.67094471798947
384 27.5658926391351
385 27.46051269974687
386 27.35181287529022
387 27.24863871187535
388 27.14566910691831
389 27.04230024840463
390 26.93556253909722
391 26.83427633808601
392 26.73316882824261
393 26.63164588085183
394 26.5267828287977
395 26.42728307676244
396 26.32806829495008
397 26.22531486439643
398 26.12741578022848
399 26.02955979277525
400 25.92801547101979
401 25.83142667332959
402 25.7348887727858
403 25.63475289644185
404 25.5395181422167
405 25.44432473979863
406 25.34561408500463
407 25.25168010669608
408 25.15773386422982
409 25.06034968334395
410 24.96774574335694
411 24.87513161057218
412 24.77911534889685
413 24.68773843285237
414 24.59644894466707
415 24.50182015666665
416 24.41182884145152
417 24.32180646548117
418 24.228326749688
419 24.1395569966277
420 24.0507776998037
421 23.95863848482846
422 23.87096915674766
423 23.78331481001787
424 23.69245858897967
425 23.60597031930667
426 23.51957144357503
427 23.43002329159578
428 23.34483763190934
429 23.25967573582444
430 23.17138835726881
431 23.08737065626639
432 23.00072345073563
433 22.91778618906137
434 22.83181550052214
435 22.74958465454925
436 22.66435836502101
437 22.58286938134873
438 22.49837079511511
439 22.4175602293023
440 22.3339229043421
441 22.25388791257613
442 22.17103809674017
443 22.09176437167772
444 22.0096682303772
445 21.93112534662843
446 21.84977464101319
447 21.77188783732463
448 21.69127376268792
449 21.61411439937058
450 21.53424452807336
451 21.45780789743743
452 21.37866381367481
453 21.30287026820819
454 21.22445209860921
455 21.14935777659359
456 21.07159400048086
457 20.9971111967951
458 20.9201368235575
459 20.84632984594028
460 20.77012337672167
461 20.69705434590218
462 20.62155679706201
463 20.54912680692131
464 20.47423771976032
465 20.40247036784219
466 20.32824493648367
467 20.25711958810595
468 20.18359950883463
469 20.11314292525506
470 20.04025643727251
471 19.97043513730328
472 19.89823548867469
473 19.82904671085965
474 19.75746733873305
475 19.68884539711925
476 19.61791117469762
477 19.54982308520317
478 19.47965915198715
479 19.41232902262301
480 19.34266559740379
481 19.27588235640954
482 19.20690024067473
483 19.14073731086849
484 19.07243195278291
485 19.00673736556995
486 18.93895247881009
487 18.87392519817684
488 18.80683671031962
489 18.74242013083295
490 18.67588751715506
491 18.61205451074194
492 18.54611393159746
493 18.48289237601118
494 18.41754476700268
495 18.35490584490784
496 18.29007969659903
497 18.22796349119992
498 18.16375369553542
499 18.10215878671872
500 18.03850728307798
501 17.97751019130331
502 17.91446623076359
503 17.85396816066458
504 17.79147737833993
505 17.73154433501114
506 17.66961905413748
507 17.61019594158108
508 17.54884030797206
509 17.48997446051342
510 17.42914709918732
511 17.37081450230892
512 17.31053681814785
513 17.25270887176831
514 17.19298571842651
515 17.13572350946777
516 17.07650958088676
517 17.0197421321271
518 16.96100934868137
519 16.90469894763419
520 16.84651548378369
521 16.79072377315094
522 16.73301125780134
523 16.67775661064518
524 16.62058983732171
525 16.56576089028057
526 16.50908680359536
527 16.45474917303264
528 16.39865567231907
529 16.34483680908531
530 16.28916718851442
531 16.23577605081724
532 16.18060572922729
533 16.1277694663222
534 16.07302955179025
535 16.02062880435862
536 15.96642826758811
537 15.91454512506135
538 15.86077151234014
539 15.80937350803824
540 15.7560817677852
541 15.70514041933453
542 15.65222734717111
543 15.60162292375132
544 15.54921118260716
545 15.4991015494159
546 15.44717148475699
547 15.39749583910737
548 15.34601976291321
549 15.29676007057254
550 15.24575578615715
551 15.1969348979258
552 15.14639468555046
553 15.09799179399615
554 15.0479101764411
555 14.99992611173493
556 14.95026137240433
557 14.90265831090414
558 14.85347462451834
559 14.80632255854849
560 14.7575573347921
561 14.71071595317956
562 14.66234077034838
563 14.61595709468495
564 14.56810375573198
565 14.52221804903128
566 14.47468865181408
567 14.42917769629746
568 14.38203369636845
569 14.33691494185707
570 14.29018253309177
571 14.24546471246052
572 14.19912602085701
573 14.15482197618549
574 14.10888481578188
575 14.06495661304201
576 14.01940968352833
577 13.97586024640604
578 13.93070310963672
579 13.887532657764
580 13.84275977108132
581 13.79995158816597
582 13.7555745815784
583 13.71313648654388
584 13.66917402590096
585 13.62710252105505
586 13.58351133862327
587 13.5418298331614
588 13.49860261012402
589 13.45727913282664
590 13.41440388527811
591 13.37339648916691
592 13.33089068902533
593 13.29024069376491
594 13.24806294089372
595 13.2077639671096
596 13.16599670527791
597 13.12604971818836
598 13.08464522476446
599 13.04496189257509
600 13.00393362594387
601 12.96464741765434
602 12.92398179420048
603 12.88502670710111
604 12.84469972044729
605 12.80607803608245
606 12.7660991009281
607 12.72780497934827
608 12.68815900179479
609 12.65019179839149
610 12.61088693810473
611 12.57324409468034
612 12.53425119258477
613 12.496930921463
614 12.45827719499179
615 12.4212993356622
616 12.38296980341113
617 12.34631982800795
618 12.3083274862289
619 12.27199014441175
620 12.23428866956581
621 12.19825975554461
622 12.16087076492017
623 12.12511079869273
624 12.08806204937905
625 12.05263540113546
626 12.01590578458353
627 11.98076849711219
628 11.94433656578939
629 11.90949839709393
630 11.87339030889898
631 11.8388484310084
632 11.80303078439402
633 11.7687998888182
634 11.73325265167568
635 11.69927557024094
636 11.6640601750053
637 11.63036100868979
638 11.59543527755232
639 11.56203200308407
640 11.52740996694284
641 11.4942893540357
642 11.45995739260652
643 11.42711209931237
644 11.39307294385806
645 11.36048278165936
646 11.32670581782311
647 11.29436974024805
648 11.26089732358162
649 11.22885688532323
650 11.19567017926218
651 11.1638978765884
652 11.13098319216449
653 11.09947801112316
654 11.06685176477735
655 11.03561588354402
656 11.00325362073297
657 10.97226821352913
658 10.94015061134257
659 10.9094234677145
660 10.87758872005711
661 10.84713855202156
662 10.81556348315653
663 10.78537440565124
664 10.75403997934947
665 10.72400207509376
666 10.69300399392709
667 10.66329271555256
668 10.63253157045696
669 10.60304750898706
670 10.57249100077646
671 10.54323142145057
672 10.51297422564318
673 10.48395505978314
674 10.45396092133287
675 10.4251854830511
676 10.39543227054244
677 10.36696020932835
678 10.3374413296455
679 10.30916552828545
680 10.27985552276713
681 10.25181734202442
682 10.22276623398779
683 10.19496841405267
684 10.16616042867573
685 10.13859810999869
686 10.10998840144134
687 10.08263252749028
688 10.05427115500085
689 10.0271587330045
690 9.999029524208607
691 9.972141097564197
692 9.944250613324524
693 9.917591508496233
694 9.889905856245415
695 9.863468910411569
696 9.836008208101275
697 9.809767012436415
698 9.782519700173902
699 9.756535414667226
700 9.729515899638656
701 9.703725199360012
702 9.676924189966263
703 9.651333048925776
704 9.624743232124752
705 9.599357124864353
706 9.572987594835933
707 9.547812294853813
708 9.521646698080209
709 9.496666603228199
710 9.470726058415522
711 9.445942541702019
712 9.4202038889034
713 9.395613670673491
714 9.370076470032572
715 9.345668919971864
716 9.320347750767111
717 9.296135101038479
718 9.271038572344686
719 9.247025933713616
720 9.222134639879513
721 9.198320658714538
722 9.173628408724124
723 9.149994197607009
724 9.125507255343225
725 9.102064380525075
726 9.077781376082989
727 9.054522686844022
728 9.030437266665439
729 9.007358249844609
730 8.983465105631625
731 8.960562890519009
732 8.936857216409644
733 8.914142695685356
734 8.890640079220692
735 8.86809569285866
736 8.844777705790426
737 8.822411434464664
738 8.799287246033131
739 8.777103445368803
740 8.754162329955605
741 8.73215506244045
742 8.709395190168808
743 8.687560918110371
744 8.664983361325124
745 8.643330858038579
746 8.620931214695235
747 8.59944932191029
748 8.57722500121023
749 8.555914040447961
750 8.533869576802662
751 8.512721032960091
752 8.490847170277146
753 8.469856573851233
754 8.448154866970681
755 8.427332522260638
756 8.405811248469337
757 8.385165993037591
758 8.363814323054291
759 8.343323291830504
760 8.322113541621714
761 8.301782455813319
762 8.280745169060003
763 8.260591822921009
764 8.239700404820171
765 8.219683074632417
766 8.198982185445308
767 8.179139556272467
768 8.158618511251996
769 8.138930647089207
770 8.118552051318167
771 8.098998563624448
772 8.078775958524709
773 8.059372608007674
774 8.039317733590375
775 8.020073799521528
776 8.000174318790634
777 7.981081836605731
778 7.961333678937559
779 7.942431963778572
780 7.922818750196857
781 7.90404991720318
782 7.884577404764633
783 7.865946530838537
784 7.846625278185733
785 7.828141406380624
786 7.808991996159321
787 7.790675874074496
788 7.77163345007046
789 7.753441818454192
790 7.734552412343125
791 7.716504416705075
792 7.697766461428606
793 7.67985570226339
794 7.661261784771436
795 7.643483614554428
796 7.625016534370571
797 7.607360568472068
798 7.589059909294593
799 7.571538869330731
800 7.553391055884368
801 7.536006518746564
802 7.518572801561356
803 7.500427661818799
804 7.483170926410199
805 7.465936838301297
806 7.448032048509453
807 7.430994638683686
808 7.413962702808283
809 7.396245931456329
810 7.379374721209478
811 7.362546239120803
812 7.345054499300199
813 7.328400050709937
814 7.311750950331064
815 7.294433483696831
816 7.277947223606316
817 7.261483831520713
818 7.244387945882075
819 7.228111489038265
820 7.211311489279166
821 7.195216723392387
822 7.178532421026977
823 7.162544036619727
824 7.1459718839831
825 7.130085031307893
826 7.113649609825773
827 7.097891455814326
828 7.081586758889221
829 7.065950408342088
830 7.049767367965265
831 7.03423631537966
832 7.018178424714955
833 7.002770028346571
834 6.986837116678259
835 6.97155877322394
836 6.955763447385288
837 6.940620272608435
838 6.924893347475908
839 6.909839415004192
840 6.894234645655088
841 6.879293315274985
842 6.863809922295307
843 6.848986508378956
844 6.833625721188166
845 6.818927032855457
846 6.803664108669894
847 6.789055328441905
848 6.77390768566626
849 6.759410504750172
850 6.744381461377255
851 6.72999809157363
852 6.715081983007513
853 6.700794949207161
854 6.685988104159662
855 6.671803030812523
856 6.657107668671373
857 6.643025422335102
858 6.628442812565464
859 6.614467491045988
860 6.600002415482606
861 6.586145279642576
862 6.571770275156378
863 6.558008169785308
864 6.54373164238006
865 6.530054667848165
866 6.515904651651309
867 6.502334506019801
868 6.488282580889806
869 6.474807867414897
870 6.46086278166691
871 6.447489157197745
872 6.433640694746992
873 6.420360941749571
874 6.40660723777777
875 6.393407469574353
876 6.379775179711716
877 6.366680712715443
878 6.353150257400645
879 6.340151262120662
880 6.326718565796223
881 6.313818829531365
882 6.300481974836808
883 6.287675923506153
884 6.274424591435508
885 6.261706097716483
886 6.248558638841323
887 6.235943000467222
888 6.222882533402956
889 6.21036423555382
890 6.197398250452467
891 6.184971549765554
892 6.172094011502968
893 6.159750280757749
894 6.146961151115141
895 6.13470301519475
896 6.122018072209346
897 6.109850827082186
898 6.097260566908598
899 6.085198431664524
900 6.072678996362101
901 6.060699672307302
902 6.048264063522521
903 6.036370190686881
904 6.024025135948322
905 6.012209568273089
906 5.999955837061345
907 5.988230993816008
908 5.976064042022267
909 5.964405014157243
910 5.952317311395542
911 5.940747115353378
912 5.928766181993081
913 5.917287693689244
914 5.905378850775232
915 5.893975947724493
916 5.882150760008642
917 5.870826235186624
918 5.859087639666166
919 5.847843503167183
920 5.836190288205168
921 5.825025277031645
922 5.813454993903243
923 5.802367459344905
924 5.790879952520833
925 5.779868122716604
926 5.768463775478568
927 5.757532194852347
928 5.746206141821276
929 5.735349003659053
930 5.724100755249417
931 5.713311112196735
932 5.702147865379851
933 5.691435146117974
934 5.680348639897344
935 5.669708188047585
936 5.65869481940423
937 5.648129306067315
938 5.637198009214779
939 5.626710755049187
940 5.615853787463921
941 5.605435551261628
942 5.594656486013872
943 5.584308691335009
944 5.573614141620499
945 5.563340247473529
946 5.552713380499024
947 5.542506519333037
948 5.531952181787116
949 5.521815520676686
950 5.511333863075608
951 5.501276265586542
952 5.490864322885979
953 5.480877234501047
954 5.470532001597767
955 5.460618387522231
956 5.450346479812797
957 5.440493193680658
958 5.430289327502241
959 5.420497146427874
960 5.410372089352497
961 5.400644665860161
962 5.390590523878982
963 5.380927318352675
964 5.370945221003073
965 5.36134865921204
966 5.351434933415232
967 5.341901592554063
968 5.332055962476105
969 5.322591179126673
970 5.312812515848544
971 5.303416300372132
972 5.293705407539916
973 5.284368832797413
974 5.274722889675018
975 5.265446854050251
976 5.255867068554236
977 5.246653595532657
978 5.237137782346807
979 5.227984401217562
980 5.218529699662477
981 5.209432961962545
982 5.200048183794654
983 5.191016804888447
984 5.181702776808429
985 5.172736905581544
986 5.163478486210068
987 5.154567502992319
988 5.145370190315496
989 5.136520584925274
990 5.127383370067059
991 5.118588030567077
992 5.109516437014726
993 5.100783388012863
994 5.091774251181558
995 5.083098896693594
996 5.074145910113207
997 5.065533725333476
998 5.056635333356762
999 5.048078624115004
1000 5.039243272430629
1001 5.030752021688236
1002 5.021972023469618
1003 5.013532947083111
1004 5.004808000666006
1005 4.996425600561394
1006 4.987756377543467
1007 4.97942686336518
1008 4.970819088560493
1009 4.962543100197662
1010 4.953990853853078
1011 4.945770016588825
1012 4.937275781048654
1013 4.929114073299435
1014 4.920672252393046
1015 4.91256360723303
1016 4.904174099048834
1017 4.896115051162183
1018 4.887781807331824
1019 4.879771629267062
1020 4.871497495703753
1021 4.863544670586916
1022 4.855320993473088
1023 4.847418133115664
1024 4.839248964853519
1025 4.831397676486469
1026 4.823282165997136
1027 4.815481762319643
1028 4.807420170821829
1029 4.799670172823127
1030 4.791661125497641
1031 4.78395985627523
1032 4.776004272226098
1033 4.76835526430469
1034 4.760450627778625
1035 4.752844355091799
1036 4.744991692698513
1037 4.737430773395624
1038 4.729634320938685
1039 4.722124273788166
1040 4.714377832981591
1041 4.706914504235396
1042 4.699217842384259
1043 4.691802822878346
1044 4.68415671373685
1045 4.676789893165822
1046 4.669191858011292
1047 4.661872221347306
1048 4.654321787443055
1049 4.647048690291172
1050 4.639545996527422
1051 4.632320416364789
1052 4.624865724687926
1053 4.617686214058375
1054 4.610273827368502
1055 4.603136111575775
1056 4.595772229607531
1057 4.588683817317751
1058 4.581368949402179
1059 4.574326881539734
1060 4.567057601824835
1061 4.56005943422375
1062 4.552836204381952
1063 4.545882454434646
1064 4.538706040609277
1065 4.53179760700894
1066 4.524665438992574
1067 4.517799311380249
1068 4.510708465505401
1069 4.503881513495611
1070 4.49683691692266
1071 4.490052304764107
1072 4.483056007945913
1073 4.476314144765226
1074 4.469363259575793
1075 4.462662539180199
1076 4.455754669066723
1077 4.449094762733496
1078 4.442230802970026
1079 4.435608951488494
1080 4.428789557751643
1081 4.422211589846332
1082 4.415434816863706
1083 4.408897448613788
1084 4.402162015809418
1085 4.395665706244078
1086 4.388970708623374
1087 4.382514408975127
1088 4.375864598866852
1089 4.369448152919571
1090 4.362837546491963
1091 4.356458401480867
1092 4.349889946114175
1093 4.34354908311311
1094 4.337021425613328
1095 4.330718987889497
1096 4.324232240792656
1097 4.317968657055022
1098 4.311522486940423
1099 4.305297400295756
1100 4.298890114986702
1101 4.292702632385838
1102 4.286334683433968
1103 4.280185553708618
1104 4.273857582205181
1105 4.267746176409249
1106 4.261455865854052
1107 4.255381153429908
1108 4.249121541380394
1109 4.243078136872174
1110 4.236862466256088
1111 4.230859457378746
1112 4.224683412243197
1113 4.218722611005871
1114 4.212582646842248
1115 4.206657089130293
1116 4.200552170209193
1117 4.194662729384675
1118 4.188595033274241
1119 4.182741981233317
1120 4.176710581635773
1121 4.170892149901372
1122 4.164898689738552
1123 4.159116148899564
1124 4.153155315918552
1125 4.147406998694814
1126 4.141487348444271
1127 4.135775514272058
1128 4.129887898428544
1129 4.124207018812932
1130 4.11835142987132
1131 4.112698209975925
1132 4.106882592985974
1133 4.1012660409857
1134 4.095489477572272
1135 4.08990852745371
1136 4.084162888946283
1137 4.078612793962062
1138 4.072898643861583
1139 4.067383391261874
1140 4.061704550441117
1141 4.056222520157055
1142 4.050576352816422
1143 4.045126156333531
1144 4.039513586497663
1145 4.034099482419806
1146 4.028515744876088
1147 4.02313221082173
1148 4.01758276357836
1149 4.012231992834926
1150 4.006715285320329
1151 4.001395321496618
1152 3.995839106916136
1153 3.990582402504291
1154 3.985170685761087
1155 3.979917396465693
1156 3.974422574884237
1157 3.969226965598549
1158 3.963875790228073
1159 3.958682812682307
1160 3.953254005346479
1161 3.948118532549146
1162 3.942829772308502
1163 3.937696255515859
1164 3.932329551755098
1165 3.927252887908091
1166 3.922025511682207
1167 3.916951550201837
1168 3.911648636803987
1169 3.906632795364316
1170 3.901466322854298
1171 3.896451534890091
1172 3.891207334468091
1173 3.886247276583031
1174 3.881138881162839
1175 3.876181066718569
1176 3.870997259867214
1177 3.866093386871198
1178 3.861043973361457
1179 3.856142688942436
1180 3.85102115270186
1181 3.846173288478437
1182 3.84118334664901
1183 3.83633693422495
1184 3.83127196917069
1185 3.826479390367414
1186 3.821544202453449
1187 3.816751392973442
1188 3.811744228946124
1189 3.807004880505167
1190 3.802125695101316
1191 3.797386214093196
1192 3.792439963394266
1193 3.787756782989153
1194 3.782934043360569
1195 3.778255063653902
1196 3.773353934436332
1197 3.768719828885807
1198 3.763950003884937
1199 3.759320619651201
1200 3.754480834395407
1201 3.749902628631237
1202 3.745186041988396
1203 3.740609136142838
1204 3.735819969280521
1205 3.731290619228187
1206 3.726622221825252
1207 3.722092493253657
1208 3.7173592585299
1209 3.712884855878755
1210 3.708269887326637
1211 3.703790095635823
1212 3.699110856481684
1213 3.694683728248477
1214 3.690125462775029
1215 3.685695037384553
1216 3.681067219940542
1217 3.676689759801631
1218 3.67217969093639
1219 3.667796476650595
1220 3.663221657465191
1221 3.658886672858801
1222 3.654427861619205
1223 3.650000339826795
1224 3.645688995485523
1225 3.641190458680011
1226 3.636914989648846
1227 3.632513493464837
1228 3.628146956701221
1229 3.623894713873442
1230 3.619463814308839
1231 3.615248997551208
1232 3.61090812809255
1233 3.606601510705556
1234 3.602406743420368
1235 3.598034239225083
1236 3.593874175357255
1237 3.589594052092991
1238 3.585345811664789
1239 3.58120267829183
1240 3.576891574882501
1241 3.572785017613802
1242 3.568564508513437
1243 3.564374731105071
1244 3.560287617048731
1245 3.556035839389765
1246 3.551983661423308
1247 3.547820968872328
1248 3.543688490858476
1249 3.539654753286
1250 3.535461781414097
1251 3.531462367214744
1252 3.527357094227354
1253 3.523280315471519
1254 3.519300019288321
1255 3.515164957081915
1256 3.511220707952331
1257 3.507169089606481
1258 3.503146749603584
1259 3.499223604284717
1260 3.495142148364632
1261 3.491252256013733
1262 3.487252611957771
1263 3.48328273127288
1264 3.479409419090687
1265 3.475382721878046
1266 3.471542301056352
1267 3.467597351661837
1268 3.463680162675586
1269 3.45985853640926
1270 3.455884679836003
1271 3.452094781337959
1272 3.448200577861356
1273 3.444335302487186
1274 3.440560194394403
1275 3.436642406139073
1276 3.432899563836294
1277 3.429058056913528
1278 3.425245060921907
1279 3.421519493924162
1280 3.417655266006086
1281 3.413961124050167
1282 3.410170136179654
1283 3.406407290826872
1284 3.402667113094752
1285 3.398940136688176
1286 3.39522268187167
1287 3.391514424692919
1288 3.387815852302807
1289 3.384126965275819
1290 3.38044780004127
1291 3.376778154543254
1292 3.373118528472721
1293 3.36946873476009
1294 3.365827766263665
1295 3.362196256751036
1296 3.358574102022874
1297 3.354961360783152
1298 3.351358024812657
1299 3.347764134712055
1300 3.344179590561518
1301 3.340604152845676
1302 3.337037816682302
1303 3.333479945775131
1304 3.329931321701557
1305 3.326391818304733
1306 3.322861487101704
1307 3.319340033808157
1308 3.315827726870425
1309 3.312324304570605
1310 3.308830154087462
1311 3.305344886854903
1312 3.301868885974065
1313 3.298401640849724
1314 3.294943508470027
1315 3.291493708901735
1316 3.288053289054812
1317 3.284621350440231
1318 3.281198155560945
1319 3.277783336983404
1320 3.274377265755934
1321 3.270979759476333
1322 3.267590714999661
1323 3.264210878800917
1324 3.260839059386452
1325 3.257476175787581
1326 3.254121764699275
1327 3.250776592485655
1328 3.24743915460316
1329 3.244110250283859
1330 3.240789669984691
1331 3.23747735932368
1332 3.234173186183336
1333 3.230877327644637
1334 3.227589688545177
1335 3.224310357343808
1336 3.221039201563669
1337 3.217776337671873
1338 3.214521522179013
1339 3.211275058249504
1340 3.208036552389355
1341 3.204806410527164
1342 3.20158422176633
1343 3.198371069198715
1344 3.195164592923178
1345 3.191966213181269
1346 3.188775869048111
1347 3.185593919986556
1348 3.182419628964448
1349 3.17925342346695
1350 3.176094811001565
1351 3.172944343766773
1352 3.169801215722414
1353 3.166666144722444
1354 3.163538748565764
1355 3.160419354434715
1356 3.157307144236551
1357 3.154202996225349
1358 3.151106261999037
1359 3.148017732364239
1360 3.144936364082816
1361 3.141863015751537
1362 3.138796875954929
1363 3.135738684781528
1364 3.132687620068317
1365 3.129644419629416
1366 3.126608256188431
1367 3.1235799779656
1368 3.120558640389963
1369 3.117545068321601
1370 3.114538409946462
1371 3.111539489578378
1372 3.10854735592773
1373 3.105562739385761
1374 3.10258517457852
1375 3.099615352648135
1376 3.096652424560637
1377 3.093697052687665
1378 3.090748438407958
1379 3.087807307224856
1380 3.084872991073034
1381 3.081946135493912
1382 3.079026012399937
1383 3.076113265281432
1384 3.073207425730667
1385 3.070308921791508
1386 3.067417131983492
1387 3.064532409645411
1388 3.061653150786595
1389 3.058782035438438
1390 3.055917910012541
1391 3.053060833711231
1392 3.05021042341816
1393 3.047367151302401
1394 3.044530256203855
1395 3.041700214923744
1396 3.038876731432022
1397 3.036060247993015
1398 3.033250350602201
1399 3.030447286715106
1400 3.027650567481666
1401 3.024861218093103
1402 3.022078126348891
1403 3.019301721774044
1404 3.016531636207392
1405 3.013768295495521
1406 3.01101128783871
1407 3.008261094831402
1408 3.00551709803868
1409 3.002779782738488
1410 3.000048573395826
1411 2.997324134041435
1412 2.994605902369194
1413 2.991894495177819
1414 2.989189108046356
1415 2.986490204985095
1416 2.9837973595499
1417 2.981110975097196
1418 2.978430561964949
1419 2.975758234392418
1420 2.973091285414112
1421 2.97042913934274
1422 2.96777405999736
1423 2.96512519056519
1424 2.962482812069984
1425 2.959846397798739
1426 2.957216405000724
1427 2.954591770030258
1428 2.951973610201754
1429 2.949361428620731
1430 2.946755942678196
1431 2.944156343667836
1432 2.941562913453032
1433 2.938975321541089
1434 2.936393862246683
1435 2.933818207438102
1436 2.931248259551662
1437 2.928684400692129
1438 2.926126752157471
1439 2.923574716975007
1440 2.921028712405719
1441 2.918488352547801
1442 2.915953938095165
1443 2.913425112476366
1444 2.910902344586463
1445 2.908384589776136
1446 2.90587310162568
1447 2.903367485131655
1448 2.900867988746228
1449 2.898374141863392
1450 2.895886067050972
1451 2.89340379924039
1452 2.890927013170087
1453 2.888455651459326
1454 2.885990097612257
1455 2.883529860637237
1456 2.881075340736104
1457 2.878626254439586
1458 2.876182957547094
1459 2.873745119740083
1460 2.871312722493267
1461 2.868885860763698
1462 2.866464748924698
1463 2.86404907122256
1464 2.86163902670746
1465 2.85923424559775
1466 2.856835107948417
1467 2.854441224925681
1468 2.852053853446704
1469 2.84967130341746
1470 2.847293648249456
1471 2.844921375753435
1472 2.842554326356138
1473 2.840192673386228
1474 2.837835979173194
1475 2.835484648130596
1476 2.833139150827316
1477 2.830799032577346
1478 2.828463523060809
1479 2.826133442136213
1480 2.823808305694695
1481 2.821488437153018
1482 2.819173542970342
1483 2.816864055403245
1484 2.814559386027776
1485 2.812260042358135
1486 2.809965593347463
1487 2.807676519059048
1488 2.80539239867581
1489 2.803113325913412
1490 2.800839216044409
1491 2.798570436423286
1492 2.796306534953181
1493 2.794048126732259
1494 2.791794359906903
1495 2.789545596670902
1496 2.787301717260671
1497 2.785062980685315
1498 2.782829011513551
1499 2.78059998865613
1500 2.778375651340248
1501 2.776156573379408
1502 2.773941593388376
1503 2.771731496641708
1504 2.769526488081933
1505 2.767326642865314
1506 2.765131718347901
1507 2.76294165836401
1508 2.760756332544443
1509 2.758575764455499
1510 2.756399771579818
1511 2.754228066117095
1512 2.752061174582818
1513 2.749899234164373
1514 2.747742086565391
1515 2.745589657117772
1516 2.743441576943904
1517 2.741298306860875
1518 2.739159633615196
1519 2.73702567323574
1520 2.734896324177985
1521 2.73277169101183
1522 2.730651623745965
1523 2.728536251858959
1524 2.726425366000544
1525 2.724319069705944
1526 2.722217174962579
1527 2.720120211926594
1528 2.718027205335102
1529 2.71593864005057
1530 2.713854708314197
1531 2.711775274288117
1532 2.70970026528529
1533 2.707629695977965
1534 2.705563572291565
1535 2.703502473540743
1536 2.701433320185406
1537 2.699416325297221
1538 2.697341815401791
1539 2.695287198308924
1540 2.693284843895325
1541 2.691216261051775
1542 2.689215177815599
1543 2.687157580477692
1544 2.68516602450617
1545 2.683117246540027
1546 2.681133914835859
1547 2.679093695776667
1548 2.677118508878408
1549 2.675087260572761
1550 2.673119911796268
1551 2.671097572441384
1552 2.669138152632203
1553 2.667124654516508
1554 2.665173341167228
1555 2.66316858169788
1556 2.661225403271125
1557 2.659229199917857
1558 2.657294284572139
1559 2.65530659801562
1560 2.653380606103606
1561 2.651400179566138
1562 2.649481463224417
1563 2.647510079505178
1564 2.645599726186504
1565 2.643636413561686
1566 2.641733804706613
1567 2.639778811516257
1568 2.637883892887216
1569 2.63593727776649
1570 2.634050194039813
1571 2.632111756566235
1572 2.630232282786829
1573 2.628302134239329
1574 2.626430294056778
1575 2.624508358909049
1576 2.622644080308814
1577 2.620730330848361
1578 2.618873691800635
1579 2.616967891154808
1580 2.615118345664091
1581 2.613220965071924
1582 2.611378897520254
1583 2.609489570923269
1584 2.607655024061348
1585 2.605773633624445
1586 2.603946583685401
1587 2.602073310204359
1588 2.600253999863015
1589 2.59838813776033
1590 2.596576151282008
1591 2.594717868352798
1592 2.592913143310327
1593 2.591062572638251
1594 2.589265153179777
1595 2.58742223101568
1596 2.585631973521221
1597 2.583796732266453
1598 2.582013570334604
1599 2.580191489932936
1600 2.578392191924235
1601 2.576598040527404
1602 2.574806107114507
1603 2.573017148874403
1604 2.571231625002824
1605 2.569450058972442
1606 2.567672085846282
1607 2.565897910317011
1608 2.564127325582747
1609 2.562350687083911
1610 2.560613557877527
1611 2.558834179222581
1612 2.557069639398557
1613 2.555344266620953
1614 2.553575721717167
1615 2.551821563986152
1616 2.550105917422547
1617 2.548348448867488
1618 2.546605023785195
1619 2.544899663803102
1620 2.54315274850906
1621 2.541419844808461
1622 2.539724491757887
1623 2.537988223007161
1624 2.536265838331533
1625 2.534580567016449
1626 2.532854821796781
1627 2.531142739814323
1628 2.529467790162387
1629 2.527752161475561
1630 2.526050251570763
1631 2.524385263891908
1632 2.52268001073565
1633 2.520988290885231
1634 2.519333181846762
1635 2.517638381580374
1636 2.51595660972082
1637 2.514311413905302
1638 2.512626519027181
1639 2.510954746543171
1640 2.509319320900631
1641 2.507644316488772
1642 2.505982497453633
1643 2.504356333477062
1644 2.502691524678992
1645 2.501039555403951
1646 2.499422942251549
1647 2.497767899010877
1648 2.496125900718031
1649 2.494518458587534
1650 2.492873419816924
1651 2.491241170061299
1652 2.489642863203592
1653 2.488007616649482
1654 2.486384914675647
1655 2.484795173046668
1656 2.483170077581621
1657 2.481557307745331
1658 2.479977592842911
1659 2.478361591175243
1660 2.476758252881643
1661 2.475187250652043
1662 2.47358109683195
1663 2.471987040614174
1664 2.470425514449651
1665 2.468828373320939
1666 2.467243750427636
1667 2.465690722807902
1668 2.46410336460658
1669 2.462527943674135
1670 2.46098433070545
1671 2.459405825044521
1672 2.457839642959507
1673 2.456304374484878
1674 2.454735535763024
1675 2.453178447437617
1676 2.451652461600664
1677 2.450092352977355
1678 2.448544326118781
1679 2.447026356970781
1680 2.445475836132389
1681 2.443936823044011
1682 2.442428235158221
1683 2.44088620168913
1684 2.439356022163182
1685 2.437855457201092
1686 2.436322764017974
1687 2.434801337360725
1688 2.43330994232007
1689 2.431785535873844
1690 2.430272863896225
1691 2.428789984494131
1692 2.427274252295698
1693 2.425770393545559
1694 2.424296212605835
1695 2.42278894007846
1696 2.42129366579747
1697 2.419827653611095
1698 2.418325514899252
1699 2.416861482955663
1700 2.415366189566588
1701 2.413908339949844
1702 2.412418459524526
1703 2.4109657131316
1704 2.409481941272179
1705 2.408034917012995
1706 2.406556520226413
1707 2.405115235003876
1708 2.403642167897651
1709 2.402206597752796
1710 2.400738794010139
1711 2.399308762531132
1712 2.397846315943084
1713 2.396421752893555
1714 2.394964766292193
1715 2.393545655365496
1716 2.392094007579923
1717 2.390680207425364
1718 2.389233974165965
1719 2.38782525822346
1720 2.386384584195747
1721 2.38498121266002
1722 2.383545935205124
1723 2.382147407027862
1724 2.380717844422577
1725 2.379324693182383
1726 2.377903364498193
1727 2.376493712160272
1728 2.375110926673505
1729 2.373697241796305
1730 2.372295048249391
1731 2.370920074532491
1732 2.369514121270886
1733 2.36811986627154
1734 2.366751667747711
1735 2.365353697102202
1736 2.363967377504654
1737 2.362606466060962
1738 2.361216938321058
1739 2.359838493528618
1740 2.358484728862377
1741 2.35710314905074
1742 2.355732415464771
1743 2.354386386599003
1744 2.353012568140059
1745 2.351649136925541
1746 2.350310872208294
1747 2.348944101791636
1748 2.347588501721721
1749 2.346256674503227
1750 2.344898209380104
1751 2.343551723713907
1752 2.342213893771552
1753 2.340870778215555
1754 2.339539037894644
1755 2.338202886722633
1756 2.336870842820982
1757 2.335541875772484
1758 2.334213601066002
1759 2.332894479189896
1760 2.331568417213388
1761 2.330253298945957
1762 2.328932069703599
1763 2.327621892631714
1764 2.326305510567591
1765 2.32500014866895
1766 2.323688588842563
1767 2.322387923337405
1768 2.321083314785535
1769 2.319782287606075
1770 2.318484561803355
1771 2.317189153876543
1772 2.315894244976325
1773 2.314608029702099
1774 2.313317637012304
1775 2.312030599293333
1776 2.310745063774265
1777 2.309468155798857
1778 2.308187119958713
1779 2.306909317484229
1780 2.305633096524531
1781 2.304365375790856
1782 2.303093534366354
1783 2.301824959138713
1784 2.300559643190417
1785 2.299294817153906
1786 2.29803857706383
1787 2.296775906369395
1788 2.295523466184912
1789 2.294265436306909
1790 2.293017539075482
1791 2.291764044092421
1792 2.290520632533606
1793 2.289271565974245
1794 2.288032606148883
1795 2.286788029455591
1796 2.285553477392301
1797 2.284313354380019
1798 2.283083188103525
1799 2.28184750764569
1800 2.280621686866661
1801 2.279390413519361
1802 2.278168943155718
1803 2.276942049058795
1804 2.275724916125824
1805 2.274502385314301
1806 2.2732895524689
1807 2.272071369659569
1808 2.270862833053853
1809 2.269648977926817
1810 2.268444653353158
1811 2.267235185139219
1812 2.26603507659821
1813 2.26482991024336
1814 2.263634048188893
1815 2.262434822281852
1816 2.261239022098059
1817 2.260045820324786
1818 2.258853432751794
1819 2.257668432110373
1820 2.25647813145989
1821 2.255296621468239
1822 2.25411060163506
1823 2.252933298203187
1824 2.251751467219418
1825 2.250578327703714
1826 2.249400653019916
1827 2.248231599408486
1828 2.247058062679594
1829 2.245893087161452
1830 2.244723662526411
1831 2.243562745783763
1832 2.242397406235842
1833 2.241240520236713
1834 2.240079253817349
1835 2.23892637586792
1836 2.237769151199595
1837 2.236620242699708
1838 2.235467056596564
1839 2.234322137382165
1840 2.23317296546273
1841 2.232031998105062
1842 2.230886721714858
1843 2.229749844603101
1844 2.228608519905108
1845 2.227475575029082
1846 2.226338235620626
1847 2.225209178344739
1848 2.22407578441675
1849 2.222950628986255
1850 2.221821145049633
1851 2.22069985789336
1852 2.219574262615809
1853 2.218456833553045
1854 2.217334973592056
1855 2.216221180116068
1856 2.215103440586297
1857 2.213993571071244
1858 2.21287967928102
1859 2.211773616533327
1860 2.210663537758423
1861 2.209561265471807
1862 2.208455005820692
1863 2.207356515436008
1864 2.206254037614464
1865 2.205159300513023
1866 2.20406059867583
1867 2.202969598418901
1868 2.201874652429846
1869 2.200787373369321
1870 2.199696168299738
1871 2.198612591554973
1872 2.197525107127721
1873 2.196445215588872
1874 2.195361437308102
1875 2.194285214420683
1876 2.193205115972398
1877 2.192132538546005
1878 2.191056108442238
1879 2.189987162805282
1880 2.18891437461907
1881 2.18784904837424
1882 2.18677990511158
1883 2.185718178594386
1884 2.184652645355487
1885 2.183594506516529
1886 2.182532599248414
1887 2.181478027412633
1888 2.180419702966594
1889 2.179368656070252
1890 2.178313910221171
1891 2.177266425014666
1892 2.176215195123356
1893 2.175171238085358
1894 2.174123567512458
1895 2.173083092919938
1896 2.172038912564325
1897 2.171001933380678
1898 2.169961284678147
1899 2.168927756477848
1900 2.167890570880579
1901 2.166860518337123
1902 2.165826793023279
1903 2.164800153686938
1904 2.163769925643067
1905 2.162746723727785
1906 2.161719961687877
1907 2.160700161001938
1908 2.159676805731126
1909 2.158660409849093
1910 2.157640485348874
1911 2.156627441611453
1912 2.155610854210631
1913 2.154601221016827
1914 2.153589093491918
1915 2.152579779272179
1916 2.151572579707099
1917 2.150566089715229
1918 2.14956518156526
1919 2.148560377219254
1920 2.147562315446637
1921 2.146560855551825
1922 2.145566133122601
1923 2.144568009011541
1924 2.14357656570513
1925 2.14258173822612
1926 2.14159355536926
1927 2.140602022471355
1928 2.139617081332509
1929 2.138628821437206
1930 2.137647115412069
1931 2.136662124516852
1932 2.13568366152509
1933 2.134701935428947
1934 2.133726638693276
1935 2.132749128447306
1936 2.131774161428628
1937 2.130800434764177
1938 2.129831917929858
1939 2.128860759254402
1940 2.127892095458284
1941 2.126925587334331
1942 2.12596065086809
1943 2.124997307707006
1944 2.124035451388383
1945 2.123075227990526
1946 2.122116508160235
1947 2.121159415260247
1948 2.120203818735075
1949 2.11924984038015
1950 2.118297349847411
1951 2.117346464285714
1952 2.116397063203189
1953 2.115449268809989
1954 2.114502953264132
1955 2.113558234670357
1956 2.112614988086671
1957 2.111673331800182
1958 2.110733142005394
1959 2.109794501897374
1960 2.10885736954637
1961 2.107921796354172
1962 2.106987684590109
1963 2.106055121534905
1964 2.105124004001127
1965 2.104194446521333
1966 2.103266334802048
1967 2.102339770247593
1968 2.101414643449725
1969 2.100491059781942
1970 2.09956890720522
1971 2.098648289907198
1972 2.09772909817977
1973 2.096811436270802
1974 2.095895190047169
1975 2.094980387809162
1976 2.094067056772332
1977 2.093155237854019
1978 2.092244865073448
1979 2.091335970419456
1980 2.09042850514522
1981 2.089522499630581
1982 2.088617924450359
1983 2.08771482088866
1984 2.086813133172704
1985 2.085912905801864
1986 2.085014086666211
1987 2.084116724486889
1988 2.083220767417549
1989 2.082326261911283
1990 2.081433155301077
1991 2.08054149724697
1992 2.079651221092012
1993 2.078762386534946
1994 2.077874936112149
1995 2.076988918120232
1996 2.076104281163209
1997 2.0752210686303
1998 2.074339231913697
1999 2.073458814148485
2000 2.072579768145732
