"lift-rfile"
"Iteration" "lift"
("Iteration" "lift")
1 12.04419
2 5.893933
3 2.645501
4 0.8497773
5 -0.02712342
6 -0.3723979
7 -0.4157176
8 -0.2909903
9 -0.1699325
10 -0.05504096
11 0.03881851
12 0.08458693
13 0.1023381
14 0.087354
15 0.09472418
16 0.08963843
17 0.08669247
18 0.08619513
19 0.08565872
20 0.08763058
21 0.08919448
22 0.0929227
23 0.09467695
24 0.0975865
25 0.1006317
26 0.1033875
27 0.10579
28 0.1082555
29 0.1108133
30 0.1129813
31 0.1151566
32 0.1175659
33 0.1199289
34 0.1224155
35 0.1247151
36 0.1271088
37 0.129245
38 0.1314106
39 0.1334604
40 0.1355666
41 0.1370147
42 0.1394903
43 0.141103
44 0.1436139
45 0.1449699
46 0.1466459
47 0.1484283
48 0.1503689
49 0.1521553
50 0.1537732
51 0.1554565
52 0.1570632
53 0.1586525
54 0.1601554
55 0.16158
56 0.1629077
57 0.1643163
58 0.1656117
59 0.1668438
60 0.1680632
61 0.169306
62 0.1705032
63 0.1717046
64 0.1728879
65 0.174023
66 0.1750574
67 0.1759663
68 0.1768091
69 0.177621
70 0.1783904
71 0.1792176
72 0.1799673
73 0.1805901
74 0.1811932
75 0.1818347
76 0.1824362
77 0.1830764
78 0.1836684
79 0.1841802
80 0.1846893
81 0.1851417
82 0.1855636
83 0.1860549
84 0.1865413
85 0.1870093
86 0.187394
87 0.1878777
88 0.188309
89 0.1887282
90 0.1891688
91 0.1896048
92 0.190024
93 0.1903646
94 0.19076
95 0.1911263
96 0.1915318
97 0.1919289
98 0.1922744
99 0.1926506
100 0.1930247
101 0.1934345
102 0.1938197
103 0.194201
104 0.1946079
105 0.1949636
106 0.195297
107 0.1955968
108 0.1959319
109 0.1962878
110 0.1966255
111 0.1970059
112 0.1973382
113 0.1976666
114 0.1979775
115 0.1983077
116 0.1986742
117 0.1990464
118 0.199384
119 0.1997173
120 0.2000135
121 0.2002927
122 0.200596
123 0.2008685
124 0.2011488
125 0.2014467
126 0.2017472
127 0.2020501
128 0.2023332
129 0.2026101
130 0.2028883
131 0.203112
132 0.2033581
133 0.2036057
134 0.2038696
135 0.2041349
136 0.204389
137 0.2046288
138 0.2048841
139 0.2051199
140 0.2053396
141 0.205538
142 0.2057484
143 0.2059615
144 0.2061753
145 0.2064008
146 0.2066139
147 0.2068183
148 0.2069972
149 0.2071992
150 0.2074135
151 0.207615
152 0.2078024
153 0.2079727
154 0.2081522
155 0.2083208
156 0.2084872
157 0.2086708
158 0.2088308
159 0.2090074
160 0.2091975
161 0.2093639
162 0.2095197
163 0.2096678
164 0.2098342
165 0.2099763
166 0.2101149
167 0.2102538
168 0.2103947
169 0.2105316
170 0.2106631
171 0.2107965
172 0.2109242
173 0.2110669
174 0.2111849
175 0.2113044
176 0.2114305
177 0.2115482
178 0.2116653
179 0.2117792
180 0.2118893
181 0.2120199
182 0.2121283
183 0.2122125
184 0.2123098
185 0.2123952
186 0.2124894
187 0.2125839
188 0.2126749
189 0.2127903
190 0.2128752
191 0.2129638
192 0.2130496
193 0.2131088
194 0.213188
195 0.2132736
196 0.2133608
197 0.2134537
198 0.2135394
199 0.2136249
200 0.21371
201 0.2137904
202 0.2138595
203 0.2139378
204 0.2140145
205 0.2140872
206 0.2141591
207 0.2142303
208 0.2143
209 0.2143755
210 0.2144557
211 0.2145371
212 0.2146208
213 0.2147006
214 0.214788
215 0.2148695
216 0.2149501
217 0.2150209
218 0.2150962
219 0.2151749
220 0.2152502
221 0.2153414
222 0.2154259
223 0.2155059
224 0.2155926
225 0.2156823
226 0.2157647
227 0.2158495
228 0.2159322
229 0.2160169
230 0.2161015
231 0.2161864
232 0.2162715
233 0.2163559
234 0.2164419
235 0.2165284
236 0.2166206
237 0.2167092
238 0.2167987
239 0.2168852
240 0.2169741
241 0.2170615
242 0.2171467
243 0.2172345
244 0.2173248
245 0.2174162
246 0.2175071
247 0.217604
248 0.2176968
249 0.2177888
250 0.217879
251 0.2179677
252 0.2180547
253 0.2181477
254 0.2182348
255 0.2183257
256 0.2184163
257 0.2185073
258 0.218595
259 0.2186878
260 0.2187787
261 0.2188741
262 0.2189644
263 0.2190522
264 0.2191465
265 0.2192287
266 0.2193312
267 0.2194266
268 0.2195173
269 0.2196024
270 0.2196888
271 0.2197815
272 0.2198718
273 0.2199633
274 0.2200564
275 0.2201437
276 0.2202415
277 0.2203333
278 0.2204195
279 0.2205061
280 0.2205928
281 0.2206803
282 0.2207659
283 0.220854
284 0.220936
285 0.2210278
286 0.2211166
287 0.2211952
288 0.2212815
289 0.2213727
290 0.2214601
291 0.221542
292 0.2216233
293 0.2217029
294 0.2217779
295 0.2218619
296 0.2219472
297 0.2220439
298 0.2221198
299 0.2221942
300 0.222255
301 0.2223349
302 0.2224151
303 0.2224852
304 0.2225625
305 0.2226421
306 0.2227184
307 0.2227957
308 0.22287
309 0.2229424
310 0.2230148
311 0.2230812
312 0.2231538
313 0.2232235
314 0.2232944
315 0.2233623
316 0.2234314
317 0.2235005
318 0.2235647
319 0.2236302
320 0.223697
321 0.2237639
322 0.2238282
323 0.2238877
324 0.2239591
325 0.224022
326 0.2240812
327 0.2241378
328 0.2241957
329 0.2242595
330 0.2243176
331 0.2243806
332 0.2244425
333 0.224498
334 0.2245557
335 0.2246144
336 0.224668
337 0.224723
338 0.2247781
339 0.2248365
340 0.224891
341 0.2249448
342 0.2249998
343 0.2250519
344 0.2251046
345 0.2251589
346 0.2252127
347 0.2252603
348 0.2253132
349 0.2253643
350 0.2254173
351 0.225466
352 0.2255131
353 0.2255678
354 0.2256153
355 0.2256629
356 0.2257066
357 0.2257574
358 0.225806
359 0.2258557
360 0.2259004
361 0.2259459
362 0.2259966
363 0.2260415
364 0.226084
365 0.2261318
366 0.2261726
367 0.2262135
368 0.226252
369 0.2262874
370 0.2263268
371 0.2263667
372 0.2264066
373 0.2264449
374 0.2264859
375 0.2265168
376 0.2265628
377 0.2266021
378 0.2266352
379 0.2266702
380 0.2267055
381 0.2267398
382 0.226771
383 0.2268035
384 0.226832
385 0.2268619
386 0.2268925
387 0.2269207
388 0.2269481
389 0.2269864
390 0.227014
391 0.2270336
392 0.2270581
393 0.22708
394 0.2271044
395 0.2271246
396 0.2271457
397 0.2271668
398 0.2271874
399 0.2272076
400 0.2272218
401 0.2272435
402 0.2272618
403 0.2272781
404 0.2272926
405 0.2273071
406 0.2273206
407 0.2273318
408 0.2273423
409 0.2273524
410 0.2273629
411 0.2273706
412 0.2273784
413 0.2273867
414 0.2273891
415 0.227396
416 0.227404
417 0.227412
418 0.2274173
419 0.2274246
420 0.2274238
421 0.2274263
422 0.227426
423 0.2274261
424 0.2274227
425 0.2274196
426 0.2274169
427 0.2274134
428 0.2274092
429 0.2274074
430 0.2274015
431 0.2273983
432 0.2273917
433 0.2273855
434 0.2273771
435 0.2273658
436 0.2273534
437 0.2273435
438 0.2273309
439 0.2273229
440 0.2273088
441 0.2272976
442 0.2272861
443 0.2272681
444 0.2272511
445 0.2272366
446 0.2272235
447 0.2272091
448 0.2271961
449 0.2271838
450 0.2271653
451 0.2271496
452 0.2271311
453 0.22711
454 0.2270873
455 0.2270703
456 0.2270477
457 0.227028
458 0.2270111
459 0.2269956
460 0.2269794
461 0.2269592
462 0.226938
463 0.2269165
464 0.2268929
465 0.2268686
466 0.2268462
467 0.2268247
468 0.2268059
469 0.2267847
470 0.2267625
471 0.2267412
472 0.2267173
473 0.226697
474 0.2266768
475 0.2266549
476 0.2266331
477 0.226612
478 0.2265903
479 0.2265713
480 0.2265498
481 0.2265292
482 0.2265079
483 0.2264841
484 0.2264643
485 0.2264453
486 0.2264265
487 0.2264099
488 0.2263904
489 0.2263724
490 0.2263526
491 0.2263362
492 0.2263169
493 0.2262993
494 0.2262809
495 0.2262569
496 0.2262404
497 0.2262249
498 0.2262099
499 0.2261937
500 0.2261755
501 0.226161
502 0.2261475
503 0.2261301
504 0.2261172
505 0.2261008
506 0.2260868
507 0.2260726
508 0.2260574
509 0.2260445
510 0.2260332
511 0.2260193
512 0.2260072
513 0.2259952
514 0.2259834
515 0.2259719
516 0.2259606
517 0.2259477
518 0.2259375
519 0.2259281
520 0.2259179
521 0.225909
522 0.2258999
523 0.2258907
524 0.2258824
525 0.2258748
526 0.2258684
527 0.2258593
528 0.2258569
529 0.2258507
530 0.2258414
531 0.2258364
532 0.2258255
533 0.2258194
534 0.2258141
535 0.225812
536 0.2258078
537 0.2258033
538 0.2257997
539 0.2257951
540 0.2257909
541 0.2257901
542 0.2257885
543 0.2257886
544 0.2257869
545 0.2257853
546 0.2257832
547 0.2257816
548 0.2257819
549 0.2257805
550 0.2257816
551 0.2257819
552 0.2257825
553 0.2257865
554 0.2257868
555 0.2257878
556 0.2257901
557 0.2257914
558 0.2257934
559 0.2257968
560 0.2257991
561 0.2258019
562 0.2258069
563 0.2258106
564 0.2258168
565 0.2258231
566 0.2258259
567 0.2258301
568 0.2258345
569 0.2258419
570 0.225849
571 0.2258548
572 0.2258627
573 0.2258687
574 0.2258785
575 0.2258842
576 0.2258916
577 0.2258995
578 0.225906
579 0.2259149
580 0.2259228
581 0.2259319
582 0.2259437
583 0.2259537
584 0.2259634
585 0.225973
586 0.2259826
587 0.2259929
588 0.2260028
589 0.2260124
590 0.2260221
591 0.2260322
592 0.2260442
593 0.2260558
594 0.2260681
595 0.2260815
596 0.2260902
597 0.226103
598 0.2261161
599 0.226129
600 0.2261421
601 0.2261554
602 0.2261684
603 0.2261823
604 0.2261981
605 0.22621
606 0.2262255
607 0.2262407
608 0.2262537
609 0.2262679
610 0.2262829
611 0.2262986
612 0.2263145
613 0.2263304
614 0.2263445
615 0.2263604
616 0.2263785
617 0.2263986
618 0.2264155
619 0.2264308
620 0.2264456
621 0.2264597
622 0.2264767
623 0.2264922
624 0.2265086
625 0.2265287
626 0.226547
627 0.2265646
628 0.2265833
629 0.2266011
630 0.226619
631 0.226638
632 0.2266557
633 0.2266737
634 0.2266929
635 0.2267133
636 0.2267306
637 0.2267479
638 0.2267649
639 0.2267843
640 0.2268034
641 0.2268234
642 0.2268418
643 0.2268614
644 0.2268796
645 0.2268972
646 0.2269194
647 0.2269358
648 0.2269562
649 0.2269747
650 0.2269937
651 0.2270133
652 0.2270325
653 0.2270501
654 0.2270702
655 0.2270897
656 0.2271095
657 0.2271305
658 0.227151
659 0.22717
660 0.2271894
661 0.2272094
662 0.2272291
663 0.2272491
664 0.2272687
665 0.2272873
666 0.2273081
667 0.2273266
668 0.2273464
669 0.227367
670 0.2273872
671 0.2274071
672 0.2274256
673 0.2274445
674 0.2274655
675 0.2274872
676 0.227507
677 0.2275292
678 0.2275499
679 0.227571
680 0.2275904
681 0.2276101
682 0.2276309
683 0.2276498
684 0.2276697
685 0.2276896
686 0.227709
687 0.227725
688 0.2277462
689 0.2277659
690 0.2277872
691 0.2278095
692 0.22783
693 0.2278505
694 0.2278697
695 0.2278897
696 0.227909
697 0.2279278
698 0.2279465
699 0.227965
700 0.2279847
701 0.2280038
702 0.2280247
703 0.2280448
704 0.2280641
705 0.2280833
706 0.2281039
707 0.228124
708 0.2281437
709 0.2281625
710 0.2281815
711 0.2282003
712 0.2282196
713 0.2282411
714 0.2282609
715 0.2282808
716 0.2282995
717 0.2283173
718 0.2283357
719 0.2283552
720 0.2283733
721 0.2283912
722 0.2284096
723 0.2284277
724 0.2284459
725 0.2284642
726 0.2284822
727 0.2285011
728 0.22852
729 0.2285384
730 0.2285559
731 0.2285753
732 0.2285931
733 0.2286104
734 0.2286288
735 0.2286471
736 0.2286652
737 0.2286815
738 0.2286983
739 0.2287159
740 0.2287335
741 0.2287512
742 0.2287695
743 0.2287862
744 0.2288029
745 0.2288208
746 0.2288375
747 0.2288546
748 0.2288716
749 0.2288902
750 0.228907
751 0.2289277
752 0.2289463
753 0.2289616
754 0.2289767
755 0.2289924
756 0.2290071
757 0.2290213
758 0.2290382
759 0.2290556
760 0.2290723
761 0.2290891
762 0.2291056
763 0.2291214
764 0.229139
765 0.2291566
766 0.2291736
767 0.22919
768 0.2292022
769 0.2292196
770 0.229237
771 0.2292553
772 0.2292727
773 0.2292918
774 0.229312
775 0.2293228
776 0.2293418
777 0.2293536
778 0.2293697
779 0.229387
780 0.2294025
781 0.2294191
782 0.2294376
783 0.2294551
784 0.2294724
785 0.2294902
786 0.2295047
787 0.2295199
788 0.2295355
789 0.2295483
790 0.2295684
791 0.2295794
792 0.2295975
793 0.2296114
794 0.2296255
795 0.2296416
796 0.2296527
797 0.2296724
798 0.2296852
799 0.2297045
800 0.2297205
801 0.2297322
802 0.2297507
803 0.2297634
804 0.229778
805 0.2297932
806 0.2298108
807 0.2298266
808 0.2298432
809 0.2298581
810 0.229877
811 0.2298879
812 0.2299056
813 0.2299194
814 0.2299329
815 0.2299473
816 0.2299621
817 0.2299761
818 0.2299919
819 0.2300091
820 0.2300247
821 0.2300407
822 0.2300547
823 0.2300693
824 0.230084
825 0.2300951
826 0.230115
827 0.2301263
828 0.2301413
829 0.2301577
830 0.2301726
831 0.2301888
832 0.2302027
833 0.2302174
834 0.2302323
835 0.2302467
836 0.2302612
837 0.2302757
838 0.2302896
839 0.2303036
840 0.2303187
841 0.2303347
842 0.2303477
843 0.2303608
844 0.2303759
845 0.2303917
846 0.2304062
847 0.2304205
848 0.2304346
849 0.2304488
850 0.2304638
851 0.2304807
852 0.2304918
853 0.2305056
854 0.2305195
855 0.2305331
856 0.2305472
857 0.2305618
858 0.2305789
859 0.2305907
860 0.2306036
861 0.2306189
862 0.2306316
863 0.2306456
864 0.2306589
865 0.2306717
866 0.2306857
867 0.2306996
868 0.2307146
869 0.2307281
870 0.230743
871 0.2307575
872 0.2307719
873 0.230785
874 0.2307989
875 0.2308113
876 0.2308234
877 0.2308368
878 0.2308498
879 0.2308639
880 0.2308773
881 0.23089
882 0.2309029
883 0.2309167
884 0.2309318
885 0.2309434
886 0.2309569
887 0.2309709
888 0.2309835
889 0.2309968
890 0.2310109
891 0.2310231
892 0.2310368
893 0.2310496
894 0.2310621
895 0.2310764
896 0.231089
897 0.2311016
898 0.2311147
899 0.2311271
900 0.2311396
901 0.2311551
902 0.2311652
903 0.2311799
904 0.2311899
905 0.2312043
906 0.2312142
907 0.2312286
908 0.2312373
909 0.2312553
910 0.231263
911 0.2312781
912 0.2312909
913 0.2313015
914 0.2313135
915 0.2313243
916 0.2313358
917 0.2313483
918 0.2313587
919 0.2313714
920 0.2313857
921 0.2313972
922 0.2314087
923 0.2314204
924 0.2314314
925 0.2314425
926 0.2314551
927 0.2314654
928 0.2314771
929 0.231489
930 0.2315012
931 0.2315114
932 0.231524
933 0.2315365
934 0.2315487
935 0.2315595
936 0.2315704
937 0.2315828
938 0.2315941
939 0.2316054
940 0.2316159
941 0.231627
942 0.2316375
943 0.2316482
944 0.2316589
945 0.2316679
946 0.2316783
947 0.2316896
948 0.2317002
949 0.2317107
950 0.2317212
951 0.2317315
952 0.2317409
953 0.2317515
954 0.2317608
955 0.2317715
956 0.2317819
957 0.2317916
958 0.2317988
959 0.2318129
960 0.231818
961 0.2318255
962 0.2318351
963 0.2318465
964 0.2318579
965 0.2318703
966 0.2318862
967 0.2318964
968 0.231905
969 0.2319142
970 0.2319232
971 0.2319301
972 0.2319374
973 0.2319447
974 0.2319532
975 0.2319611
976 0.2319709
977 0.2319798
978 0.2319901
979 0.2319993
980 0.2320085
981 0.2320167
982 0.2320246
983 0.2320334
984 0.2320426
985 0.232051
986 0.23206
987 0.2320693
988 0.2320769
989 0.2320857
990 0.232095
991 0.2321055
992 0.2321147
993 0.2321249
994 0.2321337
995 0.2321418
996 0.2321506
997 0.2321579
998 0.2321662
999 0.2321742
1000 0.2321821
1001 0.2321913
1002 0.2321996
1003 0.2322077
1004 0.2322154
1005 0.2322237
1006 0.2322323
1007 0.2322395
1008 0.2322482
1009 0.232255
1010 0.2322631
1011 0.2322715
1012 0.2322792
1013 0.232286
1014 0.232293
1015 0.2323003
1016 0.2323066
1017 0.2323136
1018 0.2323204
1019 0.2323281
1020 0.2323354
1021 0.2323428
1022 0.2323494
1023 0.2323558
1024 0.2323625
1025 0.2323689
1026 0.2323752
1027 0.232383
1028 0.2323896
1029 0.2323964
1030 0.2324039
1031 0.232411
1032 0.232417
1033 0.2324231
1034 0.2324297
1035 0.232436
1036 0.2324417
1037 0.2324476
1038 0.2324538
1039 0.23246
1040 0.2324664
1041 0.2324724
1042 0.2324772
1043 0.232483
1044 0.2324885
1045 0.2324933
1046 0.2324996
1047 0.2325024
1048 0.2325109
1049 0.232513
1050 0.2325214
1051 0.2325247
1052 0.2325338
1053 0.2325366
1054 0.2325477
1055 0.2325529
1056 0.2325581
1057 0.2325639
1058 0.2325688
1059 0.2325709
1060 0.2325724
1061 0.2325796
1062 0.2325826
1063 0.2325916
1064 0.232595
1065 0.2326041
1066 0.2326108
1067 0.2326161
1068 0.232619
1069 0.2326251
1070 0.2326276
1071 0.2326348
1072 0.2326368
1073 0.2326429
1074 0.2326457
1075 0.2326514
1076 0.232655
1077 0.2326599
1078 0.2326667
1079 0.2326673
1080 0.2326718
1081 0.2326766
1082 0.2326811
1083 0.2326847
1084 0.2326895
1085 0.232694
1086 0.2326972
1087 0.2326999
1088 0.2327038
1089 0.2327092
1090 0.2327113
1091 0.2327156
1092 0.2327196
1093 0.232723
1094 0.2327277
1095 0.232732
1096 0.2327342
1097 0.232738
1098 0.2327405
1099 0.2327441
1100 0.2327455
1101 0.2327486
1102 0.2327505
1103 0.2327536
1104 0.2327562
1105 0.2327593
1106 0.2327624
1107 0.2327656
1108 0.2327684
1109 0.2327724
1110 0.232775
1111 0.2327788
1112 0.2327814
1113 0.2327841
1114 0.2327866
1115 0.2327915
1116 0.2327926
1117 0.2327965
1118 0.2327994
1119 0.2328024
1120 0.2328051
1121 0.232808
1122 0.2328109
1123 0.2328139
1124 0.2328166
1125 0.2328183
1126 0.2328237
1127 0.2328255
1128 0.2328261
1129 0.2328285
1130 0.2328303
1131 0.2328327
1132 0.232835
1133 0.2328368
1134 0.2328397
1135 0.2328403
1136 0.2328427
1137 0.2328445
1138 0.232846
1139 0.2328494
1140 0.2328518
1141 0.2328532
1142 0.2328562
1143 0.2328562
1144 0.2328586
1145 0.2328601
1146 0.23286
1147 0.2328636
1148 0.2328662
1149 0.2328678
1150 0.2328687
1151 0.2328703
1152 0.2328707
1153 0.2328727
1154 0.2328724
1155 0.2328733
1156 0.232875
1157 0.2328772
1158 0.2328794
1159 0.2328812
1160 0.2328831
1161 0.2328852
1162 0.2328877
1163 0.2328886
1164 0.2328907
1165 0.2328905
1166 0.2328926
1167 0.2328913
1168 0.232895
1169 0.2328949
1170 0.2328992
1171 0.2328998
1172 0.2329012
1173 0.2329004
1174 0.2329025
1175 0.232901
1176 0.232903
1177 0.2329034
1178 0.2329051
1179 0.232904
1180 0.2329062
1181 0.2329057
1182 0.2329056
1183 0.2329073
1184 0.2329071
1185 0.2329082
1186 0.2329088
1187 0.2329105
1188 0.2329109
1189 0.232911
1190 0.232911
1191 0.232912
1192 0.2329135
1193 0.2329144
1194 0.2329152
1195 0.2329167
1196 0.2329169
1197 0.2329172
1198 0.2329168
1199 0.2329169
1200 0.232918
1201 0.2329165
1202 0.2329159
1203 0.2329146
1204 0.2329152
1205 0.2329151
1206 0.2329156
1207 0.232917
1208 0.2329176
1209 0.2329174
1210 0.2329179
1211 0.2329188
1212 0.2329181
1213 0.232918
1214 0.2329172
1215 0.2329167
1216 0.2329165
1217 0.2329158
1218 0.2329163
1219 0.2329158
1220 0.2329166
1221 0.2329161
1222 0.2329163
1223 0.2329163
1224 0.2329152
1225 0.2329141
1226 0.2329159
1227 0.2329159
1228 0.2329163
1229 0.2329149
1230 0.2329145
1231 0.2329143
1232 0.2329134
1233 0.2329132
1234 0.2329134
1235 0.2329123
1236 0.2329121
1237 0.2329116
1238 0.2329108
1239 0.2329108
1240 0.2329097
1241 0.2329087
1242 0.2329071
1243 0.2329058
1244 0.2329049
1245 0.2329035
1246 0.232903
1247 0.2329024
1248 0.232902
1249 0.2329011
1250 0.2329019
1251 0.2328992
1252 0.2328991
1253 0.2328973
1254 0.232897
1255 0.2328949
1256 0.2328931
1257 0.2328908
1258 0.2328902
1259 0.2328879
1260 0.2328877
1261 0.2328851
1262 0.2328849
1263 0.2328833
1264 0.2328823
1265 0.2328806
1266 0.2328787
1267 0.2328772
1268 0.232876
1269 0.2328735
1270 0.2328729
1271 0.2328705
1272 0.2328685
1273 0.2328666
1274 0.2328653
1275 0.2328635
1276 0.2328629
1277 0.2328613
1278 0.2328601
1279 0.2328597
1280 0.2328572
1281 0.2328565
1282 0.2328547
1283 0.2328527
1284 0.2328502
1285 0.2328482
1286 0.2328476
1287 0.2328447
1288 0.2328433
1289 0.2328424
1290 0.2328409
1291 0.2328389
1292 0.2328379
1293 0.2328354
1294 0.2328339
1295 0.2328318
1296 0.2328288
1297 0.2328271
1298 0.2328247
1299 0.2328233
1300 0.232821
1301 0.2328194
1302 0.2328182
1303 0.2328152
1304 0.2328139
1305 0.2328124
1306 0.2328105
1307 0.2328076
1308 0.2328053
1309 0.232802
1310 0.2328
1311 0.2327971
1312 0.2327953
1313 0.2327923
1314 0.2327898
1315 0.2327883
1316 0.2327869
1317 0.2327838
1318 0.2327804
1319 0.2327772
1320 0.2327742
1321 0.2327721
1322 0.2327694
1323 0.2327663
1324 0.2327643
1325 0.2327615
1326 0.2327583
1327 0.2327562
1328 0.2327539
1329 0.2327524
1330 0.2327502
1331 0.2327462
1332 0.2327431
1333 0.2327392
1334 0.2327364
1335 0.2327331
1336 0.2327316
1337 0.2327279
1338 0.2327244
1339 0.2327222
1340 0.2327191
1341 0.232715
1342 0.2327119
1343 0.232709
1344 0.2327055
1345 0.232702
1346 0.2326999
1347 0.2326967
1348 0.2326939
1349 0.2326904
1350 0.2326879
1351 0.232684
1352 0.2326809
1353 0.2326773
1354 0.232675
1355 0.2326717
1356 0.2326684
1357 0.232666
1358 0.2326629
1359 0.2326593
1360 0.2326562
1361 0.2326532
1362 0.232649
1363 0.2326463
1364 0.2326432
1365 0.2326391
1366 0.2326348
1367 0.2326311
1368 0.232627
1369 0.2326241
1370 0.2326204
1371 0.2326174
1372 0.2326139
1373 0.23261
1374 0.2326058
1375 0.2326026
1376 0.2325996
1377 0.2325951
1378 0.2325912
1379 0.2325862
1380 0.2325832
1381 0.2325797
1382 0.2325757
1383 0.2325726
1384 0.2325687
1385 0.2325645
1386 0.2325607
1387 0.2325579
1388 0.232555
1389 0.2325513
1390 0.2325468
1391 0.2325422
1392 0.2325369
1393 0.2325317
1394 0.2325268
1395 0.2325227
1396 0.2325187
1397 0.232514
1398 0.2325113
1399 0.2325074
1400 0.2325036
1401 0.2324995
1402 0.2324952
1403 0.2324917
1404 0.2324871
1405 0.232483
1406 0.2324788
1407 0.2324747
1408 0.2324699
1409 0.2324656
1410 0.2324609
1411 0.2324554
1412 0.2324512
1413 0.2324472
1414 0.2324431
1415 0.2324382
1416 0.2324335
1417 0.232429
1418 0.2324245
1419 0.2324206
1420 0.2324159
1421 0.2324114
1422 0.2324074
1423 0.2324022
1424 0.2323981
1425 0.2323934
1426 0.2323886
1427 0.2323843
1428 0.2323802
1429 0.2323758
1430 0.232371
1431 0.2323664
1432 0.2323617
1433 0.232357
1434 0.2323521
1435 0.2323474
1436 0.2323419
1437 0.2323377
1438 0.2323324
1439 0.2323276
1440 0.2323231
1441 0.2323182
1442 0.2323129
1443 0.2323076
1444 0.2323029
1445 0.2322981
1446 0.2322922
1447 0.2322876
1448 0.2322829
1449 0.2322776
1450 0.2322741
1451 0.2322683
1452 0.2322657
1453 0.2322606
1454 0.2322561
1455 0.2322511
1456 0.2322457
1457 0.23224
1458 0.2322343
1459 0.2322286
1460 0.2322237
1461 0.2322186
1462 0.2322134
1463 0.2322091
1464 0.2322031
1465 0.2321984
1466 0.2321931
1467 0.2321886
1468 0.2321832
1469 0.2321772
1470 0.2321732
1471 0.2321666
1472 0.2321608
1473 0.2321552
1474 0.2321501
1475 0.2321438
1476 0.232138
1477 0.2321328
1478 0.2321279
1479 0.2321233
1480 0.2321176
1481 0.2321127
1482 0.232108
1483 0.2321019
1484 0.2320968
1485 0.2320902
1486 0.2320842
1487 0.2320791
1488 0.2320739
1489 0.2320673
1490 0.2320625
1491 0.2320577
1492 0.2320528
1493 0.2320458
1494 0.2320408
1495 0.2320354
1496 0.2320301
1497 0.2320237
1498 0.2320177
1499 0.2320127
1500 0.2320066
1501 0.2320018
1502 0.2319961
1503 0.2319903
1504 0.2319847
1505 0.231979
1506 0.2319724
1507 0.2319673
1508 0.2319607
1509 0.2319554
1510 0.2319491
1511 0.2319438
1512 0.2319395
1513 0.2319324
1514 0.2319277
1515 0.2319227
1516 0.231917
1517 0.2319124
1518 0.2319066
1519 0.231901
1520 0.2318951
1521 0.2318894
1522 0.2318832
1523 0.2318778
1524 0.2318714
1525 0.2318656
1526 0.2318591
1527 0.2318547
1528 0.2318485
1529 0.2318423
1530 0.2318362
1531 0.2318301
1532 0.2318232
1533 0.2318176
1534 0.2318117
1535 0.2318055
1536 0.2317986
1537 0.2317926
1538 0.2317867
1539 0.2317811
1540 0.2317743
1541 0.2317691
1542 0.2317627
1543 0.2317567
1544 0.2317504
1545 0.2317444
1546 0.231738
1547 0.2317327
1548 0.2317273
1549 0.2317205
1550 0.2317145
1551 0.2317089
1552 0.2317018
1553 0.2316957
1554 0.2316884
1555 0.2316823
1556 0.2316776
1557 0.2316707
1558 0.2316645
1559 0.2316585
1560 0.2316528
1561 0.2316451
1562 0.2316398
1563 0.2316331
1564 0.2316264
1565 0.2316213
1566 0.2316151
1567 0.2316099
1568 0.2316029
1569 0.2315972
1570 0.2315913
1571 0.2315853
1572 0.2315794
1573 0.2315738
1574 0.2315684
1575 0.2315614
1576 0.2315545
1577 0.2315478
1578 0.2315408
1579 0.2315338
1580 0.2315274
1581 0.2315194
1582 0.2315135
1583 0.2315065
1584 0.2315
1585 0.2314936
1586 0.2314866
1587 0.2314803
1588 0.2314731
1589 0.2314671
1590 0.2314604
1591 0.2314536
1592 0.2314475
1593 0.2314409
1594 0.2314341
1595 0.2314268
1596 0.231421
1597 0.2314137
1598 0.2314058
1599 0.2313989
1600 0.2313917
1601 0.2313857
1602 0.2313802
1603 0.2313745
1604 0.2313682
1605 0.2313627
1606 0.2313572
1607 0.2313511
1608 0.2313445
1609 0.2313378
1610 0.2313315
1611 0.2313241
1612 0.2313165
1613 0.2313094
1614 0.2313027
1615 0.2312955
1616 0.2312878
1617 0.2312811
1618 0.2312737
1619 0.2312676
1620 0.2312609
1621 0.2312536
1622 0.2312463
1623 0.231239
1624 0.231232
1625 0.231224
1626 0.2312167
1627 0.2312106
1628 0.2312037
1629 0.2311963
1630 0.2311901
1631 0.2311835
1632 0.2311764
1633 0.2311682
1634 0.231161
1635 0.2311545
1636 0.2311466
1637 0.23114
1638 0.2311337
1639 0.2311267
1640 0.2311199
1641 0.231114
1642 0.2311076
1643 0.2311015
1644 0.2310942
1645 0.2310881
1646 0.2310811
1647 0.2310743
1648 0.2310687
1649 0.2310599
1650 0.2310547
1651 0.2310454
1652 0.2310394
1653 0.2310307
1654 0.2310259
1655 0.2310168
1656 0.2310115
1657 0.2310025
1658 0.2309976
1659 0.2309886
1660 0.2309833
1661 0.2309747
1662 0.2309699
1663 0.2309625
1664 0.2309531
1665 0.2309479
1666 0.2309412
1667 0.2309342
1668 0.2309266
1669 0.2309198
1670 0.2309119
1671 0.230905
1672 0.2308974
1673 0.2308898
1674 0.2308819
1675 0.2308747
1676 0.230867
1677 0.2308593
1678 0.2308518
1679 0.2308453
1680 0.2308376
1681 0.23083
1682 0.2308237
1683 0.2308159
1684 0.230808
1685 0.2308008
1686 0.2307926
1687 0.2307845
1688 0.2307774
1689 0.2307697
1690 0.230762
1691 0.2307551
1692 0.2307477
1693 0.2307396
1694 0.2307323
1695 0.2307249
1696 0.2307169
1697 0.2307103
1698 0.2307029
1699 0.2306961
1700 0.2306875
1701 0.23068
1702 0.2306725
1703 0.2306651
1704 0.2306571
1705 0.2306504
1706 0.2306431
1707 0.2306359
1708 0.2306288
1709 0.2306204
1710 0.2306133
1711 0.2306035
1712 0.2305964
1713 0.2305883
1714 0.2305805
1715 0.2305738
1716 0.2305659
1717 0.2305578
1718 0.2305496
1719 0.2305419
1720 0.2305344
1721 0.230527
1722 0.2305202
1723 0.2305127
1724 0.230505
1725 0.2304973
1726 0.2304901
1727 0.2304826
1728 0.2304748
1729 0.2304678
1730 0.2304598
1731 0.2304514
1732 0.2304431
1733 0.2304352
1734 0.2304267
1735 0.23042
1736 0.2304116
1737 0.2304045
1738 0.2303961
1739 0.2303896
1740 0.2303818
1741 0.2303745
1742 0.2303674
1743 0.2303589
1744 0.2303514
1745 0.2303436
1746 0.2303359
1747 0.2303278
1748 0.23032
1749 0.2303119
1750 0.2303038
1751 0.2302964
1752 0.2302891
1753 0.2302817
1754 0.2302753
1755 0.2302667
1756 0.2302577
1757 0.2302497
1758 0.2302411
1759 0.2302325
1760 0.2302245
1761 0.2302167
1762 0.230209
1763 0.2302007
1764 0.2301927
1765 0.230186
1766 0.2301785
1767 0.2301708
1768 0.2301642
1769 0.230156
1770 0.2301478
1771 0.2301397
1772 0.2301319
1773 0.2301233
1774 0.2301155
1775 0.2301073
1776 0.230096
1777 0.2300904
1778 0.2300806
1779 0.2300746
1780 0.2300667
1781 0.2300585
1782 0.2300509
1783 0.2300432
1784 0.2300351
1785 0.2300269
1786 0.2300184
1787 0.2300092
1788 0.2300016
1789 0.2299924
1790 0.2299844
1791 0.2299757
1792 0.22997
1793 0.2299624
1794 0.2299539
1795 0.2299455
1796 0.2299378
1797 0.22993
1798 0.2299212
1799 0.229912
1800 0.2299045
1801 0.2298989
1802 0.2298879
1803 0.2298794
1804 0.2298742
1805 0.2298633
1806 0.2298582
1807 0.2298471
1808 0.2298396
1809 0.2298315
1810 0.2298236
1811 0.2298158
1812 0.2298076
1813 0.2297972
1814 0.2297897
1815 0.2297845
1816 0.2297762
1817 0.2297682
1818 0.2297596
1819 0.2297514
1820 0.2297436
1821 0.2297356
1822 0.2297273
1823 0.229719
1824 0.2297101
1825 0.2297025
1826 0.2296937
1827 0.229685
1828 0.2296769
1829 0.2296685
1830 0.229661
1831 0.229654
1832 0.2296433
1833 0.2296382
1834 0.2296277
1835 0.2296198
1836 0.2296124
1837 0.2296046
1838 0.2295963
1839 0.2295868
1840 0.2295778
1841 0.229572
1842 0.2295635
1843 0.2295544
1844 0.2295428
1845 0.2295374
1846 0.2295305
1847 0.2295229
1848 0.2295136
1849 0.229505
1850 0.2294972
1851 0.2294883
1852 0.2294802
1853 0.2294713
1854 0.2294638
1855 0.2294556
1856 0.2294468
1857 0.2294395
1858 0.229431
1859 0.2294235
1860 0.2294159
1861 0.2294066
1862 0.2293978
1863 0.2293901
1864 0.2293808
1865 0.2293677
1866 0.2293629
1867 0.2293515
1868 0.2293465
1869 0.2293352
1870 0.2293305
1871 0.2293231
1872 0.2293149
1873 0.2293073
1874 0.2292981
1875 0.2292899
1876 0.229282
1877 0.2292729
1878 0.2292643
1879 0.2292562
1880 0.2292474
1881 0.2292382
1882 0.2292303
1883 0.2292218
1884 0.2292136
1885 0.2292054
1886 0.2291968
1887 0.2291894
1888 0.2291819
1889 0.2291721
1890 0.2291635
1891 0.2291551
1892 0.2291459
1893 0.2291379
1894 0.2291297
1895 0.2291221
1896 0.2291141
1897 0.2291057
1898 0.2290969
1899 0.2290889
1900 0.2290805
1901 0.2290718
1902 0.2290632
1903 0.2290538
1904 0.2290463
1905 0.229037
1906 0.2290286
1907 0.2290158
1908 0.2290113
1909 0.2290038
1910 0.2289964
1911 0.2289846
1912 0.2289794
1913 0.2289725
1914 0.2289607
1915 0.2289557
1916 0.2289476
1917 0.228935
1918 0.2289292
1919 0.2289177
1920 0.2289085
1921 0.2289028
1922 0.2288916
1923 0.2288864
1924 0.2288744
1925 0.2288686
1926 0.2288615
1927 0.228849
1928 0.2288455
1929 0.2288337
1930 0.2288267
1931 0.2288172
1932 0.2288072
1933 0.2288012
1934 0.2287926
1935 0.2287834
1936 0.2287749
1937 0.2287653
1938 0.2287571
1939 0.2287485
1940 0.2287409
1941 0.2287324
1942 0.2287233
1943 0.2287155
1944 0.228707
1945 0.2286985
1946 0.2286896
1947 0.2286814
1948 0.2286731
1949 0.2286635
1950 0.2286582
1951 0.2286453
1952 0.2286361
1953 0.2286287
1954 0.2286207
1955 0.2286116
1956 0.2286037
1957 0.228595
1958 0.2285875
1959 0.2285785
1960 0.2285704
1961 0.2285614
1962 0.2285532
1963 0.2285402
1964 0.2285354
1965 0.2285243
1966 0.2285153
1967 0.2285068
1968 0.2284994
1969 0.2284908
1970 0.2284826
1971 0.2284746
1972 0.2284661
1973 0.228459
1974 0.2284506
1975 0.2284415
1976 0.2284365
1977 0.2284286
1978 0.2284193
1979 0.2284099
1980 0.228399
1981 0.2283908
1982 0.2283813
1983 0.228372
1984 0.228363
1985 0.2283554
1986 0.2283467
1987 0.2283385
1988 0.2283293
1989 0.2283214
1990 0.2283129
1991 0.2283055
1992 0.2282969
1993 0.2282881
1994 0.22828
1995 0.2282716
1996 0.2282661
1997 0.2282519
1998 0.2282431
1999 0.2282338
2000 0.2282252
