"report-file-4"
"Iteration" "report-def-0"
("Iteration" "report-def-0")
1 24.0903
2 11.78881
3 5.291426
4 1.69969
5 -0.05425118
6 -0.7448554
7 -0.8315017
8 -0.5820271
9 -0.3398922
10 -0.1100907
11 0.07764324
12 0.1691874
13 0.2046925
14 0.174722
15 0.1894635
16 0.1792912
17 0.1733988
18 0.172404
19 0.1713312
20 0.1752752
21 0.1784032
22 0.1858603
23 0.1893691
24 0.1951886
25 0.2012794
26 0.2067915
27 0.2115969
28 0.2165283
29 0.2216444
30 0.2259807
31 0.2303315
32 0.2351505
33 0.239877
34 0.2448505
35 0.2494501
36 0.2542379
37 0.2585106
38 0.2628421
39 0.2669422
40 0.2711549
41 0.2740514
42 0.2790029
43 0.2822286
44 0.2872508
45 0.2899631
46 0.2933152
47 0.2968804
48 0.3007618
49 0.304335
50 0.307571
51 0.310938
52 0.3141516
53 0.3173303
54 0.3203365
55 0.3231858
56 0.3258415
57 0.3286589
58 0.3312499
59 0.3337143
60 0.3361533
61 0.3386391
62 0.3410336
63 0.3434367
64 0.3458035
65 0.3480739
66 0.3501427
67 0.3519608
68 0.3536464
69 0.3552704
70 0.3568094
71 0.3584638
72 0.3599634
73 0.361209
74 0.3624155
75 0.3636985
76 0.3649017
77 0.366182
78 0.3673662
79 0.3683898
80 0.369408
81 0.370313
82 0.3711569
83 0.3721396
84 0.3731124
85 0.3740484
86 0.374818
87 0.3757855
88 0.3766481
89 0.3774865
90 0.3783678
91 0.3792399
92 0.3800784
93 0.3807596
94 0.3815504
95 0.3822833
96 0.3830943
97 0.3838884
98 0.3845796
99 0.385332
100 0.3860803
101 0.3869
102 0.3876704
103 0.3884331
104 0.3892469
105 0.3899584
106 0.3906253
107 0.391225
108 0.3918951
109 0.3926071
110 0.3932824
111 0.3940433
112 0.394708
113 0.3953648
114 0.3959866
115 0.3966471
116 0.3973803
117 0.3981246
118 0.3987999
119 0.3994665
120 0.4000591
121 0.4006175
122 0.4012242
123 0.4017692
124 0.4023298
125 0.4029257
126 0.4035267
127 0.4041326
128 0.4046988
129 0.4052527
130 0.4058091
131 0.4062565
132 0.4067487
133 0.4072439
134 0.4077719
135 0.4083025
136 0.4088106
137 0.4092904
138 0.4098011
139 0.4102726
140 0.4107121
141 0.4111089
142 0.4115297
143 0.4119559
144 0.4123835
145 0.4128346
146 0.4132608
147 0.4136697
148 0.4140275
149 0.4144316
150 0.4148601
151 0.4152632
152 0.415638
153 0.4159787
154 0.4163377
155 0.4166748
156 0.4170077
157 0.4173749
158 0.417695
159 0.4180482
160 0.4184285
161 0.4187613
162 0.4190729
163 0.4193691
164 0.4197019
165 0.4199862
166 0.4202634
167 0.4205413
168 0.4208231
169 0.421097
170 0.42136
171 0.4216267
172 0.4218822
173 0.4221675
174 0.4224036
175 0.4226426
176 0.4228948
177 0.4231302
178 0.4233645
179 0.4235923
180 0.4238126
181 0.4240738
182 0.4242906
183 0.424459
184 0.4246535
185 0.4248244
186 0.4250128
187 0.4252019
188 0.4253838
189 0.4256147
190 0.4257845
191 0.4259618
192 0.4261333
193 0.4262516
194 0.4264101
195 0.4265813
196 0.4267558
197 0.4269415
198 0.4271129
199 0.427284
200 0.4274542
201 0.427615
202 0.4277532
203 0.4279099
204 0.4280633
205 0.4282086
206 0.4283524
207 0.4284949
208 0.4286343
209 0.4287854
210 0.4289457
211 0.4291085
212 0.4292759
213 0.4294355
214 0.4296104
215 0.4297735
216 0.4299346
217 0.4300761
218 0.4302268
219 0.4303842
220 0.4305349
221 0.4307173
222 0.4308863
223 0.4310462
224 0.4312198
225 0.4313992
226 0.4315639
227 0.4317336
228 0.4318989
229 0.4320684
230 0.4322376
231 0.4324073
232 0.4325775
233 0.4327464
234 0.4329183
235 0.4330915
236 0.4332759
237 0.433453
238 0.4336321
239 0.433805
240 0.4339829
241 0.4341577
242 0.4343282
243 0.4345037
244 0.4346843
245 0.4348671
246 0.4350489
247 0.4352427
248 0.4354285
249 0.4356125
250 0.4357929
251 0.4359703
252 0.4361443
253 0.4363303
254 0.4365045
255 0.4366863
256 0.4368676
257 0.4370495
258 0.437225
259 0.4374106
260 0.4375924
261 0.4377831
262 0.4379639
263 0.4381394
264 0.4383281
265 0.4384925
266 0.4386975
267 0.4388884
268 0.4390697
269 0.4392399
270 0.4394128
271 0.4395982
272 0.4397787
273 0.4399617
274 0.440148
275 0.4403226
276 0.4405182
277 0.4407018
278 0.4408742
279 0.4410474
280 0.4412209
281 0.4413959
282 0.4415672
283 0.4417433
284 0.4419074
285 0.442091
286 0.4422687
287 0.4424258
288 0.4425984
289 0.4427808
290 0.4429556
291 0.4431195
292 0.443282
293 0.4434412
294 0.4435914
295 0.4437592
296 0.4439299
297 0.4441234
298 0.4442751
299 0.4444239
300 0.4445456
301 0.4447055
302 0.4448658
303 0.445006
304 0.4451606
305 0.4453198
306 0.4454725
307 0.4456271
308 0.4457756
309 0.4459206
310 0.4460652
311 0.446198
312 0.4463433
313 0.4464827
314 0.4466246
315 0.4467604
316 0.4468985
317 0.4470367
318 0.4471652
319 0.4472962
320 0.4474298
321 0.4475636
322 0.4476923
323 0.4478111
324 0.4479541
325 0.4480798
326 0.4481982
327 0.4483115
328 0.4484273
329 0.4485549
330 0.448671
331 0.4487971
332 0.4489208
333 0.449032
334 0.4491473
335 0.4492648
336 0.4493719
337 0.4494819
338 0.4495922
339 0.4497089
340 0.449818
341 0.4499256
342 0.4500357
343 0.4501397
344 0.4502452
345 0.4503539
346 0.4504615
347 0.4505566
348 0.4506625
349 0.4507646
350 0.4508707
351 0.4509681
352 0.4510624
353 0.4511718
354 0.4512667
355 0.4513619
356 0.4514494
357 0.4515509
358 0.4516481
359 0.4517476
360 0.4518369
361 0.451928
362 0.4520293
363 0.4521192
364 0.4522041
365 0.4522998
366 0.4523813
367 0.4524632
368 0.4525403
369 0.4526111
370 0.4526898
371 0.4527695
372 0.4528494
373 0.452926
374 0.4530081
375 0.4530697
376 0.4531617
377 0.4532405
378 0.4533066
379 0.4533767
380 0.4534473
381 0.4535159
382 0.4535783
383 0.4536433
384 0.4537002
385 0.4537602
386 0.4538213
387 0.4538777
388 0.4539325
389 0.4540092
390 0.4540644
391 0.4541036
392 0.4541526
393 0.4541964
394 0.4542451
395 0.4542855
396 0.4543277
397 0.4543699
398 0.4544112
399 0.4544516
400 0.45448
401 0.4545234
402 0.45456
403 0.4545926
404 0.4546216
405 0.4546506
406 0.4546775
407 0.4547
408 0.4547209
409 0.4547412
410 0.4547621
411 0.4547777
412 0.4547931
413 0.4548099
414 0.4548145
415 0.4548284
416 0.4548444
417 0.4548603
418 0.4548711
419 0.4548856
420 0.454884
421 0.454889
422 0.4548884
423 0.4548886
424 0.4548818
425 0.4548756
426 0.4548703
427 0.4548632
428 0.4548549
429 0.4548511
430 0.4548395
431 0.4548329
432 0.4548198
433 0.4548074
434 0.4547905
435 0.454768
436 0.4547432
437 0.4547234
438 0.4546982
439 0.4546821
440 0.4546539
441 0.4546317
442 0.4546086
443 0.4545725
444 0.4545386
445 0.4545096
446 0.4544834
447 0.4544546
448 0.4544286
449 0.454404
450 0.454367
451 0.4543355
452 0.4542984
453 0.4542563
454 0.454211
455 0.4541768
456 0.4541317
457 0.4540923
458 0.4540585
459 0.4540274
460 0.4539952
461 0.4539547
462 0.4539124
463 0.4538693
464 0.4538222
465 0.4537735
466 0.4537287
467 0.4536856
468 0.4536482
469 0.4536057
470 0.4535613
471 0.4535186
472 0.4534708
473 0.4534304
474 0.4533899
475 0.4533461
476 0.4533024
477 0.4532603
478 0.4532168
479 0.4531789
480 0.4531359
481 0.4530946
482 0.453052
483 0.4530044
484 0.4529648
485 0.4529269
486 0.4528892
487 0.452856
488 0.452817
489 0.452781
490 0.4527414
491 0.4527087
492 0.4526701
493 0.4526348
494 0.4525979
495 0.4525501
496 0.452517
497 0.4524859
498 0.452456
499 0.4524236
500 0.4523872
501 0.4523582
502 0.4523312
503 0.4522963
504 0.4522705
505 0.4522377
506 0.4522099
507 0.4521814
508 0.452151
509 0.4521253
510 0.4521026
511 0.4520747
512 0.4520505
513 0.4520265
514 0.4520029
515 0.4519799
516 0.4519573
517 0.4519316
518 0.4519112
519 0.4518923
520 0.4518719
521 0.4518542
522 0.451836
523 0.4518176
524 0.451801
525 0.4517858
526 0.451773
527 0.4517548
528 0.45175
529 0.4517376
530 0.4517189
531 0.4517089
532 0.4516872
533 0.4516749
534 0.4516644
535 0.4516601
536 0.4516517
537 0.4516428
538 0.4516355
539 0.4516263
540 0.451618
541 0.4516164
542 0.4516132
543 0.4516133
544 0.4516099
545 0.4516067
546 0.4516025
547 0.4515992
548 0.4515999
549 0.451597
550 0.4515993
551 0.4515998
552 0.4516012
553 0.4516091
554 0.4516097
555 0.4516117
556 0.4516162
557 0.451619
558 0.4516229
559 0.4516298
560 0.4516344
561 0.4516399
562 0.45165
563 0.4516574
564 0.4516698
565 0.4516824
566 0.4516879
567 0.4516964
568 0.4517052
569 0.45172
570 0.4517342
571 0.4517457
572 0.4517615
573 0.4517736
574 0.4517932
575 0.4518045
576 0.4518194
577 0.4518351
578 0.4518481
579 0.4518659
580 0.4518817
581 0.4518999
582 0.4519235
583 0.4519436
584 0.4519629
585 0.4519822
586 0.4520013
587 0.4520219
588 0.4520417
589 0.4520609
590 0.4520803
591 0.4521005
592 0.4521246
593 0.4521479
594 0.4521724
595 0.4521991
596 0.4522166
597 0.4522422
598 0.4522683
599 0.4522943
600 0.4523204
601 0.4523469
602 0.4523729
603 0.4524008
604 0.4524323
605 0.4524561
606 0.4524872
607 0.4525177
608 0.4525436
609 0.452572
610 0.4526019
611 0.4526335
612 0.4526652
613 0.4526969
614 0.4527252
615 0.452757
616 0.4527931
617 0.4528335
618 0.4528672
619 0.4528978
620 0.4529274
621 0.4529557
622 0.4529895
623 0.4530205
624 0.4530534
625 0.4530936
626 0.4531302
627 0.4531655
628 0.4532028
629 0.4532384
630 0.4532743
631 0.4533122
632 0.4533477
633 0.4533837
634 0.453422
635 0.4534628
636 0.4534974
637 0.4535321
638 0.453566
639 0.4536049
640 0.4536431
641 0.4536832
642 0.4537199
643 0.4537592
644 0.4537955
645 0.4538307
646 0.4538751
647 0.4539078
648 0.4539488
649 0.4539857
650 0.4540236
651 0.454063
652 0.4541013
653 0.4541366
654 0.4541768
655 0.4542158
656 0.4542554
657 0.4542974
658 0.4543383
659 0.4543764
660 0.4544151
661 0.4544553
662 0.4544945
663 0.4545345
664 0.4545737
665 0.454611
666 0.4546526
667 0.4546896
668 0.4547292
669 0.4547704
670 0.4548109
671 0.4548506
672 0.4548876
673 0.4549254
674 0.4549674
675 0.4550108
676 0.4550503
677 0.4550947
678 0.4551362
679 0.4551785
680 0.4552172
681 0.4552566
682 0.4552983
683 0.4553359
684 0.4553759
685 0.4554155
686 0.4554545
687 0.4554865
688 0.4555289
689 0.4555682
690 0.4556108
691 0.4556555
692 0.4556964
693 0.4557374
694 0.4557758
695 0.4558158
696 0.4558545
697 0.4558921
698 0.4559295
699 0.4559665
700 0.4560059
701 0.456044
702 0.4560859
703 0.4561261
704 0.4561647
705 0.4562031
706 0.4562443
707 0.4562846
708 0.456324
709 0.4563614
710 0.4563995
711 0.4564372
712 0.4564758
713 0.4565187
714 0.4565584
715 0.4565981
716 0.4566356
717 0.4566711
718 0.456708
719 0.4567469
720 0.4567832
721 0.456819
722 0.4568557
723 0.456892
724 0.4569283
725 0.4569649
726 0.457001
727 0.4570388
728 0.4570766
729 0.4571133
730 0.4571483
731 0.4571872
732 0.4572227
733 0.4572573
734 0.4572941
735 0.4573308
736 0.4573669
737 0.4573996
738 0.4574333
739 0.4574685
740 0.4575036
741 0.457539
742 0.4575755
743 0.4576091
744 0.4576424
745 0.4576783
746 0.4577116
747 0.4577458
748 0.4577797
749 0.457817
750 0.4578507
751 0.4578921
752 0.4579293
753 0.4579598
754 0.4579901
755 0.4580215
756 0.4580508
757 0.4580793
758 0.4581131
759 0.4581479
760 0.4581813
761 0.4582149
762 0.4582478
763 0.4582795
764 0.4583147
765 0.4583499
766 0.4583838
767 0.4584167
768 0.458441
769 0.4584759
770 0.4585107
771 0.4585474
772 0.4585821
773 0.4586203
774 0.4586607
775 0.4586823
776 0.4587204
777 0.4587439
778 0.458776
779 0.4588106
780 0.4588417
781 0.4588749
782 0.458912
783 0.4589468
784 0.4589815
785 0.459017
786 0.4590462
787 0.4590766
788 0.4591076
789 0.4591333
790 0.4591736
791 0.4591955
792 0.4592317
793 0.4592596
794 0.4592878
795 0.45932
796 0.4593422
797 0.4593816
798 0.4594072
799 0.4594458
800 0.4594777
801 0.4595012
802 0.4595381
803 0.4595636
804 0.4595928
805 0.4596232
806 0.4596585
807 0.4596899
808 0.4597233
809 0.4597529
810 0.4597908
811 0.4598125
812 0.459848
813 0.4598755
814 0.4599026
815 0.4599314
816 0.459961
817 0.459989
818 0.4600207
819 0.460055
820 0.4600863
821 0.4601183
822 0.4601462
823 0.4601754
824 0.4602048
825 0.460227
826 0.4602668
827 0.4602894
828 0.4603194
829 0.4603522
830 0.4603821
831 0.4604145
832 0.4604423
833 0.4604715
834 0.4605015
835 0.4605302
836 0.4605592
837 0.4605882
838 0.4606161
839 0.4606441
840 0.4606742
841 0.4607062
842 0.4607323
843 0.4607584
844 0.4607887
845 0.4608203
846 0.4608493
847 0.4608778
848 0.460906
849 0.4609345
850 0.4609644
851 0.4609983
852 0.4610205
853 0.4610481
854 0.4610758
855 0.4611031
856 0.4611314
857 0.4611605
858 0.4611948
859 0.4612182
860 0.4612442
861 0.4612747
862 0.4613001
863 0.461328
864 0.4613546
865 0.4613802
866 0.4614083
867 0.4614362
868 0.4614662
869 0.4614931
870 0.461523
871 0.461552
872 0.4615807
873 0.4616069
874 0.4616346
875 0.4616594
876 0.4616836
877 0.4617105
878 0.4617366
879 0.4617648
880 0.4617915
881 0.4618169
882 0.4618427
883 0.4618704
884 0.4619005
885 0.4619237
886 0.4619507
887 0.4619787
888 0.4620039
889 0.4620305
890 0.4620588
891 0.4620832
892 0.4621106
893 0.4621362
894 0.4621611
895 0.4621897
896 0.4622151
897 0.4622401
898 0.4622663
899 0.4622912
900 0.4623162
901 0.4623473
902 0.4623674
903 0.4623967
904 0.4624167
905 0.4624456
906 0.4624653
907 0.4624942
908 0.4625115
909 0.4625476
910 0.462563
911 0.4625931
912 0.4626188
913 0.4626401
914 0.4626639
915 0.4626856
916 0.4627086
917 0.4627336
918 0.4627545
919 0.4627798
920 0.4628083
921 0.4628313
922 0.4628544
923 0.4628779
924 0.4628997
925 0.4629221
926 0.4629473
927 0.4629678
928 0.4629912
929 0.4630151
930 0.4630395
931 0.4630598
932 0.4630851
933 0.46311
934 0.4631344
935 0.463156
936 0.4631779
937 0.4632026
938 0.4632252
939 0.4632478
940 0.4632688
941 0.463291
942 0.4633121
943 0.4633334
944 0.4633549
945 0.4633729
946 0.4633937
947 0.4634162
948 0.4634374
949 0.4634585
950 0.4634795
951 0.4635001
952 0.4635189
953 0.4635401
954 0.4635586
955 0.4635801
956 0.4636009
957 0.4636203
958 0.4636346
959 0.4636628
960 0.4636731
961 0.4636882
962 0.4637072
963 0.4637302
964 0.463753
965 0.4637778
966 0.4638095
967 0.4638299
968 0.4638471
969 0.4638655
970 0.4638835
971 0.4638973
972 0.4639119
973 0.4639264
974 0.4639436
975 0.4639594
976 0.463979
977 0.4639966
978 0.4640173
979 0.4640357
980 0.4640542
981 0.4640706
982 0.4640863
983 0.4641039
984 0.4641224
985 0.4641392
986 0.4641572
987 0.4641758
988 0.4641909
989 0.4642086
990 0.4642271
991 0.4642481
992 0.4642665
993 0.464287
994 0.4643045
995 0.4643207
996 0.4643384
997 0.464353
998 0.4643695
999 0.4643855
1000 0.4644014
1001 0.4644197
1002 0.4644363
1003 0.4644526
1004 0.464468
1005 0.4644845
1006 0.4645017
1007 0.4645161
1008 0.4645335
1009 0.4645472
1010 0.4645635
1011 0.4645801
1012 0.4645956
1013 0.4646091
1014 0.4646231
1015 0.4646378
1016 0.4646503
1017 0.4646644
1018 0.4646779
1019 0.4646934
1020 0.464708
1021 0.4647228
1022 0.464736
1023 0.4647487
1024 0.4647622
1025 0.464775
1026 0.4647875
1027 0.4648032
1028 0.4648164
1029 0.46483
1030 0.4648451
1031 0.4648592
1032 0.4648711
1033 0.4648835
1034 0.4648965
1035 0.4649091
1036 0.4649207
1037 0.4649324
1038 0.4649449
1039 0.4649573
1040 0.4649699
1041 0.4649821
1042 0.4649915
1043 0.4650031
1044 0.4650141
1045 0.4650238
1046 0.4650364
1047 0.4650419
1048 0.465059
1049 0.4650633
1050 0.4650799
1051 0.4650865
1052 0.4651048
1053 0.4651105
1054 0.4651325
1055 0.465143
1056 0.4651533
1057 0.465165
1058 0.4651747
1059 0.4651791
1060 0.465182
1061 0.4651964
1062 0.4652024
1063 0.4652205
1064 0.4652271
1065 0.4652454
1066 0.4652588
1067 0.4652693
1068 0.4652752
1069 0.4652874
1070 0.4652925
1071 0.4653068
1072 0.4653108
1073 0.465323
1074 0.4653287
1075 0.46534
1076 0.4653473
1077 0.4653571
1078 0.4653707
1079 0.4653719
1080 0.4653809
1081 0.4653904
1082 0.4653994
1083 0.4654067
1084 0.4654163
1085 0.4654252
1086 0.4654317
1087 0.4654371
1088 0.4654449
1089 0.4654556
1090 0.4654599
1091 0.4654685
1092 0.4654763
1093 0.4654832
1094 0.4654925
1095 0.4655012
1096 0.4655056
1097 0.4655133
1098 0.4655182
1099 0.4655254
1100 0.4655282
1101 0.4655344
1102 0.4655382
1103 0.4655444
1104 0.4655496
1105 0.4655558
1106 0.465562
1107 0.4655685
1108 0.4655741
1109 0.465582
1110 0.4655872
1111 0.4655949
1112 0.4656
1113 0.4656054
1114 0.4656104
1115 0.4656202
1116 0.4656224
1117 0.4656303
1118 0.4656361
1119 0.4656421
1120 0.4656475
1121 0.4656533
1122 0.4656591
1123 0.4656651
1124 0.4656704
1125 0.4656738
1126 0.4656846
1127 0.4656882
1128 0.4656894
1129 0.4656943
1130 0.4656979
1131 0.4657027
1132 0.4657072
1133 0.4657109
1134 0.4657167
1135 0.4657179
1136 0.4657227
1137 0.4657263
1138 0.4657292
1139 0.4657361
1140 0.4657408
1141 0.4657437
1142 0.4657497
1143 0.4657497
1144 0.4657544
1145 0.4657574
1146 0.4657572
1147 0.4657645
1148 0.4657696
1149 0.4657728
1150 0.4657747
1151 0.4657779
1152 0.4657786
1153 0.4657826
1154 0.4657821
1155 0.4657839
1156 0.4657873
1157 0.4657917
1158 0.465796
1159 0.4657996
1160 0.4658035
1161 0.4658076
1162 0.4658126
1163 0.4658144
1164 0.4658187
1165 0.4658183
1166 0.4658224
1167 0.4658199
1168 0.4658273
1169 0.465827
1170 0.4658356
1171 0.4658368
1172 0.4658396
1173 0.465838
1174 0.4658422
1175 0.4658393
1176 0.4658433
1177 0.4658441
1178 0.4658474
1179 0.4658453
1180 0.4658496
1181 0.4658487
1182 0.4658485
1183 0.4658518
1184 0.4658514
1185 0.4658537
1186 0.4658549
1187 0.4658583
1188 0.465859
1189 0.4658593
1190 0.4658592
1191 0.4658612
1192 0.4658642
1193 0.4658661
1194 0.4658677
1195 0.4658706
1196 0.465871
1197 0.4658717
1198 0.4658709
1199 0.465871
1200 0.4658733
1201 0.4658702
1202 0.4658691
1203 0.4658665
1204 0.4658676
1205 0.4658675
1206 0.4658684
1207 0.4658712
1208 0.4658724
1209 0.465872
1210 0.4658732
1211 0.4658748
1212 0.4658734
1213 0.4658733
1214 0.4658717
1215 0.4658707
1216 0.4658703
1217 0.4658688
1218 0.4658699
1219 0.4658689
1220 0.4658704
1221 0.4658695
1222 0.4658698
1223 0.4658699
1224 0.4658677
1225 0.4658656
1226 0.465869
1227 0.4658691
1228 0.4658698
1229 0.465867
1230 0.4658662
1231 0.4658659
1232 0.465864
1233 0.4658636
1234 0.465864
1235 0.4658619
1236 0.4658615
1237 0.4658605
1238 0.4658588
1239 0.4658588
1240 0.4658566
1241 0.4658546
1242 0.4658515
1243 0.465849
1244 0.465847
1245 0.4658442
1246 0.4658433
1247 0.465842
1248 0.4658412
1249 0.4658394
1250 0.465841
1251 0.4658356
1252 0.4658355
1253 0.4658319
1254 0.4658313
1255 0.4658271
1256 0.4658234
1257 0.4658188
1258 0.4658177
1259 0.465813
1260 0.4658127
1261 0.4658075
1262 0.4658071
1263 0.4658038
1264 0.4658019
1265 0.4657985
1266 0.4657946
1267 0.4657917
1268 0.4657893
1269 0.4657842
1270 0.4657831
1271 0.4657782
1272 0.4657743
1273 0.4657705
1274 0.4657679
1275 0.4657642
1276 0.465763
1277 0.4657598
1278 0.4657574
1279 0.4657566
1280 0.4657517
1281 0.4657503
1282 0.4657467
1283 0.4657427
1284 0.4657377
1285 0.4657336
1286 0.4657324
1287 0.4657266
1288 0.4657238
1289 0.465722
1290 0.465719
1291 0.4657151
1292 0.465713
1293 0.4657081
1294 0.4657051
1295 0.4657009
1296 0.4656948
1297 0.4656914
1298 0.4656867
1299 0.4656838
1300 0.4656792
1301 0.4656761
1302 0.4656737
1303 0.4656676
1304 0.465665
1305 0.4656621
1306 0.4656582
1307 0.4656525
1308 0.4656479
1309 0.4656413
1310 0.4656373
1311 0.4656315
1312 0.4656278
1313 0.4656218
1314 0.4656169
1315 0.4656139
1316 0.4656111
1317 0.4656049
1318 0.465598
1319 0.4655916
1320 0.4655856
1321 0.4655815
1322 0.4655761
1323 0.4655699
1324 0.4655659
1325 0.4655603
1326 0.4655539
1327 0.4655497
1328 0.4655451
1329 0.4655421
1330 0.4655376
1331 0.4655296
1332 0.4655234
1333 0.4655156
1334 0.46551
1335 0.4655035
1336 0.4655005
1337 0.4654931
1338 0.465486
1339 0.4654816
1340 0.4654754
1341 0.4654672
1342 0.465461
1343 0.4654552
1344 0.4654482
1345 0.4654413
1346 0.465437
1347 0.4654305
1348 0.4654251
1349 0.4654181
1350 0.4654131
1351 0.4654051
1352 0.465399
1353 0.4653918
1354 0.4653871
1355 0.4653807
1356 0.4653741
1357 0.4653691
1358 0.4653631
1359 0.4653558
1360 0.4653496
1361 0.4653437
1362 0.4653352
1363 0.4653298
1364 0.4653236
1365 0.4653155
1366 0.4653068
1367 0.4652993
1368 0.4652912
1369 0.4652853
1370 0.465278
1371 0.465272
1372 0.465265
1373 0.4652572
1374 0.4652489
1375 0.4652424
1376 0.4652364
1377 0.4652275
1378 0.4652196
1379 0.4652097
1380 0.4652035
1381 0.4651966
1382 0.4651887
1383 0.4651824
1384 0.4651746
1385 0.4651662
1386 0.4651587
1387 0.4651529
1388 0.4651473
1389 0.4651399
1390 0.4651309
1391 0.4651216
1392 0.4651109
1393 0.4651006
1394 0.4650907
1395 0.4650825
1396 0.4650745
1397 0.4650652
1398 0.4650597
1399 0.465052
1400 0.4650444
1401 0.4650362
1402 0.4650276
1403 0.4650206
1404 0.4650115
1405 0.4650033
1406 0.4649948
1407 0.4649866
1408 0.4649771
1409 0.4649684
1410 0.464959
1411 0.4649479
1412 0.4649397
1413 0.4649317
1414 0.4649233
1415 0.4649135
1416 0.4649042
1417 0.4648952
1418 0.4648862
1419 0.4648783
1420 0.464869
1421 0.4648599
1422 0.4648519
1423 0.4648416
1424 0.4648335
1425 0.4648241
1426 0.4648143
1427 0.4648057
1428 0.4647976
1429 0.4647887
1430 0.4647792
1431 0.46477
1432 0.4647605
1433 0.4647512
1434 0.4647414
1435 0.4647319
1436 0.4647209
1437 0.4647125
1438 0.464702
1439 0.4646923
1440 0.4646834
1441 0.4646735
1442 0.464663
1443 0.4646523
1444 0.464643
1445 0.4646333
1446 0.4646216
1447 0.4646124
1448 0.4646029
1449 0.4645923
1450 0.4645853
1451 0.4645738
1452 0.4645686
1453 0.4645583
1454 0.4645494
1455 0.4645394
1456 0.4645285
1457 0.4645172
1458 0.4645057
1459 0.4644943
1460 0.4644845
1461 0.4644744
1462 0.464464
1463 0.4644554
1464 0.4644433
1465 0.4644341
1466 0.4644234
1467 0.4644144
1468 0.4644035
1469 0.4643916
1470 0.4643836
1471 0.4643703
1472 0.4643587
1473 0.4643475
1474 0.4643373
1475 0.4643248
1476 0.4643132
1477 0.4643028
1478 0.4642929
1479 0.4642837
1480 0.4642723
1481 0.4642625
1482 0.4642531
1483 0.4642409
1484 0.4642307
1485 0.4642175
1486 0.4642056
1487 0.4641954
1488 0.4641849
1489 0.4641717
1490 0.4641622
1491 0.4641525
1492 0.4641427
1493 0.4641288
1494 0.4641187
1495 0.4641079
1496 0.4640974
1497 0.4640846
1498 0.4640725
1499 0.4640625
1500 0.4640503
1501 0.4640408
1502 0.4640293
1503 0.4640176
1504 0.4640066
1505 0.4639952
1506 0.4639819
1507 0.4639716
1508 0.4639584
1509 0.4639478
1510 0.4639352
1511 0.4639248
1512 0.4639162
1513 0.463902
1514 0.4638925
1515 0.4638825
1516 0.4638712
1517 0.463862
1518 0.4638503
1519 0.4638392
1520 0.4638272
1521 0.4638158
1522 0.4638034
1523 0.4637928
1524 0.4637799
1525 0.4637684
1526 0.4637552
1527 0.4637466
1528 0.4637341
1529 0.4637218
1530 0.4637094
1531 0.4636972
1532 0.4636836
1533 0.4636723
1534 0.4636606
1535 0.4636481
1536 0.4636342
1537 0.4636222
1538 0.4636105
1539 0.4635992
1540 0.4635858
1541 0.4635752
1542 0.4635625
1543 0.4635505
1544 0.4635379
1545 0.463526
1546 0.4635132
1547 0.4635026
1548 0.4634916
1549 0.4634781
1550 0.4634661
1551 0.4634548
1552 0.4634406
1553 0.4634284
1554 0.4634139
1555 0.4634017
1556 0.4633923
1557 0.4633785
1558 0.4633662
1559 0.4633542
1560 0.4633426
1561 0.4633272
1562 0.4633168
1563 0.4633032
1564 0.4632899
1565 0.4632797
1566 0.4632672
1567 0.4632569
1568 0.4632429
1569 0.4632314
1570 0.4632197
1571 0.4632076
1572 0.4631958
1573 0.4631846
1574 0.4631738
1575 0.4631598
1576 0.463146
1577 0.4631326
1578 0.4631187
1579 0.4631046
1580 0.4630918
1581 0.4630759
1582 0.4630641
1583 0.46305
1584 0.4630371
1585 0.4630242
1586 0.4630103
1587 0.4629976
1588 0.4629832
1589 0.4629712
1590 0.4629579
1591 0.4629441
1592 0.4629321
1593 0.4629188
1594 0.4629052
1595 0.4628907
1596 0.462879
1597 0.4628645
1598 0.4628487
1599 0.4628348
1600 0.4628203
1601 0.4628084
1602 0.4627974
1603 0.462786
1604 0.4627735
1605 0.4627624
1606 0.4627515
1607 0.4627392
1608 0.4627261
1609 0.4627126
1610 0.4627001
1611 0.4626852
1612 0.4626701
1613 0.4626558
1614 0.4626425
1615 0.4626279
1616 0.4626126
1617 0.4625993
1618 0.4625843
1619 0.4625722
1620 0.4625587
1621 0.4625442
1622 0.4625296
1623 0.4625149
1624 0.4625009
1625 0.462485
1626 0.4624703
1627 0.4624582
1628 0.4624443
1629 0.4624296
1630 0.4624172
1631 0.462404
1632 0.4623898
1633 0.4623734
1634 0.462359
1635 0.462346
1636 0.4623303
1637 0.4623171
1638 0.4623043
1639 0.4622904
1640 0.4622768
1641 0.462265
1642 0.4622522
1643 0.46224
1644 0.4622254
1645 0.4622131
1646 0.4621992
1647 0.4621856
1648 0.4621744
1649 0.4621568
1650 0.4621464
1651 0.4621278
1652 0.4621158
1653 0.4620984
1654 0.4620888
1655 0.4620706
1656 0.46206
1657 0.4620419
1658 0.4620322
1659 0.4620141
1660 0.4620036
1661 0.4619864
1662 0.4619767
1663 0.4619619
1664 0.4619432
1665 0.4619327
1666 0.4619194
1667 0.4619053
1668 0.4618901
1669 0.4618765
1670 0.4618607
1671 0.4618469
1672 0.4618317
1673 0.4618165
1674 0.4618007
1675 0.4617863
1676 0.461771
1677 0.4617555
1678 0.4617406
1679 0.4617274
1680 0.4617122
1681 0.461697
1682 0.4616842
1683 0.4616688
1684 0.461653
1685 0.4616386
1686 0.4616221
1687 0.4616059
1688 0.4615916
1689 0.4615764
1690 0.4615609
1691 0.4615472
1692 0.4615322
1693 0.4615161
1694 0.4615016
1695 0.4614868
1696 0.4614708
1697 0.4614576
1698 0.4614427
1699 0.4614291
1700 0.461412
1701 0.4613969
1702 0.4613819
1703 0.4613671
1704 0.461351
1705 0.4613376
1706 0.4613231
1707 0.4613087
1708 0.4612945
1709 0.4612777
1710 0.4612635
1711 0.4612439
1712 0.4612297
1713 0.4612135
1714 0.4611979
1715 0.4611845
1716 0.4611687
1717 0.4611526
1718 0.4611361
1719 0.4611208
1720 0.4611056
1721 0.4610909
1722 0.4610774
1723 0.4610623
1724 0.4610468
1725 0.4610315
1726 0.4610171
1727 0.461002
1728 0.4609864
1729 0.4609725
1730 0.4609564
1731 0.4609397
1732 0.4609231
1733 0.4609073
1734 0.4608902
1735 0.4608768
1736 0.4608602
1737 0.4608459
1738 0.460829
1739 0.4608161
1740 0.4608004
1741 0.4607859
1742 0.4607716
1743 0.4607547
1744 0.4607397
1745 0.4607241
1746 0.4607087
1747 0.4606925
1748 0.4606769
1749 0.4606607
1750 0.4606444
1751 0.4606296
1752 0.4606151
1753 0.4606003
1754 0.4605874
1755 0.4605703
1756 0.4605522
1757 0.4605363
1758 0.460519
1759 0.4605018
1760 0.4604858
1761 0.4604702
1762 0.4604549
1763 0.4604383
1764 0.4604222
1765 0.4604089
1766 0.4603938
1767 0.4603784
1768 0.4603653
1769 0.4603488
1770 0.4603324
1771 0.4603162
1772 0.4603005
1773 0.4602833
1774 0.4602678
1775 0.4602513
1776 0.4602288
1777 0.4602177
1778 0.4601981
1779 0.460186
1780 0.4601702
1781 0.4601537
1782 0.4601386
1783 0.4601232
1784 0.460107
1785 0.4600907
1786 0.4600736
1787 0.4600551
1788 0.4600401
1789 0.4600216
1790 0.4600055
1791 0.4599882
1792 0.4599768
1793 0.4599616
1794 0.4599445
1795 0.4599277
1796 0.4599123
1797 0.4598968
1798 0.4598792
1799 0.4598608
1800 0.4598457
1801 0.4598346
1802 0.4598126
1803 0.4597956
1804 0.4597851
1805 0.4597635
1806 0.4597532
1807 0.459731
1808 0.459716
1809 0.4596997
1810 0.4596839
1811 0.4596684
1812 0.4596519
1813 0.4596312
1814 0.4596162
1815 0.4596058
1816 0.4595891
1817 0.4595732
1818 0.459556
1819 0.4595395
1820 0.459524
1821 0.4595079
1822 0.4594913
1823 0.4594748
1824 0.459457
1825 0.4594418
1826 0.4594241
1827 0.4594067
1828 0.4593905
1829 0.4593737
1830 0.4593588
1831 0.4593447
1832 0.4593233
1833 0.4593132
1834 0.4592921
1835 0.4592764
1836 0.4592615
1837 0.4592459
1838 0.4592294
1839 0.4592104
1840 0.4591924
1841 0.4591807
1842 0.4591638
1843 0.4591456
1844 0.4591224
1845 0.4591115
1846 0.4590978
1847 0.4590825
1848 0.4590639
1849 0.4590468
1850 0.4590311
1851 0.4590133
1852 0.4589971
1853 0.4589792
1854 0.4589643
1855 0.4589479
1856 0.4589303
1857 0.4589157
1858 0.4588987
1859 0.4588838
1860 0.4588685
1861 0.4588499
1862 0.4588324
1863 0.458817
1864 0.4587984
1865 0.4587721
1866 0.4587626
1867 0.4587396
1868 0.4587297
1869 0.4587071
1870 0.4586978
1871 0.458683
1872 0.4586665
1873 0.4586513
1874 0.4586328
1875 0.4586166
1876 0.4586006
1877 0.4585825
1878 0.4585652
1879 0.4585491
1880 0.4585315
1881 0.4585131
1882 0.4584972
1883 0.4584803
1884 0.4584638
1885 0.4584474
1886 0.4584302
1887 0.4584154
1888 0.4584004
1889 0.4583808
1890 0.4583637
1891 0.4583468
1892 0.4583285
1893 0.4583125
1894 0.4582961
1895 0.4582808
1896 0.4582648
1897 0.4582481
1898 0.4582305
1899 0.4582144
1900 0.4581977
1901 0.4581802
1902 0.458163
1903 0.4581443
1904 0.4581293
1905 0.4581107
1906 0.4580938
1907 0.4580683
1908 0.4580592
1909 0.4580442
1910 0.4580294
1911 0.4580059
1912 0.4579954
1913 0.4579817
1914 0.457958
1915 0.4579479
1916 0.4579318
1917 0.4579066
1918 0.4578951
1919 0.4578719
1920 0.4578536
1921 0.4578423
1922 0.4578197
1923 0.4578094
1924 0.4577855
1925 0.4577739
1926 0.4577597
1927 0.4577346
1928 0.4577277
1929 0.457704
1930 0.45769
1931 0.457671
1932 0.457651
1933 0.457639
1934 0.4576219
1935 0.4576035
1936 0.4575864
1937 0.4575672
1938 0.4575509
1939 0.4575337
1940 0.4575184
1941 0.4575013
1942 0.4574833
1943 0.4574676
1944 0.4574506
1945 0.4574336
1946 0.4574158
1947 0.4573995
1948 0.4573827
1949 0.4573636
1950 0.4573531
1951 0.4573272
1952 0.4573089
1953 0.457294
1954 0.4572779
1955 0.4572597
1956 0.4572439
1957 0.4572267
1958 0.4572116
1959 0.4571936
1960 0.4571773
1961 0.4571594
1962 0.4571429
1963 0.4571169
1964 0.4571073
1965 0.4570851
1966 0.4570671
1967 0.4570501
1968 0.4570354
1969 0.4570181
1970 0.4570018
1971 0.4569857
1972 0.4569688
1973 0.4569545
1974 0.4569377
1975 0.4569196
1976 0.4569096
1977 0.4568937
1978 0.4568752
1979 0.4568563
1980 0.4568345
1981 0.4568182
1982 0.4567991
1983 0.4567805
1984 0.4567626
1985 0.4567474
1986 0.4567299
1987 0.4567135
1988 0.4566952
1989 0.4566794
1990 0.4566624
1991 0.4566476
1992 0.4566304
1993 0.4566128
1994 0.4565966
1995 0.4565797
1996 0.4565688
1997 0.4565402
1998 0.4565227
1999 0.4565041
2000 0.4564869
