"avg_k11-rfile"
"Iteration" "avg_k11"
("Iteration" "avg_k11")
1 0.0001000000010437704
2 0.0001000000010437704
3 0.0001000000010437704
4 0.0001000000010437704
5 0.0001000000010437704
6 0.0001000000010437704
7 0.0001000000010437704
8 0.0001000000010437704
9 0.0001000000010437704
10 0.0001000000010437704
11 0.0001000000010437704
12 0.0001000000010437704
13 0.0001000000010437704
14 0.0001000000010437704
15 0.0001000000010437704
16 0.0001000000010437704
17 0.0001000000010437704
18 0.0001000000010437704
19 0.0001000000010437704
20 0.0001000000010437704
21 0.0001000000010437704
22 0.0001000000010437704
23 0.0001000000010437704
24 0.0001000000010437704
25 0.0001000000010437704
26 0.0001000000010437704
27 0.0001000000010437704
28 0.0001000000010437704
29 0.0001000000010437704
30 0.0001000000010437704
31 0.0001000000010437704
32 0.0001000000010437704
33 0.0001000000010437704
34 0.0001000000010437704
35 0.0001000000010437704
36 0.0001000000010437704
37 0.0001000000010437704
38 0.0001000000010437704
39 0.0001000000010437704
40 0.0001000000010437704
41 0.0001000000010437704
42 0.0001000000010437704
43 0.0001000000010437704
44 0.0001000000010437704
45 0.0001000000010437704
46 0.0001000000010437704
47 0.0001000000010437704
48 0.0001000000010437704
49 0.0001000000010437704
50 0.0001000000010437704
51 0.0001000000010437704
52 0.0001000000010437704
53 0.0001000000010437704
54 0.0001000000010437704
55 0.0001000000010437704
56 0.0001000000010437704
57 0.0001000000010437704
58 0.0001000000010437704
59 0.0001000000010437704
60 0.0001000000010437704
61 0.0001000000010437704
62 0.0001000000010437704
63 0.0001000000010437704
64 0.0001000000010437704
65 0.0001000000010437704
66 0.0001000000010437704
67 0.0001000000010437704
68 0.0001000000010437704
69 0.0001000000010437704
70 0.0001000000010437704
71 0.0001000000010437704
72 0.0001000000010437704
73 0.0001000000010437704
74 0.0001000000010437704
75 0.0001000000010437704
76 0.0001000000010437704
77 0.0001000000010437704
78 0.0001000000010437704
79 0.0001000000010437704
80 0.0001000000010437704
81 0.0001000000010437704
82 0.0001000000010437704
83 0.0001000000010437704
84 0.0001000000010437704
85 0.0001000000010437704
86 0.0001000000010437704
87 0.0001000000010437704
88 0.0001000000010437704
89 0.0001000000010437704
90 0.0001000000010437704
91 0.0001000000010437704
92 0.0001000000010437704
93 0.0001000000010437704
94 0.0001000000010437704
95 0.0001000000010437704
96 0.0001000000010437704
97 0.0001000000010437704
98 0.0001000000010437704
99 0.0001000000010437704
100 0.0001000000010437704
101 0.0001000000010437704
102 0.0001000000010437704
103 0.0001000000010437704
104 0.0001000000010437704
105 0.0001000000010437704
106 0.0001000000010437704
107 0.0001000000010437704
108 0.0001000000010437704
109 0.0001000000010437704
110 0.0001000000010437704
111 0.0001000000010437704
112 0.0001000000010437704
113 0.0001000000010437704
114 0.0001000000010437704
115 0.0001000000010437704
116 0.0001000000010437704
117 0.0001000000010437704
118 0.0001000000010437704
119 0.0001000000010437704
120 0.0001000000010437704
121 0.0001000000010437704
122 0.0001000000010437704
123 0.0001000000010437704
124 0.0001000000010437704
125 0.0001000000010437704
126 0.0001000000010437704
127 0.0001000000010437704
128 0.0001000000010437704
129 0.0001000000010437704
130 0.0001000000010437704
131 0.0001000000010437704
132 0.0001000000010437704
133 0.0001000000010437704
134 0.0001000000010437704
135 0.0001000000010437704
136 0.0001000000010437704
137 0.0001000000010437704
138 0.0001000000010437704
139 0.0001000000010437704
140 0.0001000000010437704
141 0.0001000000010437704
142 0.0001000000010437704
143 0.0001000000010437704
144 0.0001000000010437704
145 0.0001000000010437704
146 0.0001000000010437704
147 0.0001000000010437704
148 0.0001000000010437704
149 0.0001000000010437704
150 0.0001000000010437704
151 0.0001000000010437704
152 0.0001000000010437704
153 0.0001000000010437704
154 0.0001000000010437704
155 0.0001000000010437704
156 0.0001000000010437704
157 0.0001000000010437704
158 0.0001000000010437704
159 0.0001000000010437704
160 0.0001000000010437704
161 0.0001000000010437704
162 0.0001000000010437704
163 0.0001000000010437704
164 0.0001000000010437704
165 0.0001000000010437704
166 0.0001000000010437704
167 0.0001000000010437704
168 0.0001000000010437704
169 0.0001000000010437704
170 0.0001000000010437704
171 0.0001000000010437704
172 0.0001000000010437704
173 0.0001000000010437704
174 0.0001000000010437704
175 0.0001000000010437704
176 0.0001000000010437704
177 0.0001000000010437704
178 0.0001000000010437704
179 0.0001000000010437704
180 0.0001000000010437704
181 0.0001000000010437704
182 0.0001000000010437704
183 0.0001000000010437704
184 0.0001000000010437704
185 0.0001000000010437704
186 0.0001000000010437704
187 0.0001000000010437704
188 0.0001000000010437704
189 0.0001000000010437704
190 0.0001000000010437704
191 0.0001000000010437704
192 0.0001000000010437704
193 0.0001000000010437704
194 0.0001000000010437704
195 0.0001000000010437704
196 0.0001000000010437704
197 0.0001000000010437704
198 0.0001000000010437704
199 0.0001000000010437704
200 0.0001000000010437704
201 0.0001000000010437704
202 0.0001000000010437704
203 0.0001000000010437704
204 0.0001000000010437704
205 0.0001000000010437704
206 0.0001000000010437704
207 0.0001000000010437704
208 0.0001000000010437704
209 0.0001000000010437704
210 0.0001000000010437704
211 0.0001000000010437704
212 0.0001000000010437704
213 0.0001000000010437704
214 0.0001000000010437704
215 0.0001000000010437704
216 0.0001000000010437704
217 0.0001000000010437704
218 0.0001000000010437704
219 0.0001000000010437704
220 0.0001000000010437704
221 0.0001000000010437704
222 0.0001000000010437704
223 0.0001000000010437704
224 0.0001000000010437704
225 0.0001000000010437704
226 0.0001000000010437704
227 0.0001000000010437704
228 0.0001000000010437704
229 0.0001000000010437704
230 0.0001000000010437704
231 0.0001000000010437704
232 0.0001000000010437704
233 0.0001000000010437704
234 0.0001000000010437704
235 0.0001000000010437704
236 0.0001000000010437704
237 0.0001000000010437704
238 0.0001000000010437704
239 0.0001000000010437704
240 0.0001000000010437704
241 0.0001000000010437704
242 0.0001000000010437704
243 0.0001000000010437704
244 0.0001000000010437704
245 0.0001000000010437704
246 0.0001000000010437704
247 0.0001000000010437704
248 0.0001000000010437704
249 0.0001000000010437704
250 0.0001000000010437704
251 0.0001000000010437704
252 0.0001000000010437704
253 0.0001000000010437704
254 0.0001000000010437704
255 0.0001000000010437704
256 0.0001000000010437704
257 0.0001000000010437704
258 0.0001000000010437704
259 0.0001000000010437704
260 0.0001000000010437704
261 0.0001000000010437704
262 0.0001000000010437704
263 0.0001000000010437704
264 0.0001000000010437704
265 0.0001000000010437704
266 0.0001000000010437704
267 0.0001000000010437704
268 0.0001000000010437704
269 0.0001000000010437704
270 0.0001000000010437704
271 0.0001000000010437704
272 0.0001000000010437704
273 0.0001000000010437704
274 0.0001000000010437704
275 0.0001000000010437704
276 0.0001000000010437704
277 0.0001000000010437704
278 0.0001000000010437704
279 0.0001000000010437704
280 0.0001000000010437704
281 0.0001000000010437704
282 0.0001000000010437704
283 0.0001000000010437704
284 0.0001000000010437704
285 0.0001000000010437704
286 0.0001000000010437704
287 0.0001000000010437704
288 0.0001000000010437704
289 0.0001000000010437704
290 0.0001000000010437704
291 0.0001000000010437704
292 0.0001000000010437704
293 0.0001000000010437704
294 0.0001000000010437704
295 0.0001000000010437704
296 0.0001000000010437704
297 0.0001000000010437704
298 0.0001000000010437704
299 0.0001000000010437704
300 0.0001000000010437704
301 0.0001000000010437704
302 0.0001000000010437704
303 0.0001000000010437704
304 0.0001000000010437704
305 0.0001000000010437704
306 0.0001000000010437704
307 0.0001000000010437704
308 0.0001000000010437704
309 0.0001000000010437704
310 0.0001000000010437704
311 0.0001000000010437704
312 0.0001000000010437704
313 0.0001000000010437704
314 0.0001000000010437704
315 0.0001000000010437704
316 0.0001000000010437704
317 0.0001000000010437704
318 0.0001000000010437704
319 0.0001000000010437704
320 0.0001000000010437704
321 0.0001000000010437704
322 0.0001000000010437704
323 0.0001000000010437704
324 0.0001000000010437704
325 0.0001000000010437704
326 0.0001000000010437704
327 0.0001000000010437704
328 0.0001000000010437704
329 0.0001000000010437704
330 0.0001000000010437704
331 0.0001000000010437704
332 0.0001000000010437704
333 0.0001000000010437704
334 0.0001000000010437704
335 0.0001000000010437704
336 0.0001000000010437704
337 0.0001000000010437704
338 0.0001000000010437704
339 0.0001000000010437704
340 0.0001000000010437704
341 0.0001000000010437704
342 0.0001000000010437704
343 0.0001000000010437704
344 0.0001000000010437704
345 0.0001000000010437704
346 0.0001000000010437704
347 0.0001000000010437704
348 0.0001000000010437704
349 0.0001000000010437704
350 0.0001000000010437704
351 0.0001000000010437704
352 0.0001000000010437704
353 0.0001000000010437704
354 0.0001000000010437704
355 0.0001000000010437704
356 0.0001000000010437704
357 0.0001000000010437704
358 0.0001000000010437704
359 0.0001000000010437704
360 0.0001000000010437704
361 0.0001000000010437704
362 0.0001000000010437704
363 0.0001000000010437704
364 0.0001000000010437704
365 0.0001000000010437704
366 0.0001000000010437704
367 0.0001000000010437704
368 0.0001000000010437704
369 0.0001000000010437704
370 0.0001000000010437704
371 0.0001000000010437704
372 0.0001000000010437704
373 0.0001000000010437704
374 0.0001000000010437704
375 0.0001000000010437704
376 0.0001000000010437704
377 0.0001000000010437704
378 0.0001000000010437704
379 0.0001000000010437704
380 0.0001000000010437704
381 0.0001000000010437704
382 0.0001000000010437704
383 0.0001000000010437704
384 0.0001000000010437704
385 0.0001000000010437704
386 0.0001000000010437704
387 0.0001000000010437704
388 0.0001000000010437704
389 0.0001000000010437704
390 0.0001000000010437704
391 0.0001000000010437704
392 0.0001000000010437704
393 0.0001000000010437704
394 0.0001000000010437704
395 0.0001000000010437704
396 0.0001000000010437704
397 0.0001000000010437704
398 0.0001000000010437704
399 0.0001000000010437704
400 0.0001000000010437704
401 0.0001000000010437704
402 0.0001000000010437704
403 0.0001000000010437704
404 0.0001000000010437704
405 0.0001000000010437704
406 0.0001000000010437704
407 0.0001000000010437704
408 0.0001000000010437704
409 0.0001000000010437704
410 0.0001000000010437704
411 0.0001000000010437704
412 0.0001000000010437704
413 0.0001000000010437704
414 0.0001000000010437704
415 0.0001000000010437704
416 0.0001000000010437704
417 0.0001000000010437704
418 0.0001000000010437704
419 0.0001000000010437704
420 0.0001000000010437704
421 0.0001000000010437704
422 0.0001000000010437704
423 0.0001000000010437704
424 0.0001000000010437704
425 0.0001000000010437704
426 0.0001000000010437704
427 0.0001000000010437704
428 0.0001000000010437704
429 0.0001000000010437704
430 0.0001000000010437704
431 0.0001000000010437704
432 0.0001000000010437704
433 0.0001000000010437704
434 0.0001000000010437704
435 0.0001000000010437704
436 0.0001000000010437704
437 0.0001000000010437704
438 0.0001000000010437704
439 0.0001000000010437704
440 0.0001000000010437704
441 0.0001000000010437704
442 0.0001000000010437704
443 0.0001000000010437704
444 0.0001000000010437704
445 0.0001000000010437704
446 0.0001000000010437704
447 0.0001000000010437704
448 0.0001000000010437704
449 0.0001000000010437704
450 0.0001000000010437704
451 0.0001000000010437704
452 0.0001000000010437704
453 0.0001000000010437704
454 0.0001000000010437704
455 0.0001000000010437704
456 0.0001000000010437704
457 0.0001000000010437704
458 0.0001000000010437704
459 0.0001000000010437704
460 0.0001000000010437704
461 0.0001000000010437704
462 0.0001000000010437704
463 0.0001000000010437704
464 0.0001000000010437704
465 0.0001000000010437704
466 0.0001000000010437704
467 0.0001000000010437704
468 0.0001000000010437704
469 0.0001000000010437704
470 0.0001000000010437704
471 0.0001000000010437704
472 0.0001000000010437704
473 0.0001000000010437704
474 0.0001000000010437704
475 0.0001000000010437704
476 0.0001000000010437704
477 0.0001000000010437704
478 0.0001000000010437704
479 0.0001000000010437704
480 0.0001000000010437704
481 0.0001000000010437704
482 0.0001000000010437704
483 0.0001000000010437704
484 0.0001000000010437704
485 0.0001000000010437704
486 0.0001000000010437704
487 0.0001000000010437704
488 0.0001000000010437704
489 0.0001000000010437704
490 0.0001000000010437704
491 0.0001000000010437704
492 0.0001000000010437704
493 0.0001000000010437704
494 0.0001000000010437704
495 0.0001000000010437704
496 0.0001000000010437704
497 0.0001000000010437704
498 0.0001000000010437704
499 0.0001000000010437704
500 0.0001000000010437704
501 0.0001000000010437704
502 0.0001000000010437704
503 0.0001000000010437704
504 0.0001000000010437704
505 0.0001000000010437704
506 0.0001000000010437704
507 0.0001000000010437704
508 0.0001000000010437704
509 0.0001000000010437704
510 0.0001000000010437704
511 0.0001000000010437704
512 0.0001000000010437704
513 0.0001000000010437704
514 0.0001000000010437704
515 0.0001000000010437704
516 0.0001000000010437704
517 0.0001000000010437704
518 0.0001000000010437704
519 0.0001000000010437704
520 0.0001000000010437704
521 0.0001000000010437704
522 0.0001000000010437704
523 0.0001000000010437704
524 0.0001000000010437704
525 0.0001000000010437704
526 0.0001000000010437704
527 0.0001000000010437704
528 0.0001000000010437704
529 0.0001000000010437704
530 0.0001000000010437704
531 0.0001000000010437704
532 0.0001000000010437704
533 0.0001000000010437704
534 0.0001000000010437704
535 0.0001000000010437704
536 0.0001000000010437704
537 0.0001000000010437704
538 0.0001000000010437704
539 0.0001000000010437704
540 0.0001000000010437704
541 0.0001000000010437704
542 0.0001000000010437704
543 0.0001000000010437704
544 0.0001000000010437704
545 0.0001000000010437704
546 0.0001000000010437704
547 0.0001000000010437704
548 0.0001000000010437704
549 0.0001000000010437704
550 0.0001000000010437704
551 0.0001000000010437704
552 0.0001000000010437704
553 0.0001000000010437704
554 0.0001000000010437704
555 0.0001000000010437704
556 0.0001000000010437704
557 0.0001000000010437704
558 0.0001000000010437704
559 0.0001000000010437704
560 0.0001000000010437704
561 0.0001000000010437704
562 0.0001000000010437704
563 0.0001000000010437704
564 0.0001000000010437704
565 0.0001000000010437704
566 0.0001000000010437704
567 0.0001000000010437704
568 0.0001000000010437704
569 0.0001000000010437704
570 0.0001000000010437704
571 0.0001000000010437704
572 0.0001000000010437704
573 0.0001000000010437704
574 0.0001000000010437704
575 0.0001000000010437704
576 0.0001000000010437704
577 0.0001000000010437704
578 0.0001000000010437704
579 0.0001000000010437704
580 0.0001000000010437704
581 0.0001000000010437704
582 0.0001000000010437704
583 0.0001000000010437704
584 0.0001000000010437704
585 0.0001000000010437704
586 0.0001000000010437704
587 0.0001000000010437704
588 0.0001000000010437704
589 0.0001000000010437704
590 0.0001000000010437704
591 0.0001000000010437704
592 0.0001000000010437704
593 0.0001000000010437704
594 0.0001000000010437704
595 0.0001000000010437704
596 0.0001000000010437704
597 0.0001000000010437704
598 0.0001000000010437704
599 0.0001000000010437704
600 0.0001000000010437704
601 0.0001000000010437704
602 0.0001000000010437704
603 0.0001000000010437704
604 0.0001000000010437704
605 0.0001000000010437704
606 0.0001000000010437704
607 0.0001000000010437704
608 0.0001000000010437704
609 0.0001000000010437704
610 0.0001000000010437704
611 0.0001000000010437704
612 0.0001000000010437704
613 0.0001000000010437704
614 0.0001000000010437704
615 0.0001000000010437704
616 0.0001000000010437704
617 0.0001000000010437704
618 0.0001000000010437704
619 0.0001000000010437704
620 0.0001000000010437704
621 0.0001000000010437704
622 0.0001000000010437704
623 0.0001000000010437704
624 0.0001000000010437704
625 0.0001000000010437704
626 0.0001000000010437704
627 0.0001000000010437704
628 0.0001000000010437704
629 0.0001000000010437704
630 0.0001000000010437704
631 0.0001000000010437704
632 0.0001000000010437704
633 0.0001000000010437704
634 0.0001000000010437704
635 0.0001000000010437704
636 0.0001000000010437704
637 0.0001000000010437704
638 0.0001000000010437704
639 0.0001000000010437704
640 0.0001000000010437704
641 0.0001000000010437704
642 0.0001000000010437704
643 0.0001000000010437704
644 0.0001000000010437704
645 0.0001000000010437704
646 0.0001000000010437704
647 0.0001000000010437704
648 0.0001000000010437704
649 0.0001000000010437704
650 0.0001000000010437704
651 0.0001000000010437704
652 0.0001000000010437704
653 0.0001000000010437704
654 0.0001000000010437704
655 0.0001000000010437704
656 0.0001000000010437704
657 0.0001000000010437704
658 0.0001000000010437704
659 0.0001000000010437704
660 0.0001000000010437704
661 0.0001000000010437704
662 0.0001000000010437704
663 0.0001000000010437704
664 0.0001000000010437704
665 0.0001000000010437704
666 0.0001000000010437704
667 0.0001000000010437704
668 0.0001000000010437704
669 0.0001000000010437704
670 0.0001000000010437704
671 0.0001000000010437704
672 0.0001000000010437704
673 0.0001000000010437704
674 0.0001000000010437704
675 0.0001000000010437704
676 0.0001000000010437704
677 0.0001000000010437704
678 0.0001000000010437704
679 0.0001000000010437704
680 0.0001000000010437704
681 0.0001000000010437704
682 0.0001000000010437704
683 0.0001000000010437704
684 0.0001000000010437704
685 0.0001000000010437704
686 0.0001000000010437704
687 0.0001000000010437704
688 0.0001000000010437704
689 0.0001000000010437704
690 0.0001000000010437704
691 0.0001000000010437704
692 0.0001000000010437704
693 0.0001000000010437704
694 0.0001000000010437704
695 0.0001000000010437704
696 0.0001000000010437704
697 0.0001000000010437704
698 0.0001000000010437704
699 0.0001000000010437704
700 0.0001000000010437704
701 0.0001000000010437704
702 0.0001000000010437704
703 0.0001000000010437704
704 0.0001000000010437704
705 0.0001000000010437704
706 0.0001000000010437704
707 0.0001000000010437704
708 0.0001000000010437704
709 0.0001000000010437704
710 0.0001000000010437704
711 0.0001000000010437704
712 0.0001000000010437704
713 0.0001000000010437704
714 0.0001000000010437704
715 0.0001000000010437704
716 0.0001000000010437704
717 0.0001000000010437704
718 0.0001000000010437704
719 0.0001000000010437704
720 0.0001000000010437704
721 0.0001000000010437704
722 0.0001000000010437704
723 0.0001000000010437704
724 0.0001000000010437704
725 0.0001000000010437704
726 0.0001000000010437704
727 0.0001000000010437704
728 0.0001000000010437704
729 0.0001000000010437704
730 0.0001000000010437704
731 0.0001000000010437704
732 0.0001000000010437704
733 0.0001000000010437704
734 0.0001000000010437704
735 0.0001000000010437704
736 0.0001000000010437704
737 0.0001000000010437704
738 0.0001000000010437704
739 0.0001000000010437704
740 0.0001000000010437704
741 0.0001000000010437704
742 0.0001000000010437704
743 0.0001000000010437704
744 0.0001000000010437704
745 0.0001000000010437704
746 0.0001000000010437704
747 0.0001000000010437704
748 0.0001000000010437704
749 0.0001000000010437704
750 0.0001000000010437704
751 0.0001000000010437704
752 0.0001000000010437704
753 0.0001000000010437704
754 0.0001000000010437704
755 0.0001000000010437704
756 0.0001000000010437704
757 0.0001000000010437704
758 0.0001000000010437704
759 0.0001000000010437704
760 0.0001000000010437704
761 0.0001000000010437704
762 0.0001000000010437704
763 0.0001000000010437704
764 0.0001000000010437704
765 0.0001000000010437704
766 0.0001000000010437704
767 0.0001000000010437704
768 0.0001000000010437704
769 0.0001000000010437704
770 0.0001000000010437704
771 0.0001000000010437704
772 0.0001000000010437704
773 0.0001000000010437704
774 0.0001000000010437704
775 0.0001000000010437704
776 0.0001000000010437704
777 0.0001000000010437704
778 0.0001000000010437704
779 0.0001000000010437704
780 0.0001000000010437704
781 0.0001000000010437704
782 0.0001000000010437704
783 0.0001000000010437704
784 0.0001000000010437704
785 0.0001000000010437704
786 0.0001000000010437704
787 0.0001000000010437704
788 0.0001000000010437704
789 0.0001000000010437704
790 0.0001000000010437704
791 0.0001000000010437704
792 0.0001000000010437704
793 0.0001000000010437704
794 0.0001000000010437704
795 0.0001000000010437704
796 0.0001000000010437704
797 0.0001000000010437704
798 0.0001000000010437704
799 0.0001000000010437704
800 0.0001000000010437704
801 0.0001000000010437704
802 0.0001000000010437704
803 0.0001000000010437704
804 0.0001000000010437704
805 0.0001000000010437704
806 0.0001000000010437704
807 0.0001000000010437704
808 0.0001000000010437704
809 0.0001000000010437704
810 0.0001000000010437704
811 0.0001000000010437704
812 0.0001000000010437704
813 0.0001000000010437704
814 0.0001000000010437704
815 0.0001000000010437704
816 0.0001000000010437704
817 0.0001000000010437704
818 0.0001000000010437704
819 0.0001000000010437704
820 0.0001000000010437704
821 0.0001000000010437704
822 0.0001000000010437704
823 0.0001000000010437704
824 0.0001000000010437704
825 0.0001000000010437704
826 0.0001000000010437704
827 0.0001000000010437704
828 0.0001000000010437704
829 0.0001000000010437704
830 0.0001000000010437704
831 0.0001000000010437704
832 0.0001000000010437704
833 0.0001000000010437704
834 0.0001000000010437704
835 0.0001000000010437704
836 0.0001000000010437704
837 0.0001000000010437704
838 0.0001000000010437704
839 0.0001000000010437704
840 0.0001000000010437704
841 0.0001000000010437704
842 0.0001000000010437704
843 0.0001000000010437704
844 0.0001000000010437704
845 0.0001000000010437704
846 0.0001000000010437704
847 0.0001000000010437704
848 0.0001000000010437704
849 0.0001000000010437704
850 0.0001000000010437704
851 0.0001000000010437704
852 0.0001000000010437704
853 0.0001000000010437704
854 0.0001000000010437704
855 0.0001000000010437704
856 0.0001000000010437704
857 0.0001000000010437704
858 0.0001000000010437704
859 0.0001000000010437704
860 0.0001000000010437704
861 0.0001000000010437704
862 0.0001000000010437704
863 0.0001000000010437704
864 0.0001000000010437704
865 0.0001000000010437704
866 0.0001000000010437704
867 0.0001000000010437704
868 0.0001000000010437704
869 0.0001000000010437704
870 0.0001000000010437704
871 0.0001000000010437704
872 0.0001000000010437704
873 0.0001000000010437704
874 0.0001000000010437704
875 0.0001000000010437704
876 0.0001000000010437704
877 0.0001000000010437704
878 0.0001000000010437704
879 0.0001000000010437704
880 0.0001000000010437704
881 0.0001000000010437704
882 0.0001000000010437704
883 0.0001000000010437704
884 0.0001000000010437704
885 0.0001000000010437704
886 0.0001000000010437704
887 0.0001000000010437704
888 0.0001000000010437704
889 0.0001000000010437704
890 0.0001000000010437704
891 0.0001000000010437704
892 0.0001000000010437704
893 0.0001000000010437704
894 0.0001000000010437704
895 0.0001000000010437704
896 0.0001000000010437704
897 0.0001000000010437704
898 0.0001000000010437704
899 0.0001000000010437704
900 0.0001000000010437704
901 0.0001000000010437704
902 0.0001000000010437704
903 0.0001000000010437704
904 0.0001000000010437704
905 0.0001000000010437704
906 0.0001000000010437704
907 0.0001000000010437704
908 0.0001000000010437704
909 0.0001000000010437704
910 0.0001000000010437704
911 0.0001000000010437704
912 0.0001000000010437704
913 0.0001000000010437704
914 0.0001000000010437704
915 0.0001000000010437704
916 0.0001000000010437704
917 0.0001000000010437704
918 0.0001000000010437704
919 0.0001000000010437704
920 0.0001000000010437704
921 0.0001000000010437704
922 0.0001000000010437704
923 0.0001000000010437704
924 0.0001000000010437704
925 0.0001000000010437704
926 0.0001000000010437704
927 0.0001000000010437704
928 0.0001000000010437704
929 0.0001000000010437704
930 0.0001000000010437704
931 0.0001000000010437704
932 0.0001000000010437704
933 0.0001000000010437704
934 0.0001000000010437704
935 0.0001000000010437704
936 0.0001000000010437704
937 0.0001000000010437704
938 0.0001000000010437704
939 0.0001000000010437704
940 0.0001000000010437704
941 0.0001000000010437704
942 0.0001000000010437704
943 0.0001000000010437704
944 0.0001000000010437704
945 0.0001000000010437704
946 0.0001000000010437704
947 0.0001000000010437704
948 0.0001000000010437704
949 0.0001000000010437704
950 0.0001000000010437704
951 0.0001000000010437704
952 0.0001000000010437704
953 0.0001000000010437704
954 0.0001000000010437704
955 0.0001000000010437704
956 0.0001000000010437704
957 0.0001000000010437704
958 0.0001000000010437704
959 0.0001000000010437704
960 0.0001000000010437704
961 0.0001000000010437704
962 0.0001000000010437704
963 0.0001000000010437704
964 0.0001000000010437704
965 0.0001000000010437704
966 0.0001000000010437704
967 0.0001000000010437704
968 0.0001000000010437704
969 0.0001000000010437704
970 0.0001000000010437704
971 0.0001000000010437704
972 0.0001000000010437704
973 0.0001000000010437704
974 0.0001000000010437704
975 0.0001000000010437704
976 0.0001000000010437704
977 0.0001000000010437704
978 0.0001000000010437704
979 0.0001000000010437704
980 0.0001000000010437704
981 0.0001000000010437704
982 0.0001000000010437704
983 0.0001000000010437704
984 0.0001000000010437704
985 0.0001000000010437704
986 0.0001000000010437704
987 0.0001000000010437704
988 0.0001000000010437704
989 0.0001000000010437704
990 0.0001000000010437704
991 0.0001000000010437704
992 0.0001000000010437704
993 0.0001000000010437704
994 0.0001000000010437704
995 0.0001000000010437704
996 0.0001000000010437704
997 0.0001000000010437704
998 0.0001000000010437704
999 0.0001000000010437704
1000 0.0001000000010437704
1001 0.0001000000010437704
1002 0.0001000000010437704
1003 0.0001000000010437704
1004 0.0001000000010437704
1005 0.0001000000010437704
1006 0.0001000000010437704
1007 0.0001000000010437704
1008 0.0001000000010437704
1009 0.0001000000010437704
1010 0.0001000000010437704
1011 0.0001000000010437704
1012 0.0001000000010437704
1013 0.0001000000010437704
1014 0.0001000000010437704
1015 0.0001000000010437704
1016 0.0001000000010437704
1017 0.0001000000010437704
1018 0.0001000000010437704
1019 0.0001000000010437704
1020 0.0001000000010437704
1021 0.0001000000010437704
1022 0.0001000000010437704
1023 0.0001000000010437704
1024 0.0001000000010437704
1025 0.0001000000010437704
1026 0.0001000000010437704
1027 0.0001000000010437704
1028 0.0001000000010437704
1029 0.0001000000010437704
1030 0.0001000000010437704
1031 0.0001000000010437704
1032 0.0001000000010437704
1033 0.0001000000010437704
1034 0.0001000000010437704
1035 0.0001000000010437704
1036 0.0001000000010437704
1037 0.0001000000010437704
1038 0.0001000000010437704
1039 0.0001000000010437704
1040 0.0001000000010437704
1041 0.0001000000010437704
1042 0.0001000000010437704
1043 0.0001000000010437704
1044 0.0001000000010437704
1045 0.0001000000010437704
1046 0.0001000000010437704
1047 0.0001000000010437704
1048 0.0001000000010437704
1049 0.0001000000010437704
1050 0.0001000000010437704
1051 0.0001000000010437704
1052 0.0001000000010437704
1053 0.0001000000010437704
1054 0.0001000000010437704
1055 0.0001000000010437704
1056 0.0001000000010437704
1057 0.0001000000010437704
1058 0.0001000000010437704
1059 0.0001000000010437704
1060 0.0001000000010437704
1061 0.0001000000010437704
1062 0.0001000000010437704
1063 0.0001000000010437704
1064 0.0001000000010437704
1065 0.0001000000010437704
1066 0.0001000000010437704
1067 0.0001000000010437704
1068 0.0001000000010437704
1069 0.0001000000010437704
1070 0.0001000000010437704
1071 0.0001000000010437704
1072 0.0001000000010437704
1073 0.0001000000010437704
1074 0.0001000000010437704
1075 0.0001000000010437704
1076 0.0001000000010437704
1077 0.0001000000010437704
1078 0.0001000000010437704
1079 0.0001000000010437704
1080 0.0001000000010437704
1081 0.0001000000010437704
1082 0.0001000000010437704
1083 0.0001000000010437704
1084 0.0001000000010437704
1085 0.0001000000010437704
1086 0.0001000000010437704
1087 0.0001000000010437704
1088 0.0001000000010437704
1089 0.0001000000010437704
1090 0.0001000000010437704
1091 0.0001000000010437704
1092 0.0001000000010437704
1093 0.0001000000010437704
1094 0.0001000000010437704
1095 0.0001000000010437704
1096 0.0001000000010437704
1097 0.0001000000010437704
1098 0.0001000000010437704
1099 0.0001000000010437704
1100 0.0001000000010437704
1101 0.0001000000010437704
1102 0.0001000000010437704
1103 0.0001000000010437704
1104 0.0001000000010437704
1105 0.0001000000010437704
1106 0.0001000000010437704
1107 0.0001000000010437704
1108 0.0001000000010437704
1109 0.0001000000010437704
1110 0.0001000000010437704
1111 0.0001000000010437704
1112 0.0001000000010437704
1113 0.0001000000010437704
1114 0.0001000000010437704
1115 0.0001000000010437704
1116 0.0001000000010437704
1117 0.0001000000010437704
1118 0.0001000000010437704
1119 0.0001000000010437704
1120 0.0001000000010437704
1121 0.0001000000010437704
1122 0.0001000000010437704
1123 0.0001000000010437704
1124 0.0001000000010437704
1125 0.0001000000010437704
1126 0.0001000000010437704
1127 0.0001000000010437704
1128 0.0001000000010437704
1129 0.0001000000010437704
1130 0.0001000000010437704
1131 0.0001000000010437704
1132 0.0001000000010437704
1133 0.0001000000010437704
1134 0.0001000000010437704
1135 0.0001000000010437704
1136 0.0001000000010437704
1137 0.0001000000010437704
1138 0.0001000000010437704
1139 0.0001000000010437704
1140 0.0001000000010437704
1141 0.0001000000010437704
1142 0.0001000000010437704
1143 0.0001000000010437704
1144 0.0001000000010437704
1145 0.0001000000010437704
1146 0.0001000000010437704
1147 0.0001000000010437704
1148 0.0001000000010437704
1149 0.0001000000010437704
1150 0.0001000000010437704
1151 0.0001000000010437704
1152 0.0001000000010437704
1153 0.0001000000010437704
1154 0.0001000000010437704
1155 0.0001000000010437704
1156 0.0001000000010437704
1157 0.0001000000010437704
1158 0.0001000000010437704
1159 0.0001000000010437704
1160 0.0001000000010437704
1161 0.0001000000010437704
1162 0.0001000000010437704
1163 0.0001000000010437704
1164 0.0001000000010437704
1165 0.0001000000010437704
1166 0.0001000000010437704
1167 0.0001000000010437704
1168 0.0001000000010437704
1169 0.0001000000010437704
1170 0.0001000000010437704
1171 0.0001000000010437704
1172 0.0001000000010437704
1173 0.0001000000010437704
1174 0.0001000000010437704
1175 0.0001000000010437704
1176 0.0001000000010437704
1177 0.0001000000010437704
1178 0.0001000000010437704
1179 0.0001000000010437704
1180 0.0001000000010437704
1181 0.0001000000010437704
1182 0.0001000000010437704
1183 0.0001000000010437704
1184 0.0001000000010437704
1185 0.0001000000010437704
1186 0.0001000000010437704
1187 0.0001000000010437704
1188 0.0001000000010437704
1189 0.0001000000010437704
1190 0.0001000000010437704
1191 0.0001000000010437704
1192 0.0001000000010437704
1193 0.0001000000010437704
1194 0.0001000000010437704
1195 0.0001000000010437704
1196 0.0001000000010437704
1197 0.0001000000010437704
1198 0.0001000000010437704
1199 0.0001000000010437704
1200 0.0001000000010437704
1201 0.0001000000010437704
1202 0.0001000000010437704
1203 0.0001000000010437704
1204 0.0001000000010437704
1205 0.0001000000010437704
1206 0.0001000000010437704
1207 0.0001000000010437704
1208 0.0001000000010437704
1209 0.0001000000010437704
1210 0.0001000000010437704
1211 0.0001000000010437704
1212 0.0001000000010437704
1213 0.0001000000010437704
1214 0.0001000000010437704
1215 0.0001000000010437704
1216 0.0001000000010437704
1217 0.0001000000010437704
1218 0.0001000000010437704
1219 0.0001000000010437704
1220 0.0001000000010437704
1221 0.0001000000010437704
1222 0.0001000000010437704
1223 0.0001000000010437704
1224 0.0001000000010437704
1225 0.0001000000010437704
1226 0.0001000000010437704
1227 0.0001000000010437704
1228 0.0001000000010437704
1229 0.0001000000010437704
1230 0.0001000000010437704
1231 0.0001000000010437704
1232 0.0001000000010437704
1233 0.0001000000010437704
1234 0.0001000000010437704
1235 0.0001000000010437704
1236 0.0001000000010437704
1237 0.0001000000010437704
1238 0.0001000000010437704
1239 0.0001000000010437704
1240 0.0001000000010437704
1241 0.0001000000010437704
1242 0.0001000000010437704
1243 0.0001000000010437704
1244 0.0001000000010437704
1245 0.0001000000010437704
1246 0.0001000000010437704
1247 0.0001000000010437704
1248 0.0001000000010437704
1249 0.0001000000010437704
1250 0.0001000000010437704
1251 0.0001000000010437704
1252 0.0001000000010437704
1253 0.0001000000010437704
1254 0.0001000000010437704
1255 0.0001000000010437704
1256 0.0001000000010437704
1257 0.0001000000010437704
1258 0.0001000000010437704
1259 0.0001000000010437704
1260 0.0001000000010437704
1261 0.0001000000010437704
1262 0.0001000000010437704
1263 0.0001000000010437704
1264 0.0001000000010437704
1265 0.0001000000010437704
1266 0.0001000000010437704
1267 0.0001000000010437704
1268 0.0001000000010437704
1269 0.0001000000010437704
1270 0.0001000000010437704
1271 0.0001000000010437704
1272 0.0001000000010437704
1273 0.0001000000010437704
1274 0.0001000000010437704
1275 0.0001000000010437704
1276 0.0001000000010437704
1277 0.0001000000010437704
1278 0.0001000000010437704
1279 0.0001000000010437704
1280 0.0001000000010437704
1281 0.0001000000010437704
1282 0.0001000000010437704
1283 0.0001000000010437704
1284 0.0001000000010437704
1285 0.0001000000010437704
1286 0.0001000000010437704
1287 0.0001000000010437704
1288 0.0001000000010437704
1289 0.0001000000010437704
1290 0.0001000000010437704
1291 0.0001000000010437704
1292 0.0001000000010437704
1293 0.0001000000010437704
1294 0.0001000000010437704
1295 0.0001000000010437704
1296 0.0001000000010437704
1297 0.0001000000010437704
1298 0.0001000000010437704
1299 0.0001000000010437704
1300 0.0001000000010437704
1301 0.0001000000010437704
1302 0.0001000000010437704
1303 0.0001000000010437704
1304 0.0001000000010437704
1305 0.0001000000010437704
1306 0.0001000000010437704
1307 0.0001000000010437704
1308 0.0001000000010437704
1309 0.0001000000010437704
1310 0.0001000000010437704
1311 0.0001000000010437704
1312 0.0001000000010437704
1313 0.0001000000010437704
1314 0.0001000000010437704
1315 0.0001000000010437704
1316 0.0001000000010437704
1317 0.0001000000010437704
1318 0.0001000000010437704
1319 0.0001000000010437704
1320 0.0001000000010437704
1321 0.0001000000010437704
1322 0.0001000000010437704
1323 0.0001000000010437704
1324 0.0001000000010437704
1325 0.0001000000010437704
1326 0.0001000000010437704
1327 0.0001000000010437704
1328 0.0001000000010437704
1329 0.0001000000010437704
1330 0.0001000000010437704
1331 0.0001000000010437704
1332 0.0001000000010437704
1333 0.0001000000010437704
1334 0.0001000000010437704
1335 0.0001000000010437704
1336 0.0001000000010437704
1337 0.0001000000010437704
1338 0.0001000000010437704
1339 0.0001000000010437704
1340 0.0001000000010437704
1341 0.0001000000010437704
1342 0.0001000000010437704
1343 0.0001000000010437704
1344 0.0001000000010437704
1345 0.0001000000010437704
1346 0.0001000000010437704
1347 0.0001000000010437704
1348 0.0001000000010437704
1349 0.0001000000010437704
1350 0.0001000000010437704
1351 0.0001000000010437704
1352 0.0001000000010437704
1353 0.0001000000010437704
1354 0.0001000000010437704
1355 0.0001000000010437704
1356 0.0001000000010437704
1357 0.0001000000010437704
1358 0.0001000000010437704
1359 0.0001000000010437704
1360 0.0001000000010437704
1361 0.0001000000010437704
1362 0.0001000000010437704
1363 0.0001000000010437704
1364 0.0001000000010437704
1365 0.0001000000010437704
1366 0.0001000000010437704
1367 0.0001000000010437704
1368 0.0001000000010437704
1369 0.0001000000010437704
1370 0.0001000000010437704
1371 0.0001000000010437704
1372 0.0001000000010437704
1373 0.0001000000010437704
1374 0.0001000000010437704
1375 0.0001000000010437704
1376 0.0001000000010437704
1377 0.0001000000010437704
1378 0.0001000000010437704
1379 0.0001000000010437704
1380 0.0001000000010437704
1381 0.0001000000010437704
1382 0.0001000000010437704
1383 0.0001000000010437704
1384 0.0001000000010437704
1385 0.0001000000010437704
1386 0.0001000000010437704
1387 0.0001000000010437704
1388 0.0001000000010437704
1389 0.0001000000010437704
1390 0.0001000000010437704
1391 0.0001000000010437704
1392 0.0001000000010437704
1393 0.0001000000010437704
1394 0.0001000000010437704
1395 0.0001000000010437704
1396 0.0001000000010437704
1397 0.0001000000010437704
1398 0.0001000000010437704
1399 0.0001000000010437704
1400 0.0001000000010437704
1401 0.0001000000010437704
1402 0.0001000000010437704
1403 0.0001000000010437704
1404 0.0001000000010437704
1405 0.0001000000010437704
1406 0.0001000000010437704
1407 0.0001000000010437704
1408 0.0001000000010437704
1409 0.0001000000010437704
1410 0.0001000000010437704
1411 0.0001000000010437704
1412 0.0001000000010437704
1413 0.0001000000010437704
1414 0.0001000000010437704
1415 0.0001000000010437704
1416 0.0001000000010437704
1417 0.0001000000010437704
1418 0.0001000000010437704
1419 0.0001000000010437704
1420 0.0001000000010437704
1421 0.0001000000010437704
1422 0.0001000000010437704
1423 0.0001000000010437704
1424 0.0001000000010437704
1425 0.0001000000010437704
1426 0.0001000000010437704
1427 0.0001000000010437704
1428 0.0001000000010437704
1429 0.0001000000010437704
1430 0.0001000000010437704
1431 0.0001000000010437704
1432 0.0001000000010437704
1433 0.0001000000010437704
1434 0.0001000000010437704
1435 0.0001000000010437704
1436 0.0001000000010437704
1437 0.0001000000010437704
1438 0.0001000000010437704
1439 0.0001000000010437704
1440 0.0001000000010437704
1441 0.0001000000010437704
1442 0.0001000000010437704
1443 0.0001000000010437704
1444 0.0001000000010437704
1445 0.0001000000010437704
1446 0.0001000000010437704
1447 0.0001000000010437704
1448 0.0001000000010437704
1449 0.0001000000010437704
1450 0.0001000000010437704
1451 0.0001000000010437704
1452 0.0001000000010437704
1453 0.0001000000010437704
1454 0.0001000000010437704
1455 0.0001000000010437704
1456 0.0001000000010437704
1457 0.0001000000010437704
1458 0.0001000000010437704
1459 0.0001000000010437704
1460 0.0001000000010437704
1461 0.0001000000010437704
1462 0.0001000000010437704
1463 0.0001000000010437704
1464 0.0001000000010437704
1465 0.0001000000010437704
1466 0.0001000000010437704
1467 0.0001000000010437704
1468 0.0001000000010437704
1469 0.0001000000010437704
1470 0.0001000000010437704
1471 0.0001000000010437704
1472 0.0001000000010437704
1473 0.0001000000010437704
1474 0.0001000000010437704
1475 0.0001000000010437704
1476 0.0001000000010437704
1477 0.0001000000010437704
1478 0.0001000000010437704
1479 0.0001000000010437704
1480 0.0001000000010437704
1481 0.0001000000010437704
1482 0.0001000000010437704
1483 0.0001000000010437704
1484 0.0001000000010437704
1485 0.0001000000010437704
1486 0.0001000000010437704
1487 0.0001000000010437704
1488 0.0001000000010437704
1489 0.0001000000010437704
1490 0.0001000000010437704
1491 0.0001000000010437704
1492 0.0001000000010437704
1493 0.0001000000010437704
1494 0.0001000000010437704
1495 0.0001000000010437704
1496 0.0001000000010437704
1497 0.0001000000010437704
1498 0.0001000000010437704
1499 0.0001000000010437704
1500 0.0001000000010437704
1501 0.0001000000010437704
1502 0.0001000000010437704
1503 0.0001000000010437704
1504 0.0001000000010437704
1505 0.0001000000010437704
1506 0.0001000000010437704
1507 0.0001000000010437704
1508 0.0001000000010437704
1509 0.0001000000010437704
1510 0.0001000000010437704
1511 0.0001000000010437704
1512 0.0001000000010437704
1513 0.0001000000010437704
1514 0.0001000000010437704
1515 0.0001000000010437704
1516 0.0001000000010437704
1517 0.0001000000010437704
1518 0.0001000000010437704
1519 0.0001000000010437704
1520 0.0001000000010437704
1521 0.0001000000010437704
1522 0.0001000000010437704
1523 0.0001000000010437704
1524 0.0001000000010437704
1525 0.0001000000010437704
1526 0.0001000000010437704
1527 0.0001000000010437704
1528 0.0001000000010437704
1529 0.0001000000010437704
1530 0.0001000000010437704
1531 0.0001000000010437704
1532 0.0001000000010437704
1533 0.0001000000010437704
1534 0.0001000000010437704
1535 0.0001000000010437704
1536 0.0001000000010437704
1537 0.0001000000010437704
1538 0.0001000000010437704
1539 0.0001000000010437704
1540 0.0001000000010437704
1541 0.0001000000010437704
1542 0.0001000000010437704
1543 0.0001000000010437704
1544 0.0001000000010437704
1545 0.0001000000010437704
1546 0.0001000000010437704
1547 0.0001000000010437704
1548 0.0001000000010437704
1549 0.0001000000010437704
1550 0.0001000000010437704
1551 0.0001000000010437704
1552 0.0001000000010437704
1553 0.0001000000010437704
1554 0.0001000000010437704
1555 0.0001000000010437704
1556 0.0001000000010437704
1557 0.0001000000010437704
1558 0.0001000000010437704
1559 0.0001000000010437704
1560 0.0001000000010437704
1561 0.0001000000010437704
1562 0.0001000000010437704
1563 0.0001000000010437704
1564 0.0001000000010437704
1565 0.0001000000010437704
1566 0.0001000000010437704
1567 0.0001000000010437704
1568 0.0001000000010437704
1569 0.0001000000010437704
1570 0.0001000000010437704
1571 0.0001000000010437704
1572 0.0001000000010437704
1573 0.0001000000010437704
1574 0.0001000000010437704
1575 0.0001000000010437704
1576 0.0001000000010437704
1577 0.0001000000010437704
1578 0.0001000000010437704
1579 0.0001000000010437704
1580 0.0001000000010437704
1581 0.0001000000010437704
1582 0.0001000000010437704
1583 0.0001000000010437704
1584 0.0001000000010437704
1585 0.0001000000010437704
1586 0.0001000000010437704
1587 0.0001000000010437704
1588 0.0001000000010437704
1589 0.0001000000010437704
1590 0.0001000000010437704
1591 0.0001000000010437704
1592 0.0001000000010437704
1593 0.0001000000010437704
1594 0.0001000000010437704
1595 0.0001000000010437704
1596 0.0001000000010437704
1597 0.0001000000010437704
1598 0.0001000000010437704
1599 0.0001000000010437704
1600 0.0001000000010437704
1601 0.0001000000010437704
1602 0.0001000000010437704
1603 0.0001000000010437704
1604 0.0001000000010437704
1605 0.0001000000010437704
1606 0.0001000000010437704
1607 0.0001000000010437704
1608 0.0001000000010437704
1609 0.0001000000010437704
1610 0.0001000000010437704
1611 0.0001000000010437704
1612 0.0001000000010437704
1613 0.0001000000010437704
1614 0.0001000000010437704
1615 0.0001000000010437704
1616 0.0001000000010437704
1617 0.0001000000010437704
1618 0.0001000000010437704
1619 0.0001000000010437704
1620 0.0001000000010437704
1621 0.0001000000010437704
1622 0.0001000000010437704
1623 0.0001000000010437704
1624 0.0001000000010437704
1625 0.0001000000010437704
1626 0.0001000000010437704
1627 0.0001000000010437704
1628 0.0001000000010437704
1629 0.0001000000010437704
1630 0.0001000000010437704
1631 0.0001000000010437704
1632 0.0001000000010437704
1633 0.0001000000010437704
1634 0.0001000000010437704
1635 0.0001000000010437704
1636 0.0001000000010437704
1637 0.0001000000010437704
1638 0.0001000000010437704
1639 0.0001000000010437704
1640 0.0001000000010437704
1641 0.0001000000010437704
1642 0.0001000000010437704
1643 0.0001000000010437704
1644 0.0001000000010437704
1645 0.0001000000010437704
1646 0.0001000000010437704
1647 0.0001000000010437704
1648 0.0001000000010437704
1649 0.0001000000010437704
1650 0.0001000000010437704
1651 0.0001000000010437704
1652 0.0001000000010437704
1653 0.0001000000010437704
1654 0.0001000000010437704
1655 0.0001000000010437704
1656 0.0001000000010437704
1657 0.0001000000010437704
1658 0.0001000000010437704
1659 0.0001000000010437704
1660 0.0001000000010437704
1661 0.0001000000010437704
1662 0.0001000000010437704
1663 0.0001000000010437704
1664 0.0001000000010437704
1665 0.0001000000010437704
1666 0.0001000000010437704
1667 0.0001000000010437704
1668 0.0001000000010437704
1669 0.0001000000010437704
1670 0.0001000000010437704
1671 0.0001000000010437704
1672 0.0001000000010437704
1673 0.0001000000010437704
1674 0.0001000000010437704
1675 0.0001000000010437704
1676 0.0001000000010437704
1677 0.0001000000010437704
1678 0.0001000000010437704
1679 0.0001000000010437704
1680 0.0001000000010437704
1681 0.0001000000010437704
1682 0.0001000000010437704
1683 0.0001000000010437704
1684 0.0001000000010437704
1685 0.0001000000010437704
1686 0.0001000000010437704
1687 0.0001000000010437704
1688 0.0001000000010437704
1689 0.0001000000010437704
1690 0.0001000000010437704
1691 0.0001000000010437704
1692 0.0001000000010437704
1693 0.0001000000010437704
1694 0.0001000000010437704
1695 0.0001000000010437704
1696 0.0001000000010437704
1697 0.0001000000010437704
1698 0.0001000000010437704
1699 0.0001000000010437704
1700 0.0001000000010437704
1701 0.0001000000010437704
1702 0.0001000000010437704
1703 0.0001000000010437704
1704 0.0001000000010437704
1705 0.0001000000010437704
1706 0.0001000000010437704
1707 0.0001000000010437704
1708 0.0001000000010437704
1709 0.0001000000010437704
1710 0.0001000000010437704
1711 0.0001000000010437704
1712 0.0001000000010437704
1713 0.0001000000010437704
1714 0.0001000000010437704
1715 0.0001000000010437704
1716 0.0001000000010437704
1717 0.0001000000010437704
1718 0.0001000000010437704
1719 0.0001000000010437704
1720 0.0001000000010437704
1721 0.0001000000010437704
1722 0.0001000000010437704
1723 0.0001000000010437704
1724 0.0001000000010437704
1725 0.0001000000010437704
1726 0.0001000000010437704
1727 0.0001000000010437704
1728 0.0001000000010437704
1729 0.0001000000010437704
1730 0.0001000000010437704
1731 0.0001000000010437704
1732 0.0001000000010437704
1733 0.0001000000010437704
1734 0.0001000000010437704
1735 0.0001000000010437704
1736 0.0001000000010437704
1737 0.0001000000010437704
1738 0.0001000000010437704
1739 0.0001000000010437704
1740 0.0001000000010437704
1741 0.0001000000010437704
1742 0.0001000000010437704
1743 0.0001000000010437704
1744 0.0001000000010437704
1745 0.0001000000010437704
1746 0.0001000000010437704
1747 0.0001000000010437704
1748 0.0001000000010437704
1749 0.0001000000010437704
1750 0.0001000000010437704
1751 0.0001000000010437704
1752 0.0001000000010437704
1753 0.0001000000010437704
1754 0.0001000000010437704
1755 0.0001000000010437704
1756 0.0001000000010437704
1757 0.0001000000010437704
1758 0.0001000000010437704
1759 0.0001000000010437704
1760 0.0001000000010437704
1761 0.0001000000010437704
1762 0.0001000000010437704
1763 0.0001000000010437704
1764 0.0001000000010437704
1765 0.0001000000010437704
1766 0.0001000000010437704
1767 0.0001000000010437704
1768 0.0001000000010437704
1769 0.0001000000010437704
1770 0.0001000000010437704
1771 0.0001000000010437704
1772 0.0001000000010437704
1773 0.0001000000010437704
1774 0.0001000000010437704
1775 0.0001000000010437704
1776 0.0001000000010437704
1777 0.0001000000010437704
1778 0.0001000000010437704
1779 0.0001000000010437704
1780 0.0001000000010437704
1781 0.0001000000010437704
1782 0.0001000000010437704
1783 0.0001000000010437704
1784 0.0001000000010437704
1785 0.0001000000010437704
1786 0.0001000000010437704
1787 0.0001000000010437704
1788 0.0001000000010437704
1789 0.0001000000010437704
1790 0.0001000000010437704
1791 0.0001000000010437704
1792 0.0001000000010437704
1793 0.0001000000010437704
1794 0.0001000000010437704
1795 0.0001000000010437704
1796 0.0001000000010437704
1797 0.0001000000010437704
1798 0.0001000000010437704
1799 0.0001000000010437704
1800 0.0001000000010437704
1801 0.0001000000010437704
1802 0.0001000000010437704
1803 0.0001000000010437704
1804 0.0001000000010437704
1805 0.0001000000010437704
1806 0.0001000000010437704
1807 0.0001000000010437704
1808 0.0001000000010437704
1809 0.0001000000010437704
1810 0.0001000000010437704
1811 0.0001000000010437704
1812 0.0001000000010437704
1813 0.0001000000010437704
1814 0.0001000000010437704
1815 0.0001000000010437704
1816 0.0001000000010437704
1817 0.0001000000010437704
1818 0.0001000000010437704
1819 0.0001000000010437704
1820 0.0001000000010437704
1821 0.0001000000010437704
1822 0.0001000000010437704
1823 0.0001000000010437704
1824 0.0001000000010437704
1825 0.0001000000010437704
1826 0.0001000000010437704
1827 0.0001000000010437704
1828 0.0001000000010437704
1829 0.0001000000010437704
1830 0.0001000000010437704
1831 0.0001000000010437704
1832 0.0001000000010437704
1833 0.0001000000010437704
1834 0.0001000000010437704
1835 0.0001000000010437704
1836 0.0001000000010437704
1837 0.0001000000010437704
1838 0.0001000000010437704
1839 0.0001000000010437704
1840 0.0001000000010437704
1841 0.0001000000010437704
1842 0.0001000000010437704
1843 0.0001000000010437704
1844 0.0001000000010437704
1845 0.0001000000010437704
1846 0.0001000000010437704
1847 0.0001000000010437704
1848 0.0001000000010437704
1849 0.0001000000010437704
1850 0.0001000000010437704
1851 0.0001000000010437704
1852 0.0001000000010437704
1853 0.0001000000010437704
1854 0.0001000000010437704
1855 0.0001000000010437704
1856 0.0001000000010437704
1857 0.0001000000010437704
1858 0.0001000000010437704
1859 0.0001000000010437704
1860 0.0001000000010437704
1861 0.0001000000010437704
1862 0.0001000000010437704
1863 0.0001000000010437704
1864 0.0001000000010437704
1865 0.0001000000010437704
1866 0.0001000000010437704
1867 0.0001000000010437704
1868 0.0001000000010437704
1869 0.0001000000010437704
1870 0.0001000000010437704
1871 0.0001000000010437704
1872 0.0001000000010437704
1873 0.0001000000010437704
1874 0.0001000000010437704
1875 0.0001000000010437704
1876 0.0001000000010437704
1877 0.0001000000010437704
1878 0.0001000000010437704
1879 0.0001000000010437704
1880 0.0001000000010437704
1881 0.0001000000010437704
1882 0.0001000000010437704
1883 0.0001000000010437704
1884 0.0001000000010437704
1885 0.0001000000010437704
1886 0.0001000000010437704
1887 0.0001000000010437704
1888 0.0001000000010437704
1889 0.0001000000010437704
1890 0.0001000000010437704
1891 0.0001000000010437704
1892 0.0001000000010437704
1893 0.0001000000010437704
1894 0.0001000000010437704
1895 0.0001000000010437704
1896 0.0001000000010437704
1897 0.0001000000010437704
1898 0.0001000000010437704
1899 0.0001000000010437704
1900 0.0001000000010437704
1901 0.0001000000010437704
1902 0.0001000000010437704
1903 0.0001000000010437704
1904 0.0001000000010437704
1905 0.0001000000010437704
1906 0.0001000000010437704
1907 0.0001000000010437704
1908 0.0001000000010437704
1909 0.0001000000010437704
1910 0.0001000000010437704
1911 0.0001000000010437704
1912 0.0001000000010437704
1913 0.0001000000010437704
1914 0.0001000000010437704
1915 0.0001000000010437704
1916 0.0001000000010437704
1917 0.0001000000010437704
1918 0.0001000000010437704
1919 0.0001000000010437704
1920 0.0001000000010437704
1921 0.0001000000010437704
1922 0.0001000000010437704
1923 0.0001000000010437704
1924 0.0001000000010437704
1925 0.0001000000010437704
1926 0.0001000000010437704
1927 0.0001000000010437704
1928 0.0001000000010437704
1929 0.0001000000010437704
1930 0.0001000000010437704
1931 0.0001000000010437704
1932 0.0001000000010437704
1933 0.0001000000010437704
1934 0.0001000000010437704
1935 0.0001000000010437704
1936 0.0001000000010437704
1937 0.0001000000010437704
1938 0.0001000000010437704
1939 0.0001000000010437704
1940 0.0001000000010437704
1941 0.0001000000010437704
1942 0.0001000000010437704
1943 0.0001000000010437704
1944 0.0001000000010437704
1945 0.0001000000010437704
1946 0.0001000000010437704
1947 0.0001000000010437704
1948 0.0001000000010437704
1949 0.0001000000010437704
1950 0.0001000000010437704
1951 0.0001000000010437704
1952 0.0001000000010437704
1953 0.0001000000010437704
1954 0.0001000000010437704
1955 0.0001000000010437704
1956 0.0001000000010437704
1957 0.0001000000010437704
1958 0.0001000000010437704
1959 0.0001000000010437704
1960 0.0001000000010437704
1961 0.0001000000010437704
1962 0.0001000000010437704
1963 0.0001000000010437704
1964 0.0001000000010437704
1965 0.0001000000010437704
1966 0.0001000000010437704
1967 0.0001000000010437704
1968 0.0001000000010437704
1969 0.0001000000010437704
1970 0.0001000000010437704
1971 0.0001000000010437704
1972 0.0001000000010437704
1973 0.0001000000010437704
1974 0.0001000000010437704
1975 0.0001000000010437704
1976 0.0001000000010437704
1977 0.0001000000010437704
1978 0.0001000000010437704
1979 0.0001000000010437704
1980 0.0001000000010437704
1981 0.0001000000010437704
1982 0.0001000000010437704
1983 0.0001000000010437704
1984 0.0001000000010437704
1985 0.0001000000010437704
1986 0.0001000000010437704
1987 0.0001000000010437704
1988 0.0001000000010437704
1989 0.0001000000010437704
1990 0.0001000000010437704
1991 0.0001000000010437704
1992 0.0001000000010437704
1993 0.0001000000010437704
1994 0.0001000000010437704
1995 0.0001000000010437704
