"drag-rfile"
"Iteration" "drag"
("Iteration" "drag")
1 0.2620763738937669
2 0.1654212630128636
3 0.1117135951072849
4 0.08197764086489376
5 0.06536743727242954
6 0.05586034300600164
7 0.05074500459741202
8 0.04766254132587414
9 0.04576007053257879
10 0.04456103144723372
11 0.04378436227550676
12 0.04328806471371227
13 0.0429654524726998
14 0.04276180815667134
15 0.04263837832307242
16 0.04256565469504867
17 0.04252996106618325
18 0.04251748745075971
19 0.04251962979913138
20 0.04253242376107298
21 0.04255014691481284
22 0.04257066411416659
23 0.042590922185175
24 0.04261091755287707
25 0.04262940732515427
26 0.0426460157286553
27 0.04266068146448118
28 0.04267380649171466
29 0.04268471543623174
30 0.04269360807827576
31 0.04270078783182078
32 0.04270643668436972
33 0.04271076256941691
34 0.04271396252523136
35 0.04271620609141483
36 0.04271774528658538
37 0.0427185945131216
38 0.04271888202847585
39 0.04271861672268478
40 0.04271804134219213
41 0.04271723539416121
42 0.04271625040581606
43 0.04271513086912725
44 0.04271391591660728
45 0.0427126368770513
46 0.04271131914224716
47 0.04270998256929998
48 0.04270864226416155
49 0.04270730775689052
50 0.04270598695016572
51 0.04270468746738136
52 0.0427034126780044
53 0.04270216405182405
54 0.04270094191433271
55 0.04269974608118193
56 0.04269857616750711
57 0.04269736751518968
58 0.04269620231959156
59 0.04269507838902509
60 0.04269398695290461
61 0.04269292193331572
62 0.04269187902047703
63 0.04269085573508653
64 0.04268984689633358
65 0.04268885736581919
66 0.04268788462697654
67 0.04268692725264935
68 0.04268598427264558
69 0.04268505493354428
70 0.04268413871673003
71 0.04268323519184429
72 0.04268234391739724
73 0.04268146448823314
74 0.04268059663574227
75 0.04267973985853629
76 0.04267889364049356
77 0.04267805760077492
78 0.04267723138700438
79 0.0426764148029064
80 0.04267560787789557
81 0.04267481040320158
82 0.04267402208459781
83 0.04267324280806695
84 0.04267247245979496
85 0.0426717108968535
86 0.04267095797393716
87 0.04267021365888474
88 0.04266947779993713
89 0.04266875013590285
90 0.04266803047416388
91 0.04266731872772383
92 0.04266661477278752
93 0.04266591849533033
94 0.0426652298036527
95 0.04266454860617955
96 0.04266387478012452
97 0.04266320834869624
98 0.04266254927993892
99 0.04266189716623105
100 0.04266125171136557
101 0.04266061282051177
102 0.04265998046583552
103 0.04265935453487502
104 0.04265873489380483
105 0.04265812148385623
106 0.04265751426453374
107 0.04265691321407612
108 0.04265631840503583
109 0.04265572965857587
110 0.0426551469070867
111 0.04265457008327093
112 0.04265399916492574
113 0.04265343405809024
114 0.04265287456858824
115 0.04265232052249988
116 0.04265177176896986
117 0.04265122820564751
118 0.04265068973094951
119 0.04265015630574128
120 0.04264962783074955
121 0.0426491042212537
122 0.042648585403035
123 0.04264807120483298
124 0.04264756151874114
125 0.04264705625051796
126 0.0426465554108983
127 0.04264605911639621
128 0.04264556735116828
129 0.04264508008827819
130 0.04264459732841105
131 0.04264411898844348
132 0.04264364502224024
133 0.04264317540000818
134 0.0426427100739801
135 0.04264224900723469
136 0.04264179210113191
137 0.04264133928085291
138 0.04264089047096125
139 0.04264044562613092
140 0.04264000467759205
141 0.04263957050427112
142 0.04263913822951589
143 0.04263870877234101
144 0.04263828246345602
145 0.04263785936388509
146 0.04263743949942733
147 0.04263702285902268
148 0.04263660944156353
149 0.0426361993182236
150 0.04263579252659529
151 0.04263538905235966
152 0.04263498877637729
153 0.0426345916111046
154 0.0426341974878688
155 0.04263380638089788
156 0.04263341823429095
157 0.04263303304451278
158 0.04263265085863596
159 0.04263227169357642
160 0.04263189553903691
161 0.04263152229954899
162 0.0426311519062595
163 0.04263078438729982
164 0.0426304197361654
165 0.04263005792732931
166 0.0426296989479226
167 0.04262934275860581
168 0.04262898929671559
169 0.04262863853919779
170 0.04262829042606201
171 0.04262794489708364
172 0.04262760186877151
173 0.04262718617015326
174 0.04262679474331948
175 0.04262642708340431
176 0.04262607497094672
177 0.04262573292156315
178 0.04262539780984086
179 0.04262506791738267
180 0.04262474226330112
181 0.04262442012424287
182 0.04262410204381949
183 0.04262378614988566
184 0.0426234723631091
185 0.0426231607410642
186 0.04262285131219908
187 0.04262254409366686
188 0.04262223909621764
189 0.04262193628810956
190 0.04262163562648336
191 0.04262133705607694
192 0.04262104052817536
193 0.04262074601132344
194 0.04262045344597106
195 0.04262016282053661
196 0.04261987411653259
197 0.04261958730953767
198 0.0426193024500068
199 0.04261901951840445
200 0.04261873850079093
201 0.04261845942421645
202 0.04261818227480978
203 0.04261790702303494
204 0.04261763362937249
205 0.04261736205527681
206 0.04261709227271289
207 0.04261682426761806
208 0.04261655802708612
209 0.0426162935473583
210 0.04261603081781226
211 0.04261576982554326
212 0.04261551054988955
213 0.04261525298369268
214 0.04261499710130813
215 0.04261474291660674
216 0.04261449044416053
217 0.04261423965804103
218 0.04261399052884572
219 0.042613742975164
220 0.04261349695448619
221 0.04261325245050758
222 0.04261300947297346
223 0.04261276802143923
224 0.04261252808582938
225 0.04261228964478555
226 0.04261205268278407
227 0.04261181719079284
228 0.04261158318846765
229 0.04261136263016147
230 0.04261114149920953
231 0.04261091884711914
232 0.04261069563211764
233 0.04261047254361186
234 0.04261024997105484
235 0.0426100281402781
236 0.04260980720698141
237 0.04260958727266377
238 0.04260936840647568
239 0.04260915067325931
240 0.04260893411822481
241 0.04260871877772711
242 0.04260850467224748
243 0.04260829181824322
244 0.04260808021957289
245 0.04260786988136507
246 0.04260766080288711
247 0.04260745296911362
248 0.04260724637121908
249 0.04260704098386042
250 0.04260683679080216
251 0.04260663378163318
252 0.04260643196393898
253 0.0426062313405243
254 0.04260603190918005
255 0.0426058336706308
256 0.0426056366351495
257 0.04260544081586602
258 0.04260524620317119
259 0.04260505277732772
260 0.04260486051436328
261 0.04260466939703521
262 0.0426044794196883
263 0.04260429057907632
264 0.04260410287253553
265 0.04260391630365791
266 0.04260373088591463
267 0.04260354660569427
268 0.0426033634622951
269 0.04260318144124394
270 0.04260300050932414
271 0.04260282064021261
272 0.0426026418116243
273 0.04260246400329573
274 0.04260228720322474
275 0.04260211140126145
276 0.04260193653155985
277 0.04260176260855993
278 0.04260158966031503
279 0.04260141771507189
280 0.0426012467715716
281 0.0426010768145695
282 0.04260090785290736
283 0.04260073986209208
284 0.04260057281020732
285 0.04260040668481883
286 0.04260024147832779
287 0.04260007718098483
288 0.04259991378532629
289 0.0425997512858571
290 0.04259958968690089
291 0.04259942898417647
292 0.04259926916259658
293 0.04259911021665017
294 0.04259895214274211
295 0.04259879493108295
296 0.04259863857807476
297 0.04259848308687399
298 0.04259832844774808
299 0.04259817464195598
300 0.04259802166779357
301 0.04259786952132518
302 0.04259771819948328
303 0.04259756769263181
304 0.04259741799997049
305 0.04259726912127701
306 0.04259712105696795
307 0.0425969738149182
308 0.04259682739299376
309 0.04259668178815604
310 0.04259653700422666
311 0.04259639304226916
312 0.04259624989880292
313 0.04259610756910325
314 0.04259596604471197
315 0.04259582532036658
316 0.04259568539150577
317 0.04259554624801173
318 0.04259540788593944
319 0.04259527030029187
320 0.0425951334864972
321 0.04259499743979576
322 0.04259486215783703
323 0.04259472763932897
324 0.04259459387138773
325 0.04259446084540434
326 0.04259432855135532
327 0.04259419695095914
328 0.04259406603404785
329 0.04259393581738635
330 0.04259380631076785
331 0.04259367751277626
332 0.04259354941814245
333 0.04259342202189644
334 0.04259329532102427
335 0.04259316931233111
336 0.04259304399191247
337 0.04259291934903414
338 0.04259279537567397
339 0.04259267207041968
340 0.04259254943199931
341 0.04259242745786423
342 0.04259230614276511
343 0.04259218547877285
344 0.04259206545970164
345 0.04259194608532968
346 0.04259182736178233
347 0.04259170928570909
348 0.04259159185270622
349 0.04259147505591222
350 0.04259135888735571
351 0.04259124334183231
352 0.04259112841337435
353 0.04259101409882779
354 0.0425909003928178
355 0.04259078728489937
356 0.04259067476856349
357 0.0425905628375421
358 0.04259045149056567
359 0.04259034072934798
360 0.04259023054945962
361 0.04259012093073554
362 0.04259001186655962
363 0.04258990335458407
364 0.04258979538910304
365 0.04258968796238208
366 0.0425895810581006
367 0.04258947466700835
368 0.04258936880173265
369 0.04258926347612463
370 0.04258915868919826
371 0.04258905443062626
372 0.04258895069365955
373 0.04258884747261942
374 0.04258874478228955
375 0.04258864262005962
376 0.04258854096800095
377 0.04258843981268767
378 0.04258833914388797
379 0.04258823895532368
380 0.04258813924838493
381 0.04258804002767475
382 0.0425879412903473
383 0.04258784302987493
384 0.04258774524107443
385 0.04258764792222846
386 0.04258755107053182
387 0.04258745467984248
388 0.04258735876319108
389 0.04258726329469269
390 0.04258716826585133
391 0.04258707368016908
392 0.04258697953962016
393 0.04258688584385689
394 0.04258679258834838
395 0.04258669976724629
396 0.04258660737623074
397 0.04258651541549201
398 0.04258642387875462
399 0.04258633275827884
400 0.04258624205286395
401 0.04258615176322098
402 0.04258606188792398
403 0.04258597242443607
404 0.04258588337265896
405 0.0425857947309878
406 0.04258570649585647
407 0.04258561866374754
408 0.04258553122828001
409 0.04258544419145546
410 0.04258535755136198
411 0.04258527130979314
412 0.04258518546397894
413 0.04258510000803949
414 0.04258501493711704
415 0.04258493023943222
416 0.04258484590942251
417 0.04258476194972335
418 0.04258467835951863
419 0.0425845951399353
420 0.04258451229155378
421 0.04258442981373761
422 0.04258434770444137
423 0.04258426596355356
424 0.04258418459089387
425 0.04258410357643265
426 0.04258402291260877
427 0.04258394259664539
428 0.04258386262902872
429 0.04258378300782128
430 0.04258370372897017
431 0.04258362479130538
432 0.04258354619746633
433 0.04258346794687302
434 0.0425833900395611
435 0.04258331247553024
436 0.04258323525450769
437 0.04258315837580975
438 0.04258308183894258
439 0.04258300563938517
440 0.04258292977405628
441 0.04258285424271754
442 0.04258277904541328
443 0.04258270418223075
444 0.04258262965774803
445 0.04258255547049684
446 0.04258248161645403
447 0.04258240808987444
448 0.04258233488691329
449 0.04258226200461601
450 0.04258218944135508
451 0.04258211719584912
452 0.04258204526698608
453 0.04258197365408335
454 0.0425819023578838
455 0.04258183137780831
456 0.04258176071163329
457 0.04258169035359608
458 0.0425816202970364
459 0.04258155053675343
460 0.04258148107311564
461 0.04258141190639541
462 0.04258134303265769
463 0.04258127445571421
464 0.04258120617595745
465 0.04258113819184024
466 0.04258107050330846
467 0.04258100311083766
468 0.04258093601294601
469 0.04258086920652074
470 0.04258080268974369
471 0.04258073645705323
472 0.04258067050746298
473 0.04258060483961275
474 0.04258053945482174
475 0.04258047435433739
476 0.04258040953451313
477 0.04258034499081825
478 0.04258028072236714
479 0.04258021672937593
480 0.04258015300669217
481 0.04258008955308535
482 0.04258002637160659
483 0.04257996346339434
484 0.04257990082736633
485 0.04257983846189434
486 0.04257977636245607
487 0.04257971452200738
488 0.04257965293740774
489 0.04257959160878034
490 0.04257953053564939
491 0.04257946971737997
492 0.04257940915328293
493 0.04257934884225359
494 0.04257928878259214
495 0.04257922897339401
496 0.0425791694112985
497 0.04257911009374329
498 0.04257905101977728
499 0.04257899218732985
500 0.04257893359895106
501 0.04257887525468144
502 0.04257881714753538
503 0.04257875927335735
504 0.04257870164131239
505 0.04257864424940633
506 0.04257858708797194
507 0.04257853014968204
508 0.04257847342833816
509 0.042578416921486
510 0.04257836062990272
511 0.04257830455428308
512 0.04257824869420304
513 0.04257819304934313
514 0.04257813761964948
515 0.04257808240631068
516 0.0425780274096009
517 0.04257797262896504
518 0.04257791806437899
519 0.0425778637148059
520 0.04257780957803155
521 0.04257775565314697
522 0.0425777019387285
523 0.04257764843360085
524 0.04257759513588327
525 0.04257754204420017
526 0.04257748915730303
527 0.04257743647650847
528 0.04257738400420363
529 0.04257733174195146
530 0.04257727968728223
531 0.04257722783552422
532 0.04257717618206659
533 0.04257712472524353
534 0.04257707346300806
535 0.04257702239261462
536 0.04257697151258569
537 0.04257692082495199
538 0.04257687033015303
539 0.04257682002734738
540 0.04257676991598147
541 0.04257671999519343
542 0.04257667026421814
543 0.04257662072246744
544 0.0425765713690321
545 0.04257652220314544
546 0.04257647322363428
547 0.04257642442949393
548 0.04257637582280098
549 0.04257632740305794
550 0.04257627916923063
551 0.04257623112078934
552 0.04257618325774127
553 0.04257613557996964
554 0.04257608808685947
555 0.04257604077801807
556 0.04257599365259269
557 0.04257594671054921
558 0.04257589995349046
559 0.04257585338116057
560 0.04257580699179669
561 0.04257576078371051
562 0.04257571475485744
563 0.04257566890479988
564 0.04257562323369233
565 0.04257557773963713
566 0.04257553241924542
567 0.04257548727469319
568 0.0425754423103394
569 0.04257539752319313
570 0.0425753529058671
571 0.04257530845374433
572 0.04257526416545434
573 0.04257522004285852
574 0.04257517609200552
575 0.0425751323170265
576 0.04257508871533217
577 0.04257504528320445
578 0.04257500201733515
579 0.04257495891465971
580 0.04257491597293347
581 0.04257487318767046
582 0.04257483055920662
583 0.04257478808717095
584 0.04257474576590211
585 0.04257470359034043
586 0.04257466155750928
587 0.0425746196650255
588 0.04257457791345122
589 0.04257453630604541
590 0.04257449484210903
591 0.04257445351991922
592 0.04257441233752254
593 0.04257437129369176
594 0.04257433038888789
595 0.0425742896232237
596 0.04257424899734468
597 0.0425742085106711
598 0.04257416816225681
599 0.04257412795106386
600 0.0425740878760807
601 0.04257404793611578
602 0.04257400813046787
603 0.04257396845928341
604 0.04257392892224306
605 0.0425738895193337
606 0.04257385024973802
607 0.04257381111476765
608 0.0425737721146687
609 0.04257373324962136
610 0.0425736945189323
611 0.04257365592145328
612 0.04257361745534598
613 0.0425735791194081
614 0.04257354091400481
615 0.04257350283847358
616 0.04257346489237261
617 0.0425734270761036
618 0.04257338938962676
619 0.04257335183313322
620 0.04257331440610148
621 0.04257327710831636
622 0.04257323993918539
623 0.04257320289803419
624 0.04257316598467085
625 0.04257312919865253
626 0.04257309253869254
627 0.0425730560038419
628 0.04257301959347892
629 0.04257298330685359
630 0.04257294714227448
631 0.04257291109936496
632 0.04257287530388859
633 0.04257283958389463
634 0.04257280395533426
635 0.04257276842772888
636 0.04257273300691786
637 0.04257269769572855
638 0.04257266249508654
639 0.04257262740573017
640 0.04257259242706068
641 0.04257255755792973
642 0.0425725227969346
643 0.04257248814306311
644 0.04257245359510357
645 0.04257241915206673
646 0.04257238481384814
647 0.04257235057925797
648 0.04257231644728496
649 0.04257228241698863
650 0.04257224848748607
651 0.04257221465845043
652 0.04257218092997446
653 0.04257214730186638
654 0.04257211377455462
655 0.04257208034905661
656 0.04257204702511344
657 0.04257201380098742
658 0.04257198067512261
659 0.04257194764728364
660 0.04257191471745479
661 0.04257188188557664
662 0.04257184915155334
663 0.04257181651507867
664 0.04257178397554937
665 0.04257175153247505
666 0.04257171918535433
667 0.04257168693370949
668 0.04257165477714822
669 0.04257162271542398
670 0.0425715907483907
671 0.04257155887667451
672 0.04257152710076841
673 0.04257149541916413
674 0.04257146383157193
675 0.04257143233789019
676 0.04257140093788392
677 0.04257136963172756
678 0.04257133842043983
679 0.04257130730445859
680 0.04257127628397102
681 0.04257124535914635
682 0.04257121453015138
683 0.04257118379725582
684 0.04257115316048709
685 0.04257112261961151
686 0.04257109217471731
687 0.04257106182608553
688 0.04257103157344023
689 0.04257100141657809
690 0.04257097135547393
691 0.04257094139004983
692 0.04257091151937314
693 0.04257088174215819
694 0.0425708520577313
695 0.04257082246615489
696 0.04257079296715841
697 0.04257076357056913
698 0.04257073427684134
699 0.04257070508260611
700 0.04257067598547513
701 0.0425706469851881
702 0.04257061807939996
703 0.04257058924784898
704 0.04257056049600662
705 0.04257053183087095
706 0.04257050325627645
707 0.04257047477505195
708 0.04257044638655233
709 0.04257041808963884
710 0.04257038988324102
711 0.04257036176549288
712 0.04257033373566162
713 0.04257030579441384
714 0.04257027794242377
715 0.04257025017981145
716 0.04257022250650318
717 0.04257019492188648
718 0.04257016742533851
719 0.04257014001637706
720 0.04257011269482085
721 0.04257008545975721
722 0.0425700583106032
723 0.04257003124667232
724 0.04257000426784641
725 0.0425699773742593
726 0.0425699505658315
727 0.04256992384257038
728 0.04256989720496936
729 0.04256987065313821
730 0.04256984418684909
731 0.04256981780566482
732 0.0425697915092521
733 0.04256976529728192
734 0.04256973916881517
735 0.04256971312359709
736 0.04256968716138745
737 0.04256966128158419
738 0.04256963548387333
739 0.04256960976797853
740 0.04256958413361252
741 0.04256955858111248
742 0.04256953311049218
743 0.04256950772159399
744 0.04256948241427262
745 0.04256945718830631
746 0.0425694320425654
747 0.04256940697674598
748 0.04256938199066139
749 0.04256935708407642
750 0.04256933225671752
751 0.04256930750883616
752 0.04256928284060175
753 0.04256925825129573
754 0.04256923374016516
755 0.04256920930667742
756 0.04256918495040579
757 0.04256916067102783
758 0.04256913646777218
759 0.04256911234006837
760 0.04256908828733873
761 0.042569064308955
762 0.04256904040371062
763 0.04256901657055998
764 0.04256899280907004
765 0.04256896911900879
766 0.04256894549983831
767 0.04256892195045169
768 0.04256889847013311
769 0.04256887505842687
770 0.04256885171507437
771 0.04256882843964932
772 0.04256880523161604
773 0.04256878209035037
774 0.04256875901562338
775 0.04256873600424535
776 0.04256871305474259
777 0.04256869016728885
778 0.04256866734223445
779 0.04256864457945174
780 0.04256862187869895
781 0.0425685992391415
782 0.04256857666003799
783 0.04256855414067411
784 0.04256853168047224
785 0.04256850927918757
786 0.04256848693649056
787 0.04256846465209448
788 0.04256844242600877
789 0.04256842025821853
790 0.04256839814854361
791 0.04256837609634692
792 0.04256835410125583
793 0.04256833216321011
794 0.04256831028243888
795 0.04256828846020595
796 0.04256826669782186
797 0.04256824499834777
798 0.04256822336284201
799 0.04256820178969912
800 0.04256818027897129
801 0.04256815882837061
802 0.04256813743490283
803 0.0425681160967713
804 0.04256809481316118
805 0.04256807358511731
806 0.04256805241145364
807 0.04256803129046026
808 0.04256801022083866
809 0.04256798920084148
810 0.04256796822490366
811 0.04256794728572787
812 0.0425679263841925
813 0.04256790552267027
814 0.04256788470314157
815 0.04256786392722621
816 0.04256784319673812
817 0.04256782251269919
818 0.04256780187555794
819 0.04256778128546635
820 0.04256776074323665
821 0.04256774024783828
822 0.04256771979887709
823 0.04256769939635602
824 0.04256767904092976
825 0.04256765873354522
826 0.04256763847530201
827 0.04256761826742234
828 0.04256759811097199
829 0.04256757800704263
830 0.04256755795716879
831 0.04256753796278306
832 0.04256751802578723
833 0.04256749814764137
834 0.04256747832951521
835 0.042567458572837
836 0.0425674388808468
837 0.04256741925492628
838 0.04256739969633835
839 0.04256738020617411
840 0.04256736078388489
841 0.0425673414311354
842 0.04256732214816812
843 0.04256730293525608
844 0.04256728379982591
845 0.04256726474144935
846 0.0425672457578752
847 0.04256722684826157
848 0.04256720801284809
849 0.04256718925252882
850 0.04256717056731756
851 0.04256715195657645
852 0.042567133419101
853 0.04256711495323724
854 0.04256709655708708
855 0.04256707822852662
856 0.04256705996555013
857 0.04256704176658386
858 0.04256702363039113
859 0.04256700555588948
860 0.04256698754204975
861 0.04256696958835651
862 0.042566951694787
863 0.0425669338613863
864 0.04256691609017973
865 0.04256689837997867
866 0.04256688072856922
867 0.04256686313429243
868 0.04256684559254192
869 0.04256682810097778
870 0.04256681065969108
871 0.04256679326973092
872 0.042566775932668
873 0.04256675864952746
874 0.04256674142114485
875 0.04256672424734159
876 0.04256670712759657
877 0.04256669006153883
878 0.04256667304881293
879 0.04256665608901884
880 0.04256663918669246
881 0.04256662234213692
882 0.04256660555400977
883 0.04256658882088719
884 0.04256657214185888
885 0.04256655551628784
886 0.04256653894356852
887 0.04256652242313115
888 0.0425665059546847
889 0.04256648953811269
890 0.04256647317258512
891 0.04256645685746376
892 0.04256644059223167
893 0.0425664243764611
894 0.04256640820982748
895 0.04256639209204788
896 0.04256637602316284
897 0.04256636000322881
898 0.04256634403098097
899 0.04256632810584841
900 0.04256631222751725
901 0.04256629639568182
902 0.04256628060969144
903 0.04256626486837576
904 0.04256624917320144
905 0.04256623352486316
906 0.0425662179235176
907 0.04256620236893393
908 0.04256618686057251
909 0.04256617139788713
910 0.04256615598059042
911 0.04256614060856748
912 0.04256612528144499
913 0.04256610999884539
914 0.04256609476051697
915 0.04256607956633406
916 0.04256606441599006
917 0.04256604930918702
918 0.04256603424586267
919 0.04256601922589625
920 0.04256600424906976
921 0.0425659893151442
922 0.04256597442385966
923 0.0425659595754212
924 0.0425659447698836
925 0.04256593000716417
926 0.04256591528637501
927 0.04256590060733574
928 0.04256588596999829
929 0.04256587137666214
930 0.04256585682715355
931 0.04256584231693188
932 0.0425658278450689
933 0.04256581341228121
934 0.04256579901941139
935 0.04256578466671741
936 0.04256577035429143
937 0.04256575608207393
938 0.04256574184985047
939 0.04256572765738911
940 0.04256571350451321
941 0.04256569939101407
942 0.04256568531657338
943 0.04256567128096508
944 0.04256565728375589
945 0.04256564332486237
946 0.04256562940405308
947 0.04256561552126325
948 0.04256560167637884
949 0.04256558786927017
950 0.04256557409983069
951 0.04256556036778183
952 0.04256554667266993
953 0.04256553301444765
954 0.04256551939353118
955 0.04256550580972297
956 0.04256549226233252
957 0.04256547875095444
958 0.04256546527552999
959 0.04256545183608373
960 0.04256543843217082
961 0.0425654250638372
962 0.0425654117311384
963 0.04256539843413658
964 0.04256538517275263
965 0.04256537194675165
966 0.04256535875594237
967 0.04256534560010043
968 0.04256533247900139
969 0.0425653193924131
970 0.04256530634013829
971 0.04256529332199735
972 0.04256528033755567
973 0.04256526738642511
974 0.04256525446843875
975 0.04256524158339235
976 0.04256522873383826
977 0.0425652159167484
978 0.04256520313102519
979 0.04256519037690124
980 0.04256517765444139
981 0.04256516496337592
982 0.04256515230345886
983 0.04256513967453376
984 0.04256512707641326
985 0.04256511450887508
986 0.04256510197182287
987 0.04256508946552492
988 0.0425650769892162
989 0.04256506454191224
990 0.04256505212301653
991 0.04256503973214958
992 0.04256502736911424
993 0.04256501503377357
994 0.0425650027262069
995 0.04256499044734695
996 0.04256497819737191
997 0.04256496597574862
998 0.04256495378196903
999 0.04256494161550665
1000 0.04256492947596052
1001 0.04256491736281216
1002 0.04256490527595995
1003 0.04256489321493494
1004 0.04256488117915725
1005 0.04256486916825431
1006 0.04256485718189872
1007 0.04256484521983082
1008 0.04256483328188163
1009 0.04256482136799052
1010 0.04256480947788964
1011 0.04256479761125066
1012 0.0425647857678211
1013 0.04256477394730866
1014 0.04256476214950566
1015 0.04256475037417635
1016 0.04256473862057198
1017 0.04256472688814302
1018 0.04256471517648783
1019 0.04256470348600518
1020 0.04256469181647037
1021 0.04256468016755725
1022 0.04256466853924674
1023 0.04256465693162869
1024 0.04256464534476943
1025 0.04256463377879356
1026 0.04256462223368688
1027 0.04256461070929606
1028 0.04256459920542992
1029 0.0425645877219212
1030 0.04256457625856122
1031 0.04256456481516949
1032 0.04256455339179602
1033 0.0425645419884031
1034 0.04256453060504566
1035 0.04256451924157927
1036 0.04256450789789434
1037 0.04256449657388068
1038 0.04256448526960738
1039 0.0425644739851967
1040 0.04256446272073822
1041 0.04256445147638464
1042 0.04256444025229578
1043 0.04256442904861087
1044 0.04256441786546199
1045 0.04256440670299328
1046 0.04256439556132471
1047 0.04256438444072805
1048 0.0425643733413524
1049 0.04256436226323956
1050 0.04256435120641365
1051 0.04256434017095958
1052 0.04256432915717643
1053 0.04256431816533369
1054 0.04256430719567084
1055 0.04256429624848358
1056 0.04256428532393307
1057 0.04256427442221481
1058 0.04256426354354428
1059 0.04256425268818148
1060 0.04256424185635218
1061 0.04256423104846882
1062 0.0425642202655736
1063 0.0425642095077832
1064 0.04256419877478537
1065 0.04256418806640552
1066 0.04256417738223853
1067 0.04256416672297939
1068 0.0425641560889292
1069 0.04256414548051951
1070 0.04256413489788296
1071 0.04256412434114531
1072 0.0425641138105149
1073 0.04256410330619857
1074 0.04256409282814414
1075 0.04256408237642849
1076 0.04256407195125602
1077 0.04256406155272609
1078 0.04256405118086519
1079 0.04256404083587022
1080 0.04256403051821734
1081 0.04256402022839866
1082 0.04256400996653942
1083 0.04256399973265187
1084 0.04256398952686426
1085 0.04256397934934283
1086 0.04256396920024096
1087 0.04256395907971691
1088 0.04256394898770745
1089 0.04256393892373513
1090 0.04256392888843139
1091 0.04256391888205676
1092 0.04256390890482904
1093 0.04256389895698896
1094 0.0425638890387085
1095 0.0425638791501201
1096 0.04256386929136307
1097 0.0425638594626986
1098 0.04256384963487208
1099 0.04256383984473978
1100 0.04256383009217609
1101 0.04256382037582045
1102 0.04256381069381665
1103 0.0425638010448788
1104 0.04256379142818072
1105 0.04256378184368798
1106 0.042563772290561
1107 0.04256376276827555
1108 0.04256375327690075
1109 0.04256374381671808
1110 0.04256373438788622
1111 0.04256372499080693
1112 0.04256371562580754
1113 0.04256370629313184
1114 0.04256369699292381
1115 0.04256368772534952
1116 0.04256367849099583
1117 0.04256366929009407
1118 0.04256366012271619
1119 0.04256365098877621
1120 0.0425636418882792
1121 0.04256363282129024
1122 0.04256362378787518
1123 0.04256361478810868
1124 0.04256360582211534
1125 0.04256359688996852
1126 0.04256358799165934
1127 0.04256357912713959
1128 0.04256357029630651
1129 0.04256356149924163
1130 0.04256355273697227
1131 0.04256354400963189
1132 0.04256353531686867
1133 0.04256352665825799
1134 0.04256351803340384
1135 0.04256350944192827
1136 0.04256350088353304
1137 0.04256349235800618
1138 0.04256348386522491
1139 0.04256347540473508
1140 0.04256346697620655
1141 0.04256345857958041
1142 0.04256345021480667
1143 0.04256344188181407
1144 0.04256343358038309
1145 0.04256342531027455
1146 0.04256341707124491
1147 0.04256340886315128
1148 0.04256340068577089
1149 0.04256339253833982
1150 0.04256338442068323
1151 0.04256337633312427
1152 0.04256336827582693
1153 0.04256336024869147
1154 0.04256335225148116
1155 0.04256334428386637
1156 0.04256333634559659
1157 0.04256332843642293
1158 0.0425633205561013
1159 0.04256331270432286
1160 0.04256330488090018
1161 0.04256329708556787
1162 0.04256328931799894
1163 0.04256328157785878
1164 0.04256327386495466
1165 0.0425632661790523
1166 0.04256325851959535
1167 0.04256325088576433
1168 0.04256324327770573
1169 0.04256323569569107
1170 0.04256322813971564
1171 0.04256322060969451
1172 0.04256321310523161
1173 0.04256320562596792
1174 0.04256319817161232
1175 0.0425631907419248
1176 0.04256318333669107
1177 0.04256317595569012
1178 0.04256316859868
1179 0.04256316126538814
1180 0.04256315395556637
1181 0.04256314666850833
1182 0.04256313940201348
1183 0.04256313215623981
1184 0.04256312493145965
1185 0.04256311772768741
1186 0.04256311054503881
1187 0.04256310338340431
1188 0.04256309624258269
1189 0.04256308912233878
1190 0.04256308202244148
1191 0.04256307494277341
1192 0.04256306788331229
1193 0.04256306084398638
1194 0.04256305382466711
1195 0.04256304682522569
1196 0.04256303984551708
1197 0.04256303288540958
1198 0.04256302594492838
1199 0.04256301902413112
1200 0.0425630121229888
1201 0.04256300524144063
1202 0.04256299837940977
1203 0.04256299153680271
1204 0.04256298471347651
1205 0.04256297790913054
1206 0.04256297112354964
1207 0.04256296435665849
1208 0.04256295760883994
1209 0.04256295088063448
1210 0.04256294417162389
1211 0.04256293748128827
1212 0.04256293080919823
1213 0.04256292415517113
1214 0.04256291751917299
1215 0.04256291090113522
1216 0.04256290430112008
1217 0.04256289771895741
1218 0.04256289115407671
1219 0.0425628846063344
1220 0.0425628780756263
1221 0.04256287156186934
1222 0.04256286506503598
1223 0.04256285858510766
1224 0.04256285212208631
1225 0.04256284567591068
1226 0.04256283924635502
1227 0.04256283283349589
1228 0.04256282643733694
1229 0.04256282005781824
1230 0.04256281369485112
1231 0.04256280734834305
1232 0.04256280101820113
1233 0.04256279470432574
1234 0.04256278840663637
1235 0.0425627821250591
1236 0.04256277585951557
1237 0.04256276961001926
1238 0.04256276337646361
1239 0.04256275715872061
1240 0.04256275095665068
1241 0.04256274477021817
1242 0.04256273859937312
1243 0.04256273244404338
1244 0.04256272630415697
1245 0.04256272017958003
1246 0.04256271407011405
1247 0.04256270797574275
1248 0.04256270189647155
1249 0.04256269583232448
1250 0.04256268978319715
1251 0.04256268374899751
1252 0.04256267772966327
1253 0.0425626717251459
1254 0.04256266573537845
1255 0.04256265976015663
1256 0.04256265379950556
1257 0.04256264785343732
1258 0.04256264192194817
1259 0.04256263600497599
1260 0.04256263010243102
1261 0.04256262421423818
1262 0.0425626183403367
1263 0.04256261248067924
1264 0.04256260663521204
1265 0.04256260080388211
1266 0.04256259498664015
1267 0.04256258918344986
1268 0.04256258339410562
1269 0.04256257761860004
1270 0.04256257185689594
1271 0.04256256610886286
1272 0.0425625603744374
1273 0.04256255465359816
1274 0.04256254894628757
1275 0.04256254325246511
1276 0.04256253757208197
1277 0.04256253190510336
1278 0.04256252625142423
1279 0.04256252061091795
1280 0.04256251498347402
1281 0.04256250936901724
1282 0.04256250376745904
1283 0.04256249817877113
1284 0.04256249260293734
1285 0.04256248703992932
1286 0.04256248148970354
1287 0.04256247595221699
1288 0.04256247042740997
1289 0.04256246491524957
1290 0.04256245941570738
1291 0.04256245392874782
1292 0.04256244845431499
1293 0.0425624429923405
1294 0.04256243754275583
1295 0.04256243210545434
1296 0.04256242668035036
1297 0.04256242126739115
1298 0.04256241586708617
1299 0.04256241047978333
1300 0.04256240510543596
1301 0.04256239974381495
1302 0.04256239439514736
1303 0.04256238905939594
1304 0.04256238373636134
1305 0.04256237842583413
1306 0.04256237312767326
1307 0.04256236784173877
1308 0.04256236256785521
1309 0.04256235730589493
1310 0.04256235205570991
1311 0.04256234681717892
1312 0.04256234159019456
1313 0.04256233637433592
1314 0.0425623311692044
1315 0.04256232597466321
1316 0.04256232079068841
1317 0.04256231561732002
1318 0.04256231045461414
1319 0.0425623053026386
1320 0.04256230016159777
1321 0.04256229503135395
1322 0.04256228991142983
1323 0.04256228480156767
1324 0.04256227970172091
1325 0.04256227461194678
1326 0.04256226953231935
1327 0.04256226446287767
1328 0.04256225940360377
1329 0.04256225435454786
1330 0.04256224931569542
1331 0.04256224428700887
1332 0.04256223926846716
1333 0.04256223426004208
1334 0.04256222926166219
1335 0.04256222427328705
1336 0.04256221929482808
1337 0.04256221432620071
1338 0.04256220936742357
1339 0.04256220441851944
1340 0.04256219947946793
1341 0.04256219455024744
1342 0.04256218963090533
1343 0.04256218472152783
1344 0.04256217982212761
1345 0.04256217493264036
1346 0.04256217005298064
1347 0.04256216518307529
1348 0.04256216032289725
1349 0.04256215547256705
1350 0.04256215063241742
1351 0.04256214580257179
1352 0.04256214098285128
1353 0.04256213617256523
1354 0.04256213137139484
1355 0.04256212657969281
1356 0.04256212179782293
1357 0.04256211702602568
1358 0.04256211226440199
1359 0.0425621075129532
1360 0.04256210277160787
1361 0.04256209804026428
1362 0.04256209331882969
1363 0.04256208860722246
1364 0.04256208390533061
1365 0.04256207921285717
1366 0.04256207452949183
1367 0.04256206985518179
1368 0.04256206519038219
1369 0.04256206053533061
1370 0.04256205589010254
1371 0.0425620512546933
1372 0.04256204662905261
1373 0.04256204201311054
1374 0.04256203740680799
1375 0.04256203281008737
1376 0.04256202822318933
1377 0.04256202364666186
1378 0.04256201908026418
1379 0.04256201452365252
1380 0.04256200997665576
1381 0.04256200543925764
1382 0.04256200091149594
1383 0.04256199639961627
1384 0.04256199190673923
1385 0.04256198742995662
1386 0.04256198296584489
1387 0.04256197851233743
1388 0.04256197406871348
1389 0.04256196963389913
1390 0.04256196520799242
1391 0.04256196079148956
1392 0.04256195638398143
1393 0.04256195198444131
1394 0.04256194759262825
1395 0.04256194320808834
1396 0.04256193883030696
1397 0.04256193445887552
1398 0.04256193009349137
1399 0.04256192573399079
1400 0.04256192158775354
1401 0.042561917356113
1402 0.04256191305737259
1403 0.04256190872807451
1404 0.04256190439008537
1405 0.04256190005376413
1406 0.04256189572362874
1407 0.04256189140154808
1408 0.04256188708832802
1409 0.04256188278478396
1410 0.04256187849247278
1411 0.0425618742119069
1412 0.04256186994269313
1413 0.04256186568457648
1414 0.04256186143751108
1415 0.04256185720159306
1416 0.04256185297690708
1417 0.04256184876355892
1418 0.04256184456150624
1419 0.0425618403711425
1420 0.04256183619363273
1421 0.04256183202924636
1422 0.04256182787663428
1423 0.04256182373416435
1424 0.04256181960059376
1425 0.04256181547534313
1426 0.04256181135858565
1427 0.04256180725114402
1428 0.04256180315356257
1429 0.0425617990662032
1430 0.04256179498919729
1431 0.04256179092242805
1432 0.04256178686545162
1433 0.04256178281787983
1434 0.04256177877977912
1435 0.04256177475138531
1436 0.04256177073304108
1437 0.04256176672501543
1438 0.04256176272740232
1439 0.04256175874013692
1440 0.04256175476307641
1441 0.04256175079607515
1442 0.04256174683903662
1443 0.04256174289193076
1444 0.04256173895476842
1445 0.04256173502756327
1446 0.0425617311102879
1447 0.04256172720290017
1448 0.04256172330622093
1449 0.04256171942100893
1450 0.04256171554658862
1451 0.04256171168212899
1452 0.04256170782693875
1453 0.04256170398059275
1454 0.04256170014299271
1455 0.04256169631430261
1456 0.04256169249483484
1457 0.04256168868493487
1458 0.04256168488482862
1459 0.04256168109475344
1460 0.04256167731488594
1461 0.04256167354529843
1462 0.04256166978698425
1463 0.04256166604291348
1464 0.04256166231502783
1465 0.04256165860237161
1466 0.04256165490328088
1467 0.04256165121653668
1468 0.04256164754140578
1469 0.04256164387737756
1470 0.04256164022402716
1471 0.04256163658092076
1472 0.04256163294756516
1473 0.04256162932337728
1474 0.04256162570772544
1475 0.04256162210003502
1476 0.04256161849962958
1477 0.04256161490586895
1478 0.0425616113180843
1479 0.04256160773585201
1480 0.04256160415887249
1481 0.04256160058696355
1482 0.04256159702005472
1483 0.04256159345815168
1484 0.04256158990135653
1485 0.04256158634990274
1486 0.04256158280406231
1487 0.04256157926414287
1488 0.04256157573045223
1489 0.04256157220331714
1490 0.04256156868308453
1491 0.04256156517011599
1492 0.04256156166479657
1493 0.04256155816746999
1494 0.04256155467839415
1495 0.04256155119778184
1496 0.04256154772583121
1497 0.04256154426271684
1498 0.04256154080858076
1499 0.04256153736355079
1500 0.04256153392770069
1501 0.04256153050106014
1502 0.04256152708362842
1503 0.0425615236753371
1504 0.04256152027612438
1505 0.04256151688591601
1506 0.04256151350459124
1507 0.0425615101320433
1508 0.04256150676817802
1509 0.0425615034129086
1510 0.04256150006615649
1511 0.04256149672784627
1512 0.04256149339790188
1513 0.04256149007625393
1514 0.04256148676287537
1515 0.04256148345772223
1516 0.04256148016073945
1517 0.04256147687185204
1518 0.0425614735910324
1519 0.04256147031825935
1520 0.04256146705350666
1521 0.0425614637967494
1522 0.04256146054796262
1523 0.04256145730712255
1524 0.04256145407420691
1525 0.04256145084919222
1526 0.04256144763205501
1527 0.04256144442277239
1528 0.04256144122132071
1529 0.04256143802767296
1530 0.04256143484180408
1531 0.0425614316636869
1532 0.04256142849329123
1533 0.04256142533058908
1534 0.04256142217554837
1535 0.04256141902813886
1536 0.0425614158883267
1537 0.04256141275606581
1538 0.04256140963130804
1539 0.04256140651402586
1540 0.04256140340421596
1541 0.04256140030186412
1542 0.04256139720697081
1543 0.04256139411961625
1544 0.04256139103974142
1545 0.04256138796726982
1546 0.04256138490218166
1547 0.04256138184448249
1548 0.04256137879418938
1549 0.04256137575107674
1550 0.04256137271492377
1551 0.04256136968566889
1552 0.04256136666333118
1553 0.04256136364797181
1554 0.04256136063961596
1555 0.04256135763827498
1556 0.04256135464397121
1557 0.04256135165670193
1558 0.04256134867641766
1559 0.0425613457030756
1560 0.04256134273664526
1561 0.04256133977710524
1562 0.04256133682451819
1563 0.04256133387896946
1564 0.0425613309402569
1565 0.04256132800821213
1566 0.04256132508268661
1567 0.04256132216360434
1568 0.04256131925096622
1569 0.04256131634481919
1570 0.04256131344522487
1571 0.04256131055225539
1572 0.04256130766597428
1573 0.04256130478642618
1574 0.04256130191363205
1575 0.0425612990476025
1576 0.04256129618833797
1577 0.04256129333586292
1578 0.04256129049018079
1579 0.04256128765126353
1580 0.04256128481907846
1581 0.04256128199358856
1582 0.04256127917475674
1583 0.04256127636254612
1584 0.04256127355692189
1585 0.04256127075784959
1586 0.04256126796529675
1587 0.04256126517923194
1588 0.04256126239961638
1589 0.0425612596264152
1590 0.04256125685959924
1591 0.04256125409914094
1592 0.04256125134500405
1593 0.04256124859713945
1594 0.04256124585552981
1595 0.04256124312013027
1596 0.04256124039091603
1597 0.04256123766782557
1598 0.04256123495065063
1599 0.04256123223948279
1600 0.04256122953440166
1601 0.04256122683544555
1602 0.04256122414261104
1603 0.04256122145605356
1604 0.04256121877579157
1605 0.04256121610192702
1606 0.04256121343444672
1607 0.04256121077319211
1608 0.04256120811803096
1609 0.04256120546892277
1610 0.04256120282590355
1611 0.04256120018903185
1612 0.04256119755835689
1613 0.04256119493390573
1614 0.0425611923156695
1615 0.04256118970360952
1616 0.042561187097644
1617 0.04256118449772302
1618 0.04256118190381655
1619 0.04256117931588509
1620 0.04256117673387796
1621 0.04256117415772088
1622 0.0425611715872422
1623 0.04256116902242239
1624 0.04256116646329086
1625 0.04256116390988268
1626 0.04256116136220828
1627 0.04256115882032276
1628 0.04256115628424147
1629 0.04256115375383833
1630 0.04256115122895056
1631 0.04256114870947067
1632 0.04256114619538251
1633 0.04256114368671634
1634 0.0425611411835024
1635 0.04256113868577651
1636 0.04256113619357858
1637 0.04256113370694376
1638 0.04256113122588862
1639 0.04256112875041997
1640 0.04256112628053461
1641 0.04256112381622123
1642 0.04256112135746414
1643 0.04256111890424068
1644 0.04256111645652491
1645 0.04256111401428896
1646 0.0425611115775074
1647 0.04256110914615133
1648 0.04256110672018597
1649 0.04256110429958247
1650 0.04256110188431979
1651 0.04256109947437511
1652 0.04256109706973211
1653 0.04256109467038113
1654 0.04256109227630063
1655 0.04256108988746193
1656 0.04256108750384736
1657 0.04256108512544039
1658 0.04256108275222362
1659 0.0425610803841867
1660 0.04256107802134882
1661 0.04256107566369185
1662 0.04256107331119629
1663 0.04256107096384271
1664 0.04256106862161711
1665 0.04256106628454122
1666 0.04256106395288856
1667 0.042561061626711
1668 0.04256105930596927
1669 0.04256105699056132
1670 0.04256105468043882
1671 0.04256105237551595
1672 0.04256105007569014
1673 0.0425610477808744
1674 0.04256104549100082
1675 0.04256104320601645
1676 0.04256104092587142
1677 0.04256103865052329
1678 0.04256103637993049
1679 0.04256103411404179
1680 0.04256103185283146
1681 0.04256102959627794
1682 0.0425610273443653
1683 0.04256102509705435
1684 0.04256102285434329
1685 0.04256102061623868
1686 0.04256101838273949
1687 0.04256101615383244
1688 0.04256101392947632
1689 0.04256101170966756
1690 0.04256100949440417
1691 0.04256100728368965
1692 0.04256100507752593
1693 0.04256100287591258
1694 0.04256100067882636
1695 0.04256099848622692
1696 0.04256099629827163
1697 0.04256099411499796
1698 0.04256099193638561
1699 0.04256098976240055
1700 0.04256098759300757
1701 0.04256098542817079
1702 0.0425609832678627
1703 0.04256098111204071
1704 0.04256097896066991
1705 0.0425609768137327
1706 0.04256097467121387
1707 0.04256097253309806
1708 0.04256097039937725
1709 0.04256096827003096
1710 0.04256096614516156
1711 0.04256096402497359
1712 0.04256096190939108
1713 0.0425609597983449
1714 0.04256095769217765
1715 0.04256095559044713
1716 0.04256095349271646
1717 0.04256095139868799
1718 0.04256094930824704
1719 0.04256094722141646
1720 0.04256094513831144
1721 0.04256094305906934
1722 0.04256094098380521
1723 0.0425609389127458
1724 0.04256093684688806
1725 0.04256093478609065
1726 0.04256093272993115
1727 0.04256093067804929
1728 0.04256092863021037
1729 0.04256092658627466
1730 0.0425609245461707
1731 0.04256092250986928
1732 0.04256092047737195
1733 0.04256091844869262
1734 0.04256091642385723
1735 0.04256091440288096
1736 0.04256091238577885
1737 0.04256091037256364
1738 0.04256090836324329
1739 0.042560906357821
1740 0.04256090435629318
1741 0.04256090235865712
1742 0.04256090036490971
1743 0.04256089837505394
1744 0.04256089638909086
1745 0.04256089440704315
1746 0.04256089242879953
1747 0.04256089045432718
1748 0.04256088848361704
1749 0.04256088651666247
1750 0.04256088455345448
1751 0.042560882593983
1752 0.042560880638235
1753 0.04256087868619784
1754 0.04256087673784189
1755 0.04256087479330863
1756 0.04256087285259325
1757 0.04256087091563594
1758 0.04256086898236679
1759 0.0425608670526798
1760 0.04256086512626257
1761 0.0425608632032701
1762 0.0425608612838319
1763 0.04256085936802103
1764 0.04256085745586258
1765 0.04256085554736851
1766 0.0425608536425485
1767 0.0425608517414363
1768 0.04256084984423223
1769 0.04256084795102271
1770 0.04256084606187634
1771 0.04256084417680718
1772 0.0425608422958116
1773 0.04256084041878695
1774 0.04256083854560988
1775 0.04256083667630353
1776 0.04256083481075486
1777 0.04256083294883297
1778 0.04256083109045063
1779 0.04256082923555408
1780 0.04256082738411208
1781 0.04256082553610508
1782 0.04256082369151334
1783 0.04256082185032158
1784 0.04256082001251572
1785 0.04256081817798833
1786 0.04256081634687968
1787 0.04256081451931994
1788 0.04256081269531174
1789 0.04256081087481645
1790 0.04256080905779815
1791 0.0425608072442981
1792 0.04256080543436464
1793 0.0425608036279933
1794 0.04256080182512504
1795 0.04256080002559798
1796 0.0425607982293016
1797 0.04256079643616379
1798 0.04256079464614738
1799 0.04256079285923178
1800 0.04256079107539825
1801 0.04256078929462067
1802 0.04256078751685744
1803 0.04256078574207296
1804 0.0425607839702372
1805 0.0425607822013026
1806 0.04256078043521416
1807 0.04256077867191164
1808 0.0425607769113368
1809 0.04256077515343137
1810 0.042560773398139
1811 0.04256077164529439
1812 0.0425607698948069
1813 0.04256076814685043
1814 0.04256076640137401
1815 0.04256076465827129
1816 0.04256076291745356
1817 0.04256076117885066
1818 0.0425607594424094
1819 0.04256075770807243
1820 0.04256075597577528
1821 0.04256075424541308
1822 0.04256075251703773
1823 0.04256075079060957
1824 0.04256074906606216
1825 0.04256074734331102
1826 0.04256074562226272
1827 0.04256074390282927
1828 0.04256074218492596
1829 0.04256074046847248
1830 0.04256073875339501
1831 0.0425607370396056
1832 0.04256073532668531
1833 0.04256073361483327
1834 0.04256073190424367
1835 0.04256073019495989
1836 0.04256072848693516
1837 0.04256072678009762
1838 0.04256072507436989
1839 0.04256072336963727
1840 0.04256072166578347
1841 0.04256071996271588
1842 0.04256071826033388
1843 0.04256071655852628
1844 0.04256071485716839
1845 0.04256071315613244
1846 0.04256071145532154
1847 0.04256070975463191
1848 0.04256070805381066
1849 0.04256070635266978
1850 0.0425607046510858
1851 0.04256070294896681
1852 0.0425607012462256
1853 0.0425606995427606
1854 0.04256069783846014
1855 0.04256069613319319
1856 0.04256069442681678
1857 0.04256069271917683
1858 0.04256069101010658
1859 0.04256068929942972
1860 0.04256068758696819
1861 0.04256068587253326
1862 0.04256068415593132
1863 0.04256068243696318
1864 0.04256068071542706
1865 0.0425606789911152
1866 0.04256067726381828
1867 0.04256067553331732
1868 0.04256067379939461
1869 0.04256067206183351
1870 0.04256067032041768
1871 0.04256066857492413
1872 0.0425606668251284
1873 0.04256066507080118
1874 0.04256066331171303
1875 0.04256066154763134
1876 0.04256065977832889
1877 0.0425606580035829
1878 0.04256065622317734
1879 0.04256065443689842
1880 0.04256065264454044
1881 0.04256065084590952
1882 0.04256064904084675
1883 0.04256064722910176
1884 0.04256064541048762
1885 0.04256064358494599
1886 0.04256064175238056
1887 0.04256063991267759
1888 0.04256063806576146
1889 0.0425606362116149
1890 0.04256063435023746
1891 0.04256063248178332
1892 0.0425606306062848
1893 0.04256062872383529
1894 0.04256062683462516
1895 0.04256062493892932
1896 0.04256062303709735
1897 0.04256062112952338
1898 0.04256061921664917
1899 0.0425606172989766
1900 0.04256061537707218
1901 0.04256061345153431
1902 0.04256061152301559
1903 0.04256060959222766
1904 0.04256060765993493
1905 0.04256060572695222
1906 0.04256060379413779
1907 0.04256060186239437
1908 0.04256059993266858
1909 0.0425605980059069
1910 0.04256059608308913
1911 0.04256059416525172
1912 0.04256059225341274
1913 0.04256059034856272
1914 0.04256058845165907
1915 0.04256058656365042
1916 0.04256058468546885
1917 0.0425605828180198
1918 0.04256058096217383
1919 0.04256057911874925
1920 0.04256057728850578
1921 0.04256057547218962
1922 0.04256057367051162
1923 0.04256057188400296
1924 0.04256057011317445
1925 0.04256056835850059
1926 0.04256056662040962
1927 0.04256056489927576
1928 0.04256056319544609
1929 0.04256056150920362
1930 0.04256055984074341
1931 0.04256055819019173
1932 0.04256055655761944
1933 0.04256055494281887
1934 0.0425605533459514
1935 0.04256055176714948
1936 0.04256055020628047
1937 0.04256054866314977
1938 0.04256054713753531
1939 0.04256054562919483
1940 0.04256054413786552
1941 0.04256054266327344
1942 0.04256054120512893
1943 0.04256053976313196
1944 0.0425605383369672
1945 0.0425605369263157
1946 0.0425605355308452
1947 0.04256053415021982
1948 0.04256053278409405
1949 0.04256053143211764
1950 0.04256053009393053
1951 0.04256052876916584
1952 0.04256052745745334
1953 0.04256052615841799
1954 0.04256052485970876
1955 0.04256052357380664
1956 0.04256052230141191
1957 0.04256052104156777
1958 0.04256051979354677
1959 0.04256051855678044
1960 0.04256051733078013
1961 0.04256051611509663
1962 0.04256051490932204
1963 0.04256051371308732
1964 0.04256051252600271
1965 0.04256051134766561
1966 0.04256051017782739
1967 0.04256050901828323
1968 0.04256050786963326
1969 0.04256050673165425
1970 0.04256050560388371
1971 0.04256050448577206
1972 0.04256050337675334
1973 0.04256050227623931
1974 0.042560501183628
1975 0.0425605000982764
1976 0.0425604990199699
1977 0.0425604979483973
1978 0.0425604968832471
1979 0.04256049582424185
1980 0.04256049477113048
1981 0.04256049372368055
1982 0.04256049268167187
1983 0.04256049164488727
1984 0.04256049061311018
1985 0.04256048958612069
1986 0.04256048856370435
1987 0.04256048754564866
1988 0.04256048653174491
1989 0.04256048552179632
1990 0.04256048451560948
1991 0.04256048351298095
1992 0.0425604825137195
1993 0.04256048151766113
1994 0.04256048052471384
1995 0.04256047953482748
