"lift-rfile"
"Iteration" "lift"
("Iteration" "lift")
1 366.767602198406
2 183.4221622440136
3 91.75184135348309
4 45.91836035467079
5 23.0026579601135
6 11.54552377481826
7 5.817301050779889
8 2.953542542875945
9 1.521985182932273
10 0.806440185029501
11 0.4487773289771009
12 0.2699347094696347
13 0.1803861396287314
14 0.1353904539461186
15 0.1126024101942833
16 0.1008904955591247
17 0.09470693153426733
18 0.091293284405143
19 0.08928454818409706
20 0.08800340316641563
21 0.08711659506057344
22 0.08645882958130188
23 0.08594481065007081
24 0.08553194987865395
25 0.08519461437366931
26 0.0849168225228953
27 0.08468837246147018
28 0.08450096692310245
29 0.08435049533685857
30 0.08423024635913805
31 0.08413463442185638
32 0.08405977396638138
33 0.08400239377312479
34 0.08395950252658964
35 0.08392840826355115
36 0.08390674620999967
37 0.08389255648169421
38 0.08388418434678241
39 0.08388038619100842
40 0.08387990960086643
41 0.08388180021134992
42 0.08388534670518349
43 0.08388999199854355
44 0.08389531062168255
45 0.08390098088074542
46 0.08390676907153818
47 0.08391251127862474
48 0.08391809316787073
49 0.08392343988337382
50 0.08392852589466789
51 0.08393333316012959
52 0.08393786345675074
53 0.08394213238650186
54 0.08394616272322697
55 0.0839499780687594
56 0.08395360132307406
57 0.08395707295765606
58 0.08396041648852366
59 0.08396362630942004
60 0.0839667119408613
61 0.0839696970819097
62 0.08397259594550671
63 0.08397542425567643
64 0.08397819671077424
65 0.08398091579087001
66 0.08398358381298593
67 0.08398620480973475
68 0.08398878316993906
69 0.08399132353205119
70 0.08399383055939086
71 0.0839963082642127
72 0.08399875860450449
73 0.08400118234007822
74 0.08400358071658859
75 0.08400595509939279
76 0.08400830653236697
77 0.08401063673795425
78 0.08401294608513386
79 0.084015233835998
80 0.08401750010079123
81 0.08401974540347169
82 0.08402197019094809
83 0.08402417481523994
84 0.08402635959356866
85 0.08402852467362247
86 0.08403066995746782
87 0.08403279543585623
88 0.08403490103763525
89 0.08403698681054034
90 0.08403905301622788
91 0.08404109994116961
92 0.08404312804980209
93 0.08404513776148463
94 0.08404712920498729
95 0.08404910266789373
96 0.08405105826172421
97 0.08405299582734257
98 0.08405491527410872
99 0.08405681618744749
100 0.08405869860767495
101 0.08406056347206013
102 0.08406241141317031
103 0.0840642428543007
104 0.08406605804523348
105 0.0840678572965697
106 0.0840696408737145
107 0.08407140871045037
108 0.08407316098521798
109 0.08407489841810839
110 0.08407662071738596
111 0.08407832777808225
112 0.08408001948150909
113 0.08408169583442551
114 0.08408335689880531
115 0.08408500278283387
116 0.0840866337659486
117 0.0840882499741164
118 0.08408985144912413
119 0.08409143816792033
120 0.08409301028709526
121 0.0840945680045769
122 0.08409611187446628
123 0.08409764205673495
124 0.08409915862269865
125 0.08410066172729665
126 0.08410215152122219
127 0.08410362824314464
128 0.08410509212961813
129 0.08410654337838855
130 0.08410798221728404
131 0.08410940900340905
132 0.08411082400208302
133 0.08411222739958969
134 0.08411361929217111
135 0.08411499971934881
136 0.08411636882104703
137 0.08411772690710245
138 0.08411907433387412
139 0.08412041132123325
140 0.08412173818116457
141 0.08412305116187775
142 0.08412435692383301
143 0.08412565283931898
144 0.08412693833607779
145 0.08412821439351503
146 0.08412948170480329
147 0.08413074043755904
148 0.08413199059711289
149 0.0841332321230021
150 0.08413446489413841
151 0.08413568894918143
152 0.08413690401942533
153 0.08413810995020604
154 0.08413930692626058
155 0.0841404951230606
156 0.08414167447165916
157 0.08414284486082213
158 0.08414400628300191
159 0.08414515866637465
160 0.08414630231465554
161 0.0841474374857467
162 0.08414856437904843
163 0.084149683144007
164 0.08415079381948089
165 0.08415189634009612
166 0.08415299069145435
167 0.08415407699907071
168 0.08415515549900487
169 0.08415622646849838
170 0.08415729027760971
171 0.08415834723534499
172 0.08415939748326863
173 0.08416044119061082
174 0.08416148679397702
175 0.08416253129049575
176 0.08416356830727827
177 0.08416459658391924
178 0.08416561627294483
179 0.08416662762901436
180 0.08416763073344721
181 0.08416862584825513
182 0.0841696128230251
183 0.08417059230794878
184 0.08417156440834934
185 0.08417252908152593
186 0.08417348638334515
187 0.08417443655675821
188 0.08417537989215565
189 0.08417631667961907
190 0.08417724713981184
191 0.08417817150377514
192 0.08417909014784614
193 0.08418000334752201
194 0.08418091121893244
195 0.08418181353042467
196 0.0841827103831479
197 0.08418360185546959
198 0.08418448805274929
199 0.08418536893195884
200 0.08418624444125795
201 0.08418711459752186
202 0.08418797941562209
203 0.08418883884070347
204 0.08418969288653583
205 0.08419054144594401
206 0.08419138437903868
207 0.08419222165388822
208 0.08419305331348967
209 0.08419387941536256
210 0.08419470005364965
211 0.08419551522243748
212 0.08419632510227992
213 0.08419712981795717
214 0.08419792945009907
215 0.08419872406261959
216 0.08419951367507303
217 0.08420029828822055
218 0.08420107797708248
219 0.08420185283773875
220 0.08420262296283773
221 0.08420338842189667
222 0.08420414925544573
223 0.08420490551340522
224 0.08420565724717709
225 0.08420640448293659
226 0.08420714729765702
227 0.08420788586293451
228 0.08420862016348735
229 0.08420933747189412
230 0.08421004382827024
231 0.08421074631663175
232 0.08421144676745863
233 0.08421214545108172
234 0.08421284258374875
235 0.08421353823958316
236 0.08421423231217325
237 0.08421492455394569
238 0.08421561466434889
239 0.08421630233622752
240 0.08421698726643821
241 0.08421766919288698
242 0.08421834790640818
243 0.08421902324805192
244 0.08421969502721674
245 0.08422036322047098
246 0.08422102786282055
247 0.08422168893710237
248 0.08422234640354158
249 0.08422300019912404
250 0.08422365028387076
251 0.08422429663447573
252 0.0842249392629341
253 0.08422557819187212
254 0.08422621349897361
255 0.08422684519239355
256 0.08422747326433884
257 0.08422809773736542
258 0.08422871865758159
259 0.08422933608560335
260 0.08422995004989006
261 0.08423056057179153
262 0.08423116767857572
263 0.08423177139817725
264 0.08423237177572052
265 0.08423296886260401
266 0.08423356258746273
267 0.08423415298389324
268 0.08423474011541573
269 0.08423532421428667
270 0.08423590537089394
271 0.0842364835876584
272 0.08423705884604543
273 0.0842376311460326
274 0.08423820048358184
275 0.08423876683392277
276 0.08423933015941325
277 0.08423989057122445
278 0.08424044811691644
279 0.08424100280243656
280 0.08424155459737816
281 0.08424210349356159
282 0.08424264950854787
283 0.08424319262015285
284 0.08424373283303199
285 0.08424427015813016
286 0.08424480460688677
287 0.0842453361807743
288 0.08424586486437774
289 0.08424639067090631
290 0.08424691360421412
291 0.08424743367670168
292 0.08424795093999016
293 0.08424846543690521
294 0.08424897718661692
295 0.08424948622466459
296 0.08424999257795923
297 0.08425049628797253
298 0.08425099738403778
299 0.0842514958847206
300 0.08425199184278878
301 0.08425248527691516
302 0.0842529762015998
303 0.08425346464591027
304 0.08425395064601766
305 0.08425443421600455
306 0.08425491536889998
307 0.08425539413978959
308 0.08425587056610093
309 0.08425634467640161
310 0.08425681648996833
311 0.08425728601931996
312 0.08425775328282004
313 0.0842582183307277
314 0.08425868117911384
315 0.08425914182615241
316 0.08425960028203272
317 0.08426005656351881
318 0.08426051065647649
319 0.08426096256797369
320 0.08426141230583761
321 0.0842618598802098
322 0.08426230528622927
323 0.08426274852282721
324 0.08426318961735128
325 0.08426362860622502
326 0.08426406551801875
327 0.08426450040762205
328 0.08426493333094894
329 0.0842653643034191
330 0.08426579332242985
331 0.0842662203660673
332 0.08426664537677442
333 0.08426706832709166
334 0.08426748924054028
335 0.08426790810298726
336 0.08426832491770947
337 0.08426873969568122
338 0.08426915245883604
339 0.08426956322892384
340 0.084269972042472
341 0.08427037893194921
342 0.08427078391055851
343 0.0842711869890351
344 0.08427158819546884
345 0.08427198753869704
346 0.0842723850253401
347 0.08427278068402455
348 0.08427317453543438
349 0.08427356658915373
350 0.08427395685301653
351 0.0842743453387792
352 0.08427473206035675
353 0.08427511702601831
354 0.08427550025680201
355 0.08427588178068297
356 0.0842762616221706
357 0.08427663980066574
358 0.08427701632303052
359 0.08427739121374658
360 0.08427776448340954
361 0.08427813613186692
362 0.0842785061570209
363 0.0842788745545666
364 0.08427924132743515
365 0.08427960649289373
366 0.08427997008093487
367 0.08428033211120189
368 0.08428069258135097
369 0.08428105156097952
370 0.08428140904097431
371 0.08428176497024667
372 0.08428211931671226
373 0.08428247203593633
374 0.08428282293329155
375 0.08428317203686338
376 0.08428351940265429
377 0.08428386508263699
378 0.08428420912344337
379 0.08428455157180886
380 0.08428489247818373
381 0.0842852318357892
382 0.08428556966121213
383 0.08428590597461497
384 0.08428624079685941
385 0.08428657410114423
386 0.08428690595025315
387 0.08428723637192746
388 0.08428756534366226
389 0.08428789289393274
390 0.08428821903466067
391 0.08428854378286221
392 0.0842888671524227
393 0.08428918914106709
394 0.08428950973770864
395 0.08428982895640699
396 0.08429014681827228
397 0.08429046333089581
398 0.0842907785021913
399 0.08429109233439641
400 0.08429140483242833
401 0.08429171600528783
402 0.08429202586080108
403 0.08429233440259074
404 0.08429264164524006
405 0.08429294760065414
406 0.08429325227866839
407 0.08429355568856983
408 0.08429385785407303
409 0.08429415876207193
410 0.08429445841066795
411 0.08429475682100952
412 0.08429505400756587
413 0.08429534997341638
414 0.08429564472476093
415 0.08429593828190267
416 0.08429623064959868
417 0.08429652184545734
418 0.08429681187571944
419 0.08429710073918453
420 0.08429738843383933
421 0.08429767495910277
422 0.08429796031457015
423 0.08429824449692844
424 0.08429852747965189
425 0.0842988093048711
426 0.08429908997834623
427 0.08429936950204341
428 0.084299647883992
429 0.08429992512057115
430 0.08430020119428736
431 0.08430047612562985
432 0.0843007499691526
433 0.08430102274120484
434 0.08430129442780879
435 0.08430156503678973
436 0.08430183456640006
437 0.08430210301789354
438 0.08430237040349756
439 0.08430263673017162
440 0.08430290199426958
441 0.08430316620435219
442 0.08430342937727406
443 0.08430369152757733
444 0.08430395266663003
445 0.084304212825398
446 0.08430447199121952
447 0.08430473016319977
448 0.08430498734814047
449 0.08430524354941357
450 0.0843054987646073
451 0.08430575299064384
452 0.08430600622036639
453 0.08430625845901589
454 0.08430650973931766
455 0.08430676007047816
456 0.08430700944572264
457 0.08430725785917892
458 0.08430750530846504
459 0.08430775179088514
460 0.0843079973131038
461 0.0843082418754962
462 0.08430848548391552
463 0.0843087281485846
464 0.08430896987374566
465 0.08430921066878505
466 0.0843094505454314
467 0.08430968951187624
468 0.08430992757506835
469 0.08431016474453285
470 0.08431040102042209
471 0.08431063642339642
472 0.08431087095536757
473 0.08431110460508438
474 0.0843113373713195
475 0.0843115692558091
476 0.08431180026425783
477 0.08431203039794972
478 0.08431225966585808
479 0.08431248807222891
480 0.08431271564281866
481 0.08431294237719122
482 0.08431316825113185
483 0.08431339326295115
484 0.08431361742064988
485 0.08431384073378954
486 0.08431406320912435
487 0.08431428484946149
488 0.0843145056585564
489 0.08431472563566493
490 0.0843149447840824
491 0.08431516310379156
492 0.08431538059438762
493 0.08431559725905548
494 0.0843158131062926
495 0.08431602813591867
496 0.08431624236329184
497 0.08431645580663415
498 0.08431666847518267
499 0.08431688037324001
500 0.08431709148280367
501 0.08431730179782243
502 0.0843175113346412
503 0.08431772013919221
504 0.08431792822045374
505 0.08431813556893113
506 0.08431834218581188
507 0.08431854807521069
508 0.08431875324052238
509 0.08431895769199729
510 0.08431916143448599
511 0.0843193644692215
512 0.08431956679942723
513 0.08431976842998631
514 0.08431996936343142
515 0.08432016960059328
516 0.08432036914305442
517 0.08432056799248162
518 0.08432076614931369
519 0.08432096361417497
520 0.08432116038473124
521 0.08432135645639048
522 0.08432155183188798
523 0.08432174651540401
524 0.08432194051515594
525 0.08432213383228283
526 0.08432232646658368
527 0.08432251841996334
528 0.08432270970025078
529 0.08432290031599937
530 0.0843230902778082
531 0.08432327959261486
532 0.08432346826820052
533 0.08432365631006282
534 0.08432384371681766
535 0.08432403048357288
536 0.08432421659885463
537 0.08432440206462251
538 0.08432458690591346
539 0.08432477114501753
540 0.08432495479491731
541 0.08432513786300544
542 0.08432532035268778
543 0.08432550226263125
544 0.08432568359092886
545 0.08432586433273663
546 0.08432604448751208
547 0.08432622405789797
548 0.08432640303811856
549 0.08432658143249888
550 0.08432675924900915
551 0.0843269364889756
552 0.08432711314130382
553 0.08432728919846812
554 0.08432746468421662
555 0.08432763962372934
556 0.08432781403572444
557 0.08432798793574349
558 0.08432816133462712
559 0.08432833423505862
560 0.08432850665464768
561 0.0843286785807363
562 0.0843288500094776
563 0.08432902094364458
564 0.08432919139492623
565 0.0843293613714363
566 0.08432953087835583
567 0.08432969990654748
568 0.08432986846241193
569 0.0843300365074683
570 0.08433020398381845
571 0.08433037089085868
572 0.08433053726096561
573 0.08433070313437212
574 0.08433086855460581
575 0.08433103354526209
576 0.084331198082996
577 0.08433136217051597
578 0.08433152582537021
579 0.08433168906945601
580 0.08433185192243911
581 0.08433201440240452
582 0.08433217650265569
583 0.08433233823939199
584 0.08433249955325731
585 0.08433266041859737
586 0.08433282083386764
587 0.08433298079907436
588 0.08433314027984833
589 0.08433329924122621
590 0.08433345771944882
591 0.08433361574653507
592 0.08433377334555542
593 0.08433393053096518
594 0.08433408731158258
595 0.08433424369145408
596 0.08433439967223824
597 0.08433455525055322
598 0.08433471041937655
599 0.0843348651710584
600 0.08433501949847336
601 0.08433517339314353
602 0.08433532684986131
603 0.08433547986431629
604 0.08433563243201704
605 0.08433578455108078
606 0.0843359362192187
607 0.08433608743744422
608 0.08433623820854667
609 0.08433638854041831
610 0.08433653843037786
611 0.0843366878800154
612 0.08433683689892314
613 0.08433698550149185
614 0.08433713369954993
615 0.08433728150147989
616 0.08433742891397737
617 0.08433757593917302
618 0.08433772257566688
619 0.08433786882426407
620 0.08433801468289946
621 0.08433816015008791
622 0.08433830522674199
623 0.08433844991601562
624 0.08433859421972263
625 0.08433873814015246
626 0.0843388816785126
627 0.0843390248428267
628 0.08433916763748585
629 0.08433931006277683
630 0.0843394521188536
631 0.08433959380660971
632 0.08433973504298525
633 0.08433987589636824
634 0.08434001640845666
635 0.08434015659511895
636 0.08434029645393877
637 0.08434043597544946
638 0.084340575149235
639 0.08434071397427739
640 0.08434085245515262
641 0.08434099059807612
642 0.08434112840803289
643 0.08434126588789385
644 0.08434140303912301
645 0.08434153986209256
646 0.08434167635282724
647 0.08434181251311902
648 0.08434194834640024
649 0.08434208385679802
650 0.08434221904740281
651 0.08434235391995848
652 0.08434248847481168
653 0.08434262271179289
654 0.08434275663367465
655 0.08434289024124143
656 0.08434302353395477
657 0.08434315650943704
658 0.08434328917118689
659 0.08434342152973356
660 0.08434355358772587
661 0.08434368534739738
662 0.08434381680823254
663 0.08434394797065593
664 0.08434407883517603
665 0.08434420940214875
666 0.08434433967305058
667 0.08434446965164674
668 0.08434459933982597
669 0.08434472873807934
670 0.08434485784817883
671 0.08434498666959316
672 0.08434511520711033
673 0.08434524346741812
674 0.08434537145186569
675 0.0843454991592356
676 0.08434562658907453
677 0.08434575374051337
678 0.08434588060891003
679 0.08434600719542301
680 0.08434613350207873
681 0.08434625953060296
682 0.08434638528339629
683 0.08434651076240557
684 0.08434663596832279
685 0.08434676090084206
686 0.0843468855629807
687 0.08434700995819815
688 0.08434713409069529
689 0.08434725796466915
690 0.08434738158096861
691 0.08434750494032325
692 0.08434762804281096
693 0.08434775089108741
694 0.08434787348701589
695 0.08434799582872045
696 0.0843481179131144
697 0.08434823976406199
698 0.08434836139016939
699 0.08434848278097255
700 0.08434860392370204
701 0.08434872480904584
702 0.08434884542419685
703 0.08434896571986766
704 0.08434908570810411
705 0.08434920541140188
706 0.084349324854034
707 0.08434944404621049
708 0.08434956299607289
709 0.08434968170712719
710 0.08434980018060495
711 0.08434991841564128
712 0.08435003641229202
713 0.08435015416830083
714 0.08435027168127746
715 0.08435038895071013
716 0.08435050597761604
717 0.08435062275840056
718 0.0843507392903711
719 0.08435085557194096
720 0.08435097160218656
721 0.08435108738099587
722 0.08435120290438888
723 0.08435131817333281
724 0.08435143318862873
725 0.08435154794985314
726 0.08435166245678791
727 0.08435177670817362
728 0.08435189070266427
729 0.08435200443715098
730 0.08435211791055922
731 0.08435223112362694
732 0.08435234407674881
733 0.08435245676779247
734 0.08435256919464937
735 0.08435268135613001
736 0.08435279325206384
737 0.08435290488036433
738 0.08435301623999077
739 0.08435312733009281
740 0.08435323814968292
741 0.08435334869995698
742 0.08435345898159211
743 0.0843535689946784
744 0.08435367873896214
745 0.08435378821475564
746 0.08435389742274714
747 0.08435400636195374
748 0.0843541150314675
749 0.0843542234293839
750 0.08435433155307155
751 0.0843544394012513
752 0.08435454697264916
753 0.08435465426618115
754 0.08435476128135368
755 0.08435486801772971
756 0.08435497447498068
757 0.08435508065205821
758 0.08435518654858587
759 0.08435529216375361
760 0.08435539749673156
761 0.08435550254823429
762 0.08435560732048299
763 0.08435571181202184
764 0.08435581602165232
765 0.08435591994749236
766 0.08435602358790591
767 0.08435612694242074
768 0.08435623000934241
769 0.08435633278671573
770 0.08435643527182751
771 0.0843565374620019
772 0.08435663935672037
773 0.08435674095638823
774 0.0843568422596086
775 0.08435694326143429
776 0.08435704396059007
777 0.08435714435660077
778 0.08435724445383815
779 0.08435734425826839
780 0.08435744377289423
781 0.08435754300125457
782 0.08435764194356689
783 0.08435774059866584
784 0.08435783896470045
785 0.08435793703984484
786 0.08435803482233369
787 0.08435813231105108
788 0.08435822950525208
789 0.08435832640249981
790 0.0843584230017745
791 0.08435851930321019
792 0.08435861530679142
793 0.08435871101293561
794 0.08435880642645306
795 0.08435890156040871
796 0.08435899641456875
797 0.08435909098997839
798 0.08435918528856476
799 0.08435927931493113
800 0.08435937309228385
801 0.08435946662696733
802 0.08435955991222788
803 0.08435965294697526
804 0.08435974573563579
805 0.08435983827996761
806 0.08435993057841443
807 0.08436002263087083
808 0.08436011443868292
809 0.08436020600457396
810 0.08436029734555496
811 0.084360388490215
812 0.08436047944397125
813 0.08436057019802096
814 0.08436066073846046
815 0.08436075104954333
816 0.08436084111731748
817 0.08436093093222399
818 0.0843610204874629
819 0.0843611097781703
820 0.08436119880164715
821 0.08436128755860282
822 0.08436137604826931
823 0.08436146427047632
824 0.08436155222604656
825 0.08436163991499751
826 0.08436172733622599
827 0.08436181449072729
828 0.08436190138152166
829 0.08436198801164892
830 0.08436207438346492
831 0.0843621604998758
832 0.0843622463650394
833 0.0843623319823241
834 0.08436241735337593
835 0.08436250247891579
836 0.0843625873553262
837 0.0843626719796319
838 0.0843627563557818
839 0.08436284048756548
840 0.08436292437481795
841 0.08436300800744956
842 0.08436309137854285
843 0.0843631744824546
844 0.08436325733896882
845 0.08436333992402612
846 0.0843634222618912
847 0.08436350439336934
848 0.08436358634818919
849 0.08436366814748623
850 0.08436374980591434
851 0.08436383133452531
852 0.08436391274210162
853 0.08436399403538949
854 0.08436407521810949
855 0.0843641562953734
856 0.08436423727040154
857 0.08436431814490419
858 0.08436439891941576
859 0.08436447959367913
860 0.08436456016608228
861 0.08436464063365628
862 0.08436472099225439
863 0.08436480123731646
864 0.08436488137534581
865 0.08436496140443815
866 0.08436504132335831
867 0.08436512112621528
868 0.08436520080136853
869 0.08436528033649768
870 0.08436535972360824
871 0.08436543895842573
872 0.08436551803877429
873 0.08436559696346015
874 0.084365675731382
875 0.08436575434185613
876 0.08436583279518609
877 0.08436591109131969
878 0.08436598922986505
879 0.08436606721050507
880 0.08436614503203206
881 0.08436622269773229
882 0.08436630021096808
883 0.0843663775735006
884 0.08436645478483426
885 0.08436653184217345
886 0.08436660874435878
887 0.08436668548910159
888 0.08436676207429798
889 0.08436683849925192
890 0.08436691476387885
891 0.08436699086647756
892 0.08436706680569379
893 0.08436714257983924
894 0.08436721818695232
895 0.08436729362670024
896 0.08436736889906209
897 0.08436744400442281
898 0.08436751894372375
899 0.08436759371686754
900 0.08436766832366176
901 0.08436774276302265
902 0.08436781703770939
903 0.08436789114400908
904 0.08436796507961104
905 0.08436803884529885
906 0.08436811244348508
907 0.08436818587670286
908 0.08436825914808117
909 0.08436833226059751
910 0.08436840521484835
911 0.08436847801255368
912 0.08436855065545674
913 0.08436862314503786
914 0.08436869548250735
915 0.08436876766933898
916 0.08436883970632002
917 0.08436891159346573
918 0.0843689833304148
919 0.08436905491729069
920 0.08436912635457881
921 0.0843691976423654
922 0.08436926878079655
923 0.08436933977042685
924 0.08436941061277262
925 0.08436948130802678
926 0.08436955185430368
927 0.08436962225024712
928 0.08436969249549348
929 0.08436976259403356
930 0.08436983255556764
931 0.08436990238440747
932 0.08436997207908867
933 0.08437004163562108
934 0.08437011105108001
935 0.08437018032456821
936 0.08437024945435215
937 0.08437031843945095
938 0.08437038727961102
939 0.08437045597497814
940 0.08437052452584252
941 0.08437059293296176
942 0.08437066119752479
943 0.08437072932061143
944 0.08437079730325334
945 0.08437086514504231
946 0.08437093284382401
947 0.08437100039925302
948 0.08437106781151883
949 0.08437113508124558
950 0.0843712022090219
951 0.08437126919562891
952 0.08437133604552811
953 0.08437140276051744
954 0.08437146934176548
955 0.08437153578644406
956 0.08437160209030437
957 0.08437166825267735
958 0.0843717342749483
959 0.08437180015845867
960 0.08437186590445252
961 0.08437193151379248
962 0.08437199698673284
963 0.08437206232317473
964 0.08437212752299887
965 0.08437219258584244
966 0.08437225751221737
967 0.08437232230321676
968 0.08437238696003276
969 0.0843724514837743
970 0.08437251587518159
971 0.08437258013541057
972 0.08437264426463396
973 0.08437270826291296
974 0.08437277213090388
975 0.08437283586942483
976 0.08437289948237552
977 0.08437296296978054
978 0.08437302633061278
979 0.08437308956592846
980 0.08437315267521385
981 0.08437321565814221
982 0.08437327851443747
983 0.0843733412439848
984 0.08437340384678034
985 0.08437346632316217
986 0.08437352867266287
987 0.08437359089345857
988 0.08437365298539178
989 0.08437371494900647
990 0.08437377678437749
991 0.08437383849090992
992 0.08437390006790434
993 0.08437396151443932
994 0.0843740228294433
995 0.08437408400733062
996 0.08437414504678595
997 0.08437420595030683
998 0.08437426672048179
999 0.08437432736035198
1000 0.08437438787232675
1001 0.08437444825496795
1002 0.08437450850855648
1003 0.08437456863446725
1004 0.0843746286338018
1005 0.08437468850754185
1006 0.08437474825659541
1007 0.08437480788148601
1008 0.0843748673826451
1009 0.08437492676078172
1010 0.08437498601631133
1011 0.08437504514877661
1012 0.0843751041575564
1013 0.08437516304297024
1014 0.08437522180566771
1015 0.08437528044599124
1016 0.08437533896477387
1017 0.08437539736262736
1018 0.08437545563831199
1019 0.08437551379161509
1020 0.08437557182326379
1021 0.0843756297341115
1022 0.08437568752453753
1023 0.08437574519493614
1024 0.08437580274585942
1025 0.08437586017843637
1026 0.08437591749350778
1027 0.08437597469152898
1028 0.08437603177320666
1029 0.08437608873950313
1030 0.08437614559130324
1031 0.08437620232937651
1032 0.08437625895502468
1033 0.0843763154696091
1034 0.08437637187335587
1035 0.0843764281667225
1036 0.08437648434936533
1037 0.08437654042085642
1038 0.0843765963809429
1039 0.08437665222961109
1040 0.08437670796676119
1041 0.08437676359227059
1042 0.08437681910591843
1043 0.0843768745076048
1044 0.08437692979739671
1045 0.08437698497546617
1046 0.08437704004211088
1047 0.08437709499714674
1048 0.08437714983993183
1049 0.08437720456901877
1050 0.08437725918509868
1051 0.08437731368925516
1052 0.0843773680818312
1053 0.08437742236317153
1054 0.08437747653371837
1055 0.08437753059390264
1056 0.08437758454443843
1057 0.08437763838557569
1058 0.08437769211731273
1059 0.08437774573952711
1060 0.08437779925224494
1061 0.08437785265393748
1062 0.08437790594172774
1063 0.08437795912051259
1064 0.08437801219746015
1065 0.08437806517622487
1066 0.08437811805673344
1067 0.0843781708380042
1068 0.0843782235191296
1069 0.08437827609937626
1070 0.0843783285784831
1071 0.08437838095630636
1072 0.08437843323294947
1073 0.08437848540847787
1074 0.08437853748275899
1075 0.08437858945589176
1076 0.08437864132791616
1077 0.08437869309918838
1078 0.08437874476986358
1079 0.08437879633995297
1080 0.08437884781051566
1081 0.08437889918008978
1082 0.08437895044769105
1083 0.08437900161307908
1084 0.08437905267636268
1085 0.08437910363756027
1086 0.08437915449669571
1087 0.08437920525368069
1088 0.0843792559104343
1089 0.08437930647206993
1090 0.08437935692623921
1091 0.08437940726585118
1092 0.08437945749288628
1093 0.08437950761289301
1094 0.08437955763110919
1095 0.08437960755017532
1096 0.08437965737062847
1097 0.08437970709146865
1098 0.08437975671225599
1099 0.08437980621786209
1100 0.08437985562231105
1101 0.08437990492614401
1102 0.08437995412828625
1103 0.08438000322766084
1104 0.08438005222397194
1105 0.08438010111653126
1106 0.08438014990613694
1107 0.08438019858971797
1108 0.08438024716642502
1109 0.08438029563624734
1110 0.08438034400063665
1111 0.08438039225893497
1112 0.084380440411676
1113 0.08438048845940617
1114 0.08438053640242021
1115 0.0843805842412383
1116 0.08438063197686256
1117 0.08438067960950119
1118 0.08438072713898941
1119 0.08438077456502803
1120 0.08438082188768112
1121 0.08438086910704623
1122 0.08438091622303863
1123 0.08438096323544027
1124 0.08438101014332135
1125 0.08438105694715219
1126 0.08438110364714733
1127 0.08438115024355645
1128 0.08438119673556523
1129 0.08438124308538604
1130 0.08438128929421648
1131 0.08438133537503756
1132 0.0843813813401617
1133 0.08438142719796771
1134 0.08438147295329428
1135 0.08438151860851152
1136 0.0843815641644322
1137 0.08438160962096285
1138 0.08438165497609949
1139 0.08438170022989584
1140 0.08438174538162317
1141 0.08438179043099583
1142 0.0843818353777737
1143 0.08438188022055773
1144 0.08438192495985516
1145 0.08438196959596315
1146 0.08438201412866776
1147 0.08438205855768588
1148 0.08438210288297568
1149 0.08438214710525636
1150 0.08438219122492967
1151 0.08438223524181872
1152 0.08438227915598785
1153 0.08438232296778875
1154 0.08438236667792337
1155 0.08438241028729368
1156 0.08438245379644238
1157 0.08438249720605305
1158 0.08438254051724824
1159 0.0843825837312509
1160 0.0843826268488988
1161 0.08438266987096081
1162 0.0843827127990832
1163 0.08438275563409335
1164 0.08438279837541084
1165 0.08438284102345922
1166 0.08438288357680016
1167 0.08438292603523838
1168 0.08438296840250319
1169 0.08438301068239129
1170 0.08438305287729671
1171 0.0843830949884638
1172 0.08438313701578126
1173 0.08438317895846764
1174 0.08438322081582478
1175 0.08438326258738856
1176 0.08438330427295487
1177 0.08438334587257146
1178 0.08438338738649082
1179 0.08438342881507056
1180 0.084383470158626
1181 0.08438351141741211
1182 0.08438355259162049
1183 0.08438359367703414
1184 0.08438363467229382
1185 0.08438367557774762
1186 0.08438371639418771
1187 0.08438375712276086
1188 0.08438379776435728
1189 0.08438383831955346
1190 0.08438387878882454
1191 0.08438391917169069
1192 0.08438395946669955
1193 0.08438399967377898
1194 0.08438403979339813
1195 0.0843840798261255
1196 0.08438411977248567
1197 0.08438415963286171
1198 0.08438419940808962
1199 0.08438423909729825
1200 0.08438427869922155
1201 0.08438431821316952
1202 0.08438435763884204
1203 0.08438439697611523
1204 0.08438443622497659
1205 0.08438447538541755
1206 0.08438451445735018
1207 0.08438455344115169
1208 0.08438459234092117
1209 0.08438463116214664
1210 0.08438466990206799
1211 0.08438470855760079
1212 0.08438474712720406
1213 0.08438478560931734
1214 0.08438482400214772
1215 0.0843848623047985
1216 0.08438490051720582
1217 0.08438493864079036
1218 0.08438497667757193
1219 0.08438501462801093
1220 0.08438505249262793
1221 0.08438509027209502
1222 0.08438512796675149
1223 0.08438516557678001
1224 0.08438520310239969
1225 0.08438524054399531
1226 0.08438527790185245
1227 0.08438531517611834
1228 0.08438535236700359
1229 0.08438538947489517
1230 0.0843854265002032
1231 0.08438546344331377
1232 0.08438550030457881
1233 0.08438553708440204
1234 0.08438557378302307
1235 0.08438561040065706
1236 0.08438564693751886
1237 0.08438568339376229
1238 0.08438571976948264
1239 0.08438575606489504
1240 0.08438579228018595
1241 0.08438582841530795
1242 0.0843858644703812
1243 0.08438590044561464
1244 0.08438593634120847
1245 0.0843859721573782
1246 0.08438600789341938
1247 0.0843860435488345
1248 0.08438607912441895
1249 0.08438611462076086
1250 0.08438615003817591
1251 0.08438618537672413
1252 0.0843862206364266
1253 0.08438625581731676
1254 0.0843862909194821
1255 0.0843863259432054
1256 0.08438636088866211
1257 0.08438639575598544
1258 0.08438643054525534
1259 0.08438646525662445
1260 0.08438649989018178
1261 0.08438653444599081
1262 0.08438656892410647
1263 0.08438660332459569
1264 0.08438663764757373
1265 0.08438667189313639
1266 0.08438670606145306
1267 0.08438674015266176
1268 0.08438677416680451
1269 0.08438680810415182
1270 0.08438684196465328
1271 0.08438687574842561
1272 0.08438690945592889
1273 0.08438694308783211
1274 0.08438697664475592
1275 0.08438701012718348
1276 0.08438704353540732
1277 0.08438707686936196
1278 0.08438711012880015
1279 0.0843871433137459
1280 0.08438717642444873
1281 0.08438720946119653
1282 0.08438724242403088
1283 0.0843872753129226
1284 0.08438730812781092
1285 0.08438734086873886
1286 0.08438737353582204
1287 0.08438740612919787
1288 0.08438743864899308
1289 0.08438747109538342
1290 0.08438750346848796
1291 0.08438753576839622
1292 0.08438756799523429
1293 0.08438760014916273
1294 0.08438763223037127
1295 0.08438766423935805
1296 0.08438769617630758
1297 0.08438772804121969
1298 0.08438775983250718
1299 0.08438779155022685
1300 0.08438782319588227
1301 0.08438785477027606
1302 0.0843878862741009
1303 0.08438791770814182
1304 0.08438794907307207
1305 0.08438798036940817
1306 0.08438801159780118
1307 0.08438804275890276
1308 0.08438807385325413
1309 0.08438810488130635
1310 0.08438813584335214
1311 0.08438816673973189
1312 0.08438819757071814
1313 0.08438822833511238
1314 0.08438825903299879
1315 0.08438828966523364
1316 0.08438832023243088
1317 0.08438835073494461
1318 0.08438838117311312
1319 0.08438841154731343
1320 0.08438844185812309
1321 0.08438847210692772
1322 0.0843885022940329
1323 0.08438853241821638
1324 0.08438856247875884
1325 0.08438859247576959
1326 0.08438862240981383
1327 0.08438865228153949
1328 0.08438868209148499
1329 0.08438871183994773
1330 0.08438874152716475
1331 0.08438877115337161
1332 0.08438880071876566
1333 0.08438883022344623
1334 0.08438885966741266
1335 0.08438888905060937
1336 0.08438891837227733
1337 0.08438894763167658
1338 0.08438897682852442
1339 0.08438900596240824
1340 0.08438903503314577
1341 0.08438906404005661
1342 0.08438909298330144
1343 0.0843891218635943
1344 0.08438915068092359
1345 0.08438917943510174
1346 0.08438920812597367
1347 0.08438923675351065
1348 0.08438926531776839
1349 0.08438929381810026
1350 0.08438932225840134
1351 0.08438935064091886
1352 0.08438937896249531
1353 0.08438940721803047
1354 0.08438943540512123
1355 0.08438946352497284
1356 0.08438949157873718
1357 0.08438951956695284
1358 0.08438954748974224
1359 0.08438957534700529
1360 0.08438960313855561
1361 0.08438963086419393
1362 0.08438965852374025
1363 0.08438968611702838
1364 0.08438971364398946
1365 0.08438974110494235
1366 0.08438976849957155
1367 0.08438979582670086
1368 0.08438982308537206
1369 0.08438985027527351
1370 0.08438987739627821
1371 0.08438990444820159
1372 0.08438993143065941
1373 0.0843899583430549
1374 0.08438998518460639
1375 0.08439001195438534
1376 0.08439003865182831
1377 0.08439006527659423
1378 0.08439009182687809
1379 0.08439011830093858
1380 0.08439014469722059
1381 0.08439017101428904
1382 0.08439019725105988
1383 0.08439022335410719
1384 0.08439024934660527
1385 0.08439027530879879
1386 0.0843903012969565
1387 0.08439032733993664
1388 0.08439035344110772
1389 0.08439037961792652
1390 0.08439040586341839
1391 0.08439043214615369
1392 0.08439045844192615
1393 0.0843904847467935
1394 0.08439051104444172
1395 0.08439053731856624
1396 0.084390563554622
1397 0.08439058974071907
1398 0.08439061586662669
1399 0.08439064192384028
1400 0.08439066767468122
1401 0.0843906932242293
1402 0.08439071869474739
1403 0.08439074415905895
1404 0.08439076961249455
1405 0.08439079504338425
1406 0.08439082043826446
1407 0.08439084578538023
1408 0.08439087107530956
1409 0.08439089629189632
1410 0.08439092142372384
1411 0.08439094648311467
1412 0.08439097148881407
1413 0.08439099645101221
1414 0.08439102137095819
1415 0.08439104624451316
1416 0.08439107106596899
1417 0.08439109583060235
1418 0.0843911205351594
1419 0.08439114517745094
1420 0.08439116975302109
1421 0.0843911942675476
1422 0.08439121870658185
1423 0.08439124306233098
1424 0.08439126733602564
1425 0.08439129153177045
1426 0.08439131565216673
1427 0.08439133969720937
1428 0.08439136366598789
1429 0.08439138755765355
1430 0.08439141137232022
1431 0.08439143511203483
1432 0.08439145878154539
1433 0.08439148238382656
1434 0.08439150591686259
1435 0.08439152937902455
1436 0.08439155277045475
1437 0.08439157609244763
1438 0.08439159934716782
1439 0.0843916225373709
1440 0.08439164566598682
1441 0.08439166873577288
1442 0.08439169174910509
1443 0.08439171470791668
1444 0.08439173761391142
1445 0.08439176046858893
1446 0.08439178327326922
1447 0.08439180602921238
1448 0.08439182873377435
1449 0.08439185139012885
1450 0.08439187398554911
1451 0.08439189651230793
1452 0.08439191896803107
1453 0.08439194135108939
1454 0.08439196365855989
1455 0.08439198588635113
1456 0.08439200803010696
1457 0.0843920300859801
1458 0.08439205205097111
1459 0.08439207392287136
1460 0.08439209570007128
1461 0.08439211738111792
1462 0.08439213895011488
1463 0.08439216038153971
1464 0.08439218169065411
1465 0.08439220292484376
1466 0.08439222412059383
1467 0.08439224530218987
1468 0.08439226648517865
1469 0.08439228767949872
1470 0.08439230889128463
1471 0.08439233012351807
1472 0.08439235137656344
1473 0.08439237264894234
1474 0.08439239393780422
1475 0.08439241523821463
1476 0.0843924365447233
1477 0.08439245785169432
1478 0.08439247915360863
1479 0.08439250044522183
1480 0.08439252172169902
1481 0.08439254297840397
1482 0.08439256421101143
1483 0.08439258541581934
1484 0.08439260658956087
1485 0.08439262772919305
1486 0.08439264883221674
1487 0.08439266989663233
1488 0.08439269092092185
1489 0.0843927119040072
1490 0.08439273284499067
1491 0.0843927537431771
1492 0.08439277459831247
1493 0.08439279541010196
1494 0.08439281617820767
1495 0.08439283690280988
1496 0.08439285758390455
1497 0.08439287822138246
1498 0.08439289881523551
1499 0.08439291936568896
1500 0.08439293987287692
1501 0.08439296033692975
1502 0.08439298075805171
1503 0.08439300113631938
1504 0.08439302147176046
1505 0.08439304176435147
1506 0.08439306201404227
1507 0.0843930822207138
1508 0.08439310238406218
1509 0.08439312250394482
1510 0.08439314258028183
1511 0.08439316261300606
1512 0.08439318260205564
1513 0.08439320254740942
1514 0.08439322244907811
1515 0.08439324230704305
1516 0.08439326212128569
1517 0.08439328189184622
1518 0.08439330161877026
1519 0.08439332130216053
1520 0.08439334094216347
1521 0.08439336053896186
1522 0.08439338009276105
1523 0.08439339960378042
1524 0.08439341907226991
1525 0.08439343849848618
1526 0.08439345788269284
1527 0.08439347722515478
1528 0.08439349652613759
1529 0.08439351578590311
1530 0.08439353500470691
1531 0.08439355418279904
1532 0.08439357332042174
1533 0.0843935924178072
1534 0.08439361147517709
1535 0.08439363049274515
1536 0.08439364947070926
1537 0.08439366840926316
1538 0.08439368730857204
1539 0.08439370616880223
1540 0.08439372499011184
1541 0.08439374377266601
1542 0.08439376251672898
1543 0.08439378122263187
1544 0.08439379988999296
1545 0.08439381851842981
1546 0.08439383710773629
1547 0.08439385565769798
1548 0.0843938741686031
1549 0.08439389263888962
1550 0.08439391106846529
1551 0.08439392945825587
1552 0.08439394780920535
1553 0.08439396612206941
1554 0.08439398439733757
1555 0.08439400263532511
1556 0.08439402083613316
1557 0.08439403899987044
1558 0.08439405712675656
1559 0.08439407521693944
1560 0.0843940932705036
1561 0.08439411128749949
1562 0.08439412926803121
1563 0.08439414721274585
1564 0.08439416512237637
1565 0.08439418299569032
1566 0.08439420083155616
1567 0.08439421862931364
1568 0.08439423638870648
1569 0.08439425410972293
1570 0.08439427179244698
1571 0.08439428943704051
1572 0.0843943070436526
1573 0.08439432461240086
1574 0.08439434214336368
1575 0.08439435963663858
1576 0.08439437709234152
1577 0.08439439451064862
1578 0.08439441189166536
1579 0.08439442923566588
1580 0.08439444654297718
1581 0.08439446381393555
1582 0.08439448104887742
1583 0.0843944982480883
1584 0.08439451541174826
1585 0.08439453254004801
1586 0.08439454963326425
1587 0.08439456669171465
1588 0.08439458371572127
1589 0.08439460070562291
1590 0.08439461766167478
1591 0.08439463458404053
1592 0.08439465147281444
1593 0.0843946683281222
1594 0.0843946851503318
1595 0.08439470193980611
1596 0.08439471869684866
1597 0.08439473542174157
1598 0.08439475211492062
1599 0.08439476877670742
1600 0.08439478540719277
1601 0.08439480200642188
1602 0.08439481857433707
1603 0.08439483511109735
1604 0.084394851616943
1605 0.0843948680947013
1606 0.08439488454283905
1607 0.0843949009589698
1608 0.08439491734166825
1609 0.0843949336906582
1610 0.08439495000649391
1611 0.08439496629011711
1612 0.08439498254255837
1613 0.0843949987647649
1614 0.08439501495752538
1615 0.08439503112145558
1616 0.08439504725700125
1617 0.0843950633644848
1618 0.08439507944427005
1619 0.08439509549662644
1620 0.08439511152170286
1621 0.08439512751959763
1622 0.08439514349038839
1623 0.08439515943442331
1624 0.08439517535132555
1625 0.08439519124075984
1626 0.08439520710256138
1627 0.08439522293668733
1628 0.08439523874328571
1629 0.08439525452222671
1630 0.08439527027269758
1631 0.08439528599406314
1632 0.08439530168567667
1633 0.08439531734704386
1634 0.0843953329779209
1635 0.0843953485782041
1636 0.08439536414784489
1637 0.08439537968684822
1638 0.08439539519524389
1639 0.08439541067309056
1640 0.0843954261204779
1641 0.08439544153752383
1642 0.08439545692436611
1643 0.08439547228116269
1644 0.08439548760806923
1645 0.08439550290525426
1646 0.08439551817287506
1647 0.08439553341108219
1648 0.08439554862003586
1649 0.08439556379986854
1650 0.08439557895069723
1651 0.08439559407263696
1652 0.08439560916576827
1653 0.08439562423019369
1654 0.0843956392660354
1655 0.08439565427339052
1656 0.08439566925229368
1657 0.08439568420276805
1658 0.08439569912484983
1659 0.08439571401857567
1660 0.08439572888396801
1661 0.08439574372108333
1662 0.08439575852993281
1663 0.08439577331053295
1664 0.08439578806290053
1665 0.08439580278705257
1666 0.08439581748436079
1667 0.08439583215541208
1668 0.08439584680051025
1669 0.08439586142008165
1670 0.08439587601500684
1671 0.08439589058608075
1672 0.0843959051339345
1673 0.08439591965901951
1674 0.0843959341615436
1675 0.08439594864150121
1676 0.08439596309876032
1677 0.08439597753310976
1678 0.08439599194431611
1679 0.08439600633208698
1680 0.08439602069611067
1681 0.08439603503611107
1682 0.08439604935180776
1683 0.08439606364329499
1684 0.08439607791002091
1685 0.08439609215167165
1686 0.0843961063680896
1687 0.08439612055914288
1688 0.08439613472453157
1689 0.0843961488642921
1690 0.08439616297849936
1691 0.08439617706716862
1692 0.08439619113026955
1693 0.0843962051677358
1694 0.0843962191794409
1695 0.08439623316508396
1696 0.08439624712442739
1697 0.08439626105756297
1698 0.08439627496467564
1699 0.08439628884600074
1700 0.08439630270174717
1701 0.0843963165321002
1702 0.08439633033723133
1703 0.08439634411728184
1704 0.08439635787234688
1705 0.08439637160248128
1706 0.08439638530771608
1707 0.08439639898806635
1708 0.08439641264353502
1709 0.08439642627410374
1710 0.08439643988094754
1711 0.08439645347434682
1712 0.08439646704985845
1713 0.08439648060262761
1714 0.08439649413081463
1715 0.08439650762520139
1716 0.08439652108651351
1717 0.08439653451893366
1718 0.08439654792602833
1719 0.08439656130960785
1720 0.08439657467003185
1721 0.08439658800686278
1722 0.08439660131925789
1723 0.08439661460578106
1724 0.08439662786457773
1725 0.08439664109495577
1726 0.08439665429657567
1727 0.0843966674694869
1728 0.08439668061402046
1729 0.08439669373058667
1730 0.08439670681957555
1731 0.08439671988131003
1732 0.08439673291616374
1733 0.08439674592423277
1734 0.08439675890563769
1735 0.08439677186041573
1736 0.08439678478858482
1737 0.08439679769013092
1738 0.08439681056504791
1739 0.08439682341333098
1740 0.08439683623494891
1741 0.08439684902986298
1742 0.08439686179802951
1743 0.08439687453940564
1744 0.08439688725396129
1745 0.08439689994171841
1746 0.08439691260294531
1747 0.08439692523764386
1748 0.08439693784579184
1749 0.08439695042738328
1750 0.08439696298241703
1751 0.08439697551089997
1752 0.08439698801284029
1753 0.08439700048823331
1754 0.08439701293702834
1755 0.0843970253594104
1756 0.0843970377552677
1757 0.08439705012449286
1758 0.08439706246695071
1759 0.084397074782131
1760 0.08439708706907484
1761 0.0843970993280458
1762 0.08439711155977285
1763 0.08439712376468217
1764 0.08439713594283769
1765 0.08439714809414363
1766 0.08439716021847352
1767 0.08439717231580857
1768 0.0843971843858029
1769 0.08439719642853678
1770 0.08439720844379597
1771 0.0843972204312186
1772 0.08439723239059314
1773 0.08439724432141073
1774 0.0843972562233105
1775 0.08439726809633039
1776 0.08439727993998036
1777 0.08439729175382331
1778 0.08439730353783269
1779 0.08439731529232637
1780 0.08439732701777267
1781 0.08439733871465552
1782 0.08439735038341331
1783 0.08439736202441779
1784 0.08439737363799507
1785 0.08439738522458089
1786 0.08439739678433188
1787 0.08439740831723877
1788 0.08439741982334724
1789 0.08439743130283547
1790 0.08439744275592721
1791 0.08439745418284091
1792 0.08439746558371362
1793 0.08439747695870833
1794 0.08439748830804782
1795 0.08439749963174754
1796 0.08439751093012782
1797 0.0843975222036349
1798 0.08439753345271089
1799 0.08439754467776286
1800 0.08439755587915489
1801 0.08439756705722043
1802 0.08439757821223903
1803 0.08439758934451747
1804 0.08439760045435593
1805 0.08439761154201397
1806 0.08439762260775008
1807 0.08439763365182917
1808 0.08439764467451304
1809 0.08439765567605231
1810 0.08439766665666552
1811 0.08439767761678252
1812 0.08439768855681348
1813 0.08439769947669823
1814 0.08439771037638798
1815 0.08439772125587219
1816 0.0843977321151627
1817 0.0843977429542741
1818 0.08439775377325433
1819 0.08439776457220548
1820 0.0843977753511901
1821 0.08439778610986977
1822 0.0843977968483469
1823 0.08439780756671482
1824 0.0843978182650309
1825 0.08439782894334558
1826 0.08439783960166605
1827 0.08439785023995165
1828 0.08439786085809232
1829 0.08439787145593342
1830 0.08439788203328062
1831 0.08439789258995611
1832 0.08439790312608349
1833 0.08439791364217027
1834 0.08439792413796413
1835 0.08439793461329492
1836 0.08439794506820006
1837 0.08439795550280473
1838 0.0843979659172565
1839 0.08439797631174455
1840 0.08439798668648971
1841 0.08439799704166276
1842 0.08439800737739003
1843 0.08439801769376663
1844 0.08439802799086635
1845 0.08439803826875315
1846 0.08439804852757565
1847 0.08439805876752451
1848 0.0843980689884006
1849 0.08439807919024089
1850 0.0843980893730808
1851 0.08439809953687442
1852 0.08439810968153624
1853 0.08439811980700036
1854 0.08439812991322924
1855 0.08439814000022236
1856 0.0843981500679948
1857 0.08439816011657506
1858 0.08439817014601417
1859 0.08439818015636986
1860 0.08439819014771177
1861 0.08439820012010724
1862 0.08439821007361201
1863 0.08439822000827592
1864 0.08439822992413429
1865 0.08439823982120313
1866 0.08439824969949039
1867 0.08439825955897989
1868 0.08439826939964076
1869 0.08439827922142737
1870 0.0843982890242662
1871 0.08439829880808847
1872 0.08439830857287145
1873 0.08439831831859858
1874 0.08439832804521344
1875 0.08439833775261812
1876 0.08439834744067579
1877 0.0843983571092219
1878 0.08439836675809854
1879 0.0843983763871206
1880 0.08439838599609271
1881 0.08439839558479385
1882 0.08439840515291326
1883 0.0843984147003035
1884 0.0843984242266934
1885 0.08439843373189156
1886 0.08439844321561807
1887 0.0843984526775033
1888 0.08439846211711065
1889 0.08439847153396729
1890 0.08439848092753927
1891 0.08439849029709848
1892 0.08439849964197851
1893 0.08439850896140737
1894 0.08439851825453545
1895 0.08439852752050955
1896 0.08439853675851489
1897 0.08439854596789963
1898 0.0843985551480321
1899 0.08439856429816463
1900 0.08439857341754803
1901 0.0843985825054541
1902 0.08439859156112552
1903 0.08439860058380014
1904 0.08439860957273536
1905 0.08439861852720737
1906 0.08439862744652617
1907 0.08439863633004456
1908 0.08439864517715637
1909 0.08439865398722503
1910 0.08439866275975147
1911 0.08439867149450246
1912 0.08439868019123035
1913 0.08439868884973654
1914 0.08439869747001497
1915 0.08439870605207569
1916 0.08439871459605142
1917 0.08439872310221443
1918 0.08439873157099098
1919 0.08439874000298349
1920 0.08439874839882694
1921 0.08439875675929963
1922 0.08439876508536656
1923 0.08439877337822853
1924 0.08439878163922362
1925 0.08439878986978742
1926 0.08439879807140042
1927 0.0843988062456118
1928 0.08439881439402749
1929 0.08439882251825707
1930 0.08439883061991635
1931 0.08439883870067789
1932 0.0843988467622689
1933 0.08439885480665253
1934 0.08439886283559508
1935 0.08439887085096641
1936 0.08439887885472075
1937 0.08439888684891321
1938 0.0843988948354269
1939 0.08439890281598374
1940 0.08439891079218184
1941 0.08439891876551442
1942 0.08439892673736837
1943 0.08439893470902959
1944 0.08439894268168142
1945 0.08439895065641448
1946 0.08439895863423433
1947 0.08439896661607169
1948 0.08439897460278552
1949 0.08439898259516754
1950 0.08439899059394075
1951 0.08439899859976417
1952 0.08439900661322415
1953 0.08439901463484484
1954 0.08439902268352485
1955 0.08439903074740812
1956 0.08439903882033388
1957 0.08439904690639875
1958 0.08439905500582277
1959 0.08439906311780752
1960 0.08439907124044868
1961 0.0843990793715144
1962 0.08439908750895496
1963 0.08439909565131314
1964 0.08439910379782607
1965 0.0843991119483917
1966 0.08439912010260252
1967 0.08439912826250975
1968 0.08439913642710589
1969 0.08439914459544266
1970 0.08439915276782041
1971 0.08439916094497707
1972 0.08439916912754543
1973 0.08439917731586209
1974 0.08439918550993655
1975 0.08439919370959151
1976 0.08439920191439901
1977 0.08439921012395675
1978 0.08439921833768065
1979 0.08439922655488893
1980 0.08439923477489356
1981 0.08439924299706714
1982 0.08439925122085799
1983 0.08439925944580978
1984 0.08439926767154289
1985 0.08439927589773255
1986 0.08439928412408111
1987 0.08439929235029109
1988 0.08439930057604446
1989 0.08439930880101608
1990 0.08439931702486285
1991 0.08439932524725077
1992 0.08439933346782659
1993 0.0843993416861462
1994 0.08439934990179129
1995 0.08439935811438704
