"report-file-4"
"Iteration" "report-def-0"
("Iteration" "report-def-0")
1 733.5938907343207
2 366.873673794933
3 183.5183638824474
4 91.84406808783812
5 46.00899656633791
6 23.09289494428343
7 11.63553292557697
8 5.907557680914272
9 3.044213898105653
10 1.613009408230846
11 0.8976264666353305
12 0.5399126110842961
13 0.3608011427716027
14 0.2708025716646862
15 0.2252228378552385
16 0.2017971345661394
17 0.1894290170868152
18 0.1826011766122532
19 0.178583382753081
20 0.1760208877222157
21 0.1742471296127205
22 0.1729314934053859
23 0.1719033732949599
24 0.171077585690439
25 0.1704028607035504
26 0.1698472325526393
27 0.169390295875586
28 0.1690154548121652
29 0.168714487562779
30 0.1684739703663471
31 0.1682827311929559
32 0.1681329983036143
33 0.1680182287357193
34 0.1679324393796378
35 0.1678702458781802
36 0.1678269183049407
37 0.167798536577837
38 0.1677817909683915
39 0.1677741940491021
40 0.1677732407925591
41 0.1677770223160419
42 0.1677841158711821
43 0.1677934072011938
44 0.1678040452985026
45 0.1678153867239242
46 0.1678269640316758
47 0.1678384493646572
48 0.167849614036305
49 0.167860308322837
50 0.1678704811592358
51 0.1678800964593678
52 0.1678891577775011
53 0.1678976963200731
54 0.1679057576384158
55 0.1679133889399726
56 0.1679206360283574
57 0.1679275798530163
58 0.1679342674497485
59 0.1679406876051434
60 0.1679468593617566
61 0.1679528301215046
62 0.1679586283125447
63 0.1679642853854409
64 0.1679698307392559
65 0.1679752693345264
66 0.1679806058056674
67 0.1679858482185497
68 0.1679910053515207
69 0.1679960864822273
70 0.168001100938055
71 0.1680060567441553
72 0.1680109578168169
73 0.1680158056757853
74 0.1680206028125693
75 0.1680253519581017
76 0.1680300552003019
77 0.1680347159843318
78 0.1680393350482087
79 0.1680439109159991
80 0.1680484438082097
81 0.1680529347728406
82 0.1680573847037807
83 0.1680617943051255
84 0.1680661642113684
85 0.1680704947179096
86 0.1680747856288663
87 0.1680790369257401
88 0.1680832484662146
89 0.1680874203457685
90 0.1680915530877563
91 0.1680956472651674
92 0.1680997038069492
93 0.1681037235518875
94 0.1681077067575429
95 0.1681116539991288
96 0.1681155654997036
97 0.1681194409409694
98 0.1681232801416316
99 0.1681270822724735
100 0.1681308474141337
101 0.1681345774413003
102 0.168138273619209
103 0.1681419367945179
104 0.1681455674668315
105 0.1681491662574014
106 0.1681527336970804
107 0.168156269653423
108 0.168159774483339
109 0.1681632496271258
110 0.1681666945012654
111 0.168170108895804
112 0.1681734925733465
113 0.1681768455474119
114 0.1681801679419578
115 0.1681834599733721
116 0.1681867222005745
117 0.168189954875519
118 0.1681931580817858
119 0.1681963317732685
120 0.1681994762631725
121 0.1682025919473855
122 0.1682056799341982
123 0.1682087405435795
124 0.168211773918172
125 0.1682147803678791
126 0.1682177601941116
127 0.1682207138742461
128 0.168223641881429
129 0.1682265446111836
130 0.1682294225192026
131 0.1682322763197521
132 0.1682351065435134
133 0.1682379135630838
134 0.1682406975709628
135 0.1682434586461998
136 0.1682461970686657
137 0.1682489134580833
138 0.1682516085272279
139 0.168254282715877
140 0.1682569366480499
141 0.1682595628195658
142 0.1682621745524108
143 0.1682647665907417
144 0.1682673377899511
145 0.168269890109007
146 0.1682724249343655
147 0.1682749426012863
148 0.1682774431204316
149 0.168279926370866
150 0.1682823921103939
151 0.1682848404163405
152 0.1682872707512512
153 0.1682896828057731
154 0.1682920769494098
155 0.1682944535331328
156 0.168296812419037
157 0.1682991533846364
158 0.1683014764148347
159 0.1683037813659726
160 0.1683060688455291
161 0.1683083393693496
162 0.1683105933362669
163 0.1683128310451971
164 0.1683150525738636
165 0.168317257791508
166 0.1683194466693312
167 0.1683216194583836
168 0.1683237766308222
169 0.1683259187411746
170 0.168328046529617
171 0.1683301606142109
172 0.1683322612781079
173 0.1683343488597955
174 0.1683364402338345
175 0.1683385293940014
176 0.1683406035934991
177 0.1683426603113152
178 0.1683446998525264
179 0.1683467227264921
180 0.1683487290958642
181 0.1683507194847079
182 0.1683526935921733
183 0.1683546527187477
184 0.1683565970750942
185 0.1683585265758043
186 0.1683604413326203
187 0.1683623418314832
188 0.1683642286532208
189 0.1683661023780427
190 0.1683679634473108
191 0.1683698123231445
192 0.1683716497582783
193 0.1683734763037508
194 0.1683752921918398
195 0.1683770969592028
196 0.1683788908081543
197 0.1683806738954418
198 0.1683824464318013
199 0.1683842083311695
200 0.1683859594898576
201 0.1683876999416188
202 0.1683894297161984
203 0.1683911487038774
204 0.1683928569321977
205 0.1683945541867917
206 0.1683962401878585
207 0.1683979148715296
208 0.168399578323806
209 0.168401230659736
210 0.1684028720676202
211 0.1684045025356307
212 0.1684061224249041
213 0.1684077319850208
214 0.1684093313772534
215 0.1684109207294401
216 0.1684125000806926
217 0.1684140694325332
218 0.1684156289350148
219 0.1684171787803125
220 0.1684187191537379
221 0.1684202501943365
222 0.1684217719831753
223 0.1684232846201028
224 0.1684247882079312
225 0.1684262827990151
226 0.1684277685473135
227 0.168429245796046
228 0.1684307145146468
229 0.1684321492462365
230 0.1684335620720126
231 0.1684349671611405
232 0.1684363681748731
233 0.1684377656539154
234 0.1684391600307974
235 0.1684405514537778
236 0.1684419397100162
237 0.1684433243043265
238 0.1684447046355571
239 0.1684460800893485
240 0.1684474500593653
241 0.1684488140213776
242 0.1684501715570207
243 0.1684515223483693
244 0.1684528660141901
245 0.1684542025076159
246 0.1684555318986642
247 0.1684568541530061
248 0.1684581691910854
249 0.1684594768868639
250 0.1684607771603772
251 0.1684620699650094
252 0.1684633553247529
253 0.1684646332848637
254 0.1684659040007219
255 0.1684671674886388
256 0.1684684237330269
257 0.1684696727790017
258 0.1684709147187873
259 0.1684721496736252
260 0.1684733777004388
261 0.1684745988419311
262 0.1684758131526424
263 0.1684770206884464
264 0.1684782215395991
265 0.1684794158089057
266 0.1684806033536248
267 0.1684817842409549
268 0.1684829585979466
269 0.1684841268891499
270 0.1684852892953551
271 0.1684864458214042
272 0.1684875964302252
273 0.168488741121773
274 0.168489879887971
275 0.1684910126792743
276 0.1684921394203928
277 0.1684932603336864
278 0.1684943755142831
279 0.1684954849740783
280 0.168496588652254
281 0.1684976865324495
282 0.1684987786497897
283 0.1684998649599028
284 0.1685009454721003
285 0.1685020202082738
286 0.1685030891913039
287 0.1685041524241359
288 0.1685052098759373
289 0.1685062615731285
290 0.1685073075234185
291 0.1685083477516102
292 0.1685093823609542
293 0.1685104114371088
294 0.1685114350184171
295 0.1685124531759634
296 0.1685134659635741
297 0.1685144734641991
298 0.1685154757365098
299 0.1685164728176403
300 0.1685174648131347
301 0.1685184517603417
302 0.1685194336882636
303 0.1685204106550403
304 0.1685213827330198
305 0.1685223499503694
306 0.1685233123331493
307 0.1685242699515365
308 0.168525222880392
309 0.1685261711768555
310 0.1685271148794837
311 0.1685280540133162
312 0.1685289886150829
313 0.1685299187853104
314 0.1685308445561429
315 0.168531765923928
316 0.1685326829090459
317 0.1685335955450275
318 0.1685345038036021
319 0.1685354076989067
320 0.1685363072465969
321 0.1685372024669575
322 0.1685380933502656
323 0.1685389798943837
324 0.1685398621540111
325 0.1685407402020011
326 0.1685416140954986
327 0.1685424839442917
328 0.1685433498602174
329 0.1685442118741174
330 0.1685450699807861
331 0.1685459241363921
332 0.1685467742258121
333 0.1685476201941227
334 0.1685484620883702
335 0.1685492998802861
336 0.1685501335764249
337 0.1685509631987368
338 0.1685517887910926
339 0.1685526103969953
340 0.1685534280895057
341 0.1685542419335664
342 0.1685550519555854
343 0.168555858177035
344 0.1685566606540994
345 0.1685574594044545
346 0.1685582544413423
347 0.1685590458220204
348 0.1685598335878601
349 0.1685606177580312
350 0.1685613983482027
351 0.1685621753818895
352 0.1685629488869238
353 0.1685637188798451
354 0.1685644854027331
355 0.1685652485115425
356 0.1685660082552961
357 0.1685667646727985
358 0.1685675177777753
359 0.1685682676191935
360 0.1685690142182462
361 0.1685697575746282
362 0.1685704976841438
363 0.1685712345381823
364 0.1685719681426066
365 0.1685726985319538
366 0.1685734257662136
367 0.168574149884676
368 0.1685748708826528
369 0.1685755888993501
370 0.1685763039165399
371 0.1685770158320367
372 0.1685777245816667
373 0.1685784300765533
374 0.1685791319274107
375 0.1685798301904143
376 0.168580524977578
377 0.1685812163928555
378 0.1685819045295181
379 0.1685825894810441
380 0.1685832713483421
381 0.1685839501178536
382 0.1685846258227547
383 0.1685852985033738
384 0.1685859682014374
385 0.168586634863339
386 0.1685872986146559
387 0.1685879595108751
388 0.1685886175069833
389 0.1685892726599355
390 0.168589924993577
391 0.1685905745419429
392 0.1685912213328061
393 0.1685918653616162
394 0.1685925066061978
395 0.1685931450946726
396 0.1685937808692641
397 0.1685944139451562
398 0.1685950443381776
399 0.168595672052804
400 0.1685962970988706
401 0.1685969194943802
402 0.1685975392549865
403 0.1685981563879355
404 0.1685987709223959
405 0.1685993828821799
406 0.1685999922869598
407 0.1686005991553112
408 0.168601203534667
409 0.1686018053988129
410 0.1686024047439516
411 0.1686030016123833
412 0.1686035960330487
413 0.1686041880121071
414 0.1686047775619592
415 0.1686053647232147
416 0.1686059495053883
417 0.1686065319436998
418 0.1686071120506316
419 0.1686076898237827
420 0.1686082652591262
421 0.1686088383554999
422 0.1686094091120943
423 0.1686099775222827
424 0.1686105435330096
425 0.1686111072285428
426 0.1686116686204035
427 0.1686122277125243
428 0.1686127845209653
429 0.1686133390384841
430 0.1686138912300909
431 0.1686144411367676
432 0.1686149888676307
433 0.1686155344553813
434 0.1686160778720617
435 0.1686166191333236
436 0.1686171582356716
437 0.1686176951816133
438 0.1686182299956056
439 0.1686187626915686
440 0.1686192932622093
441 0.1686198217246507
442 0.1686203481126046
443 0.1686208724551577
444 0.1686213947750479
445 0.1686219151342117
446 0.1686224335073238
447 0.1686229498925943
448 0.1686234643036277
449 0.1686239767471686
450 0.1686244872183929
451 0.1686249957111446
452 0.1686255022111089
453 0.1686260067287685
454 0.1686265093295793
455 0.1686270100319557
456 0.1686275088223471
457 0.1686280056890082
458 0.1686285006271747
459 0.1686289936314544
460 0.1686294847151777
461 0.1686299738790948
462 0.1686304611349131
463 0.16863094650308
464 0.1686314299920804
465 0.1686319116206887
466 0.168632391412364
467 0.1686328693834906
468 0.1686333455479672
469 0.1686338199248456
470 0.1686342925144305
471 0.1686347633580459
472 0.1686352324595156
473 0.1686356997963354
474 0.1686361653660505
475 0.1686366291721334
476 0.1686370912259944
477 0.1686375515302018
478 0.1686380101027036
479 0.1686384669519925
480 0.1686389221295855
481 0.1686393756346103
482 0.1686398274186335
483 0.1686402774782762
484 0.168640725829541
485 0.1686411724915526
486 0.1686416174778204
487 0.1686420607939592
488 0.1686425024474806
489 0.1686429424368961
490 0.168643380768797
491 0.1686438174431485
492 0.1686442524591412
493 0.1686446858231453
494 0.1686451175521572
495 0.1686455476458162
496 0.1686459761348409
497 0.1686464030556785
498 0.1686468284268046
499 0.168647252256825
500 0.1686476745097319
501 0.1686480951734218
502 0.1686485142805873
503 0.1686489319231
504 0.1686493481189181
505 0.1686497628490506
506 0.1686501761158728
507 0.1686505879276147
508 0.1686509982910665
509 0.1686514072267305
510 0.1686518147443087
511 0.1686522208462672
512 0.1686526255390534
513 0.1686530288324344
514 0.1686534307314759
515 0.1686538312378395
516 0.1686542303546905
517 0.1686546280853627
518 0.1686550244307339
519 0.1686554193920527
520 0.1686558129646504
521 0.1686562051393422
522 0.1686565959215992
523 0.1686569853197825
524 0.1686573733503282
525 0.1686577600155146
526 0.1686581453149396
527 0.1686585292524133
528 0.1686589118435949
529 0.1686592931055924
530 0.1686596730596057
531 0.1686600517195112
532 0.1686604291008724
533 0.1686608052146856
534 0.1686611800581821
535 0.1686615536215771
536 0.1686619258819208
537 0.1686622968431328
538 0.1686626665552911
539 0.1686630350629793
540 0.1686634023921646
541 0.1686637685576335
542 0.1686641335661983
543 0.1686644974151926
544 0.1686648601008021
545 0.168665221613338
546 0.1686655819517154
547 0.1686659411212202
548 0.1686662991102999
549 0.1686666559276054
550 0.1686670115890783
551 0.1686673660973713
552 0.1686677194302938
553 0.1686680715727932
554 0.1686684225723696
555 0.1686687724793871
556 0.1686691213312848
557 0.1686694691591486
558 0.1686698159846614
559 0.1686701618131901
560 0.168670506679957
561 0.1686708505596441
562 0.1686711934445569
563 0.168671535340242
564 0.1686718762700791
565 0.1686722162502971
566 0.1686725552912589
567 0.1686728933746884
568 0.1686732305133878
569 0.1686735666303894
570 0.1686739016098875
571 0.1686742354506747
572 0.1686745682175093
573 0.1686748999908637
574 0.1686752308577999
575 0.1686755608655126
576 0.168675889967308
577 0.1686762181686035
578 0.1686765455044983
579 0.1686768720187906
580 0.1686771977508148
581 0.168677522736744
582 0.1686778469631839
583 0.1686781704625359
584 0.1686784931160784
585 0.1686788148724985
586 0.168679135728707
587 0.1686794556847164
588 0.1686797746717828
589 0.1686800926199739
590 0.1686804096017772
591 0.1686807256812355
592 0.1686810409044936
593 0.1686813553004643
594 0.1686816688867855
595 0.1686819816715508
596 0.1686822936580775
597 0.1686826048396015
598 0.1686829152020766
599 0.1686832247302021
600 0.1686835334097259
601 0.1686838412236909
602 0.168684148161681
603 0.1686844542150747
604 0.1686847593748885
605 0.1686850636373565
606 0.1686853669979007
607 0.1686856694585481
608 0.1686859710248778
609 0.1686862717126756
610 0.1686865715165786
611 0.168686870439767
612 0.168687168501427
613 0.1686874657303422
614 0.1686877621501715
615 0.1686880577776811
616 0.1686883526262635
617 0.1686886467001802
618 0.1686889399966312
619 0.1686892325172268
620 0.1686895242578364
621 0.1686898152154894
622 0.1686901053920112
623 0.1686903947937101
624 0.1686906834242141
625 0.1686909712881025
626 0.1686912583877903
627 0.1686915447393261
628 0.1686918303514929
629 0.1686921152248643
630 0.1686923993597482
631 0.1686926827579318
632 0.1686929652532821
633 0.1686932469825859
634 0.1686935280292461
635 0.1686938084250019
636 0.1686940881650202
637 0.1686943672303664
638 0.1686946456002066
639 0.1686949232725048
640 0.1686952002564135
641 0.1686954765643647
642 0.1686957522063291
643 0.1686960271880492
644 0.168696301512453
645 0.1686965751802851
646 0.1686968481835943
647 0.1686971205259648
648 0.1686973922142618
649 0.1686976632567404
650 0.1686979336595817
651 0.168698203426274
652 0.1686984725575105
653 0.1686987410529521
654 0.1686990089181444
655 0.1686992761546564
656 0.1686995427614112
657 0.1686998087336531
658 0.16870007407838
659 0.168700338816652
660 0.1687006029537671
661 0.1687008664941929
662 0.1687011294368983
663 0.1687013917827323
664 0.1687016535327121
665 0.1687019146875495
666 0.1687021752501977
667 0.1687024352281879
668 0.1687026946252977
669 0.1687029534425094
670 0.1687032116833672
671 0.1687034693468085
672 0.1687037264424101
673 0.1687039829835486
674 0.1687042389729225
675 0.1687044944080967
676 0.1687047492881646
677 0.1687050036113877
678 0.1687052573684812
679 0.1687055105617622
680 0.1687057631952839
681 0.1687060152724981
682 0.1687062667982065
683 0.1687065177763029
684 0.1687067682081714
685 0.1687070180932004
686 0.1687072674374248
687 0.1687075162477641
688 0.1687077645326208
689 0.1687080123003895
690 0.1687082595527683
691 0.1687085062912163
692 0.1687087525158892
693 0.168708998232099
694 0.1687092434435725
695 0.1687094881465575
696 0.1687097323348801
697 0.1687099760562726
698 0.1687102193279487
699 0.1687104621289787
700 0.1687107044338217
701 0.1687109462238521
702 0.1687111874734537
703 0.1687114280840438
704 0.168711668079716
705 0.1687119075054652
706 0.1687121464098414
707 0.1687123848132663
708 0.1687126227320242
709 0.1687128601731277
710 0.1687130971390401
711 0.1687133336280315
712 0.1687135696402136
713 0.1687138051710733
714 0.1687140402158298
715 0.1687142747734593
716 0.1687145088459966
717 0.1687147424262517
718 0.168714975508839
719 0.1687152080905849
720 0.168715440169642
721 0.1687156717457864
722 0.1687159028110573
723 0.1687161333673892
724 0.1687163634163846
725 0.1687165929571963
726 0.1687168219893881
727 0.1687170505104408
728 0.1687172785176624
729 0.1687175060048344
730 0.1687177329698077
731 0.1687179594140583
732 0.1687181853383757
733 0.1687184107384946
734 0.1687186356101978
735 0.168718859951106
736 0.168719083760878
737 0.1687193070353406
738 0.1687195297724121
739 0.1687197519703917
740 0.1687199736273041
741 0.1687201947455413
742 0.1687204153264577
743 0.1687206353702334
744 0.1687208548763611
745 0.1687210738454653
746 0.1687212922789226
747 0.1687215101747671
748 0.1687217275311828
749 0.1687219443443603
750 0.1687221606090364
751 0.1687223763226527
752 0.1687225914826608
753 0.1687228060868928
754 0.1687230201343613
755 0.1687232336241922
756 0.1687234465557284
757 0.1687236589268728
758 0.1687238707368725
759 0.1687240819841075
760 0.1687242926669177
761 0.1687245027867324
762 0.1687247123479943
763 0.1687249213477917
764 0.1687251297837272
765 0.1687253376520364
766 0.1687255449494469
767 0.1687257516750143
768 0.1687259578253494
769 0.1687261633965414
770 0.1687263683831635
771 0.1687265727798637
772 0.1687267765856048
773 0.1687269798011974
774 0.1687271824238477
775 0.1687273844436603
776 0.1687275858580847
777 0.1687277866661704
778 0.1687279868766617
779 0.1687281865014919
780 0.1687283855466668
781 0.168728584019265
782 0.1687287819197213
783 0.168728979245705
784 0.1687291759935138
785 0.1687293721594955
786 0.1687295677401193
787 0.1687297627331532
788 0.1687299571371073
789 0.1687301509471072
790 0.1687303441611134
791 0.1687305367793939
792 0.1687307288019179
793 0.1687309202295202
794 0.1687311110718221
795 0.1687313013549558
796 0.1687314910784534
797 0.1687316802444057
798 0.1687318688566671
799 0.168732056924445
800 0.1687322444941557
801 0.1687324315784891
802 0.1687326181639367
803 0.1687328042483179
804 0.1687329898404861
805 0.1687331749439577
806 0.16873335955562
807 0.1687335436752621
808 0.1687337273055764
809 0.1687339104520099
810 0.1687340931485873
811 0.1687342754524914
812 0.1687344573745574
813 0.1687346388971783
814 0.1687348199925447
815 0.168735000629161
816 0.1687351807791211
817 0.1687353604233053
818 0.1687355395481128
819 0.168735718143815
820 0.1687358962050133
821 0.1687360737331266
822 0.1687362507266188
823 0.1687364271851492
824 0.1687366031103634
825 0.1687367785022964
826 0.1687369533587416
827 0.1687371276816897
828 0.1687373014771819
829 0.168737474751298
830 0.1687376475087504
831 0.1687378197553516
832 0.168737991499418
833 0.168738162747687
834 0.1687383335034509
835 0.1687385037681515
836 0.1687386735345533
837 0.1687388427967055
838 0.1687390115625062
839 0.1687391798395355
840 0.1687393476274632
841 0.1687395149061084
842 0.1687396816616352
843 0.1687398478827561
844 0.1687400136090424
845 0.1687401787923714
846 0.1687403434812764
847 0.1687405077573745
848 0.1687406716801278
849 0.1687408352918105
850 0.1687409986217329
851 0.1687411616920002
852 0.1687413245201788
853 0.1687414871197623
854 0.1687416494981922
855 0.1687418116656932
856 0.1687419736287063
857 0.1687421353906523
858 0.1687422969526001
859 0.1687424583140355
860 0.1687426194717342
861 0.1687427804197577
862 0.1687429411498121
863 0.1687431016527762
864 0.1687432619416578
865 0.1687434220126479
866 0.168743581863276
867 0.1687437414817592
868 0.1687439008448144
869 0.1687440599277991
870 0.1687442187147229
871 0.1687443771970363
872 0.168744535370387
873 0.1687446932323874
874 0.1687448507808348
875 0.1687450080143614
876 0.1687451649335746
877 0.16874532153837
878 0.1687454778279636
879 0.1687456338017213
880 0.1687457894572275
881 0.1687459448010552
882 0.1687460998399296
883 0.1687462545773734
884 0.1687464090123953
885 0.1687465631394036
886 0.1687467169560793
887 0.1687468704578449
888 0.168747023640492
889 0.1687471765026286
890 0.1687473290440855
891 0.1687474812614601
892 0.1687476331520436
893 0.1687477847124591
894 0.1687479359387831
895 0.16874808683035
896 0.168748237387118
897 0.168748387609857
898 0.1687485375004499
899 0.1687486870587019
900 0.1687488362842282
901 0.168748985174861
902 0.1687491337361191
903 0.1687492819605762
904 0.1687494298436105
905 0.1687495773867894
906 0.1687497245949382
907 0.1687498714731238
908 0.1687500180276046
909 0.168750164264336
910 0.168750310184511
911 0.16875045579157
912 0.1687506010889997
913 0.168750746079761
914 0.1687508907662746
915 0.1687510351514885
916 0.1687511792369772
917 0.1687513230227712
918 0.168751466508148
919 0.1687516096933543
920 0.1687517525793612
921 0.1687518951663411
922 0.1687520374545863
923 0.1687521794452059
924 0.1687523211412329
925 0.1687524625430531
926 0.168752603646895
927 0.1687527444500459
928 0.1687528849517785
929 0.1687530251600751
930 0.1687531650943378
931 0.1687533047631908
932 0.168753444163705
933 0.1687535832878995
934 0.1687537221299245
935 0.1687538606879853
936 0.1687539989586146
937 0.1687541369398505
938 0.1687542746311858
939 0.1687544120329119
940 0.1687545491456095
941 0.1687546859707937
942 0.1687548225108428
943 0.1687549587679164
944 0.1687550947440781
945 0.1687552304385114
946 0.1687553658469072
947 0.1687555009685748
948 0.168755635803893
949 0.1687557703541103
950 0.168755904620404
951 0.1687560386043366
952 0.1687561723148316
953 0.1687563057554853
954 0.168756438928635
955 0.1687565718286239
956 0.1687567044469538
957 0.1687568367822864
958 0.1687569688373925
959 0.1687571006149552
960 0.1687572321174629
961 0.168757363346641
962 0.168757494302998
963 0.1687576249863362
964 0.1687577553964171
965 0.1687578855325149
966 0.1687580153956536
967 0.1687581449880196
968 0.1687582743119973
969 0.1687584033698048
970 0.1687585321629226
971 0.1687586606936628
972 0.1687587889623709
973 0.1687589169691692
974 0.1687590447153706
975 0.1687591722026112
976 0.1687592994386913
977 0.16875942642366
978 0.1687595531554628
979 0.1687596796362124
980 0.1687598058648812
981 0.1687599318408158
982 0.168760057563464
983 0.168760183032596
984 0.1687603082482041
985 0.1687604332109646
986 0.1687605579199425
987 0.1687606823714898
988 0.1687608065652915
989 0.1687609305024357
990 0.168761054183072
991 0.1687611776060105
992 0.1687613007698522
993 0.1687614236727542
994 0.1687615463125732
995 0.1687616686781369
996 0.1687617907668144
997 0.1687619125836013
998 0.1687620341336751
999 0.1687621554231184
1000 0.1687622764567504
1001 0.1687623972316946
1002 0.1687625177485129
1003 0.1687626380099551
1004 0.1687627580182247
1005 0.1687628777752851
1006 0.1687629972829527
1007 0.1687631165422745
1008 0.1687632355541134
1009 0.1687633543198877
1010 0.1687634728404284
1011 0.1687635911148207
1012 0.1687637091418223
1013 0.1687638269220722
1014 0.1687639444568697
1015 0.1687640617468998
1016 0.1687641787938286
1017 0.1687642955988798
1018 0.1687644121595737
1019 0.168764528475485
1020 0.168764644548068
1021 0.1687647603790298
1022 0.1687648759691288
1023 0.1687649913191539
1024 0.1687651064302091
1025 0.1687652213045528
1026 0.1687653359438666
1027 0.1687654503490612
1028 0.1687655645215502
1029 0.1687656784632583
1030 0.1687657921759553
1031 0.1687659056611805
1032 0.1687660189215375
1033 0.1687661319597492
1034 0.1687662447762679
1035 0.1687663573720086
1036 0.1687664697462841
1037 0.1687665818982382
1038 0.1687666938273653
1039 0.168766805533638
1040 0.1687669170168567
1041 0.1687670282767761
1042 0.1687671393129545
1043 0.1687672501251921
1044 0.1687673607136228
1045 0.1687674710785907
1046 0.1687675812206914
1047 0.1687676911395564
1048 0.1687678008339019
1049 0.168767910300833
1050 0.1687680195417319
1051 0.1687681285587661
1052 0.1687682373526215
1053 0.1687683459239877
1054 0.1687684542737491
1055 0.1687685624027679
1056 0.168768670312472
1057 0.1687687780033617
1058 0.1687688854754333
1059 0.1687689927284421
1060 0.1687690997624404
1061 0.1687692065743702
1062 0.1687693131584773
1063 0.1687694195245561
1064 0.1687695256869441
1065 0.1687696316529506
1066 0.1687697374224292
1067 0.1687698429934162
1068 0.1687699483640965
1069 0.1687700535330031
1070 0.168770158499614
1071 0.1687702632636414
1072 0.1687703678252924
1073 0.1687704721846978
1074 0.1687705763415924
1075 0.1687706802961742
1076 0.168770784048523
1077 0.1687708875993514
1078 0.1687709909489696
1079 0.1687710940974
1080 0.1687711970467612
1081 0.1687712997941291
1082 0.1687714023375349
1083 0.1687715046764979
1084 0.1687716068112357
1085 0.1687717087417852
1086 0.168771810468194
1087 0.1687719119902856
1088 0.1687720133118984
1089 0.16877211444326
1090 0.1687722153596717
1091 0.1687723160469504
1092 0.1687724165090575
1093 0.1687725167570906
1094 0.1687726168015264
1095 0.1687727166476461
1096 0.1687728162965242
1097 0.1687729157461604
1098 0.1687730149956748
1099 0.1687731140148084
1100 0.1687732128316115
1101 0.1687733114471666
1102 0.1687734098593238
1103 0.1687735080659294
1104 0.1687736060663915
1105 0.1687737038593334
1106 0.1687738014463516
1107 0.1687738988213034
1108 0.1687739959824903
1109 0.1687740929298906
1110 0.168774189666408
1111 0.1687742861907264
1112 0.1687743825039134
1113 0.1687744786070618
1114 0.1687745745007612
1115 0.1687746701860521
1116 0.1687747656649387
1117 0.1687748609378377
1118 0.1687749560044193
1119 0.1687750508640851
1120 0.1687751455169634
1121 0.1687752399632492
1122 0.168775334202773
1123 0.1687754282350987
1124 0.1687755220583666
1125 0.1687756156735173
1126 0.1687757090809801
1127 0.1687758022812542
1128 0.1687758952727109
1129 0.1687759879797689
1130 0.1687760804048237
1131 0.1687761725738392
1132 0.1687762645114423
1133 0.168776356234392
1134 0.1687764477523665
1135 0.1687765390701062
1136 0.168776630189237
1137 0.1687767211095718
1138 0.1687768118271023
1139 0.168776902341936
1140 0.1687769926526154
1141 0.1687770827585691
1142 0.1687771726593167
1143 0.1687772623520601
1144 0.1687773518378136
1145 0.1687774411171718
1146 0.1687775301897067
1147 0.168777619054852
1148 0.1687777077125241
1149 0.1687777961641614
1150 0.1687778844105676
1151 0.1687779724513888
1152 0.1687780602867538
1153 0.1687781479173659
1154 0.1687782353446292
1155 0.1687783225703477
1156 0.168778409595607
1157 0.1687784964217743
1158 0.1687785830510949
1159 0.1687786694860149
1160 0.1687787557282099
1161 0.1687788417792179
1162 0.1687789276423315
1163 0.1687790133192059
1164 0.1687790988086799
1165 0.1687791841116007
1166 0.1687792692250915
1167 0.1687793541487617
1168 0.1687794388900705
1169 0.1687795234566119
1170 0.1687796078531743
1171 0.1687796920822467
1172 0.1687797761436064
1173 0.1687798600356904
1174 0.1687799437571023
1175 0.1687800273069137
1176 0.1687801106847164
1177 0.1687801938906059
1178 0.1687802769250872
1179 0.1687803597888757
1180 0.168780442482602
1181 0.168780525006776
1182 0.168780607361781
1183 0.1687806895391824
1184 0.1687807715362613
1185 0.1687808533537142
1186 0.1687809349931254
1187 0.1687810164567887
1188 0.1687810977464846
1189 0.1687811788633661
1190 0.1687812598083838
1191 0.1687813405805777
1192 0.168781421177043
1193 0.1687815015976354
1194 0.1687815818432933
1195 0.1687816619151536
1196 0.1687817418142657
1197 0.1687818215413959
1198 0.1687819010982161
1199 0.168781980482984
1200 0.1687820596931673
1201 0.1687821387273859
1202 0.1687822175850394
1203 0.1687822962658801
1204 0.168782374769883
1205 0.168782453097031
1206 0.1687825312471481
1207 0.1687826092209889
1208 0.1687826870267522
1209 0.1687827646754149
1210 0.1687828421614564
1211 0.1687829194787072
1212 0.1687829966240853
1213 0.1687830735944694
1214 0.1687831503862734
1215 0.1687832269977037
1216 0.1687833034286327
1217 0.1687833796819019
1218 0.1687834557615513
1219 0.1687835316685017
1220 0.1687836074037944
1221 0.1687836829687737
1222 0.1687837583641181
1223 0.1687838335901931
1224 0.168783908647437
1225 0.1687839835366192
1226 0.1687840582583111
1227 0.1687841328128072
1228 0.1687842072005285
1229 0.1687842814222493
1230 0.1687843554787898
1231 0.1687844293709222
1232 0.1687845030993504
1233 0.168784576664882
1234 0.1687846500679962
1235 0.1687847233091233
1236 0.1687847963886932
1237 0.1687848693070134
1238 0.1687849420642746
1239 0.168785014660907
1240 0.1687850870972836
1241 0.1687851593733096
1242 0.1687852314892252
1243 0.1687853034454485
1244 0.1687853752423798
1245 0.1687854468804502
1246 0.1687855183582506
1247 0.1687855896747861
1248 0.1687856608316474
1249 0.168785731830011
1250 0.1687858026705082
1251 0.1687858733532592
1252 0.168785943878306
1253 0.1687860142457156
1254 0.168786084455663
1255 0.1687861545087137
1256 0.1687862244052187
1257 0.1687862941454445
1258 0.1687863637295509
1259 0.1687864331578433
1260 0.1687865024304996
1261 0.168786571547647
1262 0.1687866405093951
1263 0.168786709315878
1264 0.1687867779673261
1265 0.168786846463931
1266 0.1687869148060316
1267 0.1687869829939039
1268 0.168787051027632
1269 0.1687871189077569
1270 0.1687871866341778
1271 0.1687872542071282
1272 0.1687873216275283
1273 0.1687873888967162
1274 0.1687874560159332
1275 0.1687875229861459
1276 0.1687875898079392
1277 0.1687876564811822
1278 0.1687877230053804
1279 0.1687877893805818
1280 0.1687878556072855
1281 0.1687879216860673
1282 0.1687879876170104
1283 0.1687880534000564
1284 0.1687881190350837
1285 0.1687881845221784
1286 0.1687882498615718
1287 0.1687883150535388
1288 0.1687883800983327
1289 0.1687884449963051
1290 0.1687885097476942
1291 0.168788574352679
1292 0.1687886388115117
1293 0.1687887031245136
1294 0.1687887672920639
1295 0.1687888313151592
1296 0.1687888951941685
1297 0.1687889589290914
1298 0.1687890225167533
1299 0.1687890859572678
1300 0.1687891492536422
1301 0.168789212407482
1302 0.1687892754201726
1303 0.1687893382932842
1304 0.1687894010281634
1305 0.1687894636258433
1306 0.1687895260876262
1307 0.1687895884148154
1308 0.1687896506084935
1309 0.1687897126695628
1310 0.1687897745986086
1311 0.1687898363963118
1312 0.1687898980632175
1313 0.1687899595969286
1314 0.1687900209976134
1315 0.1687900822669846
1316 0.1687901434062701
1317 0.1687902044161782
1318 0.1687902652973857
1319 0.1687903260506464
1320 0.1687903866771158
1321 0.1687904471795652
1322 0.1687905075586057
1323 0.1687905678117928
1324 0.1687906279376877
1325 0.168790687936509
1326 0.1687907478093873
1327 0.1687908075576184
1328 0.1687908671822792
1329 0.1687909266839647
1330 0.168790986063149
1331 0.1687910453203032
1332 0.1687911044558221
1333 0.1687911634699042
1334 0.1687912223625484
1335 0.1687912811336434
1336 0.1687913397816711
1337 0.1687913983051514
1338 0.1687914567035188
1339 0.1687915149759482
1340 0.1687915731220748
1341 0.1687916311405379
1342 0.1687916890316588
1343 0.1687917467968656
1344 0.1687918044361352
1345 0.1687918619490925
1346 0.1687919193354271
1347 0.1687919765950818
1348 0.1687920337281678
1349 0.1687920907333919
1350 0.1687921476185448
1351 0.1687922043881213
1352 0.1687922610358059
1353 0.1687923175513974
1354 0.1687923739300891
1355 0.1687924301742918
1356 0.1687924862863093
1357 0.168792542267219
1358 0.1687925981172658
1359 0.1687926538362493
1360 0.1687927094237968
1361 0.1687927648795098
1362 0.1687928202030283
1363 0.1687928753940197
1364 0.1687929304523465
1365 0.1687929853786463
1366 0.1687930401722881
1367 0.1687930948309193
1368 0.1687931493526234
1369 0.1687932037367769
1370 0.1687932579831259
1371 0.1687933120913012
1372 0.1687933660605343
1373 0.1687934198896316
1374 0.1687934735770294
1375 0.1687935271208708
1376 0.1687935805200285
1377 0.1687936337738206
1378 0.1687936868786366
1379 0.1687937398309937
1380 0.1687937926277814
1381 0.1687938452661293
1382 0.1687938977438691
1383 0.1687939499541404
1384 0.1687940019432957
1385 0.1687940538718369
1386 0.1687941058523107
1387 0.1687941579424381
1388 0.1687942101489567
1389 0.1687942625067828
1390 0.1687943150019661
1391 0.1687943675716422
1392 0.1687944201673947
1393 0.1687944727813384
1394 0.1687945253808427
1395 0.1687945779332959
1396 0.1687946304096054
1397 0.1687946827859896
1398 0.1687947350419852
1399 0.1687947871605818
1400 0.1687948386663841
1401 0.1687948897695684
1402 0.1687949407146801
1403 0.1687949916473777
1404 0.1687950425583217
1405 0.1687950934241703
1406 0.1687951442179942
1407 0.1687951949162815
1408 0.1687952455001868
1409 0.1687952959373952
1410 0.1687953462050716
1411 0.168795396327863
1412 0.1687954463432629
1413 0.1687954962716534
1414 0.1687955461155328
1415 0.1687955958666227
1416 0.1687956455135061
1417 0.1687956950467354
1418 0.1687957444598024
1419 0.1687957937483285
1420 0.1687958429034012
1421 0.1687958919363767
1422 0.1687959408183557
1423 0.1687959895337511
1424 0.1687960380850245
1425 0.1687960864803857
1426 0.1687961347250377
1427 0.1687961828189704
1428 0.1687962307603627
1429 0.1687962785475169
1430 0.1687963261806608
1431 0.1687963736638886
1432 0.1687964210066971
1433 0.168796468215036
1434 0.1687965152848736
1435 0.1687965622129517
1436 0.1687966089995549
1437 0.1687966556472724
1438 0.1687967021604338
1439 0.1687967485445506
1440 0.1687967948054833
1441 0.1687968409487468
1442 0.1687968869790935
1443 0.1687969329003903
1444 0.168796978716045
1445 0.168797024429057
1446 0.1687970700420665
1447 0.168797115557594
1448 0.1687971609703509
1449 0.1687972062866852
1450 0.1687972514811411
1451 0.1687972965382633
1452 0.1687973414533027
1453 0.1687973862230009
1454 0.1687974308415112
1455 0.1687974753006504
1456 0.1687975195917053
1457 0.1687975637069807
1458 0.1687976076404773
1459 0.1687976513877776
1460 0.1687976949456619
1461 0.1687977383112244
1462 0.1687977814526696
1463 0.1687978243189485
1464 0.1687978669405869
1465 0.1687979094123639
1466 0.1687979518072556
1467 0.1687979941738369
1468 0.168798036543204
1469 0.1687980789352354
1470 0.1687981213622013
1471 0.1687981638300655
1472 0.1687982063395569
1473 0.1687982488877185
1474 0.1687982914688487
1475 0.1687983340730778
1476 0.1687983766895044
1477 0.1687984193068558
1478 0.1687984619140929
1479 0.1687985045007261
1480 0.168798547057085
1481 0.1687985895738962
1482 0.1687986320425085
1483 0.1687986744555173
1484 0.1687987168063883
1485 0.1687987590890352
1486 0.1687988012984593
1487 0.168798843430661
1488 0.1687988854826041
1489 0.1687989274521323
1490 0.16879896933745
1491 0.1687990111371668
1492 0.1687990528507746
1493 0.1687990944776836
1494 0.1687991360172181
1495 0.1687991774697387
1496 0.1687992188352372
1497 0.1687992601134952
1498 0.1687993013044966
1499 0.1687993424086917
1500 0.168799383426349
1501 0.1687994243577291
1502 0.1687994652032406
1503 0.1687995059630366
1504 0.1687995466371727
1505 0.1687995872256017
1506 0.1687996277282234
1507 0.1687996681447998
1508 0.1687997084747229
1509 0.1687997487177075
1510 0.1687997888735939
1511 0.1687998289422478
1512 0.1687998689235454
1513 0.1687999088174444
1514 0.1687999486239663
1515 0.1687999883430736
1516 0.1688000279747293
1517 0.1688000675190139
1518 0.1688001069760185
1519 0.1688001463459485
1520 0.168800185629097
1521 0.1688002248258295
1522 0.1688002639365566
1523 0.1688003029617174
1524 0.1688003419018115
1525 0.1688003807573524
1526 0.1688004195288674
1527 0.1688004582168862
1528 0.1688004968219402
1529 0.168800535344553
1530 0.1688005737852358
1531 0.1688006121444887
1532 0.1688006504227963
1533 0.168800688620623
1534 0.1688007267384121
1535 0.1688007647765913
1536 0.1688008027355561
1537 0.1688008406156943
1538 0.1688008784173361
1539 0.1688009161408143
1540 0.1688009537864451
1541 0.1688009913545588
1542 0.168801028845684
1543 0.1688010662604829
1544 0.1688011035981921
1545 0.1688011408580465
1546 0.1688011780396339
1547 0.1688012151425255
1548 0.1688012521672976
1549 0.1688012891108261
1550 0.1688013259729264
1551 0.16880136275545
1552 0.1688013994602853
1553 0.1688014360889437
1554 0.1688014726424042
1555 0.1688015091212975
1556 0.168801545525826
1557 0.1688015818562069
1558 0.1688016181128796
1559 0.16880165429614
1560 0.168801690406157
1561 0.1688017264430317
1562 0.1688017624069722
1563 0.1688017982992728
1564 0.1688018341213996
1565 0.1688018698708874
1566 0.1688019055454729
1567 0.1688019411438357
1568 0.1688019766654631
1569 0.1688020121103315
1570 0.168802047478609
1571 0.1688020827706194
1572 0.1688021179866608
1573 0.1688021531269685
1574 0.1688021881916992
1575 0.1688022231810481
1576 0.1688022580952471
1577 0.1688022929346484
1578 0.168802327699463
1579 0.1688023623902392
1580 0.1688023970076312
1581 0.1688024315523114
1582 0.1688024660249529
1583 0.1688025004261267
1584 0.168802534756193
1585 0.1688025690155332
1586 0.1688026032047008
1587 0.1688026373243311
1588 0.1688026713750683
1589 0.1688027053575901
1590 0.168802739272407
1591 0.1688027731198463
1592 0.1688028069000964
1593 0.168802840613409
1594 0.1688028742605199
1595 0.168802907842155
1596 0.1688029413589214
1597 0.1688029748113833
1598 0.1688030082004125
1599 0.1688030415266522
1600 0.1688030747902839
1601 0.1688031079913981
1602 0.1688031411298796
1603 0.1688031742060462
1604 0.1688032072203786
1605 0.1688032401785317
1606 0.1688032730774391
1607 0.1688033059123273
1608 0.1688033386803456
1609 0.1688033713809415
1610 0.1688034040152236
1611 0.1688034365850756
1612 0.1688034690925586
1613 0.1688035015395674
1614 0.1688035339276794
1615 0.1688035662581261
1616 0.1688035985317994
1617 0.1688036307493438
1618 0.1688036629114872
1619 0.1688036950187685
1620 0.1688037270714855
1621 0.1688037590698349
1622 0.1688037910139719
1623 0.1688038229045929
1624 0.1688038547409443
1625 0.1688038865223553
1626 0.1688039182484964
1627 0.1688039499192819
1628 0.1688039815350079
1629 0.1688040130954147
1630 0.1688040445988767
1631 0.1688040760441233
1632 0.1688041074298612
1633 0.1688041387551016
1634 0.1688041700193567
1635 0.1688042012224193
1636 0.1688042323641922
1637 0.1688042634446852
1638 0.1688042944639581
1639 0.168804325422128
1640 0.1688043563193744
1641 0.1688043871559332
1642 0.1688044179320798
1643 0.1688044486481302
1644 0.1688044793043957
1645 0.1688045099012135
1646 0.168804540438898
1647 0.1688045709177505
1648 0.1688046013380914
1649 0.1688046317001857
1650 0.1688046620042674
1651 0.1688046922505665
1652 0.1688047224392442
1653 0.1688047525705055
1654 0.1688047826445948
1655 0.1688048126617063
1656 0.1688048426219094
1657 0.1688048725252504
1658 0.1688049023718016
1659 0.1688049321616364
1660 0.1688049618947997
1661 0.1688049915714044
1662 0.1688050211914729
1663 0.1688050507550383
1664 0.1688050802621339
1665 0.168805109712794
1666 0.1688051391097622
1667 0.1688051684542123
1668 0.168805197746752
1669 0.1688052269882341
1670 0.1688052561804197
1671 0.1688052853248991
1672 0.1688053144229344
1673 0.1688053434754286
1674 0.1688053724827973
1675 0.1688054014450294
1676 0.168805430361861
1677 0.1688054592328695
1678 0.1688054880575881
1679 0.168805516835432
1680 0.1688055455657778
1681 0.1688055742480731
1682 0.1688056028817571
1683 0.1688056314670184
1684 0.168805660002753
1685 0.1688056884883333
1686 0.168805716923444
1687 0.1688057453078212
1688 0.1688057736408652
1689 0.1688058019226488
1690 0.1688058301533217
1691 0.1688058583329146
1692 0.1688058864613667
1693 0.1688059145385453
1694 0.1688059425641975
1695 0.1688059705377214
1696 0.1688059984586419
1697 0.1688060263271425
1698 0.1688060541435931
1699 0.1688060819084645
1700 0.1688061096221744
1701 0.1688061372850934
1702 0.1688061648975646
1703 0.1688061924598706
1704 0.1688062199722016
1705 0.1688062474346674
1706 0.16880627484733
1707 0.1688063022102195
1708 0.1688063295233418
1709 0.1688063567866603
1710 0.1688063840025251
1711 0.1688064111914988
1712 0.1688064383446942
1713 0.1688064654524011
1714 0.1688064925109398
1715 0.1688065195018725
1716 0.1688065464266507
1717 0.1688065732936403
1718 0.1688066001099749
1719 0.1688066268792755
1720 0.1688066536022613
1721 0.1688066802780572
1722 0.1688067069049775
1723 0.1688067334801498
1724 0.1688067599998647
1725 0.1688067864627378
1726 0.1688068128680899
1727 0.1688068392160202
1728 0.1688068655071906
1729 0.1688068917424217
1730 0.1688069179224939
1731 0.1688069440480529
1732 0.168806970119846
1733 0.1688069961380654
1734 0.1688070221029524
1735 0.1688070480145814
1736 0.1688070738729882
1737 0.1688070996781448
1738 0.1688071254300389
1739 0.1688071511286608
1740 0.1688071767739483
1741 0.1688072023658237
1742 0.1688072279041998
1743 0.1688072533889909
1744 0.1688072788201366
1745 0.168807304197681
1746 0.1688073295221607
1747 0.1688073547935795
1748 0.1688073800118929
1749 0.1688074051770889
1750 0.1688074302891653
1751 0.1688074553481359
1752 0.168807480354017
1753 0.1688075053067992
1754 0.1688075302063812
1755 0.168807555053133
1756 0.1688075798468311
1757 0.1688076045872606
1758 0.1688076292741512
1759 0.1688076539064823
1760 0.168807678482336
1761 0.1688077030022395
1762 0.1688077274676508
1763 0.1688077518794223
1764 0.168807776237682
1765 0.1688078005422382
1766 0.168807824792838
1767 0.1688078489894438
1768 0.1688078731313638
1769 0.1688078972187585
1770 0.1688079212511994
1771 0.1688079452279628
1772 0.1688079691486255
1773 0.1688079930121697
1774 0.1688080168178736
1775 0.1688080405658132
1776 0.1688080642550083
1777 0.1688080878845845
1778 0.1688081114544888
1779 0.168808134965357
1780 0.1688081584181258
1781 0.1688081818137631
1782 0.1688082051531458
1783 0.1688082284370174
1784 0.1688082516660303
1785 0.1688082748410559
1786 0.1688082979624075
1787 0.1688083210300667
1788 0.1688083440441247
1789 0.168808367004938
1790 0.1688083899129541
1791 0.1688084127686099
1792 0.1688084355721796
1793 0.1688084583239891
1794 0.1688084810244841
1795 0.1688085036736954
1796 0.1688085262722638
1797 0.1688085488210819
1798 0.1688085713210338
1799 0.1688085937729339
1800 0.1688086161775102
1801 0.1688086385354299
1802 0.168808660847252
1803 0.1688086831135902
1804 0.1688087053350448
1805 0.168808727512135
1806 0.1688087496453778
1807 0.1688087717353032
1808 0.1688087937824347
1809 0.1688088157872736
1810 0.168808837750257
1811 0.1688088596722447
1812 0.1688088815540571
1813 0.1688089033955739
1814 0.1688089251966975
1815 0.1688089469574067
1816 0.1688089686777253
1817 0.1688089903576825
1818 0.1688090119973741
1819 0.1688090335970043
1820 0.1688090551566983
1821 0.1688090766757791
1822 0.1688090981544517
1823 0.1688091195929025
1824 0.1688091409912465
1825 0.1688091623495845
1826 0.1688091836679309
1827 0.1688092049462043
1828 0.1688092261841847
1829 0.1688092473815626
1830 0.1688092685379495
1831 0.1688092896529897
1832 0.1688093107269303
1833 0.1688093317607865
1834 0.1688093527540536
1835 0.1688093737063914
1836 0.1688093946178746
1837 0.1688094154887535
1838 0.1688094363193235
1839 0.1688094571099628
1840 0.1688094778611132
1841 0.1688094985731162
1842 0.1688095192462246
1843 0.1688095398806285
1844 0.1688095604764756
1845 0.1688095810338937
1846 0.1688096015531803
1847 0.1688096220347164
1848 0.1688096424781041
1849 0.168809662883417
1850 0.1688096832507262
1851 0.1688097035799398
1852 0.1688097238708866
1853 0.1688097441234351
1854 0.1688097643375099
1855 0.1688097845131102
1856 0.168809804650266
1857 0.1688098247490344
1858 0.1688098448095174
1859 0.1688098648318306
1860 0.1688098848161131
1861 0.1688099047624997
1862 0.1688099246711019
1863 0.1688099445420193
1864 0.1688099643753227
1865 0.168809984171044
1866 0.1688100039291991
1867 0.1688100236497558
1868 0.1688100433326521
1869 0.1688100629777969
1870 0.1688100825850431
1871 0.1688101021542532
1872 0.1688101216853816
1873 0.1688101411783952
1874 0.1688101606331813
1875 0.168810180049544
1876 0.1688101994272095
1877 0.1688102187658488
1878 0.168810238065146
1879 0.1688102573247308
1880 0.1688102765442126
1881 0.1688102957231491
1882 0.1688103148609189
1883 0.1688103339572271
1884 0.1688103530115312
1885 0.1688103720234485
1886 0.168810390992419
1887 0.1688104099177034
1888 0.1688104287984285
1889 0.1688104476336486
1890 0.1688104664222956
1891 0.1688104851629132
1892 0.1688105038541686
1893 0.1688105224945175
1894 0.1688105410822607
1895 0.1688105596156915
1896 0.1688105780931803
1897 0.1688105965134234
1898 0.1688106148751573
1899 0.1688106331768864
1900 0.1688106514171124
1901 0.1688106695943787
1902 0.1688106877071706
1903 0.1688107057539635
1904 0.1688107237332723
1905 0.1688107416436491
1906 0.1688107594837139
1907 0.1688107772521721
1908 0.1688107949478113
1909 0.1688108125693583
1910 0.1688108301158149
1911 0.1688108475867146
1912 0.1688108649815619
1913 0.1688108822999597
1914 0.1688108995418959
1915 0.1688109167073906
1916 0.1688109337967091
1917 0.1688109508103962
1918 0.1688109677493044
1919 0.1688109846146386
1920 0.1688110014076689
1921 0.1688110181299521
1922 0.1688110347834182
1923 0.1688110513704691
1924 0.1688110678937811
1925 0.1688110843562257
1926 0.168811100760764
1927 0.1688111171104947
1928 0.1688111334086299
1929 0.168811149658389
1930 0.1688111658630039
1931 0.16881118202582
1932 0.1688111981502919
1933 0.1688112142403464
1934 0.1688112302995162
1935 0.1688112463315414
1936 0.1688112623403308
1937 0.1688112783299948
1938 0.1688112943043001
1939 0.1688113102666908
1940 0.1688113262203632
1941 0.1688113421683042
1942 0.1688113581132877
1943 0.1688113740578857
1944 0.168811390004465
1945 0.1688114059552072
1946 0.1688114219121234
1947 0.1688114378770753
1948 0.1688114538517809
1949 0.1688114698378238
1950 0.1688114858366501
1951 0.168811501849578
1952 0.1688115178777801
1953 0.1688115339223051
1954 0.1688115500209529
1955 0.1688115661500098
1956 0.168811582297153
1957 0.1688115984705766
1958 0.1688116146707207
1959 0.1688116308959882
1960 0.1688116471425702
1961 0.1688116634060027
1962 0.1688116796821859
1963 0.1688116959682051
1964 0.1688117122625344
1965 0.1688117285649699
1966 0.1688117448746963
1967 0.1688117611958164
1968 0.1688117775263151
1969 0.1688117938642957
1970 0.1688118102103588
1971 0.1688118265659805
1972 0.1688118429324265
1973 0.1688118593103701
1974 0.1688118756998301
1975 0.1688118921004521
1976 0.1688119085113799
1977 0.168811924931809
1978 0.1688119413605711
1979 0.1688119577963025
1980 0.168811974237627
1981 0.1688119906832898
1982 0.1688120071321874
1983 0.1688120235834071
1984 0.1688120400361895
1985 0.168812056489885
1986 0.1688120729438985
1987 0.1688120893976347
1988 0.1688121058504576
1989 0.1688121223017169
1990 0.1688121387507264
1991 0.1688121551968179
1992 0.1688121716392849
1993 0.1688121880772391
1994 0.1688122045098439
1995 0.1688122209363495
