"drag-rfile"
"Iteration" "drag"
("Iteration" "drag")
1 0.04108910190762809
2 0.04108898922080002
3 0.04108903068445752
4 0.04108909798157839
5 0.04108918733684958
6 0.04108927122790967
7 0.04108934088181224
8 0.04108938949535915
9 0.04108940350156436
10 0.04108937875965211
11 0.0410893318140111
12 0.04108927241679904
13 0.04108920680575055
14 0.04108914045765725
15 0.04108907780176795
16 0.04108902149643899
17 0.04108897269173403
18 0.04108893183554126
19 0.04108889808063823
20 0.04108887010284735
21 0.04108884662967649
22 0.04108882578040873
23 0.04108880576158359
24 0.04108878509741193
25 0.04108876267455341
26 0.0410887379500476
27 0.04108871084799185
28 0.04108868171572554
29 0.04108865122693849
30 0.04108862024398668
31 0.04108858968790614
32 0.0410885602837442
33 0.04108853257566935
34 0.04108850700001267
35 0.04108848361683456
36 0.0410884621502083
37 0.04108844195660239
38 0.04108842213405735
39 0.04108840206393207
40 0.04108838103077904
41 0.04108835833698034
42 0.04108833357384708
43 0.04108830647524346
44 0.04108827695845273
45 0.0410882452664252
46 0.04108821183156099
47 0.04108817725254856
48 0.04108814313735627
49 0.04108810997705548
50 0.04108807824535418
51 0.04108804771246199
52 0.04108801946956234
53 0.04108799366366204
54 0.04108796951460664
55 0.04108794750405999
56 0.04108792718254387
57 0.04108790794845561
58 0.04108788950765663
59 0.04108787064145252
60 0.04108785199235248
61 0.04108783293569049
62 0.04108781306537348
63 0.04108779203192096
64 0.04108776961183661
65 0.04108774472469788
66 0.04108771788946254
67 0.0410876897256053
68 0.04108766166165875
69 0.04108763282018705
70 0.04108760379666335
71 0.04108757497071269
72 0.04108754728930102
73 0.04108752069890725
74 0.04108749482166241
75 0.04108746984673859
76 0.0410874458796051
77 0.04108742287616408
78 0.0410874007474337
79 0.04108737933116732
80 0.04108735848115923
81 0.04108733784006751
82 0.04108731716981052
83 0.04108729625135037
84 0.04108727561973987
85 0.04108725486141975
86 0.04108723348650389
87 0.04108721200811953
88 0.04108719038777257
89 0.04108716857281059
90 0.04108714648582339
91 0.04108712416665766
92 0.04108710156490693
93 0.04108707871264317
94 0.04108705568752107
95 0.04108703254272584
96 0.04108700932976054
97 0.04108698546003356
98 0.04108696129728264
99 0.04108693774522158
100 0.04108691397020012
101 0.04108689045695682
102 0.04108686737681167
103 0.04108684518702828
104 0.04108682331428016
105 0.04108680233976434
106 0.04108678154693704
107 0.04108676154803279
108 0.04108674153936641
109 0.04108672155326137
110 0.04108670153318938
111 0.04108668140913792
112 0.04108666109857426
113 0.04108664060414749
114 0.04108661991326976
115 0.04108659903414548
116 0.04108657798711417
117 0.0410865567626759
118 0.04108653540888722
119 0.04108651402006788
120 0.04108649265728876
121 0.04108647135153062
122 0.04108645016228004
123 0.04108642913796155
124 0.04108640826688437
125 0.04108638757122939
126 0.04108636703229884
127 0.0410863466755324
128 0.04108632647391443
129 0.04108630642590289
130 0.04108628650736791
131 0.04108626669004743
132 0.04108624696497155
133 0.04108622780614803
134 0.04108620892189392
135 0.04108619003151472
136 0.04108617104533385
137 0.04108615205296903
138 0.04108613299614168
139 0.04108611384061753
140 0.04108609457743847
141 0.04108607521061604
142 0.04108605560227983
143 0.04108603597214336
144 0.04108601631292626
145 0.04108599664928635
146 0.04108597698624008
147 0.04108595722982394
148 0.04108593747285044
149 0.04108591776997551
150 0.04108589798583965
151 0.04108587821964711
152 0.04108585852678689
153 0.04108583897507975
154 0.04108581951263219
155 0.04108580017266451
156 0.04108578116550689
157 0.0410857622263825
158 0.04108574341115868
159 0.04108572473786811
160 0.04108570619964681
161 0.04108568778581986
162 0.04108566969102258
163 0.04108565186428393
164 0.04108563386870955
165 0.04108561606527174
166 0.04108559832382516
167 0.04108558057295314
168 0.04108556275574055
169 0.04108554465763256
170 0.04108552647646193
171 0.04108550820667512
172 0.04108548984900347
173 0.04108547143215608
174 0.04108545286047411
175 0.04108543421577727
176 0.04108541555791901
177 0.04108539708686831
178 0.04108537881592439
179 0.04108536060829557
180 0.04108534263322366
181 0.04108532487393504
182 0.0410853072992477
183 0.04108528975417936
184 0.04108527235417241
185 0.04108525503049719
186 0.04108523776842977
187 0.04108522040879781
188 0.04108520311522398
189 0.04108518586406452
190 0.04108516850752744
191 0.04108515121499134
192 0.04108513382649694
193 0.0410851163466766
194 0.04108509885554294
195 0.04108508138420129
196 0.04108506406382437
197 0.04108504684889614
198 0.04108502972182983
199 0.04108501267305357
200 0.04108499570259011
201 0.04108497879676362
202 0.04108496193086975
203 0.04108494506855177
204 0.04108492819383482
205 0.04108491134565188
206 0.04108489452482895
207 0.04108487772885702
208 0.04108486095828258
209 0.04108484422730959
210 0.0410848275358096
211 0.04108481089129876
212 0.04108479430382538
213 0.04108477776973862
214 0.04108476128129171
215 0.04108474482922611
216 0.04108472841470424
217 0.04108471202057478
218 0.04108469566511819
219 0.04108467934331286
220 0.04108466304634941
221 0.04108464679838914
222 0.04108463059622704
223 0.04108461442463438
224 0.0410845982976943
225 0.04108458218169714
226 0.04108456611877945
227 0.04108455008465138
228 0.04108453406958244
229 0.04108451810504478
230 0.04108450213459395
231 0.04108448650180998
232 0.0410844708223554
233 0.04108445513519034
234 0.04108443967710902
235 0.04108442432890716
236 0.04108440904313797
237 0.04108439373061802
238 0.04108437815181817
239 0.04108436264934737
240 0.04108434715720838
241 0.04108433167589156
242 0.0410843161885406
243 0.04108430081796095
244 0.0410842854806799
245 0.04108427016127255
246 0.04108425452352747
247 0.04108423871391872
248 0.0410842230211443
249 0.0410842074138161
250 0.04108419170545708
251 0.04108417599929638
252 0.04108416057098518
253 0.04108414534631126
254 0.0410841298963454
255 0.04108411447546721
256 0.04108409906136561
257 0.04108408374108902
258 0.04108406836580326
259 0.04108405322853276
260 0.04108403825549126
261 0.0410840232859682
262 0.04108400836717539
263 0.04108399370561967
264 0.04108397920506347
265 0.0410839647675096
266 0.04108395036314232
267 0.04108393598679765
268 0.04108392160645209
269 0.04108390716150104
270 0.04108389268107755
271 0.04108387814989289
272 0.04108386356774856
273 0.04108384894608286
274 0.0410838341261035
275 0.04108381934764018
276 0.04108380446205352
277 0.04108378956011391
278 0.04108377483274774
279 0.04108376011859323
280 0.04108374561723326
281 0.04108373115804293
282 0.04108371678204953
283 0.04108370263193196
284 0.04108368850207486
285 0.04108367455183221
286 0.04108366057293737
287 0.04108364672369766
288 0.0410836329454846
289 0.04108361920004998
290 0.0410836054523766
291 0.04108359154713288
292 0.04108357752638657
293 0.04108356342057672
294 0.04108354939548998
295 0.04108353543114385
296 0.04108352155340169
297 0.04108350758640386
298 0.04108349359478519
299 0.04108347961133686
300 0.04108346565870928
301 0.04108345175241637
302 0.04108343803067948
303 0.04108342442689282
304 0.04108341093415672
305 0.0410833973646846
306 0.04108338376172307
307 0.04108337017433189
308 0.04108335656972223
309 0.04108334299427411
310 0.04108332945206236
311 0.04108331595086698
312 0.04108330249585715
313 0.04108328905824029
314 0.04108327565447083
315 0.04108326232232386
316 0.04108324905311179
317 0.04108323584906296
318 0.0410832226917863
319 0.0410832096645171
320 0.04108319671706117
321 0.04108318383068815
322 0.04108317098544324
323 0.04108315814480344
324 0.04108314528713416
325 0.04108313239040155
326 0.04108311931646773
327 0.04108310612598626
328 0.04108309285918158
329 0.04108307955701366
330 0.04108306625661907
331 0.04108305299490548
332 0.04108303980222377
333 0.04108302682383493
334 0.04108301401568665
335 0.04108300123010821
336 0.04108298861708837
337 0.04108297611578084
338 0.04108296368948024
339 0.04108295135041932
340 0.04108293906124728
341 0.04108292678358023
342 0.0410829144810229
343 0.04108290213264118
344 0.04108288975001437
345 0.04108287731732575
346 0.04108286456749848
347 0.04108285144929627
348 0.04108283813440079
349 0.04108282476059325
350 0.04108281157200603
351 0.041082798593732
352 0.04108278584946087
353 0.04108277333316567
354 0.04108276089398306
355 0.04108274856675062
356 0.04108273634361163
357 0.04108272420612415
358 0.0410827121277431
359 0.04108270027471005
360 0.04108268854937616
361 0.04108267692752292
362 0.04108266531620866
363 0.04108265368246156
364 0.04108264199537336
365 0.04108263023168371
366 0.04108261837527738
367 0.04108260639282492
368 0.0410825944129943
369 0.04108258241161187
370 0.04108257039195165
371 0.04108255836907847
372 0.0410825463573345
373 0.04108253436987293
374 0.04108252241873524
375 0.04108251051325097
376 0.04108249865829096
377 0.04108248686058194
378 0.04108247511797242
379 0.04108246342493914
380 0.04108245177377338
381 0.04108244015278206
382 0.04108242855094871
383 0.04108241695584554
384 0.04108240536485191
385 0.0410823937705117
386 0.04108238214178954
387 0.04108237054809184
388 0.04108235897801205
389 0.04108234743873849
390 0.0410823359366331
391 0.04108232447557541
392 0.04108231305616138
393 0.0410823016782785
394 0.04108229033666663
395 0.04108227906051577
396 0.04108226777800112
397 0.04108225655167999
398 0.04108224535998168
399 0.0410822341881648
400 0.04108222302352833
401 0.04108221166320385
402 0.0410822002658561
403 0.0410821888536303
404 0.0410821774457274
405 0.04108216605603621
406 0.04108215470918144
407 0.04108214335509716
408 0.04108213203777092
409 0.04108212078211494
410 0.04108210960563425
411 0.04108209865921632
412 0.04108208787342833
413 0.04108207732494952
414 0.04108206691299725
415 0.0410820564445368
416 0.04108204590812606
417 0.0410820351972386
418 0.04108202434871196
419 0.04108201338840737
420 0.04108200234925716
421 0.04108199126787437
422 0.04108198018147021
423 0.04108196922252463
424 0.04108195837509192
425 0.04108194762824222
426 0.04108193697075146
427 0.04108192624124821
428 0.04108191548676881
429 0.0410819047478793
430 0.04108189392595681
431 0.04108188305232897
432 0.04108187216483963
433 0.04108186123766145
434 0.04108185041564045
435 0.04108183965100719
436 0.04108182900443849
437 0.04108181841828927
438 0.04108180806760579
439 0.0410817977662145
440 0.04108178754885462
441 0.04108177734192753
442 0.04108176723870734
443 0.04108175713138373
444 0.04108174706304959
445 0.04108173691306977
446 0.0410817267801455
447 0.0410817165419891
448 0.04108170631932949
449 0.04108169617328157
450 0.04108168601340048
451 0.04108167590482675
452 0.04108166584118537
453 0.04108165564714558
454 0.04108164549976123
455 0.04108163526331064
456 0.04108162506510245
457 0.04108161481793064
458 0.04108160461476367
459 0.04108159438943022
460 0.04108158423353718
461 0.04108157412318163
462 0.04108156412803454
463 0.04108155421619294
464 0.04108154437575393
465 0.04108153454745197
466 0.04108152472443496
467 0.04108151495253014
468 0.04108150514054339
469 0.041081495362823
470 0.04108148553643402
471 0.04108147574739419
472 0.04108146591628654
473 0.04108145610594922
474 0.04108144623865748
475 0.0410814364361226
476 0.04108142662945369
477 0.04108141684289069
478 0.04108140712883977
479 0.0410813974292138
480 0.04108138779870702
481 0.04108137816102073
482 0.04108136853475314
483 0.04108135895934708
484 0.04108134935867017
485 0.04108133980173848
486 0.04108133021959488
487 0.04108132068469995
488 0.04108131112220195
489 0.04108130161488174
490 0.04108129209515841
491 0.04108128263137428
492 0.04108127316230554
493 0.04108126371374413
494 0.04108125432290697
495 0.04108124497569381
496 0.04108123561533713
497 0.04108122631072282
498 0.04108121699625666
499 0.0410812077279268
500 0.04108119843824727
501 0.04108118915142049
502 0.0410811799051486
503 0.04108117068120319
504 0.04108116151534955
505 0.0410811523504491
506 0.0410811432310826
507 0.04108113409309722
508 0.04108112494786195
509 0.04108111584098435
510 0.04108110670017568
511 0.04108109760284654
512 0.041081088483138
513 0.04108107940476569
514 0.04108107031086725
515 0.04108106122131947
516 0.04108105218093765
517 0.04108104313563078
518 0.04108103414157994
519 0.04108102519880403
520 0.04108101632276025
521 0.04108100741080138
522 0.04108099849081471
523 0.04108098960360491
524 0.04108098064367089
525 0.04108097170938889
526 0.04108096284997215
527 0.04108095403232551
528 0.0410809452854393
529 0.04108093650729027
530 0.04108092775418404
531 0.04108091903038896
532 0.04108091028097989
533 0.04108090158992698
534 0.0410808929014802
535 0.04108088422715883
536 0.0410808755086581
537 0.04108086677623918
538 0.04108085807606775
539 0.04108084935624266
540 0.04108084067758937
541 0.04108083206963441
542 0.0410808234923255
543 0.04108081492679915
544 0.04108080637708772
545 0.04108079775937262
546 0.04108078916421981
547 0.04108078058915516
548 0.04108077205958148
549 0.04108076353638251
550 0.04108075503155591
551 0.04108074657174711
552 0.04108073811247051
553 0.04108072969777633
554 0.04108072127896205
555 0.04108071287170346
556 0.04108070448381421
557 0.04108069607582416
558 0.04108068770532474
559 0.04108067933004806
560 0.04108067099628594
561 0.04108066265211818
562 0.04108065433184969
563 0.04108064599058851
564 0.04108063768863402
565 0.04108062939094628
566 0.04108062114161207
567 0.04108061289476476
568 0.04108060469623215
569 0.0410805964967974
570 0.04108058831426241
571 0.0410805802251588
572 0.04108057217229226
573 0.04108056413836971
574 0.04108055607943659
575 0.04108054800447539
576 0.04108053992840079
577 0.041080531877053
578 0.04108052381653955
579 0.04108051575288039
580 0.04108050768825943
581 0.04108049966008595
582 0.04108049163180452
583 0.04108048361594596
584 0.04108047563807419
585 0.04108046766215123
586 0.04108045969896797
587 0.04108045177411357
588 0.04108044384957861
589 0.0410804359602834
590 0.04108042804438775
591 0.04108042013036963
592 0.04108041224128892
593 0.0410804043392592
594 0.04108039644149736
595 0.04108038857356323
596 0.04108038070267536
597 0.04108037287282372
598 0.04108036505784359
599 0.04108035730899252
600 0.04108034961834422
601 0.04108034195481496
602 0.04108033432940401
603 0.04108032670321672
604 0.04108031906999286
605 0.04108031145119667
606 0.04108030380357015
607 0.04108029617626719
608 0.04108028852312953
609 0.04108028086464679
610 0.04108027322669357
611 0.0410802655791118
612 0.04108025796164275
613 0.04108025034218223
614 0.04108024273798849
615 0.04108023516265903
616 0.04108022758737742
617 0.04108022004636829
618 0.04108021250698022
619 0.04108020500503972
620 0.0410801975027147
621 0.04108019003577353
622 0.04108018256780329
623 0.0410801751313609
624 0.04108016766950968
625 0.04108016020704376
626 0.04108015276961884
627 0.04108014533638154
628 0.04108013792752246
629 0.04108013051028896
630 0.04108012312600207
631 0.0410801157509087
632 0.04108010844219868
633 0.04108010116546474
634 0.04108009393009757
635 0.04108008669759881
636 0.04108007946665918
637 0.04108007226475854
638 0.04108006504690476
639 0.04108005784965867
640 0.04108005062692863
641 0.04108004342100071
642 0.04108003618742779
643 0.04108002895576362
644 0.04108002174653851
645 0.0410800145293345
646 0.04108000734252921
647 0.04108000015663042
648 0.04107999296414484
649 0.04107998579958175
650 0.04107997867253416
651 0.04107997156096735
652 0.04107996448313329
653 0.04107995740753444
654 0.0410799503628202
655 0.04107994331760659
656 0.04107993629819128
657 0.04107992925379633
658 0.0410799222282098
659 0.04107991518557843
660 0.04107990816475594
661 0.04107990113440101
662 0.04107989413027016
663 0.04107988712386941
664 0.04107988014637458
665 0.04107987317054886
666 0.04107986622527519
667 0.04107985928416326
668 0.0410798523721165
669 0.04107984546264182
670 0.04107983858204488
671 0.04107983170259219
672 0.04107982484907471
673 0.04107981799343001
674 0.04107981116306239
675 0.04107980432805092
676 0.04107979751474497
677 0.04107979067593749
678 0.04107978385741014
679 0.04107977702922494
680 0.04107977022569897
681 0.04107976342074283
682 0.04107975664499807
683 0.04107974987299117
684 0.04107974313162037
685 0.04107973639575353
686 0.04107972969050082
687 0.04107972295974038
688 0.04107971624894156
689 0.04107970952264722
690 0.0410797028207785
691 0.04107969612757718
692 0.04107968946603439
693 0.04107968281261534
694 0.04107967619082963
695 0.04107966958815567
696 0.04107966298809268
697 0.04107965641521972
698 0.04107964987433978
699 0.04107964336961829
700 0.04107963686583646
701 0.04107963038410396
702 0.04107962388436417
703 0.04107961740048681
704 0.04107961091852181
705 0.04107960440651501
706 0.0410795979075689
707 0.04107959141173897
708 0.04107958489419129
709 0.04107957839810175
710 0.04107957191511968
711 0.0410795654223766
712 0.04107955896468401
713 0.0410795525317526
714 0.04107954610870565
715 0.04107953971758006
716 0.04107953333067656
717 0.04107952697063019
718 0.04107952060840844
719 0.04107951426991009
720 0.04107950792274139
721 0.04107950159526095
722 0.04107949525530196
723 0.04107948893743901
724 0.04107948261074439
725 0.04107947629870425
726 0.04107946997428585
727 0.04107946367151447
728 0.04107945737211821
729 0.04107945109995027
730 0.04107944480501313
731 0.04107943853076228
732 0.04107943225528295
733 0.04107942600752958
734 0.04107941976734428
735 0.04107941355805783
736 0.04107940736192953
737 0.04107940119621687
738 0.0410793950324289
739 0.04107938889371953
740 0.04107938275272392
741 0.04107937663282397
742 0.04107937050505248
743 0.0410793643964389
744 0.04107935827726173
745 0.04107935217622904
746 0.04107934606509387
747 0.04107933996007288
748 0.04107933387175951
749 0.04107932777830701
750 0.04107932170834327
751 0.04107931563806275
752 0.04107930958089347
753 0.04107930354506647
754 0.04107929751022692
755 0.04107929149922437
756 0.04107928548930571
757 0.04107927949309272
758 0.04107927351761063
759 0.04107926754684122
760 0.0410792615982685
761 0.04107925564740706
762 0.04107924971758406
763 0.04107924379072131
764 0.04107923788615853
765 0.04107923197777934
766 0.04107922608908457
767 0.04107922018647985
768 0.04107921430216297
769 0.04107920840968574
770 0.04107920253596831
771 0.04107919665582911
772 0.0410791907949089
773 0.04107918492872998
774 0.04107917908302415
775 0.04107917324705602
776 0.04107916740901052
777 0.04107916159464547
778 0.04107915579072771
779 0.04107914997924637
780 0.04107914418658429
781 0.04107913840003126
782 0.0410791326066789
783 0.04107912683471268
784 0.04107912107186863
785 0.04107911532233041
786 0.04107910960262458
787 0.04107910390243068
788 0.04107909821039243
789 0.04107909254347795
790 0.04107908688785131
791 0.04107908122561404
792 0.04107907557943496
793 0.04107906993531545
794 0.04107906427314919
795 0.04107905862446122
796 0.04107905296136125
797 0.0410790473099558
798 0.04107904166231398
799 0.04107903600460585
800 0.04107903037958067
801 0.04107902475756215
802 0.04107901912889347
803 0.04107901352043997
804 0.04107900793711325
805 0.0410790023694091
806 0.04107899682902687
807 0.04107899130580907
808 0.04107898576599227
809 0.04107898025171706
810 0.04107897474927599
811 0.04107896924258139
812 0.04107896374700216
813 0.04107895825213664
814 0.04107895274265266
815 0.04107894724775787
816 0.04107894176236344
817 0.04107893627453608
818 0.04107893080726846
819 0.04107892535074713
820 0.04107891987835795
821 0.04107891443231141
822 0.04107890900072786
823 0.04107890355568955
824 0.04107889813842516
825 0.04107889271725222
826 0.04107888728527267
827 0.04107888187120345
828 0.04107887646407903
829 0.04107887106556497
830 0.04107886569189279
831 0.04107886032016616
832 0.04107885496896899
833 0.04107884962143164
834 0.04107884429410762
835 0.0410788389688418
836 0.04107883367019796
837 0.04107882837993191
838 0.04107882310473239
839 0.04107881782340724
840 0.04107881255518523
841 0.04107880727736853
842 0.04107880201233118
843 0.0410787967380648
844 0.04107879147757502
845 0.04107878619126325
846 0.04107878091701112
847 0.04107877564441998
848 0.04107877039503215
849 0.0410787651509543
850 0.0410787599216054
851 0.04107875469354366
852 0.04107874948647543
853 0.04107874428700462
854 0.04107873910989834
855 0.04107873394028208
856 0.04107872879044554
857 0.04107872364235865
858 0.04107871851071448
859 0.04107871337530695
860 0.04107870825392781
861 0.04107870312591134
862 0.04107869801143705
863 0.04107869289069549
864 0.04107868778421575
865 0.04107868267241861
866 0.0410786775760897
867 0.04107867247678839
868 0.04107866739346872
869 0.04107866230877484
870 0.04107865723792906
871 0.0410786521651493
872 0.04107864711100515
873 0.04107864205746746
874 0.04107863702078296
875 0.04107863198317135
876 0.04107862696128487
877 0.04107862193686788
878 0.04107861692793104
879 0.04107861191671489
880 0.04107860692099873
881 0.04107860192324941
882 0.04107859694151032
883 0.04107859195824892
884 0.04107858699092895
885 0.04107858202218004
886 0.04107857706948219
887 0.04107857211847939
888 0.04107856718394827
889 0.04107856225087037
890 0.0410785573348057
891 0.04107855242607128
892 0.04107854753012664
893 0.04107854262629806
894 0.04107853773413613
895 0.04107853283734673
896 0.04107852795347722
897 0.0410785230626298
898 0.04107851818288187
899 0.04107851330181478
900 0.04107850843657998
901 0.04107850356760518
902 0.04107849871104528
903 0.04107849385276947
904 0.04107848901025706
905 0.0410784841652681
906 0.04107847933661661
907 0.04107847450754833
908 0.04107846969397107
909 0.04107846487937101
910 0.04107846008060699
911 0.04107845528106256
912 0.04107845049697164
913 0.04107844571272864
914 0.04107844094383281
915 0.04107843617313055
916 0.04107843141674732
917 0.04107842665375686
918 0.04107842190717022
919 0.04107841715523959
920 0.041078412412419
921 0.04107840766296002
922 0.04107840293372828
923 0.0410783982084346
924 0.04107839350020825
925 0.04107838879292702
926 0.04107838409983183
927 0.04107837941047749
928 0.04107837471614574
929 0.04107837003557358
930 0.04107836535688909
931 0.04107836067180496
932 0.04107835600094378
933 0.04107835133326756
934 0.04107834666252884
935 0.04107834200775008
936 0.04107833735371508
937 0.04107833271525033
938 0.04107832807881419
939 0.04107832346542362
940 0.04107831886050541
941 0.04107831427311432
942 0.04107830968471361
943 0.04107830510874577
944 0.04107830052745743
945 0.04107829595659444
946 0.04107829137789255
947 0.04107828680857444
948 0.04107828223067373
949 0.04107827766205355
950 0.04107827308603984
951 0.04107826852104279
952 0.04107826395216039
953 0.04107825939642253
954 0.04107825484046016
955 0.04107825029767995
956 0.04107824575462258
957 0.04107824122549695
958 0.04107823669640882
959 0.04107823217981682
960 0.04107822766405369
961 0.04107822316245466
962 0.04107821866217415
963 0.0410782141759676
964 0.04107820969230848
965 0.04107820522313479
966 0.04107820075670583
967 0.04107819630392247
968 0.04107819185089574
969 0.04107818741049542
970 0.04107818296800565
971 0.04107817853698715
972 0.04107817410113792
973 0.04107816967587446
974 0.04107816524559135
975 0.04107816082554112
976 0.04107815640285683
977 0.04107815199176695
978 0.04107814757888247
979 0.04107814317801967
980 0.04107813877634217
981 0.04107813438738246
982 0.04107812999833572
983 0.04107812562172029
984 0.04107812124464602
985 0.04107811687998999
986 0.04107811251443223
987 0.04107810816076759
988 0.0410781038039912
989 0.04107809945870449
990 0.0410780951116882
991 0.0410780907764834
992 0.04107808644033573
993 0.04107808211345624
994 0.04107807779770226
995 0.04107807348238182
996 0.04107806918008663
997 0.04107806487755847
998 0.04107806058332508
999 0.04107805629950542
1000 0.04107805201481858
1001 0.04107804773784741
1002 0.04107804346658449
1003 0.04107803920075447
1004 0.04107803494031752
1005 0.04107803068438638
1006 0.04107802643234661
1007 0.04107802218330699
1008 0.04107801793619591
1009 0.04107801369183525
1010 0.04107800945154037
1011 0.04107800521682006
1012 0.04107800098818057
1013 0.04107799676582461
1014 0.04107799255009139
1015 0.04107798834160356
1016 0.04107798413945581
1017 0.04107797994331953
1018 0.04107797575293389
1019 0.04107797156779002
1020 0.04107796738801124
1021 0.0410779632130946
1022 0.0410779590434853
1023 0.04107795487880642
1024 0.04107795071903941
1025 0.04107794656396081
1026 0.0410779424137501
1027 0.04107793826896293
1028 0.04107793412929789
1029 0.04107792999439394
1030 0.04107792586437144
1031 0.04107792173797813
1032 0.04107791761936522
1033 0.0410779135065719
1034 0.04107790939877168
1035 0.04107790529499453
1036 0.04107790119514486
1037 0.04107789709852182
1038 0.04107789300563954
1039 0.04107788891305211
1040 0.04107788482311629
1041 0.04107788073688987
1042 0.04107787665476691
1043 0.0410778725822081
1044 0.04107786851828558
1045 0.04107786446173438
1046 0.04107786040634451
1047 0.04107785635377306
1048 0.04107785230484794
1049 0.04107784825978248
1050 0.04107784421879272
1051 0.04107784018171549
1052 0.04107783614900933
1053 0.04107783212074978
1054 0.04107782809738156
1055 0.0410778240787413
1056 0.04107782006488615
1057 0.04107781605560273
1058 0.04107781205101819
1059 0.04107780805172453
1060 0.04107780405683967
1061 0.04107780006550128
1062 0.04107779607765211
1063 0.04107779209356099
1064 0.04107778811406933
1065 0.04107778414364893
1066 0.04107778018151091
1067 0.0410777762267349
1068 0.04107777227756072
1069 0.04107776833129004
1070 0.04107776438756868
1071 0.04107776044545358
1072 0.04107775650478666
1073 0.04107775256571387
1074 0.04107774862926924
1075 0.04107774469613591
1076 0.04107774076755982
1077 0.0410777368443015
1078 0.04107773292701419
1079 0.04107772901583048
1080 0.0410777251108323
1081 0.04107772121149435
1082 0.04107771731744449
1083 0.04107771342801522
1084 0.04107770954314635
1085 0.04107770566242629
1086 0.04107770178554514
1087 0.04107769791217981
1088 0.04107769404213029
1089 0.04107769017551614
1090 0.04107768631268253
1091 0.04107768245353369
1092 0.04107767859818583
1093 0.04107767474681813
1094 0.04107767089980538
1095 0.04107766705694984
1096 0.04107766321835446
1097 0.04107765938120472
1098 0.0410776555470322
1099 0.04107765171352142
1100 0.04107764788280269
1101 0.04107764405602626
1102 0.04107764023490296
1103 0.04107763641967617
1104 0.04107763261061881
1105 0.04107762880765517
1106 0.0410776250103316
1107 0.04107762121786417
1108 0.04107761743016352
1109 0.04107761364668627
1110 0.04107760986634511
1111 0.04107760608946762
1112 0.04107760231615256
1113 0.04107759854603035
1114 0.04107759477895313
1115 0.04107759101501936
1116 0.0410775872547428
1117 0.0410775835042843
1118 0.04107757976142116
1119 0.04107757602468822
1120 0.04107757229284779
1121 0.04107756856252844
1122 0.04107756483345675
1123 0.04107756110517295
1124 0.04107755737799035
1125 0.04107755365216847
1126 0.04107754992634226
1127 0.04107754620191539
1128 0.04107754248047865
1129 0.04107753876309269
1130 0.04107753505073299
1131 0.04107753134389735
1132 0.04107752764323942
1133 0.04107752394884204
1134 0.04107752026058891
1135 0.04107751657797822
1136 0.0410775129004129
1137 0.04107750922680251
1138 0.04107750555649382
1139 0.04107750188881921
1140 0.04107749822373568
1141 0.04107749456113202
1142 0.04107749090122872
1143 0.04107748724424953
1144 0.04107748359087122
1145 0.04107747994123347
1146 0.04107747629573219
1147 0.04107747265441902
1148 0.04107746901738985
1149 0.04107746538434625
1150 0.04107746175535529
1151 0.04107745813004865
1152 0.04107745450858313
1153 0.04107745089088158
1154 0.04107744727693184
1155 0.04107744366640368
1156 0.04107744006229306
1157 0.04107743646327635
1158 0.04107743286852698
1159 0.04107742927736189
1160 0.04107742568948166
1161 0.04107742210447911
1162 0.04107741852240848
1163 0.04107741494308871
1164 0.04107741136648578
1165 0.04107740779274895
1166 0.0410774042222253
1167 0.04107740065389446
1168 0.04107739708909527
1169 0.0410773935280305
1170 0.04107738997130158
1171 0.04107738641906363
1172 0.0410773828714872
1173 0.04107737932828348
1174 0.04107737578971288
1175 0.04107737225642142
1176 0.04107736872750613
1177 0.04107736520230645
1178 0.04107736168088101
1179 0.04107735816256479
1180 0.04107735464695039
1181 0.04107735113234934
1182 0.04107734761917609
1183 0.04107734410757755
1184 0.04107734059842939
1185 0.0410773370922175
1186 0.04107733358981209
1187 0.04107733009141519
1188 0.0410773265971577
1189 0.04107732310675625
1190 0.04107731962022319
1191 0.04107731613431811
1192 0.04107731265088363
1193 0.04107730917060125
1194 0.04107730569407724
1195 0.04107730222122951
1196 0.04107729875220342
1197 0.04107729528823374
1198 0.04107729182864232
1199 0.04107728837322506
1200 0.04107728492339305
1201 0.04107728147833366
1202 0.04107727803761483
1203 0.04107727460048514
1204 0.04107727116633346
1205 0.04107726773425432
1206 0.04107726430464496
1207 0.04107726087751649
1208 0.04107725745312987
1209 0.04107725403131831
1210 0.04107725061234866
1211 0.04107724719611004
1212 0.04107724378289289
1213 0.04107724037271
1214 0.041077236965914
1215 0.04107723356261862
1216 0.04107723016285699
1217 0.0410772267663734
1218 0.04107722337314437
1219 0.04107721998303408
1220 0.04107721659624542
1221 0.04107721321263005
1222 0.04107720983209765
1223 0.0410772064542637
1224 0.04107720307959484
1225 0.04107719970806584
1226 0.04107719633992866
1227 0.04107719297510331
1228 0.04107718961385049
1229 0.04107718625605651
1230 0.04107718290172029
1231 0.04107717954992426
1232 0.04107717620092888
1233 0.04107717285448301
1234 0.04107716951084999
1235 0.0410771661697996
1236 0.04107716283165185
1237 0.0410771594960052
1238 0.04107715616364085
1239 0.04107715283483963
1240 0.04107714950976123
1241 0.04107714618815994
1242 0.04107714286969157
1243 0.04107713955357824
1244 0.04107713623995585
1245 0.04107713292876176
1246 0.04107712962065998
1247 0.04107712631542733
1248 0.04107712301351646
1249 0.04107711971484523
1250 0.04107711641938733
1251 0.04107711312665455
1252 0.04107710983654347
1253 0.04107710654906806
1254 0.0410771032644703
1255 0.04107709998262046
1256 0.04107709670373331
1257 0.04107709342766915
1258 0.04107709015493286
1259 0.04107708688534464
1260 0.0410770836189505
1261 0.04107708035552204
1262 0.04107707709496049
1263 0.0410770738369328
1264 0.04107707058180305
1265 0.04107706732943148
1266 0.04107706407995942
1267 0.04107706083312754
1268 0.04107705758928773
1269 0.04107705434816026
1270 0.04107705110982521
1271 0.04107704787441725
1272 0.04107704464188661
1273 0.04107704141280678
1274 0.0410770381873378
1275 0.04107703496511127
1276 0.04107703174620303
1277 0.04107702853008165
1278 0.04107702531664311
1279 0.0410770221051337
1280 0.0410770188956775
1281 0.04107701568895562
1282 0.04107701248509543
1283 0.04107700928382613
1284 0.04107700608508891
1285 0.04107700288880678
1286 0.04107699969504899
1287 0.04107699650379745
1288 0.04107699331539844
1289 0.04107699012969888
1290 0.04107698694710815
1291 0.04107698376751944
1292 0.04107698059062994
1293 0.04107697741614978
1294 0.04107697424415135
1295 0.04107697107471896
1296 0.04107696790806416
1297 0.04107696474384254
1298 0.04107696158239124
1299 0.0410769584237549
1300 0.04107695526804982
1301 0.04107695211508091
1302 0.0410769489649102
1303 0.04107694581737677
1304 0.04107694267281821
1305 0.04107693953121212
1306 0.04107693639229237
1307 0.04107693325553179
1308 0.04107693012102136
1309 0.04107692698882275
1310 0.04107692385908971
1311 0.04107692073191854
1312 0.04107691760757808
1313 0.0410769144859174
1314 0.04107691136699266
1315 0.04107690825054794
1316 0.04107690513630895
1317 0.04107690202426962
1318 0.04107689891458908
1319 0.04107689580725719
1320 0.04107689270242133
1321 0.04107688960005041
1322 0.0410768865003756
1323 0.04107688340308865
1324 0.04107688030836027
1325 0.04107687721591378
1326 0.04107687412597276
1327 0.04107687103835159
1328 0.04107686795274537
1329 0.04107686486912346
1330 0.04107686178860804
1331 0.04107685871081946
1332 0.04107685563564337
1333 0.0410768525627454
1334 0.04107684949233482
1335 0.04107684642414376
1336 0.04107684335814722
1337 0.0410768402941176
1338 0.04107683723215833
1339 0.041076834172226
1340 0.04107683111449538
1341 0.04107682805904029
1342 0.04107682500611808
1343 0.04107682195559487
1344 0.04107681890755921
1345 0.04107681586183778
1346 0.04107681281846061
1347 0.04107680977737738
1348 0.04107680673868126
1349 0.04107680370215605
1350 0.04107680066797979
1351 0.04107679763607163
1352 0.0410767946065116
1353 0.0410767915791739
1354 0.0410767885542056
1355 0.04107678553142362
1356 0.04107678251082429
1357 0.04107677949237979
1358 0.04107677647619288
1359 0.04107677346228121
1360 0.04107677045087425
1361 0.0410767674419419
1362 0.04107676443569143
1363 0.0410767614319426
1364 0.04107675843249972
1365 0.04107675543624818
1366 0.04107675244263539
1367 0.04107674944992398
1368 0.04107674645795582
1369 0.04107674346710766
1370 0.04107674047788656
1371 0.04107673749053679
1372 0.04107673450532087
1373 0.04107673152228671
1374 0.04107672854180425
1375 0.04107672556390583
1376 0.04107672258885312
1377 0.04107671961641561
1378 0.0410767166466803
1379 0.04107671367948796
1380 0.04107671071637201
1381 0.04107670775620044
1382 0.0410767047982929
1383 0.04107670184212509
1384 0.04107669888758361
1385 0.04107669593445017
1386 0.04107669298302037
1387 0.04107669003321757
1388 0.04107668708508638
1389 0.04107668413878934
1390 0.04107668119347042
1391 0.04107667824995102
1392 0.04107667531085808
1393 0.04107667237521045
1394 0.04107666944262879
1395 0.04107666651259283
1396 0.04107666358493213
1397 0.04107666065561311
1398 0.04107665772694057
1399 0.04107665479985071
1400 0.04107665187525875
1401 0.04107664895344643
1402 0.04107664603472948
1403 0.04107664311902887
1404 0.0410766402064371
1405 0.04107663729670998
1406 0.04107663438978465
1407 0.04107663148524424
1408 0.04107662858298781
1409 0.04107662568267567
1410 0.04107662278438618
1411 0.04107661988792854
1412 0.04107661699346066
1413 0.04107661410088272
1414 0.04107661121032685
1415 0.04107660832162217
1416 0.04107660543493299
1417 0.04107660254992675
1418 0.04107659966638243
1419 0.0410765967845645
1420 0.0410765939048585
1421 0.04107659102731342
1422 0.04107658815222102
1423 0.04107658527951316
1424 0.04107658240933085
1425 0.04107657954168108
1426 0.0410765766763949
1427 0.04107657381316356
1428 0.04107657095187364
1429 0.04107656809236818
1430 0.04107656523472084
1431 0.04107656237881532
1432 0.04107655952472604
1433 0.04107655667239516
1434 0.04107655382196326
1435 0.04107655097337035
1436 0.0410765481285482
1437 0.04107654528632097
1438 0.04107654244620246
1439 0.04107653960771264
1440 0.04107653676996978
1441 0.04107653393283132
1442 0.04107653109682519
1443 0.04107652826218556
1444 0.04107652543031123
1445 0.04107652260077503
1446 0.04107651977350975
1447 0.04107651694834754
1448 0.04107651412412595
1449 0.04107651130135877
1450 0.04107650848038842
1451 0.0410765056613492
1452 0.04107650284442774
1453 0.04107650002950522
1454 0.0410764972167145
1455 0.04107649440627326
1456 0.04107649159809328
1457 0.04107648879200837
1458 0.04107648598773479
1459 0.04107648318526697
1460 0.04107648038466669
1461 0.04107647758587169
1462 0.04107647478895296
1463 0.04107647199383943
1464 0.04107646920059147
1465 0.04107646640918432
1466 0.04107646361968889
1467 0.04107646083204058
1468 0.04107645804628519
1469 0.04107645526236775
1470 0.04107645248032031
1471 0.04107644970007
1472 0.04107644692165853
1473 0.04107644414503046
1474 0.04107644136991055
1475 0.04107643859663785
1476 0.04107643582516959
1477 0.04107643305543632
1478 0.04107643028753021
1479 0.04107642752142721
1480 0.04107642475722576
1481 0.04107642199482271
1482 0.04107641923426746
1483 0.04107641647547493
1484 0.04107641371850575
1485 0.04107641096325627
1486 0.04107640820978803
1487 0.04107640545800478
1488 0.04107640270798608
1489 0.04107639995967089
1490 0.04107639721312146
1491 0.04107639446857028
1492 0.04107639172590232
1493 0.04107638898488938
1494 0.04107638624552502
1495 0.0410763835077568
1496 0.04107638077166507
1497 0.04107637803717002
1498 0.04107637530437181
1499 0.0410763725725429
1500 0.04107636984222906
1501 0.04107636711396079
1502 0.04107636438780703
1503 0.04107636166360814
1504 0.04107635894050831
1505 0.0410763562188198
1506 0.04107635349879026
1507 0.04107635078117198
1508 0.04107634806529875
1509 0.04107634535118315
1510 0.04107634263880604
1511 0.04107633992820248
1512 0.04107633721942944
1513 0.04107633451235175
1514 0.04107633180703336
1515 0.04107632910330981
1516 0.04107632640123298
1517 0.04107632370071347
1518 0.04107632100186027
1519 0.0410763183046128
1520 0.0410763156090939
1521 0.04107631291522516
1522 0.04107631022306825
1523 0.04107630753268402
1524 0.04107630484390174
1525 0.04107630215672772
1526 0.04107629947134468
1527 0.04107629678757519
1528 0.04107629410548273
1529 0.0410762914249278
1530 0.04107628874598039
1531 0.04107628606852055
1532 0.0410762833926421
1533 0.04107628071826316
1534 0.04107627804627705
1535 0.04107627537612649
1536 0.04107627270766515
1537 0.041076270040636
1538 0.04107626737505492
1539 0.04107626471078334
1540 0.04107626204791159
1541 0.04107625938635879
1542 0.04107625672753879
1543 0.04107625407009566
1544 0.04107625141232574
1545 0.04107624875680062
1546 0.04107624610294912
1547 0.04107624344989296
1548 0.0410762407980588
1549 0.04107623814663759
1550 0.04107623549775037
1551 0.04107623285083417
1552 0.04107623020471628
1553 0.0410762275602786
1554 0.04107622491855275
1555 0.04107622227814163
1556 0.04107621963892092
1557 0.04107621700118905
1558 0.0410762143649339
1559 0.04107621173039717
1560 0.04107620909758856
1561 0.04107620646673303
1562 0.04107620383777965
1563 0.04107620121074424
1564 0.04107619858539708
1565 0.04107619596163715
1566 0.0410761933391962
1567 0.0410761907180158
1568 0.0410761880979479
1569 0.04107618547906959
1570 0.04107618286136065
1571 0.04107618024497687
1572 0.0410761776319499
1573 0.0410761750221526
1574 0.04107617241372332
1575 0.04107616980632314
1576 0.04107616720103394
1577 0.04107616459569251
1578 0.04107616198955245
1579 0.04107615938439706
1580 0.04107615677920657
1581 0.04107615417610501
1582 0.04107615157478511
1583 0.04107614897490536
1584 0.04107614637739924
1585 0.04107614378145264
1586 0.04107614118861489
1587 0.04107613859874148
1588 0.04107613601027326
1589 0.04107613342214804
1590 0.04107613083554953
1591 0.04107612825003437
1592 0.04107612566517448
1593 0.04107612308093028
1594 0.04107612049813215
1595 0.04107611791517073
1596 0.04107611533438964
1597 0.04107611275546134
1598 0.04107611017797887
1599 0.04107610760336416
1600 0.04107610503190231
1601 0.04107610246177369
1602 0.04107609989191564
1603 0.04107609732346019
1604 0.04107609475607103
1605 0.04107609218941773
1606 0.04107608962277699
1607 0.04107608705782541
1608 0.0410760844945941
1609 0.04107608193270509
1610 0.04107607937171049
1611 0.04107607681302741
1612 0.04107607425643724
1613 0.04107607170114693
1614 0.04107606914650467
1615 0.04107606659386159
1616 0.04107606404291584
1617 0.04107606149294865
1618 0.04107605894435069
1619 0.04107605639786494
1620 0.04107605385299719
1621 0.04107605130961206
1622 0.04107604876747353
1623 0.04107604622631042
1624 0.04107604368596496
1625 0.04107604114648098
1626 0.04107603860793997
1627 0.0410760360705107
1628 0.04107603353440257
1629 0.04107603099979414
1630 0.04107602846680038
1631 0.04107602593542877
1632 0.04107602340561163
1633 0.04107602087723135
1634 0.04107601835018786
1635 0.04107601582431811
1636 0.04107601329965119
1637 0.04107601077619558
1638 0.04107600825398882
1639 0.04107600573307359
1640 0.0410760032130848
1641 0.04107600069440297
1642 0.04107599817716547
1643 0.04107599566176989
1644 0.0410759931479075
1645 0.0410759906354219
1646 0.0410759881241951
1647 0.04107598561415293
1648 0.04107598310526443
1649 0.04107598059753121
1650 0.04107597809099194
1651 0.04107597558569144
1652 0.04107597308166287
1653 0.04107597057892641
1654 0.04107596807749883
1655 0.04107596557683484
1656 0.04107596307733488
1657 0.04107596057915774
1658 0.04107595808242548
1659 0.04107595558719631
1660 0.04107595309350801
1661 0.04107595060128709
1662 0.04107594811045144
1663 0.04107594562090246
1664 0.041075943132569
1665 0.04107594064535592
1666 0.04107593815928048
1667 0.0410759356743369
1668 0.04107593319055716
1669 0.0410759307079581
1670 0.04107592822626985
1671 0.04107592574571289
1672 0.04107592326639734
1673 0.04107592078839784
1674 0.04107591831175875
1675 0.04107591583647321
1676 0.04107591336252212
1677 0.04107591088969571
1678 0.0410759084181334
1679 0.04107590594778633
1680 0.0410759034786095
1681 0.04107590101056195
1682 0.04107589854364487
1683 0.04107589607785655
1684 0.04107589361322994
1685 0.04107589114977573
1686 0.04107588868752651
1687 0.04107588622648167
1688 0.04107588376663179
1689 0.04107588130796568
1690 0.04107587885046181
1691 0.04107587639409166
1692 0.04107587393885001
1693 0.04107587148472211
1694 0.04107586903169627
1695 0.04107586657976452
1696 0.04107586412887811
1697 0.04107586167918185
1698 0.04107585923066102
1699 0.04107585678331909
1700 0.04107585433716978
1701 0.04107585189221066
1702 0.04107584944842116
1703 0.04107584700574689
1704 0.04107584456414877
1705 0.04107584212361625
1706 0.04107583968415134
1707 0.04107583724575484
1708 0.04107583480844215
1709 0.0410758323722566
1710 0.04107582993721896
1711 0.04107582750330942
1712 0.04107582507049665
1713 0.04107582263873642
1714 0.04107582020802004
1715 0.041075817778351
1716 0.04107581534976128
1717 0.04107581292223682
1718 0.04107581049579846
1719 0.04107580807046807
1720 0.04107580564626531
1721 0.04107580322320473
1722 0.04107580080128347
1723 0.04107579838049367
1724 0.04107579596094441
1725 0.04107579354257312
1726 0.04107579112529352
1727 0.04107578870905639
1728 0.04107578629384793
1729 0.04107578387994523
1730 0.04107578146716086
1731 0.04107577905539807
1732 0.04107577664462946
1733 0.04107577423486899
1734 0.04107577182612982
1735 0.04107576941841973
1736 0.04107576701175156
1737 0.04107576460614593
1738 0.04107576220161904
1739 0.04107575979834548
1740 0.04107575739621028
1741 0.04107575499515289
1742 0.04107575259512316
1743 0.04107575019588692
1744 0.04107574779755555
1745 0.04107574540021628
1746 0.04107574300392799
1747 0.04107574060874429
1748 0.04107573821467871
1749 0.0410757358217362
1750 0.04107573342989893
1751 0.04107573103904877
1752 0.0410757286492095
1753 0.04107572626039342
1754 0.04107572387260314
1755 0.04107572148584448
1756 0.04107571910011781
1757 0.04107571671542035
1758 0.04107571433173775
1759 0.04107571194906062
1760 0.04107570956738459
1761 0.04107570718670796
1762 0.04107570480703585
1763 0.04107570242838218
1764 0.04107570005077015
1765 0.0410756976741786
1766 0.04107569529861797
1767 0.04107569292408893
1768 0.04107569055057757
1769 0.0410756881780452
1770 0.04107568580649966
1771 0.04107568343595137
1772 0.0410756810663965
1773 0.04107567869784461
1774 0.04107567633031934
1775 0.04107567396380571
1776 0.04107567159830867
1777 0.04107566923382457
1778 0.04107566687034703
1779 0.0410756645078638
1780 0.04107566214637161
1781 0.04107565978586373
1782 0.04107565742635041
1783 0.04107565506783736
1784 0.04107565271032374
1785 0.0410756503538045
1786 0.04107564799827904
1787 0.04107564564374139
1788 0.04107564329155764
1789 0.04107564094060846
1790 0.04107563859044285
1791 0.04107563624082778
1792 0.04107563389168296
1793 0.04107563154305161
1794 0.04107562919504633
1795 0.04107562684781758
1796 0.04107562450151167
1797 0.04107562215638448
1798 0.04107561981234903
1799 0.04107561746937984
1800 0.0410756151274711
1801 0.04107561278654668
1802 0.04107561044656318
1803 0.04107560810748041
1804 0.04107560576930202
1805 0.04107560343204233
1806 0.04107560109572556
1807 0.04107559876037728
1808 0.04107559642591721
1809 0.04107559409238627
1810 0.04107559175980795
1811 0.04107558942820095
1812 0.04107558709756771
1813 0.04107558476789646
1814 0.04107558243917452
1815 0.04107558011138972
1816 0.04107557778451854
1817 0.04107557545853868
1818 0.04107557313343758
1819 0.04107557080922297
1820 0.0410755684859188
1821 0.04107556616353999
1822 0.04107556384212734
1823 0.04107556152164133
1824 0.04107555920207708
1825 0.04107555688341875
1826 0.04107555456564591
1827 0.04107555224874283
1828 0.04107554993271385
1829 0.04107554761757243
1830 0.04107554530332265
1831 0.04107554298997509
1832 0.04107554067753066
1833 0.04107553836598781
1834 0.04107553605534882
1835 0.04107553374561263
1836 0.04107553143678142
1837 0.04107552912885216
1838 0.04107552682181402
1839 0.04107552451565637
1840 0.0410755222103705
1841 0.04107551990595228
1842 0.04107551760241175
1843 0.04107551529975228
1844 0.04107551299796459
1845 0.04107551069705288
1846 0.04107550839701182
1847 0.0410755060978449
1848 0.04107550379954147
1849 0.04107550150210772
1850 0.04107549920561175
1851 0.04107549691000528
1852 0.04107549461525909
1853 0.04107549232135516
1854 0.0410754900282737
1855 0.04107548773601703
1856 0.04107548544458421
1857 0.0410754831539857
1858 0.04107548086423377
1859 0.04107547857534305
1860 0.04107547628731043
1861 0.04107547400013607
1862 0.04107547171381154
1863 0.04107546942833477
1864 0.04107546714370391
1865 0.04107546485991193
1866 0.04107546257694704
1867 0.04107546029480707
1868 0.0410754580134936
1869 0.04107545573300526
1870 0.04107545345334881
1871 0.04107545117451052
1872 0.04107544889590994
1873 0.04107544661801427
1874 0.04107544434101482
1875 0.04107544206504795
1876 0.04107543979015186
1877 0.04107543751628365
1878 0.04107543524336443
1879 0.04107543297131305
1880 0.04107543070005507
1881 0.04107542842954883
1882 0.04107542616018409
1883 0.04107542389167134
1884 0.04107542162387288
1885 0.0410754193567043
1886 0.04107541709015222
1887 0.04107541482424708
1888 0.04107541255904273
1889 0.04107541029457517
1890 0.04107540803092619
1891 0.04107540576812675
1892 0.04107540350618066
1893 0.04107540124507467
1894 0.04107539898479741
1895 0.04107539672533451
1896 0.04107539446666051
1897 0.0410753922087651
1898 0.04107538995163289
1899 0.04107538769525734
1900 0.04107538543963701
1901 0.04107538318478558
1902 0.04107538093070413
1903 0.04107537867740203
1904 0.04107537642487424
1905 0.04107537417311844
1906 0.04107537192213254
1907 0.04107536967192054
1908 0.04107536742246653
1909 0.04107536517377705
1910 0.04107536292584468
1911 0.04107536067866614
1912 0.04107535843223824
1913 0.04107535618656623
1914 0.04107535394166013
1915 0.04107535169736262
1916 0.041075349453872
1917 0.0410753472112332
1918 0.04107534496941703
1919 0.04107534272838725
1920 0.04107534048810455
1921 0.04107533824855697
1922 0.04107533600955036
1923 0.04107533377119593
1924 0.04107533153374377
1925 0.0410753292971411
1926 0.04107532706138572
1927 0.04107532482643406
1928 0.04107532259223994
1929 0.0410753203587689
1930 0.04107531812600303
1931 0.04107531589393148
1932 0.04107531366256013
1933 0.04107531143190429
1934 0.04107530920199748
1935 0.04107530697281486
1936 0.04107530474437206
1937 0.04107530251667133
1938 0.04107530028955216
1939 0.04107529806311329
1940 0.0410752958374072
1941 0.041075293612459
1942 0.04107529138830128
1943 0.0410752891650186
1944 0.04107528694252388
1945 0.0410752847209641
1946 0.0410752825001096
1947 0.04107528027988087
1948 0.04107527806026658
1949 0.04107527584127651
1950 0.04107527362294455
1951 0.04107527140529275
1952 0.04107526918835497
1953 0.04107526697213746
1954 0.04107526475665624
1955 0.04107526254190161
1956 0.04107526032786978
1957 0.04107525811453383
1958 0.04107525590189144
1959 0.04107525368992977
1960 0.04107525147866328
1961 0.04107524926808957
1962 0.04107524705821906
1963 0.04107524484905042
1964 0.04107524264058779
1965 0.04107524043281448
1966 0.04107523822573845
1967 0.04107523601934979
1968 0.04107523381365155
1969 0.04107523160863519
1970 0.04107522940430587
1971 0.04107522720065556
1972 0.04107522499747394
1973 0.04107522279497116
1974 0.04107522059319765
1975 0.04107521839215712
1976 0.04107521619184323
1977 0.0410752139922573
1978 0.04107521179338837
1979 0.04107520959508761
1980 0.04107520739744473
1981 0.04107520520047459
1982 0.04107520300419412
1983 0.04107520080866436
1984 0.04107519861386701
1985 0.04107519641974916
1986 0.04107519422629726
1987 0.04107519203347799
1988 0.04107518984128514
1989 0.041075187649712
1990 0.04107518545878194
1991 0.04107518326850127
1992 0.04107518107889703
1993 0.04107517888997447
1994 0.04107517670174259
1995 0.04107517451418559
1996 0.04107517232730562
1997 0.04107517014141394
1998 0.04107516795628957
1999 0.04107516577177407
2000 0.04107516358776081
