"report-file-4"
"Iteration" "report-def-0"
("Iteration" "report-def-0")
1 145.652893738579
2 145.1127158280682
3 144.5534055442284
4 143.9402468820044
5 143.3016728377428
6 142.6480195592752
7 141.9935059648722
8 141.3244238744791
9 140.6402641525363
10 139.9627237847634
11 139.3009413888708
12 138.6490708253329
13 137.998260913621
14 137.3459668650308
15 136.6961815985268
16 136.05036404887
17 135.4093009679019
18 134.7701491811542
19 134.1345887760881
20 133.5021960018313
21 132.8703792573836
22 132.2410407908098
23 131.6146969917252
24 130.9918859735085
25 130.3731415214802
26 129.7586161272824
27 129.1468275682891
28 128.53817501455
29 127.9326913091447
30 127.3314420392626
31 126.7317061806536
32 126.1347116935228
33 125.5407147190626
34 124.9497482715276
35 124.361649434756
36 123.7761762777549
37 123.1949436626472
38 122.6167238343196
39 122.0410638581914
40 121.4672809425811
41 120.8964838434227
42 120.3303524925734
43 119.766308066978
44 119.2043071474692
45 118.6456674057127
46 118.0899873503233
47 117.5365384955813
48 116.9866686011208
49 116.4381870660563
50 115.8922606061025
51 115.3486465066223
52 114.8086556199484
53 114.2707509570681
54 113.7370105271657
55 113.2086366278014
56 112.6830790266385
57 112.1586788041308
58 111.6359336378469
59 111.1150766221428
60 110.5971049001131
61 110.0820490195731
62 109.5688062292801
63 109.0587673378072
64 108.5504258639134
65 108.0447996931759
66 107.542366110652
67 107.043169292595
68 106.5455177777279
69 106.0494017775896
70 105.5559572719293
71 105.0656138017322
72 104.5772380629334
73 104.0929765329032
74 103.6117068374396
75 103.1340558139219
76 102.658055565073
77 102.1840905028465
78 101.7127817555349
79 101.2430478245341
80 100.773742068966
81 100.3052623677219
82 99.83900602478364
83 99.3751813844092
84 98.91521375697887
85 98.45904425597568
86 98.00578404892688
87 97.55482216665435
88 97.10636500485467
89 96.65958258027449
90 96.21414291545119
91 95.77086915668447
92 95.32998352033874
93 94.89176990672981
94 94.45523544542407
95 94.02111840961813
96 93.58889387082714
97 93.15882880897006
98 92.73026613291994
99 92.30402882690566
100 91.88074281338224
101 91.46108734663183
102 91.04313709067046
103 90.62500651848754
104 90.20913214171138
105 89.79715615035278
106 89.38730628740053
107 88.97999477255962
108 88.57413558795417
109 88.16976182864684
110 87.76692984200571
111 87.36558522964626
112 86.9668826791503
113 86.56982810193171
114 86.17478351031266
115 85.78171864526746
116 85.39022986225076
117 85.00083518398468
118 84.61412359505908
119 84.22945562819318
120 83.84642365321142
121 83.46521820086203
122 83.08586970978094
123 82.70828481353078
124 82.33249922735421
125 81.95861724454387
126 81.58695706141172
127 81.21690918120028
128 80.84874238301703
129 80.48248211038835
130 80.11787456836639
131 79.75535646007188
132 79.39448392360671
133 79.03502309654513
134 78.67755391704162
135 78.32180494110091
136 77.9679708121443
137 77.61592043706499
138 77.26553155604294
139 76.91684569081438
140 76.56996735324705
141 76.22445212912817
142 75.88081833307932
143 75.53899289337113
144 75.19907220633793
145 74.86066354642422
146 74.52404686563156
147 74.18909185851452
148 73.85549567994255
149 73.52366774478014
150 73.19341308608986
151 72.86483895208431
152 72.53804178982625
153 72.21304847274293
154 71.8892089602415
155 71.56691082673882
156 71.24640598025044
157 70.9274574095729
158 70.61023886562947
159 70.2944264920372
160 69.98017758537092
161 69.66764941406484
162 69.35649169338316
163 69.04672742845192
164 68.7385656036392
165 68.43190873570092
166 68.12689281655676
167 67.82332585771283
168 67.52127093160476
169 67.22085822193127
170 66.92191285201139
171 66.62437181672631
172 66.32823409775794
173 66.03340174352687
174 65.73995073178509
175 65.44789114181698
176 65.1573962777837
177 64.86851058842075
178 64.58104070132103
179 64.29496227185373
180 64.01040686593254
181 63.72725257082185
182 63.44546083914967
183 63.16470620032796
184 62.88524560097336
185 62.60723433596026
186 62.3307685833543
187 62.05595201875958
188 61.78244846539206
189 61.51010117016001
190 61.238874643116
191 60.96905711299634
192 60.70055017561319
193 60.43334084335264
194 60.1675437762993
195 59.90300067314647
196 59.6397637047727
197 59.37777252127172
198 59.11709399400662
199 58.8577222418325
200 58.59956942829156
201 58.34276844185517
202 58.0871933505547
203 57.8328497815736
204 57.57972508041194
205 57.32793486448541
206 57.07733758843484
207 56.82784613275224
208 56.57956117577115
209 56.33249027868322
210 56.0866938401398
211 55.84216523893337
212 55.59877963397226
213 55.3564726901722
214 55.11529705390519
215 54.87559748382953
216 54.63690554320728
217 54.39935336943769
218 54.16295904518295
219 53.92759971096625
220 53.69353364202064
221 53.46061512613853
222 53.22876628639677
223 52.99817680243248
224 52.76855461518076
225 52.54016644307863
226 52.31283533847738
227 52.08659812608838
228 51.86145799605435
229 51.63724033689873
230 51.41407600188384
231 51.19215900353561
232 50.97138629927562
233 50.75159971527984
234 50.53279417507589
235 50.3150293747265
236 50.0984720938139
237 49.88299648072832
238 49.66854799010234
239 49.45506870641374
240 49.24287722837116
241 49.0315931296506
242 48.82116955678509
243 48.61175350759986
244 48.40336001630451
245 48.1960228631164
246 47.98966997775251
247 47.78436360869311
248 47.58001494187854
249 47.37662012898472
250 47.17429180026171
251 46.97290290385182
252 46.77238212350099
253 46.57289178872755
254 46.37426998795618
255 46.17664326309269
256 45.98000656519051
257 45.78435520483895
258 45.58972470386645
259 45.39605146889382
260 45.2033042581488
261 45.01143125807143
262 44.82042101261624
263 44.63031481263923
264 44.44110417756916
265 44.25287145083546
266 44.06552827132245
267 43.87909790843892
268 43.69359657680252
269 43.50896805123726
270 43.32515371547873
271 43.14222274948384
272 42.96020007090141
273 42.77908292629385
274 42.5987765151666
275 42.41928940678989
276 42.2406594574765
277 42.06289244292047
278 41.88609913741966
279 41.71013471258915
280 41.53504881392963
281 41.36077258725511
282 41.18729990025102
283 41.01464315166776
284 40.84286046467303
285 40.67189617802104
286 40.50173414926661
287 40.33249939753746
288 40.16400843443127
289 39.99622143320723
290 39.82922209067404
291 39.66299843929127
292 39.49754565506259
293 39.33294782308092
294 39.16914023649097
295 39.00613459918901
296 38.84391222487742
297 38.68246338080395
298 38.52176679818787
299 38.36183123409485
300 38.20263306541729
301 38.04421212998542
302 37.88656569515922
303 37.72967813565297
304 37.57352132405946
305 37.41810228213409
306 37.26340055606821
307 37.10956209440755
308 36.95623818521268
309 36.80377963312635
310 36.65206228749013
311 36.50107422585908
312 36.35075964282193
313 36.2012276804079
314 36.05236896748961
315 35.90418200435067
316 35.75669376500716
317 35.60982579666896
318 35.46368683890957
319 35.31821651664647
320 35.17347742308478
321 35.02941680263299
322 34.88604015903673
323 34.74336344405673
324 34.60135613403794
325 34.46001964766271
326 34.31938214064847
327 34.17939502100618
328 34.04009718652842
329 33.90141243523302
330 33.76337350293871
331 33.62598340884369
332 33.48923014042659
333 33.3531390503122
334 33.21770497782657
335 33.08290267100713
336 32.94877079780842
337 32.81530315911575
338 32.68242479312767
339 32.55016001724233
340 32.41850543650649
341 32.28747001538655
342 32.15704497733635
343 32.02728154066801
344 31.89813674515862
345 31.76958253463057
346 31.64158575939956
347 31.51416304515625
348 31.38733626299154
349 31.26111446923332
350 31.13550453058666
351 31.01053375401327
352 30.88609731081308
353 30.76229372490813
354 30.63903504749989
355 30.51634405148452
356 30.39423478649846
357 30.27272702279526
358 30.15179290343166
359 30.03139438835976
360 29.9115365556591
361 29.79222661167902
362 29.67347114984297
363 29.5553253423704
364 29.43774908710461
365 29.3206628322153
366 29.20415588638296
367 29.08819085594986
368 28.97274687411265
369 28.85784876206027
370 28.74354161700957
371 28.62972866643679
372 28.5164255000308
373 28.40364112183218
374 28.29138779948762
375 28.1796712641082
376 28.06848066371438
377 27.9578035088824
378 27.8476530513588
379 27.73803699603647
380 27.62891710295766
381 27.52027866361639
382 27.41213623768792
383 27.30449703231969
384 27.19735576958808
385 27.09071935349326
386 26.98458312067151
387 26.8789206141569
388 26.77379466743383
389 26.66915363871655
390 26.56498709089077
391 26.46129887906587
392 26.35809481626803
393 26.25534973795892
394 26.15306367310859
395 26.05126351083797
396 25.94995406536192
397 25.84911650849147
398 25.74872870828422
399 25.6488036671582
400 25.54934775761734
401 25.45032947271099
402 25.35178607225745
403 25.25368590263569
404 25.1560384095322
405 25.05885742885869
406 24.96212202333105
407 24.86582145276413
408 24.76997070290971
409 24.67457196675466
410 24.57961402009572
411 24.48509698621019
412 24.39101053734187
413 24.29734404383627
414 24.204106296343
415 24.11129101852871
416 24.0189050635253
417 23.92694561128816
418 23.8353985423139
419 23.74427341901663
420 23.65356618313562
421 23.56328182809101
422 23.47341447294276
423 23.38396930542521
424 23.29492189097491
425 23.206290146176
426 23.11806093665247
427 23.03022796397014
428 22.94279309943975
429 22.85577470298919
430 22.76913397014678
431 22.68288431435699
432 22.59709689970188
433 22.50988463531901
434 22.4262001117764
435 22.34070759031799
436 22.25792440888343
437 22.17284134048931
438 22.09060475015978
439 22.00622445242757
440 21.924693586525
441 21.84108986032355
442 21.76029492426735
443 21.67746176766565
444 21.59740586538741
445 21.51531589121737
446 21.43599390314652
447 21.35463287639815
448 21.27603182332125
449 21.19752208936507
450 21.11616546689955
451 21.03836493170646
452 20.96104714994765
453 20.88099700550491
454 20.80438442780674
455 20.72619317257258
456 20.65054227864566
457 20.57284989251754
458 20.49775364369349
459 20.4206957515678
460 20.3462422687648
461 20.26991461394696
462 20.19613453771155
463 20.12049817857601
464 20.04737869230222
465 19.97242563030004
466 19.89846197282584
467 19.82629010638339
468 19.75244453837051
469 19.68114367336146
470 19.60793391738183
471 19.53718346379627
472 19.46457929041114
473 19.39438489972326
474 19.32241893623528
475 19.25283633655068
476 19.18151187341315
477 19.11112447237818
478 19.04244216991424
479 18.97217921147424
480 18.90430546358487
481 18.83465002014029
482 18.76591452941062
483 18.6988134754346
484 18.6301176507254
485 18.56373911363379
486 18.49561970834326
487 18.42975238101041
488 18.36219805792459
489 18.29686833828981
490 18.22988183248339
491 18.16511499932125
492 18.0987289740068
493 18.03322645177882
494 17.96929332307628
495 17.90543035909166
496 17.83968958601846
497 17.77658699210928
498 17.71213167949488
499 17.64973822416735
500 17.58573230652957
501 17.52253780734665
502 17.46085273820444
503 17.39773951829727
504 17.336771370634
505 17.27417081426938
506 17.21369405312371
507 17.15159267105863
508 17.0903535901682
509 17.03058169947699
510 16.96937916450868
511 16.91028472981001
512 16.84959977517783
513 16.79096038180467
514 16.73078443210925
515 16.67141858219269
516 16.61346454844113
517 16.55413668027871
518 16.4968475631523
519 16.43800994235377
520 16.38116244965206
521 16.32281442141222
522 16.26525466142756
523 16.20905412694081
524 16.1515671102663
525 16.09600047727545
526 16.03898044853963
527 15.98271637643056
528 15.92777349394189
529 15.87153372902181
530 15.81608338162856
531 15.76194410873264
532 15.70646747258818
533 15.65283181848305
534 15.59777315423329
535 15.54452331812614
536 15.48991720238724
537 15.43602017467524
538 15.38340203298959
539 15.32958272439368
540 15.27651263719598
541 15.22468731799997
542 15.17160099254271
543 15.11922710035639
544 15.0680801496396
545 15.01568725767747
546 14.96397907155959
547 14.91248353379201
548 14.86229977400873
549 14.81089473509
550 14.76011905722509
551 14.71048170946012
552 14.65969143330704
553 14.61050950685745
554 14.56009494729821
555 14.51029675994514
556 14.46164381883683
557 14.41193868891793
558 14.3638112464133
559 14.31449714479622
560 14.2667217144024
561 14.21780022399364
562 14.17039794239115
563 14.1218871853583
564 14.07488702984634
565 14.02679404292643
566 13.98020220583979
567 13.93252429088641
568 13.88633512414617
569 13.83906376868838
570 13.79236346981162
571 13.74673760863834
572 13.70016501658272
573 13.65419004414834
574 13.6083936465936
575 13.56291618392258
576 13.51768517634846
577 13.47349655327456
578 13.42816335319266
579 13.38337793965376
580 13.33874203573483
581 13.29524709266832
582 13.25065245437227
583 13.2066324276583
584 13.16360811286475
585 13.11955182819607
586 13.07606738477787
587 13.03358346776309
588 12.99010359027319
589 12.94800158364627
590 12.90484494879288
591 12.86221084262024
592 12.82054348650176
593 12.7779948880419
594 12.73596992114964
595 12.69488834890334
596 12.65289987938923
597 12.6122043767442
598 12.57050592136384
599 12.52930190884448
600 12.48902435172868
601 12.44790292590018
602 12.40805984351263
603 12.36724565994441
604 12.3269177405457
605 12.28749306092584
606 12.24723723279644
607 12.20823324573366
608 12.16827110530937
609 12.12878909980302
610 12.09019559296421
611 12.05078097410719
612 12.01259513013225
613 11.97347175039403
614 11.93481784991018
615 11.89703075683064
616 11.85844437630819
617 11.82105413886539
618 11.78274754935141
619 11.74562377615409
620 11.70761657272983
621 11.67077827511705
622 11.63308150726204
623 11.59654048700706
624 11.55916314494141
625 11.5222222763407
626 11.48611428499607
627 11.44929033999425
628 11.41358056290992
629 11.37702482328978
630 11.34156391951173
631 11.30528486124228
632 11.27009047162706
633 11.23410845503654
634 11.1991986574389
635 11.16352112003685
636 11.12823953635343
637 11.09374195395608
638 11.05859541021122
639 11.02447725829922
640 10.98958133273872
641 10.95570023488082
642 10.92106144881805
643 10.88679830736289
644 10.85328704717365
645 10.81915077517598
646 10.78601099401227
647 10.75211251597064
648 10.71858209492579
649 10.68578196065342
650 10.65303954283864
651 10.61942629905078
652 10.58701721926629
653 10.55396872560044
654 10.52188838461002
655 10.48907379350141
656 10.45721459592963
657 10.42465603916011
658 10.39305198902834
659 10.36076363753888
660 10.32942175895474
661 10.29740010627189
662 10.26631712964114
663 10.23455456265592
664 10.20372792222742
665 10.17222411195432
666 10.14165306760758
667 10.11040325860423
668 10.08008526009705
669 10.04908198583353
670 10.01901794674545
671 9.988268389219931
672 9.9584473933336
673 9.927953508231964
674 9.898373347620337
675 9.868126265684948
676 9.838789282546426
677 9.808787783513113
678 9.779688198131815
679 9.749933267079074
680 9.721059622900162
681 9.691550731615186
682 9.662910347163397
683 9.633646969104975
684 9.605235406040254
685 9.576209698614917
686 9.548025032865393
687 9.519236613698327
688 9.491277139336507
689 9.462725270889507
690 9.43498911262038
691 9.406669446951229
692 9.379153351323271
693 9.351065472116336
694 9.323767401439939
695 9.296506180264894
696 9.268481132674246
697 9.241444831508852
698 9.213959629529466
699 9.187229639689527
700 9.159944434648148
701 9.133408670490246
702 9.106325801315666
703 9.079995098612429
704 9.053701946382656
705 9.026681007562402
706 9.000598225174492
707 8.974633013701887
708 8.947978166651064
709 8.922232328614683
710 8.896587276970296
711 8.870248460136665
712 8.844802911979532
713 8.819459154160864
714 8.793440513476309
715 8.768297757842394
716 8.742739260378984
717 8.717857921812199
718 8.692473191743471
719 8.667775848321593
720 8.642574531623419
721 8.618071582580546
722 8.593070510763894
723 8.568764125173429
724 8.543958938520765
725 8.51984573506156
726 8.495235330693768
727 8.471315217163852
728 8.446896568574541
729 8.423168463122593
730 8.398940513381326
731 8.375399374204065
732 8.35135993294079
733 8.328003673986657
734 8.30415503164706
735 8.280982768651787
736 8.257321391954545
737 8.234329725150765
738 8.210855379016348
739 8.188043907536033
740 8.164752552776891
741 8.142119211402317
742 8.119011057751646
743 8.096555539056299
744 8.073627328173574
745 8.051343824420291
746 8.028597799907134
747 8.006085838195814
748 7.984046622785461
749 7.961623093526774
750 7.939813258891186
751 7.917533983959561
752 7.895474351388625
753 7.873870303331315
754 7.851876356263836
755 7.830485324991838
756 7.808632602428777
757 7.786997215454722
758 7.765807110059723
759 7.744236790748046
760 7.723252437483929
761 7.70182104893695
762 7.680971364478276
763 7.659689631366694
764 7.638987861017093
765 7.617867208784946
766 7.597317260415835
767 7.576364046324539
768 7.555972533773577
769 7.535182142918913
770 7.51495027039832
771 7.494317328257149
772 7.47423922382072
773 7.453764038507481
774 7.433840871045606
775 7.413939027623691
776 7.393513275955999
777 7.373767636090464
778 7.354099458828773
779 7.333932165466442
780 7.314431506488424
781 7.294997144764265
782 7.275062854112153
783 7.255780014223422
784 7.236563702208161
785 7.216855241710344
786 7.197780190109148
787 7.178778348587055
788 7.159305322291059
789 7.140464594761101
790 7.121683926531918
791 7.102412806465218
792 7.083779789916024
793 7.065208199954493
794 7.046158025741074
795 7.027738543651362
796 7.009007488799248
797 6.990772364837247
798 6.972546406007046
799 6.953829039630579
800 6.935745756955987
801 6.917723238797588
802 6.899231144105545
803 6.881362625958115
804 6.863549958753173
805 6.845269672205242
806 6.827601577534252
807 6.809986928489773
808 6.791914542978014
809 6.774439614555884
810 6.757020307857163
811 6.739153032337687
812 6.721874215242032
813 6.704648023472581
814 6.686980401858627
815 6.669892074198087
816 6.652856938307693
817 6.635390195127997
818 6.61849067261179
819 6.601644098859091
820 6.584370066460362
821 6.567654741321843
822 6.550993089115637
823 6.533915505040612
824 6.51738362214104
825 6.500905362273441
826 6.484014487888122
827 6.467672721954197
828 6.451374588810268
829 6.434670655793091
830 6.418500824176964
831 6.402069577544248
832 6.386054889224592
833 6.369729543472367
834 6.353824140959427
835 6.337610979333141
836 6.321820369130696
837 6.305728645512087
838 6.290051126728977
839 6.27407619203392
840 6.258513790676123
841 6.242657300224228
842 6.227208859809963
843 6.211468171351398
844 6.196132263006898
845 6.180507219529815
846 6.165285095857413
847 6.149771277644931
848 6.134660669057655
849 6.119259273128231
850 6.104257577226062
851 6.088970178113356
852 6.074076433210191
853 6.058900138761075
854 6.044113818445872
855 6.029046814573902
856 6.014367090101668
857 5.999408778676639
858 5.984833753224168
859 5.969983583873853
860 5.955514245115882
861 5.940771363458207
862 5.926405278501845
863 5.911768208891264
864 5.897502939144585
865 5.882973059830607
866 5.868810407888354
867 5.854384368097413
868 5.840321642531825
869 5.826002285361934
870 5.812037242929975
871 5.797821933583474
872 5.783953584637437
873 5.769842904141946
874 5.756072498987693
875 5.742061483370136
876 5.728386899742226
877 5.714478467866088
878 5.700901127282576
879 5.687091781426317
880 5.673608758721167
881 5.659898122942327
882 5.646508899642516
883 5.632896560153988
884 5.61960366602626
885 5.606086448345692
886 5.592880824849642
887 5.579463551882875
888 5.566352313252746
889 5.553030291620999
890 5.54001098114412
891 5.52677891502941
892 5.51384521477406
893 5.500709263549627
894 5.487868857398633
895 5.474827419482247
896 5.462077897102912
897 5.44912866850101
898 5.436468539803835
899 5.42360885265238
900 5.411036678924911
901 5.398267530389196
902 5.385784847821943
903 5.373106152957503
904 5.360711383103895
905 5.348121964969442
906 5.335816074944109
907 5.323309401798022
908 5.311086092103507
909 5.298664953304213
910 5.286526504452775
911 5.274191535051346
912 5.26213733537596
913 5.249887394942089
914 5.237915219932894
915 5.225751207448579
916 5.213861573007641
917 5.201781565370358
918 5.189971562908173
919 5.177974769840801
920 5.166247710391844
921 5.154333224697689
922 5.142686987823473
923 5.130853792149852
924 5.119287513006479
925 5.107535469686024
926 5.09604852228234
927 5.084573803973401
928 5.072857691794316
929 5.061470187043374
930 5.050114197060807
931 5.038525586275168
932 5.027261181821394
933 5.01602601091454
934 5.004554647746924
935 4.993404290180015
936 4.982092906353643
937 4.971034375722427
938 4.959794414174403
939 4.948807193776961
940 4.937638434466059
941 4.926725343144269
942 4.915631346579062
943 4.904791351920463
944 4.893773237466864
945 4.883007642857628
946 4.872063726536386
947 4.861370412862595
948 4.85050066639658
949 4.839880259906024
950 4.829082093338708
951 4.818532786080935
952 4.807807300053279
953 4.797329424701541
954 4.786675152934173
955 4.776267967067223
956 4.765683410441549
957 4.755345074726745
958 4.744831065365085
959 4.734560131765466
960 4.724116466439575
961 4.713913628565265
962 4.703540004052289
963 4.693403524236913
964 4.683100212283098
965 4.673031398378616
966 4.662796663853188
967 4.652793777000245
968 4.642626859870328
969 4.632688570251214
970 4.622588736016989
971 4.612715229342387
972 4.602682028625338
973 4.592872778684219
974 4.582905464808849
975 4.573160676291927
976 4.563260137740879
977 4.553580107102006
978 4.543744569021795
979 4.534126999815914
980 4.524355591254201
981 4.514799876179328
982 4.505092115658639
983 4.495598173329937
984 4.485954405198418
985 4.476521934779927
986 4.466940595099726
987 4.457568925471196
988 4.448050793725015
989 4.438741305995374
990 4.429285627580376
991 4.420036598447455
992 4.410641993057539
993 4.401321192485822
994 4.392163391943184
995 4.38286796321135
996 4.373782653327355
997 4.364547410319809
998 4.355384482906349
999 4.346378364422017
1000 4.33722850446255
1001 4.328161783725226
1002 4.319129355545474
1003 4.310141835712224
1004 4.301190278379279
1005 4.292267324016478
1006 4.283373076499322
1007 4.274506248685846
1008 4.26566739257311
1009 4.256856932353785
1010 4.248074858979773
1011 4.239320323463245
1012 4.230593594154095
1013 4.22189446184063
1014 4.213222659343662
1015 4.204578319263623
1016 4.195961525973148
1017 4.187372265237587
1018 4.178810289741078
1019 4.170275595411022
1020 4.161768459252817
1021 4.153288631320746
1022 4.144835835189396
1023 4.136410360251422
1024 4.128011319099621
1025 4.119637843055102
1026 4.111290194886215
1027 4.102968775439308
1028 4.094673816039706
1029 4.086404955895251
1030 4.078161461749318
1031 4.069943387569904
1032 4.061751766308066
1033 4.053585067324771
1034 4.045443610077465
1035 4.037327832680283
1036 4.029236002495848
1037 4.021170756876541
1038 4.013131697523803
1039 4.005118378812106
1040 3.997129775339662
1041 3.989166353758668
1042 3.981227201876122
1043 3.973311683407561
1044 3.965420388470139
1045 3.957553509801428
1046 3.949711327993256
1047 3.941893371504902
1048 3.934099139861215
1049 3.926328940974103
1050 3.918582688491892
1051 3.910860542160292
1052 3.903162113906635
1053 3.895487646058646
1054 3.887837205333928
1055 3.88021116837034
1056 3.872607873688376
1057 3.865027491113933
1058 3.857469970047013
1059 3.849937501543971
1060 3.842427620855314
1061 3.834939948779481
1062 3.827474967269162
1063 3.820033379588837
1064 3.81261391344882
1065 3.805216469238419
1066 3.797840792759452
1067 3.790487407829451
1068 3.783155903384595
1069 3.775846269651089
1070 3.768559328669385
1071 3.761294999220171
1072 3.754052648326234
1073 3.74683251416221
1074 3.739634519547082
1075 3.732457653459314
1076 3.725302031661598
1077 3.718168088681711
1078 3.711055759672491
1079 3.703964879978829
1080 3.696895382053189
1081 3.689847324699782
1082 3.68282058725456
1083 3.675814791162112
1084 3.66883016355143
1085 3.661866045467912
1086 3.654923265190304
1087 3.648001028338522
1088 3.641099505408293
1089 3.63421772320889
1090 3.627356325631322
1091 3.620515282914802
1092 3.613694453216595
1093 3.606893303354419
1094 3.600112483597293
1095 3.593351363140806
1096 3.586610410474043
1097 3.579889282975632
1098 3.573188071864123
1099 3.566506533513264
1100 3.559844282621866
1101 3.553201113795756
1102 3.546577433485349
1103 3.539973306953782
1104 3.533388688621987
1105 3.526824193527274
1106 3.520279838274217
1107 3.513755285775193
1108 3.507249498600367
1109 3.500762463675756
1110 3.494293156997775
1111 3.487843124042586
1112 3.481411766339932
1113 3.474999427935282
1114 3.468605560047771
1115 3.462230809746039
1116 3.455874583516425
1117 3.449536772886363
1118 3.443216954083174
1119 3.436915705093808
1120 3.430632484826813
1121 3.424367801027201
1122 3.418121004351255
1123 3.411892424916758
1124 3.405680015434594
1125 3.399485924366804
1126 3.393309790567757
1127 3.387151623678389
1128 3.381011144899304
1129 3.374888612945243
1130 3.368783289987999
1131 3.362695536733619
1132 3.356625054063699
1133 3.350572476183549
1134 3.34453727327262
1135 3.338519610179093
1136 3.332518721695867
1137 3.326534827004381
1138 3.320567778108045
1139 3.314618027847442
1140 3.308685121652761
1141 3.302769502358661
1142 3.296870557273625
1143 3.290988587052595
1144 3.285122935294291
1145 3.27927387914179
1146 3.273440947972981
1147 3.267624937880923
1148 3.261825391905952
1149 3.256042723888594
1150 3.250276031254663
1151 3.244525589030093
1152 3.238790978965496
1153 3.23307264135273
1154 3.227370006903922
1155 3.221683736308652
1156 3.216013469889677
1157 3.210359201370469
1158 3.204720382336754
1159 3.199097579302533
1160 3.193490277662443
1161 3.187898556258393
1162 3.182321871084492
1163 3.176761163569877
1164 3.1712156209933
1165 3.165685734236429
1166 3.160171127166094
1167 3.154672193325064
1168 3.149188191968791
1169 3.143719519889532
1170 3.138265689210333
1171 3.132827172032554
1172 3.127403505543743
1173 3.121995054044095
1174 3.116601142282818
1175 3.111222218561903
1176 3.105857667702915
1177 3.100507850672574
1178 3.095172848898268
1179 3.089852582607824
1180 3.084546897240296
1181 3.079254380307794
1182 3.073976499087191
1183 3.068713317468475
1184 3.063464741272876
1185 3.058230196428502
1186 3.053009957948919
1187 3.047803831639764
1188 3.042612752656552
1189 3.037435250861582
1190 3.032271783645382
1191 3.02712184699333
1192 3.021986166394338
1193 3.016864544208448
1194 3.011757476523817
1195 3.006663306975719
1196 3.001582898709132
1197 2.99651599345952
1198 2.991462946976363
1199 2.98642326586969
1200 2.981397694380839
1201 2.976385180731448
1202 2.971386321660145
1203 2.966400043189074
1204 2.9614273438839
1205 2.956468306534483
1206 2.951519303016075
1207 2.946584925188717
1208 2.941664723221321
1209 2.936757442697533
1210 2.931863520805227
1211 2.926982388462277
1212 2.922114475448374
1213 2.917259356677572
1214 2.912417551527415
1215 2.907588738315038
1216 2.902773622656595
1217 2.897972386202605
1218 2.893184764988267
1219 2.888409710480913
1220 2.88364707504449
1221 2.878896383966173
1222 2.874158057240176
1223 2.869431809012319
1224 2.86471781212491
1225 2.860015308297979
1226 2.855325496935796
1227 2.850648039748211
1228 2.845982975358814
1229 2.841329834373574
1230 2.836688804046694
1231 2.832059588538654
1232 2.827442775805137
1233 2.822838614075236
1234 2.818246463783646
1235 2.813666208364516
1236 2.809097722434454
1237 2.804541108948789
1238 2.799996083386723
1239 2.795462703873484
1240 2.79094126219132
1241 2.786431168162402
1242 2.78193287004115
1243 2.777446396614685
1244 2.772971511364898
1245 2.768508291641333
1246 2.764056502335467
1247 2.759616532725901
1248 2.75518809048837
1249 2.750771216496168
1250 2.746365585868825
1251 2.741971489463398
1252 2.737588806076377
1253 2.733217413854972
1254 2.728856844523154
1255 2.724507301528124
1256 2.720168657714218
1257 2.715841423543741
1258 2.711525253914191
1259 2.707220003536179
1260 2.702924772166368
1261 2.698640683471931
1262 2.694367323157792
1263 2.690105503948151
1264 2.685854388322244
1265 2.681614637497503
1266 2.677385175544174
1267 2.673166457781205
1268 2.668958010209959
1269 2.664760248246925
1270 2.660572339855801
1271 2.656395454945511
1272 2.652228554709528
1273 2.648072558745399
1274 2.643926795961809
1275 2.639792503268255
1276 2.635668468455682
1277 2.631555579768903
1278 2.627452299644053
1279 2.623360172543312
1280 2.61927726189056
1281 2.61520477067313
1282 2.611142571687838
1283 2.607090729262319
1284 2.603048486433481
1285 2.599016429124249
1286 2.594993753076097
1287 2.590981238501306
1288 2.586978113828865
1289 2.58298525863157
1290 2.579001862978936
1291 2.575028659934095
1292 2.571064819019885
1293 2.567111477514127
1294 2.563167766520712
1295 2.559234137975861
1296 2.555309873638001
1297 2.551395502176999
1298 2.547490678960756
1299 2.54359580556506
1300 2.539709930491705
1301 2.535833945431269
1302 2.531967095817878
1303 2.528110231819555
1304 2.524262314687371
1305 2.520423979737441
1306 2.516594647030998
1307 2.512774955280362
1308 2.508964223181777
1309 2.505163103331564
1310 2.501370834800409
1311 2.497587961006229
1312 2.493813514018997
1313 2.490048304527553
1314 2.486291676628674
1315 2.482544714120946
1316 2.478806621696893
1317 2.475077981815878
1318 2.471358023382536
1319 2.467647353731371
1320 2.463945247806102
1321 2.460252433132429
1322 2.456568221365139
1323 2.452893440591956
1324 2.449227110740731
1325 2.445570164727727
1326 2.441921482077777
1327 2.438282003799468
1328 2.434649829445041
1329 2.431027585553601
1330 2.427413580006662
1331 2.423808642531148
1332 2.420211569631031
1333 2.416623709519298
1334 2.413043715306298
1335 2.409472784099246
1336 2.405909662370511
1337 2.40235560068884
1338 2.398809366377417
1339 2.395272125678769
1340 2.391742710587608
1341 2.388222119449873
1342 2.384709429061881
1343 2.381205592039993
1344 2.377709647384502
1345 2.374222033265152
1346 2.370742142316642
1347 2.367270831143227
1348 2.363807360463808
1349 2.360352036103068
1350 2.356904550341189
1351 2.353465466471529
1352 2.350034476628434
1353 2.346611940537552
1354 2.343197252210033
1355 2.339790638164504
1356 2.336391890306899
1357 2.333000872188394
1358 2.3296176070646
1359 2.326242278338072
1360 2.322874901852281
1361 2.319515430067166
1362 2.316163733527021
1363 2.312819407463766
1364 2.309482020660883
1365 2.306153064584536
1366 2.302832273095885
1367 2.29951928306052
1368 2.296214957187146
1369 2.292917790584276
1370 2.289627723929996
1371 2.28634497734601
1372 2.283069593347671
1373 2.279801714202027
1374 2.276541311273172
1375 2.273288403647003
1376 2.270042940342155
1377 2.266804875977847
1378 2.263574083746873
1379 2.260350803995309
1380 2.257135064164872
1381 2.253927029378729
1382 2.250726003545588
1383 2.247532115234913
1384 2.244345340826491
1385 2.241165959859271
1386 2.237993890714561
1387 2.234829111884804
1388 2.231671076953701
1389 2.228520311693956
1390 2.225376803991665
1391 2.22224054272032
1392 2.21911116323206
1393 2.2159888772028
1394 2.212873434677558
1395 2.209765125608161
1396 2.206663646722461
1397 2.203569383598547
1398 2.200481902835342
1399 2.197401436816523
1400 2.194327675052729
1401 2.19126128323735
1402 2.188201764123066
1403 2.185149191546867
1404 2.182103212149634
1405 2.179064078221168
1406 2.176031421253394
1407 2.173006243469081
1408 2.169987416127213
1409 2.166975118738787
1410 2.163969204221752
1411 2.16097011836636
1412 2.157977617292933
1413 2.154991964846142
1414 2.152012792681974
1415 2.149040391207728
1416 2.146074417171761
1417 2.14311525509655
1418 2.140162392069593
1419 2.137216117579448
1420 2.134276117115602
1421 2.131342700204611
1422 2.128415521497764
1423 2.125494995570538
1424 2.122580911949575
1425 2.119673647952182
1426 2.116772879133018
1427 2.113878254806266
1428 2.110989629359043
1429 2.108107085825432
1430 2.105230733871504
1431 2.102360676111103
1432 2.099496885799309
1433 2.096639639205267
1434 2.093788897218344
1435 2.090944147156947
1436 2.088105145234859
1437 2.085272591870587
1438 2.082446080428904
1439 2.079626067214824
1440 2.076811987602004
1441 2.074003578416694
1442 2.071201520441146
1443 2.068405808179547
1444 2.065616067539647
1445 2.062832539733722
1446 2.060054843152749
1447 2.057283260616237
1448 2.054517495273145
1449 2.05175777531158
1450 2.049003777557717
1451 2.04625583898055
1452 2.043513591649356
1453 2.040777401612861
1454 2.038046911743439
1455 2.035322487146864
1456 2.03260359726148
1457 2.029890647888096
1458 2.027183130131439
1459 2.02448165881613
1460 2.021785766565873
1461 2.019095760620198
1462 2.016411382189271
1463 2.013732830513474
1464 2.011059798492501
1465 2.008392569946638
1466 2.005730869357987
1467 2.003074925755324
1468 2.000424515480493
1469 1.99777979783084
1470 1.995140562285572
1471 1.99250696887668
1472 1.989878908800315
1473 1.987256396250596
1474 1.984639290770815
1475 1.982028544338964
1476 1.979422732799592
1477 1.97682207371103
1478 1.974226817246251
1479 1.97163702853793
1480 1.969052730239205
1481 1.966473848287736
1482 1.963900389006701
1483 1.961332269791123
1484 1.958769575044184
1485 1.956212123105866
1486 1.953660062390681
1487 1.951113182878011
1488 1.948571650090684
1489 1.946035284898743
1490 1.943504234017576
1491 1.9409785991249
1492 1.938458106291388
1493 1.935942564736626
1494 1.933432295668342
1495 1.930927144618779
1496 1.928427312627478
1497 1.92593257176172
1498 1.92344307492243
1499 1.920958560866791
1500 1.918479019238932
1501 1.916004310731292
1502 1.91353472966136
1503 1.911070424200948
1504 1.908611100195878
1505 1.906157047342873
1506 1.903708091846195
1507 1.901264104466145
1508 1.89882497192754
1509 1.896390701914507
1510 1.893961302772451
1511 1.891537029613107
1512 1.889117855820741
1513 1.886703597376508
1514 1.88429432612243
1515 1.881889871528062
1516 1.879490299309057
1517 1.877095528719636
1518 1.874705632916548
1519 1.872320708088834
1520 1.869940506923825
1521 1.867564953129635
1522 1.865194330382797
1523 1.862828125729959
1524 1.86046701113595
1525 1.858110326617695
1526 1.855758512159375
1527 1.853411461275529
1528 1.851069251589272
1529 1.848731700486212
1530 1.84639895465094
1531 1.844070792469518
1532 1.841747398798513
1533 1.8394285855635
1534 1.837114381694289
1535 1.834804698514474
1536 1.832499890866749
1537 1.830199570421781
1538 1.827903947797894
1539 1.825612715448839
1540 1.823326159915385
1541 1.821033037268965
1542 1.818756922666679
1543 1.816489090680887
1544 1.814212858977933
1545 1.811943067986373
1546 1.809690127698001
1547 1.807430695154322
1548 1.805186841025084
1549 1.802936707334397
1550 1.800691313392587
1551 1.798460021085227
1552 1.796231953304021
1553 1.793997092397108
1554 1.791776213217798
1555 1.789561795833887
1556 1.787349052404895
1557 1.785139761661649
1558 1.782933863225517
1559 1.780731458252421
1560 1.77853347998391
1561 1.776339510823615
1562 1.774150006309367
1563 1.771964633634206
1564 1.769783700334919
1565 1.767606945745492
1566 1.765434539856171
1567 1.763266209331166
1568 1.761102268619115
1569 1.758942381201127
1570 1.756786859105578
1571 1.754635370261448
1572 1.752477632784216
1573 1.750335773542649
1574 1.748201152218351
1575 1.746059271478539
1576 1.743923636919032
1577 1.741803642826549
1578 1.739676679566031
1579 1.737564701656415
1580 1.735446436591538
1581 1.733332976185649
1582 1.731232827204415
1583 1.729126690025588
1584 1.727034323786657
1585 1.724936361564271
1586 1.722842917379415
1587 1.72075414019024
1588 1.718679993911103
1589 1.71659736339674
1590 1.71452252645783
1591 1.712450570455033
1592 1.710391993324656
1593 1.708325441768411
1594 1.706273311605905
1595 1.70421529288669
1596 1.702161566448045
1597 1.700120511971738
1598 1.698073939973243
1599 1.696033384400255
1600 1.693996256074923
1601 1.691972579507774
1602 1.689940980027141
1603 1.68791641974505
1604 1.68589504713224
1605 1.683886654872809
1606 1.681870109385554
1607 1.679860811474738
1608 1.677854680516426
1609 1.675861357057221
1610 1.673859966156194
1611 1.671865746115048
1612 1.669874669394405
1613 1.667896298161172
1614 1.665909693258746
1615 1.663930358483154
1616 1.661954334839997
1617 1.659990988035749
1618 1.658018759974528
1619 1.656054290977577
1620 1.654092984058311
1621 1.652135792600771
1622 1.650182761503447
1623 1.648233706384862
1624 1.646288447039153
1625 1.644346974204419
1626 1.642409134568336
1627 1.640474855234979
1628 1.638544064644398
1629 1.63661678429191
1630 1.634693071130692
1631 1.632772927849747
1632 1.630856356413713
1633 1.628943346037661
1634 1.627033868326687
1635 1.62512785029226
1636 1.623225418396409
1637 1.62132650498429
1638 1.61943108298496
1639 1.617539143445352
1640 1.615650669304034
1641 1.613765667823261
1642 1.611884131414614
1643 1.610006112484315
1644 1.608131476434371
1645 1.606260260920669
1646 1.604392469053934
1647 1.602528097610065
1648 1.600667128835291
1649 1.598809562534378
1650 1.596955378662617
1651 1.595104568603332
1652 1.593257117282069
1653 1.591413032877084
1654 1.589572292663282
1655 1.587734831492663
1656 1.585900760279282
1657 1.584070036490884
1658 1.582242602785309
1659 1.580418596360343
1660 1.578597814781881
1661 1.576780323536641
1662 1.574966074774852
1663 1.573155134105575
1664 1.571347427968256
1665 1.569543019940854
1666 1.567741827642525
1667 1.56594390847961
1668 1.564149186043262
1669 1.562357722599888
1670 1.560569564310093
1671 1.558784489021609
1672 1.557002629174864
1673 1.555223981890175
1674 1.553448500333899
1675 1.551676205211333
1676 1.549907072591182
1677 1.548140786845589
1678 1.546377916461655
1679 1.54461824223046
1680 1.542861704837126
1681 1.541108291327852
1682 1.539358000592596
1683 1.537610810700184
1684 1.535866729015356
1685 1.534125733039161
1686 1.532387836936713
1687 1.530653007929993
1688 1.528921268940523
1689 1.527192580344702
1690 1.52546697834538
1691 1.523744413528483
1692 1.522024937472908
1693 1.520308490473514
1694 1.518595163819476
1695 1.516884850253175
1696 1.515177591777442
1697 1.513473125768519
1698 1.511771699007398
1699 1.510073192439241
1700 1.508377680114863
1701 1.506685101186482
1702 1.504995527362633
1703 1.50330890584761
1704 1.501625283862532
1705 1.499944594078894
1706 1.498266876910386
1707 1.496592069869973
1708 1.494920217425804
1709 1.493251215031283
1710 1.491585200831442
1711 1.489922059394118
1712 1.48826187223346
1713 1.486604519783998
1714 1.484950094354479
1715 1.483298466617638
1716 1.481649842443503
1717 1.480003967976072
1718 1.478360966368644
1719 1.476720789546895
1720 1.475083470825681
1721 1.473448936690342
1722 1.471817231664079
1723 1.470188314650183
1724 1.468561995900843
1725 1.466938735380406
1726 1.46531835837988
1727 1.463700701814592
1728 1.462085805382586
1729 1.460473705020884
1730 1.45886439335845
1731 1.457257821748624
1732 1.455654024168426
1733 1.454052936290684
1734 1.452454620177547
1735 1.450859029718074
1736 1.449266197015779
1737 1.44767605416543
1738 1.446088653101826
1739 1.444503934360596
1740 1.442921939783134
1741 1.441342619552984
1742 1.439766001034314
1743 1.438192045214968
1744 1.436620790754928
1745 1.435052205102716
1746 1.433486277924911
1747 1.431923018001166
1748 1.430362397637199
1749 1.428804427178941
1750 1.427249086964528
1751 1.425696392576678
1752 1.424146313071538
1753 1.4225988633827
1754 1.421054003612334
1755 1.419511768736927
1756 1.417972113279033
1757 1.416435074227404
1758 1.414900603056142
1759 1.413368742361797
1760 1.411839429466042
1761 1.410312724227681
1762 1.408788561959982
1763 1.407266994450986
1764 1.405747929692992
1765 1.404231446391491
1766 1.402717463185922
1767 1.401206063147838
1768 1.399697155475324
1769 1.398190851548633
1770 1.396686976548798
1771 1.395185656975875
1772 1.39368686156412
1773 1.39219053124901
1774 1.390696659883596
1775 1.389205311676204
1776 1.387716407389185
1777 1.386230018658173
1778 1.384746069413004
1779 1.383264612766656
1780 1.38178557349339
1781 1.380309007760673
1782 1.378834863485549
1783 1.377363192120246
1784 1.375893926382376
1785 1.374427108580668
1786 1.372962689701945
1787 1.371500703962509
1788 1.37004112626023
1789 1.368583938074524
1790 1.367129170068744
1791 1.365676812125879
1792 1.36422681276983
1793 1.362779215028035
1794 1.361333987937299
1795 1.359891150246526
1796 1.358450652243866
1797 1.35701254959114
1798 1.355576768189507
1799 1.354143374822113
1800 1.352712310241951
1801 1.351283620988334
1802 1.349857302972705
1803 1.348433256745595
1804 1.34701151462955
1805 1.345592106337629
1806 1.344175004078277
1807 1.342760239818342
1808 1.341347765060923
1809 1.339937603806436
1810 1.338529709504697
1811 1.337124124581086
1812 1.335720787314918
1813 1.334319739088797
1814 1.332920939272465
1815 1.331524432492324
1816 1.330130171545389
1817 1.328738198648925
1818 1.327348473774828
1819 1.325961007806015
1820 1.324575755028213
1821 1.323192748731591
1822 1.321811779878623
1823 1.320433172698124
1824 1.31905681656445
1825 1.317682684689303
1826 1.316310766831081
1827 1.314941057554742
1828 1.313573540642221
1829 1.312208219189257
1830 1.310845097251789
1831 1.309484188973302
1832 1.308125472094619
1833 1.306768924340706
1834 1.305414519397198
1835 1.304062265378246
1836 1.302712169616613
1837 1.301364233030426
1838 1.300018446248768
1839 1.298674791661056
1840 1.297333266958042
1841 1.295993869981606
1842 1.294656606676732
1843 1.293321466161089
1844 1.291988445702985
1845 1.290657539208377
1846 1.289328752518525
1847 1.288002079630354
1848 1.286677505408592
1849 1.285355042170479
1850 1.284034656389946
1851 1.282716369014455
1852 1.281400149426871
1853 1.280086019562179
1854 1.278773956779455
1855 1.277463976238981
1856 1.276156046565013
1857 1.274850181133178
1858 1.273546358799321
1859 1.272244598523439
1860 1.270944871108802
1861 1.269647197613261
1862 1.268351553936724
1863 1.2670579532804
1864 1.265766369692748
1865 1.264476819715445
1866 1.263189274739523
1867 1.26190375217867
1868 1.260620226951839
1869 1.259338717163018
1870 1.258059209182288
1871 1.25678171656199
1872 1.255506253011955
1873 1.254232695937825
1874 1.252961106855458
1875 1.251691528417069
1876 1.250423922496072
1877 1.249158321428512
1878 1.247894665613359
1879 1.24663298500834
1880 1.245373236404214
1881 1.244115456510817
1882 1.242859588003365
1883 1.241605690801425
1884 1.240353719290657
1885 1.239103726173529
1886 1.237855650936987
1887 1.236609526392828
1888 1.235365284372698
1889 1.234122986778641
1890 1.232882574262246
1891 1.231644105559881
1892 1.230407513814686
1893 1.229172860541832
1894 1.227940072783511
1895 1.226709213695291
1896 1.225480206806748
1897 1.224253116285086
1898 1.223027877798228
1899 1.221804544769497
1900 1.220583053508556
1901 1.219363457670915
1902 1.218145697883215
1903 1.216929842269722
1904 1.215715796175846
1905 1.214503627437234
1906 1.213293287171787
1907 1.212084823778849
1908 1.210878171766627
1909 1.209673386181032
1910 1.208470407864469
1911 1.207269287543716
1912 1.206069962761189
1913 1.204872487285057
1914 1.203676798605112
1915 1.202482947318902
1916 1.201290881181222
1917 1.200100655932324
1918 1.198912210492169
1919 1.197725599205788
1920 1.19654074902593
1921 1.195357720459908
1922 1.194176446362507
1923 1.192996978253548
1924 1.191819240968792
1925 1.190643324983916
1926 1.189469141208982
1927 1.188296767797236
1928 1.187126115452337
1929 1.185957270451353
1930 1.184790138820978
1931 1.183624809573784
1932 1.1824611804898
1933 1.181299346381969
1934 1.180139406266023
1935 1.178981152815941
1936 1.177824496511038
1937 1.176669598516099
1938 1.175516359337747
1939 1.1743649206742
1940 1.17321512517109
1941 1.17206712394259
1942 1.170920757767632
1943 1.169776120980286
1944 1.16863316041809
1945 1.16749209193372
1946 1.166352531549904
1947 1.165214753084919
1948 1.164078585513167
1949 1.162944198497299
1950 1.161811398924652
1951 1.160680380682552
1952 1.159550932432919
1953 1.158423265298308
1954 1.157297157021001
1955 1.156172829027132
1956 1.155050058978789
1957 1.15392908252075
1958 1.152809654638938
1959 1.151691983630373
1960 1.150575848213734
1961 1.149461459131481
1962 1.14834860264879
1963 1.14723749453132
1964 1.146127915142441
1965 1.145020065724265
1966 1.143913742586345
1967 1.142809141703149
1968 1.141706061635642
1969 1.14060469670367
1970 1.139504853662857
1971 1.138406717953902
1972 1.137309967558259
1973 1.136215017748426
1974 1.135121584489808
1975 1.134029947794705
1976 1.132939671824798
1977 1.131851077319347
1978 1.130764044373934
1979 1.129678678623441
1980 1.128594836318042
1981 1.127512634494951
1982 1.126431929056792
1983 1.125352761887719
1984 1.124275217136791
1985 1.123199316244774
1986 1.122124873420323
1987 1.121052060532771
1988 1.119980727073567
1989 1.118911026174801
1990 1.11784280534168
1991 1.116776210136649
1992 1.115711077354955
1993 1.11464755601675
1994 1.113585490747306
1995 1.112525037341283
1996 1.111466042345065
1997 1.110408647907607
1998 1.109352712766674
1999 1.108298374058063
2000 1.107245480766104
