"report-file-4"
"Iteration" "report-def-0"
("Iteration" "report-def-0")
1 17.71611
2 8.622456
3 3.924484
4 1.381561
5 0.03011888
6 -0.5402103
7 -0.6152669
8 -0.3670778
9 -0.27224
10 -0.1089684
11 0.03146447
12 0.0993351
13 0.1429507
14 0.1445543
15 0.1402466
16 0.1338851
17 0.1305282
18 0.1266863
19 0.1270313
20 0.1282426
21 0.1330776
22 0.1359285
23 0.141959
24 0.1446132
25 0.1496981
26 0.1539927
27 0.1581644
28 0.1619408
29 0.1655791
30 0.1690249
31 0.1723508
32 0.1758314
33 0.1796093
34 0.1833005
35 0.1870628
36 0.1903661
37 0.1938648
38 0.1969922
39 0.2003558
40 0.2034225
41 0.2065936
42 0.2088015
43 0.212245
44 0.2149285
45 0.2186916
46 0.2209006
47 0.2230992
48 0.2256307
49 0.2284054
50 0.231152
51 0.2338933
52 0.2365096
53 0.2388126
54 0.2411394
55 0.2432915
56 0.2452903
57 0.2473191
58 0.2493132
59 0.2512343
60 0.2531559
61 0.2550951
62 0.2568649
63 0.2586569
64 0.2601572
65 0.2617212
66 0.2632786
67 0.2646979
68 0.2661204
69 0.2673467
70 0.2684529
71 0.269617
72 0.270667
73 0.2717346
74 0.2726446
75 0.2736194
76 0.2744226
77 0.2752782
78 0.2760829
79 0.2768958
80 0.2776243
81 0.2783201
82 0.2790983
83 0.2797892
84 0.2804138
85 0.2810351
86 0.2817139
87 0.2823801
88 0.282933
89 0.2833807
90 0.284066
91 0.2846732
92 0.2852845
93 0.2859231
94 0.2865737
95 0.2871318
96 0.2877322
97 0.2883089
98 0.2888756
99 0.2894163
100 0.289922
101 0.2904708
102 0.2909769
103 0.2915163
104 0.2920563
105 0.2926036
106 0.2931841
107 0.2936991
108 0.2942491
109 0.2947505
110 0.2952492
111 0.2958229
112 0.2963195
113 0.2968597
114 0.2973156
115 0.2978467
116 0.2984045
117 0.2988353
118 0.2993421
119 0.2997778
120 0.3001888
121 0.3006412
122 0.3010843
123 0.3015451
124 0.301998
125 0.302456
126 0.3029144
127 0.3033791
128 0.3038526
129 0.3042344
130 0.3045615
131 0.3049109
132 0.3052867
133 0.3056911
134 0.3061221
135 0.3065041
136 0.3070012
137 0.3073501
138 0.3076153
139 0.307936
140 0.3082503
141 0.3085862
142 0.3089267
143 0.3093273
144 0.3096616
145 0.3099642
146 0.3102763
147 0.3105543
148 0.3108339
149 0.3111558
150 0.3114886
151 0.3117972
152 0.3120825
153 0.3123666
154 0.3126547
155 0.3129339
156 0.3131911
157 0.3134688
158 0.3137311
159 0.3139788
160 0.3142598
161 0.3145125
162 0.3147564
163 0.3150346
164 0.3152623
165 0.3154944
166 0.3157174
167 0.3159323
168 0.3161463
169 0.3163702
170 0.3165555
171 0.3167384
172 0.3169662
173 0.3171528
174 0.3173724
175 0.3175634
176 0.3177528
177 0.3179453
178 0.3181651
179 0.318351
180 0.3185145
181 0.3186695
182 0.3188231
183 0.3189672
184 0.319108
185 0.3192748
186 0.319408
187 0.3195578
188 0.3197102
189 0.3198519
190 0.3200054
191 0.3201527
192 0.320299
193 0.3204382
194 0.3205747
195 0.320713
196 0.3208385
197 0.3209615
198 0.321055
199 0.3211709
200 0.3212985
201 0.3214259
202 0.3215538
203 0.3216973
204 0.3218297
205 0.321952
206 0.3220646
207 0.3221872
208 0.3223117
209 0.3224389
210 0.3225539
211 0.3226781
212 0.3228069
213 0.3229361
214 0.3230596
215 0.323203
216 0.323331
217 0.3234501
218 0.3235732
219 0.3236961
220 0.3238229
221 0.3239484
222 0.3240775
223 0.3242173
224 0.3243482
225 0.324468
226 0.324599
227 0.3247354
228 0.3248717
229 0.3250061
230 0.325138
231 0.3252694
232 0.3253964
233 0.3255234
234 0.3256561
235 0.3257865
236 0.3259245
237 0.3260587
238 0.326192
239 0.3263237
240 0.3264591
241 0.326587
242 0.3267206
243 0.326859
244 0.3269953
245 0.3271332
246 0.3272656
247 0.3273961
248 0.3275265
249 0.3276559
250 0.3277863
251 0.3279197
252 0.3280564
253 0.3281935
254 0.3283283
255 0.328457
256 0.3285896
257 0.3287168
258 0.3288534
259 0.3289835
260 0.329113
261 0.3292403
262 0.3293644
263 0.3294877
264 0.329622
265 0.3297565
266 0.3298832
267 0.330013
268 0.3301443
269 0.3302757
270 0.3304027
271 0.3305259
272 0.3306447
273 0.3307676
274 0.330889
275 0.3310089
276 0.331135
277 0.3312685
278 0.331387
279 0.3315099
280 0.3316277
281 0.3317384
282 0.3318545
283 0.3319776
284 0.3320952
285 0.3322014
286 0.3323171
287 0.3324436
288 0.3325612
289 0.3326753
290 0.3327894
291 0.3328986
292 0.3330061
293 0.333114
294 0.3332213
295 0.3333287
296 0.3334389
297 0.3335416
298 0.3336411
299 0.3337485
300 0.3338478
301 0.3339478
302 0.3340539
303 0.3341545
304 0.3342517
305 0.3343495
306 0.3344383
307 0.3345327
308 0.3346266
309 0.3347196
310 0.3348119
311 0.3349063
312 0.3349945
313 0.335084
314 0.3351559
315 0.3352416
316 0.3353308
317 0.3354177
318 0.3354986
319 0.3355805
320 0.3356573
321 0.3357335
322 0.3358146
323 0.3358902
324 0.3359676
325 0.3360419
326 0.3361192
327 0.3361892
328 0.3362649
329 0.3363357
330 0.3364053
331 0.3364714
332 0.336539
333 0.3366071
334 0.3366773
335 0.3367445
336 0.3368138
337 0.3368775
338 0.3369347
339 0.336996
340 0.3370602
341 0.3371232
342 0.337191
343 0.3372466
344 0.3373035
345 0.3373632
346 0.3374177
347 0.3374764
348 0.3375344
349 0.3375885
350 0.3376413
351 0.3376972
352 0.3377491
353 0.3377993
354 0.3378438
355 0.3379024
356 0.3379491
357 0.3379978
358 0.3380424
359 0.3380903
360 0.338136
361 0.3381806
362 0.3382228
363 0.338273
364 0.3383168
365 0.33836
366 0.3384058
367 0.3384452
368 0.3384838
369 0.3385167
370 0.3385546
371 0.3385927
372 0.3386285
373 0.3386639
374 0.338699
375 0.3387344
376 0.3387685
377 0.3388015
378 0.3388295
379 0.3388546
380 0.3388774
381 0.338906
382 0.3389309
383 0.338955
384 0.3389774
385 0.3390006
386 0.3390225
387 0.3390384
388 0.3390579
389 0.3390764
390 0.339096
391 0.3391141
392 0.3391314
393 0.3391454
394 0.3391554
395 0.3391663
396 0.339178
397 0.3391861
398 0.3391942
399 0.3391985
400 0.339206
401 0.3392076
402 0.3392159
403 0.3392206
404 0.3392254
405 0.3392376
406 0.3392373
407 0.3392333
408 0.3392293
409 0.3392271
410 0.3392208
411 0.3392109
412 0.3392009
413 0.339193
414 0.3391838
415 0.3391781
416 0.3391707
417 0.3391612
418 0.3391489
419 0.3391381
420 0.3391233
421 0.339109
422 0.3390897
423 0.3390737
424 0.3390557
425 0.3390389
426 0.33902
427 0.339002
428 0.3389821
429 0.3389613
430 0.338941
431 0.3389183
432 0.338898
433 0.3388725
434 0.3388469
435 0.3388202
436 0.3387987
437 0.338767
438 0.3387458
439 0.3387073
440 0.3386887
441 0.3386546
442 0.3386294
443 0.3386035
444 0.3385774
445 0.3385492
446 0.338518
447 0.3384953
448 0.3384555
449 0.3384309
450 0.3383908
451 0.3383667
452 0.338338
453 0.3383069
454 0.3382773
455 0.338246
456 0.3382127
457 0.3381836
458 0.3381513
459 0.3381188
460 0.3380891
461 0.3380591
462 0.3380254
463 0.3379951
464 0.3379633
465 0.3379366
466 0.3379069
467 0.3378666
468 0.3378454
469 0.337809
470 0.3377888
471 0.3377508
472 0.3377304
473 0.3377014
474 0.3376703
475 0.3376417
476 0.3376127
477 0.337582
478 0.3375558
479 0.3375273
480 0.3375001
481 0.3374745
482 0.3374474
483 0.3374199
484 0.3373968
485 0.3373725
486 0.3373473
487 0.3373202
488 0.3372945
489 0.3372709
490 0.3372472
491 0.3372234
492 0.3371999
493 0.3371766
494 0.3371532
495 0.3371322
496 0.3371098
497 0.337088
498 0.3370666
499 0.3370491
500 0.3370287
501 0.3370098
502 0.3369877
503 0.3369716
504 0.3369507
505 0.3369372
506 0.3369179
507 0.3369046
508 0.3368826
509 0.3368728
510 0.3368517
511 0.3368398
512 0.33682
513 0.3368128
514 0.3367939
515 0.3367874
516 0.3367678
517 0.336762
518 0.3367419
519 0.336737
520 0.3367188
521 0.336714
522 0.3366952
523 0.336694
524 0.3366765
525 0.3366758
526 0.3366667
527 0.3366563
528 0.3366461
529 0.3366375
530 0.3366313
531 0.336623
532 0.3366167
533 0.3366071
534 0.3366033
535 0.3365964
536 0.3365927
537 0.3365891
538 0.336585
539 0.336582
540 0.3365798
541 0.3365763
542 0.3365727
543 0.3365707
544 0.3365673
545 0.3365649
546 0.3365638
547 0.3365647
548 0.3365654
549 0.3365641
550 0.3365678
551 0.3365566
552 0.3365754
553 0.3365633
554 0.3365649
555 0.3365715
556 0.3365754
557 0.3365773
558 0.3365831
559 0.3365874
560 0.3365942
561 0.3366005
562 0.336604
563 0.3366094
564 0.3366147
565 0.3366202
566 0.3366266
567 0.3366317
568 0.3366411
569 0.336646
570 0.3366543
571 0.3366648
572 0.3366748
573 0.3366847
574 0.3366949
575 0.3367029
576 0.3367113
577 0.3367208
578 0.3367279
579 0.3367392
580 0.3367531
581 0.336767
582 0.3367809
583 0.3367961
584 0.3368084
585 0.3368222
586 0.3368348
587 0.3368476
588 0.3368612
589 0.3368716
590 0.336889
591 0.3368812
592 0.3369234
593 0.3369135
594 0.3369533
595 0.3369418
596 0.3369827
597 0.3369734
598 0.3370178
599 0.3370066
600 0.3370478
601 0.337026
602 0.3370861
603 0.3370746
604 0.3371161
605 0.3370945
606 0.3371562
607 0.3371313
608 0.3371888
609 0.3371629
610 0.3372195
611 0.3371955
612 0.3372545
613 0.3372303
614 0.3372931
615 0.3372717
616 0.337331
617 0.337306
618 0.3373599
619 0.3373344
620 0.3373654
621 0.3373831
622 0.3373895
623 0.3374605
624 0.3374336
625 0.3374705
626 0.3374901
627 0.3375007
628 0.3375634
629 0.3375354
630 0.3375688
631 0.3375686
632 0.3376278
633 0.3375999
634 0.3376198
635 0.3376794
636 0.3376552
637 0.3376773
638 0.3377137
639 0.3377179
640 0.3377574
641 0.3377587
642 0.3377979
643 0.3377998
644 0.337836
645 0.3378364
646 0.3378568
647 0.3378903
648 0.3378949
649 0.3379187
650 0.3379523
651 0.337954
652 0.3379754
653 0.3379957
654 0.3380144
655 0.3380293
656 0.3380514
657 0.3380678
658 0.3380843
659 0.3381034
660 0.3381218
661 0.3381403
662 0.3381586
663 0.3381765
664 0.3381964
665 0.3382143
666 0.3382325
667 0.3382515
668 0.3382701
669 0.3382879
670 0.338304
671 0.3383218
672 0.3383395
673 0.3383567
674 0.3383746
675 0.3383891
676 0.3384059
677 0.3384243
678 0.3384414
679 0.3384544
680 0.3384768
681 0.3384895
682 0.3385087
683 0.3385267
684 0.338546
685 0.3385611
686 0.3385804
687 0.338599
688 0.3386151
689 0.3386339
690 0.3386484
691 0.3386653
692 0.3386802
693 0.3386967
694 0.3387129
695 0.3387287
696 0.3387489
697 0.3387656
698 0.3387822
699 0.3388003
700 0.3388149
701 0.3388305
702 0.3388458
703 0.3388599
704 0.3388743
705 0.338889
706 0.338904
707 0.3389186
708 0.3389325
709 0.3389477
710 0.3389628
711 0.3389789
712 0.3389955
713 0.3390111
714 0.3390265
715 0.3390408
716 0.3390574
717 0.3390729
718 0.3390782
719 0.339102
720 0.33911
721 0.3391332
722 0.339139
723 0.3391642
724 0.3391689
725 0.3391916
726 0.339198
727 0.3392206
728 0.3392358
729 0.3392483
730 0.3392611
731 0.3392734
732 0.3392891
733 0.3393021
734 0.339316
735 0.3393303
736 0.3393444
737 0.339352
738 0.339374
739 0.3393809
740 0.3394005
741 0.3394073
742 0.3394264
743 0.3394381
744 0.339453
745 0.3394656
746 0.3394796
747 0.3394937
748 0.3395119
749 0.3395209
750 0.3395349
751 0.3395504
752 0.3395623
753 0.3395759
754 0.3395883
755 0.3396005
756 0.3396139
757 0.3396272
758 0.3396381
759 0.3396572
760 0.3396628
761 0.3396816
762 0.3396962
763 0.3397038
764 0.3397234
765 0.3397301
766 0.3397503
767 0.3397566
768 0.3397698
769 0.3397838
770 0.3397961
771 0.3398074
772 0.3398177
773 0.3398292
774 0.3398406
775 0.3398593
776 0.3398709
777 0.3398886
778 0.3398991
779 0.3399149
780 0.3399297
781 0.3399425
782 0.3399553
783 0.3399671
784 0.3399801
785 0.3399942
786 0.3400054
787 0.3400181
788 0.3400394
789 0.3400406
790 0.3400563
791 0.3400682
792 0.3400799
793 0.3400929
794 0.3401034
795 0.3401162
796 0.3401296
797 0.3401419
798 0.3401555
799 0.3401694
800 0.340184
801 0.3401969
802 0.3402129
803 0.3402281
804 0.340242
805 0.3402517
806 0.3402629
807 0.3402722
808 0.3402834
809 0.3402916
810 0.3403096
811 0.3403181
812 0.340332
813 0.3403475
814 0.3403594
815 0.3403716
816 0.3403853
817 0.3403961
818 0.3404094
819 0.3404208
820 0.3404323
821 0.3404437
822 0.3404566
823 0.3404664
824 0.3404803
825 0.3404943
826 0.3405058
827 0.3405208
828 0.3405335
829 0.340546
830 0.3405607
831 0.3405749
832 0.3405857
833 0.3405959
834 0.3406042
835 0.3406139
836 0.3406339
837 0.3406428
838 0.340654
839 0.3406641
840 0.3406762
841 0.3406945
842 0.3407035
843 0.3407175
844 0.34073
845 0.3407412
846 0.3407539
847 0.3407663
848 0.340776
849 0.3407877
850 0.3407998
851 0.3408105
852 0.3408206
853 0.3408309
854 0.3408406
855 0.3408521
856 0.3408632
857 0.3408742
858 0.3408861
859 0.3408983
860 0.3409117
861 0.3409244
862 0.3409349
863 0.3409453
864 0.340957
865 0.3409697
866 0.3409787
867 0.340988
868 0.3409976
869 0.3410069
870 0.3410136
871 0.3410265
872 0.341045
873 0.3410589
874 0.34106
875 0.3410814
876 0.3410842
877 0.3411021
878 0.3411052
879 0.3411239
880 0.3411267
881 0.3411379
882 0.3411477
883 0.3411675
884 0.341168
885 0.3411877
886 0.3411893
887 0.3412076
888 0.3412183
889 0.3412283
890 0.341235
891 0.3412461
892 0.3412555
893 0.3412663
894 0.3412771
895 0.3412873
896 0.3412899
897 0.3413
898 0.3413112
899 0.3413222
900 0.3413414
901 0.3413506
902 0.3413586
903 0.3413645
904 0.3413773
905 0.3413909
906 0.3413955
907 0.3414067
908 0.3414165
909 0.341427
910 0.341437
911 0.3414454
912 0.3414547
913 0.3414637
914 0.3414742
915 0.3414833
916 0.3414927
917 0.3415038
918 0.3415115
919 0.3415209
920 0.3415286
921 0.3415382
922 0.3415464
923 0.3415556
924 0.3415639
925 0.341574
926 0.3415822
927 0.3415903
928 0.3415971
929 0.3416037
930 0.3416117
931 0.34162
932 0.3416287
933 0.3416406
934 0.3416517
935 0.3416635
936 0.3416747
937 0.3416839
938 0.3416904
939 0.3416961
940 0.3416996
941 0.341713
942 0.3417186
943 0.3417235
944 0.3417277
945 0.3417386
946 0.3417518
947 0.3417616
948 0.3417701
949 0.3417721
950 0.3417863
951 0.3417872
952 0.3418042
953 0.341803
954 0.3418092
955 0.3418247
956 0.3418266
957 0.3418317
958 0.3418398
959 0.3418474
960 0.3418551
961 0.3418631
962 0.3418721
963 0.3418791
964 0.3418882
965 0.3418942
966 0.3419041
967 0.3419103
968 0.3419166
969 0.3419247
970 0.3419302
971 0.341935
972 0.3419418
973 0.3419456
974 0.341952
975 0.3419577
976 0.3419652
977 0.341971
978 0.3419804
979 0.3419853
980 0.3419949
981 0.3420022
982 0.3420093
983 0.3420165
984 0.3420219
985 0.3420273
986 0.3420334
987 0.3420396
988 0.3420448
989 0.3420506
990 0.3420563
991 0.3420623
992 0.3420672
993 0.3420717
994 0.3420773
995 0.3420832
996 0.3420896
997 0.3420945
998 0.3420984
999 0.3421043
1000 0.3421122
1001 0.342116
1002 0.3421226
1003 0.3421268
1004 0.3421333
1005 0.3421378
1006 0.3421437
1007 0.3421485
1008 0.3421535
1009 0.3421595
1010 0.3421656
1011 0.3421704
1012 0.3421753
1013 0.3421786
1014 0.3421832
1015 0.3421867
1016 0.3421919
1017 0.3421961
1018 0.3422013
1019 0.3422059
1020 0.3422103
1021 0.3422137
1022 0.3422174
1023 0.3422214
1024 0.3422243
1025 0.3422307
1026 0.3422348
1027 0.3422383
1028 0.3422421
1029 0.3422479
1030 0.3422514
1031 0.3422552
1032 0.3422589
1033 0.3422637
1034 0.342268
1035 0.3422711
1036 0.3422768
1037 0.3422783
1038 0.3422815
1039 0.3422848
1040 0.3422837
1041 0.3422927
1042 0.3422958
1043 0.3422949
1044 0.3423037
1045 0.3423022
1046 0.3423106
1047 0.3423097
1048 0.342318
1049 0.3423171
1050 0.342319
1051 0.3423278
1052 0.3423282
1053 0.3423306
1054 0.3423331
1055 0.3423345
1056 0.3423367
1057 0.3423455
1058 0.3423457
1059 0.342347
1060 0.3423487
1061 0.3423517
1062 0.3423599
1063 0.3423591
1064 0.342362
1065 0.3423648
1066 0.3423715
1067 0.3423709
1068 0.3423718
1069 0.3423739
1070 0.3423798
1071 0.3423777
1072 0.3423837
1073 0.3423828
1074 0.3423841
1075 0.3423882
1076 0.3423871
1077 0.3423899
1078 0.3423889
1079 0.342393
1080 0.3423918
1081 0.3423977
1082 0.3423964
1083 0.3424016
1084 0.3423993
1085 0.3424038
1086 0.3424034
1087 0.3424071
1088 0.3424071
1089 0.3424115
1090 0.3424114
1091 0.3424145
1092 0.3424139
1093 0.3424171
1094 0.3424177
1095 0.3424205
1096 0.3424194
1097 0.3424225
1098 0.3424225
1099 0.3424257
1100 0.342425
1101 0.3424284
1102 0.3424273
1103 0.3424309
1104 0.3424304
1105 0.3424319
1106 0.342431
1107 0.3424341
1108 0.3424329
1109 0.3424362
1110 0.3424355
1111 0.3424383
1112 0.3424391
1113 0.3424391
1114 0.342438
1115 0.3424399
1116 0.3424416
1117 0.3424406
1118 0.3424435
1119 0.3424423
1120 0.3424442
1121 0.3424423
1122 0.3424445
1123 0.3424439
1124 0.3424444
1125 0.3424474
1126 0.3424457
1127 0.3424468
1128 0.3424473
1129 0.3424462
1130 0.3424462
1131 0.342448
1132 0.3424475
1133 0.342448
1134 0.3424478
1135 0.3424484
1136 0.3424473
1137 0.3424471
1138 0.3424476
1139 0.3424481
1140 0.342448
1141 0.3424482
1142 0.3424483
1143 0.3424478
1144 0.3424485
1145 0.3424487
1146 0.3424497
1147 0.3424494
1148 0.3424476
1149 0.3424477
1150 0.3424471
1151 0.342447
1152 0.3424458
1153 0.3424464
1154 0.3424462
1155 0.3424462
1156 0.342446
1157 0.342446
1158 0.342446
1159 0.3424455
1160 0.3424447
1161 0.3424447
1162 0.3424442
1163 0.3424426
1164 0.3424417
1165 0.3424407
1166 0.3424409
1167 0.3424412
1168 0.3424418
1169 0.3424399
1170 0.3424408
1171 0.3424394
1172 0.3424384
1173 0.3424374
1174 0.3424376
1175 0.3424361
1176 0.3424354
1177 0.3424351
1178 0.3424326
1179 0.3424324
1180 0.3424303
1181 0.3424293
1182 0.3424287
1183 0.3424263
1184 0.3424245
1185 0.342423
1186 0.3424235
1187 0.3424213
1188 0.3424201
1189 0.3424206
1190 0.342419
1191 0.3424174
1192 0.342416
1193 0.3424149
1194 0.3424135
1195 0.342412
1196 0.3424103
1197 0.3424088
1198 0.3424082
1199 0.3424059
1200 0.3424043
1201 0.3424036
1202 0.3424026
1203 0.3424
1204 0.3423983
1205 0.3423979
1206 0.3423971
1207 0.3423953
1208 0.3423936
1209 0.3423923
1210 0.3423914
1211 0.3423902
1212 0.3423879
1213 0.3423869
1214 0.3423853
1215 0.3423836
1216 0.3423827
1217 0.3423802
1218 0.3423779
1219 0.3423769
1220 0.3423744
1221 0.3423725
1222 0.3423724
1223 0.3423702
1224 0.3423688
1225 0.342366
1226 0.3423637
1227 0.3423621
1228 0.34236
1229 0.3423585
1230 0.3423561
1231 0.3423539
1232 0.3423511
1233 0.3423493
1234 0.3423477
1235 0.3423461
1236 0.342343
1237 0.3423411
1238 0.3423398
1239 0.342337
1240 0.3423347
1241 0.3423335
1242 0.3423313
1243 0.3423275
1244 0.3423254
1245 0.3423232
1246 0.342321
1247 0.3423193
1248 0.342318
1249 0.3423138
1250 0.3423119
1251 0.3423098
1252 0.3423076
1253 0.3423062
1254 0.3423039
1255 0.3423015
1256 0.3423006
1257 0.3422989
1258 0.3422966
1259 0.3422937
1260 0.3422915
1261 0.3422894
1262 0.3422862
1263 0.3422831
1264 0.3422809
1265 0.3422774
1266 0.3422744
1267 0.3422715
1268 0.3422696
1269 0.3422666
1270 0.3422638
1271 0.3422615
1272 0.3422588
1273 0.3422557
1274 0.3422541
1275 0.3422507
1276 0.3422487
1277 0.3422457
1278 0.3422425
1279 0.3422407
1280 0.3422396
1281 0.3422352
1282 0.3422333
1283 0.3422293
1284 0.3422267
1285 0.3422231
1286 0.34222
1287 0.342217
1288 0.3422135
1289 0.3422101
1290 0.342209
1291 0.3422062
1292 0.3422028
1293 0.3421982
1294 0.3421962
1295 0.3421927
1296 0.3421903
1297 0.3421865
1298 0.3421835
1299 0.3421812
1300 0.3421786
1301 0.3421759
1302 0.3421721
1303 0.3421682
1304 0.3421656
1305 0.3421642
1306 0.3421608
1307 0.3421591
1308 0.3421549
1309 0.3421526
1310 0.3421505
1311 0.3421446
1312 0.342142
1313 0.3421395
1314 0.3421365
1315 0.3421335
1316 0.3421305
1317 0.3421279
1318 0.3421233
1319 0.342119
1320 0.342116
1321 0.3421117
1322 0.3421084
1323 0.3421046
1324 0.3421027
1325 0.3420984
1326 0.3420935
1327 0.3420914
1328 0.3420878
1329 0.3420843
1330 0.3420803
1331 0.3420768
1332 0.3420731
1333 0.342069
1334 0.3420646
1335 0.3420617
1336 0.3420581
1337 0.3420543
1338 0.3420506
1339 0.3420467
1340 0.3420441
1341 0.342042
1342 0.3420386
1343 0.342035
1344 0.342032
1345 0.342029
1346 0.3420247
1347 0.3420218
1348 0.3420188
1349 0.3420155
1350 0.3420116
1351 0.3420077
1352 0.3420043
1353 0.3420005
1354 0.3419967
1355 0.3419937
1356 0.3419893
1357 0.341985
1358 0.3419822
1359 0.3419788
1360 0.3419742
1361 0.3419704
1362 0.3419671
1363 0.3419636
1364 0.3419599
1365 0.3419567
1366 0.3419529
1367 0.3419488
1368 0.3419454
1369 0.3419421
1370 0.341938
1371 0.3419351
1372 0.3419308
1373 0.3419271
1374 0.341924
1375 0.3419201
1376 0.3419168
1377 0.3419127
1378 0.3419084
1379 0.3419045
1380 0.3419008
1381 0.3418956
1382 0.3418912
1383 0.3418882
1384 0.3418831
1385 0.3418791
1386 0.3418739
1387 0.3418711
1388 0.3418662
1389 0.3418624
1390 0.3418581
1391 0.3418543
1392 0.3418504
1393 0.341848
1394 0.3418443
1395 0.3418389
1396 0.3418348
1397 0.3418309
1398 0.341828
1399 0.3418237
1400 0.3418194
1401 0.3418146
1402 0.3418107
1403 0.3418064
1404 0.3418035
1405 0.3417987
1406 0.3417947
1407 0.3417912
1408 0.3417865
1409 0.3417826
1410 0.3417785
1411 0.3417746
1412 0.341769
1413 0.3417643
1414 0.3417612
1415 0.3417576
1416 0.3417531
1417 0.341749
1418 0.3417453
1419 0.3417422
1420 0.3417364
1421 0.3417331
1422 0.3417287
1423 0.3417258
1424 0.3417203
1425 0.3417155
1426 0.3417116
1427 0.3417067
1428 0.3417026
1429 0.3416978
1430 0.3416925
1431 0.3416891
1432 0.3416837
1433 0.3416792
1434 0.341674
1435 0.3416704
1436 0.3416654
1437 0.3416609
1438 0.3416564
1439 0.3416521
1440 0.3416479
1441 0.3416437
1442 0.3416396
1443 0.3416343
1444 0.3416305
1445 0.3416261
1446 0.3416219
1447 0.3416175
1448 0.3416126
1449 0.3416083
1450 0.3416047
1451 0.3415999
1452 0.3415953
1453 0.3415916
1454 0.3415862
1455 0.3415813
1456 0.3415764
1457 0.3415718
1458 0.3415671
1459 0.3415622
1460 0.3415577
1461 0.3415537
1462 0.3415488
1463 0.341545
1464 0.3415406
1465 0.3415366
1466 0.3415314
1467 0.341527
1468 0.3415227
1469 0.3415172
1470 0.3415124
1471 0.3415082
1472 0.3415045
1473 0.3415006
1474 0.3414944
1475 0.34149
1476 0.3414859
1477 0.3414815
1478 0.3414765
1479 0.3414713
1480 0.3414678
1481 0.3414629
1482 0.3414564
1483 0.341453
1484 0.3414475
1485 0.3414435
1486 0.3414395
1487 0.3414353
1488 0.3414312
1489 0.3414274
1490 0.3414228
1491 0.3414181
1492 0.3414138
1493 0.3414091
1494 0.3414046
1495 0.3413997
1496 0.3413952
1497 0.3413901
1498 0.3413858
1499 0.3413817
1500 0.3413775
1501 0.3413724
1502 0.3413682
1503 0.341363
1504 0.3413585
1505 0.3413537
1506 0.3413498
1507 0.3413451
1508 0.341341
1509 0.3413355
1510 0.3413313
1511 0.3413265
1512 0.3413214
1513 0.341317
1514 0.3413114
1515 0.3413069
1516 0.3413021
1517 0.3412981
1518 0.3412935
1519 0.3412889
1520 0.3412837
1521 0.3412793
1522 0.3412742
1523 0.3412704
1524 0.3412651
1525 0.3412595
1526 0.3412551
1527 0.3412506
1528 0.3412454
1529 0.3412401
1530 0.3412318
1531 0.3412255
1532 0.3412206
1533 0.3412158
1534 0.3412107
1535 0.3412087
1536 0.3412049
1537 0.3412013
1538 0.3411979
1539 0.341194
1540 0.3411896
1541 0.3411862
1542 0.3411817
1543 0.341177
1544 0.341173
1545 0.3411673
1546 0.3411624
1547 0.3411581
1548 0.3411518
1549 0.3411468
1550 0.3411405
1551 0.3411355
1552 0.3411301
1553 0.3411238
1554 0.3411193
1555 0.3411146
1556 0.3411104
1557 0.3411045
1558 0.3410985
1559 0.3410936
1560 0.3410881
1561 0.3410833
1562 0.3410787
1563 0.3410739
1564 0.3410687
1565 0.3410642
1566 0.3410607
1567 0.3410557
1568 0.341051
1569 0.3410465
1570 0.3410423
1571 0.3410375
1572 0.3410328
1573 0.3410288
1574 0.3410246
1575 0.3410192
1576 0.3410138
1577 0.34101
1578 0.3410046
1579 0.3410001
1580 0.3409954
1581 0.3409901
1582 0.3409841
1583 0.3409799
1584 0.3409749
1585 0.3409694
1586 0.3409644
1587 0.3409604
1588 0.3409555
1589 0.3409499
1590 0.3409454
1591 0.3409409
1592 0.3409354
1593 0.3409315
1594 0.3409281
1595 0.3409232
1596 0.3409173
1597 0.3409124
1598 0.3409082
1599 0.3409045
1600 0.3408998
1601 0.3408943
1602 0.340889
1603 0.3408855
1604 0.3408811
1605 0.3408758
1606 0.3408698
1607 0.3408647
1608 0.3408608
1609 0.3408561
1610 0.3408509
1611 0.340847
1612 0.3408424
1613 0.3408373
1614 0.3408327
1615 0.3408285
1616 0.3408243
1617 0.3408187
1618 0.3408141
1619 0.3408086
1620 0.340804
1621 0.3407991
1622 0.340795
1623 0.34079
1624 0.3407848
1625 0.3407799
1626 0.3407749
1627 0.3407694
1628 0.3407641
1629 0.3407594
1630 0.3407551
1631 0.3407511
1632 0.3407452
1633 0.3407404
1634 0.3407366
1635 0.3407312
1636 0.3407261
1637 0.3407219
1638 0.340717
1639 0.3407121
1640 0.3407079
1641 0.3407027
1642 0.3406977
1643 0.3406938
1644 0.3406886
1645 0.3406828
1646 0.3406792
1647 0.3406747
1648 0.3406698
1649 0.3406645
1650 0.3406595
1651 0.3406544
1652 0.3406488
1653 0.3406438
1654 0.3406385
1655 0.3406344
1656 0.3406304
1657 0.3406258
1658 0.3406194
1659 0.3406146
1660 0.3406095
1661 0.3406053
1662 0.3406004
1663 0.3405955
1664 0.3405911
1665 0.3405867
1666 0.3405822
1667 0.3405764
1668 0.3405713
1669 0.3405663
1670 0.3405615
1671 0.3405555
1672 0.3405516
1673 0.3405459
1674 0.3405413
1675 0.3405362
1676 0.3405311
1677 0.340526
1678 0.3405208
1679 0.3405155
1680 0.3405103
1681 0.3405056
1682 0.3405002
1683 0.340495
1684 0.3404898
1685 0.3404855
1686 0.3404809
1687 0.3404763
1688 0.3404705
1689 0.3404658
1690 0.3404607
1691 0.340456
1692 0.3404515
1693 0.3404469
1694 0.3404426
1695 0.3404375
1696 0.3404328
1697 0.3404272
1698 0.3404221
1699 0.3404161
1700 0.340412
1701 0.3404072
1702 0.3404028
1703 0.3403974
1704 0.3403921
1705 0.3403871
1706 0.3403816
1707 0.340377
1708 0.3403721
1709 0.3403669
1710 0.3403626
1711 0.3403578
1712 0.3403538
1713 0.3403486
1714 0.3403444
1715 0.3403409
1716 0.3403356
1717 0.3403308
1718 0.3403273
1719 0.3403226
1720 0.3403172
1721 0.3403136
1722 0.3403079
1723 0.3403024
1724 0.3402979
1725 0.3402934
1726 0.3402891
1727 0.3402841
1728 0.3402793
1729 0.3402744
1730 0.34027
1731 0.3402651
1732 0.3402607
1733 0.3402564
1734 0.3402519
1735 0.3402465
1736 0.3402418
1737 0.3402367
1738 0.3402323
1739 0.3402275
1740 0.3402223
1741 0.3402179
1742 0.3402142
1743 0.3402095
1744 0.3402046
1745 0.3401996
1746 0.3401954
1747 0.3401901
1748 0.3401844
1749 0.340181
1750 0.3401769
1751 0.3401724
1752 0.3401663
1753 0.3401606
1754 0.3401554
1755 0.3401514
1756 0.3401471
1757 0.3401427
1758 0.3401379
1759 0.3401329
1760 0.3401276
1761 0.3401224
1762 0.340117
1763 0.340113
1764 0.3401079
1765 0.3401039
1766 0.3400992
1767 0.3400943
1768 0.3400887
1769 0.3400848
1770 0.3400798
1771 0.3400756
1772 0.3400716
1773 0.3400669
1774 0.3400626
1775 0.3400574
1776 0.3400535
1777 0.3400496
1778 0.3400455
1779 0.340041
1780 0.3400372
1781 0.3400323
1782 0.3400269
1783 0.3400218
1784 0.3400165
1785 0.3400123
1786 0.3400074
1787 0.3400043
1788 0.339999
1789 0.3399945
1790 0.3399895
1791 0.3399841
1792 0.3399798
1793 0.339975
1794 0.33997
1795 0.3399661
1796 0.3399611
1797 0.3399555
1798 0.3399514
1799 0.3399464
1800 0.3399424
1801 0.3399383
1802 0.3399338
1803 0.3399281
1804 0.3399239
1805 0.3399191
1806 0.3399149
1807 0.3399106
1808 0.3399065
1809 0.3399018
1810 0.3398979
1811 0.3398931
1812 0.3398889
1813 0.3398844
1814 0.3398802
1815 0.3398759
1816 0.3398713
1817 0.3398675
1818 0.3398632
1819 0.339858
1820 0.3398531
1821 0.3398483
1822 0.3398439
1823 0.33984
1824 0.3398357
1825 0.3398304
1826 0.3398259
1827 0.3398217
1828 0.3398171
1829 0.3398129
1830 0.339808
1831 0.3398032
1832 0.3397982
1833 0.3397937
1834 0.3397892
1835 0.3397847
1836 0.3397804
1837 0.3397762
1838 0.3397727
1839 0.3397679
1840 0.3397625
1841 0.3397577
1842 0.3397527
1843 0.3397486
1844 0.3397457
1845 0.3397409
1846 0.3397367
1847 0.3397327
1848 0.3397276
1849 0.3397233
1850 0.3397186
1851 0.3397151
1852 0.3397104
1853 0.3397059
1854 0.3397015
1855 0.3396968
1856 0.3396927
1857 0.3396884
1858 0.3396833
1859 0.3396787
1860 0.3396735
1861 0.3396693
1862 0.3396652
1863 0.3396609
1864 0.3396564
1865 0.3396524
1866 0.3396483
1867 0.3396441
1868 0.3396395
1869 0.3396351
1870 0.3396312
1871 0.3396277
1872 0.3396226
1873 0.3396184
1874 0.3396147
1875 0.3396108
1876 0.3396063
1877 0.3396011
1878 0.3395973
1879 0.339592
1880 0.3395875
1881 0.3395836
1882 0.3395792
1883 0.3395752
1884 0.339571
1885 0.3395671
1886 0.3395625
1887 0.3395582
1888 0.339554
1889 0.3395493
1890 0.3395456
1891 0.3395405
1892 0.3395366
1893 0.3395311
1894 0.3395267
1895 0.3395223
1896 0.3395188
1897 0.3395143
1898 0.3395095
1899 0.3395055
1900 0.3395015
1901 0.3394972
1902 0.339493
1903 0.3394888
1904 0.3394838
1905 0.3394797
1906 0.3394755
1907 0.3394718
1908 0.3394679
1909 0.3394641
1910 0.3394597
1911 0.3394551
1912 0.3394511
1913 0.3394468
1914 0.3394425
1915 0.3394391
1916 0.3394349
1917 0.3394309
1918 0.3394269
1919 0.3394225
1920 0.3394182
1921 0.339414
1922 0.33941
1923 0.3394061
1924 0.3394019
1925 0.3393974
1926 0.3393931
1927 0.3393882
1928 0.339384
1929 0.3393802
1930 0.3393762
1931 0.3393727
1932 0.3393672
1933 0.339364
1934 0.3393601
1935 0.3393561
1936 0.3393519
1937 0.3393481
1938 0.3393446
1939 0.33934
1940 0.3393355
1941 0.3393319
1942 0.3393282
1943 0.3393244
1944 0.3393199
1945 0.3393163
1946 0.3393115
1947 0.3393077
1948 0.3393035
1949 0.3392999
1950 0.3392966
1951 0.3392924
1952 0.3392885
1953 0.3392844
1954 0.3392811
1955 0.3392773
1956 0.3392733
1957 0.3392684
1958 0.339265
1959 0.3392619
1960 0.3392572
1961 0.3392535
1962 0.3392492
1963 0.3392451
1964 0.3392403
1965 0.3392367
1966 0.3392331
1967 0.339229
1968 0.3392252
1969 0.3392208
1970 0.3392165
1971 0.3392132
1972 0.33921
1973 0.339205
1974 0.3392014
1975 0.3391981
1976 0.3391944
1977 0.3391909
1978 0.3391866
1979 0.3391828
1980 0.3391785
1981 0.3391746
1982 0.3391705
1983 0.3391659
1984 0.3391627
1985 0.3391593
1986 0.3391548
1987 0.3391514
1988 0.3391476
1989 0.3391436
1990 0.3391398
1991 0.3391356
1992 0.3391318
1993 0.3391276
1994 0.3391241
1995 0.339121
1996 0.3391164
1997 0.339112
1998 0.3391084
1999 0.3391039
2000 0.3391002
