"lift-rfile"
"Iteration" "lift"
("Iteration" "lift")
1 366.7671
2 183.4225
3 91.7512
4 45.91683
5 22.99985
6 11.54182
7 5.81303
8 2.948773
9 1.516724
10 0.8007364
11 0.4427889
12 0.2638188
13 0.1743129
14 0.1295326
15 0.1071315
16 0.09588838
17 0.09024457
18 0.08739174
19 0.08593182
20 0.08516663
21 0.08472483
22 0.08446552
23 0.0842967
24 0.08417137
25 0.0840672
26 0.0839745
27 0.08388987
28 0.08380993
29 0.08373386
30 0.08366144
31 0.08359376
32 0.0835296
33 0.0834702
34 0.0834155
35 0.08336558
36 0.08331944
37 0.08327842
38 0.08324185
39 0.08320935
40 0.0831808
41 0.08315589
42 0.0831336
43 0.08311497
44 0.08309877
45 0.08308511
46 0.08307353
47 0.08306368
48 0.08305588
49 0.08304982
50 0.08304422
51 0.08304013
52 0.08303739
53 0.08303493
54 0.08303343
55 0.08303296
56 0.08303258
57 0.08303287
58 0.08303399
59 0.08303483
60 0.08303621
61 0.08303851
62 0.08304027
63 0.083042
64 0.08304434
65 0.08304646
66 0.08304922
67 0.08305189
68 0.08305367
69 0.08305651
70 0.08305901
71 0.08306162
72 0.08306433
73 0.08306699
74 0.08306923
75 0.0830723
76 0.08307478
77 0.08307701
78 0.08308014
79 0.08308277
80 0.08308566
81 0.0830879
82 0.08308996
83 0.08309256
84 0.08309497
85 0.08309741
86 0.0831001
87 0.083102
88 0.08310451
89 0.08310653
90 0.08310929
91 0.08311158
92 0.08311374
93 0.08311603
94 0.08311791
95 0.0831199
96 0.08312251
97 0.08312485
98 0.08312658
99 0.08312869
100 0.08313082
101 0.08313301
102 0.08313497
103 0.08313692
104 0.08313923
105 0.08314111
106 0.08314336
107 0.08314497
108 0.08314691
109 0.08314888
110 0.08315066
111 0.08315267
112 0.08315448
113 0.0831565
114 0.08315822
115 0.08316021
116 0.08316169
117 0.08316351
118 0.08316563
119 0.08316717
120 0.08316874
121 0.08317109
122 0.08317256
123 0.08317418
124 0.08317582
125 0.08317734
126 0.083179
127 0.08318054
128 0.08318226
129 0.08318393
130 0.08318553
131 0.08318709
132 0.08318896
133 0.0831904
134 0.08319193
135 0.08319333
136 0.083195
137 0.08319639
138 0.08319784
139 0.0831998
140 0.08320085
141 0.08320242
142 0.08320423
143 0.08320595
144 0.08320735
145 0.08320896
146 0.0832101
147 0.0832112
148 0.08321286
149 0.08321424
150 0.08321574
151 0.0832167
152 0.08321846
153 0.08321957
154 0.08322093
155 0.08322237
156 0.0832236
157 0.08322476
158 0.08322594
159 0.08322739
160 0.08322875
161 0.0832298
162 0.08323125
163 0.08323261
164 0.08323374
165 0.0832351
166 0.0832362
167 0.08323738
168 0.083239
169 0.08323999
170 0.08324119
171 0.08324233
172 0.08324333
173 0.08324465
174 0.0832459
175 0.08324691
176 0.08324827
177 0.08324895
178 0.0832503
179 0.08325149
180 0.08325267
181 0.08325372
182 0.08325467
183 0.08325594
184 0.08325663
185 0.08325813
186 0.08325911
187 0.08325972
188 0.08326101
189 0.08326233
190 0.08326328
191 0.083264
192 0.08326519
193 0.08326609
194 0.08326705
195 0.0832682
196 0.08326912
197 0.08327012
198 0.08327091
199 0.08327213
200 0.08327323
201 0.08327428
202 0.08327504
203 0.08327627
204 0.08327743
205 0.08327803
206 0.08327886
207 0.08327981
208 0.08328081
209 0.08328167
210 0.08328249
211 0.08328335
212 0.08328433
213 0.08328543
214 0.08328611
215 0.0832869
216 0.08328761
217 0.08328864
218 0.08328926
219 0.08329037
220 0.08329123
221 0.08329207
222 0.08329313
223 0.08329374
224 0.08329454
225 0.08329547
226 0.08329634
227 0.08329698
228 0.08329782
229 0.08329904
230 0.08329983
231 0.08330096
232 0.08330142
233 0.08330226
234 0.0833028
235 0.08330373
236 0.08330482
237 0.08330567
238 0.08330636
239 0.08330727
240 0.08330784
241 0.08330861
242 0.08330937
243 0.0833103
244 0.08331078
245 0.08331173
246 0.08331268
247 0.08331335
248 0.08331435
249 0.08331457
250 0.08331489
251 0.08331624
252 0.08331675
253 0.08331745
254 0.08331839
255 0.0833189
256 0.0833196
257 0.08332032
258 0.08332095
259 0.08332197
260 0.08332265
261 0.08332327
262 0.08332408
263 0.08332476
264 0.08332527
265 0.08332596
266 0.08332636
267 0.08332732
268 0.08332776
269 0.08332814
270 0.08332891
271 0.08332979
272 0.0833304
273 0.08333091
274 0.08333166
275 0.08333223
276 0.08333273
277 0.08333346
278 0.08333386
279 0.08333442
280 0.08333524
281 0.08333582
282 0.08333641
283 0.08333682
284 0.08333755
285 0.08333819
286 0.08333869
287 0.08333943
288 0.08334015
289 0.08334073
290 0.08334127
291 0.08334191
292 0.08334249
293 0.08334325
294 0.08334374
295 0.08334424
296 0.08334448
297 0.08334513
298 0.08334597
299 0.08334649
300 0.08334723
301 0.08334754
302 0.08334826
303 0.08334877
304 0.0833493
305 0.08335
306 0.08335049
307 0.08335101
308 0.08335144
309 0.08335219
310 0.08335243
311 0.08335318
312 0.08335377
313 0.08335419
314 0.08335463
315 0.08335501
316 0.08335575
317 0.0833563
318 0.08335656
319 0.08335746
320 0.08335772
321 0.08335838
322 0.08335914
323 0.08335951
324 0.08335985
325 0.08336054
326 0.08336096
327 0.08336116
328 0.08336185
329 0.08336232
330 0.08336303
331 0.08336324
332 0.08336349
333 0.08336397
334 0.08336454
335 0.08336511
336 0.08336549
337 0.08336601
338 0.08336643
339 0.08336695
340 0.08336733
341 0.08336786
342 0.08336837
343 0.08336864
344 0.08336913
345 0.08336967
346 0.08337019
347 0.08337041
348 0.0833713
349 0.08337171
350 0.08337208
351 0.08337279
352 0.08337294
353 0.08337349
354 0.08337414
355 0.08337452
356 0.08337491
357 0.08337519
358 0.08337564
359 0.08337609
360 0.08337649
361 0.08337722
362 0.08337753
363 0.08337779
364 0.08337834
365 0.0833788
366 0.0833792
367 0.08337922
368 0.08337984
369 0.08338019
370 0.08338052
371 0.08338101
372 0.08338154
373 0.08338197
374 0.08338226
375 0.08338267
376 0.08338291
377 0.08338343
378 0.08338384
379 0.08338408
380 0.08338455
381 0.08338495
382 0.0833853
383 0.08338563
384 0.08338594
385 0.08338643
386 0.08338662
387 0.08338674
388 0.08338743
389 0.08338803
390 0.08338811
391 0.08338844
392 0.08338892
393 0.08338959
394 0.08339009
395 0.0833902
396 0.08339036
397 0.08339098
398 0.08339117
399 0.08339149
400 0.08339193
401 0.08339205
402 0.08339271
403 0.08339299
404 0.0833935
405 0.08339366
406 0.08339404
407 0.08339454
408 0.08339484
409 0.08339504
410 0.08339566
411 0.08339591
412 0.08339608
413 0.0833967
414 0.08339682
415 0.08339693
416 0.08339718
417 0.08339764
418 0.08339798
419 0.08339812
420 0.08339856
421 0.08339863
422 0.08339905
423 0.08339934
424 0.08339978
425 0.08339995
426 0.08340019
427 0.08340058
428 0.08340087
429 0.08340152
430 0.0834019
431 0.08340206
432 0.08340245
433 0.08340274
434 0.08340312
435 0.0834035
436 0.08340394
437 0.08340415
438 0.08340441
439 0.08340482
440 0.08340526
441 0.08340548
442 0.08340582
443 0.08340565
444 0.08340605
445 0.08340652
446 0.08340681
447 0.08340717
448 0.08340762
449 0.0834077
450 0.08340807
451 0.08340821
452 0.08340855
453 0.08340918
454 0.08340946
455 0.08340956
456 0.08340955
457 0.08340994
458 0.0834097
459 0.0834098
460 0.08341036
461 0.08341094
462 0.08341116
463 0.0834114
464 0.08341199
465 0.08341204
466 0.083412
467 0.08341204
468 0.08341259
469 0.08341278
470 0.08341316
471 0.08341355
472 0.08341382
473 0.08341403
474 0.08341443
475 0.08341448
476 0.083415
477 0.0834151
478 0.08341554
479 0.08341557
480 0.08341603
481 0.08341637
482 0.08341676
483 0.0834167
484 0.08341626
485 0.08341713
486 0.0834171
487 0.08341713
488 0.08341737
489 0.08341733
490 0.08341786
491 0.08341824
492 0.08341847
493 0.08341868
494 0.08341929
495 0.08341947
496 0.08341962
497 0.08341971
498 0.08342027
499 0.08342014
500 0.08342054
501 0.08342092
502 0.08342105
503 0.08342124
504 0.08342163
505 0.08342221
506 0.0834224
507 0.0834223
508 0.08342215
509 0.08342227
510 0.08342255
511 0.08342241
512 0.08342303
513 0.08342338
514 0.08342332
515 0.08342356
516 0.083424
517 0.08342421
518 0.08342442
519 0.08342474
520 0.08342488
521 0.08342505
522 0.08342536
523 0.08342584
524 0.08342624
525 0.08342635
526 0.08342656
527 0.08342655
528 0.08342688
529 0.083427
530 0.08342708
531 0.08342772
532 0.08342785
533 0.08342781
534 0.08342788
535 0.08342802
536 0.08342856
537 0.08342877
538 0.08342881
539 0.0834289
540 0.08342877
541 0.08342908
542 0.08342918
543 0.08343004
544 0.08343022
545 0.08343011
546 0.08343033
547 0.08343033
548 0.08343074
549 0.08343104
550 0.08343089
551 0.08343115
552 0.08343188
553 0.08343162
554 0.08343179
555 0.08343198
556 0.08343217
557 0.08343221
558 0.0834325
559 0.083433
560 0.08343334
561 0.08343343
562 0.08343344
563 0.0834337
564 0.08343381
565 0.08343404
566 0.08343401
567 0.08343434
568 0.08343449
569 0.08343452
570 0.08343475
571 0.08343481
572 0.08343498
573 0.08343512
574 0.08343536
575 0.08343548
576 0.08343628
577 0.08343673
578 0.08343666
579 0.08343683
580 0.08343703
581 0.08343696
582 0.08343701
583 0.08343726
584 0.08343735
585 0.08343758
586 0.0834378
587 0.08343792
588 0.0834382
589 0.08343851
590 0.08343846
591 0.08343875
592 0.08343899
593 0.08343917
594 0.08343919
595 0.08343948
596 0.0834396
597 0.08343961
598 0.08343995
599 0.08343993
600 0.08344019
601 0.08344016
602 0.0834405
603 0.08344059
604 0.08344108
605 0.08344129
606 0.08344125
607 0.08344124
608 0.08344156
609 0.08344171
610 0.0834416
611 0.0834418
612 0.08344191
613 0.08344225
614 0.0834424
615 0.08344251
616 0.0834429
617 0.08344281
618 0.08344304
619 0.08344335
620 0.0834434
621 0.08344357
622 0.08344382
623 0.08344403
624 0.08344441
625 0.0834446
626 0.08344466
627 0.0834448
628 0.08344496
629 0.08344517
630 0.08344544
631 0.08344573
632 0.08344579
633 0.08344594
634 0.08344601
635 0.08344606
636 0.08344631
637 0.08344632
638 0.08344653
639 0.08344671
640 0.08344687
641 0.08344692
642 0.08344713
643 0.08344739
644 0.08344732
645 0.08344753
646 0.08344771
647 0.08344805
648 0.08344828
649 0.08344834
650 0.08344851
651 0.08344836
652 0.0834486
653 0.0834486
654 0.083449
655 0.08344916
656 0.08344918
657 0.08344933
658 0.08344943
659 0.08344976
660 0.08344996
661 0.08345009
662 0.08345024
663 0.08345038
664 0.08345074
665 0.08345092
666 0.08345112
667 0.08345116
668 0.0834515
669 0.08345169
670 0.08345185
671 0.08345211
672 0.08345214
673 0.08345234
674 0.08345267
675 0.08345267
676 0.08345266
677 0.08345304
678 0.08345302
679 0.08345306
680 0.08345313
681 0.08345364
682 0.08345344
683 0.08345377
684 0.08345402
685 0.08345407
686 0.08345435
687 0.08345457
688 0.08345453
689 0.08345479
690 0.08345484
691 0.083455
692 0.08345523
693 0.08345515
694 0.08345523
695 0.08345513
696 0.08345549
697 0.08345547
698 0.08345576
699 0.08345593
700 0.08345609
701 0.08345634
702 0.08345645
703 0.0834568
704 0.08345679
705 0.0834568
706 0.08345693
707 0.0834574
708 0.08345733
709 0.08345745
710 0.08345756
711 0.08345772
712 0.08345784
713 0.08345813
714 0.08345823
715 0.08345831
716 0.08345845
717 0.08345865
718 0.08345865
719 0.08345897
720 0.08345901
721 0.08345926
722 0.08345909
723 0.08345939
724 0.08345956
725 0.08345959
726 0.08345979
727 0.08345986
728 0.08345997
729 0.08346008
730 0.08346029
731 0.08346054
732 0.08346065
733 0.08346103
734 0.08346125
735 0.08346137
736 0.08346172
737 0.08346166
738 0.08346181
739 0.08346178
740 0.08346181
741 0.08346203
742 0.08346208
743 0.08346232
744 0.08346255
745 0.08346259
746 0.08346274
747 0.08346307
748 0.08346291
749 0.08346304
750 0.08346315
751 0.0834633
752 0.08346344
753 0.08346339
754 0.0834637
755 0.08346359
756 0.08346374
757 0.08346404
758 0.08346428
759 0.08346421
760 0.08346431
761 0.08346441
762 0.08346472
763 0.08346497
764 0.08346491
765 0.08346511
766 0.0834653
767 0.08346527
768 0.08346535
769 0.08346558
770 0.08346567
771 0.08346574
772 0.08346589
773 0.08346605
774 0.08346611
775 0.08346602
776 0.08346647
777 0.08346648
778 0.08346653
779 0.08346646
780 0.08346669
781 0.08346671
782 0.08346699
783 0.08346701
784 0.08346714
785 0.08346736
786 0.08346754
787 0.08346775
788 0.08346785
789 0.08346793
790 0.08346827
791 0.08346815
792 0.08346829
793 0.08346836
794 0.08346838
795 0.08346862
796 0.08346875
797 0.0834686
798 0.08346903
799 0.08346874
800 0.0834687
801 0.08346909
802 0.08346938
803 0.08346936
804 0.08346957
805 0.08346978
806 0.08346977
807 0.08346983
808 0.08347011
809 0.08347005
810 0.08347031
811 0.08347046
812 0.08347061
813 0.08347066
814 0.0834708
815 0.08347096
816 0.08347093
817 0.08347121
818 0.08347128
819 0.0834714
820 0.08347163
821 0.08347172
822 0.08347161
823 0.08347177
824 0.08347191
825 0.08347181
826 0.08347198
827 0.08347227
828 0.0834723
829 0.08347215
830 0.08347248
831 0.08347229
832 0.08347257
833 0.08347262
834 0.08347258
835 0.08347264
836 0.08347289
837 0.08347297
838 0.08347315
839 0.08347306
840 0.0834734
841 0.08347346
842 0.08347357
843 0.08347363
844 0.08347401
845 0.08347401
846 0.08347405
847 0.08347435
848 0.0834745
849 0.0834745
850 0.0834744
851 0.08347457
852 0.08347463
853 0.08347451
854 0.08347475
855 0.08347484
856 0.08347489
857 0.08347523
858 0.08347518
859 0.08347534
860 0.0834754
861 0.08347558
862 0.08347568
863 0.08347579
864 0.08347588
865 0.0834761
866 0.08347611
867 0.08347631
868 0.08347643
869 0.08347651
870 0.08347639
871 0.08347653
872 0.08347677
873 0.08347674
874 0.08347689
875 0.08347686
876 0.08347711
877 0.08347754
878 0.08347743
879 0.08347768
880 0.08347782
881 0.08347766
882 0.08347773
883 0.08347803
884 0.08347791
885 0.08347831
886 0.08347838
887 0.08347826
888 0.08347812
889 0.0834785
890 0.08347843
891 0.08347863
892 0.08347861
893 0.08347868
894 0.0834787
895 0.08347899
896 0.08347908
897 0.08347899
898 0.08347916
899 0.08347914
900 0.08347947
901 0.08347955
902 0.08347964
903 0.08347973
904 0.08347981
905 0.08347985
906 0.08348014
907 0.08348019
908 0.08348012
909 0.08348021
910 0.08348047
911 0.0834806
912 0.08348068
913 0.08348061
914 0.08348078
915 0.08348082
916 0.08348106
917 0.08348101
918 0.0834811
919 0.08348128
920 0.08348154
921 0.08348143
922 0.08348156
923 0.08348167
924 0.08348187
925 0.08348192
926 0.08348189
927 0.08348183
928 0.08348202
929 0.08348216
930 0.08348233
931 0.08348218
932 0.08348224
933 0.08348242
934 0.08348235
935 0.08348253
936 0.0834826
937 0.0834825
938 0.08348232
939 0.08348268
940 0.08348262
941 0.08348284
942 0.08348315
943 0.08348332
944 0.08348329
945 0.08348355
946 0.08348364
947 0.08348376
948 0.0834838
949 0.0834839
950 0.08348414
951 0.08348421
952 0.08348429
953 0.08348451
954 0.08348461
955 0.08348446
956 0.08348457
957 0.08348447
958 0.08348475
959 0.08348487
960 0.08348484
961 0.08348488
962 0.08348513
963 0.08348504
964 0.08348529
965 0.0834853
966 0.08348527
967 0.08348536
968 0.08348554
969 0.0834856
970 0.08348561
971 0.08348583
972 0.08348603
973 0.08348598
974 0.08348586
975 0.08348612
976 0.08348629
977 0.0834863
978 0.08348618
979 0.08348636
980 0.08348641
981 0.08348653
982 0.0834866
983 0.08348671
984 0.08348683
985 0.08348684
986 0.08348686
987 0.08348712
988 0.08348714
989 0.08348723
990 0.08348718
991 0.08348724
992 0.08348725
993 0.08348744
994 0.0834875
995 0.08348773
996 0.08348763
997 0.0834876
998 0.08348773
999 0.08348776
1000 0.08348774
1001 0.08348776
1002 0.08348782
1003 0.08348802
1004 0.08348801
1005 0.08348809
1006 0.08348796
1007 0.08348816
1008 0.08348826
1009 0.08348831
1010 0.08348837
1011 0.08348848
1012 0.08348858
1013 0.08348878
1014 0.08348877
1015 0.08348899
1016 0.08348902
1017 0.08348899
1018 0.08348893
1019 0.08348917
1020 0.08348919
1021 0.08348906
1022 0.08348936
1023 0.08348944
1024 0.08348937
1025 0.08348934
1026 0.08348938
1027 0.08348935
1028 0.08348961
1029 0.08348959
1030 0.08348981
1031 0.08348986
1032 0.0834898
1033 0.08349022
1034 0.08349019
1035 0.08349032
1036 0.08349006
1037 0.0834903
1038 0.08349038
1039 0.08349036
1040 0.08349049
1041 0.08349051
1042 0.08349062
1043 0.08349074
1044 0.08349061
1045 0.08349095
1046 0.08349098
1047 0.08349089
1048 0.08349087
1049 0.08349096
1050 0.08349118
1051 0.08349128
1052 0.08349138
1053 0.08349137
1054 0.08349139
1055 0.08349136
1056 0.08349143
1057 0.08349158
1058 0.08349164
1059 0.0834915
1060 0.08349161
1061 0.08349171
1062 0.08349179
1063 0.08349188
1064 0.08349187
1065 0.08349201
1066 0.08349199
1067 0.08349227
1068 0.08349211
1069 0.08349228
1070 0.08349234
1071 0.08349238
1072 0.08349236
1073 0.08349249
1074 0.08349257
1075 0.08349261
1076 0.08349275
1077 0.08349282
1078 0.08349296
1079 0.08349276
1080 0.08349298
1081 0.08349313
1082 0.08349308
1083 0.08349318
1084 0.08349325
1085 0.08349334
1086 0.08349354
1087 0.08349369
1088 0.08349379
1089 0.08349385
1090 0.0834937
1091 0.08349374
1092 0.08349383
1093 0.0834938
1094 0.08349402
1095 0.08349403
1096 0.08349396
1097 0.08349393
1098 0.08349413
1099 0.08349426
1100 0.0834944
1101 0.08349438
1102 0.0834946
1103 0.08349467
1104 0.08349468
1105 0.08349453
1106 0.08349465
1107 0.08349475
1108 0.08349485
1109 0.08349463
1110 0.08349485
1111 0.08349495
1112 0.08349508
1113 0.08349505
1114 0.0834951
1115 0.08349518
1116 0.08349513
1117 0.0834954
1118 0.08349543
1119 0.08349552
1120 0.08349559
1121 0.08349569
1122 0.0834958
1123 0.08349562
1124 0.08349587
1125 0.08349581
1126 0.08349589
1127 0.08349594
1128 0.08349602
1129 0.08349602
1130 0.08349592
1131 0.0834962
1132 0.08349618
1133 0.08349639
1134 0.08349642
1135 0.08349623
1136 0.08349654
1137 0.08349661
1138 0.08349652
1139 0.08349669
1140 0.08349681
1141 0.0834967
1142 0.08349694
1143 0.08349685
1144 0.08349691
1145 0.08349692
1146 0.0834971
1147 0.08349705
1148 0.08349705
1149 0.08349706
1150 0.0834971
1151 0.08349703
1152 0.08349717
1153 0.08349719
1154 0.08349748
1155 0.08349764
1156 0.08349756
1157 0.08349767
1158 0.08349761
1159 0.08349747
1160 0.08349755
1161 0.08349773
1162 0.08349767
1163 0.08349773
1164 0.08349794
1165 0.08349796
1166 0.08349814
1167 0.08349823
1168 0.08349827
1169 0.08349817
1170 0.0834982
1171 0.08349817
1172 0.08349825
1173 0.08349827
1174 0.0834984
1175 0.08349849
1176 0.08349836
1177 0.08349853
1178 0.08349862
1179 0.08349834
1180 0.08349842
1181 0.08349858
1182 0.08349857
1183 0.08349857
1184 0.08349884
1185 0.08349872
1186 0.08349878
1187 0.08349875
1188 0.08349895
1189 0.08349903
1190 0.08349899
1191 0.08349905
1192 0.08349906
1193 0.08349925
1194 0.0834992
1195 0.08349932
1196 0.08349919
1197 0.08349918
1198 0.08349937
1199 0.08349939
1200 0.08349934
1201 0.08349948
1202 0.0834995
1203 0.08349956
1204 0.08349974
1205 0.08349963
1206 0.08349961
1207 0.08349974
1208 0.08349998
1209 0.08349981
1210 0.08349986
1211 0.08350001
1212 0.08350014
1213 0.08350009
1214 0.08350028
1215 0.0835003
1216 0.08350049
1217 0.08350032
1218 0.08350061
1219 0.08350033
1220 0.08350041
1221 0.08350056
1222 0.08350062
1223 0.08350053
1224 0.08350065
1225 0.08350071
1226 0.08350085
1227 0.08350087
1228 0.08350092
1229 0.08350097
1230 0.08350094
1231 0.0835012
1232 0.08350098
1233 0.08350116
1234 0.08350115
1235 0.08350129
1236 0.08350127
1237 0.08350133
1238 0.08350169
1239 0.0835017
1240 0.08350156
1241 0.08350148
1242 0.08350156
1243 0.08350174
1244 0.08350161
1245 0.08350176
1246 0.08350164
1247 0.08350181
1248 0.08350188
1249 0.08350173
1250 0.08350196
1251 0.08350211
1252 0.08350212
1253 0.08350201
1254 0.08350246
1255 0.08350237
1256 0.08350252
1257 0.08350254
1258 0.08350262
1259 0.08350266
1260 0.08350257
1261 0.08350264
1262 0.08350266
1263 0.08350274
1264 0.0835028
1265 0.0835026
1266 0.08350258
1267 0.08350281
1268 0.08350266
1269 0.08350269
1270 0.08350299
1271 0.08350296
1272 0.08350318
1273 0.08350321
1274 0.083503
1275 0.0835031
1276 0.08350315
1277 0.08350328
1278 0.08350342
1279 0.0835034
1280 0.08350346
1281 0.08350351
1282 0.08350372
1283 0.08350366
1284 0.08350375
1285 0.08350376
1286 0.08350379
1287 0.08350391
1288 0.08350393
1289 0.08350389
1290 0.08350395
1291 0.08350393
1292 0.083504
1293 0.08350436
1294 0.08350427
1295 0.08350422
1296 0.0835042
1297 0.08350433
1298 0.08350436
1299 0.08350462
1300 0.0835047
1301 0.08350454
1302 0.08350488
1303 0.08350469
1304 0.08350466
1305 0.08350486
1306 0.08350487
1307 0.08350489
1308 0.08350486
1309 0.08350493
1310 0.0835048
1311 0.083505
1312 0.08350491
1313 0.08350501
1314 0.08350504
1315 0.08350506
1316 0.08350494
1317 0.08350503
1318 0.08350516
1319 0.08350506
1320 0.08350491
1321 0.08350513
1322 0.08350532
1323 0.0835053
1324 0.0835053
1325 0.08350535
1326 0.08350533
1327 0.08350522
1328 0.08350535
1329 0.08350524
1330 0.08350528
1331 0.08350525
1332 0.08350538
1333 0.0835055
1334 0.08350538
1335 0.08350545
1336 0.08350526
1337 0.08350563
1338 0.08350555
1339 0.08350559
1340 0.08350569
1341 0.08350568
1342 0.08350576
1343 0.08350587
1344 0.08350607
1345 0.08350593
1346 0.08350602
1347 0.08350602
1348 0.08350608
1349 0.08350605
1350 0.08350603
1351 0.08350607
1352 0.08350623
1353 0.08350617
1354 0.08350629
1355 0.08350621
1356 0.08350635
1357 0.08350621
1358 0.08350641
1359 0.08350631
1360 0.08350647
1361 0.08350644
1362 0.08350651
1363 0.08350661
1364 0.0835067
1365 0.08350672
1366 0.08350679
1367 0.08350665
1368 0.08350674
1369 0.0835068
1370 0.08350687
1371 0.08350687
1372 0.08350693
1373 0.0835068
1374 0.08350679
1375 0.08350682
1376 0.08350695
1377 0.08350692
1378 0.08350712
1379 0.0835071
1380 0.0835072
1381 0.08350714
1382 0.08350708
1383 0.08350718
1384 0.0835073
1385 0.08350732
1386 0.08350734
1387 0.08350746
1388 0.08350747
1389 0.08350733
1390 0.08350748
1391 0.0835076
1392 0.08350763
1393 0.0835076
1394 0.08350775
1395 0.08350778
1396 0.08350776
1397 0.08350776
1398 0.08350804
1399 0.08350787
1400 0.08350784
1401 0.08350784
1402 0.08350782
1403 0.083508
1404 0.08350786
1405 0.08350791
1406 0.08350807
1407 0.08350802
1408 0.08350818
1409 0.08350815
1410 0.08350828
1411 0.08350822
1412 0.08350835
1413 0.08350822
1414 0.08350844
1415 0.08350836
1416 0.08350834
1417 0.08350839
1418 0.08350857
1419 0.0835084
1420 0.0835086
1421 0.08350843
1422 0.08350855
1423 0.08350857
1424 0.08350859
1425 0.08350866
1426 0.08350878
1427 0.08350882
1428 0.08350888
1429 0.08350874
1430 0.08350857
1431 0.08350877
1432 0.08350898
1433 0.08350888
1434 0.0835089
1435 0.08350902
1436 0.08350913
1437 0.08350918
1438 0.08350927
1439 0.08350918
1440 0.08350927
1441 0.08350931
1442 0.08350938
1443 0.08350934
1444 0.08350931
1445 0.08350929
1446 0.08350925
1447 0.08350942
1448 0.08350956
1449 0.08350947
1450 0.08350945
1451 0.08350944
1452 0.08350953
1453 0.0835095
1454 0.0835097
1455 0.08350972
1456 0.08350969
1457 0.08350959
1458 0.08350966
1459 0.0835096
1460 0.08350985
1461 0.08350979
1462 0.08350975
1463 0.08350979
1464 0.08351
1465 0.08350992
1466 0.0835099
1467 0.08351005
1468 0.08350992
1469 0.08351003
1470 0.08350988
1471 0.08350985
1472 0.08350992
1473 0.08351009
1474 0.08351009
1475 0.08351008
1476 0.08351012
1477 0.08351026
1478 0.08351023
1479 0.08351024
1480 0.08351004
1481 0.08351022
1482 0.08351025
1483 0.08351029
1484 0.08351031
1485 0.08351046
1486 0.08351047
1487 0.08351049
1488 0.08351053
1489 0.08351061
1490 0.08351047
1491 0.08351045
1492 0.08351057
1493 0.08351066
1494 0.08351064
1495 0.08351061
1496 0.08351065
1497 0.08351073
1498 0.0835108
1499 0.08351088
1500 0.08351073
1501 0.08351079
1502 0.08351082
1503 0.08351085
1504 0.08351089
1505 0.08351076
1506 0.08351091
1507 0.08351094
1508 0.08351083
1509 0.083511
1510 0.08351083
1511 0.08351099
1512 0.08351075
1513 0.08351091
1514 0.08351102
1515 0.08351097
1516 0.08351111
1517 0.08351111
1518 0.08351109
1519 0.08351103
1520 0.08351118
1521 0.08351126
1522 0.08351112
1523 0.08351118
1524 0.08351144
1525 0.08351141
1526 0.08351158
1527 0.08351168
1528 0.08351161
1529 0.08351162
1530 0.08351148
1531 0.08351142
1532 0.08351155
1533 0.08351158
1534 0.08351181
1535 0.08351167
1536 0.08351165
1537 0.08351166
1538 0.0835117
1539 0.08351181
1540 0.08351183
1541 0.0835119
1542 0.08351188
1543 0.08351193
1544 0.08351184
1545 0.08351186
1546 0.08351184
1547 0.08351196
1548 0.08351197
1549 0.08351206
1550 0.08351208
1551 0.08351188
1552 0.08351191
1553 0.08351209
1554 0.08351208
1555 0.08351221
1556 0.08351203
1557 0.08351226
1558 0.0835123
1559 0.08351223
1560 0.08351229
1561 0.08351224
1562 0.08351239
1563 0.08351224
1564 0.0835123
1565 0.0835125
1566 0.08351253
1567 0.08351249
1568 0.08351244
1569 0.08351237
1570 0.08351251
1571 0.08351257
1572 0.08351269
1573 0.08351265
1574 0.08351272
1575 0.08351263
1576 0.08351257
1577 0.08351262
1578 0.08351276
1579 0.08351268
1580 0.08351266
1581 0.0835129
1582 0.08351293
1583 0.08351307
1584 0.08351287
1585 0.08351288
1586 0.08351271
1587 0.08351283
1588 0.08351296
1589 0.08351305
1590 0.08351298
1591 0.08351286
1592 0.08351305
1593 0.08351314
1594 0.08351304
1595 0.08351301
1596 0.08351314
1597 0.08351304
1598 0.08351315
1599 0.08351306
1600 0.0835132
1601 0.08351319
1602 0.08351333
1603 0.08351334
1604 0.08351337
1605 0.08351329
1606 0.08351325
1607 0.08351327
1608 0.08351333
1609 0.08351353
1610 0.08351348
1611 0.08351354
1612 0.08351363
1613 0.08351376
1614 0.08351357
1615 0.08351358
1616 0.08351382
1617 0.08351379
1618 0.08351372
1619 0.08351371
1620 0.08351367
1621 0.08351378
1622 0.08351386
1623 0.08351386
1624 0.08351364
1625 0.0835136
1626 0.08351374
1627 0.08351367
1628 0.08351381
1629 0.08351383
1630 0.08351385
1631 0.08351397
1632 0.08351389
1633 0.08351392
1634 0.08351403
1635 0.08351401
1636 0.08351401
1637 0.08351399
1638 0.08351397
1639 0.08351395
1640 0.08351412
1641 0.08351394
1642 0.08351406
1643 0.08351413
1644 0.08351395
1645 0.08351406
1646 0.08351408
1647 0.08351421
1648 0.08351415
1649 0.08351414
1650 0.08351406
1651 0.08351417
1652 0.08351414
1653 0.08351424
1654 0.08351435
1655 0.08351422
1656 0.08351431
1657 0.08351449
1658 0.0835145
1659 0.08351451
1660 0.08351449
1661 0.08351441
1662 0.08351461
1663 0.08351451
1664 0.08351453
1665 0.0835146
1666 0.08351469
1667 0.08351459
1668 0.08351465
1669 0.08351453
1670 0.08351444
1671 0.08351462
1672 0.08351455
1673 0.08351466
1674 0.08351476
1675 0.08351473
1676 0.0835149
1677 0.08351498
1678 0.08351491
1679 0.08351502
1680 0.08351494
1681 0.08351486
1682 0.08351494
1683 0.08351499
1684 0.08351495
1685 0.08351495
1686 0.0835148
1687 0.08351472
1688 0.08351468
1689 0.08351478
1690 0.08351489
1691 0.08351506
1692 0.08351492
1693 0.0835151
1694 0.08351521
1695 0.08351492
1696 0.08351491
1697 0.08351512
1698 0.083515
1699 0.0835151
1700 0.08351511
1701 0.08351512
1702 0.08351513
1703 0.08351515
1704 0.08351523
1705 0.08351516
1706 0.08351524
1707 0.08351526
1708 0.08351541
1709 0.08351556
1710 0.0835156
1711 0.08351545
1712 0.08351554
1713 0.08351555
1714 0.08351554
1715 0.08351565
1716 0.08351578
1717 0.0835158
1718 0.08351574
1719 0.08351568
1720 0.08351573
1721 0.08351558
1722 0.08351549
1723 0.08351558
1724 0.08351573
1725 0.08351567
1726 0.0835158
1727 0.08351581
1728 0.08351583
1729 0.08351591
1730 0.0835156
1731 0.0835157
1732 0.0835159
1733 0.08351587
1734 0.08351585
1735 0.08351585
1736 0.08351588
1737 0.08351583
1738 0.08351596
1739 0.0835159
1740 0.0835159
1741 0.08351602
1742 0.08351599
1743 0.08351601
1744 0.08351614
1745 0.08351604
1746 0.08351605
1747 0.08351612
1748 0.08351597
1749 0.08351594
1750 0.0835159
1751 0.08351621
1752 0.08351612
1753 0.08351607
1754 0.08351614
1755 0.08351614
1756 0.08351619
1757 0.0835162
1758 0.08351641
1759 0.0835162
1760 0.08351615
1761 0.0835163
1762 0.08351623
1763 0.0835163
1764 0.08351623
1765 0.08351629
1766 0.0835163
1767 0.08351634
1768 0.08351631
1769 0.08351639
1770 0.08351643
1771 0.08351639
1772 0.08351652
1773 0.08351648
1774 0.08351642
1775 0.08351655
1776 0.08351641
1777 0.08351649
1778 0.08351664
1779 0.08351652
1780 0.08351661
1781 0.08351655
1782 0.08351661
1783 0.08351651
1784 0.0835165
1785 0.08351661
1786 0.08351654
1787 0.08351685
1788 0.08351678
1789 0.08351675
1790 0.08351667
1791 0.08351665
1792 0.08351666
1793 0.08351664
1794 0.08351658
1795 0.08351675
1796 0.08351652
1797 0.08351671
1798 0.08351672
1799 0.08351671
1800 0.08351677
1801 0.08351689
1802 0.0835169
1803 0.08351684
1804 0.08351694
1805 0.08351694
1806 0.08351695
1807 0.08351699
1808 0.08351701
1809 0.0835169
1810 0.0835169
1811 0.083517
1812 0.08351717
1813 0.08351696
1814 0.08351694
1815 0.08351704
1816 0.08351701
1817 0.08351717
1818 0.08351718
1819 0.08351721
1820 0.08351728
1821 0.08351722
1822 0.08351729
1823 0.08351725
1824 0.08351745
1825 0.08351723
1826 0.08351739
1827 0.08351733
1828 0.08351737
1829 0.08351728
1830 0.08351724
1831 0.08351719
1832 0.0835173
1833 0.08351707
1834 0.08351722
1835 0.08351739
1836 0.08351731
1837 0.08351732
1838 0.08351724
1839 0.08351724
1840 0.08351732
1841 0.08351732
1842 0.08351752
1843 0.08351734
1844 0.08351755
1845 0.0835173
1846 0.08351731
1847 0.08351739
1848 0.08351731
1849 0.0835174
1850 0.08351754
1851 0.08351741
1852 0.0835175
1853 0.08351748
1854 0.08351747
1855 0.08351742
1856 0.08351743
1857 0.08351756
1858 0.08351751
1859 0.08351768
1860 0.08351766
1861 0.0835177
1862 0.08351765
1863 0.08351763
1864 0.08351772
1865 0.08351763
1866 0.08351754
1867 0.08351763
1868 0.0835176
1869 0.08351751
1870 0.08351771
1871 0.08351756
1872 0.0835176
1873 0.08351774
1874 0.08351763
1875 0.0835178
1876 0.08351769
1877 0.08351766
1878 0.08351795
1879 0.08351783
1880 0.08351775
1881 0.08351772
1882 0.0835178
1883 0.08351795
1884 0.08351786
1885 0.08351789
1886 0.08351796
1887 0.08351798
1888 0.08351783
1889 0.08351796
1890 0.08351788
1891 0.08351807
1892 0.083518
1893 0.083518
1894 0.08351796
1895 0.08351788
1896 0.08351804
1897 0.08351804
1898 0.08351804
1899 0.08351803
1900 0.08351804
1901 0.08351797
1902 0.08351807
1903 0.08351817
1904 0.08351805
1905 0.08351816
1906 0.08351824
1907 0.08351803
1908 0.08351805
1909 0.08351804
1910 0.08351801
1911 0.0835181
1912 0.08351824
1913 0.0835181
1914 0.08351818
1915 0.08351818
1916 0.08351833
1917 0.08351836
1918 0.08351836
1919 0.08351838
1920 0.0835184
1921 0.08351839
1922 0.08351836
1923 0.08351837
1924 0.08351846
1925 0.08351846
1926 0.08351832
1927 0.08351838
1928 0.08351837
1929 0.08351829
1930 0.08351852
1931 0.08351842
1932 0.08351833
1933 0.08351839
1934 0.0835183
1935 0.08351846
1936 0.08351828
1937 0.08351849
1938 0.08351853
1939 0.08351853
1940 0.08351856
1941 0.08351854
1942 0.08351851
1943 0.08351853
1944 0.08351857
1945 0.08351864
1946 0.08351868
1947 0.08351877
1948 0.08351874
1949 0.08351863
1950 0.08351862
1951 0.08351866
1952 0.08351862
1953 0.08351855
1954 0.08351862
1955 0.08351855
1956 0.08351867
1957 0.08351863
1958 0.08351862
1959 0.08351872
1960 0.0835186
1961 0.08351859
1962 0.08351872
1963 0.08351865
1964 0.08351871
1965 0.08351883
1966 0.08351869
1967 0.08351875
1968 0.08351872
1969 0.08351873
1970 0.08351874
1971 0.08351873
1972 0.08351871
1973 0.08351885
1974 0.08351882
1975 0.08351889
1976 0.0835189
1977 0.08351894
1978 0.08351894
1979 0.08351891
1980 0.08351883
1981 0.08351886
1982 0.08351892
1983 0.08351885
1984 0.08351871
1985 0.08351886
1986 0.08351885
1987 0.08351894
1988 0.083519
1989 0.08351907
1990 0.08351905
1991 0.08351894
1992 0.08351886
1993 0.08351888
1994 0.08351883
1995 0.08351882
1996 0.08351896
1997 0.08351885
1998 0.08351892
1999 0.08351891
2000 0.08351875
