"report-file-4"
"Iteration" "report-def-0"
("Iteration" "report-def-0")
1 733.5928
2 366.8743
3 183.5171
4 91.84101
5 46.00338
6 23.08548
7 11.62699
8 5.898017
9 3.033691
10 1.601601
11 0.8856486
12 0.5276799
13 0.3486537
14 0.2590858
15 0.2142802
16 0.1917921
17 0.1805036
18 0.1747975
19 0.1718774
20 0.1703469
21 0.1694632
22 0.1689446
23 0.1686069
24 0.1683562
25 0.1681478
26 0.1679624
27 0.1677932
28 0.1676333
29 0.1674811
30 0.1673363
31 0.1672009
32 0.1670726
33 0.1669537
34 0.1668444
35 0.1667445
36 0.1666522
37 0.1665702
38 0.166497
39 0.166432
40 0.1663749
41 0.1663251
42 0.1662805
43 0.1662432
44 0.1662108
45 0.1661835
46 0.1661603
47 0.1661406
48 0.1661251
49 0.1661129
50 0.1661017
51 0.1660936
52 0.1660881
53 0.1660832
54 0.1660801
55 0.1660792
56 0.1660784
57 0.166079
58 0.1660813
59 0.1660829
60 0.1660857
61 0.1660903
62 0.1660938
63 0.1660973
64 0.166102
65 0.1661062
66 0.1661117
67 0.1661171
68 0.1661206
69 0.1661263
70 0.1661313
71 0.1661365
72 0.166142
73 0.1661473
74 0.1661517
75 0.1661579
76 0.1661628
77 0.1661673
78 0.1661736
79 0.1661788
80 0.1661846
81 0.1661891
82 0.1661932
83 0.1661984
84 0.1662032
85 0.1662081
86 0.1662135
87 0.1662173
88 0.1662223
89 0.1662263
90 0.1662319
91 0.1662365
92 0.1662408
93 0.1662454
94 0.1662491
95 0.1662531
96 0.1662583
97 0.166263
98 0.1662665
99 0.1662707
100 0.1662749
101 0.1662793
102 0.1662832
103 0.1662871
104 0.1662918
105 0.1662955
106 0.1663
107 0.1663032
108 0.1663071
109 0.1663111
110 0.1663146
111 0.1663186
112 0.1663223
113 0.1663263
114 0.1663297
115 0.1663337
116 0.1663367
117 0.1663403
118 0.1663446
119 0.1663477
120 0.1663508
121 0.1663555
122 0.1663584
123 0.1663617
124 0.166365
125 0.166368
126 0.1663713
127 0.1663744
128 0.1663778
129 0.1663812
130 0.1663844
131 0.1663875
132 0.1663912
133 0.1663941
134 0.1663972
135 0.1664
136 0.1664033
137 0.1664061
138 0.166409
139 0.1664129
140 0.166415
141 0.1664182
142 0.1664218
143 0.1664252
144 0.166428
145 0.1664312
146 0.1664335
147 0.1664357
148 0.166439
149 0.1664418
150 0.1664448
151 0.1664467
152 0.1664502
153 0.1664525
154 0.1664552
155 0.1664581
156 0.1664605
157 0.1664628
158 0.1664652
159 0.1664681
160 0.1664708
161 0.1664729
162 0.1664758
163 0.1664785
164 0.1664808
165 0.1664835
166 0.1664857
167 0.1664881
168 0.1664913
169 0.1664933
170 0.1664957
171 0.166498
172 0.1665
173 0.1665026
174 0.1665051
175 0.1665071
176 0.1665099
177 0.1665112
178 0.1665139
179 0.1665163
180 0.1665187
181 0.1665208
182 0.1665227
183 0.1665252
184 0.1665266
185 0.1665296
186 0.1665315
187 0.1665328
188 0.1665353
189 0.166538
190 0.1665399
191 0.1665413
192 0.1665437
193 0.1665455
194 0.1665474
195 0.1665497
196 0.1665516
197 0.1665536
198 0.1665552
199 0.1665576
200 0.1665598
201 0.1665619
202 0.1665634
203 0.1665659
204 0.1665682
205 0.1665694
206 0.166571
207 0.1665729
208 0.1665749
209 0.1665767
210 0.1665783
211 0.16658
212 0.166582
213 0.1665842
214 0.1665855
215 0.1665871
216 0.1665885
217 0.1665906
218 0.1665918
219 0.1665941
220 0.1665958
221 0.1665975
222 0.1665996
223 0.1666008
224 0.1666024
225 0.1666043
226 0.166606
227 0.1666073
228 0.166609
229 0.1666114
230 0.166613
231 0.1666152
232 0.1666162
233 0.1666178
234 0.1666189
235 0.1666208
236 0.166623
237 0.1666247
238 0.1666261
239 0.1666279
240 0.166629
241 0.1666306
242 0.1666321
243 0.1666339
244 0.1666349
245 0.1666368
246 0.1666387
247 0.16664
248 0.166642
249 0.1666425
250 0.1666431
251 0.1666458
252 0.1666468
253 0.1666482
254 0.1666501
255 0.1666511
256 0.1666525
257 0.166654
258 0.1666552
259 0.1666573
260 0.1666586
261 0.1666599
262 0.1666615
263 0.1666629
264 0.1666639
265 0.1666653
266 0.1666661
267 0.166668
268 0.1666688
269 0.1666696
270 0.1666712
271 0.1666729
272 0.1666741
273 0.1666752
274 0.1666767
275 0.1666778
276 0.1666788
277 0.1666803
278 0.1666811
279 0.1666822
280 0.1666838
281 0.166685
282 0.1666862
283 0.166687
284 0.1666884
285 0.1666897
286 0.1666907
287 0.1666922
288 0.1666936
289 0.1666948
290 0.1666959
291 0.1666972
292 0.1666983
293 0.1666998
294 0.1667008
295 0.1667018
296 0.1667023
297 0.1667036
298 0.1667053
299 0.1667063
300 0.1667078
301 0.1667084
302 0.1667099
303 0.1667109
304 0.1667119
305 0.1667133
306 0.1667143
307 0.1667154
308 0.1667162
309 0.1667177
310 0.1667182
311 0.1667197
312 0.1667209
313 0.1667217
314 0.1667226
315 0.1667234
316 0.1667248
317 0.1667259
318 0.1667265
319 0.1667283
320 0.1667288
321 0.1667301
322 0.1667316
323 0.1667324
324 0.166733
325 0.1667344
326 0.1667352
327 0.1667357
328 0.166737
329 0.166738
330 0.1667394
331 0.1667398
332 0.1667403
333 0.1667413
334 0.1667424
335 0.1667436
336 0.1667443
337 0.1667454
338 0.1667462
339 0.1667472
340 0.166748
341 0.1667491
342 0.1667501
343 0.1667506
344 0.1667516
345 0.1667527
346 0.1667537
347 0.1667542
348 0.1667559
349 0.1667567
350 0.1667575
351 0.1667589
352 0.1667592
353 0.1667603
354 0.1667616
355 0.1667624
356 0.1667632
357 0.1667637
358 0.1667646
359 0.1667655
360 0.1667663
361 0.1667678
362 0.1667684
363 0.1667689
364 0.16677
365 0.1667709
366 0.1667717
367 0.1667718
368 0.166773
369 0.1667737
370 0.1667744
371 0.1667754
372 0.1667764
373 0.1667773
374 0.1667779
375 0.1667787
376 0.1667792
377 0.1667802
378 0.166781
379 0.1667815
380 0.1667824
381 0.1667832
382 0.1667839
383 0.1667846
384 0.1667852
385 0.1667862
386 0.1667866
387 0.1667868
388 0.1667882
389 0.1667894
390 0.1667895
391 0.1667902
392 0.1667912
393 0.1667925
394 0.1667935
395 0.1667937
396 0.166794
397 0.1667953
398 0.1667957
399 0.1667963
400 0.1667972
401 0.1667974
402 0.1667988
403 0.1667993
404 0.1668003
405 0.1668007
406 0.1668014
407 0.1668024
408 0.166803
409 0.1668034
410 0.1668047
411 0.1668051
412 0.1668055
413 0.1668067
414 0.166807
415 0.1668072
416 0.1668077
417 0.1668086
418 0.1668093
419 0.1668096
420 0.1668105
421 0.1668106
422 0.1668114
423 0.166812
424 0.1668129
425 0.1668132
426 0.1668137
427 0.1668145
428 0.1668151
429 0.1668164
430 0.1668171
431 0.1668175
432 0.1668182
433 0.1668188
434 0.1668196
435 0.1668203
436 0.1668212
437 0.1668216
438 0.1668222
439 0.166823
440 0.1668239
441 0.1668243
442 0.166825
443 0.1668247
444 0.1668255
445 0.1668264
446 0.166827
447 0.1668277
448 0.1668286
449 0.1668288
450 0.1668295
451 0.1668298
452 0.1668305
453 0.1668317
454 0.1668323
455 0.1668325
456 0.1668324
457 0.1668332
458 0.1668327
459 0.166833
460 0.1668341
461 0.1668352
462 0.1668357
463 0.1668361
464 0.1668373
465 0.1668374
466 0.1668373
467 0.1668374
468 0.1668385
469 0.1668389
470 0.1668397
471 0.1668404
472 0.166841
473 0.1668414
474 0.1668422
475 0.1668423
476 0.1668434
477 0.1668435
478 0.1668444
479 0.1668445
480 0.1668454
481 0.1668461
482 0.1668469
483 0.1668468
484 0.1668459
485 0.1668476
486 0.1668476
487 0.1668476
488 0.1668481
489 0.166848
490 0.1668491
491 0.1668498
492 0.1668503
493 0.1668507
494 0.1668519
495 0.1668523
496 0.1668526
497 0.1668528
498 0.1668539
499 0.1668536
500 0.1668544
501 0.1668552
502 0.1668555
503 0.1668558
504 0.1668566
505 0.1668578
506 0.1668582
507 0.1668579
508 0.1668576
509 0.1668579
510 0.1668584
511 0.1668582
512 0.1668594
513 0.1668601
514 0.16686
515 0.1668605
516 0.1668614
517 0.1668618
518 0.1668622
519 0.1668628
520 0.1668631
521 0.1668635
522 0.1668641
523 0.166865
524 0.1668658
525 0.166866
526 0.1668665
527 0.1668665
528 0.1668671
529 0.1668673
530 0.1668675
531 0.1668688
532 0.166869
533 0.166869
534 0.1668691
535 0.1668694
536 0.1668705
537 0.1668709
538 0.166871
539 0.1668711
540 0.1668709
541 0.1668715
542 0.1668717
543 0.1668734
544 0.1668738
545 0.1668736
546 0.166874
547 0.166874
548 0.1668748
549 0.1668754
550 0.1668751
551 0.1668756
552 0.1668771
553 0.1668766
554 0.1668769
555 0.1668773
556 0.1668777
557 0.1668778
558 0.1668783
559 0.1668794
560 0.16688
561 0.1668802
562 0.1668802
563 0.1668808
564 0.166881
565 0.1668814
566 0.1668814
567 0.166882
568 0.1668823
569 0.1668824
570 0.1668829
571 0.166883
572 0.1668833
573 0.1668836
574 0.1668841
575 0.1668843
576 0.1668859
577 0.1668868
578 0.1668867
579 0.166887
580 0.1668874
581 0.1668873
582 0.1668874
583 0.1668879
584 0.1668881
585 0.1668885
586 0.166889
587 0.1668892
588 0.1668898
589 0.1668904
590 0.1668903
591 0.1668909
592 0.1668913
593 0.1668917
594 0.1668917
595 0.1668923
596 0.1668925
597 0.1668926
598 0.1668932
599 0.1668932
600 0.1668937
601 0.1668937
602 0.1668943
603 0.1668945
604 0.1668955
605 0.1668959
606 0.1668959
607 0.1668958
608 0.1668965
609 0.1668968
610 0.1668966
611 0.166897
612 0.1668972
613 0.1668978
614 0.1668981
615 0.1668984
616 0.1668992
617 0.166899
618 0.1668994
619 0.1669001
620 0.1669002
621 0.1669005
622 0.166901
623 0.1669014
624 0.1669022
625 0.1669025
626 0.1669027
627 0.166903
628 0.1669033
629 0.1669037
630 0.1669042
631 0.1669048
632 0.1669049
633 0.1669052
634 0.1669054
635 0.1669055
636 0.166906
637 0.166906
638 0.1669064
639 0.1669068
640 0.1669071
641 0.1669072
642 0.1669076
643 0.1669081
644 0.166908
645 0.1669084
646 0.1669088
647 0.1669095
648 0.1669099
649 0.16691
650 0.1669104
651 0.1669101
652 0.1669106
653 0.1669106
654 0.1669113
655 0.1669117
656 0.1669117
657 0.166912
658 0.1669122
659 0.1669129
660 0.1669133
661 0.1669135
662 0.1669138
663 0.1669141
664 0.1669148
665 0.1669152
666 0.1669156
667 0.1669157
668 0.1669164
669 0.1669167
670 0.1669171
671 0.1669176
672 0.1669176
673 0.166918
674 0.1669187
675 0.1669187
676 0.1669187
677 0.1669194
678 0.1669194
679 0.1669195
680 0.1669196
681 0.1669206
682 0.1669202
683 0.1669209
684 0.1669214
685 0.1669215
686 0.166922
687 0.1669225
688 0.1669224
689 0.1669229
690 0.166923
691 0.1669234
692 0.1669238
693 0.1669236
694 0.1669238
695 0.1669236
696 0.1669243
697 0.1669243
698 0.1669249
699 0.1669252
700 0.1669255
701 0.166926
702 0.1669262
703 0.166927
704 0.1669269
705 0.166927
706 0.1669272
707 0.1669281
708 0.166928
709 0.1669282
710 0.1669285
711 0.1669288
712 0.166929
713 0.1669296
714 0.1669298
715 0.16693
716 0.1669303
717 0.1669306
718 0.1669307
719 0.1669313
720 0.1669314
721 0.1669319
722 0.1669315
723 0.1669321
724 0.1669325
725 0.1669325
726 0.1669329
727 0.1669331
728 0.1669333
729 0.1669335
730 0.1669339
731 0.1669344
732 0.1669347
733 0.1669354
734 0.1669358
735 0.1669361
736 0.1669368
737 0.1669367
738 0.166937
739 0.1669369
740 0.166937
741 0.1669374
742 0.1669375
743 0.166938
744 0.1669385
745 0.1669385
746 0.1669388
747 0.1669395
748 0.1669392
749 0.1669394
750 0.1669396
751 0.16694
752 0.1669402
753 0.1669401
754 0.1669407
755 0.1669405
756 0.1669408
757 0.1669414
758 0.1669419
759 0.1669418
760 0.166942
761 0.1669422
762 0.1669428
763 0.1669433
764 0.1669432
765 0.1669436
766 0.166944
767 0.1669439
768 0.1669441
769 0.1669445
770 0.1669447
771 0.1669448
772 0.1669451
773 0.1669454
774 0.1669456
775 0.1669454
776 0.1669463
777 0.1669463
778 0.1669464
779 0.1669463
780 0.1669467
781 0.1669468
782 0.1669473
783 0.1669474
784 0.1669476
785 0.1669481
786 0.1669484
787 0.1669489
788 0.166949
789 0.1669492
790 0.1669499
791 0.1669496
792 0.1669499
793 0.1669501
794 0.1669501
795 0.1669506
796 0.1669509
797 0.1669506
798 0.1669514
799 0.1669508
800 0.1669507
801 0.1669515
802 0.1669521
803 0.1669521
804 0.1669525
805 0.1669529
806 0.1669529
807 0.166953
808 0.1669536
809 0.1669534
810 0.166954
811 0.1669543
812 0.1669546
813 0.1669547
814 0.1669549
815 0.1669553
816 0.1669552
817 0.1669558
818 0.1669559
819 0.1669562
820 0.1669566
821 0.1669568
822 0.1669566
823 0.1669569
824 0.1669572
825 0.166957
826 0.1669573
827 0.1669579
828 0.1669579
829 0.1669576
830 0.1669583
831 0.1669579
832 0.1669585
833 0.1669586
834 0.1669585
835 0.1669586
836 0.1669591
837 0.1669593
838 0.1669597
839 0.1669595
840 0.1669602
841 0.1669603
842 0.1669605
843 0.1669606
844 0.1669614
845 0.1669614
846 0.1669614
847 0.166962
848 0.1669624
849 0.1669624
850 0.1669621
851 0.1669625
852 0.1669626
853 0.1669624
854 0.1669628
855 0.166963
856 0.1669631
857 0.1669638
858 0.1669637
859 0.166964
860 0.1669641
861 0.1669645
862 0.1669647
863 0.1669649
864 0.1669651
865 0.1669655
866 0.1669656
867 0.166966
868 0.1669662
869 0.1669664
870 0.1669661
871 0.1669664
872 0.1669669
873 0.1669668
874 0.1669671
875 0.1669671
876 0.1669676
877 0.1669684
878 0.1669682
879 0.1669687
880 0.166969
881 0.1669687
882 0.1669688
883 0.1669694
884 0.1669692
885 0.16697
886 0.1669701
887 0.1669699
888 0.1669696
889 0.1669703
890 0.1669702
891 0.1669706
892 0.1669706
893 0.1669707
894 0.1669707
895 0.1669713
896 0.1669715
897 0.1669713
898 0.1669717
899 0.1669716
900 0.1669723
901 0.1669724
902 0.1669726
903 0.1669728
904 0.166973
905 0.1669731
906 0.1669736
907 0.1669737
908 0.1669736
909 0.1669738
910 0.1669743
911 0.1669746
912 0.1669747
913 0.1669746
914 0.1669749
915 0.166975
916 0.1669755
917 0.1669754
918 0.1669755
919 0.1669759
920 0.1669764
921 0.1669762
922 0.1669765
923 0.1669767
924 0.1669771
925 0.1669772
926 0.1669771
927 0.166977
928 0.1669774
929 0.1669777
930 0.166978
931 0.1669777
932 0.1669778
933 0.1669782
934 0.1669781
935 0.1669784
936 0.1669786
937 0.1669783
938 0.166978
939 0.1669787
940 0.1669786
941 0.166979
942 0.1669797
943 0.16698
944 0.1669799
945 0.1669804
946 0.1669806
947 0.1669809
948 0.166981
949 0.1669812
950 0.1669816
951 0.1669818
952 0.1669819
953 0.1669824
954 0.1669826
955 0.1669823
956 0.1669825
957 0.1669823
958 0.1669828
959 0.1669831
960 0.166983
961 0.1669831
962 0.1669836
963 0.1669834
964 0.1669839
965 0.1669839
966 0.1669839
967 0.1669841
968 0.1669844
969 0.1669845
970 0.1669846
971 0.166985
972 0.1669854
973 0.1669853
974 0.1669851
975 0.1669856
976 0.1669859
977 0.1669859
978 0.1669857
979 0.1669861
980 0.1669862
981 0.1669864
982 0.1669866
983 0.1669868
984 0.166987
985 0.166987
986 0.1669871
987 0.1669876
988 0.1669876
989 0.1669878
990 0.1669877
991 0.1669878
992 0.1669879
993 0.1669882
994 0.1669883
995 0.1669888
996 0.1669886
997 0.1669886
998 0.1669888
999 0.1669889
1000 0.1669888
1001 0.1669889
1002 0.166989
1003 0.1669894
1004 0.1669894
1005 0.1669895
1006 0.1669893
1007 0.1669897
1008 0.1669899
1009 0.16699
1010 0.1669901
1011 0.1669903
1012 0.1669905
1013 0.1669909
1014 0.1669909
1015 0.1669913
1016 0.1669914
1017 0.1669913
1018 0.1669912
1019 0.1669917
1020 0.1669917
1021 0.1669915
1022 0.1669921
1023 0.1669922
1024 0.1669921
1025 0.166992
1026 0.1669921
1027 0.1669921
1028 0.1669926
1029 0.1669925
1030 0.166993
1031 0.1669931
1032 0.1669929
1033 0.1669938
1034 0.1669937
1035 0.166994
1036 0.1669935
1037 0.1669939
1038 0.1669941
1039 0.1669941
1040 0.1669943
1041 0.1669944
1042 0.1669946
1043 0.1669948
1044 0.1669946
1045 0.1669952
1046 0.1669953
1047 0.1669951
1048 0.1669951
1049 0.1669953
1050 0.1669957
1051 0.1669959
1052 0.1669961
1053 0.1669961
1054 0.1669961
1055 0.1669961
1056 0.1669962
1057 0.1669965
1058 0.1669966
1059 0.1669964
1060 0.1669966
1061 0.1669968
1062 0.1669969
1063 0.1669971
1064 0.1669971
1065 0.1669974
1066 0.1669973
1067 0.1669979
1068 0.1669976
1069 0.1669979
1070 0.166998
1071 0.1669981
1072 0.1669981
1073 0.1669983
1074 0.1669985
1075 0.1669986
1076 0.1669988
1077 0.166999
1078 0.1669993
1079 0.1669989
1080 0.1669993
1081 0.1669996
1082 0.1669995
1083 0.1669997
1084 0.1669998
1085 0.167
1086 0.1670004
1087 0.1670007
1088 0.1670009
1089 0.1670011
1090 0.1670008
1091 0.1670008
1092 0.167001
1093 0.1670009
1094 0.1670014
1095 0.1670014
1096 0.1670013
1097 0.1670012
1098 0.1670016
1099 0.1670019
1100 0.1670021
1101 0.1670021
1102 0.1670026
1103 0.1670027
1104 0.1670027
1105 0.1670024
1106 0.1670026
1107 0.1670029
1108 0.1670031
1109 0.1670026
1110 0.1670031
1111 0.1670032
1112 0.1670035
1113 0.1670035
1114 0.1670036
1115 0.1670037
1116 0.1670036
1117 0.1670042
1118 0.1670042
1119 0.1670044
1120 0.1670045
1121 0.1670047
1122 0.1670049
1123 0.1670046
1124 0.1670051
1125 0.167005
1126 0.1670051
1127 0.1670052
1128 0.1670054
1129 0.1670054
1130 0.1670052
1131 0.1670057
1132 0.1670057
1133 0.1670061
1134 0.1670062
1135 0.1670058
1136 0.1670064
1137 0.1670066
1138 0.1670064
1139 0.1670067
1140 0.167007
1141 0.1670068
1142 0.1670072
1143 0.167007
1144 0.1670072
1145 0.1670072
1146 0.1670076
1147 0.1670074
1148 0.1670074
1149 0.1670075
1150 0.1670076
1151 0.1670074
1152 0.1670077
1153 0.1670077
1154 0.1670083
1155 0.1670086
1156 0.1670085
1157 0.1670087
1158 0.1670086
1159 0.1670083
1160 0.1670085
1161 0.1670088
1162 0.1670087
1163 0.1670088
1164 0.1670092
1165 0.1670093
1166 0.1670097
1167 0.1670098
1168 0.1670099
1169 0.1670097
1170 0.1670098
1171 0.1670097
1172 0.1670099
1173 0.1670099
1174 0.1670102
1175 0.1670103
1176 0.1670101
1177 0.1670104
1178 0.1670106
1179 0.1670101
1180 0.1670102
1181 0.1670105
1182 0.1670105
1183 0.1670105
1184 0.1670111
1185 0.1670108
1186 0.1670109
1187 0.1670109
1188 0.1670113
1189 0.1670114
1190 0.1670114
1191 0.1670115
1192 0.1670115
1193 0.1670119
1194 0.1670118
1195 0.167012
1196 0.1670118
1197 0.1670117
1198 0.1670121
1199 0.1670121
1200 0.1670121
1201 0.1670123
1202 0.1670124
1203 0.1670125
1204 0.1670128
1205 0.1670126
1206 0.1670126
1207 0.1670129
1208 0.1670133
1209 0.167013
1210 0.1670131
1211 0.1670134
1212 0.1670136
1213 0.1670135
1214 0.1670139
1215 0.167014
1216 0.1670143
1217 0.167014
1218 0.1670146
1219 0.167014
1220 0.1670142
1221 0.1670145
1222 0.1670146
1223 0.1670144
1224 0.1670147
1225 0.1670148
1226 0.1670151
1227 0.1670151
1228 0.1670152
1229 0.1670153
1230 0.1670152
1231 0.1670158
1232 0.1670153
1233 0.1670157
1234 0.1670157
1235 0.1670159
1236 0.1670159
1237 0.167016
1238 0.1670167
1239 0.1670168
1240 0.1670165
1241 0.1670163
1242 0.1670165
1243 0.1670168
1244 0.1670166
1245 0.1670169
1246 0.1670167
1247 0.167017
1248 0.1670171
1249 0.1670168
1250 0.1670173
1251 0.1670176
1252 0.1670176
1253 0.1670174
1254 0.1670183
1255 0.1670181
1256 0.1670184
1257 0.1670184
1258 0.1670186
1259 0.1670187
1260 0.1670185
1261 0.1670186
1262 0.1670187
1263 0.1670188
1264 0.167019
1265 0.1670186
1266 0.1670185
1267 0.167019
1268 0.1670187
1269 0.1670187
1270 0.1670194
1271 0.1670193
1272 0.1670197
1273 0.1670198
1274 0.1670194
1275 0.1670196
1276 0.1670197
1277 0.1670199
1278 0.1670202
1279 0.1670202
1280 0.1670203
1281 0.1670204
1282 0.1670208
1283 0.1670207
1284 0.1670209
1285 0.1670209
1286 0.1670209
1287 0.1670212
1288 0.1670212
1289 0.1670211
1290 0.1670213
1291 0.1670212
1292 0.1670214
1293 0.1670221
1294 0.1670219
1295 0.1670218
1296 0.1670218
1297 0.167022
1298 0.1670221
1299 0.1670226
1300 0.1670228
1301 0.1670225
1302 0.1670231
1303 0.1670227
1304 0.1670227
1305 0.1670231
1306 0.1670231
1307 0.1670231
1308 0.1670231
1309 0.1670232
1310 0.167023
1311 0.1670234
1312 0.1670232
1313 0.1670234
1314 0.1670235
1315 0.1670235
1316 0.1670232
1317 0.1670234
1318 0.1670237
1319 0.1670235
1320 0.1670232
1321 0.1670236
1322 0.167024
1323 0.167024
1324 0.167024
1325 0.1670241
1326 0.167024
1327 0.1670238
1328 0.1670241
1329 0.1670238
1330 0.1670239
1331 0.1670239
1332 0.1670241
1333 0.1670244
1334 0.1670241
1335 0.1670243
1336 0.1670239
1337 0.1670246
1338 0.1670245
1339 0.1670245
1340 0.1670247
1341 0.1670247
1342 0.1670249
1343 0.1670251
1344 0.1670255
1345 0.1670252
1346 0.1670254
1347 0.1670254
1348 0.1670255
1349 0.1670255
1350 0.1670254
1351 0.1670255
1352 0.1670258
1353 0.1670257
1354 0.1670259
1355 0.1670258
1356 0.1670261
1357 0.1670258
1358 0.1670262
1359 0.167026
1360 0.1670263
1361 0.1670263
1362 0.1670264
1363 0.1670266
1364 0.1670268
1365 0.1670268
1366 0.167027
1367 0.1670267
1368 0.1670268
1369 0.167027
1370 0.1670271
1371 0.1670271
1372 0.1670272
1373 0.167027
1374 0.167027
1375 0.167027
1376 0.1670273
1377 0.1670272
1378 0.1670276
1379 0.1670276
1380 0.1670278
1381 0.1670276
1382 0.1670275
1383 0.1670277
1384 0.167028
1385 0.167028
1386 0.167028
1387 0.1670283
1388 0.1670283
1389 0.167028
1390 0.1670283
1391 0.1670286
1392 0.1670286
1393 0.1670286
1394 0.1670289
1395 0.1670289
1396 0.1670289
1397 0.1670289
1398 0.1670294
1399 0.1670291
1400 0.1670291
1401 0.167029
1402 0.167029
1403 0.1670294
1404 0.1670291
1405 0.1670292
1406 0.1670295
1407 0.1670294
1408 0.1670297
1409 0.1670297
1410 0.1670299
1411 0.1670298
1412 0.1670301
1413 0.1670298
1414 0.1670302
1415 0.1670301
1416 0.1670301
1417 0.1670302
1418 0.1670305
1419 0.1670302
1420 0.1670306
1421 0.1670302
1422 0.1670305
1423 0.1670305
1424 0.1670305
1425 0.1670307
1426 0.1670309
1427 0.167031
1428 0.1670311
1429 0.1670308
1430 0.1670305
1431 0.1670309
1432 0.1670313
1433 0.1670311
1434 0.1670312
1435 0.1670314
1436 0.1670316
1437 0.1670317
1438 0.1670319
1439 0.1670317
1440 0.1670319
1441 0.167032
1442 0.1670321
1443 0.167032
1444 0.167032
1445 0.1670319
1446 0.1670319
1447 0.1670322
1448 0.1670325
1449 0.1670323
1450 0.1670323
1451 0.1670322
1452 0.1670324
1453 0.1670324
1454 0.1670328
1455 0.1670328
1456 0.1670327
1457 0.1670325
1458 0.1670327
1459 0.1670326
1460 0.1670331
1461 0.1670329
1462 0.1670329
1463 0.1670329
1464 0.1670334
1465 0.1670332
1466 0.1670332
1467 0.1670335
1468 0.1670332
1469 0.1670334
1470 0.1670331
1471 0.1670331
1472 0.1670332
1473 0.1670336
1474 0.1670336
1475 0.1670335
1476 0.1670336
1477 0.1670339
1478 0.1670338
1479 0.1670339
1480 0.1670334
1481 0.1670338
1482 0.1670339
1483 0.167034
1484 0.167034
1485 0.1670343
1486 0.1670343
1487 0.1670343
1488 0.1670344
1489 0.1670346
1490 0.1670343
1491 0.1670343
1492 0.1670345
1493 0.1670347
1494 0.1670347
1495 0.1670346
1496 0.1670347
1497 0.1670348
1498 0.167035
1499 0.1670351
1500 0.1670348
1501 0.167035
1502 0.167035
1503 0.1670351
1504 0.1670351
1505 0.1670349
1506 0.1670352
1507 0.1670353
1508 0.167035
1509 0.1670354
1510 0.167035
1511 0.1670353
1512 0.1670349
1513 0.1670352
1514 0.1670354
1515 0.1670353
1516 0.1670356
1517 0.1670356
1518 0.1670355
1519 0.1670354
1520 0.1670357
1521 0.1670359
1522 0.1670356
1523 0.1670357
1524 0.1670363
1525 0.1670362
1526 0.1670365
1527 0.1670367
1528 0.1670366
1529 0.1670366
1530 0.1670363
1531 0.1670362
1532 0.1670365
1533 0.1670365
1534 0.167037
1535 0.1670367
1536 0.1670367
1537 0.1670367
1538 0.1670368
1539 0.167037
1540 0.167037
1541 0.1670372
1542 0.1670371
1543 0.1670372
1544 0.167037
1545 0.1670371
1546 0.167037
1547 0.1670373
1548 0.1670373
1549 0.1670375
1550 0.1670375
1551 0.1670371
1552 0.1670372
1553 0.1670375
1554 0.1670375
1555 0.1670378
1556 0.1670374
1557 0.1670379
1558 0.167038
1559 0.1670378
1560 0.1670379
1561 0.1670378
1562 0.1670381
1563 0.1670378
1564 0.167038
1565 0.1670384
1566 0.1670384
1567 0.1670383
1568 0.1670382
1569 0.1670381
1570 0.1670384
1571 0.1670385
1572 0.1670387
1573 0.1670387
1574 0.1670388
1575 0.1670386
1576 0.1670385
1577 0.1670386
1578 0.1670389
1579 0.1670387
1580 0.1670387
1581 0.1670392
1582 0.1670392
1583 0.1670395
1584 0.1670391
1585 0.1670391
1586 0.1670388
1587 0.167039
1588 0.1670393
1589 0.1670395
1590 0.1670393
1591 0.1670391
1592 0.1670395
1593 0.1670396
1594 0.1670395
1595 0.1670394
1596 0.1670396
1597 0.1670395
1598 0.1670397
1599 0.1670395
1600 0.1670398
1601 0.1670397
1602 0.16704
1603 0.1670401
1604 0.1670401
1605 0.1670399
1606 0.1670399
1607 0.1670399
1608 0.16704
1609 0.1670404
1610 0.1670403
1611 0.1670404
1612 0.1670406
1613 0.1670409
1614 0.1670405
1615 0.1670405
1616 0.167041
1617 0.1670409
1618 0.1670408
1619 0.1670408
1620 0.1670407
1621 0.1670409
1622 0.1670411
1623 0.1670411
1624 0.1670406
1625 0.1670406
1626 0.1670409
1627 0.1670407
1628 0.167041
1629 0.167041
1630 0.1670411
1631 0.1670413
1632 0.1670411
1633 0.1670412
1634 0.1670414
1635 0.1670414
1636 0.1670414
1637 0.1670413
1638 0.1670413
1639 0.1670413
1640 0.1670416
1641 0.1670412
1642 0.1670415
1643 0.1670416
1644 0.1670413
1645 0.1670415
1646 0.1670415
1647 0.1670418
1648 0.1670417
1649 0.1670416
1650 0.1670415
1651 0.1670417
1652 0.1670416
1653 0.1670418
1654 0.1670421
1655 0.1670418
1656 0.167042
1657 0.1670423
1658 0.1670424
1659 0.1670424
1660 0.1670423
1661 0.1670422
1662 0.1670426
1663 0.1670424
1664 0.1670424
1665 0.1670426
1666 0.1670427
1667 0.1670425
1668 0.1670427
1669 0.1670424
1670 0.1670422
1671 0.1670426
1672 0.1670425
1673 0.1670427
1674 0.1670429
1675 0.1670428
1676 0.1670432
1677 0.1670433
1678 0.1670432
1679 0.1670434
1680 0.1670433
1681 0.1670431
1682 0.1670432
1683 0.1670433
1684 0.1670433
1685 0.1670433
1686 0.167043
1687 0.1670428
1688 0.1670427
1689 0.1670429
1690 0.1670431
1691 0.1670435
1692 0.1670432
1693 0.1670436
1694 0.1670438
1695 0.1670432
1696 0.1670432
1697 0.1670436
1698 0.1670434
1699 0.1670436
1700 0.1670436
1701 0.1670436
1702 0.1670436
1703 0.1670437
1704 0.1670438
1705 0.1670437
1706 0.1670438
1707 0.1670439
1708 0.1670442
1709 0.1670445
1710 0.1670446
1711 0.1670443
1712 0.1670444
1713 0.1670445
1714 0.1670444
1715 0.1670447
1716 0.1670449
1717 0.167045
1718 0.1670448
1719 0.1670447
1720 0.1670448
1721 0.1670445
1722 0.1670443
1723 0.1670445
1724 0.1670448
1725 0.1670447
1726 0.167045
1727 0.167045
1728 0.167045
1729 0.1670452
1730 0.1670446
1731 0.1670448
1732 0.1670452
1733 0.1670451
1734 0.1670451
1735 0.1670451
1736 0.1670451
1737 0.167045
1738 0.1670453
1739 0.1670452
1740 0.1670452
1741 0.1670454
1742 0.1670453
1743 0.1670454
1744 0.1670456
1745 0.1670454
1746 0.1670455
1747 0.1670456
1748 0.1670453
1749 0.1670453
1750 0.1670452
1751 0.1670458
1752 0.1670456
1753 0.1670455
1754 0.1670456
1755 0.1670456
1756 0.1670457
1757 0.1670458
1758 0.1670462
1759 0.1670458
1760 0.1670457
1761 0.167046
1762 0.1670458
1763 0.167046
1764 0.1670458
1765 0.167046
1766 0.167046
1767 0.167046
1768 0.167046
1769 0.1670461
1770 0.1670462
1771 0.1670461
1772 0.1670464
1773 0.1670463
1774 0.1670462
1775 0.1670465
1776 0.1670462
1777 0.1670464
1778 0.1670466
1779 0.1670464
1780 0.1670466
1781 0.1670465
1782 0.1670466
1783 0.1670464
1784 0.1670464
1785 0.1670466
1786 0.1670464
1787 0.1670471
1788 0.1670469
1789 0.1670469
1790 0.1670467
1791 0.1670467
1792 0.1670467
1793 0.1670467
1794 0.1670465
1795 0.1670469
1796 0.1670464
1797 0.1670468
1798 0.1670468
1799 0.1670468
1800 0.1670469
1801 0.1670471
1802 0.1670472
1803 0.167047
1804 0.1670472
1805 0.1670472
1806 0.1670473
1807 0.1670474
1808 0.1670474
1809 0.1670472
1810 0.1670472
1811 0.1670474
1812 0.1670477
1813 0.1670473
1814 0.1670472
1815 0.1670475
1816 0.1670474
1817 0.1670477
1818 0.1670477
1819 0.1670478
1820 0.1670479
1821 0.1670478
1822 0.1670479
1823 0.1670479
1824 0.1670483
1825 0.1670478
1826 0.1670482
1827 0.167048
1828 0.1670481
1829 0.1670479
1830 0.1670478
1831 0.1670478
1832 0.167048
1833 0.1670475
1834 0.1670478
1835 0.1670482
1836 0.167048
1837 0.167048
1838 0.1670478
1839 0.1670478
1840 0.167048
1841 0.167048
1842 0.1670484
1843 0.1670481
1844 0.1670485
1845 0.167048
1846 0.167048
1847 0.1670482
1848 0.167048
1849 0.1670482
1850 0.1670484
1851 0.1670482
1852 0.1670484
1853 0.1670483
1854 0.1670483
1855 0.1670482
1856 0.1670482
1857 0.1670485
1858 0.1670484
1859 0.1670487
1860 0.1670487
1861 0.1670488
1862 0.1670487
1863 0.1670486
1864 0.1670488
1865 0.1670486
1866 0.1670485
1867 0.1670486
1868 0.1670486
1869 0.1670484
1870 0.1670488
1871 0.1670485
1872 0.1670486
1873 0.1670488
1874 0.1670486
1875 0.167049
1876 0.1670488
1877 0.1670487
1878 0.1670493
1879 0.167049
1880 0.1670489
1881 0.1670488
1882 0.167049
1883 0.1670493
1884 0.1670491
1885 0.1670491
1886 0.1670493
1887 0.1670493
1888 0.167049
1889 0.1670493
1890 0.1670491
1891 0.1670495
1892 0.1670494
1893 0.1670494
1894 0.1670493
1895 0.1670491
1896 0.1670495
1897 0.1670494
1898 0.1670494
1899 0.1670494
1900 0.1670495
1901 0.1670493
1902 0.1670495
1903 0.1670497
1904 0.1670495
1905 0.1670497
1906 0.1670498
1907 0.1670494
1908 0.1670495
1909 0.1670495
1910 0.1670494
1911 0.1670496
1912 0.1670498
1913 0.1670496
1914 0.1670497
1915 0.1670497
1916 0.16705
1917 0.1670501
1918 0.1670501
1919 0.1670501
1920 0.1670502
1921 0.1670501
1922 0.1670501
1923 0.1670501
1924 0.1670503
1925 0.1670503
1926 0.16705
1927 0.1670501
1928 0.1670501
1929 0.1670499
1930 0.1670504
1931 0.1670502
1932 0.16705
1933 0.1670501
1934 0.16705
1935 0.1670503
1936 0.1670499
1937 0.1670503
1938 0.1670504
1939 0.1670504
1940 0.1670505
1941 0.1670505
1942 0.1670504
1943 0.1670504
1944 0.1670505
1945 0.1670506
1946 0.1670507
1947 0.1670509
1948 0.1670509
1949 0.1670506
1950 0.1670506
1951 0.1670507
1952 0.1670506
1953 0.1670505
1954 0.1670506
1955 0.1670505
1956 0.1670507
1957 0.1670506
1958 0.1670506
1959 0.1670508
1960 0.1670506
1961 0.1670505
1962 0.1670508
1963 0.1670507
1964 0.1670508
1965 0.167051
1966 0.1670507
1967 0.1670509
1968 0.1670508
1969 0.1670508
1970 0.1670509
1971 0.1670508
1972 0.1670508
1973 0.1670511
1974 0.167051
1975 0.1670512
1976 0.1670512
1977 0.1670513
1978 0.1670512
1979 0.1670512
1980 0.167051
1981 0.1670511
1982 0.1670512
1983 0.1670511
1984 0.1670508
1985 0.1670511
1986 0.1670511
1987 0.1670512
1988 0.1670514
1989 0.1670515
1990 0.1670515
1991 0.1670513
1992 0.1670511
1993 0.1670511
1994 0.167051
1995 0.167051
1996 0.1670513
1997 0.1670511
1998 0.1670512
1999 0.1670512
2000 0.1670509
