"drag-rfile"
"Iteration" "drag"
("Iteration" "drag")
1 0.2642133190344284
2 0.1671039565512314
3 0.113924211989517
4 0.08460833248544213
5 0.06883539854009334
6 0.05980648378726592
7 0.05440530187012915
8 0.05111237807652211
9 0.04905696867387401
10 0.0477236503740386
11 0.04682856496503481
12 0.04621873974030122
13 0.04578884317883709
14 0.04548082389906046
15 0.04525606151038111
16 0.04512053999455082
17 0.04501808953887716
18 0.04493474561910962
19 0.04486666539812433
20 0.04480163913499605
21 0.04475627391918034
22 0.04472044252249597
23 0.04469065499100708
24 0.04466569820170528
25 0.04464487166122363
26 0.04462752022367127
27 0.04461307661182789
28 0.0446010524986423
29 0.04459132087794971
30 0.04458308021267471
31 0.04457606960886912
32 0.04457003437084569
33 0.04456491238963243
34 0.04456063396745488
35 0.04455695752785223
36 0.0445537454498303
37 0.04455094818800604
38 0.04454850634965368
39 0.04454635386194575
40 0.04454443610076952
41 0.04454270920343983
42 0.04454113850025279
43 0.04453969641934372
44 0.04453835512200802
45 0.04453710500221946
46 0.04453592597782537
47 0.04453480632992428
48 0.04453373666341588
49 0.04453270847370516
50 0.04453171484390941
51 0.04453075014666347
52 0.04452980962239295
53 0.04452888963692698
54 0.04452798763955547
55 0.04452710143633865
56 0.04452622994389326
57 0.04452537246448154
58 0.04452580078799328
59 0.04452507251067891
60 0.04452525744943748
61 0.04452437510314362
62 0.04452436077506513
63 0.04452338445112698
64 0.04452323898028655
65 0.04452319735522219
66 0.04452303683875258
67 0.04452274468281731
68 0.0445223461202732
69 0.04452186506034653
70 0.04452132043830138
71 0.04452072742900634
72 0.04452009809773457
73 0.04451944208428329
74 0.04451876717170656
75 0.04451807940457721
76 0.04451738354374322
77 0.04451668528944074
78 0.0445159861578469
79 0.04451528705235655
80 0.04451458944250605
81 0.04451389472027396
82 0.04451320387457459
83 0.04451251763161321
84 0.04451183653768358
85 0.04451116110250635
86 0.04451049164125698
87 0.04450982826129379
88 0.04450917104239612
89 0.04450852005843575
90 0.04450787535506875
91 0.04450723702065879
92 0.04450660509545421
93 0.04450597947534458
94 0.04450535999203113
95 0.04450474665788592
96 0.04450413951250026
97 0.04450353856004718
98 0.04450294384560267
99 0.04450235520154077
100 0.04450177243363504
101 0.04450119536316195
102 0.04450062394610919
103 0.04450005821479277
104 0.04449949819860965
105 0.04449894390768397
106 0.04449839515314028
107 0.0444978517791645
108 0.04449731361492872
109 0.04449678040706602
110 0.04449625193939834
111 0.04449572805399166
112 0.04449520864463419
113 0.04449469361079727
114 0.04449418285227537
115 0.04449367629606792
116 0.04449317389723779
117 0.04449267558711044
118 0.04449218129248116
119 0.04449169094105889
120 0.04449120452120237
121 0.0444907221572452
122 0.04449024393685942
123 0.04448976984768542
124 0.04448884228334802
125 0.04448834625436977
126 0.04448796430581733
127 0.04448759076878487
128 0.04448720645336059
129 0.04448681219090449
130 0.04448640733099429
131 0.04448555540757028
132 0.04448511676790904
133 0.04448478207251484
134 0.0444844505006573
135 0.04448410457935625
136 0.04448374580173751
137 0.04448295042546486
138 0.04448254847915793
139 0.04448224267623314
140 0.04448193679710644
141 0.0444816147775569
142 0.04448086426609955
143 0.0444804920437744
144 0.04448021003272599
145 0.04447992560132677
146 0.04447921642098326
147 0.0444788749052568
148 0.04447861747666029
149 0.04447835416694792
150 0.04447767329184236
151 0.04447734962928423
152 0.04447710598327233
153 0.04447685525914483
154 0.04447619661725918
155 0.04447588570420145
156 0.04447565191535103
157 0.044475024979106
158 0.04447474216310658
159 0.04447454034147409
160 0.04447394601789426
161 0.04447368514382861
162 0.04447349021931461
163 0.04447290828213751
164 0.04447265587381936
165 0.04447246826111315
166 0.04447189966595795
167 0.04447165519423051
168 0.04447147373341625
169 0.04447091714032382
170 0.04447067959678801
171 0.04447050340084929
172 0.04446995793903924
173 0.04446972661435251
174 0.04446957382256458
175 0.04446906026248311
176 0.04446884259916882
177 0.04446833458173714
178 0.04446813839349521
179 0.04446799486450604
180 0.04446749656665007
181 0.04446729162990855
182 0.0444668023182915
183 0.04446661883415826
184 0.04446614829412045
185 0.0444659816306351
186 0.0444655258458344
187 0.0444653712397522
188 0.04446492694833055
189 0.04446478112878237
190 0.04446434599965535
191 0.04446420684860868
192 0.0444637793554384
193 0.04446364551069081
194 0.04446322468730907
195 0.04446309521492797
196 0.04446268047171421
197 0.04446255454036196
198 0.04446214546597104
199 0.04446202249010593
200 0.04446161881436389
201 0.04446149789141215
202 0.04446109989940102
203 0.04446098118146313
204 0.0444605881842688
205 0.04446047167442141
206 0.04446008350454651
207 0.04445996917534897
208 0.04445958570669566
209 0.04445947350538756
210 0.04445909467155029
211 0.04445898452664241
212 0.04445861030959825
213 0.04445850215689994
214 0.04445821700122857
215 0.04445815869029755
216 0.04445783821031094
217 0.04445774570515906
218 0.04445740887644777
219 0.04445730435293081
220 0.04445696402663727
221 0.04445658565410751
222 0.0444564975753369
223 0.0444561799234296
224 0.04445609410072363
225 0.04445577359058733
226 0.04445541454283521
227 0.04445534012033955
228 0.04445503776511404
229 0.0444546963309837
230 0.04445463713574195
231 0.04445434865262173
232 0.044454019987787
233 0.04445397000690145
234 0.0444536913734416
235 0.04445338858619536
236 0.04445335072988692
237 0.04445308821649367
238 0.04445278122695201
239 0.04445273947581207
240 0.04445247895264087
241 0.04445217580739794
242 0.0444521346254158
243 0.04445187822219255
244 0.04445157998999523
245 0.0444515399869654
246 0.04445128795030059
247 0.04445099470355986
248 0.04445095590470602
249 0.04445070815925235
250 0.04445041978125219
251 0.04445013948211628
252 0.04445012015188154
253 0.04444989013803734
254 0.04444961790719955
255 0.04444935200140972
256 0.04444934289036986
257 0.04444912361132989
258 0.04444886171871973
259 0.04444860534185281
260 0.04444860148893609
261 0.04444838965124969
262 0.0444481355318638
263 0.04444788653505209
264 0.04444788569211649
265 0.04444767970479484
266 0.04444743203365036
267 0.04444718923214204
268 0.04444695790600843
269 0.04444697173656161
270 0.04444677996083723
271 0.04444654562589073
272 0.04444631487146035
273 0.04444609435646703
274 0.0444461139421091
275 0.0444459304203142
276 0.04444570465479384
277 0.04444548202022254
278 0.04444526906320872
279 0.04444506543920983
280 0.04444509690195432
281 0.04444492608197793
282 0.04444471248071788
283 0.04444450099344342
284 0.04444429822615577
285 0.04444410397475539
286 0.04444391727094328
287 0.04444373702019873
288 0.04444378535274649
289 0.04444363187308084
290 0.04444343482719563
291 0.04444323852281148
292 0.0444430495695716
293 0.04444286793157645
294 0.04444269280210646
295 0.04444252323866693
296 0.04444235836853355
297 0.04444219746168761
298 0.04444203993233158
299 0.0444418853132624
300 0.0444417332436094
301 0.04444158342761718
302 0.04444143563780768
303 0.04444128967725066
304 0.04444114539972806
305 0.04444100267544679
306 0.04444086136255938
307 0.04444072133474297
308 0.0444405824884402
309 0.04444044473941042
310 0.0444403080185266
311 0.04444017228144773
312 0.04444003748849853
313 0.04443990359659739
314 0.04443977056776304
315 0.04443963836950731
316 0.04443950697806039
317 0.0444393763688521
318 0.04443924651365922
319 0.04443911738596143
320 0.04443898897305827
321 0.04443886126751541
322 0.04443873425642105
323 0.04443860792965191
324 0.04443848227943118
325 0.04443835730100497
326 0.04443823299037443
327 0.04443810934772745
328 0.0444379863719981
329 0.04443786406025499
330 0.04443774241059073
331 0.04443762142055638
332 0.04443750108510224
333 0.04443738139826704
334 0.04443726236010932
335 0.04443714397380575
336 0.04443702623822556
337 0.04443690915240894
338 0.04443679271503027
339 0.04443667691698872
340 0.04443656174903477
341 0.04443644720775854
342 0.04443633327477185
343 0.0444362199353271
344 0.04443610717826962
345 0.04443599499673642
346 0.0444358833876717
347 0.04443577234073661
348 0.04443566184760693
349 0.04443555190433862
350 0.04443544251211536
351 0.04443533366950784
352 0.04443522539318029
353 0.04443511768862806
354 0.04443501054343359
355 0.04443490394648723
356 0.04443479789472041
357 0.04443469238500192
358 0.04443458741900185
359 0.04443448299269349
360 0.04443437910010403
361 0.04443427573683394
362 0.04443417289710865
363 0.04443407057524618
364 0.04443396876355144
365 0.0444338674510899
366 0.04443376663227931
367 0.04443366629237306
368 0.04443356641875189
369 0.04443346700333961
370 0.04443336804369662
371 0.04443326953885818
372 0.04443317148672531
373 0.04443307388541842
374 0.04443298277824672
375 0.04443289042910462
376 0.04443279683786927
377 0.04443270266545402
378 0.04443260834065325
379 0.04443251410311596
380 0.04443242009339025
381 0.04443232638264418
382 0.04443223300877961
383 0.04443213999483245
384 0.04443204735366322
385 0.04443195509295255
386 0.04443186321987818
387 0.04443177173911299
388 0.04443168065276187
389 0.0444315899476263
390 0.04443149966001691
391 0.04443140976791814
392 0.04443132026898471
393 0.04443123116271734
394 0.04443114244893531
395 0.04443105412781597
396 0.04443096620118263
397 0.04443087866899365
398 0.04443079153005764
399 0.04443070478005362
400 0.04443061841862408
401 0.04443053244351606
402 0.04443044684911488
403 0.04443036162889807
404 0.0444302763151659
405 0.04443019152544632
406 0.04443010722018869
407 0.04443002336611334
408 0.04442993994100784
409 0.04442985692297085
410 0.04442977429557091
411 0.04442969204334651
412 0.04442961015675897
413 0.04442952863123426
414 0.04442944746389944
415 0.04442936664974043
416 0.04442928618605915
417 0.04442920606943657
418 0.04442912629441235
419 0.04442904685558393
420 0.04442896775451865
421 0.04442888899532636
422 0.04442881057992171
423 0.04442873251452829
424 0.04442865479518451
425 0.04442857741837597
426 0.04442850037800926
427 0.04442842366212203
428 0.04442834726628277
429 0.04442827119045854
430 0.04442819543109849
431 0.04442811998628875
432 0.04442804485363942
433 0.04442797002866487
434 0.04442789551659432
435 0.04442782132060844
436 0.04442774743463898
437 0.04442767385593985
438 0.04442760058263805
439 0.04442752761513472
440 0.04442745495889667
441 0.04442738261790648
442 0.04442731059334952
443 0.04442723888226455
444 0.04442716748402464
445 0.04442709640011
446 0.04442702563185221
447 0.0444269551787933
448 0.04442688503740135
449 0.04442681520403976
450 0.04442674567834007
451 0.04442667645774853
452 0.04442660754478297
453 0.04442653874172629
454 0.04442647029491187
455 0.04442640221440883
456 0.0444263344805035
457 0.0444262670750346
458 0.04442619998321615
459 0.04442613319456572
460 0.0444260667015914
461 0.04442600049759789
462 0.04442593457696681
463 0.04442586893399164
464 0.04442580356321345
465 0.04442573846043197
466 0.04442567362354532
467 0.04442560905004572
468 0.04442554473782867
469 0.04442548068671093
470 0.04442541689604734
471 0.04442535336392247
472 0.04442529008795527
473 0.04442522706649903
474 0.04442516429822375
475 0.04442510178195606
476 0.04442503951289819
477 0.0444249774878735
478 0.04442491570644928
479 0.04442485416813718
480 0.04442479286921731
481 0.04442473181325947
482 0.04442467100348516
483 0.04442461044006178
484 0.0444245501209112
485 0.04442449004720684
486 0.04442443022003716
487 0.04442437063934296
488 0.04442431130786027
489 0.04442425222419037
490 0.04442419338425732
491 0.04442413478381062
492 0.04442407642128736
493 0.04442401829538992
494 0.04442396040523555
495 0.04442390275011621
496 0.04442384532227461
497 0.04442378812616248
498 0.04442373116450803
499 0.04442367443723613
500 0.04442361793775833
501 0.04442356165442228
502 0.04442350558009819
503 0.04442344971060881
504 0.04442339404940347
505 0.04442333859350602
506 0.04442328333851803
507 0.04442322828659891
508 0.04442317343879851
509 0.04442311879389372
510 0.04442306434950147
511 0.04442301010621381
512 0.04442295606428256
513 0.04442290222229694
514 0.0444228485792308
515 0.04442279513641398
516 0.04442274189275979
517 0.04442268884732511
518 0.04442263599984787
519 0.04442258334967616
520 0.04442253089561166
521 0.0444224786366678
522 0.04442242657177908
523 0.04442237469990129
524 0.04442232301985801
525 0.04442227153025136
526 0.04442222023031604
527 0.04442216911995618
528 0.04442211819876738
529 0.04442206746732261
530 0.04442201692567463
531 0.0444219665733744
532 0.04442191641062442
533 0.04442186643619411
534 0.04442181664797824
535 0.0444217670450049
536 0.04442171762473874
537 0.04442166838532718
538 0.04442161932725314
539 0.04442157044924296
540 0.04442152175116666
541 0.04442147323267882
542 0.04442142489282043
543 0.0444213767308518
544 0.04442132874671133
545 0.04442128093990132
546 0.04442123330958233
547 0.04442118585521985
548 0.04442113857567765
549 0.04442109146970769
550 0.04442104453751649
551 0.04442099777728933
552 0.04442095118783376
553 0.04442090476838819
554 0.04442085851807204
555 0.04442081243677376
556 0.04442076652488852
557 0.04442072078298614
558 0.04442067521181332
559 0.04442062981112581
560 0.04442058457994019
561 0.04442053951657823
562 0.04442049461946558
563 0.04442044988796819
564 0.04442040532213811
565 0.04442036092073573
566 0.0444203166816358
567 0.04442027260216852
568 0.04442022868182314
569 0.04442018491922844
570 0.0444201413155155
571 0.04442009786967445
572 0.04442005458198929
573 0.04442001145196937
574 0.04441996847868285
575 0.04441992566031541
576 0.04441988299516889
577 0.04441984048195571
578 0.04441979811943184
579 0.04441975590627913
580 0.04441971384101575
581 0.04441967192234759
582 0.0444196301495738
583 0.04441958852338971
584 0.04441954704405167
585 0.04441950571049503
586 0.044419464521307
587 0.04441942347584046
588 0.04441938257438465
589 0.04441934181665309
590 0.04441930120250134
591 0.04441926073210945
592 0.04441922040479366
593 0.0444191802196675
594 0.04441914017562716
595 0.0444191002718734
596 0.04441906050811374
597 0.04441902088559372
598 0.04441898140252159
599 0.04441894205650566
600 0.04441890284663636
601 0.04441886377268616
602 0.04441882483545758
603 0.04441878604403696
604 0.04441874739934002
605 0.04441870889563332
606 0.04441867052809317
607 0.0444186322949971
608 0.0444185941920756
609 0.044418556219521
610 0.04441851837905088
611 0.04441848067129987
612 0.04441844309428255
613 0.04441840564604801
614 0.04441836296218972
615 0.04441832254939573
616 0.04441828383024882
617 0.04441824612770504
618 0.04441820901703616
619 0.04441817226447136
620 0.04441813574440243
621 0.04441809939192644
622 0.04441806317563676
623 0.04441802708138913
624 0.04441799110348309
625 0.04441795524068477
626 0.04441791949401157
627 0.04441788386562093
628 0.04441784835746253
629 0.04441781297220331
630 0.04441777771366758
631 0.04441774258536432
632 0.04441770759061844
633 0.04441767273124186
634 0.04441763800853379
635 0.04441760342569701
636 0.04441756898475326
637 0.04441753468592922
638 0.04441750052733742
639 0.04441746650600302
640 0.04441743261902198
641 0.04441739886140341
642 0.04441736522586806
643 0.04441733169717985
644 0.04441729825417624
645 0.04441726487323733
646 0.0444172315308043
647 0.04441719820528334
648 0.04441716487885495
649 0.04441713153798419
650 0.04441709817854825
651 0.04441706480530292
652 0.04441703142983141
653 0.04441699806970466
654 0.04441696474383395
655 0.04441693147276472
656 0.04441689827578975
657 0.0444168651703921
658 0.04441683217053535
659 0.04441679928806201
660 0.04441676653258182
661 0.04441673391475017
662 0.04441670144197057
663 0.04441666911501106
664 0.04441663693152433
665 0.04441660488362498
666 0.04441657296113013
667 0.04441654115749841
668 0.04441650946880666
669 0.04441647789221805
670 0.04441644642589412
671 0.04441641506731289
672 0.04441638381404119
673 0.0444163526640215
674 0.04441632161414064
675 0.04441629066096181
676 0.04441625980372475
677 0.04441622904258859
678 0.04441619837753465
679 0.04441616780719022
680 0.04441613733019693
681 0.0444161069451871
682 0.0444160766509851
683 0.04441604644802415
684 0.04441601633572505
685 0.04441598631283719
686 0.04441595637842959
687 0.0444159265320739
688 0.04441589677355782
689 0.04441586710132831
690 0.04441583751432355
691 0.04441580801216385
692 0.04441577859437174
693 0.04441574926085522
694 0.04441572001143204
695 0.04441569084612609
696 0.04441566176497774
697 0.04441563276730087
698 0.04441560385321913
699 0.04441557502302489
700 0.04441554627513489
701 0.04441551761011973
702 0.0444154890286225
703 0.04441546053148104
704 0.04441543211982998
705 0.04441540379385522
706 0.04441537555367013
707 0.04441534739901113
708 0.04441531933003681
709 0.04441529134729386
710 0.04441526345133403
711 0.04441523564206101
712 0.04441520791975993
713 0.04441518028470987
714 0.04441515273704572
715 0.04441512527665593
716 0.04441509790335514
717 0.04441507061606734
718 0.04441504341848541
719 0.04441501630991926
720 0.04441498928911921
721 0.04441496235490912
722 0.04441493550764936
723 0.04441490874393121
724 0.04441488205813399
725 0.04441485544764651
726 0.04441482891135214
727 0.04441480244911856
728 0.04441477606070884
729 0.04441474974611017
730 0.04441472350530989
731 0.04441469733837884
732 0.04441467124539113
733 0.04441464522649561
734 0.04441461928187657
735 0.04441459341121737
736 0.04441456761415957
737 0.04441454189034078
738 0.04441451623976744
739 0.04441449066193651
740 0.04441446515692169
741 0.04441443972548844
742 0.04441441436799325
743 0.04441438908396545
744 0.04441436387285768
745 0.04441433873468476
746 0.04441431366930153
747 0.04441428867667585
748 0.04441426375584415
749 0.04441423890582705
750 0.04441421412586796
751 0.04441418941532729
752 0.04441416477355776
753 0.04441414020031884
754 0.0444141156948839
755 0.04441409125659622
756 0.04441406688556578
757 0.04441404258162723
758 0.04441401834453559
759 0.04441399417419638
760 0.04441397007042869
761 0.04441394603300825
762 0.0444139220617813
763 0.04441389815697801
764 0.04441387431829251
765 0.04441385054454058
766 0.04441382683367275
767 0.04441380318532017
768 0.04441377959965979
769 0.04441375607667451
770 0.04441373261609861
771 0.04441370921657182
772 0.0444136858759226
773 0.04441366259487746
774 0.04441363937571052
775 0.0444136162201107
776 0.0444135931284086
777 0.04441357009968065
778 0.04441354713367312
779 0.04441352422999079
780 0.04441350138809928
781 0.04441347860744418
782 0.04441345588742374
783 0.0444134332272251
784 0.04441341062610931
785 0.04441338808363913
786 0.04441336559951121
787 0.0444133431735449
788 0.04441332080538922
789 0.04441329849483908
790 0.04441327624123475
791 0.04441325404476246
792 0.04441323190553765
793 0.04441320982325513
794 0.04441318779699377
795 0.04441316582562734
796 0.04441314390930026
797 0.04441312204865402
798 0.04441310024419346
799 0.04441307849612683
800 0.04441305680413588
801 0.04441303516659669
802 0.04441301358270521
803 0.04441299070507732
804 0.04441296824309795
805 0.04441294616531045
806 0.04441292435727492
807 0.04441290273912946
808 0.04441288126348592
809 0.04441285990164607
810 0.04441283863562688
811 0.04441281745393007
812 0.04441279634890888
813 0.04441277531520908
814 0.04441275434782196
815 0.04441273344357057
816 0.04441271260074976
817 0.04441269181830999
818 0.04441267109479827
819 0.0444126504294405
820 0.04441262982171635
821 0.04441260927110421
822 0.04441258877716766
823 0.04441256833964008
824 0.04441254795827945
825 0.04441252763355188
826 0.04441250736662575
827 0.04441248715438026
828 0.04441246699824011
829 0.0444124469001647
830 0.04441242686163106
831 0.04441240688306893
832 0.04441238696505839
833 0.04441236710777073
834 0.04441234731161938
835 0.04441232757623561
836 0.04441230790146817
837 0.04441228828726724
838 0.04441226873339736
839 0.04441224923939983
840 0.04441222980518193
841 0.04441221043047477
842 0.04441219111527241
843 0.04441217185966276
844 0.04441215266396899
845 0.04441213352801145
846 0.04441211445177656
847 0.04441209543534277
848 0.04441207647746061
849 0.04441205757613848
850 0.04441203873733932
851 0.04441201996102734
852 0.04441200124584446
853 0.04441198259086498
854 0.04441196366221409
855 0.0444119449959058
856 0.04441192644967443
857 0.04441190799464852
858 0.04441188962130007
859 0.04441187132239234
860 0.04441185309372093
861 0.04441183493314579
862 0.0444118168390575
863 0.04441179880975603
864 0.04441178084436825
865 0.04441176294071848
866 0.04441174509464785
867 0.0444117273063843
868 0.04441170957909753
869 0.0444116919152274
870 0.04441167431597096
871 0.04441165678167389
872 0.04441163931231339
873 0.04441162190718655
874 0.04441160456573151
875 0.04441158728758123
876 0.04441157007204619
877 0.04441155291879909
878 0.04441153582781783
879 0.04441151879932007
880 0.04441150183344848
881 0.04441148493021335
882 0.0444114680895577
883 0.04441145131133033
884 0.04441143459539314
885 0.04441141794151424
886 0.04441140134971808
887 0.04441138481998115
888 0.04441136835210655
889 0.04441135194588437
890 0.04441133560118256
891 0.04441131931782732
892 0.04441130309578849
893 0.04441128693488114
894 0.04441127083489088
895 0.04441125479564848
896 0.04441123881705702
897 0.04441122289915503
898 0.04441120704204167
899 0.04441119124551426
900 0.04441117550910269
901 0.04441115983229698
902 0.04441114421447354
903 0.04441112865499205
904 0.0444111131532798
905 0.04441109770894363
906 0.04441108232125172
907 0.04441106698948798
908 0.04441105171335498
909 0.04441103649264005
910 0.0444110213240697
911 0.04441100620646379
912 0.04441099114135529
913 0.04441097612961502
914 0.04441096117156959
915 0.04441094626668855
916 0.04441093141426416
917 0.04441091661367529
918 0.04441090186450064
919 0.04441088716628767
920 0.04441087251852902
921 0.04441085792070015
922 0.04441084337231107
923 0.04441082887293137
924 0.04441081442192975
925 0.04441080001882602
926 0.04441078566324062
927 0.04441077135475286
928 0.04441075709284953
929 0.04441074287708916
930 0.04441072870706289
931 0.04441071458220542
932 0.04441070050198784
933 0.04441068646587808
934 0.04441067247273026
935 0.04441065852250841
936 0.04441064461478309
937 0.04441063074929966
938 0.04441061692591085
939 0.04441060314395684
940 0.04441058940302466
941 0.04441057570280817
942 0.04441056204314933
943 0.04441054842383114
944 0.04441053484439129
945 0.04441052130508102
946 0.04441050780617121
947 0.0444104943473836
948 0.04441048092841106
949 0.04441046754897536
950 0.04441045420878614
951 0.04441044090760687
952 0.04441042764519372
953 0.04441041442137698
954 0.04441040123596838
955 0.04441038808884355
956 0.04441037497985578
957 0.0444103619088318
958 0.04441034887554744
959 0.04441033587967209
960 0.04441032292087593
961 0.0444103099989613
962 0.04441029711404544
963 0.04441028426598322
964 0.04441027145451369
965 0.04441025867937427
966 0.0444102459403164
967 0.04441023323706716
968 0.04441022056944147
969 0.04441020793737027
970 0.04441019534097666
971 0.04441018278021711
972 0.04441017025493724
973 0.04441015776502707
974 0.04441014530905453
975 0.04441013288628132
976 0.04441012049674685
977 0.04441010814053221
978 0.04441009581758061
979 0.04441008352778202
980 0.04441007127113457
981 0.0444100590479458
982 0.04441004685788821
983 0.04441003470065932
984 0.04441002257601615
985 0.04441001048375891
986 0.04440999842375939
987 0.04440998639581031
988 0.04440997439919474
989 0.04440996243251087
990 0.04440995049445699
991 0.04440993858504768
992 0.04440992670489364
993 0.04440991485464856
994 0.04440990303483126
995 0.04440989349327206
996 0.04440988341375331
997 0.04440987273435105
998 0.04440986169600163
999 0.04440985045928515
1000 0.04440983911404931
1001 0.04440982771128416
1002 0.04440981628094547
1003 0.04440980484132045
1004 0.04440979340366813
1005 0.04440978197373329
1006 0.04440977055570663
1007 0.04440975915311556
1008 0.0444097477689167
1009 0.0444097364055076
1010 0.04440972506460938
1011 0.04440971374754045
1012 0.04440970245543598
1013 0.04440969118924628
1014 0.04440967994960055
1015 0.04440966873692663
1016 0.04440965755153887
1017 0.04440964639368229
1018 0.0444096352636184
1019 0.04440962416135548
1020 0.0444096130870151
1021 0.04440960204109318
1022 0.04440959102326642
1023 0.044409580032916
1024 0.04440956906985748
1025 0.0444095581340599
1026 0.04440954722551929
1027 0.04440953634422969
1028 0.04440952549003739
1029 0.04440951466268393
1030 0.04440950386204202
1031 0.04440949308822341
1032 0.04440948234125635
1033 0.0444094716211301
1034 0.04440946092781146
1035 0.04440945026147302
1036 0.04440943962258879
1037 0.04440942901042146
1038 0.04440941842433119
1039 0.04440940786408588
1040 0.04440939732953728
1041 0.04440938682061263
1042 0.04440937633729623
1043 0.04440936587961156
1044 0.04440935544753348
1045 0.04440934504103861
1046 0.04440933466008574
1047 0.04440932430493079
1048 0.04440931397594631
1049 0.04440930367321743
1050 0.04440929339675245
1051 0.04440928314637236
1052 0.04440927292265483
1053 0.04440926272599927
1054 0.04440925255688941
1055 0.04440924241584802
1056 0.04440923230343223
1057 0.04440922222022248
1058 0.04440921216690719
1059 0.04440920214419686
1060 0.04440919215260017
1061 0.04440918219268782
1062 0.04440917226455698
1063 0.04440916236781391
1064 0.04440915250161026
1065 0.04440914266468331
1066 0.04440913285558428
1067 0.04440912307271078
1068 0.04440911331447214
1069 0.04440910357905529
1070 0.04440909386511998
1071 0.04440908417150394
1072 0.04440907449728895
1073 0.04440906484178852
1074 0.04440905520462406
1075 0.04440904558568864
1076 0.04440903598502172
1077 0.04440902640280112
1078 0.04440901683935704
1079 0.04440900729527999
1080 0.0444089977712118
1081 0.04440898826770794
1082 0.04440897878523021
1083 0.04440896932421091
1084 0.04440895988505741
1085 0.04440895046812632
1086 0.04440894107376082
1087 0.04440893170222433
1088 0.04440892235373315
1089 0.04440891302851406
1090 0.04440890372669455
1091 0.04440889444840435
1092 0.04440888519374717
1093 0.04440887596286581
1094 0.044408866755846
1095 0.04440885757262068
1096 0.0444088484130153
1097 0.04440883927789183
1098 0.04440883016755739
1099 0.04440882108197963
1100 0.04440881202090166
1101 0.04440880298387384
1102 0.04440879397052452
1103 0.04440878498062793
1104 0.04440877601401386
1105 0.04440876707056732
1106 0.04440875815011296
1107 0.04440874925249956
1108 0.04440874037758695
1109 0.04440873152527643
1110 0.0444087226954847
1111 0.04440871388813725
1112 0.04440870510315183
1113 0.04440869634043073
1114 0.04440868759988029
1115 0.04440867888140096
1116 0.04440867018548754
1117 0.04440866151205902
1118 0.04440865286079784
1119 0.04440864423139032
1120 0.04440863562353101
1121 0.04440862703711582
1122 0.04440861847196119
1123 0.04440860992831731
1124 0.04440860140621611
1125 0.04440859290536271
1126 0.04440858169071508
1127 0.04440857099255456
1128 0.04440856105521353
1129 0.04440855163485279
1130 0.04440854254649264
1131 0.04440853367956148
1132 0.04440852496669786
1133 0.04440851636531806
1134 0.04440850784788097
1135 0.04440849939627856
1136 0.04440849099773707
1137 0.04440848264417305
1138 0.04440847433009385
1139 0.04440846605134228
1140 0.04440845780491134
1141 0.04440844958854009
1142 0.04440844140047631
1143 0.04440843323930848
1144 0.04440842510388567
1145 0.04440841699313386
1146 0.04440840890632227
1147 0.04440840084281353
1148 0.04440839280188494
1149 0.04440838478282531
1150 0.04440837678516454
1151 0.04440836880836137
1152 0.04440836085170888
1153 0.04440835291524064
1154 0.04440834499883359
1155 0.04440833710231937
1156 0.04440832922552237
1157 0.04440832136823736
1158 0.04440831353026331
1159 0.04440830571145774
1160 0.04440829791168331
1161 0.04440829013084062
1162 0.04440828236881453
1163 0.04440827462545572
1164 0.04440826690064718
1165 0.04440825919427355
1166 0.04440825150618462
1167 0.0444082438362643
1168 0.04440823618445653
1169 0.04440822855092098
1170 0.0444082209357196
1171 0.04440821333889635
1172 0.04440820576044792
1173 0.04440819820087571
1174 0.04440819066044507
1175 0.04440818313873351
1176 0.04440817563534161
1177 0.04440816814997667
1178 0.04440816068244669
1179 0.04440815323261318
1180 0.04440814580036832
1181 0.04440813838555649
1182 0.04440813098757815
1183 0.04440812360627189
1184 0.04440811624184238
1185 0.04440810889452425
1186 0.04440810156442874
1187 0.04440809425155726
1188 0.04440808695586727
1189 0.04440807967726746
1190 0.04440807241566298
1191 0.04440806517095608
1192 0.04440805794306155
1193 0.04440805073190613
1194 0.04440804353742588
1195 0.04440803635958991
1196 0.04440802919826403
1197 0.04440802205347398
1198 0.04440801492517644
1199 0.04440800781325311
1200 0.04440800071758443
1201 0.04440799363811297
1202 0.04440798657486145
1203 0.04440797952778033
1204 0.04440797249681007
1205 0.04440796548194736
1206 0.04440795848319937
1207 0.04440795150055267
1208 0.04440794453392816
1209 0.04440793758321974
1210 0.04440793064834835
1211 0.04440792372922453
1212 0.04440791682584697
1213 0.0444079099381615
1214 0.04440790306606369
1215 0.04440789620949791
1216 0.04440788936841843
1217 0.04440788254277649
1218 0.0444078757325611
1219 0.04440786893778265
1220 0.04440786215836727
1221 0.04440785539419426
1222 0.04440784864521862
1223 0.04440784191144477
1224 0.0444078351928723
1225 0.04440782848962901
1226 0.04440782180189164
1227 0.044407815129509
1228 0.04440780847237647
1229 0.04440780183022937
1230 0.0444077952025821
1231 0.04440778858915964
1232 0.04440778198995785
1233 0.04440777540501258
1234 0.04440776883453347
1235 0.04440776227846899
1236 0.04440775573676212
1237 0.0444077492093141
1238 0.04440774269585514
1239 0.04440773619619766
1240 0.04440772971028024
1241 0.04440772323814766
1242 0.04440771677971515
1243 0.04440771033499458
1244 0.04440770390389773
1245 0.04440769748638393
1246 0.04440769108245768
1247 0.04440768469210358
1248 0.04440767831528058
1249 0.04440767195193333
1250 0.04440766560197722
1251 0.04440765926537557
1252 0.04440765294210153
1253 0.04440764663212179
1254 0.04440764033528577
1255 0.04440763405150902
1256 0.04440762778093781
1257 0.04440762152367512
1258 0.0444076152797657
1259 0.04440760904920654
1260 0.0444076028319225
1261 0.04440759662785338
1262 0.0444075904368974
1263 0.04440758425907295
1264 0.04440757809446236
1265 0.04440757194296656
1266 0.04440756580433336
1267 0.04440755967842634
1268 0.04440755356525267
1269 0.04440754746486863
1270 0.04440754137735341
1271 0.04440753530293767
1272 0.04440752924156485
1273 0.04440752319305256
1274 0.04440751715726624
1275 0.04440751113413081
1276 0.04440750512361383
1277 0.04440749912567431
1278 0.04440749314029162
1279 0.04440748716750113
1280 0.04440748120731675
1281 0.04440747525972401
1282 0.04440746932469449
1283 0.04440746340219126
1284 0.04440745749216073
1285 0.04440745159451148
1286 0.04440744570924354
1287 0.04440743983640277
1288 0.04440743397598741
1289 0.04440742812795386
1290 0.04440742229224201
1291 0.04440741646885651
1292 0.0444074106578033
1293 0.04440740485912664
1294 0.0444073990728493
1295 0.04440739329968833
1296 0.04440738754213835
1297 0.04440738180114381
1298 0.0444073760765479
1299 0.04440737036775379
1300 0.04440736467406864
1301 0.04440735899484956
1302 0.04440735332949287
1303 0.04440734767757652
1304 0.04440734203873829
1305 0.04440733641290947
1306 0.04440733079997991
1307 0.0444073251996895
1308 0.04440731961193117
1309 0.04440731403663462
1310 0.04440730847373687
1311 0.0444073029231728
1312 0.04440729738464987
1313 0.04440729185796946
1314 0.04440728634305377
1315 0.0444072808398327
1316 0.04440727534830773
1317 0.04440726986835071
1318 0.04440726439995322
1319 0.04440725894314761
1320 0.04440725349796296
1321 0.04440724806443996
1322 0.04440724264249733
1323 0.04440723723213567
1324 0.04440723183300751
1325 0.04440722644534692
1326 0.04440722106987426
1327 0.0444072157069111
1328 0.04440721035647841
1329 0.04440720501850037
1330 0.04440719969295572
1331 0.04440719437993166
1332 0.0444071890797855
1333 0.04440718379251963
1334 0.04440717851799027
1335 0.04440717325602138
1336 0.04440716800648323
1337 0.04440716276935516
1338 0.04440715754456113
1339 0.04440715233212778
1340 0.04440714713202664
1341 0.04440714193850265
1342 0.04440713674395597
1343 0.04440713154544021
1344 0.04440712634399835
1345 0.04440712114249136
1346 0.04440711594407519
1347 0.04440711075150165
1348 0.04440710556693792
1349 0.04440710039205815
1350 0.04440709522795885
1351 0.04440709007524334
1352 0.04440708493460014
1353 0.04440707980651916
1354 0.04440707469127148
1355 0.04440706958906698
1356 0.0444070645000517
1357 0.0444070594243047
1358 0.04440705436180244
1359 0.0444070493124463
1360 0.04440704427600045
1361 0.0444070392521715
1362 0.04440703424085998
1363 0.04440702924193464
1364 0.04440702425522029
1365 0.04440701928049574
1366 0.04440701431750449
1367 0.04440700936595909
1368 0.04440700442554892
1369 0.04440699949594267
1370 0.04440699457674617
1371 0.04440698966754518
1372 0.04440698476784703
1373 0.04440697987736678
1374 0.0444069749960295
1375 0.04440697012382973
1376 0.04440696526079078
1377 0.04440696040695679
1378 0.04440695556238659
1379 0.04440695072717538
1380 0.04440694590142265
1381 0.04440694108519577
1382 0.04440693627857958
1383 0.04440693148165553
1384 0.04440692669449849
1385 0.04440692191711595
1386 0.04440691714957223
1387 0.04440691239194937
1388 0.04440690764430681
1389 0.04440690290676352
1390 0.04440689817919711
1391 0.0444068934615298
1392 0.04440688875414784
1393 0.04440688405699009
1394 0.04440687936977826
1395 0.0444068746926991
1396 0.04440687002529937
1397 0.04440686536759924
1398 0.04440686071970576
1399 0.04440685608161183
1400 0.0444068514524622
1401 0.04440684683201455
1402 0.0444068422203639
1403 0.04440683761765833
1404 0.04440683302400308
1405 0.04440682843945683
1406 0.04440682386403807
1407 0.04440681929774819
1408 0.04440681474056294
1409 0.04440681019244484
1410 0.04440680565336175
1411 0.0444068011232939
1412 0.04440679660224378
1413 0.04440679209021092
1414 0.04440678758716339
1415 0.04440678309341053
1416 0.04440677861032626
1417 0.04440677413878114
1418 0.04440676967883664
1419 0.04440676523022637
1420 0.04440676079246017
1421 0.04440675636496612
1422 0.04440675194717625
1423 0.04440674753855359
1424 0.04440674313866157
1425 0.04440673874703285
1426 0.0444067343630305
1427 0.04440672998788526
1428 0.04440672562193598
1429 0.04440672126487536
1430 0.04440671691627869
1431 0.04440671257579809
1432 0.04440670824319032
1433 0.0444067039183088
1434 0.04440669960105445
1435 0.04440669529136803
1436 0.04440669098921562
1437 0.04440668669458367
1438 0.04440668240748356
1439 0.04440667812791887
1440 0.04440667385589875
1441 0.04440666959146099
1442 0.04440666533468973
1443 0.04440666108561018
1444 0.04440665684422384
1445 0.04440665261053359
1446 0.04440664838454893
1447 0.0444066441662847
1448 0.04440663995575866
1449 0.04440663575298823
1450 0.04440663155798367
1451 0.04440662737074887
1452 0.04440662319135919
1453 0.04440661901973311
1454 0.04440661485578912
1455 0.04440661069949113
1456 0.0444066065508285
1457 0.0444066024097819
1458 0.04440659827633065
1459 0.04440659415046773
1460 0.04440659003219065
1461 0.04440658592154129
1462 0.04440658181888843
1463 0.0444065777251309
1464 0.0444065736405892
1465 0.04440656956527518
1466 0.0444065654991563
1467 0.04440656144209223
1468 0.04440655739380388
1469 0.04440655335394809
1470 0.04440654932215786
1471 0.0444065452981002
1472 0.04440654128149998
1473 0.04440653727215495
1474 0.04440653326992917
1475 0.04440652927514705
1476 0.04440652528733886
1477 0.04440652130606725
1478 0.0444065173311583
1479 0.04440651336262346
1480 0.04440650940051987
1481 0.04440650544491425
1482 0.04440650149579724
1483 0.04440649755328033
1484 0.0444064936175
1485 0.04440648968856118
1486 0.04440648576651519
1487 0.04440648185138533
1488 0.04440647794320398
1489 0.04440647404199834
1490 0.04440647014779105
1491 0.04440646626060394
1492 0.04440646238045305
1493 0.04440645850733745
1494 0.04440645464129103
1495 0.04440645078226601
1496 0.0444064469302758
1497 0.04440644308534526
1498 0.04440643924746007
1499 0.04440643541660779
1500 0.04440643159277655
1501 0.04440642777596012
1502 0.04440642396615742
1503 0.0444064201633664
1504 0.04440641636758508
1505 0.04440641257876501
1506 0.04440640879687347
1507 0.04440640502185882
1508 0.04440640125372957
1509 0.04440639749251039
1510 0.04440639373821085
1511 0.04440638999081584
1512 0.04440638625030757
1513 0.04440638251666606
1514 0.04440637878987068
1515 0.04440637506996724
1516 0.04440637135706968
1517 0.04440636765153753
1518 0.04440636395347446
1519 0.04440636026283192
1520 0.04440635657952574
1521 0.04440635290338089
1522 0.04440634923426521
1523 0.04440634557209588
1524 0.04440634191689444
1525 0.04440633826892158
1526 0.04440633462814058
1527 0.04440633099441835
1528 0.04440632736761081
1529 0.04440632374754476
1530 0.04440632013411249
1531 0.04440631652727884
1532 0.04440631292702098
1533 0.0444063093333107
1534 0.04440630574611387
1535 0.04440630216540763
1536 0.0444062985911708
1537 0.044406295023403
1538 0.04440629146207103
1539 0.0444062879071394
1540 0.04440628435858682
1541 0.04440628081648657
1542 0.04440627728107879
1543 0.04440627375231839
1544 0.04440627023006073
1545 0.04440626671418382
1546 0.04440626320461286
1547 0.04440625970131446
1548 0.04440625620425409
1549 0.04440625271325908
1550 0.04440624922786732
1551 0.0444062457482137
1552 0.04440624227465825
1553 0.04440623880743651
1554 0.04440623534663493
1555 0.04440623189223745
1556 0.04440622844419878
1557 0.04440622500248356
1558 0.04440622156706064
1559 0.04440621813790389
1560 0.04440621471498767
1561 0.04440621129825286
1562 0.04440620788753991
1563 0.04440620448285258
1564 0.04440620108420947
1565 0.04440619769162225
1566 0.04440619430506529
1567 0.04440619092453465
1568 0.04440618755004769
1569 0.0444061841817538
1570 0.04440618081961136
1571 0.04440617746343801
1572 0.0444061741131563
1573 0.04440617076875941
1574 0.04440616743025907
1575 0.0444061640976736
1576 0.04440616077107909
1577 0.04440615745048243
1578 0.0444061541357112
1579 0.0444061508266783
1580 0.04440614752338548
1581 0.04440614422580341
1582 0.04440614093378938
1583 0.04440613764746546
1584 0.04440613436701097
1585 0.04440613109253216
1586 0.04440612782408501
1587 0.04440612456167834
1588 0.04440612130529963
1589 0.04440611805494581
1590 0.04440611481062672
1591 0.04440611157243162
1592 0.04440610834036771
1593 0.0444061051143753
1594 0.04440610189443654
1595 0.04440609868057691
1596 0.04440609547278198
1597 0.04440609227102189
1598 0.04440608907527008
1599 0.04440608588545704
1600 0.04440608270146519
1601 0.04440607952336698
1602 0.044406076351247
1603 0.04440607318513749
1604 0.04440607002504355
1605 0.0444060668709504
1606 0.04440606372284128
1607 0.04440606058069077
1608 0.04440605744448055
1609 0.04440605431419364
1610 0.04440605118980253
1611 0.04440604807127535
1612 0.0444060449585838
1613 0.04440604185170333
1614 0.04440603875060928
1615 0.04440603565529331
1616 0.04440603256572999
1617 0.04440602948189957
1618 0.04440602640378045
1619 0.04440602333134895
1620 0.04440602026459126
1621 0.04440601720347592
1622 0.04440601414789575
1623 0.04440601109779958
1624 0.04440600805322775
1625 0.04440600501417956
1626 0.04440600198062439
1627 0.04440599895252794
1628 0.04440599592985872
1629 0.04440599291259283
1630 0.04440598990071959
1631 0.04440598689423251
1632 0.04440598389311237
1633 0.0444059808973529
1634 0.04440597790694661
1635 0.04440597492188815
1636 0.04440597194210034
1637 0.04440596896761587
1638 0.04440596599869955
1639 0.04440596303533459
1640 0.04440596007730036
1641 0.04440595712450601
1642 0.04440595417690323
1643 0.04440595123447916
1644 0.04440594829725415
1645 0.04440594536521082
1646 0.04440594243833534
1647 0.04440593951660627
1648 0.04440593660002426
1649 0.04440593368859573
1650 0.04440593078232114
1651 0.04440592788119093
1652 0.04440592498519889
1653 0.04440592209434071
1654 0.04440591920860549
1655 0.04440591632797884
1656 0.04440591345244452
1657 0.04440591058198573
1658 0.04440590771658295
1659 0.04440590485621217
1660 0.04440590200085438
1661 0.04440589915050204
1662 0.04440589630513243
1663 0.04440589346472999
1664 0.0444058906292614
1665 0.04440588779871407
1666 0.04440588497309037
1667 0.04440588215235823
1668 0.0444058793364633
1669 0.04440587652538436
1670 0.0444058737191458
1671 0.04440587091775662
1672 0.04440586812120827
1673 0.04440586532950495
1674 0.04440586254264165
1675 0.04440585976060476
1676 0.04440585698337812
1677 0.0444058542109274
1678 0.04440585144322138
1679 0.04440584868024169
1680 0.04440584592198813
1681 0.04440584316846076
1682 0.04440584041965307
1683 0.04440583767555607
1684 0.0444058349361601
1685 0.04440583220144133
1686 0.04440582947137429
1687 0.04440582674593996
1688 0.04440582402512926
1689 0.04440582130893966
1690 0.04440581859736496
1691 0.04440581589029552
1692 0.04440581318772607
1693 0.04440581048969137
1694 0.0444058077961989
1695 0.04440580510724158
1696 0.04440580242280982
1697 0.04440579974286973
1698 0.04440579706740264
1699 0.044405794396398
1700 0.04440579172985405
1701 0.04440578906779247
1702 0.04440578641022436
1703 0.04440578375714067
1704 0.04440578110852242
1705 0.04440577846434057
1706 0.04440577582456601
1707 0.04440577318917729
1708 0.04440577055817221
1709 0.0444057679315468
1710 0.04440576530928586
1711 0.04440576269136517
1712 0.04440576007776522
1713 0.04440575746847418
1714 0.04440575486347665
1715 0.04440575226277144
1716 0.0444057496663458
1717 0.04440574707414918
1718 0.04440574448613926
1719 0.04440574190228347
1720 0.04440573932258197
1721 0.04440573674702145
1722 0.04440573417557835
1723 0.04440573160823571
1724 0.04440572904496534
1725 0.04440572648573937
1726 0.04440572393055644
1727 0.04440572137939894
1728 0.0444057188322395
1729 0.04440571628904937
1730 0.0444057137498033
1731 0.04440571121447299
1732 0.04440570868303381
1733 0.04440570615545886
1734 0.04440570363172391
1735 0.04440570111184213
1736 0.04440569859588824
1737 0.04440569608364453
1738 0.04440569357493537
1739 0.04440569106980619
1740 0.04440568856865316
1741 0.04440568607131501
1742 0.04440568357763217
1743 0.0444056810875927
1744 0.04440567860124126
1745 0.04440567611865381
1746 0.04440567363987691
1747 0.04440567116456223
1748 0.04440566869119639
1749 0.04440566622068681
1750 0.04440566375362016
1751 0.04440566129024388
1752 0.04440565883066766
1753 0.04440565637499905
1754 0.04440565392337618
1755 0.0444056514759556
1756 0.04440564903289179
1757 0.0444056465943267
1758 0.04440564416041237
1759 0.04440564173128248
1760 0.04440563930701844
1761 0.04440563688766495
1762 0.04440563447324459
1763 0.04440563206377112
1764 0.04440562965922083
1765 0.04440562725954164
1766 0.04440562486470469
1767 0.04440562247468615
1768 0.04440562008945245
1769 0.04440561770895761
1770 0.0444056153331451
1771 0.04440561296195685
1772 0.0444056105953368
1773 0.04440560823320183
1774 0.04440560587546163
1775 0.04440560352201658
1776 0.04440560117276318
1777 0.04440559882759832
1778 0.04440559648642381
1779 0.04440559414912893
1780 0.04440559181571017
1781 0.04440558948645582
1782 0.04440558716128591
1783 0.04440558483965621
1784 0.04440558252118203
1785 0.04440558020565505
1786 0.04440557789298273
1787 0.04440557558313881
1788 0.04440557327658709
1789 0.04440557097352536
1790 0.04440556867406446
1791 0.04440556637839753
1792 0.04440556408661388
1793 0.04440556179874093
1794 0.04440555951478596
1795 0.04440555723475244
1796 0.04440555495862847
1797 0.04440555268637705
1798 0.04440555041799273
1799 0.04440554815348981
1800 0.04440554589287153
1801 0.04440554363612992
1802 0.04440554138325765
1803 0.04440553913423572
1804 0.0444055368890638
1805 0.04440553464767653
1806 0.04440553241004899
1807 0.04440553017619275
1808 0.0444055279461826
1809 0.04440552572005493
1810 0.04440552349780272
1811 0.04440552127940664
1812 0.04440551906485506
1813 0.04440551685413755
1814 0.04440551464724102
1815 0.04440551244414078
1816 0.0444055102448077
1817 0.0444055080490597
1818 0.04440550585693217
1819 0.04440550366867418
1820 0.04440550148441869
1821 0.04440549930419211
1822 0.0444054971279915
1823 0.04440549495580337
1824 0.04440549278760773
1825 0.04440549062337842
1826 0.04440548846310507
1827 0.04440548630674475
1828 0.04440548415413771
1829 0.04440548200518481
1830 0.04440547985986482
1831 0.04440547771881034
1832 0.04440547558243646
1833 0.0444054734506255
1834 0.04440547132316148
1835 0.0444054691998928
1836 0.04440546708068693
1837 0.04440546496539149
1838 0.04440546285384829
1839 0.04440546074590877
1840 0.04440545864145701
1841 0.04440545654042974
1842 0.04440545444280806
1843 0.04440545234860288
1844 0.0444054502578499
1845 0.04440544817059686
1846 0.04440544608691233
1847 0.04440544400677689
1848 0.04440544193022664
1849 0.04440543985734245
1850 0.04440543778820092
1851 0.04440543572265407
1852 0.04440543366057058
1853 0.04440543160191642
1854 0.04440542954669057
1855 0.04440542749489495
1856 0.04440542544653595
1857 0.04440542340160829
1858 0.04440542136009775
1859 0.04440541932198677
1860 0.04440541728725373
1861 0.04440541525585057
1862 0.0444054132277119
1863 0.04440541120279516
1864 0.04440540918108902
1865 0.04440540716259841
1866 0.04440540514733411
1867 0.04440540313530651
1868 0.04440540112652385
1869 0.04440539912099749
1870 0.04440539711873306
1871 0.04440539511973272
1872 0.04440539312399008
1873 0.04440539113149949
1874 0.04440538914224267
1875 0.04440538715617895
1876 0.04440538517333847
1877 0.04440538319374446
1878 0.04440538121739517
1879 0.04440537924428016
1880 0.04440537727441726
1881 0.04440537530781071
1882 0.04440537334447119
1883 0.04440537138439358
1884 0.04440536942755537
1885 0.0444053674739427
1886 0.04440536552354898
1887 0.04440536357636719
1888 0.04440536163239193
1889 0.04440535969165135
1890 0.04440535775409591
1891 0.04440535581954841
1892 0.04440535388797638
1893 0.04440535195937803
1894 0.04440535003376374
1895 0.04440534811116136
1896 0.04440534619160974
1897 0.04440534427515502
1898 0.04440534236181852
1899 0.04440534045161718
1900 0.04440533854454907
1901 0.04440533664060813
1902 0.04440533473978844
1903 0.04440533284208079
1904 0.04440533094748009
1905 0.04440532905597654
1906 0.0444053271675622
1907 0.04440532528221983
1908 0.04440532339996835
1909 0.04440532152081443
1910 0.04440531964473986
1911 0.0444053177717281
1912 0.04440531590173317
1913 0.04440531403477509
1914 0.04440531217085154
1915 0.04440531030993872
1916 0.04440530845194917
1917 0.04440530659693602
1918 0.04440530474493693
1919 0.0444053028959786
1920 0.04440530105008155
1921 0.04440529920723236
1922 0.04440529736737663
1923 0.04440529553044325
1924 0.04440529369641607
1925 0.04440529186528903
1926 0.04440529003705989
1927 0.04440528821215386
1928 0.04440528639218435
1929 0.04440528457823799
1930 0.04440528276916762
1931 0.04440528096440158
1932 0.0444052791637177
1933 0.04440527736696186
1934 0.04440527557395332
1935 0.04440527378448825
1936 0.04440527199836973
1937 0.04440527021543337
1938 0.04440526843555992
1939 0.04440526665864383
1940 0.04440526488464277
1941 0.04440526311355609
1942 0.04440526134540761
1943 0.04440525958023883
1944 0.04440525781809239
1945 0.04440525605900371
1946 0.04440525430299782
1947 0.04440525255007387
1948 0.04440525080018906
1949 0.04440524905306057
1950 0.04440524730866844
1951 0.04440524556724611
1952 0.04440524382899902
1953 0.04440524209403603
1954 0.044405240362394
1955 0.04440523863408414
1956 0.04440523690909759
1957 0.04440523518740062
1958 0.04440523346894083
1959 0.04440523175366157
1960 0.0444052300415005
1961 0.04440522833239283
1962 0.04440522662632177
1963 0.0444052249232721
1964 0.04440522322324512
1965 0.04440522152616286
1966 0.04440521983185687
1967 0.04440521814027826
1968 0.04440521645139436
1969 0.04440521476518709
1970 0.04440521308164255
1971 0.04440521140074769
1972 0.04440520972248308
1973 0.04440520804683048
1974 0.04440520637376591
1975 0.04440520470326271
1976 0.04440520303525602
1977 0.04440520136974976
1978 0.04440519970673964
1979 0.04440519804622106
1980 0.04440519638818752
1981 0.04440519473263467
1982 0.04440519307955826
1983 0.04440519142895754
1984 0.04440518978082963
1985 0.04440518813516891
1986 0.04440518649197345
1987 0.04440518485124097
1988 0.04440518321296083
1989 0.0444051815771083
1990 0.04440517994367023
1991 0.0444051783126465
1992 0.04440517668403611
1993 0.04440517505784593
1994 0.04440517343404211
1995 0.04440517181260985
1996 0.04440517019353862
1997 0.04440516857676541
1998 0.0444051669623594
1999 0.04440516535038901
2000 0.04440516374089937
