"lift-rfile"
"Iteration" "lift"
("Iteration" "lift")
1 366.7448438932637
2 183.389443513615
3 91.71325396538239
4 45.87600432302135
5 22.95789720785928
6 11.49924185456825
7 5.770158877847621
8 2.905818492423728
9 1.473813343609497
10 0.7579453050138157
11 0.4001054834233462
12 0.2212389280288071
13 0.1318399102157468
14 0.08715837258066794
15 0.06482657894791491
16 0.05366654493470083
17 0.04808282523630113
18 0.04529050244975398
19 0.04389258824684025
20 0.04318312440031048
21 0.04282317801417809
22 0.04263257998163488
23 0.04252642332683737
24 0.04246238697357965
25 0.04241911013642771
26 0.04238596711652575
27 0.04235782959548792
28 0.0423322864190706
29 0.04230829317316354
30 0.04228572181878541
31 0.04226429294178244
32 0.04224398194494682
33 0.04222489757661814
34 0.04220711433964944
35 0.04219069592065907
36 0.04217571905892293
37 0.04216214399337922
38 0.04214994835616912
39 0.0421390923871267
40 0.04212951413334216
41 0.04212113744325113
42 0.04211387173297388
43 0.04210762721069763
44 0.04210230200677553
45 0.04209779836309705
46 0.0420940410605966
47 0.04209095562858789
48 0.04208846522156038
49 0.04208649844187327
50 0.04208499371882823
51 0.04208389319206072
52 0.04208314775504012
53 0.04208271227232132
54 0.04208254749575026
55 0.0420826182416251
56 0.04208288852160573
57 0.04208333035201467
58 0.04208420450545968
59 0.04208486816809136
60 0.0420859982195439
61 0.04208693444178535
62 0.04208830273123525
63 0.04208944181412561
64 0.0420909511397701
65 0.04209254120405838
66 0.04209415555512639
67 0.04209579227102396
68 0.0420974433455344
69 0.04209909886070139
70 0.04210074763663358
71 0.04210238074571929
72 0.04210399188210114
73 0.04210557686123175
74 0.04210713317293664
75 0.04210866015729996
76 0.0421101586059095
77 0.04211163491214715
78 0.04211307891388427
79 0.04211449469981361
80 0.04211588642980506
81 0.04211725622087147
82 0.04211860583004848
83 0.04211993694431108
84 0.04212125156355158
85 0.04212255133648052
86 0.04212383725192333
87 0.04212511074653832
88 0.04212637275264369
89 0.04212762381150045
90 0.04212886441688652
91 0.04213009515559816
92 0.0421313163992689
93 0.04213252865108166
94 0.0421337323597675
95 0.04213492797859247
96 0.04213611586374554
97 0.04213729621220862
98 0.04213846911805113
99 0.04213963439924295
100 0.04214079193579123
101 0.04214194168929364
102 0.04214308380693998
103 0.04214421863520246
104 0.04214534637803159
105 0.04214646711005052
106 0.04214758082929738
107 0.04214868759776771
108 0.04214978740705315
109 0.04215088016245621
110 0.04215196578661749
111 0.04215304425691535
112 0.04215411567069326
113 0.04215518020087033
114 0.04215623796685653
115 0.04215728895965186
116 0.04215833310298968
117 0.04215937031947192
118 0.04216040054901318
119 0.0421614237380557
120 0.04216243977406547
121 0.04216344874105286
122 0.04216445069759359
123 0.04216544569037862
124 0.04216608359518079
125 0.04216716033175807
126 0.04216819628628504
127 0.04216917864038305
128 0.04217014006277665
129 0.04217109429798896
130 0.04217204563575112
131 0.04217266281838662
132 0.042173699943399
133 0.04217469986870342
134 0.042175649697158
135 0.04217658117702768
136 0.0421775070272794
137 0.0421781143365845
138 0.04217911963601482
139 0.04218009429463745
140 0.04218102217036933
141 0.0421819323183736
142 0.04218252808618489
143 0.042183509917202
144 0.04218446311127089
145 0.04218537118099747
146 0.04218595476037528
147 0.04218691954933953
148 0.04218785565182047
149 0.04218874773403143
150 0.04218931447116876
151 0.0421902658603101
152 0.04219118807153831
153 0.04219206637664443
154 0.04219261743817629
155 0.04219355598656409
156 0.04219446428561516
157 0.04219501715110054
158 0.04219594805902624
159 0.04219684728398992
160 0.04219739411752076
161 0.04219831804514442
162 0.04219920964540384
163 0.04219974692233119
164 0.0422006587188784
165 0.04220153898960257
166 0.04220206617265568
167 0.0422029695224731
168 0.04220384117527728
169 0.0422043589356056
170 0.04220525384004398
171 0.0422061159148651
172 0.04220662248267071
173 0.0422075081797028
174 0.04220836140142651
175 0.04220886172995692
176 0.04220972594468402
177 0.04221025280263008
178 0.04221112634421508
179 0.0422119579759745
180 0.04221244100877208
181 0.0422132885060238
182 0.04221380549218983
183 0.04221466400983572
184 0.04221518126030194
185 0.04221603319525271
186 0.04221654461860579
187 0.04221739007102069
188 0.04221789646688636
189 0.04221873679887431
190 0.04221923934580951
191 0.04222007488875531
192 0.04222057336339109
193 0.04222140411546053
194 0.04222189972122128
195 0.04222272500364643
196 0.04222321839130454
197 0.04222403759488962
198 0.0422245286070939
199 0.04222534118648059
200 0.04222582955836461
201 0.0422266344760437
202 0.04222711814085545
203 0.04222791403021126
204 0.04222839543667715
205 0.04222918525449731
206 0.04222966446790687
207 0.04223044720936824
208 0.04223092352206667
209 0.0422316987913529
210 0.04223217199065069
211 0.04223293956858594
212 0.04223340948828593
213 0.04223416946883537
214 0.04223462022527789
215 0.04223538261986758
216 0.0422358429472102
217 0.04223659215943575
218 0.04223704469958253
219 0.04223778641394142
220 0.04223823600434113
221 0.04223871946692252
222 0.04223949354392664
223 0.04223994982097502
224 0.04224067667114009
225 0.04224111698905759
226 0.04224158943266544
227 0.04224234648408123
228 0.04224279545272203
229 0.04224326619674441
230 0.0422440148049562
231 0.04224445950580617
232 0.04224492545028772
233 0.04224566668240046
234 0.0422461088087222
235 0.04224655592448174
236 0.04224728430297411
237 0.0422477115652897
238 0.04224816227169043
239 0.04224889155690841
240 0.04224932354953249
241 0.0422497759475958
242 0.04225050350199953
243 0.04225093531527791
244 0.04225138601195542
245 0.04225210886357165
246 0.04225253865542996
247 0.04225298639220088
248 0.0422537029133545
249 0.04225412980141632
250 0.04225457368162808
251 0.04225504915501518
252 0.04225576886370956
253 0.04225619337454346
254 0.04225663072616528
255 0.04225709874684069
256 0.04225780856221628
257 0.04225822839591538
258 0.0422586609788937
259 0.04225912385969193
260 0.04225982496169705
261 0.04226024125407837
262 0.04226066945906688
263 0.04226112719643686
264 0.04226181918716525
265 0.04226223166217954
266 0.04226265526409682
267 0.04226310769786473
268 0.04226357077209261
269 0.04226425431502875
270 0.04226466213327718
271 0.04226507966072026
272 0.04226552530498558
273 0.0422659815877946
274 0.04226665455559674
275 0.04226705780990684
276 0.04226747001667709
277 0.0422679095538146
278 0.04226835934135399
279 0.04226881123145083
280 0.04226947267674461
281 0.0422698688749306
282 0.04227027368937823
283 0.0422707056057882
284 0.04227114796425391
285 0.04227159264377617
286 0.04227203640326085
287 0.0422724786634284
288 0.04227312521672862
289 0.04227351465906676
290 0.04227391243673165
291 0.04227433664718971
292 0.04227477101244551
293 0.04227520752520688
294 0.04227564299523545
295 0.04227607681091942
296 0.0422765090347564
297 0.04227693996996686
298 0.04227736989438974
299 0.04227779902716523
300 0.04227822747045198
301 0.04227865527626083
302 0.04227908245709512
303 0.04227950898750781
304 0.04227993458291618
305 0.04228035910592622
306 0.04228078269998307
307 0.04228120549816695
308 0.04228162752055181
309 0.04228204873679167
310 0.04228246908519763
311 0.0422828885197802
312 0.04228330700363676
313 0.04228372451957985
314 0.04228414104808492
315 0.04228455656550872
316 0.04228497104450825
317 0.04228538447478187
318 0.04228579682893949
319 0.04228620807698812
320 0.04228661818953029
321 0.04228702713563559
322 0.04228743490426283
323 0.04228784149912652
324 0.04228824690740996
325 0.0422886511483726
326 0.042289054221225
327 0.04228945607906504
328 0.0422898566714074
329 0.04229025598518234
330 0.04229065402371605
331 0.04229105079533169
332 0.0422914463029886
333 0.04229184056132493
334 0.04229223356178333
335 0.04229262529027501
336 0.04229301573842505
337 0.04229340490638206
338 0.04229379279499657
339 0.04229417938958663
340 0.04229456469164911
341 0.04229494870406076
342 0.04229533147943135
343 0.04229571304586895
344 0.04229609339267557
345 0.04229647249763039
346 0.04229685036307803
347 0.04229722699454658
348 0.0422976023990494
349 0.04229797658539092
350 0.04229834958076153
351 0.04229872136718237
352 0.0422990919428291
353 0.04229946130825981
354 0.04229982951160224
355 0.04230019658582033
356 0.04230056255550321
357 0.04230092741434108
358 0.04230129116455022
359 0.0423016538050882
360 0.04230201533850379
361 0.0423023757623334
362 0.04230273509117821
363 0.04230309333313337
364 0.04230345050347957
365 0.042303806639053
366 0.04230416174043605
367 0.04230451580697579
368 0.04230486881439485
369 0.04230522072856495
370 0.04230557154121242
371 0.04230592124896502
372 0.04230626985321543
373 0.04230661735352326
374 0.04230696348162541
375 0.04230730875110713
376 0.04230765308726323
377 0.04230799645973049
378 0.0423083388627629
379 0.04230868029819422
380 0.04230902076227312
381 0.04230936025497979
382 0.04230969878530476
383 0.0423100363608263
384 0.04231037298580222
385 0.04231070868553985
386 0.04231104348225864
387 0.04231137738070281
388 0.04231171037980865
389 0.04231204256037199
390 0.04231237388515108
391 0.0423127043253274
392 0.04231303381237531
393 0.04231336232406448
394 0.04231368985230902
395 0.04231401641378376
396 0.04231434201845013
397 0.04231466668320309
398 0.04231499042694562
399 0.04231531327610607
400 0.04231563524381451
401 0.04231595633508378
402 0.0423162765569452
403 0.04231659590145655
404 0.04231691397881637
405 0.04231723088638289
406 0.04231754703515114
407 0.04231786228386012
408 0.04231817667272705
409 0.04231849022749101
410 0.04231880298363164
411 0.04231911496622373
412 0.04231942618949318
413 0.04231973665431316
414 0.04232004635143206
415 0.04232035529196299
416 0.0423206634349885
417 0.04232097076407201
418 0.04232127731680894
419 0.04232158309747577
420 0.04232188805365789
421 0.0423221921807976
422 0.04232249548072121
423 0.04232279791510122
424 0.04232309946023356
425 0.04232340010233365
426 0.04232369987090268
427 0.04232399884668533
428 0.04232429708121798
429 0.0423245946001205
430 0.04232489140020416
431 0.04232518746557779
432 0.04232548279465508
433 0.04232577739169765
434 0.0423260712460688
435 0.04232636432575292
436 0.04232665662247483
437 0.04232694814911318
438 0.04232723893725449
439 0.04232752900946828
440 0.04232781838620743
441 0.04232810707943671
442 0.04232839509354126
443 0.04232868241031349
444 0.04232896899863359
445 0.0423292548434851
446 0.04232953996356143
447 0.04232982440233699
448 0.04233010817733663
449 0.04233039130069041
450 0.04233067379150028
451 0.04233095566817962
452 0.04233123693852552
453 0.04233151723278643
454 0.04233179673682328
455 0.04233207560865901
456 0.04233235390305705
457 0.04233263164743638
458 0.04233290884512025
459 0.04233318548379152
460 0.0423334615495482
461 0.04233373702800181
462 0.0423340119105788
463 0.04233428618431127
464 0.04233455983824945
465 0.04233483286478802
466 0.04233510526319804
467 0.04233537703051518
468 0.04233564816265605
469 0.04233591865105717
470 0.0423361884907372
471 0.04233645767681051
472 0.04233672621242919
473 0.04233699410257973
474 0.04233726135095382
475 0.04233752796229115
476 0.04233779393117063
477 0.04233805925630241
478 0.04233832394296676
479 0.04233858799328916
480 0.04233885140722162
481 0.04233911413145727
482 0.0423393761808009
483 0.04233963757515514
484 0.04233989833138381
485 0.04234015846704765
486 0.0423404180058769
487 0.04234067694926561
488 0.04234093529020398
489 0.04234119301865068
490 0.042341450129508
491 0.04234170662826271
492 0.04234196251938468
493 0.0423422178079018
494 0.04234247249926201
495 0.0423427265883953
496 0.0423429801528679
497 0.04234323311139152
498 0.04234348545558238
499 0.04234373719778097
500 0.04234398834832345
501 0.04234423890866248
502 0.04234448887706602
503 0.04234473825104859
504 0.04234498704443206
505 0.04234523523112387
506 0.04234548278751987
507 0.04234572972701471
508 0.04234597607406246
509 0.04234622184645191
510 0.04234646705337933
511 0.04234671169861094
512 0.04234695578733515
513 0.04234719932242136
514 0.04234744230482349
515 0.04234768473172908
516 0.04234792659676548
517 0.04234816789854189
518 0.04234840864180267
519 0.04234864883437733
520 0.04234888848327497
521 0.04234912759005431
522 0.04234936615124599
523 0.04234960416568839
524 0.04234984163870411
525 0.04235007858161026
526 0.04235031499810241
527 0.04235055088892819
528 0.04235078625893174
529 0.04235102111248851
530 0.04235125544810554
531 0.04235148927036651
532 0.04235172258708393
533 0.04235195540425515
534 0.0423521877250865
535 0.04235241954980595
536 0.0423526508788912
537 0.04235288171468932
538 0.04235311205559872
539 0.04235334190146934
540 0.04235357125447863
541 0.04235380011422796
542 0.04235402848300069
543 0.04235425636038352
544 0.04235448374469519
545 0.04235471063488779
546 0.04235493703233029
547 0.04235516293576782
548 0.04235538834816062
549 0.04235561326504864
550 0.04235583768393998
551 0.04235606159932256
552 0.042356285010032
553 0.04235650792006301
554 0.04235673033336535
555 0.04235695225360955
556 0.04235717368302818
557 0.04235739462472033
558 0.04235761508287636
559 0.04235783506127662
560 0.04235805455960516
561 0.04235827357651412
562 0.04235849211049817
563 0.0423587101574009
564 0.04235892771765103
565 0.04235914479381456
566 0.04235936139005655
567 0.04235957750497833
568 0.04235979313763223
569 0.04236000829170539
570 0.04236022303062104
571 0.04236043740597611
572 0.0423606514278016
573 0.0423608650890312
574 0.04236107837633868
575 0.0423612912665059
576 0.04236150373923311
577 0.0423617157813977
578 0.04236192737989222
579 0.04236213852533568
580 0.04236234921022881
581 0.04236255942717628
582 0.04236276917543769
583 0.04236297845965318
584 0.04236318728340525
585 0.0423633956452352
586 0.04236360354591983
587 0.04236381099103288
588 0.04236401798597823
589 0.04236422453795509
590 0.04236443065405389
591 0.04236463633927758
592 0.04236484159729038
593 0.04236504643609878
594 0.04236525085676069
595 0.04236545485920266
596 0.04236565844833162
597 0.04236586162992593
598 0.04236606440309451
599 0.04236626676227446
600 0.04236646870417925
601 0.04236667022778614
602 0.04236687132919588
603 0.0423670719714183
604 0.04236727216245492
605 0.04236747192432611
606 0.04236767126225083
607 0.04236787016076492
608 0.04236806861172082
609 0.04236826662356169
610 0.04236846420713251
611 0.04236866137052155
612 0.04236885811656062
613 0.04236905444700018
614 0.04236924839249045
615 0.04236943919290449
616 0.04236962900397984
617 0.04236981857779712
618 0.04237000833060293
619 0.04237019854310344
620 0.04237038932973319
621 0.04237058064163663
622 0.04237077233583105
623 0.0423709642329654
624 0.04237115616622079
625 0.04237134800191
626 0.04237153964366445
627 0.04237173104036955
628 0.04237192215078781
629 0.04237211295500149
630 0.04237230345234949
631 0.04237249364769104
632 0.04237268354704139
633 0.04237287315777744
634 0.04237306249578729
635 0.04237325159065913
636 0.04237344044854904
637 0.04237362906661748
638 0.04237381743730156
639 0.04237400554736157
640 0.04237419339072037
641 0.04237438095705093
642 0.04237456819571067
643 0.04237475504061931
644 0.04237494141640945
645 0.04237512724473331
646 0.04237531245201568
647 0.04237549698898541
648 0.04237568080918613
649 0.04237586389282923
650 0.04237604625511889
651 0.04237622794351176
652 0.04237640902244409
653 0.04237658956827758
654 0.0423767696617364
655 0.04237694938015099
656 0.04237712877854628
657 0.04237730789193968
658 0.04237748674519243
659 0.04237766535008011
660 0.04237784372531637
661 0.04237802188172387
662 0.04237819980105752
663 0.04237837746876267
664 0.04237855485236839
665 0.04237873190919431
666 0.04237890863054995
667 0.04237908501305576
668 0.04237926105229207
669 0.04237943675465752
670 0.04237961211472203
671 0.04237978712844323
672 0.04237996179191172
673 0.04238013609894192
674 0.04238031004971043
675 0.04238048364962241
676 0.04238065690830856
677 0.04238082983054113
678 0.04238100241671496
679 0.04238117466328705
680 0.04238134657107267
681 0.04238151814281117
682 0.04238168937721736
683 0.04238186028320352
684 0.04238203086181157
685 0.0423822011155922
686 0.04238237104719358
687 0.04238254065565637
688 0.0423827099379769
689 0.04238287888981608
690 0.04238304750807449
691 0.04238321579800793
692 0.04238338376497772
693 0.04238355140931468
694 0.04238371873073982
695 0.04238388572935143
696 0.04238405240480086
697 0.04238421875995449
698 0.04238438479451976
699 0.04238455050850078
700 0.04238471591404627
701 0.04238488100012001
702 0.0423850457639568
703 0.04238521020550304
704 0.04238537432575657
705 0.04238553812601809
706 0.04238570160899533
707 0.04238586477817762
708 0.04238602763697032
709 0.04238619018836601
710 0.04238635243583894
711 0.04238651438225415
712 0.04238667602978789
713 0.04238683737997941
714 0.0423869984340348
715 0.04238715919535198
716 0.04238731966868686
717 0.04238747985415613
718 0.04238763974016087
719 0.04238779931805838
720 0.04238795859099207
721 0.04238811756711454
722 0.04238827625020503
723 0.04238843464794506
724 0.0423885927692703
725 0.04238875061394461
726 0.04238890817706333
727 0.04238906545318738
728 0.04238922243882281
729 0.04238937913184951
730 0.04238953552979484
731 0.04238969163151209
732 0.04238984743739677
733 0.04239000294673852
734 0.04239015815871596
735 0.04239031307193739
736 0.04239046768593972
737 0.04239062200158866
738 0.04239077602106751
739 0.04239092974483096
740 0.0423910831708488
741 0.04239123629919953
742 0.04239138913112487
743 0.04239154166655888
744 0.04239169390588356
745 0.04239184584802393
746 0.04239199749493457
747 0.04239214884914755
748 0.04239229991299501
749 0.04239245068747417
750 0.04239260117251702
751 0.04239275136699008
752 0.04239290127113282
753 0.04239305088762201
754 0.04239320021260553
755 0.0423933492504197
756 0.04239349800760032
757 0.04239364648878051
758 0.0423937946951233
759 0.0423939426267072
760 0.04239409028366834
761 0.04239423766635352
762 0.0423943847744064
763 0.04239453160779208
764 0.04239467816926869
765 0.0423948244555893
766 0.04239497046633341
767 0.04239511620100858
768 0.04239526166010353
769 0.04239540684425848
770 0.04239555175452439
771 0.04239569639485344
772 0.04239584077119016
773 0.04239598488413683
774 0.04239612873427742
775 0.04239627232290155
776 0.0423964156497439
777 0.04239655871348293
778 0.04239670151401266
779 0.04239684405039156
780 0.04239698632243233
781 0.04239712833115703
782 0.04239727007754161
783 0.04239741155994399
784 0.04239755277808196
785 0.04239769373237656
786 0.04239783442299323
787 0.04239797485088839
788 0.04239811501542145
789 0.04239825491643742
790 0.04239839455520478
791 0.04239853392883717
792 0.04239867304072219
793 0.04239881189159388
794 0.04239895047812631
795 0.04239908879757833
796 0.04239922685019003
797 0.04239936463688104
798 0.04239950215883152
799 0.04239963941775707
800 0.04239977641696986
801 0.0423999131628517
802 0.04240004966086321
803 0.0424001856901902
804 0.04240032211444405
805 0.04240045870795187
806 0.04240059511636805
807 0.042400731178839
808 0.04240086684258858
809 0.04240100211492002
810 0.04240113702264797
811 0.04240127159373386
812 0.04240140585036947
813 0.04240153980901477
814 0.04240167348270255
815 0.04240180687989828
816 0.04240194000483592
817 0.04240207285948031
818 0.04240220544519783
819 0.04240233776388834
820 0.04240246981809758
821 0.04240260161084914
822 0.04240273314372944
823 0.04240286441855194
824 0.04240299543817537
825 0.04240312620067593
826 0.04240325670946551
827 0.04240338697038871
828 0.04240351698848555
829 0.0424036467611953
830 0.04240377628663201
831 0.04240390556867941
832 0.04240403460835825
833 0.04240416340630695
834 0.04240429196287359
835 0.04240442028376513
836 0.04240454837130297
837 0.04240467622491013
838 0.04240480384390289
839 0.04240493123042979
840 0.04240505838657705
841 0.04240518531432454
842 0.04240531201395709
843 0.04240543848489203
844 0.04240556472792754
845 0.04240569074419829
846 0.04240581653575761
847 0.04240594210146165
848 0.04240606744512921
849 0.04240619256913145
850 0.04240631745102281
851 0.04240644209050074
852 0.04240656649541191
853 0.04240669067584567
854 0.0424068152207903
855 0.0424069396912644
856 0.04240706385601083
857 0.04240718761083288
858 0.04240731104391215
859 0.04240743419772882
860 0.04240755709465429
861 0.0424076797462182
862 0.04240780216044727
863 0.04240792434520472
864 0.0424080463062596
865 0.042408168060638
866 0.0424082896320825
867 0.04240841101767077
868 0.04240853220852758
869 0.04240865319421141
870 0.0424087739652149
871 0.04240889451374323
872 0.04240901483375087
873 0.04240913492229892
874 0.04240925477786706
875 0.0424093743997691
876 0.04240949378956851
877 0.0424096129498556
878 0.04240973188347912
879 0.04240985059323745
880 0.04240996908204008
881 0.04241008735273689
882 0.04241020540842336
883 0.04241032325210814
884 0.04241044088644774
885 0.04241055831376133
886 0.04241067553628685
887 0.04241079255657762
888 0.04241090937663478
889 0.04241102599737924
890 0.04241114241944793
891 0.04241125864378121
892 0.04241137466983035
893 0.04241149049867649
894 0.0424116061310231
895 0.04241172156705062
896 0.04241183680801677
897 0.04241195186103177
898 0.04241206672497462
899 0.04241218139562913
900 0.04241229587003718
901 0.04241241014686684
902 0.04241252422590731
903 0.04241263810760877
904 0.04241275179201097
905 0.04241286527981694
906 0.04241297857139106
907 0.04241309166703899
908 0.04241320456618962
909 0.04241331726886017
910 0.04241342977764656
911 0.04241354209066923
912 0.04241365421298336
913 0.04241376614663296
914 0.04241387789052452
915 0.04241398944154121
916 0.04241410079766158
917 0.04241421195708647
918 0.04241432291926588
919 0.04241443368469897
920 0.04241454425426479
921 0.04241465462907302
922 0.04241476481003845
923 0.04241487479774634
924 0.04241498459427797
925 0.04241509420062976
926 0.04241520361779517
927 0.04241531284619945
928 0.04241542188518105
929 0.0424155307348331
930 0.04241563939621149
931 0.04241574787006438
932 0.04241585615699746
933 0.04241596425789259
934 0.04241607217568131
935 0.04241617991120496
936 0.04241628746336034
937 0.04241639483251234
938 0.04241650201924855
939 0.04241660902250736
940 0.0424167158416256
941 0.04241682247718995
942 0.04241692892858445
943 0.04241703519625125
944 0.04241714128057009
945 0.0424172471822627
946 0.04241735290249125
947 0.04241745844223645
948 0.04241756380215212
949 0.04241766898270879
950 0.04241777398432152
951 0.04241787880750921
952 0.04241798345272723
953 0.04241808792069964
954 0.04241819221218653
955 0.04241829632793596
956 0.04241840026857266
957 0.04241850403460813
958 0.0424186076263995
959 0.04241871104457622
960 0.04241881428996791
961 0.04241891736333316
962 0.04241902026556422
963 0.04241912299725609
964 0.04241922555783961
965 0.04241932794711137
966 0.04241943016523834
967 0.04241953221250938
968 0.0424196340894409
969 0.04241973579708536
970 0.04241983733626269
971 0.04241993870607876
972 0.04242003990507601
973 0.04242014093215187
974 0.04242024178998386
975 0.04242034247677247
976 0.04242044299156664
977 0.04242054333565722
978 0.04242064350979118
979 0.04242074351431163
980 0.04242084334959879
981 0.0424209430143456
982 0.04242104251047676
983 0.04242114183873816
984 0.04242124099939766
985 0.04242133999275361
986 0.04242143881891013
987 0.04242153747770539
988 0.04242163596877829
989 0.04242173429547537
990 0.04242183246432935
991 0.04242193047675623
992 0.04242202833135211
993 0.04242212602586963
994 0.04242222355849201
995 0.04242232109675347
996 0.04242241865772618
997 0.04242251594542862
998 0.04242261290405019
999 0.04242270960236447
1000 0.04242280611017796
1001 0.04242290246081537
1002 0.04242299866496203
1003 0.04242309472303513
1004 0.04242319063462011
1005 0.04242328640012093
1006 0.04242338201718682
1007 0.04242347748177931
1008 0.04242357278975059
1009 0.04242366793743087
1010 0.04242376292068047
1011 0.04242385773602314
1012 0.04242395238077076
1013 0.0424240468522869
1014 0.04242414114923285
1015 0.04242423527116969
1016 0.04242432921809101
1017 0.04242442299029839
1018 0.04242451658860473
1019 0.04242461001359452
1020 0.04242470326552474
1021 0.04242479634380553
1022 0.04242488924967314
1023 0.04242498198304236
1024 0.04242507454417498
1025 0.04242516693346012
1026 0.04242525915137879
1027 0.04242535119870083
1028 0.04242544307562007
1029 0.04242553478098694
1030 0.04242562631334659
1031 0.04242571767153164
1032 0.0424258088549192
1033 0.04242589986270622
1034 0.04242599069386699
1035 0.04242608134702921
1036 0.0424261718205276
1037 0.04242626211405041
1038 0.04242635222663513
1039 0.04242644215703011
1040 0.04242653190353696
1041 0.04242662146417644
1042 0.04242671083655328
1043 0.04242680001912599
1044 0.04242688901110016
1045 0.04242697781188164
1046 0.04242706642130661
1047 0.04242715483995224
1048 0.04242724306958643
1049 0.04242733111333277
1050 0.04242741897661494
1051 0.04242750666680093
1052 0.04242759419634649
1053 0.0424276815814626
1054 0.04242776884302175
1055 0.04242785600612922
1056 0.04242794309953449
1057 0.04242803015433211
1058 0.04242811720190742
1059 0.0424282042711591
1060 0.04242829138508183
1061 0.04242837855861088
1062 0.04242846579591071
1063 0.04242855308993117
1064 0.04242864042344634
1065 0.04242872776955318
1066 0.04242881509465225
1067 0.04242890236228999
1068 0.04242898953574742
1069 0.04242907657904593
1070 0.04242916345890192
1071 0.04242925014787135
1072 0.04242933662391269
1073 0.0424294228695109
1074 0.04242950887201382
1075 0.04242959462232846
1076 0.04242968011473985
1077 0.0424297653467425
1078 0.0424298503184095
1079 0.04242993503307972
1080 0.04243001949536972
1081 0.04243010371042696
1082 0.04243018768399238
1083 0.04243027142217937
1084 0.04243035493132995
1085 0.04243043821770744
1086 0.04243052128806248
1087 0.04243060414876895
1088 0.04243068680574505
1089 0.04243076926438601
1090 0.04243085153007348
1091 0.04243093361087029
1092 0.04243101551559168
1093 0.04243109724744807
1094 0.0424311788072489
1095 0.04243126019534797
1096 0.0424313414131639
1097 0.04243142246058048
1098 0.04243150333892973
1099 0.04243158405105198
1100 0.04243166459995309
1101 0.04243174498826799
1102 0.04243182521861329
1103 0.04243190529315852
1104 0.04243198521393698
1105 0.04243206498255511
1106 0.04243214460045756
1107 0.04243222406894133
1108 0.04243230338908081
1109 0.04243238256176876
1110 0.04243246158778236
1111 0.04243254046782842
1112 0.04243261920255399
1113 0.04243269779253907
1114 0.04243277623834876
1115 0.04243285454032377
1116 0.0424329326961156
1117 0.04243301070892915
1118 0.0424330885803229
1119 0.04243316631082814
1120 0.04243324390080726
1121 0.04243332135164674
1122 0.04243339866498747
1123 0.04243347584035014
1124 0.04243355287645677
1125 0.04243362977313991
1126 0.04243371082578215
1127 0.04243379293658751
1128 0.04243387402959178
1129 0.04243395385733195
1130 0.04243403255178612
1131 0.04243411033091275
1132 0.04243418740890725
1133 0.04243426396033423
1134 0.04243434011171299
1135 0.04243441594905926
1136 0.04243449152956535
1137 0.04243456689021922
1138 0.04243464205637751
1139 0.04243471704480987
1140 0.04243479186672176
1141 0.04243486653057792
1142 0.0424349410432304
1143 0.04243501541022947
1144 0.04243508963604945
1145 0.0424351637231013
1146 0.04243523767257222
1147 0.04243531148640292
1148 0.04243538516704382
1149 0.04243545871675494
1150 0.04243553213689413
1151 0.04243560542834238
1152 0.04243567859077416
1153 0.04243575162321337
1154 0.04243582452582339
1155 0.04243589729929736
1156 0.04243596994426443
1157 0.04243604246103871
1158 0.04243611484983699
1159 0.04243618711070217
1160 0.04243625924424611
1161 0.04243633125104391
1162 0.04243640313138493
1163 0.04243647488567062
1164 0.04243654651399986
1165 0.04243661801669831
1166 0.04243668939417079
1167 0.04243676064653594
1168 0.0424368317737687
1169 0.04243690277601796
1170 0.0424369736532807
1171 0.04243704440540206
1172 0.04243711503231876
1173 0.04243718553286665
1174 0.04243725590554866
1175 0.04243732615111833
1176 0.0424373962709081
1177 0.0424374662661403
1178 0.04243753613743941
1179 0.04243760588514384
1180 0.04243767550953498
1181 0.04243774501081811
1182 0.04243781439283825
1183 0.04243788365449249
1184 0.04243795279377743
1185 0.04243802180972423
1186 0.04243809070231511
1187 0.04243815947190337
1188 0.04243822811900307
1189 0.04243829664429654
1190 0.04243836504828256
1191 0.04243843333129846
1192 0.04243850149366329
1193 0.04243856953561125
1194 0.0424386374572649
1195 0.04243870525867748
1196 0.04243877294092364
1197 0.04243884050367512
1198 0.04243890794671128
1199 0.04243897527040794
1200 0.04243904247506988
1201 0.04243910956069078
1202 0.04243917652742241
1203 0.04243924337554463
1204 0.04243931010522931
1205 0.04243937671652725
1206 0.04243944320844195
1207 0.04243950958071351
1208 0.04243957583406245
1209 0.04243964196958994
1210 0.04243970798827289
1211 0.04243977389103351
1212 0.04243983967889053
1213 0.04243990535214553
1214 0.04243997091069776
1215 0.04244003635476648
1216 0.04244010168460577
1217 0.04244016690044678
1218 0.04244023200250792
1219 0.04244029699095298
1220 0.04244036186601124
1221 0.04244042662797616
1222 0.04244049127690978
1223 0.04244055581289721
1224 0.04244062023576906
1225 0.04244068454528872
1226 0.04244074874127996
1227 0.04244081282393159
1228 0.04244087679356753
1229 0.04244094065018559
1230 0.04244100439395832
1231 0.04244106802522531
1232 0.04244113154416621
1233 0.04244119495105902
1234 0.04244125824577927
1235 0.04244132142805208
1236 0.04244138449850149
1237 0.04244144745732639
1238 0.04244151030391066
1239 0.04244157303813129
1240 0.04244163565976818
1241 0.0424416981686036
1242 0.04244176056487562
1243 0.04244182284939762
1244 0.04244188502252678
1245 0.04244194708412791
1246 0.04244200903420303
1247 0.042442070872949
1248 0.04244213260057077
1249 0.04244219421727635
1250 0.04244225572332841
1251 0.04244231711885658
1252 0.04244237840394903
1253 0.04244243957858505
1254 0.04244250064295321
1255 0.04244256159725
1256 0.04244262244113958
1257 0.04244268317419953
1258 0.04244274379629431
1259 0.04244280430738358
1260 0.04244286470765362
1261 0.04244292499752601
1262 0.04244298517708552
1263 0.04244304524649507
1264 0.04244310520619343
1265 0.04244316505645422
1266 0.04244322479683444
1267 0.0424432844267312
1268 0.04244334394569401
1269 0.04244340335359698
1270 0.0424434626505165
1271 0.04244352183665406
1272 0.04244358091235612
1273 0.04244363987776977
1274 0.04244369873289625
1275 0.04244375747767255
1276 0.04244381611210524
1277 0.04244387463615408
1278 0.04244393304983806
1279 0.04244399135310974
1280 0.04244404954594901
1281 0.04244410762838637
1282 0.04244416560049395
1283 0.04244422346236659
1284 0.04244428121412893
1285 0.04244433885573363
1286 0.04244439638676378
1287 0.04244445380755893
1288 0.04244451111855041
1289 0.04244456832009991
1290 0.04244462541249915
1291 0.04244468239623645
1292 0.0424447392710055
1293 0.04244479603663134
1294 0.04244485269348169
1295 0.04244490924136061
1296 0.04244496567816054
1297 0.04244502200367346
1298 0.04244507821920129
1299 0.04244513432672939
1300 0.04244519032825932
1301 0.04244524622550953
1302 0.04244530201985967
1303 0.04244535771228745
1304 0.04244541330332471
1305 0.04244546879311676
1306 0.04244552418210035
1307 0.04244557947083422
1308 0.04244563465978872
1309 0.0424456897491469
1310 0.04244574473886176
1311 0.04244579962883737
1312 0.04244585441822181
1313 0.0424459091058666
1314 0.04244596369156955
1315 0.04244601817583305
1316 0.04244607255916407
1317 0.04244612684163169
1318 0.0424461810232437
1319 0.04244623510405134
1320 0.04244628908413502
1321 0.04244634296370343
1322 0.04244639674322694
1323 0.04244645042292153
1324 0.04244650400163204
1325 0.04244655747774407
1326 0.04244661085103676
1327 0.04244666412177275
1328 0.04244671729020686
1329 0.0424467703565873
1330 0.04244682332120676
1331 0.04244687618352661
1332 0.04244692894107759
1333 0.0424469815936884
1334 0.04244703414273362
1335 0.04244708658927773
1336 0.04244713893382917
1337 0.04244719117660659
1338 0.04244724331759768
1339 0.04244729535338602
1340 0.04244734728709278
1341 0.04244739912800879
1342 0.04244745088151333
1343 0.04244750254956795
1344 0.04244755413350119
1345 0.04244760563432754
1346 0.04244765705236281
1347 0.04244770838683715
1348 0.04244775963573875
1349 0.04244781079591452
1350 0.04244786186349157
1351 0.04244791283351244
1352 0.04244796370283724
1353 0.04244801446842784
1354 0.04244806512789562
1355 0.04244811567951837
1356 0.04244816612221297
1357 0.04244821645557847
1358 0.04244826667979958
1359 0.04244831679547569
1360 0.0424483668033456
1361 0.04244841670439382
1362 0.04244846649949491
1363 0.04244851618987646
1364 0.04244856577723292
1365 0.04244861526360594
1366 0.04244866465120456
1367 0.04244871394245786
1368 0.04244876314004673
1369 0.04244881224682637
1370 0.0424488612653867
1371 0.04244891020269089
1372 0.04244895906035716
1373 0.04244900783691943
1374 0.04244905653113268
1375 0.04244910514269097
1376 0.04244915367159288
1377 0.04244920211784925
1378 0.0424492504814205
1379 0.0424492987616626
1380 0.04244934695783639
1381 0.04244939506944395
1382 0.04244944309610821
1383 0.04244949103807946
1384 0.04244953889551635
1385 0.04244958666843508
1386 0.04244963435648567
1387 0.0424496819592103
1388 0.04244972947638972
1389 0.04244977690825325
1390 0.04244982425324726
1391 0.04244987151050494
1392 0.04244991867965534
1393 0.04244996576120107
1394 0.04245001275809724
1395 0.04245005967032612
1396 0.04245010649684346
1397 0.04245015323710232
1398 0.04245019989118645
1399 0.04245024646025639
1400 0.04245029294501742
1401 0.04245033934521876
1402 0.04245038566013713
1403 0.04245043188943789
1404 0.04245047803336288
1405 0.04245052409241551
1406 0.04245057006719292
1407 0.04245061595828718
1408 0.0424506617662239
1409 0.04245070749140226
1410 0.04245075313414868
1411 0.04245079869478496
1412 0.04245084417360939
1413 0.04245088957092043
1414 0.0424509348868353
1415 0.04245098012151597
1416 0.04245102527249155
1417 0.04245107033234936
1418 0.04245111530196438
1419 0.04245116018455602
1420 0.04245120498302613
1421 0.04245124969919797
1422 0.04245129433375684
1423 0.04245133888655542
1424 0.04245138335691279
1425 0.04245142774426634
1426 0.04245147204868131
1427 0.04245151626692124
1428 0.0424515603965769
1429 0.04245160443834786
1430 0.04245164839472475
1431 0.04245169226843377
1432 0.04245173606173942
1433 0.04245177977626236
1434 0.04245182341304726
1435 0.04245186697276521
1436 0.04245191045589943
1437 0.04245195386285457
1438 0.04245199719403128
1439 0.04245204044981744
1440 0.04245208363064917
1441 0.04245212673698432
1442 0.04245216976910572
1443 0.04245221272729112
1444 0.04245225561180908
1445 0.0424522984228845
1446 0.04245234116068949
1447 0.04245238382535507
1448 0.04245242641698567
1449 0.04245246893567522
1450 0.04245251138153044
1451 0.04245255375466115
1452 0.04245259605520084
1453 0.04245263828311636
1454 0.04245268043835424
1455 0.04245272252088166
1456 0.04245276453070234
1457 0.04245280646784506
1458 0.04245284833226563
1459 0.04245289012382376
1460 0.04245293184248351
1461 0.0424529734888668
1462 0.04245301506872799
1463 0.04245305658866878
1464 0.04245309805284868
1465 0.04245313946138134
1466 0.04245318081134643
1467 0.04245322209852091
1468 0.04245326331852302
1469 0.04245330446738667
1470 0.04245334554176438
1471 0.04245338653906445
1472 0.04245342745748468
1473 0.04245346829597914
1474 0.04245350905417865
1475 0.04245354972935355
1476 0.04245359032305673
1477 0.04245363083746921
1478 0.04245367127409336
1479 0.04245371163388264
1480 0.04245375191828298
1481 0.04245379212879583
1482 0.04245383226670425
1483 0.04245387233273883
1484 0.04245391232744508
1485 0.04245395225127152
1486 0.04245399210471246
1487 0.04245403188840112
1488 0.04245407160277344
1489 0.04245411124828682
1490 0.04245415082540131
1491 0.04245419033453739
1492 0.04245422977604816
1493 0.04245426915028655
1494 0.04245430845749232
1495 0.04245434769779453
1496 0.04245438687137357
1497 0.04245442597841484
1498 0.04245446501906775
1499 0.04245450399344525
1500 0.0424545429016215
1501 0.0424545817436698
1502 0.04245462051968439
1503 0.04245465922975358
1504 0.04245469787395471
1505 0.04245473645252037
1506 0.04245477496552125
1507 0.04245481341308088
1508 0.04245485179514981
1509 0.04245489011172432
1510 0.04245492836280056
1511 0.04245496654810661
1512 0.04245500466710226
1513 0.04245504272017975
1514 0.04245508070780865
1515 0.04245511862995602
1516 0.04245515648637443
1517 0.04245519427685614
1518 0.04245523200144739
1519 0.04245526966023132
1520 0.04245530725325704
1521 0.0424553447807836
1522 0.04245538224275464
1523 0.0424554196388899
1524 0.04245545696896054
1525 0.0424554942330841
1526 0.04245553143089172
1527 0.04245556856214052
1528 0.04245560562687417
1529 0.04245564262525651
1530 0.04245567955729789
1531 0.04245571642293265
1532 0.04245575322214667
1533 0.04245578995494814
1534 0.04245582662138666
1535 0.04245586322154913
1536 0.04245589975545404
1537 0.04245593622307524
1538 0.042455972624416
1539 0.04245600895955246
1540 0.04245604522851261
1541 0.04245608143126232
1542 0.04245611756871524
1543 0.04245615364203445
1544 0.04245618965184006
1545 0.0424562255983056
1546 0.04245626148138887
1547 0.04245629730102754
1548 0.04245633305714436
1549 0.04245636874994192
1550 0.04245640438017126
1551 0.04245643994728476
1552 0.04245647545070046
1553 0.04245651088998165
1554 0.04245654626495044
1555 0.04245658157568785
1556 0.04245661682243674
1557 0.04245665200543845
1558 0.04245668712489482
1559 0.04245672218095123
1560 0.04245675717369946
1561 0.0424567921032686
1562 0.04245682697007119
1563 0.0424568617741934
1564 0.0424568965155599
1565 0.0424569311941415
1566 0.04245696581001542
1567 0.04245700036316779
1568 0.04245703485359242
1569 0.04245706928117116
1570 0.04245710364586354
1571 0.04245713794771729
1572 0.04245717218668134
1573 0.04245720636268
1574 0.04245724047566558
1575 0.04245727452557597
1576 0.04245730851261472
1577 0.04245734243741048
1578 0.04245737630043254
1579 0.04245741010170623
1580 0.04245744384103464
1581 0.04245747751835413
1582 0.04245751113417939
1583 0.04245754468864012
1584 0.04245757818146268
1585 0.04245761161248355
1586 0.04245764498171841
1587 0.04245767828926611
1588 0.04245771153535856
1589 0.04245774472023513
1590 0.04245777784402266
1591 0.0424578109064388
1592 0.04245784390813256
1593 0.04245787684958587
1594 0.04245790973112055
1595 0.0424579425528941
1596 0.04245797531500092
1597 0.04245800801756937
1598 0.04245804066074198
1599 0.04245807324492815
1600 0.04245810577088593
1601 0.04245813823898253
1602 0.04245817064943461
1603 0.04245820300249832
1604 0.04245823529847258
1605 0.04245826753765734
1606 0.0424582997203436
1607 0.04245833184682199
1608 0.04245836391740143
1609 0.04245839593221863
1610 0.04245842789145981
1611 0.04245845979531257
1612 0.04245849164397913
1613 0.04245852343766068
1614 0.04245855517654892
1615 0.04245858686080931
1616 0.04245861849059687
1617 0.04245865006608444
1618 0.04245868158745116
1619 0.04245871305485733
1620 0.04245874446851691
1621 0.04245877582839896
1622 0.04245880713557949
1623 0.04245883839089312
1624 0.04245886959404236
1625 0.04245890074502695
1626 0.04245893184418124
1627 0.04245896289200683
1628 0.0424589938890026
1629 0.04245902483557189
1630 0.04245905573196744
1631 0.04245908657826291
1632 0.04245911737447465
1633 0.04245914812060228
1634 0.04245917881662668
1635 0.04245920946251712
1636 0.04245924005834351
1637 0.04245927060388401
1638 0.04245930109807626
1639 0.04245933154083065
1640 0.04245936193241334
1641 0.04245939227315606
1642 0.0424594225632788
1643 0.04245945280296129
1644 0.04245948299225848
1645 0.04245951313135993
1646 0.04245954322027982
1647 0.04245957325903402
1648 0.04245960324760052
1649 0.04245963318597137
1650 0.04245966307413755
1651 0.04245969291210584
1652 0.04245972269986979
1653 0.04245975243742099
1654 0.04245978212477813
1655 0.0424598117619657
1656 0.04245984134901116
1657 0.04245987088594124
1658 0.04245990037274391
1659 0.04245992980943432
1660 0.04245995919608815
1661 0.04245998853274867
1662 0.04246001781943833
1663 0.04246004705618482
1664 0.0424600762429846
1665 0.04246010537969804
1666 0.04246013446628322
1667 0.04246016350294397
1668 0.0424601924896766
1669 0.04246022142631686
1670 0.04246025031267153
1671 0.04246027914889133
1672 0.04246030793529443
1673 0.04246033667202228
1674 0.04246036535918679
1675 0.04246039399688101
1676 0.04246042258525565
1677 0.04246045112448803
1678 0.04246047961468898
1679 0.04246050805587376
1680 0.04246053644801197
1681 0.0424605647910609
1682 0.04246059308500165
1683 0.04246062132981725
1684 0.04246064952548654
1685 0.04246067767204136
1686 0.04246070576956528
1687 0.04246073381814943
1688 0.04246076181785163
1689 0.04246078976870775
1690 0.04246081767079583
1691 0.04246084552402455
1692 0.04246087332822387
1693 0.04246090108346542
1694 0.04246092879000105
1695 0.04246095644809611
1696 0.04246098405798205
1697 0.04246101161992718
1698 0.04246103913399331
1699 0.04246106660020453
1700 0.04246109401858943
1701 0.0424611213890722
1702 0.04246114871165669
1703 0.04246117598644707
1704 0.04246120321358794
1705 0.04246123039323755
1706 0.04246125752552194
1707 0.0424612846106048
1708 0.04246131164864025
1709 0.04246133863974874
1710 0.04246136558404277
1711 0.04246139248163803
1712 0.04246141933263642
1713 0.0424614461371287
1714 0.0424614728952117
1715 0.0424614996070668
1716 0.04246152627299318
1717 0.04246155289322111
1718 0.04246157946783652
1719 0.04246160599688036
1720 0.04246163248035782
1721 0.04246165891835472
1722 0.04246168531097426
1723 0.04246171165827064
1724 0.04246173796030681
1725 0.04246176421714813
1726 0.04246179042870476
1727 0.0424618165951123
1728 0.04246184271658001
1729 0.04246186879332026
1730 0.04246189482552374
1731 0.04246192081336474
1732 0.04246194675700854
1733 0.04246197265662279
1734 0.04246199851237988
1735 0.04246202432468436
1736 0.04246205009473072
1737 0.04246207582363214
1738 0.04246210151174909
1739 0.04246212715936438
1740 0.04246215276758508
1741 0.04246217833712081
1742 0.04246220386708008
1743 0.04246222935644044
1744 0.04246225480447272
1745 0.04246228021075369
1746 0.04246230557435622
1747 0.0424623308945529
1748 0.04246235616833164
1749 0.04246238139401012
1750 0.04246240657454482
1751 0.04246243171398573
1752 0.0424624568153889
1753 0.04246248188039348
1754 0.04246250690958905
1755 0.04246253190297172
1756 0.04246255686024984
1757 0.04246258178094379
1758 0.04246260666424048
1759 0.04246263150934129
1760 0.04246265631558033
1761 0.04246268108227511
1762 0.04246270580867009
1763 0.04246273049392031
1764 0.04246275513705271
1765 0.04246277973693147
1766 0.0424628042923834
1767 0.04246282880233777
1768 0.04246285326585367
1769 0.042462877682091
1770 0.04246290205025748
1771 0.04246292636960355
1772 0.04246295063949117
1773 0.04246297485928126
1774 0.04246299902835196
1775 0.04246302314612258
1776 0.04246304721207118
1777 0.04246307122575411
1778 0.04246309518681869
1779 0.0424631190950076
1780 0.04246314295021187
1781 0.04246316675264447
1782 0.04246319050316013
1783 0.04246321420288649
1784 0.04246323785166439
1785 0.04246326144881814
1786 0.04246328499383488
1787 0.04246330848652073
1788 0.04246333192706907
1789 0.04246335531315323
1790 0.0424633786440007
1791 0.0424634019213519
1792 0.04246342514696379
1793 0.04246344832194791
1794 0.042463471446814
1795 0.04246349452170104
1796 0.04246351754665403
1797 0.04246354052171202
1798 0.04246356344695054
1799 0.04246358632262973
1800 0.04246360914911263
1801 0.04246363192679509
1802 0.04246365465612343
1803 0.04246367733759019
1804 0.04246369997156587
1805 0.04246372255848078
1806 0.04246374509864284
1807 0.0424637675921202
1808 0.04246379003897284
1809 0.0424638124393887
1810 0.04246383479362406
1811 0.04246385710191396
1812 0.04246387936443632
1813 0.04246390158132513
1814 0.04246392375281863
1815 0.04246394587930867
1816 0.0424639679609628
1817 0.04246398999828889
1818 0.04246401199473005
1819 0.04246403395030362
1820 0.04246405586341389
1821 0.04246407773278888
1822 0.04246409955779161
1823 0.04246412133831499
1824 0.04246414307460247
1825 0.04246416476706724
1826 0.04246418641613925
1827 0.04246420802218339
1828 0.04246422958560211
1829 0.04246425110677168
1830 0.04246427258598229
1831 0.04246429402271614
1832 0.04246431541847571
1833 0.04246433677351633
1834 0.04246435808792535
1835 0.04246437936255069
1836 0.04246440059889733
1837 0.04246442179873791
1838 0.04246444296380713
1839 0.04246446409552992
1840 0.04246448519485183
1841 0.04246450626216206
1842 0.04246452729738101
1843 0.04246454830009404
1844 0.04246456926967675
1845 0.04246459020542181
1846 0.04246461110660012
1847 0.04246463197210548
1848 0.04246465280145323
1849 0.04246467359446805
1850 0.04246469435109828
1851 0.04246471507199299
1852 0.04246473575678293
1853 0.04246475640519071
1854 0.04246477701706986
1855 0.04246479759234949
1856 0.04246481813100008
1857 0.04246483863301701
1858 0.04246485909841718
1859 0.0424648795272373
1860 0.04246489991953299
1861 0.0424649202755049
1862 0.0424649405952603
1863 0.04246496087875564
1864 0.04246498112599192
1865 0.04246500133697508
1866 0.04246502151171991
1867 0.04246504165024745
1868 0.04246506175257681
1869 0.04246508181873043
1870 0.04246510184875125
1871 0.04246512184272823
1872 0.04246514180072871
1873 0.04246516172280017
1874 0.04246518160897019
1875 0.0424652014592782
1876 0.04246522127380139
1877 0.04246524105258683
1878 0.04246526079567901
1879 0.04246528050313206
1880 0.04246530017499973
1881 0.04246531981134812
1882 0.0424653394121607
1883 0.0424653589774993
1884 0.04246537850754664
1885 0.04246539800243884
1886 0.04246541746228068
1887 0.04246543688716087
1888 0.0424654562771593
1889 0.0424654756325861
1890 0.04246549495416627
1891 0.04246551424233928
1892 0.04246553349694503
1893 0.04246555271779764
1894 0.04246557190480524
1895 0.04246559105791588
1896 0.04246561017704942
1897 0.04246562926211506
1898 0.04246564831307855
1899 0.04246566732983691
1900 0.04246568631233454
1901 0.04246570526057865
1902 0.0424657241746107
1903 0.04246574305448853
1904 0.04246576190028305
1905 0.04246578071206336
1906 0.04246579948990538
1907 0.04246581823382679
1908 0.04246583694390119
1909 0.04246585562020267
1910 0.04246587426276727
1911 0.04246589287160699
1912 0.04246591144664721
1913 0.04246592998768975
1914 0.04246594849462983
1915 0.04246596696708223
1916 0.04246598540525134
1917 0.0424660038091967
1918 0.0424660221789904
1919 0.04246604051473732
1920 0.04246605881658284
1921 0.04246607708465245
1922 0.04246609531881019
1923 0.04246611351860906
1924 0.04246613168430731
1925 0.04246614981622787
1926 0.04246616791463662
1927 0.04246618597899033
1928 0.04246620401198712
1929 0.0424662220219702
1930 0.04246624000558432
1931 0.04246625795806526
1932 0.04246627587551698
1933 0.04246629375514277
1934 0.04246631159514505
1935 0.04246632939457141
1936 0.04246634715312163
1937 0.04246636487096245
1938 0.04246638254855311
1939 0.04246640018655714
1940 0.04246641778580523
1941 0.0424664353471834
1942 0.04246645287155797
1943 0.04246647035975936
1944 0.04246648781257624
1945 0.04246650523073998
1946 0.04246652261491691
1947 0.04246653996575087
1948 0.04246655728399785
1949 0.04246657457044185
1950 0.04246659182544629
1951 0.04246660904882382
1952 0.04246662624038016
1953 0.0424666434000155
1954 0.04246666052773544
1955 0.0424666776236426
1956 0.0424666946878978
1957 0.04246671172073822
1958 0.0424667287224375
1959 0.0424667456932707
1960 0.04246676263349211
1961 0.04246677954330995
1962 0.04246679642299003
1963 0.04246681327267012
1964 0.04246683009267173
1965 0.04246684688317346
1966 0.0424668636437983
1967 0.04246688037297396
1968 0.04246689707095069
1969 0.04246691373858545
1970 0.04246693037680672
1971 0.04246694698636356
1972 0.04246696356774907
1973 0.04246698012118553
1974 0.04246699664670077
1975 0.04246701314417532
1976 0.04246702961342508
1977 0.0424670460541901
1978 0.04246706246618284
1979 0.0424670788491395
1980 0.04246709520283939
1981 0.04246711152710601
1982 0.04246712782179512
1983 0.04246714408677679
1984 0.04246716032198988
1985 0.0424671765274303
1986 0.04246719270311889
1987 0.04246720884909173
1988 0.04246722496553278
1989 0.04246724105259261
1990 0.04246725711036597
1991 0.04246727313897013
1992 0.04246728913855071
1993 0.04246730510930295
1994 0.04246732105143253
1995 0.04246733696519455
1996 0.0424673528507107
1997 0.04246736870781036
1998 0.04246738453631329
1999 0.04246740033639149
2000 0.04246741610841293
