"max_k22-rfile"
"Iteration" "max_k22"
("Iteration" "max_k22")
1 1e-09
2 1e-09
3 1e-09
4 1e-09
5 1e-09
6 1e-09
7 1e-09
8 1e-09
9 1e-09
10 1e-09
11 1e-09
12 1e-09
13 1e-09
14 1e-09
15 1e-09
16 1e-09
17 1e-09
18 1e-09
19 1e-09
20 1e-09
21 1e-09
22 1e-09
23 1e-09
24 1e-09
25 1e-09
26 1e-09
27 1e-09
28 1e-09
29 1e-09
30 1e-09
31 1e-09
32 1e-09
33 1e-09
34 1e-09
35 1e-09
36 1e-09
37 1e-09
38 1e-09
39 1e-09
40 1e-09
41 1e-09
42 1e-09
43 1e-09
44 1e-09
45 1e-09
46 1e-09
47 1e-09
48 1e-09
49 1e-09
50 1e-09
51 1e-09
52 1e-09
53 1e-09
54 1e-09
55 1e-09
56 1e-09
57 1e-09
58 1e-09
59 1e-09
60 1e-09
61 1e-09
62 1e-09
63 1e-09
64 1e-09
65 1e-09
66 1e-09
67 1e-09
68 1e-09
69 1e-09
70 1e-09
71 1e-09
72 1e-09
73 1e-09
74 1e-09
75 1e-09
76 1e-09
77 1e-09
78 1e-09
79 1e-09
80 1e-09
81 1e-09
82 1e-09
83 1e-09
84 1e-09
85 1e-09
86 1e-09
87 1e-09
88 1e-09
89 1e-09
90 1e-09
91 1e-09
92 1e-09
93 1e-09
94 1e-09
95 1e-09
96 1e-09
97 1e-09
98 1e-09
99 1e-09
100 1e-09
101 1e-09
102 1e-09
103 1e-09
104 1e-09
105 1e-09
106 1e-09
107 1e-09
108 1e-09
109 1e-09
110 1e-09
111 1e-09
112 1e-09
113 1e-09
114 1e-09
115 1e-09
116 1e-09
117 1e-09
118 1e-09
119 1e-09
120 1e-09
121 1e-09
122 1e-09
123 1e-09
124 1e-09
125 1e-09
126 1e-09
127 1e-09
128 1e-09
129 1e-09
130 1e-09
131 1e-09
132 1e-09
133 1e-09
134 1e-09
135 1e-09
136 1e-09
137 1e-09
138 1e-09
139 1e-09
140 1e-09
141 1e-09
142 1e-09
143 1e-09
144 1e-09
145 1e-09
146 1e-09
147 1e-09
148 1e-09
149 1e-09
150 1e-09
151 1e-09
152 1e-09
153 1e-09
154 1e-09
155 1e-09
156 1e-09
157 1e-09
158 1e-09
159 1e-09
160 1e-09
161 1e-09
162 1e-09
163 1e-09
164 1e-09
165 1e-09
166 1e-09
167 1e-09
168 1e-09
169 1e-09
170 1e-09
171 1e-09
172 1e-09
173 1e-09
174 1e-09
175 1e-09
176 1e-09
177 1e-09
178 1e-09
179 1e-09
180 1e-09
181 1e-09
182 1e-09
183 1e-09
184 1e-09
185 1e-09
186 1e-09
187 1e-09
188 1e-09
189 1e-09
190 1e-09
191 1e-09
192 1e-09
193 1e-09
194 1e-09
195 1e-09
196 1e-09
197 1e-09
198 1e-09
199 1e-09
200 1e-09
201 1e-09
202 1e-09
203 1e-09
204 1e-09
205 1e-09
206 1e-09
207 1e-09
208 1e-09
209 1e-09
210 1e-09
211 1e-09
212 1e-09
213 1e-09
214 1e-09
215 1e-09
216 1e-09
217 1e-09
218 1e-09
219 1e-09
220 1e-09
221 1e-09
222 1e-09
223 1e-09
224 1e-09
225 1e-09
226 1e-09
227 1e-09
228 1e-09
229 1e-09
230 1e-09
231 1e-09
232 1e-09
233 1e-09
234 1e-09
235 1e-09
236 1e-09
237 1e-09
238 1e-09
239 1e-09
240 1e-09
241 1e-09
242 1e-09
243 1e-09
244 1e-09
245 1e-09
246 1e-09
247 1e-09
248 1e-09
249 1e-09
250 1e-09
251 1e-09
252 1e-09
253 1e-09
254 1e-09
255 1e-09
256 1e-09
257 1e-09
258 1e-09
259 1e-09
260 1e-09
261 1e-09
262 1e-09
263 1e-09
264 1e-09
265 1e-09
266 1e-09
267 1e-09
268 1e-09
269 1e-09
270 1e-09
271 1e-09
272 1e-09
273 1e-09
274 1e-09
275 1e-09
276 1e-09
277 1e-09
278 1e-09
279 1e-09
280 1e-09
281 1e-09
282 1e-09
283 1e-09
284 1e-09
285 1e-09
286 1e-09
287 1e-09
288 1e-09
289 1e-09
290 1e-09
291 1e-09
292 1e-09
293 1e-09
294 1e-09
295 1e-09
296 1e-09
297 1e-09
298 1e-09
299 1e-09
300 1e-09
301 1e-09
302 1e-09
303 1e-09
304 1e-09
305 1e-09
306 1e-09
307 1e-09
308 1e-09
309 1e-09
310 1e-09
311 1e-09
312 1e-09
313 1e-09
314 1e-09
315 1e-09
316 1e-09
317 1e-09
318 1e-09
319 1e-09
320 1e-09
321 1e-09
322 1e-09
323 1e-09
324 1e-09
325 1e-09
326 1e-09
327 1e-09
328 1e-09
329 1e-09
330 1e-09
331 1e-09
332 1e-09
333 1e-09
334 1e-09
335 1e-09
336 1e-09
337 1e-09
338 1e-09
339 1e-09
340 1e-09
341 1e-09
342 1e-09
343 1e-09
344 1e-09
345 1e-09
346 1e-09
347 1e-09
348 1e-09
349 1e-09
350 1e-09
351 1e-09
352 1e-09
353 1e-09
354 1e-09
355 1e-09
356 1e-09
357 1e-09
358 1e-09
359 1e-09
360 1e-09
361 1e-09
362 1e-09
363 1e-09
364 1e-09
365 1e-09
366 1e-09
367 1e-09
368 1e-09
369 1e-09
370 1e-09
371 1e-09
372 1e-09
373 1e-09
374 1e-09
375 1e-09
376 1e-09
377 1e-09
378 1e-09
379 1e-09
380 1e-09
381 1e-09
382 1e-09
383 1e-09
384 1e-09
385 1e-09
386 1e-09
387 1e-09
388 1e-09
389 1e-09
390 1e-09
391 1e-09
392 1e-09
393 1e-09
394 1e-09
395 1e-09
396 1e-09
397 1e-09
398 1e-09
399 1e-09
400 1e-09
401 1e-09
402 1e-09
403 1e-09
404 1e-09
405 1e-09
406 1e-09
407 1e-09
408 1e-09
409 1e-09
410 1e-09
411 1e-09
412 1e-09
413 1e-09
414 1e-09
415 1e-09
416 1e-09
417 1e-09
418 1e-09
419 1e-09
420 1e-09
421 1e-09
422 1e-09
423 1e-09
424 1e-09
425 1e-09
426 1e-09
427 1e-09
428 1e-09
429 1e-09
430 1e-09
431 1e-09
432 1e-09
433 1e-09
434 1e-09
435 1e-09
436 1e-09
437 1e-09
438 1e-09
439 1e-09
440 1e-09
441 1e-09
442 1e-09
443 1e-09
444 1e-09
445 1e-09
446 1e-09
447 1e-09
448 1e-09
449 1e-09
450 1e-09
451 1e-09
452 1e-09
453 1e-09
454 1e-09
455 1e-09
456 1e-09
457 1e-09
458 1e-09
459 1e-09
460 1e-09
461 1e-09
462 1e-09
463 1e-09
464 1e-09
465 1e-09
466 1e-09
467 1e-09
468 1e-09
469 1e-09
470 1e-09
471 1e-09
472 1e-09
473 1e-09
474 1e-09
475 1e-09
476 1e-09
477 1e-09
478 1e-09
479 1e-09
480 1e-09
481 1e-09
482 1e-09
483 1e-09
484 1e-09
485 1e-09
486 1e-09
487 1e-09
488 1e-09
489 1e-09
490 1e-09
491 1e-09
492 1e-09
493 1e-09
494 1e-09
495 1e-09
496 1e-09
497 1e-09
498 1e-09
499 1e-09
500 1e-09
501 1e-09
502 1e-09
503 1e-09
504 1e-09
505 1e-09
506 1e-09
507 1e-09
508 1e-09
509 1e-09
510 1e-09
511 1e-09
512 1e-09
513 1e-09
514 1e-09
515 1e-09
516 1e-09
517 1e-09
518 1e-09
519 1e-09
520 1e-09
521 1e-09
522 1e-09
523 1e-09
524 1e-09
525 1e-09
526 1e-09
527 1e-09
528 1e-09
529 1e-09
530 1e-09
531 1e-09
532 1e-09
533 1e-09
534 1e-09
535 1e-09
536 1e-09
537 1e-09
538 1e-09
539 1e-09
540 1e-09
541 1e-09
542 1e-09
543 1e-09
544 1e-09
545 1e-09
546 1e-09
547 1e-09
548 1e-09
549 1e-09
550 1e-09
551 1e-09
552 1e-09
553 1e-09
554 1e-09
555 1e-09
556 1e-09
557 1e-09
558 1e-09
559 1e-09
560 1e-09
561 1e-09
562 1e-09
563 1e-09
564 1e-09
565 1e-09
566 1e-09
567 1e-09
568 1e-09
569 1e-09
570 1e-09
571 1e-09
572 1e-09
573 1e-09
574 1e-09
575 1e-09
576 1e-09
577 1e-09
578 1e-09
579 1e-09
580 1e-09
581 1e-09
582 1e-09
583 1e-09
584 1e-09
585 1e-09
586 1e-09
587 1e-09
588 1e-09
589 1e-09
590 1e-09
591 1e-09
592 1e-09
593 1e-09
594 1e-09
595 1e-09
596 1e-09
597 1e-09
598 1e-09
599 1e-09
600 1e-09
601 1e-09
602 1e-09
603 1e-09
604 1e-09
605 1e-09
606 1e-09
607 1e-09
608 1e-09
609 1e-09
610 1e-09
611 1e-09
612 1e-09
613 1e-09
614 1e-09
615 1e-09
616 1e-09
617 1e-09
618 1e-09
619 1e-09
620 1e-09
621 1e-09
622 1e-09
623 1e-09
624 1e-09
625 1e-09
626 1e-09
627 1e-09
628 1e-09
629 1e-09
630 1e-09
631 1e-09
632 1e-09
633 1e-09
634 1e-09
635 1e-09
636 1e-09
637 1e-09
638 1e-09
639 1e-09
640 1e-09
641 1e-09
642 1e-09
643 1e-09
644 1e-09
645 1e-09
646 1e-09
647 1e-09
648 1e-09
649 1e-09
650 1e-09
651 1e-09
652 1e-09
653 1e-09
654 1e-09
655 1e-09
656 1e-09
657 1e-09
658 1e-09
659 1e-09
660 1e-09
661 1e-09
662 1e-09
663 1e-09
664 1e-09
665 1e-09
666 1e-09
667 1e-09
668 1e-09
669 1e-09
670 1e-09
671 1e-09
672 1e-09
673 1e-09
674 1e-09
675 1e-09
676 1e-09
677 1e-09
678 1e-09
679 1e-09
680 1e-09
681 1e-09
682 1e-09
683 1e-09
684 1e-09
685 1e-09
686 1e-09
687 1e-09
688 1e-09
689 1e-09
690 1e-09
691 1e-09
692 1e-09
693 1e-09
694 1e-09
695 1e-09
696 1e-09
697 1e-09
698 1e-09
699 1e-09
700 1e-09
701 1e-09
702 1e-09
703 1e-09
704 1e-09
705 1e-09
706 1e-09
707 1e-09
708 1e-09
709 1e-09
710 1e-09
711 1e-09
712 1e-09
713 1e-09
714 1e-09
715 1e-09
716 1e-09
717 1e-09
718 1e-09
719 1e-09
720 1e-09
721 1e-09
722 1e-09
723 1e-09
724 1e-09
725 1e-09
726 1e-09
727 1e-09
728 1e-09
729 1e-09
730 1e-09
731 1e-09
732 1e-09
733 1e-09
734 1e-09
735 1e-09
736 1e-09
737 1e-09
738 1e-09
739 1e-09
740 1e-09
741 1e-09
742 1e-09
743 1e-09
744 1e-09
745 1e-09
746 1e-09
747 1e-09
748 1e-09
749 1e-09
750 1e-09
751 1e-09
752 1e-09
753 1e-09
754 1e-09
755 1e-09
756 1e-09
757 1e-09
758 1e-09
759 1e-09
760 1e-09
761 1e-09
762 1e-09
763 1e-09
764 1e-09
765 1e-09
766 1e-09
767 1e-09
768 1e-09
769 1e-09
770 1e-09
771 1e-09
772 1e-09
773 1e-09
774 1e-09
775 1e-09
776 1e-09
777 1e-09
778 1e-09
779 1e-09
780 1e-09
781 1e-09
782 1e-09
783 1e-09
784 1e-09
785 1e-09
786 1e-09
787 1e-09
788 1e-09
789 1e-09
790 1e-09
791 1e-09
792 1e-09
793 1e-09
794 1e-09
795 1e-09
796 1e-09
797 1e-09
798 1e-09
799 1e-09
800 1e-09
801 1e-09
802 1e-09
803 1e-09
804 1e-09
805 1e-09
806 1e-09
807 1e-09
808 1e-09
809 1e-09
810 1e-09
811 1e-09
812 1e-09
813 1e-09
814 1e-09
815 1e-09
816 1e-09
817 1e-09
818 1e-09
819 1e-09
820 1e-09
821 1e-09
822 1e-09
823 1e-09
824 1e-09
825 1e-09
826 1e-09
827 1e-09
828 1e-09
829 1e-09
830 1e-09
831 1e-09
832 1e-09
833 1e-09
834 1e-09
835 1e-09
836 1e-09
837 1e-09
838 1e-09
839 1e-09
840 1e-09
841 1e-09
842 1e-09
843 1e-09
844 1e-09
845 1e-09
846 1e-09
847 1e-09
848 1e-09
849 1e-09
850 1e-09
851 1e-09
852 1e-09
853 1e-09
854 1e-09
855 1e-09
856 1e-09
857 1e-09
858 1e-09
859 1e-09
860 1e-09
861 1e-09
862 1e-09
863 1e-09
864 1e-09
865 1e-09
866 1e-09
867 1e-09
868 1e-09
869 1e-09
870 1e-09
871 1e-09
872 1e-09
873 1e-09
874 1e-09
875 1e-09
876 1e-09
877 1e-09
878 1e-09
879 1e-09
880 1e-09
881 1e-09
882 1e-09
883 1e-09
884 1e-09
885 1e-09
886 1e-09
887 1e-09
888 1e-09
889 1e-09
890 1e-09
891 1e-09
892 1e-09
893 1e-09
894 1e-09
895 1e-09
896 1e-09
897 1e-09
898 1e-09
899 1e-09
900 1e-09
901 1e-09
902 1e-09
903 1e-09
904 1e-09
905 1e-09
906 1e-09
907 1e-09
908 1e-09
909 1e-09
910 1e-09
911 1e-09
912 1e-09
913 1e-09
914 1e-09
915 1e-09
916 1e-09
917 1e-09
918 1e-09
919 1e-09
920 1e-09
921 1e-09
922 1e-09
923 1e-09
924 1e-09
925 1e-09
926 1e-09
927 1e-09
928 1e-09
929 1e-09
930 1e-09
931 1e-09
932 1e-09
933 1e-09
934 1e-09
935 1e-09
936 1e-09
937 1e-09
938 1e-09
939 1e-09
940 1e-09
941 1e-09
942 1e-09
943 1e-09
944 1e-09
945 1e-09
946 1e-09
947 1e-09
948 1e-09
949 1e-09
950 1e-09
951 1e-09
952 1e-09
953 1e-09
954 1e-09
955 1e-09
956 1e-09
957 1e-09
958 1e-09
959 1e-09
960 1e-09
961 1e-09
962 1e-09
963 1e-09
964 1e-09
965 1e-09
966 1e-09
967 1e-09
968 1e-09
969 1e-09
970 1e-09
971 1e-09
972 1e-09
973 1e-09
974 1e-09
975 1e-09
976 1e-09
977 1e-09
978 1e-09
979 1e-09
980 1e-09
981 1e-09
982 1e-09
983 1e-09
984 1e-09
985 1e-09
986 1e-09
987 1e-09
988 1e-09
989 1e-09
990 1e-09
991 1e-09
992 1e-09
993 1e-09
994 1e-09
995 1e-09
996 1e-09
997 1e-09
998 1e-09
999 1e-09
1000 1e-09
1001 1e-09
1002 1e-09
1003 1e-09
1004 1e-09
1005 1e-09
1006 1e-09
1007 1e-09
1008 1e-09
1009 1e-09
1010 1e-09
1011 1e-09
1012 1e-09
1013 1e-09
1014 1e-09
1015 1e-09
1016 1e-09
1017 1e-09
1018 1e-09
1019 1e-09
1020 1e-09
1021 1e-09
1022 1e-09
1023 1e-09
1024 1e-09
1025 1e-09
1026 1e-09
1027 1e-09
1028 1e-09
1029 1e-09
1030 1e-09
1031 1e-09
1032 1e-09
1033 1e-09
1034 1e-09
1035 1e-09
1036 1e-09
1037 1e-09
1038 1e-09
1039 1e-09
1040 1e-09
1041 1e-09
1042 1e-09
1043 1e-09
1044 1e-09
1045 1e-09
1046 1e-09
1047 1e-09
1048 1e-09
1049 1e-09
1050 1e-09
1051 1e-09
1052 1e-09
1053 1e-09
1054 1e-09
1055 1e-09
1056 1e-09
1057 1e-09
1058 1e-09
1059 1e-09
1060 1e-09
1061 1e-09
1062 1e-09
1063 1e-09
1064 1e-09
1065 1e-09
1066 1e-09
1067 1e-09
1068 1e-09
1069 1e-09
1070 1e-09
1071 1e-09
1072 1e-09
1073 1e-09
1074 1e-09
1075 1e-09
1076 1e-09
1077 1e-09
1078 1e-09
1079 1e-09
1080 1e-09
1081 1e-09
1082 1e-09
1083 1e-09
1084 1e-09
1085 1e-09
1086 1e-09
1087 1e-09
1088 1e-09
1089 1e-09
1090 1e-09
1091 1e-09
1092 1e-09
1093 1e-09
1094 1e-09
1095 1e-09
1096 1e-09
1097 1e-09
1098 1e-09
1099 1e-09
1100 1e-09
1101 1e-09
1102 1e-09
1103 1e-09
1104 1e-09
1105 1e-09
1106 1e-09
1107 1e-09
1108 1e-09
1109 1e-09
1110 1e-09
1111 1e-09
1112 1e-09
1113 1e-09
1114 1e-09
1115 1e-09
1116 1e-09
1117 1e-09
1118 1e-09
1119 1e-09
1120 1e-09
1121 1e-09
1122 1e-09
1123 1e-09
1124 1e-09
1125 1e-09
1126 1e-09
1127 1e-09
1128 1e-09
1129 1e-09
1130 1e-09
1131 1e-09
1132 1e-09
1133 1e-09
1134 1e-09
1135 1e-09
1136 1e-09
1137 1e-09
1138 1e-09
1139 1e-09
1140 1e-09
1141 1e-09
1142 1e-09
1143 1e-09
1144 1e-09
1145 1e-09
1146 1e-09
1147 1e-09
1148 1e-09
1149 1e-09
1150 1e-09
1151 1e-09
1152 1e-09
1153 1e-09
1154 1e-09
1155 1e-09
1156 1e-09
1157 1e-09
1158 1e-09
1159 1e-09
1160 1e-09
1161 1e-09
1162 1e-09
1163 1e-09
1164 1e-09
1165 1e-09
1166 1e-09
1167 1e-09
1168 1e-09
1169 1e-09
1170 1e-09
1171 1e-09
1172 1e-09
1173 1e-09
1174 1e-09
1175 1e-09
1176 1e-09
1177 1e-09
1178 1e-09
1179 1e-09
1180 1e-09
1181 1e-09
1182 1e-09
1183 1e-09
1184 1e-09
1185 1e-09
1186 1e-09
1187 1e-09
1188 1e-09
1189 1e-09
1190 1e-09
1191 1e-09
1192 1e-09
1193 1e-09
1194 1e-09
1195 1e-09
1196 1e-09
1197 1e-09
1198 1e-09
1199 1e-09
1200 1e-09
1201 1e-09
1202 1e-09
1203 1e-09
1204 1e-09
1205 1e-09
1206 1e-09
1207 1e-09
1208 1e-09
1209 1e-09
1210 1e-09
1211 1e-09
1212 1e-09
1213 1e-09
1214 1e-09
1215 1e-09
1216 1e-09
1217 1e-09
1218 1e-09
1219 1e-09
1220 1e-09
1221 1e-09
1222 1e-09
1223 1e-09
1224 1e-09
1225 1e-09
1226 1e-09
1227 1e-09
1228 1e-09
1229 1e-09
1230 1e-09
1231 1e-09
1232 1e-09
1233 1e-09
1234 1e-09
1235 1e-09
1236 1e-09
1237 1e-09
1238 1e-09
1239 1e-09
1240 1e-09
1241 1e-09
1242 1e-09
1243 1e-09
1244 1e-09
1245 1e-09
1246 1e-09
1247 1e-09
1248 1e-09
1249 1e-09
1250 1e-09
1251 1e-09
1252 1e-09
1253 1e-09
1254 1e-09
1255 1e-09
1256 1e-09
1257 1e-09
1258 1e-09
1259 1e-09
1260 1e-09
1261 1e-09
1262 1e-09
1263 1e-09
1264 1e-09
1265 1e-09
1266 1e-09
1267 1e-09
1268 1e-09
1269 1e-09
1270 1e-09
1271 1e-09
1272 1e-09
1273 1e-09
1274 1e-09
1275 1e-09
1276 1e-09
1277 1e-09
1278 1e-09
1279 1e-09
1280 1e-09
1281 1e-09
1282 1e-09
1283 1e-09
1284 1e-09
1285 1e-09
1286 1e-09
1287 1e-09
1288 1e-09
1289 1e-09
1290 1e-09
1291 1e-09
1292 1e-09
1293 1e-09
1294 1e-09
1295 1e-09
1296 1e-09
1297 1e-09
1298 1e-09
1299 1e-09
1300 1e-09
1301 1e-09
1302 1e-09
1303 1e-09
1304 1e-09
1305 1e-09
1306 1e-09
1307 1e-09
1308 1e-09
1309 1e-09
1310 1e-09
1311 1e-09
1312 1e-09
1313 1e-09
1314 1e-09
1315 1e-09
1316 1e-09
1317 1e-09
1318 1e-09
1319 1e-09
1320 1e-09
1321 1e-09
1322 1e-09
1323 1e-09
1324 1e-09
1325 1e-09
1326 1e-09
1327 1e-09
1328 1e-09
1329 1e-09
1330 1e-09
1331 1e-09
1332 1e-09
1333 1e-09
1334 1e-09
1335 1e-09
1336 1e-09
1337 1e-09
1338 1e-09
1339 1e-09
1340 1e-09
1341 1e-09
1342 1e-09
1343 1e-09
1344 1e-09
1345 1e-09
1346 1e-09
1347 1e-09
1348 1e-09
1349 1e-09
1350 1e-09
1351 1e-09
1352 1e-09
1353 1e-09
1354 1e-09
1355 1e-09
1356 1e-09
1357 1e-09
1358 1e-09
1359 1e-09
1360 1e-09
1361 1e-09
1362 1e-09
1363 1e-09
1364 1e-09
1365 1e-09
1366 1e-09
1367 1e-09
1368 1e-09
1369 1e-09
1370 1e-09
1371 1e-09
1372 1e-09
1373 1e-09
1374 1e-09
1375 1e-09
1376 1e-09
1377 1e-09
1378 1e-09
1379 1e-09
1380 1e-09
1381 1e-09
1382 1e-09
1383 1e-09
1384 1e-09
1385 1e-09
1386 1e-09
1387 1e-09
1388 1e-09
1389 1e-09
1390 1e-09
1391 1e-09
1392 1e-09
1393 1e-09
1394 1e-09
1395 1e-09
1396 1e-09
1397 1e-09
1398 1e-09
1399 1e-09
1400 1e-09
1401 1e-09
1402 1e-09
1403 1e-09
1404 1e-09
1405 1e-09
1406 1e-09
1407 1e-09
1408 1e-09
1409 1e-09
1410 1e-09
1411 1e-09
1412 1e-09
1413 1e-09
1414 1e-09
1415 1e-09
1416 1e-09
1417 1e-09
1418 1e-09
1419 1e-09
1420 1e-09
1421 1e-09
1422 1e-09
1423 1e-09
1424 1e-09
1425 1e-09
1426 1e-09
1427 1e-09
1428 1e-09
1429 1e-09
1430 1e-09
1431 1e-09
1432 1e-09
1433 1e-09
1434 1e-09
1435 1e-09
1436 1e-09
1437 1e-09
1438 1e-09
1439 1e-09
1440 1e-09
1441 1e-09
1442 1e-09
1443 1e-09
1444 1e-09
1445 1e-09
1446 1e-09
1447 1e-09
1448 1e-09
1449 1e-09
1450 1e-09
1451 1e-09
1452 1e-09
1453 1e-09
1454 1e-09
1455 1e-09
1456 1e-09
1457 1e-09
1458 1e-09
1459 1e-09
1460 1e-09
1461 1e-09
1462 1e-09
1463 1e-09
1464 1e-09
1465 1e-09
1466 1e-09
1467 1e-09
1468 1e-09
1469 1e-09
1470 1e-09
1471 1e-09
1472 1e-09
1473 1e-09
1474 1e-09
1475 1e-09
1476 1e-09
1477 1e-09
1478 1e-09
1479 1e-09
1480 1e-09
1481 1e-09
1482 1e-09
1483 1e-09
1484 1e-09
1485 1e-09
1486 1e-09
1487 1e-09
1488 1e-09
1489 1e-09
1490 1e-09
1491 1e-09
1492 1e-09
1493 1e-09
1494 1e-09
1495 1e-09
1496 1e-09
1497 1e-09
1498 1e-09
1499 1e-09
1500 1e-09
1501 1e-09
1502 1e-09
1503 1e-09
1504 1e-09
1505 1e-09
1506 1e-09
1507 1e-09
1508 1e-09
1509 1e-09
1510 1e-09
1511 1e-09
1512 1e-09
1513 1e-09
1514 1e-09
1515 1e-09
1516 1e-09
1517 1e-09
1518 1e-09
1519 1e-09
1520 1e-09
1521 1e-09
1522 1e-09
1523 1e-09
1524 1e-09
1525 1e-09
1526 1e-09
1527 1e-09
1528 1e-09
1529 1e-09
1530 1e-09
1531 1e-09
1532 1e-09
1533 1e-09
1534 1e-09
1535 1e-09
1536 1e-09
1537 1e-09
1538 1e-09
1539 1e-09
1540 1e-09
1541 1e-09
1542 1e-09
1543 1e-09
1544 1e-09
1545 1e-09
1546 1e-09
1547 1e-09
1548 1e-09
1549 1e-09
1550 1e-09
1551 1e-09
1552 1e-09
1553 1e-09
1554 1e-09
1555 1e-09
1556 1e-09
1557 1e-09
1558 1e-09
1559 1e-09
1560 1e-09
1561 1e-09
1562 1e-09
1563 1e-09
1564 1e-09
1565 1e-09
1566 1e-09
1567 1e-09
1568 1e-09
1569 1e-09
1570 1e-09
1571 1e-09
1572 1e-09
1573 1e-09
1574 1e-09
1575 1e-09
1576 1e-09
1577 1e-09
1578 1e-09
1579 1e-09
1580 1e-09
1581 1e-09
1582 1e-09
1583 1e-09
1584 1e-09
1585 1e-09
1586 1e-09
1587 1e-09
1588 1e-09
1589 1e-09
1590 1e-09
1591 1e-09
1592 1e-09
1593 1e-09
1594 1e-09
1595 1e-09
1596 1e-09
1597 1e-09
1598 1e-09
1599 1e-09
1600 1e-09
1601 1e-09
1602 1e-09
1603 1e-09
1604 1e-09
1605 1e-09
1606 1e-09
1607 1e-09
1608 1e-09
1609 1e-09
1610 1e-09
1611 1e-09
1612 1e-09
1613 1e-09
1614 1e-09
1615 1e-09
1616 1e-09
1617 1e-09
1618 1e-09
1619 1e-09
1620 1e-09
1621 1e-09
1622 1e-09
1623 1e-09
1624 1e-09
1625 1e-09
1626 1e-09
1627 1e-09
1628 1e-09
1629 1e-09
1630 1e-09
1631 1e-09
1632 1e-09
1633 1e-09
1634 1e-09
1635 1e-09
1636 1e-09
1637 1e-09
1638 1e-09
1639 1e-09
1640 1e-09
1641 1e-09
1642 1e-09
1643 1e-09
1644 1e-09
1645 1e-09
1646 1e-09
1647 1e-09
1648 1e-09
1649 1e-09
1650 1e-09
1651 1e-09
1652 1e-09
1653 1e-09
1654 1e-09
1655 1e-09
1656 1e-09
1657 1e-09
1658 1e-09
1659 1e-09
1660 1e-09
1661 1e-09
1662 1e-09
1663 1e-09
1664 1e-09
1665 1e-09
1666 1e-09
1667 1e-09
1668 1e-09
1669 1e-09
1670 1e-09
1671 1e-09
1672 1e-09
1673 1e-09
1674 1e-09
1675 1e-09
1676 1e-09
1677 1e-09
1678 1e-09
1679 1e-09
1680 1e-09
1681 1e-09
1682 1e-09
1683 1e-09
1684 1e-09
1685 1e-09
1686 1e-09
1687 1e-09
1688 1e-09
1689 1e-09
1690 1e-09
1691 1e-09
1692 1e-09
1693 1e-09
1694 1e-09
1695 1e-09
1696 1e-09
1697 1e-09
1698 1e-09
1699 1e-09
1700 1e-09
1701 1e-09
1702 1e-09
1703 1e-09
1704 1e-09
1705 1e-09
1706 1e-09
1707 1e-09
1708 1e-09
1709 1e-09
1710 1e-09
1711 1e-09
1712 1e-09
1713 1e-09
1714 1e-09
1715 1e-09
1716 1e-09
1717 1e-09
1718 1e-09
1719 1e-09
1720 1e-09
1721 1e-09
1722 1e-09
1723 1e-09
1724 1e-09
1725 1e-09
1726 1e-09
1727 1e-09
1728 1e-09
1729 1e-09
1730 1e-09
1731 1e-09
1732 1e-09
1733 1e-09
1734 1e-09
1735 1e-09
1736 1e-09
1737 1e-09
1738 1e-09
1739 1e-09
1740 1e-09
1741 1e-09
1742 1e-09
1743 1e-09
1744 1e-09
1745 1e-09
1746 1e-09
1747 1e-09
1748 1e-09
1749 1e-09
1750 1e-09
1751 1e-09
1752 1e-09
1753 1e-09
1754 1e-09
1755 1e-09
1756 1e-09
1757 1e-09
1758 1e-09
1759 1e-09
1760 1e-09
1761 1e-09
1762 1e-09
1763 1e-09
1764 1e-09
1765 1e-09
1766 1e-09
1767 1e-09
1768 1e-09
1769 1e-09
1770 1e-09
1771 1e-09
1772 1e-09
1773 1e-09
1774 1e-09
1775 1e-09
1776 1e-09
1777 1e-09
1778 1e-09
1779 1e-09
1780 1e-09
1781 1e-09
1782 1e-09
1783 1e-09
1784 1e-09
1785 1e-09
1786 1e-09
1787 1e-09
1788 1e-09
1789 1e-09
1790 1e-09
1791 1e-09
1792 1e-09
1793 1e-09
1794 1e-09
1795 1e-09
1796 1e-09
1797 1e-09
1798 1e-09
1799 1e-09
1800 1e-09
1801 1e-09
1802 1e-09
1803 1e-09
1804 1e-09
1805 1e-09
1806 1e-09
1807 1e-09
1808 1e-09
1809 1e-09
1810 1e-09
1811 1e-09
1812 1e-09
1813 1e-09
1814 1e-09
1815 1e-09
1816 1e-09
1817 1e-09
1818 1e-09
1819 1e-09
1820 1e-09
1821 1e-09
1822 1e-09
1823 1e-09
1824 1e-09
1825 1e-09
1826 1e-09
1827 1e-09
1828 1e-09
1829 1e-09
1830 1e-09
1831 1e-09
1832 1e-09
1833 1e-09
1834 1e-09
1835 1e-09
1836 1e-09
1837 1e-09
1838 1e-09
1839 1e-09
1840 1e-09
1841 1e-09
1842 1e-09
1843 1e-09
1844 1e-09
1845 1e-09
1846 1e-09
1847 1e-09
1848 1e-09
1849 1e-09
1850 1e-09
1851 1e-09
1852 1e-09
1853 1e-09
1854 1e-09
1855 1e-09
1856 1e-09
1857 1e-09
1858 1e-09
1859 1e-09
1860 1e-09
1861 1e-09
1862 1e-09
1863 1e-09
1864 1e-09
1865 1e-09
1866 1e-09
1867 1e-09
1868 1e-09
1869 1e-09
1870 1e-09
1871 1e-09
1872 1e-09
1873 1e-09
1874 1e-09
1875 1e-09
1876 1e-09
1877 1e-09
1878 1e-09
1879 1e-09
1880 1e-09
1881 1e-09
1882 1e-09
1883 1e-09
1884 1e-09
1885 1e-09
1886 1e-09
1887 1e-09
1888 1e-09
1889 1e-09
1890 1e-09
1891 1e-09
1892 1e-09
1893 1e-09
1894 1e-09
1895 1e-09
1896 1e-09
1897 1e-09
1898 1e-09
1899 1e-09
1900 1e-09
1901 1e-09
1902 1e-09
1903 1e-09
1904 1e-09
1905 1e-09
1906 1e-09
1907 1e-09
1908 1e-09
1909 1e-09
1910 1e-09
1911 1e-09
1912 1e-09
1913 1e-09
1914 1e-09
1915 1e-09
1916 1e-09
1917 1e-09
1918 1e-09
1919 1e-09
1920 1e-09
1921 1e-09
1922 1e-09
1923 1e-09
1924 1e-09
1925 1e-09
1926 1e-09
1927 1e-09
1928 1e-09
1929 1e-09
1930 1e-09
1931 1e-09
1932 1e-09
1933 1e-09
1934 1e-09
1935 1e-09
1936 1e-09
1937 1e-09
1938 1e-09
1939 1e-09
1940 1e-09
1941 1e-09
1942 1e-09
1943 1e-09
1944 1e-09
1945 1e-09
1946 1e-09
1947 1e-09
1948 1e-09
1949 1e-09
1950 1e-09
1951 1e-09
1952 1e-09
1953 1e-09
1954 1e-09
1955 1e-09
1956 1e-09
1957 1e-09
1958 1e-09
1959 1e-09
1960 1e-09
1961 1e-09
1962 1e-09
1963 1e-09
1964 1e-09
1965 1e-09
1966 1e-09
1967 1e-09
1968 1e-09
1969 1e-09
1970 1e-09
1971 1e-09
1972 1e-09
1973 1e-09
1974 1e-09
1975 1e-09
1976 1e-09
1977 1e-09
1978 1e-09
1979 1e-09
1980 1e-09
1981 1e-09
1982 1e-09
1983 1e-09
1984 1e-09
1985 1e-09
1986 1e-09
1987 1e-09
1988 1e-09
1989 1e-09
1990 1e-09
1991 1e-09
1992 1e-09
1993 1e-09
1994 1e-09
1995 1e-09
1996 1e-09
1997 1e-09
1998 1e-09
1999 1e-09
2000 1e-09
2001 1e-09
2002 1e-09
2003 1e-09
2004 1e-09
2005 1e-09
2006 1e-09
2007 1e-09
2008 1e-09
2009 1e-09
2010 1e-09
2011 1e-09
2012 1e-09
2013 1e-09
2014 1e-09
2015 1e-09
2016 1e-09
2017 1e-09
2018 1e-09
2019 1e-09
2020 1e-09
2021 1e-09
2022 1e-09
2023 1e-09
2024 1e-09
2025 1e-09
2026 1e-09
2027 1e-09
2028 1e-09
2029 1e-09
2030 1e-09
2031 1e-09
2032 1e-09
2033 1e-09
2034 1e-09
2035 1e-09
2036 1e-09
2037 1e-09
2038 1e-09
2039 1e-09
2040 1e-09
2041 1e-09
2042 1e-09
2043 1e-09
2044 1e-09
2045 1e-09
2046 1e-09
2047 1e-09
2048 1e-09
2049 1e-09
2050 1e-09
2051 1e-09
2052 1e-09
2053 1e-09
2054 1e-09
2055 1e-09
2056 1e-09
2057 1e-09
2058 1e-09
2059 1e-09
2060 1e-09
2061 1e-09
2062 1e-09
2063 1e-09
2064 1e-09
2065 1e-09
2066 1e-09
2067 1e-09
2068 1e-09
2069 1e-09
2070 1e-09
2071 1e-09
2072 1e-09
2073 1e-09
2074 1e-09
2075 1e-09
2076 1e-09
2077 1e-09
2078 1e-09
2079 1e-09
2080 1e-09
2081 1e-09
2082 1e-09
2083 1e-09
2084 1e-09
2085 1e-09
2086 1e-09
2087 1e-09
2088 1e-09
2089 1e-09
2090 1e-09
2091 1e-09
2092 1e-09
2093 1e-09
2094 1e-09
2095 1e-09
2096 1e-09
2097 1e-09
2098 1e-09
2099 1e-09
2100 1e-09
2101 1e-09
2102 1e-09
2103 1e-09
2104 1e-09
2105 1e-09
2106 1e-09
2107 1e-09
2108 1e-09
2109 1e-09
2110 1e-09
2111 1e-09
2112 1e-09
2113 1e-09
2114 1e-09
2115 1e-09
2116 1e-09
2117 1e-09
2118 1e-09
2119 1e-09
2120 1e-09
2121 1e-09
2122 1e-09
2123 1e-09
2124 1e-09
2125 1e-09
2126 1e-09
2127 1e-09
2128 1e-09
2129 1e-09
2130 1e-09
2131 1e-09
2132 1e-09
2133 1e-09
2134 1e-09
2135 1e-09
2136 1e-09
2137 1e-09
2138 1e-09
2139 1e-09
2140 1e-09
2141 1e-09
2142 1e-09
2143 1e-09
2144 1e-09
2145 1e-09
2146 1e-09
2147 1e-09
2148 1e-09
2149 1e-09
2150 1e-09
2151 1e-09
2152 1e-09
2153 1e-09
2154 1e-09
2155 1e-09
2156 1e-09
2157 1e-09
2158 1e-09
2159 1e-09
2160 1e-09
2161 1e-09
2162 1e-09
2163 1e-09
2164 1e-09
2165 1e-09
2166 1e-09
2167 1e-09
2168 1e-09
2169 1e-09
2170 1e-09
2171 1e-09
2172 1e-09
2173 1e-09
2174 1e-09
2175 1e-09
2176 1e-09
2177 1e-09
2178 1e-09
2179 1e-09
2180 1e-09
2181 1e-09
2182 1e-09
2183 1e-09
2184 1e-09
2185 1e-09
2186 1e-09
2187 1e-09
2188 1e-09
2189 1e-09
2190 1e-09
2191 1e-09
2192 1e-09
2193 1e-09
2194 1e-09
2195 1e-09
2196 1e-09
2197 1e-09
2198 1e-09
2199 1e-09
2200 1e-09
2201 1e-09
2202 1e-09
2203 1e-09
2204 1e-09
2205 1e-09
2206 1e-09
2207 1e-09
2208 1e-09
2209 1e-09
2210 1e-09
2211 1e-09
2212 1e-09
2213 1e-09
2214 1e-09
2215 1e-09
2216 1e-09
2217 1e-09
2218 1e-09
2219 1e-09
2220 1e-09
2221 1e-09
2222 1e-09
2223 1e-09
2224 1e-09
2225 1e-09
2226 1e-09
2227 1e-09
2228 1e-09
2229 1e-09
2230 1e-09
2231 1e-09
2232 1e-09
2233 1e-09
2234 1e-09
2235 1e-09
2236 1e-09
2237 1e-09
2238 1e-09
2239 1e-09
2240 1e-09
2241 1e-09
2242 1e-09
2243 1e-09
2244 1e-09
2245 1e-09
2246 1e-09
2247 1e-09
2248 1e-09
2249 1e-09
2250 1e-09
2251 1e-09
2252 1e-09
2253 1e-09
2254 1e-09
2255 1e-09
2256 1e-09
2257 1e-09
2258 1e-09
2259 1e-09
2260 1e-09
2261 1e-09
2262 1e-09
2263 1e-09
2264 1e-09
2265 1e-09
2266 1e-09
2267 1e-09
2268 1e-09
2269 1e-09
2270 1e-09
2271 1e-09
2272 1e-09
2273 1e-09
2274 1e-09
2275 1e-09
2276 1e-09
2277 1e-09
2278 1e-09
2279 1e-09
2280 1e-09
2281 1e-09
2282 1e-09
2283 1e-09
2284 1e-09
2285 1e-09
2286 1e-09
2287 1e-09
2288 1e-09
2289 1e-09
2290 1e-09
2291 1e-09
2292 1e-09
2293 1e-09
2294 1e-09
2295 1e-09
2296 1e-09
2297 1e-09
2298 1e-09
2299 1e-09
2300 1e-09
2301 1e-09
2302 1e-09
2303 1e-09
2304 1e-09
2305 1e-09
2306 1e-09
2307 1e-09
2308 1e-09
2309 1e-09
2310 1e-09
2311 1e-09
2312 1e-09
2313 1e-09
2314 1e-09
2315 1e-09
2316 1e-09
2317 1e-09
2318 1e-09
2319 1e-09
2320 1e-09
2321 1e-09
2322 1e-09
2323 1e-09
2324 1e-09
2325 1e-09
2326 1e-09
2327 1e-09
2328 1e-09
2329 1e-09
2330 1e-09
2331 1e-09
2332 1e-09
2333 1e-09
2334 1e-09
2335 1e-09
2336 1e-09
2337 1e-09
2338 1e-09
2339 1e-09
2340 1e-09
2341 1e-09
2342 1e-09
2343 1e-09
2344 1e-09
2345 1e-09
2346 1e-09
2347 1e-09
2348 1e-09
2349 1e-09
2350 1e-09
2351 1e-09
2352 1e-09
2353 1e-09
2354 1e-09
2355 1e-09
2356 1e-09
2357 1e-09
2358 1e-09
2359 1e-09
2360 1e-09
2361 1e-09
2362 1e-09
2363 1e-09
2364 1e-09
2365 1e-09
2366 1e-09
2367 1e-09
2368 1e-09
2369 1e-09
2370 1e-09
2371 1e-09
2372 1e-09
2373 1e-09
2374 1e-09
2375 1e-09
2376 1e-09
2377 1e-09
2378 1e-09
2379 1e-09
2380 1e-09
2381 1e-09
2382 1e-09
2383 1e-09
2384 1e-09
2385 1e-09
2386 1e-09
2387 1e-09
2388 1e-09
2389 1e-09
2390 1e-09
2391 1e-09
2392 1e-09
2393 1e-09
2394 1e-09
2395 1e-09
2396 1e-09
2397 1e-09
2398 1e-09
2399 1e-09
2400 1e-09
2401 1e-09
2402 1e-09
2403 1e-09
2404 1e-09
2405 1e-09
2406 1e-09
2407 1e-09
2408 1e-09
2409 1e-09
2410 1e-09
2411 1e-09
2412 1e-09
2413 1e-09
2414 1e-09
2415 1e-09
2416 1e-09
2417 1e-09
2418 1e-09
2419 1e-09
2420 1e-09
2421 1e-09
2422 1e-09
2423 1e-09
2424 1e-09
2425 1e-09
2426 1e-09
2427 1e-09
2428 1e-09
2429 1e-09
2430 1e-09
2431 1e-09
2432 1e-09
2433 1e-09
2434 1e-09
2435 1e-09
2436 1e-09
2437 1e-09
2438 1e-09
2439 1e-09
2440 1e-09
2441 1e-09
2442 1e-09
2443 1e-09
2444 1e-09
2445 1e-09
2446 1e-09
2447 1e-09
2448 1e-09
2449 1e-09
2450 1e-09
2451 1e-09
2452 1e-09
2453 1e-09
2454 1e-09
2455 1e-09
2456 1e-09
2457 1e-09
2458 1e-09
2459 1e-09
2460 1e-09
2461 1e-09
2462 1e-09
2463 1e-09
2464 1e-09
2465 1e-09
2466 1e-09
2467 1e-09
2468 1e-09
2469 1e-09
2470 1e-09
2471 1e-09
2472 1e-09
2473 1e-09
2474 1e-09
2475 1e-09
2476 1e-09
2477 1e-09
2478 1e-09
2479 1e-09
2480 1e-09
2481 1e-09
2482 1e-09
2483 1e-09
2484 1e-09
2485 1e-09
2486 1e-09
2487 1e-09
2488 1e-09
2489 1e-09
2490 1e-09
2491 1e-09
2492 1e-09
2493 1e-09
2494 1e-09
2495 1e-09
2496 1e-09
2497 1e-09
2498 1e-09
2499 1e-09
2500 1e-09
2501 1e-09
2502 1e-09
2503 1e-09
2504 1e-09
2505 1e-09
2506 1e-09
2507 1e-09
2508 1e-09
2509 1e-09
2510 1e-09
2511 1e-09
2512 1e-09
2513 1e-09
2514 1e-09
2515 1e-09
2516 1e-09
2517 1e-09
2518 1e-09
2519 1e-09
2520 1e-09
2521 1e-09
2522 1e-09
2523 1e-09
2524 1e-09
2525 1e-09
2526 1e-09
2527 1e-09
2528 1e-09
2529 1e-09
2530 1e-09
2531 1e-09
2532 1e-09
2533 1e-09
2534 1e-09
2535 1e-09
2536 1e-09
2537 1e-09
2538 1e-09
2539 1e-09
2540 1e-09
2541 1e-09
2542 1e-09
2543 1e-09
2544 1e-09
2545 1e-09
2546 1e-09
2547 1e-09
2548 1e-09
2549 1e-09
2550 1e-09
2551 1e-09
2552 1e-09
2553 1e-09
2554 1e-09
2555 1e-09
2556 1e-09
2557 1e-09
2558 1e-09
2559 1e-09
2560 1e-09
2561 1e-09
2562 1e-09
2563 1e-09
2564 1e-09
2565 1e-09
2566 1e-09
2567 1e-09
2568 1e-09
2569 1e-09
2570 1e-09
2571 1e-09
2572 1e-09
2573 1e-09
2574 1e-09
2575 1e-09
2576 1e-09
2577 1e-09
2578 1e-09
2579 1e-09
2580 1e-09
2581 1e-09
2582 1e-09
2583 1e-09
2584 1e-09
2585 1e-09
2586 1e-09
2587 1e-09
2588 1e-09
2589 1e-09
2590 1e-09
2591 1e-09
2592 1e-09
2593 1e-09
2594 1e-09
2595 1e-09
2596 1e-09
2597 1e-09
2598 1e-09
2599 1e-09
2600 1e-09
2601 1e-09
2602 1e-09
2603 1e-09
2604 1e-09
2605 1e-09
2606 1e-09
2607 1e-09
2608 1e-09
2609 1e-09
2610 1e-09
2611 1e-09
2612 1e-09
2613 1e-09
2614 1e-09
2615 1e-09
2616 1e-09
2617 1e-09
2618 1e-09
2619 1e-09
2620 1e-09
2621 1e-09
2622 1e-09
2623 1e-09
2624 1e-09
2625 1e-09
2626 1e-09
2627 1e-09
2628 1e-09
2629 1e-09
2630 1e-09
2631 1e-09
2632 1e-09
2633 1e-09
2634 1e-09
2635 1e-09
2636 1e-09
2637 1e-09
2638 1e-09
2639 1e-09
2640 1e-09
2641 1e-09
2642 1e-09
2643 1e-09
2644 1e-09
2645 1e-09
2646 1e-09
2647 1e-09
2648 1e-09
2649 1e-09
2650 1e-09
2651 1e-09
2652 1e-09
2653 1e-09
2654 1e-09
2655 1e-09
2656 1e-09
2657 1e-09
2658 1e-09
2659 1e-09
2660 1e-09
2661 1e-09
2662 1e-09
2663 1e-09
2664 1e-09
2665 1e-09
2666 1e-09
2667 1e-09
2668 1e-09
2669 1e-09
2670 1e-09
2671 1e-09
2672 1e-09
2673 1e-09
2674 1e-09
2675 1e-09
2676 1e-09
2677 1e-09
2678 1e-09
2679 1e-09
2680 1e-09
2681 1e-09
2682 1e-09
2683 1e-09
2684 1e-09
2685 1e-09
2686 1e-09
2687 1e-09
2688 1e-09
2689 1e-09
2690 1e-09
2691 1e-09
2692 1e-09
2693 1e-09
2694 1e-09
2695 1e-09
2696 1e-09
2697 1e-09
2698 1e-09
2699 1e-09
2700 1e-09
2701 1e-09
2702 1e-09
2703 1e-09
2704 1e-09
2705 1e-09
2706 1e-09
2707 1e-09
2708 1e-09
2709 1e-09
2710 1e-09
2711 1e-09
2712 1e-09
2713 1e-09
2714 1e-09
2715 1e-09
2716 1e-09
2717 1e-09
2718 1e-09
2719 1e-09
2720 1e-09
2721 1e-09
2722 1e-09
2723 1e-09
2724 1e-09
2725 1e-09
2726 1e-09
2727 1e-09
2728 1e-09
2729 1e-09
2730 1e-09
2731 1e-09
2732 1e-09
2733 1e-09
2734 1e-09
2735 1e-09
2736 1e-09
2737 1e-09
2738 1e-09
2739 1e-09
2740 1e-09
2741 1e-09
2742 1e-09
2743 1e-09
2744 1e-09
2745 1e-09
2746 1e-09
2747 1e-09
2748 1e-09
2749 1e-09
2750 1e-09
2751 1e-09
2752 1e-09
2753 1e-09
2754 1e-09
2755 1e-09
2756 1e-09
2757 1e-09
2758 1e-09
2759 1e-09
2760 1e-09
2761 1e-09
2762 1e-09
2763 1e-09
2764 1e-09
2765 1e-09
2766 1e-09
2767 1e-09
2768 1e-09
2769 1e-09
2770 1e-09
2771 1e-09
2772 1e-09
2773 1e-09
2774 1e-09
2775 1e-09
2776 1e-09
2777 1e-09
2778 1e-09
2779 1e-09
2780 1e-09
2781 1e-09
2782 1e-09
2783 1e-09
2784 1e-09
2785 1e-09
2786 1e-09
2787 1e-09
2788 1e-09
2789 1e-09
2790 1e-09
2791 1e-09
2792 1e-09
2793 1e-09
2794 1e-09
2795 1e-09
2796 1e-09
2797 1e-09
2798 1e-09
2799 1e-09
2800 1e-09
2801 1e-09
2802 1e-09
2803 1e-09
2804 1e-09
2805 1e-09
2806 1e-09
2807 1e-09
2808 1e-09
2809 1e-09
2810 1e-09
2811 1e-09
2812 1e-09
2813 1e-09
2814 1e-09
2815 1e-09
2816 1e-09
2817 1e-09
2818 1e-09
2819 1e-09
2820 1e-09
2821 1e-09
2822 1e-09
2823 1e-09
2824 1e-09
2825 1e-09
2826 1e-09
2827 1e-09
2828 1e-09
2829 1e-09
2830 1e-09
2831 1e-09
2832 1e-09
2833 1e-09
2834 1e-09
2835 1e-09
2836 1e-09
2837 1e-09
2838 1e-09
2839 1e-09
2840 1e-09
2841 1e-09
2842 1e-09
2843 1e-09
2844 1e-09
2845 1e-09
2846 1e-09
2847 1e-09
2848 1e-09
2849 1e-09
2850 1e-09
2851 1e-09
2852 1e-09
2853 1e-09
2854 1e-09
2855 1e-09
2856 1e-09
2857 1e-09
2858 1e-09
2859 1e-09
2860 1e-09
2861 1e-09
2862 1e-09
2863 1e-09
2864 1e-09
2865 1e-09
2866 1e-09
2867 1e-09
2868 1e-09
2869 1e-09
2870 1e-09
2871 1e-09
2872 1e-09
2873 1e-09
2874 1e-09
2875 1e-09
2876 1e-09
2877 1e-09
2878 1e-09
2879 1e-09
2880 1e-09
2881 1e-09
2882 1e-09
2883 1e-09
2884 1e-09
2885 1e-09
2886 1e-09
2887 1e-09
2888 1e-09
2889 1e-09
2890 1e-09
2891 1e-09
2892 1e-09
2893 1e-09
2894 1e-09
2895 1e-09
2896 1e-09
2897 1e-09
2898 1e-09
2899 1e-09
2900 1e-09
2901 1e-09
2902 1e-09
2903 1e-09
2904 1e-09
2905 1e-09
2906 1e-09
2907 1e-09
2908 1e-09
2909 1e-09
2910 1e-09
2911 1e-09
2912 1e-09
2913 1e-09
2914 1e-09
2915 1e-09
2916 1e-09
2917 1e-09
2918 1e-09
2919 1e-09
2920 1e-09
2921 1e-09
2922 1e-09
2923 1e-09
2924 1e-09
2925 1e-09
2926 1e-09
2927 1e-09
2928 1e-09
2929 1e-09
2930 1e-09
2931 1e-09
2932 1e-09
2933 1e-09
2934 1e-09
2935 1e-09
2936 1e-09
2937 1e-09
2938 1e-09
2939 1e-09
2940 1e-09
2941 1e-09
2942 1e-09
2943 1e-09
2944 1e-09
2945 1e-09
2946 1e-09
2947 1e-09
2948 1e-09
2949 1e-09
2950 1e-09
2951 1e-09
2952 1e-09
2953 1e-09
2954 1e-09
2955 1e-09
2956 1e-09
2957 1e-09
2958 1e-09
2959 1e-09
2960 1e-09
2961 1e-09
2962 1e-09
2963 1e-09
2964 1e-09
2965 1e-09
2966 1e-09
2967 1e-09
2968 1e-09
2969 1e-09
2970 1e-09
2971 1e-09
2972 1e-09
2973 1e-09
2974 1e-09
2975 1e-09
2976 1e-09
2977 1e-09
2978 1e-09
2979 1e-09
2980 1e-09
2981 1e-09
2982 1e-09
2983 1e-09
2984 1e-09
2985 1e-09
2986 1e-09
2987 1e-09
2988 1e-09
2989 1e-09
2990 1e-09
2991 1e-09
2992 1e-09
2993 1e-09
2994 1e-09
2995 1e-09
2996 1e-09
2997 1e-09
2998 1e-09
2999 1e-09
3000 1e-09
3001 1e-09
3002 1e-09
3003 1e-09
3004 1e-09
3005 1e-09
3006 1e-09
3007 1e-09
3008 1e-09
3009 1e-09
3010 1e-09
3011 1e-09
3012 1e-09
3013 1e-09
3014 1e-09
3015 1e-09
3016 1e-09
3017 1e-09
3018 1e-09
3019 1e-09
3020 1e-09
3021 1e-09
3022 1e-09
3023 1e-09
3024 1e-09
3025 1e-09
3026 1e-09
3027 1e-09
3028 1e-09
3029 1e-09
3030 1e-09
3031 1e-09
3032 1e-09
3033 1e-09
3034 1e-09
3035 1e-09
3036 1e-09
3037 1e-09
3038 1e-09
3039 1e-09
3040 1e-09
3041 1e-09
3042 1e-09
3043 1e-09
3044 1e-09
3045 1e-09
3046 1e-09
3047 1e-09
3048 1e-09
3049 1e-09
3050 1e-09
3051 1e-09
3052 1e-09
3053 1e-09
3054 1e-09
3055 1e-09
3056 1e-09
3057 1e-09
3058 1e-09
3059 1e-09
3060 1e-09
3061 1e-09
3062 1e-09
3063 1e-09
3064 1e-09
3065 1e-09
3066 1e-09
3067 1e-09
3068 1e-09
3069 1e-09
3070 1e-09
3071 1e-09
3072 1e-09
3073 1e-09
3074 1e-09
3075 1e-09
3076 1e-09
3077 1e-09
3078 1e-09
3079 1e-09
3080 1e-09
3081 1e-09
3082 1e-09
3083 1e-09
3084 1e-09
3085 1e-09
3086 1e-09
3087 1e-09
3088 1e-09
3089 1e-09
3090 1e-09
3091 1e-09
3092 1e-09
3093 1e-09
3094 1e-09
3095 1e-09
3096 1e-09
3097 1e-09
3098 1e-09
3099 1e-09
3100 1e-09
3101 1e-09
3102 1e-09
3103 1e-09
3104 1e-09
3105 1e-09
3106 1e-09
3107 1e-09
3108 1e-09
3109 1e-09
3110 1e-09
3111 1e-09
3112 1e-09
3113 1e-09
3114 1e-09
3115 1e-09
3116 1e-09
3117 1e-09
3118 1e-09
3119 1e-09
3120 1e-09
3121 1e-09
3122 1e-09
3123 1e-09
3124 1e-09
3125 1e-09
3126 1e-09
3127 1e-09
3128 1e-09
3129 1e-09
3130 1e-09
3131 1e-09
3132 1e-09
3133 1e-09
3134 1e-09
3135 1e-09
3136 1e-09
3137 1e-09
3138 1e-09
3139 1e-09
3140 1e-09
3141 1e-09
3142 1e-09
3143 1e-09
3144 1e-09
3145 1e-09
3146 1e-09
3147 1e-09
3148 1e-09
3149 1e-09
3150 1e-09
3151 1e-09
3152 1e-09
3153 1e-09
3154 1e-09
3155 1e-09
3156 1e-09
3157 1e-09
3158 1e-09
3159 1e-09
3160 1e-09
3161 1e-09
3162 1e-09
3163 1e-09
3164 1e-09
3165 1e-09
3166 1e-09
3167 1e-09
3168 1e-09
3169 1e-09
3170 1e-09
3171 1e-09
3172 1e-09
3173 1e-09
3174 1e-09
3175 1e-09
3176 1e-09
3177 1e-09
3178 1e-09
3179 1e-09
3180 1e-09
3181 1e-09
3182 1e-09
3183 1e-09
3184 1e-09
3185 1e-09
3186 1e-09
3187 1e-09
3188 1e-09
3189 1e-09
3190 1e-09
3191 1e-09
3192 1e-09
3193 1e-09
3194 1e-09
3195 1e-09
3196 1e-09
3197 1e-09
3198 1e-09
3199 1e-09
3200 1e-09
3201 1e-09
3202 1e-09
3203 1e-09
3204 1e-09
3205 1e-09
3206 1e-09
3207 1e-09
3208 1e-09
3209 1e-09
3210 1e-09
3211 1e-09
3212 1e-09
3213 1e-09
3214 1e-09
3215 1e-09
3216 1e-09
3217 1e-09
3218 1e-09
3219 1e-09
3220 1e-09
3221 1e-09
3222 1e-09
3223 1e-09
3224 1e-09
3225 1e-09
3226 1e-09
3227 1e-09
3228 1e-09
3229 1e-09
3230 1e-09
3231 1e-09
3232 1e-09
3233 1e-09
3234 1e-09
3235 1e-09
3236 1e-09
3237 1e-09
3238 1e-09
3239 1e-09
3240 1e-09
3241 1e-09
3242 1e-09
3243 1e-09
3244 1e-09
3245 1e-09
3246 1e-09
3247 1e-09
3248 1e-09
3249 1e-09
3250 1e-09
3251 1e-09
3252 1e-09
3253 1e-09
3254 1e-09
3255 1e-09
3256 1e-09
3257 1e-09
3258 1e-09
3259 1e-09
3260 1e-09
3261 1e-09
3262 1e-09
3263 1e-09
3264 1e-09
3265 1e-09
3266 1e-09
3267 1e-09
3268 1e-09
3269 1e-09
3270 1e-09
3271 1e-09
3272 1e-09
3273 1e-09
3274 1e-09
3275 1e-09
3276 1e-09
3277 1e-09
3278 1e-09
3279 1e-09
3280 1e-09
3281 1e-09
3282 1e-09
3283 1e-09
3284 1e-09
3285 1e-09
3286 1e-09
3287 1e-09
3288 1e-09
3289 1e-09
3290 1e-09
3291 1e-09
3292 1e-09
3293 1e-09
3294 1e-09
3295 1e-09
3296 1e-09
3297 1e-09
3298 1e-09
3299 1e-09
3300 1e-09
3301 1e-09
3302 1e-09
3303 1e-09
3304 1e-09
3305 1e-09
3306 1e-09
3307 1e-09
3308 1e-09
3309 1e-09
3310 1e-09
3311 1e-09
3312 1e-09
3313 1e-09
3314 1e-09
3315 1e-09
3316 1e-09
3317 1e-09
3318 1e-09
3319 1e-09
3320 1e-09
3321 1e-09
3322 1e-09
3323 1e-09
3324 1e-09
3325 1e-09
3326 1e-09
3327 1e-09
3328 1e-09
3329 1e-09
3330 1e-09
3331 1e-09
3332 1e-09
3333 1e-09
3334 1e-09
3335 1e-09
3336 1e-09
3337 1e-09
3338 1e-09
3339 1e-09
3340 1e-09
3341 1e-09
3342 1e-09
3343 1e-09
3344 1e-09
3345 1e-09
3346 1e-09
3347 1e-09
3348 1e-09
3349 1e-09
3350 1e-09
3351 1e-09
3352 1e-09
3353 1e-09
3354 1e-09
3355 1e-09
3356 1e-09
3357 1e-09
3358 1e-09
3359 1e-09
3360 1e-09
3361 1e-09
3362 1e-09
3363 1e-09
3364 1e-09
3365 1e-09
3366 1e-09
3367 1e-09
3368 1e-09
3369 1e-09
3370 1e-09
3371 1e-09
3372 1e-09
3373 1e-09
3374 1e-09
3375 1e-09
3376 1e-09
3377 1e-09
3378 1e-09
3379 1e-09
3380 1e-09
3381 1e-09
3382 1e-09
3383 1e-09
3384 1e-09
3385 1e-09
3386 1e-09
3387 1e-09
3388 1e-09
3389 1e-09
3390 1e-09
3391 1e-09
3392 1e-09
3393 1e-09
3394 1e-09
3395 1e-09
3396 1e-09
3397 1e-09
3398 1e-09
3399 1e-09
3400 1e-09
3401 1e-09
3402 1e-09
3403 1e-09
3404 1e-09
3405 1e-09
3406 1e-09
3407 1e-09
3408 1e-09
3409 1e-09
3410 1e-09
3411 1e-09
3412 1e-09
3413 1e-09
3414 1e-09
3415 1e-09
3416 1e-09
3417 1e-09
3418 1e-09
3419 1e-09
3420 1e-09
3421 1e-09
3422 1e-09
3423 1e-09
3424 1e-09
3425 1e-09
3426 1e-09
3427 1e-09
3428 1e-09
3429 1e-09
3430 1e-09
3431 1e-09
3432 1e-09
3433 1e-09
3434 1e-09
3435 1e-09
3436 1e-09
3437 1e-09
3438 1e-09
3439 1e-09
3440 1e-09
3441 1e-09
3442 1e-09
3443 1e-09
3444 1e-09
3445 1e-09
3446 1e-09
3447 1e-09
3448 1e-09
3449 1e-09
3450 1e-09
3451 1e-09
3452 1e-09
3453 1e-09
3454 1e-09
3455 1e-09
3456 1e-09
3457 1e-09
3458 1e-09
3459 1e-09
3460 1e-09
3461 1e-09
3462 1e-09
3463 1e-09
3464 1e-09
3465 1e-09
3466 1e-09
3467 1e-09
3468 1e-09
3469 1e-09
3470 1e-09
3471 1e-09
3472 1e-09
3473 1e-09
3474 1e-09
3475 1e-09
3476 1e-09
3477 1e-09
3478 1e-09
3479 1e-09
3480 1e-09
3481 1e-09
3482 1e-09
3483 1e-09
3484 1e-09
3485 1e-09
3486 1e-09
3487 1e-09
3488 1e-09
3489 1e-09
3490 1e-09
3491 1e-09
3492 1e-09
3493 1e-09
3494 1e-09
3495 1e-09
3496 1e-09
3497 1e-09
3498 1e-09
3499 1e-09
3500 1e-09
3501 1e-09
3502 1e-09
3503 1e-09
3504 1e-09
3505 1e-09
3506 1e-09
3507 1e-09
3508 1e-09
3509 1e-09
3510 1e-09
3511 1e-09
3512 1e-09
3513 1e-09
3514 1e-09
3515 1e-09
3516 1e-09
3517 1e-09
3518 1e-09
3519 1e-09
3520 1e-09
3521 1e-09
3522 1e-09
3523 1e-09
3524 1e-09
3525 1e-09
3526 1e-09
3527 1e-09
3528 1e-09
3529 1e-09
3530 1e-09
3531 1e-09
3532 1e-09
3533 1e-09
3534 1e-09
3535 1e-09
3536 1e-09
3537 1e-09
3538 1e-09
3539 1e-09
3540 1e-09
3541 1e-09
3542 1e-09
3543 1e-09
3544 1e-09
3545 1e-09
3546 1e-09
3547 1e-09
3548 1e-09
3549 1e-09
3550 1e-09
3551 1e-09
3552 1e-09
3553 1e-09
3554 1e-09
3555 1e-09
3556 1e-09
3557 1e-09
3558 1e-09
3559 1e-09
3560 1e-09
3561 1e-09
3562 1e-09
3563 1e-09
3564 1e-09
3565 1e-09
3566 1e-09
3567 1e-09
3568 1e-09
3569 1e-09
3570 1e-09
3571 1e-09
3572 1e-09
3573 1e-09
3574 1e-09
3575 1e-09
3576 1e-09
3577 1e-09
3578 1e-09
3579 1e-09
3580 1e-09
3581 1e-09
3582 1e-09
3583 1e-09
3584 1e-09
3585 1e-09
3586 1e-09
3587 1e-09
3588 1e-09
3589 1e-09
3590 1e-09
3591 1e-09
3592 1e-09
3593 1e-09
3594 1e-09
3595 1e-09
3596 1e-09
3597 1e-09
3598 1e-09
3599 1e-09
3600 1e-09
3601 1e-09
3602 1e-09
3603 1e-09
3604 1e-09
3605 1e-09
3606 1e-09
3607 1e-09
3608 1e-09
3609 1e-09
3610 1e-09
3611 1e-09
3612 1e-09
3613 1e-09
3614 1e-09
3615 1e-09
3616 1e-09
3617 1e-09
3618 1e-09
3619 1e-09
3620 1e-09
3621 1e-09
3622 1e-09
3623 1e-09
3624 1e-09
3625 1e-09
3626 1e-09
3627 1e-09
3628 1e-09
3629 1e-09
3630 1e-09
3631 1e-09
3632 1e-09
3633 1e-09
3634 1e-09
3635 1e-09
3636 1e-09
3637 1e-09
3638 1e-09
3639 1e-09
3640 1e-09
3641 1e-09
3642 1e-09
3643 1e-09
3644 1e-09
3645 1e-09
3646 1e-09
3647 1e-09
3648 1e-09
3649 1e-09
3650 1e-09
3651 1e-09
3652 1e-09
3653 1e-09
3654 1e-09
3655 1e-09
3656 1e-09
3657 1e-09
3658 1e-09
3659 1e-09
3660 1e-09
3661 1e-09
3662 1e-09
3663 1e-09
3664 1e-09
3665 1e-09
3666 1e-09
3667 1e-09
3668 1e-09
3669 1e-09
3670 1e-09
3671 1e-09
3672 1e-09
3673 1e-09
3674 1e-09
3675 1e-09
3676 1e-09
3677 1e-09
3678 1e-09
3679 1e-09
3680 1e-09
3681 1e-09
3682 1e-09
3683 1e-09
3684 1e-09
3685 1e-09
3686 1e-09
3687 1e-09
3688 1e-09
3689 1e-09
3690 1e-09
3691 1e-09
3692 1e-09
3693 1e-09
3694 1e-09
3695 1e-09
3696 1e-09
3697 1e-09
3698 1e-09
3699 1e-09
3700 1e-09
3701 1e-09
3702 1e-09
3703 1e-09
3704 1e-09
3705 1e-09
3706 1e-09
3707 1e-09
3708 1e-09
3709 1e-09
3710 1e-09
3711 1e-09
3712 1e-09
3713 1e-09
3714 1e-09
3715 1e-09
3716 1e-09
3717 1e-09
3718 1e-09
3719 1e-09
3720 1e-09
3721 1e-09
3722 1e-09
3723 1e-09
3724 1e-09
3725 1e-09
3726 1e-09
3727 1e-09
3728 1e-09
3729 1e-09
3730 1e-09
3731 1e-09
3732 1e-09
3733 1e-09
3734 1e-09
3735 1e-09
3736 1e-09
3737 1e-09
3738 1e-09
3739 1e-09
3740 1e-09
3741 1e-09
3742 1e-09
3743 1e-09
3744 1e-09
3745 1e-09
3746 1e-09
3747 1e-09
3748 1e-09
3749 1e-09
3750 1e-09
3751 1e-09
3752 1e-09
3753 1e-09
3754 1e-09
3755 1e-09
3756 1e-09
3757 1e-09
3758 1e-09
3759 1e-09
3760 1e-09
3761 1e-09
3762 1e-09
3763 1e-09
3764 1e-09
3765 1e-09
3766 1e-09
3767 1e-09
3768 1e-09
3769 1e-09
3770 1e-09
3771 1e-09
3772 1e-09
3773 1e-09
3774 1e-09
3775 1e-09
3776 1e-09
3777 1e-09
3778 1e-09
3779 1e-09
3780 1e-09
3781 1e-09
3782 1e-09
3783 1e-09
3784 1e-09
3785 1e-09
3786 1e-09
3787 1e-09
3788 1e-09
3789 1e-09
3790 1e-09
3791 1e-09
3792 1e-09
3793 1e-09
3794 1e-09
3795 1e-09
3796 1e-09
3797 1e-09
3798 1e-09
3799 1e-09
3800 1e-09
3801 1e-09
3802 1e-09
3803 1e-09
3804 1e-09
3805 1e-09
3806 1e-09
3807 1e-09
3808 1e-09
3809 1e-09
3810 1e-09
3811 1e-09
3812 1e-09
3813 1e-09
3814 1e-09
3815 1e-09
3816 1e-09
3817 1e-09
3818 1e-09
3819 1e-09
3820 1e-09
3821 1e-09
3822 1e-09
3823 1e-09
3824 1e-09
3825 1e-09
3826 1e-09
3827 1e-09
3828 1e-09
3829 1e-09
3830 1e-09
3831 1e-09
3832 1e-09
3833 1e-09
3834 1e-09
3835 1e-09
3836 1e-09
3837 1e-09
3838 1e-09
3839 1e-09
3840 1e-09
3841 1e-09
3842 1e-09
3843 1e-09
3844 1e-09
3845 1e-09
3846 1e-09
3847 1e-09
3848 1e-09
3849 1e-09
3850 1e-09
3851 1e-09
3852 1e-09
3853 1e-09
3854 1e-09
3855 1e-09
3856 1e-09
3857 1e-09
3858 1e-09
3859 1e-09
3860 1e-09
3861 1e-09
3862 1e-09
3863 1e-09
3864 1e-09
3865 1e-09
3866 1e-09
3867 1e-09
3868 1e-09
3869 1e-09
3870 1e-09
3871 1e-09
3872 1e-09
3873 1e-09
3874 1e-09
3875 1e-09
3876 1e-09
3877 1e-09
3878 1e-09
3879 1e-09
3880 1e-09
3881 1e-09
3882 1e-09
3883 1e-09
3884 1e-09
3885 1e-09
3886 1e-09
3887 1e-09
3888 1e-09
3889 1e-09
3890 1e-09
3891 1e-09
3892 1e-09
3893 1e-09
3894 1e-09
3895 1e-09
3896 1e-09
3897 1e-09
3898 1e-09
3899 1e-09
3900 1e-09
3901 1e-09
3902 1e-09
3903 1e-09
3904 1e-09
3905 1e-09
3906 1e-09
3907 1e-09
3908 1e-09
3909 1e-09
3910 1e-09
3911 1e-09
3912 1e-09
3913 1e-09
3914 1e-09
3915 1e-09
3916 1e-09
3917 1e-09
3918 1e-09
3919 1e-09
3920 1e-09
3921 1e-09
3922 1e-09
3923 1e-09
3924 1e-09
3925 1e-09
3926 1e-09
3927 1e-09
3928 1e-09
3929 1e-09
3930 1e-09
3931 1e-09
3932 1e-09
3933 1e-09
3934 1e-09
3935 1e-09
3936 1e-09
3937 1e-09
3938 1e-09
3939 1e-09
3940 1e-09
3941 1e-09
3942 1e-09
3943 1e-09
3944 1e-09
3945 1e-09
3946 1e-09
3947 1e-09
3948 1e-09
3949 1e-09
3950 1e-09
3951 1e-09
3952 1e-09
3953 1e-09
3954 1e-09
3955 1e-09
3956 1e-09
3957 1e-09
3958 1e-09
3959 1e-09
3960 1e-09
3961 1e-09
3962 1e-09
3963 1e-09
3964 1e-09
3965 1e-09
3966 1e-09
3967 1e-09
3968 1e-09
3969 1e-09
3970 1e-09
3971 1e-09
3972 1e-09
3973 1e-09
3974 1e-09
3975 1e-09
3976 1e-09
3977 1e-09
3978 1e-09
3979 1e-09
3980 1e-09
3981 1e-09
3982 1e-09
3983 1e-09
3984 1e-09
3985 1e-09
3986 1e-09
3987 1e-09
3988 1e-09
3989 1e-09
3990 1e-09
3991 1e-09
3992 1e-09
3993 1e-09
3994 1e-09
3995 1e-09
3996 1e-09
3997 1e-09
3998 1e-09
3999 1e-09
4000 1e-09
4001 1e-09
4002 1e-09
4003 1e-09
4004 1e-09
4005 1e-09
4006 1e-09
4007 1e-09
4008 1e-09
4009 1e-09
4010 1e-09
4011 1e-09
4012 1e-09
4013 1e-09
4014 1e-09
4015 1e-09
4016 1e-09
4017 1e-09
4018 1e-09
4019 1e-09
4020 1e-09
4021 1e-09
4022 1e-09
4023 1e-09
4024 1e-09
4025 1e-09
4026 1e-09
4027 1e-09
4028 1e-09
4029 1e-09
4030 1e-09
4031 1e-09
4032 1e-09
4033 1e-09
4034 1e-09
4035 1e-09
4036 1e-09
4037 1e-09
4038 1e-09
4039 1e-09
4040 1e-09
4041 1e-09
4042 1e-09
4043 1e-09
4044 1e-09
4045 1e-09
4046 1e-09
4047 1e-09
4048 1e-09
4049 1e-09
4050 1e-09
4051 1e-09
4052 1e-09
4053 1e-09
4054 1e-09
4055 1e-09
4056 1e-09
4057 1e-09
4058 1e-09
4059 1e-09
4060 1e-09
4061 1e-09
4062 1e-09
4063 1e-09
4064 1e-09
4065 1e-09
4066 1e-09
4067 1e-09
4068 1e-09
4069 1e-09
4070 1e-09
4071 1e-09
4072 1e-09
4073 1e-09
4074 1e-09
4075 1e-09
4076 1e-09
4077 1e-09
4078 1e-09
4079 1e-09
4080 1e-09
4081 1e-09
4082 1e-09
4083 1e-09
4084 1e-09
4085 1e-09
4086 1e-09
4087 1e-09
4088 1e-09
4089 1e-09
4090 1e-09
4091 1e-09
4092 1e-09
4093 1e-09
4094 1e-09
4095 1e-09
4096 1e-09
4097 1e-09
4098 1e-09
4099 1e-09
4100 1e-09
4101 1e-09
4102 1e-09
4103 1e-09
4104 1e-09
4105 1e-09
4106 1e-09
4107 1e-09
4108 1e-09
4109 1e-09
4110 1e-09
4111 1e-09
4112 1e-09
4113 1e-09
4114 1e-09
4115 1e-09
4116 1e-09
4117 1e-09
4118 1e-09
4119 1e-09
4120 1e-09
4121 1e-09
4122 1e-09
4123 1e-09
4124 1e-09
4125 1e-09
4126 1e-09
4127 1e-09
4128 1e-09
4129 1e-09
4130 1e-09
4131 1e-09
4132 1e-09
4133 1e-09
4134 1e-09
4135 1e-09
4136 1e-09
4137 1e-09
4138 1e-09
4139 1e-09
4140 1e-09
4141 1e-09
4142 1e-09
4143 1e-09
4144 1e-09
4145 1e-09
4146 1e-09
4147 1e-09
4148 1e-09
4149 1e-09
4150 1e-09
4151 1e-09
4152 1e-09
4153 1e-09
4154 1e-09
4155 1e-09
4156 1e-09
4157 1e-09
4158 1e-09
4159 1e-09
4160 1e-09
4161 1e-09
4162 1e-09
4163 1e-09
4164 1e-09
4165 1e-09
4166 1e-09
4167 1e-09
4168 1e-09
4169 1e-09
4170 1e-09
4171 1e-09
4172 1e-09
4173 1e-09
4174 1e-09
4175 1e-09
4176 1e-09
4177 1e-09
4178 1e-09
4179 1e-09
4180 1e-09
4181 1e-09
4182 1e-09
4183 1e-09
4184 1e-09
4185 1e-09
4186 1e-09
4187 1e-09
4188 1e-09
4189 1e-09
4190 1e-09
4191 1e-09
4192 1e-09
4193 1e-09
4194 1e-09
4195 1e-09
4196 1e-09
4197 1e-09
4198 1e-09
4199 1e-09
4200 1e-09
4201 1e-09
4202 1e-09
4203 1e-09
4204 1e-09
4205 1e-09
4206 1e-09
4207 1e-09
4208 1e-09
4209 1e-09
4210 1e-09
4211 1e-09
4212 1e-09
4213 1e-09
4214 1e-09
4215 1e-09
4216 1e-09
4217 1e-09
4218 1e-09
4219 1e-09
4220 1e-09
4221 1e-09
4222 1e-09
4223 1e-09
4224 1e-09
4225 1e-09
4226 1e-09
4227 1e-09
4228 1e-09
4229 1e-09
4230 1e-09
4231 1e-09
4232 1e-09
4233 1e-09
4234 1e-09
4235 1e-09
4236 1e-09
4237 1e-09
4238 1e-09
4239 1e-09
4240 1e-09
4241 1e-09
4242 1e-09
4243 1e-09
4244 1e-09
4245 1e-09
4246 1e-09
4247 1e-09
4248 1e-09
4249 1e-09
4250 1e-09
4251 1e-09
4252 1e-09
4253 1e-09
4254 1e-09
4255 1e-09
4256 1e-09
4257 1e-09
4258 1e-09
4259 1e-09
4260 1e-09
4261 1e-09
4262 1e-09
4263 1e-09
4264 1e-09
4265 1e-09
4266 1e-09
4267 1e-09
4268 1e-09
4269 1e-09
4270 1e-09
4271 1e-09
4272 1e-09
4273 1e-09
4274 1e-09
4275 1e-09
4276 1e-09
4277 1e-09
4278 1e-09
4279 1e-09
4280 1e-09
4281 1e-09
4282 1e-09
4283 1e-09
4284 1e-09
4285 1e-09
4286 1e-09
4287 1e-09
4288 1e-09
4289 1e-09
4290 1e-09
4291 1e-09
4292 1e-09
4293 1e-09
4294 1e-09
4295 1e-09
4296 1e-09
4297 1e-09
4298 1e-09
4299 1e-09
4300 1e-09
4301 1e-09
4302 1e-09
4303 1e-09
4304 1e-09
4305 1e-09
4306 1e-09
4307 1e-09
4308 1e-09
4309 1e-09
4310 1e-09
4311 1e-09
4312 1e-09
4313 1e-09
4314 1e-09
4315 1e-09
4316 1e-09
4317 1e-09
4318 1e-09
4319 1e-09
4320 1e-09
4321 1e-09
4322 1e-09
4323 1e-09
4324 1e-09
4325 1e-09
4326 1e-09
4327 1e-09
4328 1e-09
4329 1e-09
4330 1e-09
4331 1e-09
4332 1e-09
4333 1e-09
4334 1e-09
4335 1e-09
4336 1e-09
4337 1e-09
4338 1e-09
4339 1e-09
4340 1e-09
4341 1e-09
4342 1e-09
4343 1e-09
4344 1e-09
4345 1e-09
4346 1e-09
4347 1e-09
4348 1e-09
4349 1e-09
4350 1e-09
4351 1e-09
4352 1e-09
4353 1e-09
4354 1e-09
4355 1e-09
4356 1e-09
4357 1e-09
4358 1e-09
4359 1e-09
4360 1e-09
4361 1e-09
4362 1e-09
4363 1e-09
4364 1e-09
4365 1e-09
4366 1e-09
4367 1e-09
4368 1e-09
4369 1e-09
4370 1e-09
4371 1e-09
4372 1e-09
4373 1e-09
4374 1e-09
4375 1e-09
4376 1e-09
4377 1e-09
4378 1e-09
4379 1e-09
4380 1e-09
4381 1e-09
4382 1e-09
4383 1e-09
4384 1e-09
4385 1e-09
4386 1e-09
4387 1e-09
4388 1e-09
4389 1e-09
4390 1e-09
4391 1e-09
4392 1e-09
4393 1e-09
4394 1e-09
4395 1e-09
4396 1e-09
4397 1e-09
4398 1e-09
4399 1e-09
4400 1e-09
4401 1e-09
4402 1e-09
4403 1e-09
4404 1e-09
4405 1e-09
4406 1e-09
4407 1e-09
4408 1e-09
4409 1e-09
4410 1e-09
4411 1e-09
4412 1e-09
4413 1e-09
4414 1e-09
4415 1e-09
4416 1e-09
4417 1e-09
4418 1e-09
4419 1e-09
4420 1e-09
4421 1e-09
4422 1e-09
4423 1e-09
4424 1e-09
4425 1e-09
4426 1e-09
4427 1e-09
4428 1e-09
4429 1e-09
4430 1e-09
4431 1e-09
4432 1e-09
4433 1e-09
4434 1e-09
4435 1e-09
4436 1e-09
4437 1e-09
4438 1e-09
4439 1e-09
4440 1e-09
4441 1e-09
4442 1e-09
4443 1e-09
4444 1e-09
4445 1e-09
4446 1e-09
4447 1e-09
4448 1e-09
4449 1e-09
4450 1e-09
4451 1e-09
4452 1e-09
4453 1e-09
4454 1e-09
4455 1e-09
4456 1e-09
4457 1e-09
4458 1e-09
4459 1e-09
4460 1e-09
4461 1e-09
4462 1e-09
4463 1e-09
4464 1e-09
4465 1e-09
4466 1e-09
4467 1e-09
4468 1e-09
4469 1e-09
4470 1e-09
4471 1e-09
4472 1e-09
4473 1e-09
4474 1e-09
4475 1e-09
4476 1e-09
4477 1e-09
4478 1e-09
4479 1e-09
4480 1e-09
4481 1e-09
4482 1e-09
4483 1e-09
4484 1e-09
4485 1e-09
4486 1e-09
4487 1e-09
4488 1e-09
4489 1e-09
4490 1e-09
4491 1e-09
4492 1e-09
4493 1e-09
4494 1e-09
4495 1e-09
4496 1e-09
4497 1e-09
4498 1e-09
4499 1e-09
4500 1e-09
4501 1e-09
4502 1e-09
4503 1e-09
4504 1e-09
4505 1e-09
4506 1e-09
4507 1e-09
4508 1e-09
4509 1e-09
4510 1e-09
4511 1e-09
4512 1e-09
4513 1e-09
4514 1e-09
4515 1e-09
4516 1e-09
4517 1e-09
4518 1e-09
4519 1e-09
4520 1e-09
4521 1e-09
4522 1e-09
4523 1e-09
4524 1e-09
4525 1e-09
4526 1e-09
4527 1e-09
4528 1e-09
4529 1e-09
4530 1e-09
4531 1e-09
4532 1e-09
4533 1e-09
4534 1e-09
4535 1e-09
4536 1e-09
4537 1e-09
4538 1e-09
4539 1e-09
4540 1e-09
4541 1e-09
4542 1e-09
4543 1e-09
4544 1e-09
4545 1e-09
4546 1e-09
4547 1e-09
4548 1e-09
4549 1e-09
4550 1e-09
4551 1e-09
4552 1e-09
4553 1e-09
4554 1e-09
4555 1e-09
4556 1e-09
4557 1e-09
4558 1e-09
4559 1e-09
4560 1e-09
4561 1e-09
4562 1e-09
4563 1e-09
4564 1e-09
4565 1e-09
4566 1e-09
4567 1e-09
4568 1e-09
4569 1e-09
4570 1e-09
4571 1e-09
4572 1e-09
4573 1e-09
4574 1e-09
4575 1e-09
4576 1e-09
4577 1e-09
4578 1e-09
4579 1e-09
4580 1e-09
4581 1e-09
4582 1e-09
4583 1e-09
4584 1e-09
4585 1e-09
4586 1e-09
4587 1e-09
4588 1e-09
4589 1e-09
4590 1e-09
4591 1e-09
4592 1e-09
4593 1e-09
4594 1e-09
4595 1e-09
4596 1e-09
4597 1e-09
4598 1e-09
4599 1e-09
4600 1e-09
4601 1e-09
4602 1e-09
4603 1e-09
4604 1e-09
4605 1e-09
4606 1e-09
4607 1e-09
4608 1e-09
4609 1e-09
4610 1e-09
4611 1e-09
4612 1e-09
4613 1e-09
4614 1e-09
4615 1e-09
4616 1e-09
4617 1e-09
4618 1e-09
4619 1e-09
4620 1e-09
4621 1e-09
4622 1e-09
4623 1e-09
4624 1e-09
4625 1e-09
4626 1e-09
4627 1e-09
4628 1e-09
4629 1e-09
4630 1e-09
4631 1e-09
4632 1e-09
4633 1e-09
4634 1e-09
4635 1e-09
4636 1e-09
4637 1e-09
4638 1e-09
4639 1e-09
4640 1e-09
4641 1e-09
4642 1e-09
4643 1e-09
4644 1e-09
4645 1e-09
4646 1e-09
4647 1e-09
4648 1e-09
4649 1e-09
4650 1e-09
4651 1e-09
4652 1e-09
4653 1e-09
4654 1e-09
4655 1e-09
4656 1e-09
4657 1e-09
4658 1e-09
4659 1e-09
4660 1e-09
4661 1e-09
4662 1e-09
4663 1e-09
4664 1e-09
4665 1e-09
4666 1e-09
4667 1e-09
4668 1e-09
4669 1e-09
4670 1e-09
4671 1e-09
4672 1e-09
4673 1e-09
4674 1e-09
4675 1e-09
4676 1e-09
4677 1e-09
4678 1e-09
4679 1e-09
4680 1e-09
4681 1e-09
4682 1e-09
4683 1e-09
4684 1e-09
4685 1e-09
4686 1e-09
4687 1e-09
4688 1e-09
4689 1e-09
4690 1e-09
4691 1e-09
4692 1e-09
4693 1e-09
4694 1e-09
4695 1e-09
4696 1e-09
4697 1e-09
4698 1e-09
4699 1e-09
4700 1e-09
4701 1e-09
4702 1e-09
4703 1e-09
4704 1e-09
4705 1e-09
4706 1e-09
4707 1e-09
4708 1e-09
4709 1e-09
4710 1e-09
4711 1e-09
4712 1e-09
4713 1e-09
4714 1e-09
4715 1e-09
4716 1e-09
4717 1e-09
4718 1e-09
4719 1e-09
4720 1e-09
4721 1e-09
4722 1e-09
4723 1e-09
4724 1e-09
4725 1e-09
4726 1e-09
4727 1e-09
4728 1e-09
4729 1e-09
4730 1e-09
4731 1e-09
4732 1e-09
4733 1e-09
4734 1e-09
4735 1e-09
4736 1e-09
4737 1e-09
4738 1e-09
4739 1e-09
4740 1e-09
4741 1e-09
4742 1e-09
4743 1e-09
4744 1e-09
4745 1e-09
4746 1e-09
4747 1e-09
4748 1e-09
4749 1e-09
4750 1e-09
4751 1e-09
4752 1e-09
4753 1e-09
4754 1e-09
4755 1e-09
4756 1e-09
4757 1e-09
4758 1e-09
4759 1e-09
4760 1e-09
4761 1e-09
4762 1e-09
4763 1e-09
4764 1e-09
4765 1e-09
4766 1e-09
4767 1e-09
4768 1e-09
4769 1e-09
4770 1e-09
4771 1e-09
4772 1e-09
4773 1e-09
4774 1e-09
4775 1e-09
4776 1e-09
4777 1e-09
4778 1e-09
4779 1e-09
4780 1e-09
4781 1e-09
4782 1e-09
4783 1e-09
4784 1e-09
4785 1e-09
4786 1e-09
4787 1e-09
4788 1e-09
4789 1e-09
4790 1e-09
4791 1e-09
4792 1e-09
4793 1e-09
4794 1e-09
4795 1e-09
4796 1e-09
4797 1e-09
4798 1e-09
4799 1e-09
4800 1e-09
4801 1e-09
4802 1e-09
4803 1e-09
4804 1e-09
4805 1e-09
4806 1e-09
4807 1e-09
4808 1e-09
4809 1e-09
4810 1e-09
4811 1e-09
4812 1e-09
4813 1e-09
4814 1e-09
4815 1e-09
4816 1e-09
4817 1e-09
4818 1e-09
4819 1e-09
4820 1e-09
4821 1e-09
4822 1e-09
4823 1e-09
4824 1e-09
4825 1e-09
4826 1e-09
4827 1e-09
4828 1e-09
4829 1e-09
4830 1e-09
4831 1e-09
4832 1e-09
4833 1e-09
4834 1e-09
4835 1e-09
4836 1e-09
4837 1e-09
4838 1e-09
4839 1e-09
4840 1e-09
4841 1e-09
4842 1e-09
4843 1e-09
4844 1e-09
4845 1e-09
4846 1e-09
4847 1e-09
4848 1e-09
4849 1e-09
4850 1e-09
4851 1e-09
4852 1e-09
4853 1e-09
4854 1e-09
4855 1e-09
4856 1e-09
4857 1e-09
4858 1e-09
4859 1e-09
4860 1e-09
4861 1e-09
4862 1e-09
4863 1e-09
4864 1e-09
4865 1e-09
4866 1e-09
4867 1e-09
4868 1e-09
4869 1e-09
4870 1e-09
4871 1e-09
4872 1e-09
4873 1e-09
4874 1e-09
4875 1e-09
4876 1e-09
4877 1e-09
4878 1e-09
4879 1e-09
4880 1e-09
4881 1e-09
4882 1e-09
4883 1e-09
4884 1e-09
4885 1e-09
4886 1e-09
4887 1e-09
4888 1e-09
4889 1e-09
4890 1e-09
4891 1e-09
4892 1e-09
4893 1e-09
4894 1e-09
4895 1e-09
4896 1e-09
4897 1e-09
4898 1e-09
4899 1e-09
4900 1e-09
4901 1e-09
4902 1e-09
4903 1e-09
4904 1e-09
4905 1e-09
4906 1e-09
4907 1e-09
4908 1e-09
4909 1e-09
4910 1e-09
4911 1e-09
4912 1e-09
4913 1e-09
4914 1e-09
4915 1e-09
4916 1e-09
4917 1e-09
4918 1e-09
4919 1e-09
4920 1e-09
4921 1e-09
4922 1e-09
4923 1e-09
4924 1e-09
4925 1e-09
4926 1e-09
4927 1e-09
4928 1e-09
4929 1e-09
4930 1e-09
4931 1e-09
4932 1e-09
4933 1e-09
4934 1e-09
4935 1e-09
4936 1e-09
4937 1e-09
4938 1e-09
4939 1e-09
4940 1e-09
4941 1e-09
4942 1e-09
4943 1e-09
4944 1e-09
4945 1e-09
4946 1e-09
4947 1e-09
4948 1e-09
4949 1e-09
4950 1e-09
4951 1e-09
4952 1e-09
4953 1e-09
4954 1e-09
4955 1e-09
4956 1e-09
4957 1e-09
4958 1e-09
4959 1e-09
4960 1e-09
4961 1e-09
4962 1e-09
4963 1e-09
4964 1e-09
4965 1e-09
4966 1e-09
4967 1e-09
4968 1e-09
4969 1e-09
4970 1e-09
4971 1e-09
4972 1e-09
4973 1e-09
4974 1e-09
4975 1e-09
4976 1e-09
4977 1e-09
4978 1e-09
4979 1e-09
4980 1e-09
4981 1e-09
4982 1e-09
4983 1e-09
4984 1e-09
4985 1e-09
4986 1e-09
4987 1e-09
4988 1e-09
4989 1e-09
4990 1e-09
4991 1e-09
4992 1e-09
4993 1e-09
4994 1e-09
4995 1e-09
4996 1e-09
4997 1e-09
4998 1e-09
4999 1e-09
5000 1e-09
