"drag-rfile"
"Iteration" "drag"
("Iteration" "drag")
1 0.004016293
2 0.004022237
3 0.00402351
4 0.004021819
5 0.004018542
6 0.004015998
7 0.004014133
8 0.004012191
9 0.004010241
10 0.004008373
11 0.004006616
12 0.004004759
13 0.004002873
14 0.004000999
15 0.003999091
16 0.003997141
17 0.003995207
18 0.003993246
19 0.003991249
20 0.003989222
21 0.003987124
22 0.00398496
23 0.003982748
24 0.00398048
25 0.003978104
26 0.003975683
27 0.003973153
28 0.003970535
29 0.003967799
30 0.003964972
31 0.003962043
32 0.003959014
33 0.003955891
34 0.003952644
35 0.003949274
36 0.003945781
37 0.003942153
38 0.003938421
39 0.003934539
40 0.003930562
41 0.00392643
42 0.00392219
43 0.003917821
44 0.003913239
45 0.00390856
46 0.003903699
47 0.003898724
48 0.003893591
49 0.003888291
50 0.003882843
51 0.00387723
52 0.003871437
53 0.003865476
54 0.003859347
55 0.003853017
56 0.003846517
57 0.003839854
58 0.003833017
59 0.003825976
60 0.003818748
61 0.003811311
62 0.003803686
63 0.00379586
64 0.003787878
65 0.003779647
66 0.003771229
67 0.003762616
68 0.003753821
69 0.00374486
70 0.003735722
71 0.003726423
72 0.003716949
73 0.003707316
74 0.003697584
75 0.003687704
76 0.003677712
77 0.003667629
78 0.00365744
79 0.003647166
80 0.003636791
81 0.003626318
82 0.003615763
83 0.003605115
84 0.003594419
85 0.00358364
86 0.00357277
87 0.003561852
88 0.00355084
89 0.003539799
90 0.003528679
91 0.003517516
92 0.003506307
93 0.003495017
94 0.003483679
95 0.003472302
96 0.003460865
97 0.003449383
98 0.003437853
99 0.003426268
100 0.003414648
101 0.003402981
102 0.003391289
103 0.003379521
104 0.003367758
105 0.003355948
106 0.003344109
107 0.003332221
108 0.003320271
109 0.003308296
110 0.003296306
111 0.003284266
112 0.003272232
113 0.003260132
114 0.003248028
115 0.003235881
116 0.003223718
117 0.003211548
118 0.003199356
119 0.003187119
120 0.003174886
121 0.003162614
122 0.003150341
123 0.00313804
124 0.003125708
125 0.003113405
126 0.003101033
127 0.003088684
128 0.003076314
129 0.003063951
130 0.00305159
131 0.003039264
132 0.003026937
133 0.003014629
134 0.00300235
135 0.002990058
136 0.002977818
137 0.002965638
138 0.002953488
139 0.002941384
140 0.002929324
141 0.00291731
142 0.002905325
143 0.002893392
144 0.002881519
145 0.002869727
146 0.002857978
147 0.002846304
148 0.002834689
149 0.002823139
150 0.002811615
151 0.002800158
152 0.002788823
153 0.00277756
154 0.002766352
155 0.002755226
156 0.002744165
157 0.002733155
158 0.00272224
159 0.00271144
160 0.002700699
161 0.002690045
162 0.002679437
163 0.002668905
164 0.002658492
165 0.002648117
166 0.002637875
167 0.002627732
168 0.002617605
169 0.002607601
170 0.002597659
171 0.002587825
172 0.002578055
173 0.002568324
174 0.002558695
175 0.002549155
176 0.00253975
177 0.002530391
178 0.002521119
179 0.002511926
180 0.002502795
181 0.002493744
182 0.002484774
183 0.002475847
184 0.002467035
185 0.002458271
186 0.002449563
187 0.002440976
188 0.002432459
189 0.00242401
190 0.002415633
191 0.002407343
192 0.002399115
193 0.002390932
194 0.002382837
195 0.002374803
196 0.002366828
197 0.002358939
198 0.002351111
199 0.002343392
200 0.002335705
201 0.002328113
202 0.002320565
203 0.0023131
204 0.002305628
205 0.00229825
206 0.002290967
207 0.002283738
208 0.002276574
209 0.002269454
210 0.002262445
211 0.002255468
212 0.002248577
213 0.002241714
214 0.002234909
215 0.002228182
216 0.002221484
217 0.002214881
218 0.002208326
219 0.002201825
220 0.002195382
221 0.002188989
222 0.002182621
223 0.002176339
224 0.002170121
225 0.002163948
226 0.002157822
227 0.002151737
228 0.002145709
229 0.00213973
230 0.002133786
231 0.002127886
232 0.002122018
233 0.002116214
234 0.002110438
235 0.002104718
236 0.002099058
237 0.002093426
238 0.002087875
239 0.002082382
240 0.002076954
241 0.002071568
242 0.002066232
243 0.002060935
244 0.002055684
245 0.002050463
246 0.002045298
247 0.002040167
248 0.00203506
249 0.002029958
250 0.002024898
251 0.002019867
252 0.00201486
253 0.002009877
254 0.002004924
255 0.002000004
256 0.001995119
257 0.00199027
258 0.00198546
259 0.001980694
260 0.001975958
261 0.001971242
262 0.001966581
263 0.001961963
264 0.001957372
265 0.001952788
266 0.001948247
267 0.001943756
268 0.001939285
269 0.001934868
270 0.001930489
271 0.001926156
272 0.001921844
273 0.001917569
274 0.001913349
275 0.001909141
276 0.001904993
277 0.001900846
278 0.001896726
279 0.001892663
280 0.001888623
281 0.001884634
282 0.001880662
283 0.001876723
284 0.001872818
285 0.001868955
286 0.001865117
287 0.001861316
288 0.001857522
289 0.001853758
290 0.001850011
291 0.001846301
292 0.001842613
293 0.001838957
294 0.001835335
295 0.001831746
296 0.00182819
297 0.001824679
298 0.001821183
299 0.001817733
300 0.001814309
301 0.001810931
302 0.001807577
303 0.00180426
304 0.001800957
305 0.001797679
306 0.001794443
307 0.001791235
308 0.001788061
309 0.001784924
310 0.001781823
311 0.001778745
312 0.001775695
313 0.001772674
314 0.001769675
315 0.001766711
316 0.001763763
317 0.001760833
318 0.001757938
319 0.001755075
320 0.001752221
321 0.00174941
322 0.001746622
323 0.001743853
324 0.001741113
325 0.001738375
326 0.00173567
327 0.001732996
328 0.001730341
329 0.001727712
330 0.001725108
331 0.00172251
332 0.00171996
333 0.001717417
334 0.001714908
335 0.001712412
336 0.001709939
337 0.001707482
338 0.001705053
339 0.001702653
340 0.00170027
341 0.001697916
342 0.001695575
343 0.001693257
344 0.001690961
345 0.001688686
346 0.00168642
347 0.001684187
348 0.001681966
349 0.001679766
350 0.001677579
351 0.001675418
352 0.001673272
353 0.001671139
354 0.001669028
355 0.001666933
356 0.001664854
357 0.001662799
358 0.001660759
359 0.001658728
360 0.001656709
361 0.001654713
362 0.001652733
363 0.001650766
364 0.001648833
365 0.0016469
366 0.001644971
367 0.001643071
368 0.001641169
369 0.001639291
370 0.001637429
371 0.001635573
372 0.001633736
373 0.001631916
374 0.001630113
375 0.001628328
376 0.001626545
377 0.001624764
378 0.00162301
379 0.001621271
380 0.001619541
381 0.001617821
382 0.001616117
383 0.001614423
384 0.001612744
385 0.001611074
386 0.001609412
387 0.001607768
388 0.001606134
389 0.001604508
390 0.001602889
391 0.001601295
392 0.001599703
393 0.001598122
394 0.001596554
395 0.001594994
396 0.001593453
397 0.001591918
398 0.001590377
399 0.001588865
400 0.001587351
401 0.001585851
402 0.001584363
403 0.001582879
404 0.00158141
405 0.001579955
406 0.0015785
407 0.001577068
408 0.00157564
409 0.001574215
410 0.001572805
411 0.0015714
412 0.001570006
413 0.001568623
414 0.001567238
415 0.001565874
416 0.001564503
417 0.001563158
418 0.001561806
419 0.001560459
420 0.001559132
421 0.00155783
422 0.001556507
423 0.001555204
424 0.001553901
425 0.001552606
426 0.00155132
427 0.001550044
428 0.001548777
429 0.001547519
430 0.001546256
431 0.001545004
432 0.001543757
433 0.001542524
434 0.001541298
435 0.001540076
436 0.001538858
437 0.001537654
438 0.001536448
439 0.001535252
440 0.001534062
441 0.001532877
442 0.001531697
443 0.00153053
444 0.001529358
445 0.0015282
446 0.001527057
447 0.001525912
448 0.001524768
449 0.001523633
450 0.001522506
451 0.00152138
452 0.001520267
453 0.001519151
454 0.001518048
455 0.001516951
456 0.001515849
457 0.001514767
458 0.00151368
459 0.001512604
460 0.001511526
461 0.001510465
462 0.001509401
463 0.001508357
464 0.001507301
465 0.001506254
466 0.001505215
467 0.001504186
468 0.001503151
469 0.001502125
470 0.001501106
471 0.001500088
472 0.001499079
473 0.001498076
474 0.001497076
475 0.001496084
476 0.001495092
477 0.001494104
478 0.001493126
479 0.00149215
480 0.001491184
481 0.001490214
482 0.001489257
483 0.001488295
484 0.001487344
485 0.001486397
486 0.001485443
487 0.001484512
488 0.00148358
489 0.00148265
490 0.00148173
491 0.001480816
492 0.001479899
493 0.001478992
494 0.001478084
495 0.001477184
496 0.001476294
497 0.001475399
498 0.001474509
499 0.001473624
500 0.00147275
501 0.001471879
502 0.001471008
503 0.001470143
504 0.001469285
505 0.001468426
506 0.001467585
507 0.001466738
508 0.001465886
509 0.001465052
510 0.001464224
511 0.00146339
512 0.001462565
513 0.001461741
514 0.001460933
515 0.001460125
516 0.001459324
517 0.00145852
518 0.001457724
519 0.001456928
520 0.001456144
521 0.001455354
522 0.001454576
523 0.001453793
524 0.001453029
525 0.001452254
526 0.001451496
527 0.00145073
528 0.001449983
529 0.001449234
530 0.001448481
531 0.001447742
532 0.001446999
533 0.001446267
534 0.001445537
535 0.001444811
536 0.001444092
537 0.001443372
538 0.001442663
539 0.001441953
540 0.00144125
541 0.001440546
542 0.001439848
543 0.001439158
544 0.001438462
545 0.001437771
546 0.001437093
547 0.001436415
548 0.001435751
549 0.001435074
550 0.001434417
551 0.001433754
552 0.001433094
553 0.00143243
554 0.001431783
555 0.001431135
556 0.001430487
557 0.001429849
558 0.001429213
559 0.001428582
560 0.001427953
561 0.001427329
562 0.001426707
563 0.001426082
564 0.001425463
565 0.001424859
566 0.001424247
567 0.001423636
568 0.001423036
569 0.001422439
570 0.001421849
571 0.001421246
572 0.001420661
573 0.001420073
574 0.001419487
575 0.001418908
576 0.001418326
577 0.00141775
578 0.001417179
579 0.00141661
580 0.001416041
581 0.001415477
582 0.001414918
583 0.001414363
584 0.001413803
585 0.001413253
586 0.001412707
587 0.001412155
588 0.001411623
589 0.001411079
590 0.001410537
591 0.001410002
592 0.00140947
593 0.001408938
594 0.001408407
595 0.001407887
596 0.001407368
597 0.001406844
598 0.001406331
599 0.001405806
600 0.001405293
601 0.001404785
602 0.001404271
603 0.001403766
604 0.001403264
605 0.001402758
606 0.001402259
607 0.001401756
608 0.001401265
609 0.001400767
610 0.00140028
611 0.001399796
612 0.001399301
613 0.001398814
614 0.001398334
615 0.001397853
616 0.001397371
617 0.001396898
618 0.001396423
619 0.001395946
620 0.001395472
621 0.001395002
622 0.001394534
623 0.001394066
624 0.0013936
625 0.00139314
626 0.001392675
627 0.001392212
628 0.001391753
629 0.001391298
630 0.001390843
631 0.001390392
632 0.001389932
633 0.001389488
634 0.001389036
635 0.001388591
636 0.001388144
637 0.001387705
638 0.001387259
639 0.001386819
640 0.001386382
641 0.001385949
642 0.001385504
643 0.001385067
644 0.001384637
645 0.001384203
646 0.001383772
647 0.001383349
648 0.001382921
649 0.001382495
650 0.001382071
651 0.001381641
652 0.00138122
653 0.001380794
654 0.001380374
655 0.00137996
656 0.001379538
657 0.001379125
658 0.001378707
659 0.001378289
660 0.001377878
661 0.00137747
662 0.001377057
663 0.001376649
664 0.001376243
665 0.001375839
666 0.001375437
667 0.001375031
668 0.001374624
669 0.001374225
670 0.001373827
671 0.00137343
672 0.001373034
673 0.001372636
674 0.001372239
675 0.001371846
676 0.001371453
677 0.001371062
678 0.001370672
679 0.001370277
680 0.001369893
681 0.001369506
682 0.001369123
683 0.00136874
684 0.001368354
685 0.001367974
686 0.001367595
687 0.001367212
688 0.001366832
689 0.001366453
690 0.00136608
691 0.001365704
692 0.001365326
693 0.001364955
694 0.001364583
695 0.001364211
696 0.001363836
697 0.001363469
698 0.001363098
699 0.001362739
700 0.00136237
701 0.001362001
702 0.001361638
703 0.001361281
704 0.001360922
705 0.001360559
706 0.001360199
707 0.001359842
708 0.001359483
709 0.001359129
710 0.001358776
711 0.001358412
712 0.001358065
713 0.001357719
714 0.001357373
715 0.001357023
716 0.001356675
717 0.001356337
718 0.001355984
719 0.001355639
720 0.001355297
721 0.00135495
722 0.001354609
723 0.001354275
724 0.001353941
725 0.001353588
726 0.001353252
727 0.001352923
728 0.001352581
729 0.001352252
730 0.001351917
731 0.001351586
732 0.001351249
733 0.001350921
734 0.001350592
735 0.00135027
736 0.001349941
737 0.001349614
738 0.001349293
739 0.001348968
740 0.001348646
741 0.001348325
742 0.001348
743 0.001347682
744 0.001347362
745 0.001347042
746 0.001346731
747 0.00134641
748 0.001346097
749 0.001345784
750 0.001345473
751 0.001345155
752 0.001344851
753 0.001344543
754 0.00134424
755 0.001343932
756 0.001343624
757 0.001343321
758 0.001343015
759 0.001342709
760 0.001342401
761 0.001342103
762 0.001341808
763 0.001341513
764 0.001341212
765 0.001340915
766 0.001340626
767 0.001340332
768 0.00134004
769 0.001339749
770 0.001339462
771 0.001339169
772 0.001338882
773 0.001338589
774 0.001338304
775 0.001338018
776 0.001337729
777 0.001337451
778 0.001337165
779 0.001336886
780 0.001336601
781 0.001336322
782 0.00133604
783 0.001335765
784 0.001335486
785 0.00133521
786 0.001334939
787 0.001334662
788 0.001334392
789 0.001334122
790 0.001333848
791 0.001333575
792 0.001333308
793 0.001333042
794 0.001332782
795 0.001332513
796 0.001332249
797 0.001331988
798 0.001331722
799 0.001331463
800 0.001331204
801 0.001330946
802 0.001330685
803 0.001330428
804 0.001330174
805 0.001329921
806 0.001329659
807 0.001329404
808 0.001329154
809 0.001328904
810 0.001328656
811 0.001328405
812 0.001328156
813 0.001327904
814 0.001327655
815 0.001327413
816 0.001327163
817 0.001326919
818 0.001326676
819 0.00132643
820 0.001326195
821 0.001325959
822 0.001325714
823 0.001325477
824 0.001325232
825 0.001324999
826 0.001324762
827 0.001324525
828 0.001324298
829 0.001324059
830 0.001323828
831 0.001323593
832 0.001323363
833 0.001323132
834 0.001322908
835 0.001322681
836 0.001322451
837 0.001322223
838 0.001321999
839 0.001321778
840 0.00132155
841 0.001321329
842 0.001321102
843 0.001320879
844 0.00132066
845 0.00132044
846 0.001320222
847 0.001320002
848 0.001319785
849 0.001319567
850 0.001319351
851 0.001319138
852 0.001318927
853 0.001318713
854 0.001318505
855 0.001318291
856 0.001318079
857 0.00131787
858 0.001317655
859 0.001317448
860 0.001317239
861 0.001317035
862 0.001316827
863 0.001316624
864 0.001316417
865 0.001316209
866 0.001316008
867 0.001315807
868 0.001315607
869 0.001315404
870 0.001315208
871 0.00131501
872 0.001314811
873 0.001314612
874 0.001314419
875 0.001314222
876 0.001314024
877 0.001313831
878 0.001313635
879 0.00131344
880 0.001313246
881 0.001313054
882 0.00131287
883 0.001312674
884 0.00131248
885 0.001312291
886 0.001312105
887 0.001311922
888 0.001311732
889 0.001311552
890 0.001311361
891 0.00131117
892 0.001310987
893 0.001310804
894 0.001310623
895 0.001310439
896 0.001310251
897 0.001310076
898 0.001309898
899 0.001309719
900 0.001309538
901 0.001309359
902 0.001309185
903 0.001309
904 0.001308827
905 0.001308649
906 0.001308472
907 0.001308298
908 0.001308122
909 0.00130795
910 0.001307777
911 0.001307607
912 0.001307434
913 0.001307258
914 0.001307088
915 0.001306918
916 0.001306747
917 0.001306583
918 0.001306404
919 0.001306236
920 0.001306075
921 0.001305907
922 0.001305739
923 0.001305572
924 0.001305408
925 0.001305241
926 0.001305075
927 0.001304912
928 0.001304752
929 0.001304589
930 0.001304428
931 0.001304265
932 0.0013041
933 0.001303941
934 0.001303785
935 0.001303623
936 0.001303465
937 0.001303308
938 0.001303151
939 0.001302991
940 0.001302837
941 0.001302684
942 0.001302526
943 0.001302371
944 0.001302216
945 0.001302059
946 0.001301908
947 0.001301757
948 0.001301605
949 0.001301451
950 0.001301299
951 0.001301153
952 0.001300998
953 0.001300845
954 0.001300697
955 0.00130055
956 0.0013004
957 0.001300249
958 0.001300103
959 0.001299961
960 0.001299812
961 0.001299669
962 0.001299517
963 0.001299374
964 0.001299228
965 0.001299084
966 0.001298947
967 0.001298802
968 0.001298659
969 0.001298515
970 0.00129837
971 0.001298231
972 0.001298086
973 0.001297942
974 0.0012978
975 0.001297666
976 0.001297529
977 0.001297391
978 0.001297256
979 0.001297116
980 0.00129698
981 0.001296842
982 0.001296706
983 0.001296574
984 0.00129644
985 0.0012963
986 0.001296168
987 0.001296033
988 0.001295899
989 0.001295765
990 0.001295632
991 0.0012955
992 0.001295368
993 0.001295241
994 0.001295109
995 0.001294977
996 0.001294845
997 0.001294717
998 0.001294588
999 0.001294455
1000 0.001294331
1001 0.001294196
1002 0.001294067
1003 0.001293941
1004 0.001293811
1005 0.001293685
1006 0.001293561
1007 0.001293432
1008 0.001293307
1009 0.001293188
1010 0.001293067
1011 0.00129294
1012 0.001292812
1013 0.001292689
1014 0.001292565
1015 0.001292445
1016 0.001292321
1017 0.001292198
1018 0.001292078
1019 0.001291958
1020 0.001291836
1021 0.001291713
1022 0.001291594
1023 0.001291477
1024 0.001291357
1025 0.001291236
1026 0.001291119
1027 0.001291001
1028 0.001290883
1029 0.001290766
1030 0.001290655
1031 0.001290532
1032 0.001290417
1033 0.0012903
1034 0.001290184
1035 0.001290068
1036 0.001289952
1037 0.001289837
1038 0.001289721
1039 0.001289612
1040 0.001289495
1041 0.001289381
1042 0.001289266
1043 0.001289158
1044 0.001289045
1045 0.001288936
1046 0.00128882
1047 0.001288712
1048 0.001288602
1049 0.001288491
1050 0.001288379
1051 0.001288268
1052 0.001288156
1053 0.001288044
1054 0.001287937
1055 0.001287831
1056 0.001287724
1057 0.001287618
1058 0.001287508
1059 0.001287394
1060 0.001287291
1061 0.001287182
1062 0.001287077
1063 0.001286973
1064 0.001286867
1065 0.001286761
1066 0.001286651
1067 0.001286549
1068 0.001286441
1069 0.001286339
1070 0.001286232
1071 0.001286132
1072 0.001286028
1073 0.001285927
1074 0.001285821
1075 0.001285721
1076 0.001285619
1077 0.001285513
1078 0.001285408
1079 0.001285307
1080 0.001285206
1081 0.001285104
1082 0.001285008
1083 0.001284906
1084 0.001284806
1085 0.001284706
1086 0.001284605
1087 0.001284505
1088 0.001284409
1089 0.001284302
1090 0.001284203
1091 0.001284105
1092 0.001284009
1093 0.001283909
1094 0.001283811
1095 0.001283716
1096 0.001283617
1097 0.001283516
1098 0.001283421
1099 0.001283323
1100 0.001283228
1101 0.001283131
1102 0.001283036
1103 0.001282942
1104 0.001282846
1105 0.001282755
1106 0.00128266
1107 0.001282562
1108 0.001282467
1109 0.001282371
1110 0.001282276
1111 0.001282185
1112 0.001282091
1113 0.001281999
1114 0.001281908
1115 0.001281818
1116 0.001281727
1117 0.001281635
1118 0.00128154
1119 0.001281446
1120 0.001281352
1121 0.001281261
1122 0.001281167
1123 0.001281076
1124 0.001280985
1125 0.001280896
1126 0.001280808
1127 0.001280718
1128 0.001280629
1129 0.001280539
1130 0.00128045
1131 0.001280353
1132 0.001280264
1133 0.001280174
1134 0.001280085
1135 0.001279995
1136 0.00127991
1137 0.001279818
1138 0.001279729
1139 0.001279644
1140 0.001279558
1141 0.001279469
1142 0.001279379
1143 0.001279285
1144 0.001279206
1145 0.001279116
1146 0.00127903
1147 0.001278938
1148 0.001278854
1149 0.001278767
1150 0.001278683
1151 0.001278596
1152 0.001278509
1153 0.001278427
1154 0.001278339
1155 0.001278254
1156 0.001278175
1157 0.001278087
1158 0.001278004
1159 0.001277919
1160 0.001277838
1161 0.001277749
1162 0.001277664
1163 0.001277579
1164 0.001277494
1165 0.001277411
1166 0.001277326
1167 0.001277241
1168 0.00127716
1169 0.001277079
1170 0.001276998
1171 0.001276913
1172 0.00127683
1173 0.001276746
1174 0.001276662
1175 0.00127658
1176 0.001276494
1177 0.001276409
1178 0.001276329
1179 0.001276251
1180 0.001276167
1181 0.001276084
1182 0.001276003
1183 0.00127592
1184 0.001275843
1185 0.001275764
1186 0.001275685
1187 0.001275606
1188 0.001275525
1189 0.001275443
1190 0.001275362
1191 0.001275279
1192 0.0012752
1193 0.00127512
1194 0.001275042
1195 0.001274962
1196 0.001274884
1197 0.001274804
1198 0.001274725
1199 0.001274643
1200 0.001274566
1201 0.001274485
1202 0.001274405
1203 0.001274324
1204 0.001274245
1205 0.001274169
1206 0.001274091
1207 0.001274015
1208 0.001273936
1209 0.00127386
1210 0.00127378
1211 0.001273699
1212 0.001273624
1213 0.001273548
1214 0.001273465
1215 0.001273389
1216 0.001273315
1217 0.001273241
1218 0.001273161
1219 0.001273084
1220 0.001273011
1221 0.001272933
1222 0.001272858
1223 0.001272785
1224 0.001272708
1225 0.001272634
1226 0.00127256
1227 0.001272477
1228 0.001272401
1229 0.001272322
1230 0.001272248
1231 0.001272173
1232 0.001272096
1233 0.00127202
1234 0.001271946
1235 0.00127187
1236 0.001271795
1237 0.001271718
1238 0.001271638
1239 0.001271559
1240 0.00127149
1241 0.001271417
1242 0.001271344
1243 0.001271271
1244 0.001271197
1245 0.001271123
1246 0.001271047
1247 0.001270973
1248 0.001270899
1249 0.001270824
1250 0.00127075
1251 0.001270674
1252 0.001270601
1253 0.001270527
1254 0.001270454
1255 0.001270378
1256 0.0012703
1257 0.001270229
1258 0.001270158
1259 0.001270087
1260 0.001270015
1261 0.001269942
1262 0.001269869
1263 0.001269791
1264 0.001269716
1265 0.001269645
1266 0.001269575
1267 0.001269503
1268 0.001269429
1269 0.001269358
1270 0.001269284
1271 0.001269211
1272 0.001269141
1273 0.001269071
1274 0.001268998
1275 0.001268929
1276 0.001268854
1277 0.001268783
1278 0.001268705
1279 0.001268632
1280 0.001268562
1281 0.001268487
1282 0.001268416
1283 0.001268344
1284 0.001268272
1285 0.001268202
1286 0.001268133
1287 0.001268065
1288 0.001267998
1289 0.001267923
1290 0.001267855
1291 0.001267777
1292 0.001267706
1293 0.001267636
1294 0.001267568
1295 0.001267497
1296 0.001267425
1297 0.001267357
1298 0.001267284
1299 0.001267212
1300 0.001267143
1301 0.001267073
1302 0.001267001
1303 0.001266931
1304 0.001266859
1305 0.001266791
1306 0.001266722
1307 0.001266654
1308 0.001266585
1309 0.001266513
1310 0.001266442
1311 0.001266374
1312 0.001266305
1313 0.001266232
1314 0.001266158
1315 0.001266086
1316 0.001266016
1317 0.001265948
1318 0.001265881
1319 0.001265806
1320 0.001265741
1321 0.001265674
1322 0.001265607
1323 0.001265535
1324 0.001265464
1325 0.001265398
1326 0.001265328
1327 0.001265258
1328 0.001265186
1329 0.001265117
1330 0.00126505
1331 0.00126498
1332 0.001264913
1333 0.001264847
1334 0.001264777
1335 0.001264707
1336 0.001264638
1337 0.001264572
1338 0.001264502
1339 0.00126443
1340 0.001264362
1341 0.001264291
1342 0.001264221
1343 0.001264152
1344 0.001264084
1345 0.001264014
1346 0.001263947
1347 0.001263879
1348 0.001263812
1349 0.001263743
1350 0.001263674
1351 0.001263604
1352 0.001263536
1353 0.001263468
1354 0.001263399
1355 0.001263331
1356 0.001263265
1357 0.001263199
1358 0.001263129
1359 0.001263062
1360 0.001262993
1361 0.001262923
1362 0.001262862
1363 0.001262791
1364 0.001262723
1365 0.001262658
1366 0.00126259
1367 0.001262522
1368 0.001262453
1369 0.001262386
1370 0.001262318
1371 0.001262252
1372 0.001262188
1373 0.001262118
1374 0.00126205
1375 0.001261982
1376 0.00126191
1377 0.001261843
1378 0.001261778
1379 0.001261711
1380 0.001261641
1381 0.00126157
1382 0.001261505
1383 0.001261439
1384 0.001261374
1385 0.001261306
1386 0.00126124
1387 0.001261175
1388 0.001261109
1389 0.001261044
1390 0.001260977
1391 0.00126091
1392 0.001260844
1393 0.001260775
1394 0.001260708
1395 0.001260639
1396 0.001260574
1397 0.001260508
1398 0.001260442
1399 0.001260377
1400 0.00126031
1401 0.001260244
1402 0.00126018
1403 0.001260115
1404 0.001260046
1405 0.001259977
1406 0.001259907
1407 0.001259843
1408 0.00125977
1409 0.001259712
1410 0.001259647
1411 0.001259579
1412 0.001259515
1413 0.001259448
1414 0.001259379
1415 0.001259315
1416 0.001259249
1417 0.001259184
1418 0.001259117
1419 0.001259049
1420 0.001258982
1421 0.001258914
1422 0.001258848
1423 0.001258784
1424 0.001258719
1425 0.001258653
1426 0.001258585
1427 0.001258521
1428 0.001258459
1429 0.001258393
1430 0.001258323
1431 0.001258259
1432 0.001258196
1433 0.001258129
1434 0.001258062
1435 0.001257995
1436 0.001257929
1437 0.001257865
1438 0.001257802
1439 0.001257733
1440 0.001257671
1441 0.001257609
1442 0.001257545
1443 0.001257478
1444 0.001257416
1445 0.001257351
1446 0.001257286
1447 0.001257218
1448 0.001257152
1449 0.001257087
1450 0.00125702
1451 0.001256956
1452 0.001256892
1453 0.001256821
1454 0.001256757
1455 0.001256691
1456 0.001256625
1457 0.001256559
1458 0.001256495
1459 0.001256431
1460 0.00125637
1461 0.001256303
1462 0.001256236
1463 0.001256168
1464 0.001256104
1465 0.001256041
1466 0.001255974
1467 0.001255911
1468 0.001255848
1469 0.001255784
1470 0.001255718
1471 0.001255655
1472 0.001255587
1473 0.001255521
1474 0.00125546
1475 0.001255394
1476 0.001255326
1477 0.001255264
1478 0.0012552
1479 0.001255136
1480 0.00125507
1481 0.001255005
1482 0.001254938
1483 0.001254874
1484 0.001254811
1485 0.001254744
1486 0.001254683
1487 0.001254619
1488 0.001254555
1489 0.001254487
1490 0.001254423
1491 0.001254358
1492 0.001254293
1493 0.00125423
1494 0.001254165
1495 0.001254103
1496 0.00125404
1497 0.001253977
1498 0.001253911
1499 0.001253846
1500 0.001253783
1501 0.001253718
1502 0.001253655
1503 0.00125359
1504 0.00125353
1505 0.001253463
1506 0.001253398
1507 0.001253336
1508 0.00125327
1509 0.001253206
1510 0.001253142
1511 0.001253077
1512 0.001253015
1513 0.001252948
1514 0.001252883
1515 0.00125282
1516 0.001252759
1517 0.001252691
1518 0.001252625
1519 0.001252562
1520 0.001252497
1521 0.001252433
1522 0.001252368
1523 0.001252301
1524 0.001252237
1525 0.001252173
1526 0.001252111
1527 0.001252046
1528 0.001251978
1529 0.001251914
1530 0.001251848
1531 0.001251782
1532 0.001251719
1533 0.001251658
1534 0.001251596
1535 0.00125153
1536 0.001251468
1537 0.001251407
1538 0.001251344
1539 0.001251279
1540 0.00125121
1541 0.001251148
1542 0.001251086
1543 0.001251021
1544 0.001250955
1545 0.001250891
1546 0.001250827
1547 0.001250766
1548 0.001250702
1549 0.00125064
1550 0.001250578
1551 0.001250514
1552 0.001250447
1553 0.001250382
1554 0.001250321
1555 0.001250254
1556 0.001250192
1557 0.001250125
1558 0.001250062
1559 0.001249998
1560 0.001249933
1561 0.001249871
1562 0.001249804
1563 0.001249742
1564 0.001249682
1565 0.001249616
1566 0.001249556
1567 0.001249494
1568 0.001249429
1569 0.001249366
1570 0.001249302
1571 0.001249236
1572 0.001249174
1573 0.001249107
1574 0.001249042
1575 0.001248978
1576 0.001248918
1577 0.001248851
1578 0.00124879
1579 0.001248722
1580 0.001248655
1581 0.001248597
1582 0.001248531
1583 0.001248463
1584 0.001248403
1585 0.001248338
1586 0.001248273
1587 0.00124821
1588 0.001248144
1589 0.001248081
1590 0.001248021
1591 0.001247959
1592 0.001247893
1593 0.001247829
1594 0.001247768
1595 0.001247704
1596 0.001247642
1597 0.001247579
1598 0.001247515
1599 0.001247452
1600 0.001247389
1601 0.001247323
1602 0.001247263
1603 0.001247196
1604 0.001247134
1605 0.001247074
1606 0.00124701
1607 0.001246949
1608 0.001246884
1609 0.001246818
1610 0.001246753
1611 0.001246687
1612 0.001246625
1613 0.001246561
1614 0.001246499
1615 0.001246435
1616 0.001246369
1617 0.001246306
1618 0.001246242
1619 0.001246175
1620 0.001246111
1621 0.001246047
1622 0.001245984
1623 0.001245922
1624 0.001245859
1625 0.001245799
1626 0.001245739
1627 0.001245675
1628 0.00124561
1629 0.001245546
1630 0.001245481
1631 0.001245419
1632 0.001245353
1633 0.001245292
1634 0.001245231
1635 0.001245161
1636 0.001245098
1637 0.001245032
1638 0.001244975
1639 0.00124491
1640 0.001244845
1641 0.001244782
1642 0.00124472
1643 0.001244655
1644 0.001244596
1645 0.001244535
1646 0.001244474
1647 0.001244406
1648 0.001244344
1649 0.001244282
1650 0.001244219
1651 0.001244153
1652 0.001244088
1653 0.00124403
1654 0.001243967
1655 0.001243904
1656 0.00124384
1657 0.001243774
1658 0.001243711
1659 0.001243649
1660 0.001243588
1661 0.001243522
1662 0.001243462
1663 0.0012434
1664 0.001243336
1665 0.001243271
1666 0.001243207
1667 0.001243144
1668 0.001243078
1669 0.001243016
1670 0.00124295
1671 0.00124289
1672 0.001242827
1673 0.001242764
1674 0.001242701
1675 0.001242638
1676 0.001242579
1677 0.001242515
1678 0.00124245
1679 0.001242386
1680 0.001242324
1681 0.001242256
1682 0.001242194
1683 0.001242128
1684 0.001242066
1685 0.001242002
1686 0.001241942
1687 0.001241879
1688 0.001241816
1689 0.001241753
1690 0.00124169
1691 0.001241629
1692 0.001241564
1693 0.0012415
1694 0.001241434
1695 0.001241372
1696 0.001241304
1697 0.001241245
1698 0.001241182
1699 0.001241121
1700 0.001241056
1701 0.001240989
1702 0.001240925
1703 0.001240866
1704 0.001240801
1705 0.001240738
1706 0.001240676
1707 0.00124061
1708 0.00124055
1709 0.001240489
1710 0.001240426
1711 0.001240363
1712 0.0012403
1713 0.001240237
1714 0.001240173
1715 0.00124011
1716 0.001240047
1717 0.001239982
1718 0.001239918
1719 0.001239854
1720 0.001239795
1721 0.001239733
1722 0.001239672
1723 0.001239609
1724 0.001239546
1725 0.001239483
1726 0.001239419
1727 0.001239353
1728 0.001239291
1729 0.001239228
1730 0.001239165
1731 0.001239103
1732 0.001239038
1733 0.001238981
1734 0.001238915
1735 0.001238853
1736 0.001238789
1737 0.001238728
1738 0.001238663
1739 0.001238597
1740 0.001238538
1741 0.001238475
1742 0.001238414
1743 0.001238351
1744 0.001238285
1745 0.001238224
1746 0.001238163
1747 0.001238101
1748 0.00123804
1749 0.001237978
1750 0.001237915
1751 0.001237852
1752 0.00123779
1753 0.001237726
1754 0.001237662
1755 0.001237598
1756 0.001237536
1757 0.001237468
1758 0.001237405
1759 0.001237343
1760 0.001237283
1761 0.00123722
1762 0.001237157
1763 0.001237096
1764 0.001237035
1765 0.00123697
1766 0.001236908
1767 0.001236849
1768 0.001236785
1769 0.001236725
1770 0.001236661
1771 0.0012366
1772 0.00123654
1773 0.001236477
1774 0.001236415
1775 0.001236354
1776 0.001236291
1777 0.001236226
1778 0.001236163
1779 0.001236101
1780 0.001236038
1781 0.001235973
1782 0.001235908
1783 0.001235846
1784 0.001235785
1785 0.001235721
1786 0.001235662
1787 0.001235595
1788 0.00123553
1789 0.001235469
1790 0.001235406
1791 0.001235343
1792 0.001235281
1793 0.001235215
1794 0.001235154
1795 0.00123509
1796 0.001235028
1797 0.001234965
1798 0.001234904
1799 0.001234842
1800 0.001234778
1801 0.001234714
1802 0.001234655
1803 0.00123459
1804 0.00123453
1805 0.001234465
1806 0.001234402
1807 0.00123434
1808 0.001234277
1809 0.001234218
1810 0.001234154
1811 0.001234091
1812 0.001234027
1813 0.001233966
1814 0.001233905
1815 0.001233841
1816 0.001233777
1817 0.001233713
1818 0.001233649
1819 0.001233587
1820 0.001233523
1821 0.001233462
1822 0.001233394
1823 0.00123333
1824 0.001233266
1825 0.001233206
1826 0.001233144
1827 0.00123308
1828 0.001233022
1829 0.001232959
1830 0.001232898
1831 0.001232831
1832 0.001232767
1833 0.001232704
1834 0.001232642
1835 0.001232583
1836 0.00123252
1837 0.001232455
1838 0.00123239
1839 0.001232327
1840 0.001232269
1841 0.001232207
1842 0.001232146
1843 0.001232082
1844 0.001232016
1845 0.001231953
1846 0.001231887
1847 0.001231826
1848 0.001231761
1849 0.001231697
1850 0.001231635
1851 0.001231571
1852 0.001231509
1853 0.001231446
1854 0.001231388
1855 0.00123132
1856 0.001231259
1857 0.001231193
1858 0.001231132
1859 0.001231071
1860 0.00123101
1861 0.001230949
1862 0.001230881
1863 0.00123082
1864 0.001230758
1865 0.001230696
1866 0.001230635
1867 0.001230572
1868 0.001230506
1869 0.001230443
1870 0.001230379
1871 0.001230318
1872 0.001230253
1873 0.001230193
1874 0.00123013
1875 0.00123007
1876 0.001230008
1877 0.001229943
1878 0.001229877
1879 0.001229813
1880 0.001229752
1881 0.001229689
1882 0.001229626
1883 0.001229558
1884 0.001229497
1885 0.001229439
1886 0.001229376
1887 0.001229312
1888 0.001229251
1889 0.001229191
1890 0.001229125
1891 0.001229062
1892 0.001228996
1893 0.001228935
1894 0.001228873
1895 0.001228809
1896 0.001228742
1897 0.001228682
1898 0.001228618
1899 0.001228554
1900 0.001228492
1901 0.001228428
1902 0.001228363
1903 0.001228304
1904 0.00122824
1905 0.001228179
1906 0.001228112
1907 0.001228053
1908 0.001227988
1909 0.001227926
1910 0.001227866
1911 0.001227802
1912 0.001227741
1913 0.001227675
1914 0.001227611
1915 0.001227546
1916 0.001227484
1917 0.001227421
1918 0.00122736
1919 0.001227298
1920 0.001227234
1921 0.001227171
1922 0.00122711
1923 0.001227049
1924 0.001226982
1925 0.001226917
1926 0.001226853
1927 0.001226792
1928 0.001226728
1929 0.001226664
1930 0.001226603
1931 0.001226542
1932 0.001226476
1933 0.001226409
1934 0.001226345
1935 0.001226284
1936 0.001226221
1937 0.001226161
1938 0.001226099
1939 0.001226039
1940 0.001225974
1941 0.00122591
1942 0.001225848
1943 0.001225782
1944 0.00122572
1945 0.001225658
1946 0.001225594
1947 0.001225532
1948 0.001225468
1949 0.001225401
1950 0.001225339
1951 0.001225278
1952 0.001225212
1953 0.001225149
1954 0.001225085
1955 0.001225021
1956 0.00122496
1957 0.001224893
1958 0.001224829
1959 0.001224766
1960 0.001224704
1961 0.001224644
1962 0.00122458
1963 0.001224514
1964 0.001224454
1965 0.001224389
1966 0.00122433
1967 0.001224268
1968 0.001224205
1969 0.001224142
1970 0.001224079
1971 0.001224016
1972 0.001223954
1973 0.001223891
1974 0.001223826
1975 0.001223764
1976 0.001223696
1977 0.001223633
1978 0.001223568
1979 0.001223504
1980 0.001223441
1981 0.00122338
1982 0.001223318
1983 0.001223256
1984 0.001223199
1985 0.001223132
1986 0.001223067
1987 0.001223003
1988 0.001222942
1989 0.001222878
1990 0.001222815
1991 0.001222748
1992 0.00122269
1993 0.001222629
1994 0.001222564
1995 0.001222499
1996 0.001222437
1997 0.001222375
1998 0.001222313
1999 0.001222249
2000 0.001222185
